[2023-07-19T16:39:53.467+0000] {taskinstance.py:1103} INFO - Dependencies all met for dep_context=non-requeueable deps ti=<TaskInstance: tutorial.templated scheduled__2023-07-18T16:39:28.606173+00:00 [queued]>
[2023-07-19T16:39:53.504+0000] {taskinstance.py:1103} INFO - Dependencies all met for dep_context=requeueable deps ti=<TaskInstance: tutorial.templated scheduled__2023-07-18T16:39:28.606173+00:00 [queued]>
[2023-07-19T16:39:53.505+0000] {taskinstance.py:1308} INFO - Starting attempt 1 of 2
[2023-07-19T16:39:53.565+0000] {taskinstance.py:1327} INFO - Executing <Task(BashOperator): templated> on 2023-07-18 16:39:28.606173+00:00
[2023-07-19T16:39:53.575+0000] {standard_task_runner.py:57} INFO - Started process 180 to run task
[2023-07-19T16:39:53.643+0000] {standard_task_runner.py:84} INFO - Running: ['***', 'tasks', 'run', 'tutorial', 'templated', 'scheduled__2023-07-18T16:39:28.606173+00:00', '--job-id', '5', '--raw', '--subdir', '/home/***/.local/lib/python3.7/site-packages/***/example_dags/tutorial.py', '--cfg-path', '/tmp/tmpjvlsj16_']
[2023-07-19T16:39:53.734+0000] {standard_task_runner.py:85} INFO - Job 5: Subtask templated
[2023-07-19T16:39:54.045+0000] {task_command.py:410} INFO - Running <TaskInstance: tutorial.templated scheduled__2023-07-18T16:39:28.606173+00:00 [running]> on host f73ff6dc1599
[2023-07-19T16:39:54.305+0000] {taskinstance.py:1547} INFO - Exporting env vars: AIRFLOW_CTX_DAG_EMAIL='***@example.com' AIRFLOW_CTX_DAG_OWNER='***' AIRFLOW_CTX_DAG_ID='tutorial' AIRFLOW_CTX_TASK_ID='templated' AIRFLOW_CTX_EXECUTION_DATE='2023-07-18T16:39:28.606173+00:00' AIRFLOW_CTX_TRY_NUMBER='1' AIRFLOW_CTX_DAG_RUN_ID='scheduled__2023-07-18T16:39:28.606173+00:00'
[2023-07-19T16:39:54.322+0000] {subprocess.py:63} INFO - Tmp dir root location: /tmp
[2023-07-19T16:39:54.322+0000] {subprocess.py:75} INFO - Running command: ['/bin/bash', '-c', '\n\n    echo "2023-07-18"\n    echo "2023-07-25"\n\n    echo "2023-07-18"\n    echo "2023-07-25"\n\n    echo "2023-07-18"\n    echo "2023-07-25"\n\n    echo "2023-07-18"\n    echo "2023-07-25"\n\n    echo "2023-07-18"\n    echo "2023-07-25"\n']
[2023-07-19T16:39:54.423+0000] {subprocess.py:86} INFO - Output:
[2023-07-19T16:39:54.453+0000] {subprocess.py:93} INFO - 2023-07-18
[2023-07-19T16:39:54.454+0000] {subprocess.py:93} INFO - 2023-07-25
[2023-07-19T16:39:54.454+0000] {subprocess.py:93} INFO - 2023-07-18
[2023-07-19T16:39:54.454+0000] {subprocess.py:93} INFO - 2023-07-25
[2023-07-19T16:39:54.454+0000] {subprocess.py:93} INFO - 2023-07-18
[2023-07-19T16:39:54.454+0000] {subprocess.py:93} INFO - 2023-07-25
[2023-07-19T16:39:54.454+0000] {subprocess.py:93} INFO - 2023-07-18
[2023-07-19T16:39:54.454+0000] {subprocess.py:93} INFO - 2023-07-25
[2023-07-19T16:39:54.454+0000] {subprocess.py:93} INFO - 2023-07-18
[2023-07-19T16:39:54.454+0000] {subprocess.py:93} INFO - 2023-07-25
[2023-07-19T16:39:54.459+0000] {subprocess.py:97} INFO - Command exited with return code 0
[2023-07-19T16:39:54.631+0000] {taskinstance.py:1350} INFO - Marking task as SUCCESS. dag_id=tutorial, task_id=templated, execution_date=20230718T163928, start_date=20230719T163953, end_date=20230719T163954
[2023-07-19T16:39:54.823+0000] {local_task_job_runner.py:225} INFO - Task exited with return code 0
[2023-07-19T16:39:55.073+0000] {taskinstance.py:2653} INFO - 0 downstream tasks scheduled from follow-on schedule check
