[2023-07-19T16:40:05.381+0000] {taskinstance.py:1103} INFO - Dependencies all met for dep_context=non-requeueable deps ti=<TaskInstance: tutorial.templated manual__2023-07-19T16:39:44.444604+00:00 [queued]>
[2023-07-19T16:40:05.419+0000] {taskinstance.py:1103} INFO - Dependencies all met for dep_context=requeueable deps ti=<TaskInstance: tutorial.templated manual__2023-07-19T16:39:44.444604+00:00 [queued]>
[2023-07-19T16:40:05.419+0000] {taskinstance.py:1308} INFO - Starting attempt 1 of 2
[2023-07-19T16:40:05.551+0000] {taskinstance.py:1327} INFO - Executing <Task(BashOperator): templated> on 2023-07-19 16:39:44.444604+00:00
[2023-07-19T16:40:05.581+0000] {standard_task_runner.py:57} INFO - Started process 195 to run task
[2023-07-19T16:40:05.690+0000] {standard_task_runner.py:84} INFO - Running: ['***', 'tasks', 'run', 'tutorial', 'templated', 'manual__2023-07-19T16:39:44.444604+00:00', '--job-id', '7', '--raw', '--subdir', '/home/***/.local/lib/python3.7/site-packages/***/example_dags/tutorial.py', '--cfg-path', '/tmp/tmpndaa3hhl']
[2023-07-19T16:40:05.744+0000] {standard_task_runner.py:85} INFO - Job 7: Subtask templated
[2023-07-19T16:40:06.302+0000] {task_command.py:410} INFO - Running <TaskInstance: tutorial.templated manual__2023-07-19T16:39:44.444604+00:00 [running]> on host f73ff6dc1599
[2023-07-19T16:40:07.080+0000] {taskinstance.py:1547} INFO - Exporting env vars: AIRFLOW_CTX_DAG_EMAIL='***@example.com' AIRFLOW_CTX_DAG_OWNER='***' AIRFLOW_CTX_DAG_ID='tutorial' AIRFLOW_CTX_TASK_ID='templated' AIRFLOW_CTX_EXECUTION_DATE='2023-07-19T16:39:44.444604+00:00' AIRFLOW_CTX_TRY_NUMBER='1' AIRFLOW_CTX_DAG_RUN_ID='manual__2023-07-19T16:39:44.444604+00:00'
[2023-07-19T16:40:07.189+0000] {subprocess.py:63} INFO - Tmp dir root location: /tmp
[2023-07-19T16:40:07.197+0000] {subprocess.py:75} INFO - Running command: ['/bin/bash', '-c', '\n\n    echo "2023-07-19"\n    echo "2023-07-26"\n\n    echo "2023-07-19"\n    echo "2023-07-26"\n\n    echo "2023-07-19"\n    echo "2023-07-26"\n\n    echo "2023-07-19"\n    echo "2023-07-26"\n\n    echo "2023-07-19"\n    echo "2023-07-26"\n']
[2023-07-19T16:40:07.266+0000] {subprocess.py:86} INFO - Output:
[2023-07-19T16:40:07.362+0000] {subprocess.py:93} INFO - 2023-07-19
[2023-07-19T16:40:07.362+0000] {subprocess.py:93} INFO - 2023-07-26
[2023-07-19T16:40:07.362+0000] {subprocess.py:93} INFO - 2023-07-19
[2023-07-19T16:40:07.362+0000] {subprocess.py:93} INFO - 2023-07-26
[2023-07-19T16:40:07.362+0000] {subprocess.py:93} INFO - 2023-07-19
[2023-07-19T16:40:07.362+0000] {subprocess.py:93} INFO - 2023-07-26
[2023-07-19T16:40:07.362+0000] {subprocess.py:93} INFO - 2023-07-19
[2023-07-19T16:40:07.362+0000] {subprocess.py:93} INFO - 2023-07-26
[2023-07-19T16:40:07.362+0000] {subprocess.py:93} INFO - 2023-07-19
[2023-07-19T16:40:07.362+0000] {subprocess.py:93} INFO - 2023-07-26
[2023-07-19T16:40:07.363+0000] {subprocess.py:97} INFO - Command exited with return code 0
[2023-07-19T16:40:07.473+0000] {taskinstance.py:1350} INFO - Marking task as SUCCESS. dag_id=tutorial, task_id=templated, execution_date=20230719T163944, start_date=20230719T164005, end_date=20230719T164007
[2023-07-19T16:40:07.654+0000] {local_task_job_runner.py:225} INFO - Task exited with return code 0
[2023-07-19T16:40:08.067+0000] {taskinstance.py:2653} INFO - 0 downstream tasks scheduled from follow-on schedule check
