[2023-07-19T16:32:53.599+0000] {processor.py:157} INFO - Started process (PID=72) to work on /home/airflow/.local/lib/python3.7/site-packages/airflow/example_dags/example_branch_operator.py
[2023-07-19T16:32:53.600+0000] {processor.py:826} INFO - Processing file /home/airflow/.local/lib/python3.7/site-packages/airflow/example_dags/example_branch_operator.py for tasks to queue
[2023-07-19T16:32:53.600+0000] {logging_mixin.py:150} INFO - [2023-07-19T16:32:53.600+0000] {dagbag.py:541} INFO - Filling up the DagBag from /home/airflow/.local/lib/python3.7/site-packages/airflow/example_dags/example_branch_operator.py
[2023-07-19T16:32:53.621+0000] {processor.py:836} INFO - DAG(s) dict_keys(['example_branch_operator']) retrieved from /home/airflow/.local/lib/python3.7/site-packages/airflow/example_dags/example_branch_operator.py
[2023-07-19T16:32:53.652+0000] {logging_mixin.py:150} INFO - [2023-07-19T16:32:53.652+0000] {dag.py:2742} INFO - Sync 1 DAGs
[2023-07-19T16:32:53.931+0000] {logging_mixin.py:150} INFO - [2023-07-19T16:32:53.931+0000] {dag.py:3508} INFO - Setting next_dagrun for example_branch_operator to 2023-07-18T00:00:00+00:00, run_after=2023-07-19T00:00:00+00:00
[2023-07-19T16:32:53.986+0000] {processor.py:179} INFO - Processing /home/airflow/.local/lib/python3.7/site-packages/airflow/example_dags/example_branch_operator.py took 0.398 seconds
[2023-07-19T16:33:24.483+0000] {processor.py:157} INFO - Started process (PID=126) to work on /home/airflow/.local/lib/python3.7/site-packages/airflow/example_dags/example_branch_operator.py
[2023-07-19T16:33:24.483+0000] {processor.py:826} INFO - Processing file /home/airflow/.local/lib/python3.7/site-packages/airflow/example_dags/example_branch_operator.py for tasks to queue
[2023-07-19T16:33:24.483+0000] {logging_mixin.py:150} INFO - [2023-07-19T16:33:24.483+0000] {dagbag.py:541} INFO - Filling up the DagBag from /home/airflow/.local/lib/python3.7/site-packages/airflow/example_dags/example_branch_operator.py
[2023-07-19T16:33:24.488+0000] {processor.py:836} INFO - DAG(s) dict_keys(['example_branch_operator']) retrieved from /home/airflow/.local/lib/python3.7/site-packages/airflow/example_dags/example_branch_operator.py
[2023-07-19T16:33:24.502+0000] {logging_mixin.py:150} INFO - [2023-07-19T16:33:24.502+0000] {dag.py:2742} INFO - Sync 1 DAGs
[2023-07-19T16:33:24.518+0000] {logging_mixin.py:150} INFO - [2023-07-19T16:33:24.517+0000] {dag.py:3508} INFO - Setting next_dagrun for example_branch_operator to 2023-07-18T00:00:00+00:00, run_after=2023-07-19T00:00:00+00:00
[2023-07-19T16:33:24.525+0000] {processor.py:179} INFO - Processing /home/airflow/.local/lib/python3.7/site-packages/airflow/example_dags/example_branch_operator.py took 0.044 seconds
[2023-07-19T16:33:54.940+0000] {processor.py:157} INFO - Started process (PID=182) to work on /home/airflow/.local/lib/python3.7/site-packages/airflow/example_dags/example_branch_operator.py
[2023-07-19T16:33:54.940+0000] {processor.py:826} INFO - Processing file /home/airflow/.local/lib/python3.7/site-packages/airflow/example_dags/example_branch_operator.py for tasks to queue
[2023-07-19T16:33:54.941+0000] {logging_mixin.py:150} INFO - [2023-07-19T16:33:54.940+0000] {dagbag.py:541} INFO - Filling up the DagBag from /home/airflow/.local/lib/python3.7/site-packages/airflow/example_dags/example_branch_operator.py
[2023-07-19T16:33:54.946+0000] {processor.py:836} INFO - DAG(s) dict_keys(['example_branch_operator']) retrieved from /home/airflow/.local/lib/python3.7/site-packages/airflow/example_dags/example_branch_operator.py
[2023-07-19T16:33:54.967+0000] {logging_mixin.py:150} INFO - [2023-07-19T16:33:54.967+0000] {dag.py:2742} INFO - Sync 1 DAGs
[2023-07-19T16:33:54.986+0000] {logging_mixin.py:150} INFO - [2023-07-19T16:33:54.986+0000] {dag.py:3508} INFO - Setting next_dagrun for example_branch_operator to 2023-07-18T00:00:00+00:00, run_after=2023-07-19T00:00:00+00:00
[2023-07-19T16:33:54.994+0000] {processor.py:179} INFO - Processing /home/airflow/.local/lib/python3.7/site-packages/airflow/example_dags/example_branch_operator.py took 0.056 seconds
[2023-07-19T16:34:25.797+0000] {processor.py:157} INFO - Started process (PID=236) to work on /home/airflow/.local/lib/python3.7/site-packages/airflow/example_dags/example_branch_operator.py
[2023-07-19T16:34:25.798+0000] {processor.py:826} INFO - Processing file /home/airflow/.local/lib/python3.7/site-packages/airflow/example_dags/example_branch_operator.py for tasks to queue
[2023-07-19T16:34:25.798+0000] {logging_mixin.py:150} INFO - [2023-07-19T16:34:25.798+0000] {dagbag.py:541} INFO - Filling up the DagBag from /home/airflow/.local/lib/python3.7/site-packages/airflow/example_dags/example_branch_operator.py
[2023-07-19T16:34:25.807+0000] {processor.py:836} INFO - DAG(s) dict_keys(['example_branch_operator']) retrieved from /home/airflow/.local/lib/python3.7/site-packages/airflow/example_dags/example_branch_operator.py
[2023-07-19T16:34:25.831+0000] {logging_mixin.py:150} INFO - [2023-07-19T16:34:25.831+0000] {dag.py:2742} INFO - Sync 1 DAGs
[2023-07-19T16:34:25.849+0000] {logging_mixin.py:150} INFO - [2023-07-19T16:34:25.849+0000] {dag.py:3508} INFO - Setting next_dagrun for example_branch_operator to 2023-07-18T00:00:00+00:00, run_after=2023-07-19T00:00:00+00:00
[2023-07-19T16:34:25.861+0000] {processor.py:179} INFO - Processing /home/airflow/.local/lib/python3.7/site-packages/airflow/example_dags/example_branch_operator.py took 0.066 seconds
[2023-07-19T16:34:56.820+0000] {processor.py:157} INFO - Started process (PID=291) to work on /home/airflow/.local/lib/python3.7/site-packages/airflow/example_dags/example_branch_operator.py
[2023-07-19T16:34:56.821+0000] {processor.py:826} INFO - Processing file /home/airflow/.local/lib/python3.7/site-packages/airflow/example_dags/example_branch_operator.py for tasks to queue
[2023-07-19T16:34:56.821+0000] {logging_mixin.py:150} INFO - [2023-07-19T16:34:56.821+0000] {dagbag.py:541} INFO - Filling up the DagBag from /home/airflow/.local/lib/python3.7/site-packages/airflow/example_dags/example_branch_operator.py
[2023-07-19T16:34:56.826+0000] {processor.py:836} INFO - DAG(s) dict_keys(['example_branch_operator']) retrieved from /home/airflow/.local/lib/python3.7/site-packages/airflow/example_dags/example_branch_operator.py
[2023-07-19T16:34:56.843+0000] {logging_mixin.py:150} INFO - [2023-07-19T16:34:56.843+0000] {dag.py:2742} INFO - Sync 1 DAGs
[2023-07-19T16:34:56.861+0000] {logging_mixin.py:150} INFO - [2023-07-19T16:34:56.861+0000] {dag.py:3508} INFO - Setting next_dagrun for example_branch_operator to 2023-07-18T00:00:00+00:00, run_after=2023-07-19T00:00:00+00:00
[2023-07-19T16:34:56.871+0000] {processor.py:179} INFO - Processing /home/airflow/.local/lib/python3.7/site-packages/airflow/example_dags/example_branch_operator.py took 0.054 seconds
[2023-07-19T16:35:27.971+0000] {processor.py:157} INFO - Started process (PID=346) to work on /home/airflow/.local/lib/python3.7/site-packages/airflow/example_dags/example_branch_operator.py
[2023-07-19T16:35:27.972+0000] {processor.py:826} INFO - Processing file /home/airflow/.local/lib/python3.7/site-packages/airflow/example_dags/example_branch_operator.py for tasks to queue
[2023-07-19T16:35:27.973+0000] {logging_mixin.py:150} INFO - [2023-07-19T16:35:27.973+0000] {dagbag.py:541} INFO - Filling up the DagBag from /home/airflow/.local/lib/python3.7/site-packages/airflow/example_dags/example_branch_operator.py
[2023-07-19T16:35:27.986+0000] {processor.py:836} INFO - DAG(s) dict_keys(['example_branch_operator']) retrieved from /home/airflow/.local/lib/python3.7/site-packages/airflow/example_dags/example_branch_operator.py
[2023-07-19T16:35:28.017+0000] {logging_mixin.py:150} INFO - [2023-07-19T16:35:28.017+0000] {dag.py:2742} INFO - Sync 1 DAGs
[2023-07-19T16:35:28.048+0000] {logging_mixin.py:150} INFO - [2023-07-19T16:35:28.048+0000] {dag.py:3508} INFO - Setting next_dagrun for example_branch_operator to 2023-07-18T00:00:00+00:00, run_after=2023-07-19T00:00:00+00:00
[2023-07-19T16:35:28.093+0000] {processor.py:179} INFO - Processing /home/airflow/.local/lib/python3.7/site-packages/airflow/example_dags/example_branch_operator.py took 0.124 seconds
[2023-07-19T16:35:58.390+0000] {processor.py:157} INFO - Started process (PID=402) to work on /home/airflow/.local/lib/python3.7/site-packages/airflow/example_dags/example_branch_operator.py
[2023-07-19T16:35:58.391+0000] {processor.py:826} INFO - Processing file /home/airflow/.local/lib/python3.7/site-packages/airflow/example_dags/example_branch_operator.py for tasks to queue
[2023-07-19T16:35:58.391+0000] {logging_mixin.py:150} INFO - [2023-07-19T16:35:58.391+0000] {dagbag.py:541} INFO - Filling up the DagBag from /home/airflow/.local/lib/python3.7/site-packages/airflow/example_dags/example_branch_operator.py
[2023-07-19T16:35:58.396+0000] {processor.py:836} INFO - DAG(s) dict_keys(['example_branch_operator']) retrieved from /home/airflow/.local/lib/python3.7/site-packages/airflow/example_dags/example_branch_operator.py
[2023-07-19T16:35:58.424+0000] {logging_mixin.py:150} INFO - [2023-07-19T16:35:58.424+0000] {dag.py:2742} INFO - Sync 1 DAGs
[2023-07-19T16:35:58.460+0000] {logging_mixin.py:150} INFO - [2023-07-19T16:35:58.460+0000] {dag.py:3508} INFO - Setting next_dagrun for example_branch_operator to 2023-07-18T00:00:00+00:00, run_after=2023-07-19T00:00:00+00:00
[2023-07-19T16:35:58.470+0000] {processor.py:179} INFO - Processing /home/airflow/.local/lib/python3.7/site-packages/airflow/example_dags/example_branch_operator.py took 0.087 seconds
[2023-07-19T16:36:29.016+0000] {processor.py:157} INFO - Started process (PID=458) to work on /home/airflow/.local/lib/python3.7/site-packages/airflow/example_dags/example_branch_operator.py
[2023-07-19T16:36:29.017+0000] {processor.py:826} INFO - Processing file /home/airflow/.local/lib/python3.7/site-packages/airflow/example_dags/example_branch_operator.py for tasks to queue
[2023-07-19T16:36:29.017+0000] {logging_mixin.py:150} INFO - [2023-07-19T16:36:29.017+0000] {dagbag.py:541} INFO - Filling up the DagBag from /home/airflow/.local/lib/python3.7/site-packages/airflow/example_dags/example_branch_operator.py
[2023-07-19T16:36:29.022+0000] {processor.py:836} INFO - DAG(s) dict_keys(['example_branch_operator']) retrieved from /home/airflow/.local/lib/python3.7/site-packages/airflow/example_dags/example_branch_operator.py
[2023-07-19T16:36:29.037+0000] {logging_mixin.py:150} INFO - [2023-07-19T16:36:29.037+0000] {dag.py:2742} INFO - Sync 1 DAGs
[2023-07-19T16:36:29.051+0000] {logging_mixin.py:150} INFO - [2023-07-19T16:36:29.051+0000] {dag.py:3508} INFO - Setting next_dagrun for example_branch_operator to 2023-07-18T00:00:00+00:00, run_after=2023-07-19T00:00:00+00:00
[2023-07-19T16:36:29.058+0000] {processor.py:179} INFO - Processing /home/airflow/.local/lib/python3.7/site-packages/airflow/example_dags/example_branch_operator.py took 0.043 seconds
[2023-07-19T16:36:59.474+0000] {processor.py:157} INFO - Started process (PID=513) to work on /home/airflow/.local/lib/python3.7/site-packages/airflow/example_dags/example_branch_operator.py
[2023-07-19T16:36:59.481+0000] {processor.py:826} INFO - Processing file /home/airflow/.local/lib/python3.7/site-packages/airflow/example_dags/example_branch_operator.py for tasks to queue
[2023-07-19T16:36:59.482+0000] {logging_mixin.py:150} INFO - [2023-07-19T16:36:59.481+0000] {dagbag.py:541} INFO - Filling up the DagBag from /home/airflow/.local/lib/python3.7/site-packages/airflow/example_dags/example_branch_operator.py
[2023-07-19T16:36:59.522+0000] {processor.py:836} INFO - DAG(s) dict_keys(['example_branch_operator']) retrieved from /home/airflow/.local/lib/python3.7/site-packages/airflow/example_dags/example_branch_operator.py
[2023-07-19T16:36:59.605+0000] {logging_mixin.py:150} INFO - [2023-07-19T16:36:59.605+0000] {dag.py:2742} INFO - Sync 1 DAGs
[2023-07-19T16:36:59.658+0000] {logging_mixin.py:150} INFO - [2023-07-19T16:36:59.658+0000] {dag.py:3508} INFO - Setting next_dagrun for example_branch_operator to 2023-07-18T00:00:00+00:00, run_after=2023-07-19T00:00:00+00:00
[2023-07-19T16:36:59.689+0000] {processor.py:179} INFO - Processing /home/airflow/.local/lib/python3.7/site-packages/airflow/example_dags/example_branch_operator.py took 0.238 seconds
[2023-07-19T16:37:30.146+0000] {processor.py:157} INFO - Started process (PID=568) to work on /home/airflow/.local/lib/python3.7/site-packages/airflow/example_dags/example_branch_operator.py
[2023-07-19T16:37:30.146+0000] {processor.py:826} INFO - Processing file /home/airflow/.local/lib/python3.7/site-packages/airflow/example_dags/example_branch_operator.py for tasks to queue
[2023-07-19T16:37:30.147+0000] {logging_mixin.py:150} INFO - [2023-07-19T16:37:30.146+0000] {dagbag.py:541} INFO - Filling up the DagBag from /home/airflow/.local/lib/python3.7/site-packages/airflow/example_dags/example_branch_operator.py
[2023-07-19T16:37:30.171+0000] {processor.py:836} INFO - DAG(s) dict_keys(['example_branch_operator']) retrieved from /home/airflow/.local/lib/python3.7/site-packages/airflow/example_dags/example_branch_operator.py
[2023-07-19T16:37:30.207+0000] {logging_mixin.py:150} INFO - [2023-07-19T16:37:30.207+0000] {dag.py:2742} INFO - Sync 1 DAGs
[2023-07-19T16:37:30.225+0000] {logging_mixin.py:150} INFO - [2023-07-19T16:37:30.225+0000] {dag.py:3508} INFO - Setting next_dagrun for example_branch_operator to 2023-07-18T00:00:00+00:00, run_after=2023-07-19T00:00:00+00:00
[2023-07-19T16:37:30.247+0000] {processor.py:179} INFO - Processing /home/airflow/.local/lib/python3.7/site-packages/airflow/example_dags/example_branch_operator.py took 0.103 seconds
[2023-07-19T16:38:01.651+0000] {processor.py:157} INFO - Started process (PID=623) to work on /home/airflow/.local/lib/python3.7/site-packages/airflow/example_dags/example_branch_operator.py
[2023-07-19T16:38:01.652+0000] {processor.py:826} INFO - Processing file /home/airflow/.local/lib/python3.7/site-packages/airflow/example_dags/example_branch_operator.py for tasks to queue
[2023-07-19T16:38:01.653+0000] {logging_mixin.py:150} INFO - [2023-07-19T16:38:01.653+0000] {dagbag.py:541} INFO - Filling up the DagBag from /home/airflow/.local/lib/python3.7/site-packages/airflow/example_dags/example_branch_operator.py
[2023-07-19T16:38:01.671+0000] {processor.py:836} INFO - DAG(s) dict_keys(['example_branch_operator']) retrieved from /home/airflow/.local/lib/python3.7/site-packages/airflow/example_dags/example_branch_operator.py
[2023-07-19T16:38:01.782+0000] {logging_mixin.py:150} INFO - [2023-07-19T16:38:01.782+0000] {dag.py:2742} INFO - Sync 1 DAGs
[2023-07-19T16:38:01.814+0000] {logging_mixin.py:150} INFO - [2023-07-19T16:38:01.814+0000] {dag.py:3508} INFO - Setting next_dagrun for example_branch_operator to 2023-07-18T00:00:00+00:00, run_after=2023-07-19T00:00:00+00:00
[2023-07-19T16:38:01.828+0000] {processor.py:179} INFO - Processing /home/airflow/.local/lib/python3.7/site-packages/airflow/example_dags/example_branch_operator.py took 0.179 seconds
[2023-07-19T16:38:34.622+0000] {processor.py:157} INFO - Started process (PID=678) to work on /home/airflow/.local/lib/python3.7/site-packages/airflow/example_dags/example_branch_operator.py
[2023-07-19T16:38:34.622+0000] {processor.py:826} INFO - Processing file /home/airflow/.local/lib/python3.7/site-packages/airflow/example_dags/example_branch_operator.py for tasks to queue
[2023-07-19T16:38:34.623+0000] {logging_mixin.py:150} INFO - [2023-07-19T16:38:34.622+0000] {dagbag.py:541} INFO - Filling up the DagBag from /home/airflow/.local/lib/python3.7/site-packages/airflow/example_dags/example_branch_operator.py
[2023-07-19T16:38:34.649+0000] {processor.py:836} INFO - DAG(s) dict_keys(['example_branch_operator']) retrieved from /home/airflow/.local/lib/python3.7/site-packages/airflow/example_dags/example_branch_operator.py
[2023-07-19T16:38:34.750+0000] {logging_mixin.py:150} INFO - [2023-07-19T16:38:34.750+0000] {dag.py:2742} INFO - Sync 1 DAGs
[2023-07-19T16:38:34.913+0000] {logging_mixin.py:150} INFO - [2023-07-19T16:38:34.910+0000] {dag.py:3508} INFO - Setting next_dagrun for example_branch_operator to 2023-07-18T00:00:00+00:00, run_after=2023-07-19T00:00:00+00:00
[2023-07-19T16:38:34.966+0000] {processor.py:179} INFO - Processing /home/airflow/.local/lib/python3.7/site-packages/airflow/example_dags/example_branch_operator.py took 0.362 seconds
[2023-07-19T16:39:05.023+0000] {processor.py:157} INFO - Started process (PID=732) to work on /home/airflow/.local/lib/python3.7/site-packages/airflow/example_dags/example_branch_operator.py
[2023-07-19T16:39:05.023+0000] {processor.py:826} INFO - Processing file /home/airflow/.local/lib/python3.7/site-packages/airflow/example_dags/example_branch_operator.py for tasks to queue
[2023-07-19T16:39:05.023+0000] {logging_mixin.py:150} INFO - [2023-07-19T16:39:05.023+0000] {dagbag.py:541} INFO - Filling up the DagBag from /home/airflow/.local/lib/python3.7/site-packages/airflow/example_dags/example_branch_operator.py
[2023-07-19T16:39:05.028+0000] {processor.py:836} INFO - DAG(s) dict_keys(['example_branch_operator']) retrieved from /home/airflow/.local/lib/python3.7/site-packages/airflow/example_dags/example_branch_operator.py
[2023-07-19T16:39:05.065+0000] {logging_mixin.py:150} INFO - [2023-07-19T16:39:05.065+0000] {dag.py:2742} INFO - Sync 1 DAGs
[2023-07-19T16:39:05.089+0000] {logging_mixin.py:150} INFO - [2023-07-19T16:39:05.089+0000] {dag.py:3508} INFO - Setting next_dagrun for example_branch_operator to 2023-07-18T00:00:00+00:00, run_after=2023-07-19T00:00:00+00:00
[2023-07-19T16:39:05.160+0000] {processor.py:179} INFO - Processing /home/airflow/.local/lib/python3.7/site-packages/airflow/example_dags/example_branch_operator.py took 0.139 seconds
[2023-07-19T16:39:35.387+0000] {processor.py:157} INFO - Started process (PID=787) to work on /home/airflow/.local/lib/python3.7/site-packages/airflow/example_dags/example_branch_operator.py
[2023-07-19T16:39:35.387+0000] {processor.py:826} INFO - Processing file /home/airflow/.local/lib/python3.7/site-packages/airflow/example_dags/example_branch_operator.py for tasks to queue
[2023-07-19T16:39:35.388+0000] {logging_mixin.py:150} INFO - [2023-07-19T16:39:35.388+0000] {dagbag.py:541} INFO - Filling up the DagBag from /home/airflow/.local/lib/python3.7/site-packages/airflow/example_dags/example_branch_operator.py
[2023-07-19T16:39:35.392+0000] {processor.py:836} INFO - DAG(s) dict_keys(['example_branch_operator']) retrieved from /home/airflow/.local/lib/python3.7/site-packages/airflow/example_dags/example_branch_operator.py
[2023-07-19T16:39:35.407+0000] {logging_mixin.py:150} INFO - [2023-07-19T16:39:35.407+0000] {dag.py:2742} INFO - Sync 1 DAGs
[2023-07-19T16:39:35.420+0000] {logging_mixin.py:150} INFO - [2023-07-19T16:39:35.420+0000] {dag.py:3508} INFO - Setting next_dagrun for example_branch_operator to 2023-07-18T00:00:00+00:00, run_after=2023-07-19T00:00:00+00:00
[2023-07-19T16:39:35.428+0000] {processor.py:179} INFO - Processing /home/airflow/.local/lib/python3.7/site-packages/airflow/example_dags/example_branch_operator.py took 0.042 seconds
[2023-07-19T16:40:14.822+0000] {processor.py:157} INFO - Started process (PID=850) to work on /home/airflow/.local/lib/python3.7/site-packages/airflow/example_dags/example_branch_operator.py
[2023-07-19T16:40:14.823+0000] {processor.py:826} INFO - Processing file /home/airflow/.local/lib/python3.7/site-packages/airflow/example_dags/example_branch_operator.py for tasks to queue
[2023-07-19T16:40:14.823+0000] {logging_mixin.py:150} INFO - [2023-07-19T16:40:14.823+0000] {dagbag.py:541} INFO - Filling up the DagBag from /home/airflow/.local/lib/python3.7/site-packages/airflow/example_dags/example_branch_operator.py
[2023-07-19T16:40:14.831+0000] {processor.py:836} INFO - DAG(s) dict_keys(['example_branch_operator']) retrieved from /home/airflow/.local/lib/python3.7/site-packages/airflow/example_dags/example_branch_operator.py
[2023-07-19T16:40:14.849+0000] {logging_mixin.py:150} INFO - [2023-07-19T16:40:14.848+0000] {dag.py:2742} INFO - Sync 1 DAGs
[2023-07-19T16:40:14.926+0000] {logging_mixin.py:150} INFO - [2023-07-19T16:40:14.926+0000] {dag.py:3508} INFO - Setting next_dagrun for example_branch_operator to 2023-07-18T00:00:00+00:00, run_after=2023-07-19T00:00:00+00:00
[2023-07-19T16:40:14.990+0000] {processor.py:179} INFO - Processing /home/airflow/.local/lib/python3.7/site-packages/airflow/example_dags/example_branch_operator.py took 0.170 seconds
[2023-07-19T16:40:45.262+0000] {processor.py:157} INFO - Started process (PID=904) to work on /home/airflow/.local/lib/python3.7/site-packages/airflow/example_dags/example_branch_operator.py
[2023-07-19T16:40:45.262+0000] {processor.py:826} INFO - Processing file /home/airflow/.local/lib/python3.7/site-packages/airflow/example_dags/example_branch_operator.py for tasks to queue
[2023-07-19T16:40:45.262+0000] {logging_mixin.py:150} INFO - [2023-07-19T16:40:45.262+0000] {dagbag.py:541} INFO - Filling up the DagBag from /home/airflow/.local/lib/python3.7/site-packages/airflow/example_dags/example_branch_operator.py
[2023-07-19T16:40:45.275+0000] {processor.py:836} INFO - DAG(s) dict_keys(['example_branch_operator']) retrieved from /home/airflow/.local/lib/python3.7/site-packages/airflow/example_dags/example_branch_operator.py
[2023-07-19T16:40:45.297+0000] {logging_mixin.py:150} INFO - [2023-07-19T16:40:45.297+0000] {dag.py:2742} INFO - Sync 1 DAGs
[2023-07-19T16:40:45.312+0000] {logging_mixin.py:150} INFO - [2023-07-19T16:40:45.312+0000] {dag.py:3508} INFO - Setting next_dagrun for example_branch_operator to 2023-07-18T00:00:00+00:00, run_after=2023-07-19T00:00:00+00:00
[2023-07-19T16:40:45.320+0000] {processor.py:179} INFO - Processing /home/airflow/.local/lib/python3.7/site-packages/airflow/example_dags/example_branch_operator.py took 0.060 seconds
[2023-07-19T16:41:15.365+0000] {processor.py:157} INFO - Started process (PID=958) to work on /home/airflow/.local/lib/python3.7/site-packages/airflow/example_dags/example_branch_operator.py
[2023-07-19T16:41:15.366+0000] {processor.py:826} INFO - Processing file /home/airflow/.local/lib/python3.7/site-packages/airflow/example_dags/example_branch_operator.py for tasks to queue
[2023-07-19T16:41:15.366+0000] {logging_mixin.py:150} INFO - [2023-07-19T16:41:15.366+0000] {dagbag.py:541} INFO - Filling up the DagBag from /home/airflow/.local/lib/python3.7/site-packages/airflow/example_dags/example_branch_operator.py
[2023-07-19T16:41:15.375+0000] {processor.py:836} INFO - DAG(s) dict_keys(['example_branch_operator']) retrieved from /home/airflow/.local/lib/python3.7/site-packages/airflow/example_dags/example_branch_operator.py
[2023-07-19T16:41:15.391+0000] {logging_mixin.py:150} INFO - [2023-07-19T16:41:15.391+0000] {dag.py:2742} INFO - Sync 1 DAGs
[2023-07-19T16:41:15.403+0000] {logging_mixin.py:150} INFO - [2023-07-19T16:41:15.403+0000] {dag.py:3508} INFO - Setting next_dagrun for example_branch_operator to 2023-07-18T00:00:00+00:00, run_after=2023-07-19T00:00:00+00:00
[2023-07-19T16:41:15.411+0000] {processor.py:179} INFO - Processing /home/airflow/.local/lib/python3.7/site-packages/airflow/example_dags/example_branch_operator.py took 0.048 seconds
[2023-07-19T16:41:45.949+0000] {processor.py:157} INFO - Started process (PID=1013) to work on /home/airflow/.local/lib/python3.7/site-packages/airflow/example_dags/example_branch_operator.py
[2023-07-19T16:41:45.949+0000] {processor.py:826} INFO - Processing file /home/airflow/.local/lib/python3.7/site-packages/airflow/example_dags/example_branch_operator.py for tasks to queue
[2023-07-19T16:41:45.950+0000] {logging_mixin.py:150} INFO - [2023-07-19T16:41:45.950+0000] {dagbag.py:541} INFO - Filling up the DagBag from /home/airflow/.local/lib/python3.7/site-packages/airflow/example_dags/example_branch_operator.py
[2023-07-19T16:41:45.955+0000] {processor.py:836} INFO - DAG(s) dict_keys(['example_branch_operator']) retrieved from /home/airflow/.local/lib/python3.7/site-packages/airflow/example_dags/example_branch_operator.py
[2023-07-19T16:41:45.976+0000] {logging_mixin.py:150} INFO - [2023-07-19T16:41:45.975+0000] {dag.py:2742} INFO - Sync 1 DAGs
[2023-07-19T16:41:45.996+0000] {logging_mixin.py:150} INFO - [2023-07-19T16:41:45.996+0000] {dag.py:3508} INFO - Setting next_dagrun for example_branch_operator to 2023-07-18T00:00:00+00:00, run_after=2023-07-19T00:00:00+00:00
[2023-07-19T16:41:46.004+0000] {processor.py:179} INFO - Processing /home/airflow/.local/lib/python3.7/site-packages/airflow/example_dags/example_branch_operator.py took 0.057 seconds
[2023-07-19T16:42:16.105+0000] {processor.py:157} INFO - Started process (PID=1067) to work on /home/airflow/.local/lib/python3.7/site-packages/airflow/example_dags/example_branch_operator.py
[2023-07-19T16:42:16.106+0000] {processor.py:826} INFO - Processing file /home/airflow/.local/lib/python3.7/site-packages/airflow/example_dags/example_branch_operator.py for tasks to queue
[2023-07-19T16:42:16.107+0000] {logging_mixin.py:150} INFO - [2023-07-19T16:42:16.106+0000] {dagbag.py:541} INFO - Filling up the DagBag from /home/airflow/.local/lib/python3.7/site-packages/airflow/example_dags/example_branch_operator.py
[2023-07-19T16:42:16.112+0000] {processor.py:836} INFO - DAG(s) dict_keys(['example_branch_operator']) retrieved from /home/airflow/.local/lib/python3.7/site-packages/airflow/example_dags/example_branch_operator.py
[2023-07-19T16:42:16.131+0000] {logging_mixin.py:150} INFO - [2023-07-19T16:42:16.130+0000] {dag.py:2742} INFO - Sync 1 DAGs
[2023-07-19T16:42:16.150+0000] {logging_mixin.py:150} INFO - [2023-07-19T16:42:16.150+0000] {dag.py:3508} INFO - Setting next_dagrun for example_branch_operator to 2023-07-18T00:00:00+00:00, run_after=2023-07-19T00:00:00+00:00
[2023-07-19T16:42:16.163+0000] {processor.py:179} INFO - Processing /home/airflow/.local/lib/python3.7/site-packages/airflow/example_dags/example_branch_operator.py took 0.061 seconds
[2023-07-19T16:42:46.527+0000] {processor.py:157} INFO - Started process (PID=1122) to work on /home/airflow/.local/lib/python3.7/site-packages/airflow/example_dags/example_branch_operator.py
[2023-07-19T16:42:46.529+0000] {processor.py:826} INFO - Processing file /home/airflow/.local/lib/python3.7/site-packages/airflow/example_dags/example_branch_operator.py for tasks to queue
[2023-07-19T16:42:46.529+0000] {logging_mixin.py:150} INFO - [2023-07-19T16:42:46.529+0000] {dagbag.py:541} INFO - Filling up the DagBag from /home/airflow/.local/lib/python3.7/site-packages/airflow/example_dags/example_branch_operator.py
[2023-07-19T16:42:46.534+0000] {processor.py:836} INFO - DAG(s) dict_keys(['example_branch_operator']) retrieved from /home/airflow/.local/lib/python3.7/site-packages/airflow/example_dags/example_branch_operator.py
[2023-07-19T16:42:46.548+0000] {logging_mixin.py:150} INFO - [2023-07-19T16:42:46.548+0000] {dag.py:2742} INFO - Sync 1 DAGs
[2023-07-19T16:42:46.561+0000] {logging_mixin.py:150} INFO - [2023-07-19T16:42:46.561+0000] {dag.py:3508} INFO - Setting next_dagrun for example_branch_operator to 2023-07-18T00:00:00+00:00, run_after=2023-07-19T00:00:00+00:00
[2023-07-19T16:42:46.569+0000] {processor.py:179} INFO - Processing /home/airflow/.local/lib/python3.7/site-packages/airflow/example_dags/example_branch_operator.py took 0.043 seconds
[2023-07-19T16:43:17.386+0000] {processor.py:157} INFO - Started process (PID=1178) to work on /home/airflow/.local/lib/python3.7/site-packages/airflow/example_dags/example_branch_operator.py
[2023-07-19T16:43:17.386+0000] {processor.py:826} INFO - Processing file /home/airflow/.local/lib/python3.7/site-packages/airflow/example_dags/example_branch_operator.py for tasks to queue
[2023-07-19T16:43:17.387+0000] {logging_mixin.py:150} INFO - [2023-07-19T16:43:17.387+0000] {dagbag.py:541} INFO - Filling up the DagBag from /home/airflow/.local/lib/python3.7/site-packages/airflow/example_dags/example_branch_operator.py
[2023-07-19T16:43:17.396+0000] {processor.py:836} INFO - DAG(s) dict_keys(['example_branch_operator']) retrieved from /home/airflow/.local/lib/python3.7/site-packages/airflow/example_dags/example_branch_operator.py
[2023-07-19T16:43:17.429+0000] {logging_mixin.py:150} INFO - [2023-07-19T16:43:17.429+0000] {dag.py:2742} INFO - Sync 1 DAGs
[2023-07-19T16:43:17.465+0000] {logging_mixin.py:150} INFO - [2023-07-19T16:43:17.465+0000] {dag.py:3508} INFO - Setting next_dagrun for example_branch_operator to 2023-07-18T00:00:00+00:00, run_after=2023-07-19T00:00:00+00:00
[2023-07-19T16:43:17.480+0000] {processor.py:179} INFO - Processing /home/airflow/.local/lib/python3.7/site-packages/airflow/example_dags/example_branch_operator.py took 0.097 seconds
[2023-07-19T16:43:48.096+0000] {processor.py:157} INFO - Started process (PID=1233) to work on /home/airflow/.local/lib/python3.7/site-packages/airflow/example_dags/example_branch_operator.py
[2023-07-19T16:43:48.097+0000] {processor.py:826} INFO - Processing file /home/airflow/.local/lib/python3.7/site-packages/airflow/example_dags/example_branch_operator.py for tasks to queue
[2023-07-19T16:43:48.097+0000] {logging_mixin.py:150} INFO - [2023-07-19T16:43:48.097+0000] {dagbag.py:541} INFO - Filling up the DagBag from /home/airflow/.local/lib/python3.7/site-packages/airflow/example_dags/example_branch_operator.py
[2023-07-19T16:43:48.103+0000] {processor.py:836} INFO - DAG(s) dict_keys(['example_branch_operator']) retrieved from /home/airflow/.local/lib/python3.7/site-packages/airflow/example_dags/example_branch_operator.py
[2023-07-19T16:43:48.119+0000] {logging_mixin.py:150} INFO - [2023-07-19T16:43:48.119+0000] {dag.py:2742} INFO - Sync 1 DAGs
[2023-07-19T16:43:48.134+0000] {logging_mixin.py:150} INFO - [2023-07-19T16:43:48.134+0000] {dag.py:3508} INFO - Setting next_dagrun for example_branch_operator to 2023-07-18T00:00:00+00:00, run_after=2023-07-19T00:00:00+00:00
[2023-07-19T16:43:48.142+0000] {processor.py:179} INFO - Processing /home/airflow/.local/lib/python3.7/site-packages/airflow/example_dags/example_branch_operator.py took 0.048 seconds
[2023-07-19T16:44:18.956+0000] {processor.py:157} INFO - Started process (PID=1288) to work on /home/airflow/.local/lib/python3.7/site-packages/airflow/example_dags/example_branch_operator.py
[2023-07-19T16:44:18.958+0000] {processor.py:826} INFO - Processing file /home/airflow/.local/lib/python3.7/site-packages/airflow/example_dags/example_branch_operator.py for tasks to queue
[2023-07-19T16:44:18.969+0000] {logging_mixin.py:150} INFO - [2023-07-19T16:44:18.969+0000] {dagbag.py:541} INFO - Filling up the DagBag from /home/airflow/.local/lib/python3.7/site-packages/airflow/example_dags/example_branch_operator.py
[2023-07-19T16:44:18.975+0000] {processor.py:836} INFO - DAG(s) dict_keys(['example_branch_operator']) retrieved from /home/airflow/.local/lib/python3.7/site-packages/airflow/example_dags/example_branch_operator.py
[2023-07-19T16:44:19.021+0000] {logging_mixin.py:150} INFO - [2023-07-19T16:44:19.021+0000] {dag.py:2742} INFO - Sync 1 DAGs
[2023-07-19T16:44:19.048+0000] {logging_mixin.py:150} INFO - [2023-07-19T16:44:19.048+0000] {dag.py:3508} INFO - Setting next_dagrun for example_branch_operator to 2023-07-18T00:00:00+00:00, run_after=2023-07-19T00:00:00+00:00
[2023-07-19T16:44:19.066+0000] {processor.py:179} INFO - Processing /home/airflow/.local/lib/python3.7/site-packages/airflow/example_dags/example_branch_operator.py took 0.112 seconds
[2023-07-19T16:44:49.619+0000] {processor.py:157} INFO - Started process (PID=1343) to work on /home/airflow/.local/lib/python3.7/site-packages/airflow/example_dags/example_branch_operator.py
[2023-07-19T16:44:49.619+0000] {processor.py:826} INFO - Processing file /home/airflow/.local/lib/python3.7/site-packages/airflow/example_dags/example_branch_operator.py for tasks to queue
[2023-07-19T16:44:49.619+0000] {logging_mixin.py:150} INFO - [2023-07-19T16:44:49.619+0000] {dagbag.py:541} INFO - Filling up the DagBag from /home/airflow/.local/lib/python3.7/site-packages/airflow/example_dags/example_branch_operator.py
[2023-07-19T16:44:49.624+0000] {processor.py:836} INFO - DAG(s) dict_keys(['example_branch_operator']) retrieved from /home/airflow/.local/lib/python3.7/site-packages/airflow/example_dags/example_branch_operator.py
[2023-07-19T16:44:49.638+0000] {logging_mixin.py:150} INFO - [2023-07-19T16:44:49.638+0000] {dag.py:2742} INFO - Sync 1 DAGs
[2023-07-19T16:44:49.654+0000] {logging_mixin.py:150} INFO - [2023-07-19T16:44:49.654+0000] {dag.py:3508} INFO - Setting next_dagrun for example_branch_operator to 2023-07-18T00:00:00+00:00, run_after=2023-07-19T00:00:00+00:00
[2023-07-19T16:44:49.662+0000] {processor.py:179} INFO - Processing /home/airflow/.local/lib/python3.7/site-packages/airflow/example_dags/example_branch_operator.py took 0.045 seconds
[2023-07-19T16:45:19.766+0000] {processor.py:157} INFO - Started process (PID=1398) to work on /home/airflow/.local/lib/python3.7/site-packages/airflow/example_dags/example_branch_operator.py
[2023-07-19T16:45:19.766+0000] {processor.py:826} INFO - Processing file /home/airflow/.local/lib/python3.7/site-packages/airflow/example_dags/example_branch_operator.py for tasks to queue
[2023-07-19T16:45:19.767+0000] {logging_mixin.py:150} INFO - [2023-07-19T16:45:19.766+0000] {dagbag.py:541} INFO - Filling up the DagBag from /home/airflow/.local/lib/python3.7/site-packages/airflow/example_dags/example_branch_operator.py
[2023-07-19T16:45:19.772+0000] {processor.py:836} INFO - DAG(s) dict_keys(['example_branch_operator']) retrieved from /home/airflow/.local/lib/python3.7/site-packages/airflow/example_dags/example_branch_operator.py
[2023-07-19T16:45:19.787+0000] {logging_mixin.py:150} INFO - [2023-07-19T16:45:19.787+0000] {dag.py:2742} INFO - Sync 1 DAGs
[2023-07-19T16:45:19.800+0000] {logging_mixin.py:150} INFO - [2023-07-19T16:45:19.800+0000] {dag.py:3508} INFO - Setting next_dagrun for example_branch_operator to 2023-07-18T00:00:00+00:00, run_after=2023-07-19T00:00:00+00:00
[2023-07-19T16:45:19.808+0000] {processor.py:179} INFO - Processing /home/airflow/.local/lib/python3.7/site-packages/airflow/example_dags/example_branch_operator.py took 0.044 seconds
[2023-07-19T16:45:50.375+0000] {processor.py:157} INFO - Started process (PID=1453) to work on /home/airflow/.local/lib/python3.7/site-packages/airflow/example_dags/example_branch_operator.py
[2023-07-19T16:45:50.376+0000] {processor.py:826} INFO - Processing file /home/airflow/.local/lib/python3.7/site-packages/airflow/example_dags/example_branch_operator.py for tasks to queue
[2023-07-19T16:45:50.376+0000] {logging_mixin.py:150} INFO - [2023-07-19T16:45:50.376+0000] {dagbag.py:541} INFO - Filling up the DagBag from /home/airflow/.local/lib/python3.7/site-packages/airflow/example_dags/example_branch_operator.py
[2023-07-19T16:45:50.381+0000] {processor.py:836} INFO - DAG(s) dict_keys(['example_branch_operator']) retrieved from /home/airflow/.local/lib/python3.7/site-packages/airflow/example_dags/example_branch_operator.py
[2023-07-19T16:45:50.405+0000] {logging_mixin.py:150} INFO - [2023-07-19T16:45:50.405+0000] {dag.py:2742} INFO - Sync 1 DAGs
[2023-07-19T16:45:50.424+0000] {logging_mixin.py:150} INFO - [2023-07-19T16:45:50.424+0000] {dag.py:3508} INFO - Setting next_dagrun for example_branch_operator to 2023-07-18T00:00:00+00:00, run_after=2023-07-19T00:00:00+00:00
[2023-07-19T16:45:50.434+0000] {processor.py:179} INFO - Processing /home/airflow/.local/lib/python3.7/site-packages/airflow/example_dags/example_branch_operator.py took 0.061 seconds
[2023-07-19T16:46:21.228+0000] {processor.py:157} INFO - Started process (PID=1508) to work on /home/airflow/.local/lib/python3.7/site-packages/airflow/example_dags/example_branch_operator.py
[2023-07-19T16:46:21.241+0000] {processor.py:826} INFO - Processing file /home/airflow/.local/lib/python3.7/site-packages/airflow/example_dags/example_branch_operator.py for tasks to queue
[2023-07-19T16:46:21.242+0000] {logging_mixin.py:150} INFO - [2023-07-19T16:46:21.241+0000] {dagbag.py:541} INFO - Filling up the DagBag from /home/airflow/.local/lib/python3.7/site-packages/airflow/example_dags/example_branch_operator.py
[2023-07-19T16:46:21.247+0000] {processor.py:836} INFO - DAG(s) dict_keys(['example_branch_operator']) retrieved from /home/airflow/.local/lib/python3.7/site-packages/airflow/example_dags/example_branch_operator.py
[2023-07-19T16:46:21.312+0000] {logging_mixin.py:150} INFO - [2023-07-19T16:46:21.311+0000] {dag.py:2742} INFO - Sync 1 DAGs
[2023-07-19T16:46:21.331+0000] {logging_mixin.py:150} INFO - [2023-07-19T16:46:21.330+0000] {dag.py:3508} INFO - Setting next_dagrun for example_branch_operator to 2023-07-18T00:00:00+00:00, run_after=2023-07-19T00:00:00+00:00
[2023-07-19T16:46:21.357+0000] {processor.py:179} INFO - Processing /home/airflow/.local/lib/python3.7/site-packages/airflow/example_dags/example_branch_operator.py took 0.137 seconds
[2023-07-19T16:46:51.643+0000] {processor.py:157} INFO - Started process (PID=1563) to work on /home/airflow/.local/lib/python3.7/site-packages/airflow/example_dags/example_branch_operator.py
[2023-07-19T16:46:51.645+0000] {processor.py:826} INFO - Processing file /home/airflow/.local/lib/python3.7/site-packages/airflow/example_dags/example_branch_operator.py for tasks to queue
[2023-07-19T16:46:51.646+0000] {logging_mixin.py:150} INFO - [2023-07-19T16:46:51.646+0000] {dagbag.py:541} INFO - Filling up the DagBag from /home/airflow/.local/lib/python3.7/site-packages/airflow/example_dags/example_branch_operator.py
[2023-07-19T16:46:51.651+0000] {processor.py:836} INFO - DAG(s) dict_keys(['example_branch_operator']) retrieved from /home/airflow/.local/lib/python3.7/site-packages/airflow/example_dags/example_branch_operator.py
[2023-07-19T16:46:51.669+0000] {logging_mixin.py:150} INFO - [2023-07-19T16:46:51.669+0000] {dag.py:2742} INFO - Sync 1 DAGs
[2023-07-19T16:46:51.686+0000] {logging_mixin.py:150} INFO - [2023-07-19T16:46:51.686+0000] {dag.py:3508} INFO - Setting next_dagrun for example_branch_operator to 2023-07-18T00:00:00+00:00, run_after=2023-07-19T00:00:00+00:00
[2023-07-19T16:46:51.693+0000] {processor.py:179} INFO - Processing /home/airflow/.local/lib/python3.7/site-packages/airflow/example_dags/example_branch_operator.py took 0.052 seconds
[2023-07-19T16:47:22.212+0000] {processor.py:157} INFO - Started process (PID=1617) to work on /home/airflow/.local/lib/python3.7/site-packages/airflow/example_dags/example_branch_operator.py
[2023-07-19T16:47:22.212+0000] {processor.py:826} INFO - Processing file /home/airflow/.local/lib/python3.7/site-packages/airflow/example_dags/example_branch_operator.py for tasks to queue
[2023-07-19T16:47:22.212+0000] {logging_mixin.py:150} INFO - [2023-07-19T16:47:22.212+0000] {dagbag.py:541} INFO - Filling up the DagBag from /home/airflow/.local/lib/python3.7/site-packages/airflow/example_dags/example_branch_operator.py
[2023-07-19T16:47:22.217+0000] {processor.py:836} INFO - DAG(s) dict_keys(['example_branch_operator']) retrieved from /home/airflow/.local/lib/python3.7/site-packages/airflow/example_dags/example_branch_operator.py
[2023-07-19T16:47:22.232+0000] {logging_mixin.py:150} INFO - [2023-07-19T16:47:22.232+0000] {dag.py:2742} INFO - Sync 1 DAGs
[2023-07-19T16:47:22.244+0000] {logging_mixin.py:150} INFO - [2023-07-19T16:47:22.244+0000] {dag.py:3508} INFO - Setting next_dagrun for example_branch_operator to 2023-07-18T00:00:00+00:00, run_after=2023-07-19T00:00:00+00:00
[2023-07-19T16:47:22.252+0000] {processor.py:179} INFO - Processing /home/airflow/.local/lib/python3.7/site-packages/airflow/example_dags/example_branch_operator.py took 0.042 seconds
[2023-07-19T16:47:54.280+0000] {processor.py:157} INFO - Started process (PID=1672) to work on /home/airflow/.local/lib/python3.7/site-packages/airflow/example_dags/example_branch_operator.py
[2023-07-19T16:47:54.282+0000] {processor.py:826} INFO - Processing file /home/airflow/.local/lib/python3.7/site-packages/airflow/example_dags/example_branch_operator.py for tasks to queue
[2023-07-19T16:47:54.283+0000] {logging_mixin.py:150} INFO - [2023-07-19T16:47:54.282+0000] {dagbag.py:541} INFO - Filling up the DagBag from /home/airflow/.local/lib/python3.7/site-packages/airflow/example_dags/example_branch_operator.py
[2023-07-19T16:47:54.292+0000] {processor.py:836} INFO - DAG(s) dict_keys(['example_branch_operator']) retrieved from /home/airflow/.local/lib/python3.7/site-packages/airflow/example_dags/example_branch_operator.py
[2023-07-19T16:47:54.322+0000] {logging_mixin.py:150} INFO - [2023-07-19T16:47:54.321+0000] {dag.py:2742} INFO - Sync 1 DAGs
[2023-07-19T16:47:54.338+0000] {logging_mixin.py:150} INFO - [2023-07-19T16:47:54.338+0000] {dag.py:3508} INFO - Setting next_dagrun for example_branch_operator to 2023-07-18T00:00:00+00:00, run_after=2023-07-19T00:00:00+00:00
[2023-07-19T16:47:54.347+0000] {processor.py:179} INFO - Processing /home/airflow/.local/lib/python3.7/site-packages/airflow/example_dags/example_branch_operator.py took 0.070 seconds
[2023-07-19T16:48:24.752+0000] {processor.py:157} INFO - Started process (PID=1727) to work on /home/airflow/.local/lib/python3.7/site-packages/airflow/example_dags/example_branch_operator.py
[2023-07-19T16:48:24.753+0000] {processor.py:826} INFO - Processing file /home/airflow/.local/lib/python3.7/site-packages/airflow/example_dags/example_branch_operator.py for tasks to queue
[2023-07-19T16:48:24.753+0000] {logging_mixin.py:150} INFO - [2023-07-19T16:48:24.753+0000] {dagbag.py:541} INFO - Filling up the DagBag from /home/airflow/.local/lib/python3.7/site-packages/airflow/example_dags/example_branch_operator.py
[2023-07-19T16:48:24.758+0000] {processor.py:836} INFO - DAG(s) dict_keys(['example_branch_operator']) retrieved from /home/airflow/.local/lib/python3.7/site-packages/airflow/example_dags/example_branch_operator.py
[2023-07-19T16:48:24.773+0000] {logging_mixin.py:150} INFO - [2023-07-19T16:48:24.773+0000] {dag.py:2742} INFO - Sync 1 DAGs
[2023-07-19T16:48:24.790+0000] {logging_mixin.py:150} INFO - [2023-07-19T16:48:24.790+0000] {dag.py:3508} INFO - Setting next_dagrun for example_branch_operator to 2023-07-18T00:00:00+00:00, run_after=2023-07-19T00:00:00+00:00
[2023-07-19T16:48:24.804+0000] {processor.py:179} INFO - Processing /home/airflow/.local/lib/python3.7/site-packages/airflow/example_dags/example_branch_operator.py took 0.053 seconds
[2023-07-19T16:48:55.723+0000] {processor.py:157} INFO - Started process (PID=1782) to work on /home/airflow/.local/lib/python3.7/site-packages/airflow/example_dags/example_branch_operator.py
[2023-07-19T16:48:55.724+0000] {processor.py:826} INFO - Processing file /home/airflow/.local/lib/python3.7/site-packages/airflow/example_dags/example_branch_operator.py for tasks to queue
[2023-07-19T16:48:55.725+0000] {logging_mixin.py:150} INFO - [2023-07-19T16:48:55.724+0000] {dagbag.py:541} INFO - Filling up the DagBag from /home/airflow/.local/lib/python3.7/site-packages/airflow/example_dags/example_branch_operator.py
[2023-07-19T16:48:55.730+0000] {processor.py:836} INFO - DAG(s) dict_keys(['example_branch_operator']) retrieved from /home/airflow/.local/lib/python3.7/site-packages/airflow/example_dags/example_branch_operator.py
[2023-07-19T16:48:55.747+0000] {logging_mixin.py:150} INFO - [2023-07-19T16:48:55.746+0000] {dag.py:2742} INFO - Sync 1 DAGs
[2023-07-19T16:48:55.760+0000] {logging_mixin.py:150} INFO - [2023-07-19T16:48:55.760+0000] {dag.py:3508} INFO - Setting next_dagrun for example_branch_operator to 2023-07-18T00:00:00+00:00, run_after=2023-07-19T00:00:00+00:00
[2023-07-19T16:48:55.769+0000] {processor.py:179} INFO - Processing /home/airflow/.local/lib/python3.7/site-packages/airflow/example_dags/example_branch_operator.py took 0.049 seconds
[2023-07-19T16:49:26.438+0000] {processor.py:157} INFO - Started process (PID=1837) to work on /home/airflow/.local/lib/python3.7/site-packages/airflow/example_dags/example_branch_operator.py
[2023-07-19T16:49:26.439+0000] {processor.py:826} INFO - Processing file /home/airflow/.local/lib/python3.7/site-packages/airflow/example_dags/example_branch_operator.py for tasks to queue
[2023-07-19T16:49:26.439+0000] {logging_mixin.py:150} INFO - [2023-07-19T16:49:26.439+0000] {dagbag.py:541} INFO - Filling up the DagBag from /home/airflow/.local/lib/python3.7/site-packages/airflow/example_dags/example_branch_operator.py
[2023-07-19T16:49:26.452+0000] {processor.py:836} INFO - DAG(s) dict_keys(['example_branch_operator']) retrieved from /home/airflow/.local/lib/python3.7/site-packages/airflow/example_dags/example_branch_operator.py
[2023-07-19T16:49:26.480+0000] {logging_mixin.py:150} INFO - [2023-07-19T16:49:26.480+0000] {dag.py:2742} INFO - Sync 1 DAGs
[2023-07-19T16:49:26.514+0000] {logging_mixin.py:150} INFO - [2023-07-19T16:49:26.514+0000] {dag.py:3508} INFO - Setting next_dagrun for example_branch_operator to 2023-07-18T00:00:00+00:00, run_after=2023-07-19T00:00:00+00:00
[2023-07-19T16:49:26.528+0000] {processor.py:179} INFO - Processing /home/airflow/.local/lib/python3.7/site-packages/airflow/example_dags/example_branch_operator.py took 0.097 seconds
[2023-07-19T16:49:57.610+0000] {processor.py:157} INFO - Started process (PID=1892) to work on /home/airflow/.local/lib/python3.7/site-packages/airflow/example_dags/example_branch_operator.py
[2023-07-19T16:49:57.614+0000] {processor.py:826} INFO - Processing file /home/airflow/.local/lib/python3.7/site-packages/airflow/example_dags/example_branch_operator.py for tasks to queue
[2023-07-19T16:49:57.615+0000] {logging_mixin.py:150} INFO - [2023-07-19T16:49:57.615+0000] {dagbag.py:541} INFO - Filling up the DagBag from /home/airflow/.local/lib/python3.7/site-packages/airflow/example_dags/example_branch_operator.py
[2023-07-19T16:49:57.621+0000] {processor.py:836} INFO - DAG(s) dict_keys(['example_branch_operator']) retrieved from /home/airflow/.local/lib/python3.7/site-packages/airflow/example_dags/example_branch_operator.py
[2023-07-19T16:49:57.646+0000] {logging_mixin.py:150} INFO - [2023-07-19T16:49:57.646+0000] {dag.py:2742} INFO - Sync 1 DAGs
[2023-07-19T16:49:57.660+0000] {logging_mixin.py:150} INFO - [2023-07-19T16:49:57.660+0000] {dag.py:3508} INFO - Setting next_dagrun for example_branch_operator to 2023-07-18T00:00:00+00:00, run_after=2023-07-19T00:00:00+00:00
[2023-07-19T16:49:57.670+0000] {processor.py:179} INFO - Processing /home/airflow/.local/lib/python3.7/site-packages/airflow/example_dags/example_branch_operator.py took 0.062 seconds
[2023-07-19T16:50:28.497+0000] {processor.py:157} INFO - Started process (PID=1947) to work on /home/airflow/.local/lib/python3.7/site-packages/airflow/example_dags/example_branch_operator.py
[2023-07-19T16:50:28.501+0000] {processor.py:826} INFO - Processing file /home/airflow/.local/lib/python3.7/site-packages/airflow/example_dags/example_branch_operator.py for tasks to queue
[2023-07-19T16:50:28.502+0000] {logging_mixin.py:150} INFO - [2023-07-19T16:50:28.501+0000] {dagbag.py:541} INFO - Filling up the DagBag from /home/airflow/.local/lib/python3.7/site-packages/airflow/example_dags/example_branch_operator.py
[2023-07-19T16:50:28.512+0000] {processor.py:836} INFO - DAG(s) dict_keys(['example_branch_operator']) retrieved from /home/airflow/.local/lib/python3.7/site-packages/airflow/example_dags/example_branch_operator.py
[2023-07-19T16:50:28.610+0000] {logging_mixin.py:150} INFO - [2023-07-19T16:50:28.610+0000] {dag.py:2742} INFO - Sync 1 DAGs
[2023-07-19T16:50:28.645+0000] {logging_mixin.py:150} INFO - [2023-07-19T16:50:28.645+0000] {dag.py:3508} INFO - Setting next_dagrun for example_branch_operator to 2023-07-18T00:00:00+00:00, run_after=2023-07-19T00:00:00+00:00
[2023-07-19T16:50:28.655+0000] {processor.py:179} INFO - Processing /home/airflow/.local/lib/python3.7/site-packages/airflow/example_dags/example_branch_operator.py took 0.169 seconds
[2023-07-19T16:50:59.034+0000] {processor.py:157} INFO - Started process (PID=2002) to work on /home/airflow/.local/lib/python3.7/site-packages/airflow/example_dags/example_branch_operator.py
[2023-07-19T16:50:59.035+0000] {processor.py:826} INFO - Processing file /home/airflow/.local/lib/python3.7/site-packages/airflow/example_dags/example_branch_operator.py for tasks to queue
[2023-07-19T16:50:59.038+0000] {logging_mixin.py:150} INFO - [2023-07-19T16:50:59.036+0000] {dagbag.py:541} INFO - Filling up the DagBag from /home/airflow/.local/lib/python3.7/site-packages/airflow/example_dags/example_branch_operator.py
[2023-07-19T16:50:59.043+0000] {processor.py:836} INFO - DAG(s) dict_keys(['example_branch_operator']) retrieved from /home/airflow/.local/lib/python3.7/site-packages/airflow/example_dags/example_branch_operator.py
[2023-07-19T16:50:59.058+0000] {logging_mixin.py:150} INFO - [2023-07-19T16:50:59.058+0000] {dag.py:2742} INFO - Sync 1 DAGs
[2023-07-19T16:50:59.071+0000] {logging_mixin.py:150} INFO - [2023-07-19T16:50:59.071+0000] {dag.py:3508} INFO - Setting next_dagrun for example_branch_operator to 2023-07-18T00:00:00+00:00, run_after=2023-07-19T00:00:00+00:00
[2023-07-19T16:50:59.078+0000] {processor.py:179} INFO - Processing /home/airflow/.local/lib/python3.7/site-packages/airflow/example_dags/example_branch_operator.py took 0.046 seconds
[2023-07-19T16:51:30.142+0000] {processor.py:157} INFO - Started process (PID=2057) to work on /home/airflow/.local/lib/python3.7/site-packages/airflow/example_dags/example_branch_operator.py
[2023-07-19T16:51:30.148+0000] {processor.py:826} INFO - Processing file /home/airflow/.local/lib/python3.7/site-packages/airflow/example_dags/example_branch_operator.py for tasks to queue
[2023-07-19T16:51:30.148+0000] {logging_mixin.py:150} INFO - [2023-07-19T16:51:30.148+0000] {dagbag.py:541} INFO - Filling up the DagBag from /home/airflow/.local/lib/python3.7/site-packages/airflow/example_dags/example_branch_operator.py
[2023-07-19T16:51:30.161+0000] {processor.py:836} INFO - DAG(s) dict_keys(['example_branch_operator']) retrieved from /home/airflow/.local/lib/python3.7/site-packages/airflow/example_dags/example_branch_operator.py
[2023-07-19T16:51:30.185+0000] {logging_mixin.py:150} INFO - [2023-07-19T16:51:30.185+0000] {dag.py:2742} INFO - Sync 1 DAGs
[2023-07-19T16:51:30.219+0000] {logging_mixin.py:150} INFO - [2023-07-19T16:51:30.218+0000] {dag.py:3508} INFO - Setting next_dagrun for example_branch_operator to 2023-07-18T00:00:00+00:00, run_after=2023-07-19T00:00:00+00:00
[2023-07-19T16:51:30.249+0000] {processor.py:179} INFO - Processing /home/airflow/.local/lib/python3.7/site-packages/airflow/example_dags/example_branch_operator.py took 0.109 seconds
[2023-07-19T16:52:01.614+0000] {processor.py:157} INFO - Started process (PID=2112) to work on /home/airflow/.local/lib/python3.7/site-packages/airflow/example_dags/example_branch_operator.py
[2023-07-19T16:52:01.615+0000] {processor.py:826} INFO - Processing file /home/airflow/.local/lib/python3.7/site-packages/airflow/example_dags/example_branch_operator.py for tasks to queue
[2023-07-19T16:52:01.620+0000] {logging_mixin.py:150} INFO - [2023-07-19T16:52:01.620+0000] {dagbag.py:541} INFO - Filling up the DagBag from /home/airflow/.local/lib/python3.7/site-packages/airflow/example_dags/example_branch_operator.py
[2023-07-19T16:52:01.640+0000] {processor.py:836} INFO - DAG(s) dict_keys(['example_branch_operator']) retrieved from /home/airflow/.local/lib/python3.7/site-packages/airflow/example_dags/example_branch_operator.py
[2023-07-19T16:52:01.694+0000] {logging_mixin.py:150} INFO - [2023-07-19T16:52:01.694+0000] {dag.py:2742} INFO - Sync 1 DAGs
[2023-07-19T16:52:01.737+0000] {logging_mixin.py:150} INFO - [2023-07-19T16:52:01.736+0000] {dag.py:3508} INFO - Setting next_dagrun for example_branch_operator to 2023-07-18T00:00:00+00:00, run_after=2023-07-19T00:00:00+00:00
[2023-07-19T16:52:01.761+0000] {processor.py:179} INFO - Processing /home/airflow/.local/lib/python3.7/site-packages/airflow/example_dags/example_branch_operator.py took 0.149 seconds
