[2023-07-19T16:32:50.366+0000] {processor.py:157} INFO - Started process (PID=48) to work on /home/airflow/.local/lib/python3.7/site-packages/airflow/example_dags/example_params_trigger_ui.py
[2023-07-19T16:32:50.366+0000] {processor.py:826} INFO - Processing file /home/airflow/.local/lib/python3.7/site-packages/airflow/example_dags/example_params_trigger_ui.py for tasks to queue
[2023-07-19T16:32:50.367+0000] {logging_mixin.py:150} INFO - [2023-07-19T16:32:50.367+0000] {dagbag.py:541} INFO - Filling up the DagBag from /home/airflow/.local/lib/python3.7/site-packages/airflow/example_dags/example_params_trigger_ui.py
[2023-07-19T16:32:50.391+0000] {processor.py:836} INFO - DAG(s) dict_keys(['example_params_trigger_ui']) retrieved from /home/airflow/.local/lib/python3.7/site-packages/airflow/example_dags/example_params_trigger_ui.py
[2023-07-19T16:32:50.401+0000] {logging_mixin.py:150} INFO - [2023-07-19T16:32:50.400+0000] {dag.py:2742} INFO - Sync 1 DAGs
[2023-07-19T16:32:50.436+0000] {logging_mixin.py:150} INFO - [2023-07-19T16:32:50.436+0000] {dag.py:3508} INFO - Setting next_dagrun for example_params_trigger_ui to None, run_after=None
[2023-07-19T16:32:50.450+0000] {processor.py:179} INFO - Processing /home/airflow/.local/lib/python3.7/site-packages/airflow/example_dags/example_params_trigger_ui.py took 0.085 seconds
[2023-07-19T16:33:20.906+0000] {processor.py:157} INFO - Started process (PID=103) to work on /home/airflow/.local/lib/python3.7/site-packages/airflow/example_dags/example_params_trigger_ui.py
[2023-07-19T16:33:20.933+0000] {processor.py:826} INFO - Processing file /home/airflow/.local/lib/python3.7/site-packages/airflow/example_dags/example_params_trigger_ui.py for tasks to queue
[2023-07-19T16:33:20.934+0000] {logging_mixin.py:150} INFO - [2023-07-19T16:33:20.934+0000] {dagbag.py:541} INFO - Filling up the DagBag from /home/airflow/.local/lib/python3.7/site-packages/airflow/example_dags/example_params_trigger_ui.py
[2023-07-19T16:33:21.018+0000] {processor.py:836} INFO - DAG(s) dict_keys(['example_params_trigger_ui']) retrieved from /home/airflow/.local/lib/python3.7/site-packages/airflow/example_dags/example_params_trigger_ui.py
[2023-07-19T16:33:21.118+0000] {logging_mixin.py:150} INFO - [2023-07-19T16:33:21.117+0000] {dag.py:2742} INFO - Sync 1 DAGs
[2023-07-19T16:33:21.133+0000] {logging_mixin.py:150} INFO - [2023-07-19T16:33:21.133+0000] {dag.py:3508} INFO - Setting next_dagrun for example_params_trigger_ui to None, run_after=None
[2023-07-19T16:33:21.157+0000] {processor.py:179} INFO - Processing /home/airflow/.local/lib/python3.7/site-packages/airflow/example_dags/example_params_trigger_ui.py took 0.257 seconds
[2023-07-19T16:33:52.056+0000] {processor.py:157} INFO - Started process (PID=159) to work on /home/airflow/.local/lib/python3.7/site-packages/airflow/example_dags/example_params_trigger_ui.py
[2023-07-19T16:33:52.058+0000] {processor.py:826} INFO - Processing file /home/airflow/.local/lib/python3.7/site-packages/airflow/example_dags/example_params_trigger_ui.py for tasks to queue
[2023-07-19T16:33:52.059+0000] {logging_mixin.py:150} INFO - [2023-07-19T16:33:52.058+0000] {dagbag.py:541} INFO - Filling up the DagBag from /home/airflow/.local/lib/python3.7/site-packages/airflow/example_dags/example_params_trigger_ui.py
[2023-07-19T16:33:52.083+0000] {processor.py:836} INFO - DAG(s) dict_keys(['example_params_trigger_ui']) retrieved from /home/airflow/.local/lib/python3.7/site-packages/airflow/example_dags/example_params_trigger_ui.py
[2023-07-19T16:33:52.137+0000] {logging_mixin.py:150} INFO - [2023-07-19T16:33:52.137+0000] {dag.py:2742} INFO - Sync 1 DAGs
[2023-07-19T16:33:52.156+0000] {logging_mixin.py:150} INFO - [2023-07-19T16:33:52.156+0000] {dag.py:3508} INFO - Setting next_dagrun for example_params_trigger_ui to None, run_after=None
[2023-07-19T16:33:52.166+0000] {processor.py:179} INFO - Processing /home/airflow/.local/lib/python3.7/site-packages/airflow/example_dags/example_params_trigger_ui.py took 0.122 seconds
[2023-07-19T16:34:23.036+0000] {processor.py:157} INFO - Started process (PID=213) to work on /home/airflow/.local/lib/python3.7/site-packages/airflow/example_dags/example_params_trigger_ui.py
[2023-07-19T16:34:23.040+0000] {processor.py:826} INFO - Processing file /home/airflow/.local/lib/python3.7/site-packages/airflow/example_dags/example_params_trigger_ui.py for tasks to queue
[2023-07-19T16:34:23.040+0000] {logging_mixin.py:150} INFO - [2023-07-19T16:34:23.040+0000] {dagbag.py:541} INFO - Filling up the DagBag from /home/airflow/.local/lib/python3.7/site-packages/airflow/example_dags/example_params_trigger_ui.py
[2023-07-19T16:34:23.147+0000] {processor.py:836} INFO - DAG(s) dict_keys(['example_params_trigger_ui']) retrieved from /home/airflow/.local/lib/python3.7/site-packages/airflow/example_dags/example_params_trigger_ui.py
[2023-07-19T16:34:23.206+0000] {logging_mixin.py:150} INFO - [2023-07-19T16:34:23.206+0000] {dag.py:2742} INFO - Sync 1 DAGs
[2023-07-19T16:34:23.224+0000] {logging_mixin.py:150} INFO - [2023-07-19T16:34:23.224+0000] {dag.py:3508} INFO - Setting next_dagrun for example_params_trigger_ui to None, run_after=None
[2023-07-19T16:34:23.239+0000] {processor.py:179} INFO - Processing /home/airflow/.local/lib/python3.7/site-packages/airflow/example_dags/example_params_trigger_ui.py took 0.212 seconds
[2023-07-19T16:34:53.809+0000] {processor.py:157} INFO - Started process (PID=268) to work on /home/airflow/.local/lib/python3.7/site-packages/airflow/example_dags/example_params_trigger_ui.py
[2023-07-19T16:34:53.810+0000] {processor.py:826} INFO - Processing file /home/airflow/.local/lib/python3.7/site-packages/airflow/example_dags/example_params_trigger_ui.py for tasks to queue
[2023-07-19T16:34:53.812+0000] {logging_mixin.py:150} INFO - [2023-07-19T16:34:53.811+0000] {dagbag.py:541} INFO - Filling up the DagBag from /home/airflow/.local/lib/python3.7/site-packages/airflow/example_dags/example_params_trigger_ui.py
[2023-07-19T16:34:53.830+0000] {processor.py:836} INFO - DAG(s) dict_keys(['example_params_trigger_ui']) retrieved from /home/airflow/.local/lib/python3.7/site-packages/airflow/example_dags/example_params_trigger_ui.py
[2023-07-19T16:34:53.877+0000] {logging_mixin.py:150} INFO - [2023-07-19T16:34:53.877+0000] {dag.py:2742} INFO - Sync 1 DAGs
[2023-07-19T16:34:53.892+0000] {logging_mixin.py:150} INFO - [2023-07-19T16:34:53.892+0000] {dag.py:3508} INFO - Setting next_dagrun for example_params_trigger_ui to None, run_after=None
[2023-07-19T16:34:53.904+0000] {processor.py:179} INFO - Processing /home/airflow/.local/lib/python3.7/site-packages/airflow/example_dags/example_params_trigger_ui.py took 0.097 seconds
[2023-07-19T16:35:24.132+0000] {processor.py:157} INFO - Started process (PID=323) to work on /home/airflow/.local/lib/python3.7/site-packages/airflow/example_dags/example_params_trigger_ui.py
[2023-07-19T16:35:24.133+0000] {processor.py:826} INFO - Processing file /home/airflow/.local/lib/python3.7/site-packages/airflow/example_dags/example_params_trigger_ui.py for tasks to queue
[2023-07-19T16:35:24.133+0000] {logging_mixin.py:150} INFO - [2023-07-19T16:35:24.133+0000] {dagbag.py:541} INFO - Filling up the DagBag from /home/airflow/.local/lib/python3.7/site-packages/airflow/example_dags/example_params_trigger_ui.py
[2023-07-19T16:35:24.155+0000] {processor.py:836} INFO - DAG(s) dict_keys(['example_params_trigger_ui']) retrieved from /home/airflow/.local/lib/python3.7/site-packages/airflow/example_dags/example_params_trigger_ui.py
[2023-07-19T16:35:24.168+0000] {logging_mixin.py:150} INFO - [2023-07-19T16:35:24.168+0000] {dag.py:2742} INFO - Sync 1 DAGs
[2023-07-19T16:35:24.184+0000] {logging_mixin.py:150} INFO - [2023-07-19T16:35:24.184+0000] {dag.py:3508} INFO - Setting next_dagrun for example_params_trigger_ui to None, run_after=None
[2023-07-19T16:35:24.193+0000] {processor.py:179} INFO - Processing /home/airflow/.local/lib/python3.7/site-packages/airflow/example_dags/example_params_trigger_ui.py took 0.063 seconds
[2023-07-19T16:35:54.313+0000] {processor.py:157} INFO - Started process (PID=379) to work on /home/airflow/.local/lib/python3.7/site-packages/airflow/example_dags/example_params_trigger_ui.py
[2023-07-19T16:35:54.317+0000] {processor.py:826} INFO - Processing file /home/airflow/.local/lib/python3.7/site-packages/airflow/example_dags/example_params_trigger_ui.py for tasks to queue
[2023-07-19T16:35:54.318+0000] {logging_mixin.py:150} INFO - [2023-07-19T16:35:54.318+0000] {dagbag.py:541} INFO - Filling up the DagBag from /home/airflow/.local/lib/python3.7/site-packages/airflow/example_dags/example_params_trigger_ui.py
[2023-07-19T16:35:54.334+0000] {processor.py:836} INFO - DAG(s) dict_keys(['example_params_trigger_ui']) retrieved from /home/airflow/.local/lib/python3.7/site-packages/airflow/example_dags/example_params_trigger_ui.py
[2023-07-19T16:35:54.385+0000] {logging_mixin.py:150} INFO - [2023-07-19T16:35:54.385+0000] {dag.py:2742} INFO - Sync 1 DAGs
[2023-07-19T16:35:54.399+0000] {logging_mixin.py:150} INFO - [2023-07-19T16:35:54.399+0000] {dag.py:3508} INFO - Setting next_dagrun for example_params_trigger_ui to None, run_after=None
[2023-07-19T16:35:54.408+0000] {processor.py:179} INFO - Processing /home/airflow/.local/lib/python3.7/site-packages/airflow/example_dags/example_params_trigger_ui.py took 0.096 seconds
[2023-07-19T16:36:24.978+0000] {processor.py:157} INFO - Started process (PID=434) to work on /home/airflow/.local/lib/python3.7/site-packages/airflow/example_dags/example_params_trigger_ui.py
[2023-07-19T16:36:24.979+0000] {processor.py:826} INFO - Processing file /home/airflow/.local/lib/python3.7/site-packages/airflow/example_dags/example_params_trigger_ui.py for tasks to queue
[2023-07-19T16:36:24.979+0000] {logging_mixin.py:150} INFO - [2023-07-19T16:36:24.979+0000] {dagbag.py:541} INFO - Filling up the DagBag from /home/airflow/.local/lib/python3.7/site-packages/airflow/example_dags/example_params_trigger_ui.py
[2023-07-19T16:36:24.999+0000] {processor.py:836} INFO - DAG(s) dict_keys(['example_params_trigger_ui']) retrieved from /home/airflow/.local/lib/python3.7/site-packages/airflow/example_dags/example_params_trigger_ui.py
[2023-07-19T16:36:25.083+0000] {logging_mixin.py:150} INFO - [2023-07-19T16:36:25.082+0000] {dag.py:2742} INFO - Sync 1 DAGs
[2023-07-19T16:36:25.101+0000] {logging_mixin.py:150} INFO - [2023-07-19T16:36:25.101+0000] {dag.py:3508} INFO - Setting next_dagrun for example_params_trigger_ui to None, run_after=None
[2023-07-19T16:36:25.116+0000] {processor.py:179} INFO - Processing /home/airflow/.local/lib/python3.7/site-packages/airflow/example_dags/example_params_trigger_ui.py took 0.140 seconds
[2023-07-19T16:36:55.844+0000] {processor.py:157} INFO - Started process (PID=489) to work on /home/airflow/.local/lib/python3.7/site-packages/airflow/example_dags/example_params_trigger_ui.py
[2023-07-19T16:36:55.845+0000] {processor.py:826} INFO - Processing file /home/airflow/.local/lib/python3.7/site-packages/airflow/example_dags/example_params_trigger_ui.py for tasks to queue
[2023-07-19T16:36:55.845+0000] {logging_mixin.py:150} INFO - [2023-07-19T16:36:55.845+0000] {dagbag.py:541} INFO - Filling up the DagBag from /home/airflow/.local/lib/python3.7/site-packages/airflow/example_dags/example_params_trigger_ui.py
[2023-07-19T16:36:55.892+0000] {processor.py:836} INFO - DAG(s) dict_keys(['example_params_trigger_ui']) retrieved from /home/airflow/.local/lib/python3.7/site-packages/airflow/example_dags/example_params_trigger_ui.py
[2023-07-19T16:36:56.045+0000] {logging_mixin.py:150} INFO - [2023-07-19T16:36:56.045+0000] {dag.py:2742} INFO - Sync 1 DAGs
[2023-07-19T16:36:56.077+0000] {logging_mixin.py:150} INFO - [2023-07-19T16:36:56.077+0000] {dag.py:3508} INFO - Setting next_dagrun for example_params_trigger_ui to None, run_after=None
[2023-07-19T16:36:56.145+0000] {processor.py:179} INFO - Processing /home/airflow/.local/lib/python3.7/site-packages/airflow/example_dags/example_params_trigger_ui.py took 0.302 seconds
[2023-07-19T16:37:26.425+0000] {processor.py:157} INFO - Started process (PID=544) to work on /home/airflow/.local/lib/python3.7/site-packages/airflow/example_dags/example_params_trigger_ui.py
[2023-07-19T16:37:26.426+0000] {processor.py:826} INFO - Processing file /home/airflow/.local/lib/python3.7/site-packages/airflow/example_dags/example_params_trigger_ui.py for tasks to queue
[2023-07-19T16:37:26.426+0000] {logging_mixin.py:150} INFO - [2023-07-19T16:37:26.426+0000] {dagbag.py:541} INFO - Filling up the DagBag from /home/airflow/.local/lib/python3.7/site-packages/airflow/example_dags/example_params_trigger_ui.py
[2023-07-19T16:37:26.453+0000] {processor.py:836} INFO - DAG(s) dict_keys(['example_params_trigger_ui']) retrieved from /home/airflow/.local/lib/python3.7/site-packages/airflow/example_dags/example_params_trigger_ui.py
[2023-07-19T16:37:26.542+0000] {logging_mixin.py:150} INFO - [2023-07-19T16:37:26.542+0000] {dag.py:2742} INFO - Sync 1 DAGs
[2023-07-19T16:37:26.557+0000] {logging_mixin.py:150} INFO - [2023-07-19T16:37:26.557+0000] {dag.py:3508} INFO - Setting next_dagrun for example_params_trigger_ui to None, run_after=None
[2023-07-19T16:37:26.565+0000] {processor.py:179} INFO - Processing /home/airflow/.local/lib/python3.7/site-packages/airflow/example_dags/example_params_trigger_ui.py took 0.142 seconds
[2023-07-19T16:37:56.712+0000] {processor.py:157} INFO - Started process (PID=599) to work on /home/airflow/.local/lib/python3.7/site-packages/airflow/example_dags/example_params_trigger_ui.py
[2023-07-19T16:37:56.713+0000] {processor.py:826} INFO - Processing file /home/airflow/.local/lib/python3.7/site-packages/airflow/example_dags/example_params_trigger_ui.py for tasks to queue
[2023-07-19T16:37:56.713+0000] {logging_mixin.py:150} INFO - [2023-07-19T16:37:56.713+0000] {dagbag.py:541} INFO - Filling up the DagBag from /home/airflow/.local/lib/python3.7/site-packages/airflow/example_dags/example_params_trigger_ui.py
[2023-07-19T16:37:56.738+0000] {processor.py:836} INFO - DAG(s) dict_keys(['example_params_trigger_ui']) retrieved from /home/airflow/.local/lib/python3.7/site-packages/airflow/example_dags/example_params_trigger_ui.py
[2023-07-19T16:37:56.778+0000] {logging_mixin.py:150} INFO - [2023-07-19T16:37:56.778+0000] {dag.py:2742} INFO - Sync 1 DAGs
[2023-07-19T16:37:56.794+0000] {logging_mixin.py:150} INFO - [2023-07-19T16:37:56.794+0000] {dag.py:3508} INFO - Setting next_dagrun for example_params_trigger_ui to None, run_after=None
[2023-07-19T16:37:56.801+0000] {processor.py:179} INFO - Processing /home/airflow/.local/lib/python3.7/site-packages/airflow/example_dags/example_params_trigger_ui.py took 0.091 seconds
[2023-07-19T16:38:27.004+0000] {processor.py:157} INFO - Started process (PID=654) to work on /home/airflow/.local/lib/python3.7/site-packages/airflow/example_dags/example_params_trigger_ui.py
[2023-07-19T16:38:27.005+0000] {processor.py:826} INFO - Processing file /home/airflow/.local/lib/python3.7/site-packages/airflow/example_dags/example_params_trigger_ui.py for tasks to queue
[2023-07-19T16:38:27.005+0000] {logging_mixin.py:150} INFO - [2023-07-19T16:38:27.005+0000] {dagbag.py:541} INFO - Filling up the DagBag from /home/airflow/.local/lib/python3.7/site-packages/airflow/example_dags/example_params_trigger_ui.py
[2023-07-19T16:38:27.024+0000] {processor.py:836} INFO - DAG(s) dict_keys(['example_params_trigger_ui']) retrieved from /home/airflow/.local/lib/python3.7/site-packages/airflow/example_dags/example_params_trigger_ui.py
[2023-07-19T16:38:27.066+0000] {logging_mixin.py:150} INFO - [2023-07-19T16:38:27.066+0000] {dag.py:2742} INFO - Sync 1 DAGs
[2023-07-19T16:38:27.080+0000] {logging_mixin.py:150} INFO - [2023-07-19T16:38:27.080+0000] {dag.py:3508} INFO - Setting next_dagrun for example_params_trigger_ui to None, run_after=None
[2023-07-19T16:38:27.088+0000] {processor.py:179} INFO - Processing /home/airflow/.local/lib/python3.7/site-packages/airflow/example_dags/example_params_trigger_ui.py took 0.086 seconds
[2023-07-19T16:38:57.293+0000] {processor.py:157} INFO - Started process (PID=709) to work on /home/airflow/.local/lib/python3.7/site-packages/airflow/example_dags/example_params_trigger_ui.py
[2023-07-19T16:38:57.293+0000] {processor.py:826} INFO - Processing file /home/airflow/.local/lib/python3.7/site-packages/airflow/example_dags/example_params_trigger_ui.py for tasks to queue
[2023-07-19T16:38:57.294+0000] {logging_mixin.py:150} INFO - [2023-07-19T16:38:57.293+0000] {dagbag.py:541} INFO - Filling up the DagBag from /home/airflow/.local/lib/python3.7/site-packages/airflow/example_dags/example_params_trigger_ui.py
[2023-07-19T16:38:57.312+0000] {processor.py:836} INFO - DAG(s) dict_keys(['example_params_trigger_ui']) retrieved from /home/airflow/.local/lib/python3.7/site-packages/airflow/example_dags/example_params_trigger_ui.py
[2023-07-19T16:38:57.355+0000] {logging_mixin.py:150} INFO - [2023-07-19T16:38:57.355+0000] {dag.py:2742} INFO - Sync 1 DAGs
[2023-07-19T16:38:57.368+0000] {logging_mixin.py:150} INFO - [2023-07-19T16:38:57.368+0000] {dag.py:3508} INFO - Setting next_dagrun for example_params_trigger_ui to None, run_after=None
[2023-07-19T16:38:57.377+0000] {processor.py:179} INFO - Processing /home/airflow/.local/lib/python3.7/site-packages/airflow/example_dags/example_params_trigger_ui.py took 0.088 seconds
[2023-07-19T16:39:27.434+0000] {processor.py:157} INFO - Started process (PID=764) to work on /home/airflow/.local/lib/python3.7/site-packages/airflow/example_dags/example_params_trigger_ui.py
[2023-07-19T16:39:27.434+0000] {processor.py:826} INFO - Processing file /home/airflow/.local/lib/python3.7/site-packages/airflow/example_dags/example_params_trigger_ui.py for tasks to queue
[2023-07-19T16:39:27.435+0000] {logging_mixin.py:150} INFO - [2023-07-19T16:39:27.434+0000] {dagbag.py:541} INFO - Filling up the DagBag from /home/airflow/.local/lib/python3.7/site-packages/airflow/example_dags/example_params_trigger_ui.py
[2023-07-19T16:39:27.447+0000] {processor.py:836} INFO - DAG(s) dict_keys(['example_params_trigger_ui']) retrieved from /home/airflow/.local/lib/python3.7/site-packages/airflow/example_dags/example_params_trigger_ui.py
[2023-07-19T16:39:27.486+0000] {logging_mixin.py:150} INFO - [2023-07-19T16:39:27.486+0000] {dag.py:2742} INFO - Sync 1 DAGs
[2023-07-19T16:39:27.497+0000] {logging_mixin.py:150} INFO - [2023-07-19T16:39:27.497+0000] {dag.py:3508} INFO - Setting next_dagrun for example_params_trigger_ui to None, run_after=None
[2023-07-19T16:39:27.504+0000] {processor.py:179} INFO - Processing /home/airflow/.local/lib/python3.7/site-packages/airflow/example_dags/example_params_trigger_ui.py took 0.072 seconds
[2023-07-19T16:40:07.458+0000] {processor.py:157} INFO - Started process (PID=819) to work on /home/airflow/.local/lib/python3.7/site-packages/airflow/example_dags/example_params_trigger_ui.py
[2023-07-19T16:40:07.479+0000] {processor.py:826} INFO - Processing file /home/airflow/.local/lib/python3.7/site-packages/airflow/example_dags/example_params_trigger_ui.py for tasks to queue
[2023-07-19T16:40:07.480+0000] {logging_mixin.py:150} INFO - [2023-07-19T16:40:07.479+0000] {dagbag.py:541} INFO - Filling up the DagBag from /home/airflow/.local/lib/python3.7/site-packages/airflow/example_dags/example_params_trigger_ui.py
[2023-07-19T16:40:07.684+0000] {processor.py:836} INFO - DAG(s) dict_keys(['example_params_trigger_ui']) retrieved from /home/airflow/.local/lib/python3.7/site-packages/airflow/example_dags/example_params_trigger_ui.py
[2023-07-19T16:40:08.248+0000] {logging_mixin.py:150} INFO - [2023-07-19T16:40:08.247+0000] {dag.py:2742} INFO - Sync 1 DAGs
[2023-07-19T16:40:08.443+0000] {logging_mixin.py:150} INFO - [2023-07-19T16:40:08.443+0000] {dag.py:3508} INFO - Setting next_dagrun for example_params_trigger_ui to None, run_after=None
[2023-07-19T16:40:08.558+0000] {processor.py:179} INFO - Processing /home/airflow/.local/lib/python3.7/site-packages/airflow/example_dags/example_params_trigger_ui.py took 1.133 seconds
[2023-07-19T16:40:39.105+0000] {processor.py:157} INFO - Started process (PID=874) to work on /home/airflow/.local/lib/python3.7/site-packages/airflow/example_dags/example_params_trigger_ui.py
[2023-07-19T16:40:39.105+0000] {processor.py:826} INFO - Processing file /home/airflow/.local/lib/python3.7/site-packages/airflow/example_dags/example_params_trigger_ui.py for tasks to queue
[2023-07-19T16:40:39.105+0000] {logging_mixin.py:150} INFO - [2023-07-19T16:40:39.105+0000] {dagbag.py:541} INFO - Filling up the DagBag from /home/airflow/.local/lib/python3.7/site-packages/airflow/example_dags/example_params_trigger_ui.py
[2023-07-19T16:40:39.119+0000] {processor.py:836} INFO - DAG(s) dict_keys(['example_params_trigger_ui']) retrieved from /home/airflow/.local/lib/python3.7/site-packages/airflow/example_dags/example_params_trigger_ui.py
[2023-07-19T16:40:39.157+0000] {logging_mixin.py:150} INFO - [2023-07-19T16:40:39.157+0000] {dag.py:2742} INFO - Sync 1 DAGs
[2023-07-19T16:40:39.169+0000] {logging_mixin.py:150} INFO - [2023-07-19T16:40:39.168+0000] {dag.py:3508} INFO - Setting next_dagrun for example_params_trigger_ui to None, run_after=None
[2023-07-19T16:40:39.176+0000] {processor.py:179} INFO - Processing /home/airflow/.local/lib/python3.7/site-packages/airflow/example_dags/example_params_trigger_ui.py took 0.073 seconds
[2023-07-19T16:41:09.264+0000] {processor.py:157} INFO - Started process (PID=928) to work on /home/airflow/.local/lib/python3.7/site-packages/airflow/example_dags/example_params_trigger_ui.py
[2023-07-19T16:41:09.265+0000] {processor.py:826} INFO - Processing file /home/airflow/.local/lib/python3.7/site-packages/airflow/example_dags/example_params_trigger_ui.py for tasks to queue
[2023-07-19T16:41:09.266+0000] {logging_mixin.py:150} INFO - [2023-07-19T16:41:09.266+0000] {dagbag.py:541} INFO - Filling up the DagBag from /home/airflow/.local/lib/python3.7/site-packages/airflow/example_dags/example_params_trigger_ui.py
[2023-07-19T16:41:09.286+0000] {processor.py:836} INFO - DAG(s) dict_keys(['example_params_trigger_ui']) retrieved from /home/airflow/.local/lib/python3.7/site-packages/airflow/example_dags/example_params_trigger_ui.py
[2023-07-19T16:41:09.350+0000] {logging_mixin.py:150} INFO - [2023-07-19T16:41:09.350+0000] {dag.py:2742} INFO - Sync 1 DAGs
[2023-07-19T16:41:09.372+0000] {logging_mixin.py:150} INFO - [2023-07-19T16:41:09.372+0000] {dag.py:3508} INFO - Setting next_dagrun for example_params_trigger_ui to None, run_after=None
[2023-07-19T16:41:09.389+0000] {processor.py:179} INFO - Processing /home/airflow/.local/lib/python3.7/site-packages/airflow/example_dags/example_params_trigger_ui.py took 0.130 seconds
[2023-07-19T16:41:39.560+0000] {processor.py:157} INFO - Started process (PID=983) to work on /home/airflow/.local/lib/python3.7/site-packages/airflow/example_dags/example_params_trigger_ui.py
[2023-07-19T16:41:39.561+0000] {processor.py:826} INFO - Processing file /home/airflow/.local/lib/python3.7/site-packages/airflow/example_dags/example_params_trigger_ui.py for tasks to queue
[2023-07-19T16:41:39.562+0000] {logging_mixin.py:150} INFO - [2023-07-19T16:41:39.562+0000] {dagbag.py:541} INFO - Filling up the DagBag from /home/airflow/.local/lib/python3.7/site-packages/airflow/example_dags/example_params_trigger_ui.py
[2023-07-19T16:41:39.591+0000] {processor.py:836} INFO - DAG(s) dict_keys(['example_params_trigger_ui']) retrieved from /home/airflow/.local/lib/python3.7/site-packages/airflow/example_dags/example_params_trigger_ui.py
[2023-07-19T16:41:39.637+0000] {logging_mixin.py:150} INFO - [2023-07-19T16:41:39.637+0000] {dag.py:2742} INFO - Sync 1 DAGs
[2023-07-19T16:41:39.650+0000] {logging_mixin.py:150} INFO - [2023-07-19T16:41:39.650+0000] {dag.py:3508} INFO - Setting next_dagrun for example_params_trigger_ui to None, run_after=None
[2023-07-19T16:41:39.657+0000] {processor.py:179} INFO - Processing /home/airflow/.local/lib/python3.7/site-packages/airflow/example_dags/example_params_trigger_ui.py took 0.103 seconds
[2023-07-19T16:42:10.130+0000] {processor.py:157} INFO - Started process (PID=1038) to work on /home/airflow/.local/lib/python3.7/site-packages/airflow/example_dags/example_params_trigger_ui.py
[2023-07-19T16:42:10.131+0000] {processor.py:826} INFO - Processing file /home/airflow/.local/lib/python3.7/site-packages/airflow/example_dags/example_params_trigger_ui.py for tasks to queue
[2023-07-19T16:42:10.132+0000] {logging_mixin.py:150} INFO - [2023-07-19T16:42:10.131+0000] {dagbag.py:541} INFO - Filling up the DagBag from /home/airflow/.local/lib/python3.7/site-packages/airflow/example_dags/example_params_trigger_ui.py
[2023-07-19T16:42:10.152+0000] {processor.py:836} INFO - DAG(s) dict_keys(['example_params_trigger_ui']) retrieved from /home/airflow/.local/lib/python3.7/site-packages/airflow/example_dags/example_params_trigger_ui.py
[2023-07-19T16:42:10.194+0000] {logging_mixin.py:150} INFO - [2023-07-19T16:42:10.194+0000] {dag.py:2742} INFO - Sync 1 DAGs
[2023-07-19T16:42:10.207+0000] {logging_mixin.py:150} INFO - [2023-07-19T16:42:10.207+0000] {dag.py:3508} INFO - Setting next_dagrun for example_params_trigger_ui to None, run_after=None
[2023-07-19T16:42:10.215+0000] {processor.py:179} INFO - Processing /home/airflow/.local/lib/python3.7/site-packages/airflow/example_dags/example_params_trigger_ui.py took 0.090 seconds
[2023-07-19T16:42:40.515+0000] {processor.py:157} INFO - Started process (PID=1092) to work on /home/airflow/.local/lib/python3.7/site-packages/airflow/example_dags/example_params_trigger_ui.py
[2023-07-19T16:42:40.516+0000] {processor.py:826} INFO - Processing file /home/airflow/.local/lib/python3.7/site-packages/airflow/example_dags/example_params_trigger_ui.py for tasks to queue
[2023-07-19T16:42:40.517+0000] {logging_mixin.py:150} INFO - [2023-07-19T16:42:40.517+0000] {dagbag.py:541} INFO - Filling up the DagBag from /home/airflow/.local/lib/python3.7/site-packages/airflow/example_dags/example_params_trigger_ui.py
[2023-07-19T16:42:40.541+0000] {processor.py:836} INFO - DAG(s) dict_keys(['example_params_trigger_ui']) retrieved from /home/airflow/.local/lib/python3.7/site-packages/airflow/example_dags/example_params_trigger_ui.py
[2023-07-19T16:42:40.583+0000] {logging_mixin.py:150} INFO - [2023-07-19T16:42:40.582+0000] {dag.py:2742} INFO - Sync 1 DAGs
[2023-07-19T16:42:40.594+0000] {logging_mixin.py:150} INFO - [2023-07-19T16:42:40.594+0000] {dag.py:3508} INFO - Setting next_dagrun for example_params_trigger_ui to None, run_after=None
[2023-07-19T16:42:40.602+0000] {processor.py:179} INFO - Processing /home/airflow/.local/lib/python3.7/site-packages/airflow/example_dags/example_params_trigger_ui.py took 0.091 seconds
[2023-07-19T16:43:11.180+0000] {processor.py:157} INFO - Started process (PID=1147) to work on /home/airflow/.local/lib/python3.7/site-packages/airflow/example_dags/example_params_trigger_ui.py
[2023-07-19T16:43:11.181+0000] {processor.py:826} INFO - Processing file /home/airflow/.local/lib/python3.7/site-packages/airflow/example_dags/example_params_trigger_ui.py for tasks to queue
[2023-07-19T16:43:11.181+0000] {logging_mixin.py:150} INFO - [2023-07-19T16:43:11.181+0000] {dagbag.py:541} INFO - Filling up the DagBag from /home/airflow/.local/lib/python3.7/site-packages/airflow/example_dags/example_params_trigger_ui.py
[2023-07-19T16:43:11.202+0000] {processor.py:836} INFO - DAG(s) dict_keys(['example_params_trigger_ui']) retrieved from /home/airflow/.local/lib/python3.7/site-packages/airflow/example_dags/example_params_trigger_ui.py
[2023-07-19T16:43:11.245+0000] {logging_mixin.py:150} INFO - [2023-07-19T16:43:11.244+0000] {dag.py:2742} INFO - Sync 1 DAGs
[2023-07-19T16:43:11.256+0000] {logging_mixin.py:150} INFO - [2023-07-19T16:43:11.256+0000] {dag.py:3508} INFO - Setting next_dagrun for example_params_trigger_ui to None, run_after=None
[2023-07-19T16:43:11.263+0000] {processor.py:179} INFO - Processing /home/airflow/.local/lib/python3.7/site-packages/airflow/example_dags/example_params_trigger_ui.py took 0.087 seconds
[2023-07-19T16:43:41.867+0000] {processor.py:157} INFO - Started process (PID=1203) to work on /home/airflow/.local/lib/python3.7/site-packages/airflow/example_dags/example_params_trigger_ui.py
[2023-07-19T16:43:41.868+0000] {processor.py:826} INFO - Processing file /home/airflow/.local/lib/python3.7/site-packages/airflow/example_dags/example_params_trigger_ui.py for tasks to queue
[2023-07-19T16:43:41.869+0000] {logging_mixin.py:150} INFO - [2023-07-19T16:43:41.869+0000] {dagbag.py:541} INFO - Filling up the DagBag from /home/airflow/.local/lib/python3.7/site-packages/airflow/example_dags/example_params_trigger_ui.py
[2023-07-19T16:43:41.922+0000] {processor.py:836} INFO - DAG(s) dict_keys(['example_params_trigger_ui']) retrieved from /home/airflow/.local/lib/python3.7/site-packages/airflow/example_dags/example_params_trigger_ui.py
[2023-07-19T16:43:42.004+0000] {logging_mixin.py:150} INFO - [2023-07-19T16:43:42.004+0000] {dag.py:2742} INFO - Sync 1 DAGs
[2023-07-19T16:43:42.018+0000] {logging_mixin.py:150} INFO - [2023-07-19T16:43:42.018+0000] {dag.py:3508} INFO - Setting next_dagrun for example_params_trigger_ui to None, run_after=None
[2023-07-19T16:43:42.027+0000] {processor.py:179} INFO - Processing /home/airflow/.local/lib/python3.7/site-packages/airflow/example_dags/example_params_trigger_ui.py took 0.169 seconds
[2023-07-19T16:44:12.681+0000] {processor.py:157} INFO - Started process (PID=1258) to work on /home/airflow/.local/lib/python3.7/site-packages/airflow/example_dags/example_params_trigger_ui.py
[2023-07-19T16:44:12.682+0000] {processor.py:826} INFO - Processing file /home/airflow/.local/lib/python3.7/site-packages/airflow/example_dags/example_params_trigger_ui.py for tasks to queue
[2023-07-19T16:44:12.682+0000] {logging_mixin.py:150} INFO - [2023-07-19T16:44:12.682+0000] {dagbag.py:541} INFO - Filling up the DagBag from /home/airflow/.local/lib/python3.7/site-packages/airflow/example_dags/example_params_trigger_ui.py
[2023-07-19T16:44:12.697+0000] {processor.py:836} INFO - DAG(s) dict_keys(['example_params_trigger_ui']) retrieved from /home/airflow/.local/lib/python3.7/site-packages/airflow/example_dags/example_params_trigger_ui.py
[2023-07-19T16:44:12.746+0000] {logging_mixin.py:150} INFO - [2023-07-19T16:44:12.746+0000] {dag.py:2742} INFO - Sync 1 DAGs
[2023-07-19T16:44:12.759+0000] {logging_mixin.py:150} INFO - [2023-07-19T16:44:12.759+0000] {dag.py:3508} INFO - Setting next_dagrun for example_params_trigger_ui to None, run_after=None
[2023-07-19T16:44:12.768+0000] {processor.py:179} INFO - Processing /home/airflow/.local/lib/python3.7/site-packages/airflow/example_dags/example_params_trigger_ui.py took 0.089 seconds
[2023-07-19T16:44:43.564+0000] {processor.py:157} INFO - Started process (PID=1313) to work on /home/airflow/.local/lib/python3.7/site-packages/airflow/example_dags/example_params_trigger_ui.py
[2023-07-19T16:44:43.564+0000] {processor.py:826} INFO - Processing file /home/airflow/.local/lib/python3.7/site-packages/airflow/example_dags/example_params_trigger_ui.py for tasks to queue
[2023-07-19T16:44:43.566+0000] {logging_mixin.py:150} INFO - [2023-07-19T16:44:43.565+0000] {dagbag.py:541} INFO - Filling up the DagBag from /home/airflow/.local/lib/python3.7/site-packages/airflow/example_dags/example_params_trigger_ui.py
[2023-07-19T16:44:43.592+0000] {processor.py:836} INFO - DAG(s) dict_keys(['example_params_trigger_ui']) retrieved from /home/airflow/.local/lib/python3.7/site-packages/airflow/example_dags/example_params_trigger_ui.py
[2023-07-19T16:44:43.634+0000] {logging_mixin.py:150} INFO - [2023-07-19T16:44:43.634+0000] {dag.py:2742} INFO - Sync 1 DAGs
[2023-07-19T16:44:43.646+0000] {logging_mixin.py:150} INFO - [2023-07-19T16:44:43.646+0000] {dag.py:3508} INFO - Setting next_dagrun for example_params_trigger_ui to None, run_after=None
[2023-07-19T16:44:43.653+0000] {processor.py:179} INFO - Processing /home/airflow/.local/lib/python3.7/site-packages/airflow/example_dags/example_params_trigger_ui.py took 0.094 seconds
[2023-07-19T16:45:14.094+0000] {processor.py:157} INFO - Started process (PID=1368) to work on /home/airflow/.local/lib/python3.7/site-packages/airflow/example_dags/example_params_trigger_ui.py
[2023-07-19T16:45:14.096+0000] {processor.py:826} INFO - Processing file /home/airflow/.local/lib/python3.7/site-packages/airflow/example_dags/example_params_trigger_ui.py for tasks to queue
[2023-07-19T16:45:14.096+0000] {logging_mixin.py:150} INFO - [2023-07-19T16:45:14.096+0000] {dagbag.py:541} INFO - Filling up the DagBag from /home/airflow/.local/lib/python3.7/site-packages/airflow/example_dags/example_params_trigger_ui.py
[2023-07-19T16:45:14.116+0000] {processor.py:836} INFO - DAG(s) dict_keys(['example_params_trigger_ui']) retrieved from /home/airflow/.local/lib/python3.7/site-packages/airflow/example_dags/example_params_trigger_ui.py
[2023-07-19T16:45:14.192+0000] {logging_mixin.py:150} INFO - [2023-07-19T16:45:14.192+0000] {dag.py:2742} INFO - Sync 1 DAGs
[2023-07-19T16:45:14.206+0000] {logging_mixin.py:150} INFO - [2023-07-19T16:45:14.206+0000] {dag.py:3508} INFO - Setting next_dagrun for example_params_trigger_ui to None, run_after=None
[2023-07-19T16:45:14.215+0000] {processor.py:179} INFO - Processing /home/airflow/.local/lib/python3.7/site-packages/airflow/example_dags/example_params_trigger_ui.py took 0.123 seconds
[2023-07-19T16:45:44.654+0000] {processor.py:157} INFO - Started process (PID=1423) to work on /home/airflow/.local/lib/python3.7/site-packages/airflow/example_dags/example_params_trigger_ui.py
[2023-07-19T16:45:44.656+0000] {processor.py:826} INFO - Processing file /home/airflow/.local/lib/python3.7/site-packages/airflow/example_dags/example_params_trigger_ui.py for tasks to queue
[2023-07-19T16:45:44.656+0000] {logging_mixin.py:150} INFO - [2023-07-19T16:45:44.656+0000] {dagbag.py:541} INFO - Filling up the DagBag from /home/airflow/.local/lib/python3.7/site-packages/airflow/example_dags/example_params_trigger_ui.py
[2023-07-19T16:45:44.678+0000] {processor.py:836} INFO - DAG(s) dict_keys(['example_params_trigger_ui']) retrieved from /home/airflow/.local/lib/python3.7/site-packages/airflow/example_dags/example_params_trigger_ui.py
[2023-07-19T16:45:44.719+0000] {logging_mixin.py:150} INFO - [2023-07-19T16:45:44.719+0000] {dag.py:2742} INFO - Sync 1 DAGs
[2023-07-19T16:45:44.731+0000] {logging_mixin.py:150} INFO - [2023-07-19T16:45:44.731+0000] {dag.py:3508} INFO - Setting next_dagrun for example_params_trigger_ui to None, run_after=None
[2023-07-19T16:45:44.740+0000] {processor.py:179} INFO - Processing /home/airflow/.local/lib/python3.7/site-packages/airflow/example_dags/example_params_trigger_ui.py took 0.090 seconds
[2023-07-19T16:46:15.529+0000] {processor.py:157} INFO - Started process (PID=1478) to work on /home/airflow/.local/lib/python3.7/site-packages/airflow/example_dags/example_params_trigger_ui.py
[2023-07-19T16:46:15.537+0000] {processor.py:826} INFO - Processing file /home/airflow/.local/lib/python3.7/site-packages/airflow/example_dags/example_params_trigger_ui.py for tasks to queue
[2023-07-19T16:46:15.538+0000] {logging_mixin.py:150} INFO - [2023-07-19T16:46:15.538+0000] {dagbag.py:541} INFO - Filling up the DagBag from /home/airflow/.local/lib/python3.7/site-packages/airflow/example_dags/example_params_trigger_ui.py
[2023-07-19T16:46:15.565+0000] {processor.py:836} INFO - DAG(s) dict_keys(['example_params_trigger_ui']) retrieved from /home/airflow/.local/lib/python3.7/site-packages/airflow/example_dags/example_params_trigger_ui.py
[2023-07-19T16:46:15.645+0000] {logging_mixin.py:150} INFO - [2023-07-19T16:46:15.645+0000] {dag.py:2742} INFO - Sync 1 DAGs
[2023-07-19T16:46:15.679+0000] {logging_mixin.py:150} INFO - [2023-07-19T16:46:15.679+0000] {dag.py:3508} INFO - Setting next_dagrun for example_params_trigger_ui to None, run_after=None
[2023-07-19T16:46:15.688+0000] {processor.py:179} INFO - Processing /home/airflow/.local/lib/python3.7/site-packages/airflow/example_dags/example_params_trigger_ui.py took 0.172 seconds
[2023-07-19T16:46:46.302+0000] {processor.py:157} INFO - Started process (PID=1540) to work on /home/airflow/.local/lib/python3.7/site-packages/airflow/example_dags/example_params_trigger_ui.py
[2023-07-19T16:46:46.303+0000] {processor.py:826} INFO - Processing file /home/airflow/.local/lib/python3.7/site-packages/airflow/example_dags/example_params_trigger_ui.py for tasks to queue
[2023-07-19T16:46:46.304+0000] {logging_mixin.py:150} INFO - [2023-07-19T16:46:46.303+0000] {dagbag.py:541} INFO - Filling up the DagBag from /home/airflow/.local/lib/python3.7/site-packages/airflow/example_dags/example_params_trigger_ui.py
[2023-07-19T16:46:46.332+0000] {processor.py:836} INFO - DAG(s) dict_keys(['example_params_trigger_ui']) retrieved from /home/airflow/.local/lib/python3.7/site-packages/airflow/example_dags/example_params_trigger_ui.py
[2023-07-19T16:46:46.384+0000] {logging_mixin.py:150} INFO - [2023-07-19T16:46:46.384+0000] {dag.py:2742} INFO - Sync 1 DAGs
[2023-07-19T16:46:46.400+0000] {logging_mixin.py:150} INFO - [2023-07-19T16:46:46.400+0000] {dag.py:3508} INFO - Setting next_dagrun for example_params_trigger_ui to None, run_after=None
[2023-07-19T16:46:46.409+0000] {processor.py:179} INFO - Processing /home/airflow/.local/lib/python3.7/site-packages/airflow/example_dags/example_params_trigger_ui.py took 0.112 seconds
[2023-07-19T16:47:17.253+0000] {processor.py:157} INFO - Started process (PID=1594) to work on /home/airflow/.local/lib/python3.7/site-packages/airflow/example_dags/example_params_trigger_ui.py
[2023-07-19T16:47:17.254+0000] {processor.py:826} INFO - Processing file /home/airflow/.local/lib/python3.7/site-packages/airflow/example_dags/example_params_trigger_ui.py for tasks to queue
[2023-07-19T16:47:17.255+0000] {logging_mixin.py:150} INFO - [2023-07-19T16:47:17.255+0000] {dagbag.py:541} INFO - Filling up the DagBag from /home/airflow/.local/lib/python3.7/site-packages/airflow/example_dags/example_params_trigger_ui.py
[2023-07-19T16:47:17.275+0000] {processor.py:836} INFO - DAG(s) dict_keys(['example_params_trigger_ui']) retrieved from /home/airflow/.local/lib/python3.7/site-packages/airflow/example_dags/example_params_trigger_ui.py
[2023-07-19T16:47:17.321+0000] {logging_mixin.py:150} INFO - [2023-07-19T16:47:17.321+0000] {dag.py:2742} INFO - Sync 1 DAGs
[2023-07-19T16:47:17.335+0000] {logging_mixin.py:150} INFO - [2023-07-19T16:47:17.335+0000] {dag.py:3508} INFO - Setting next_dagrun for example_params_trigger_ui to None, run_after=None
[2023-07-19T16:47:17.345+0000] {processor.py:179} INFO - Processing /home/airflow/.local/lib/python3.7/site-packages/airflow/example_dags/example_params_trigger_ui.py took 0.096 seconds
[2023-07-19T16:47:48.209+0000] {processor.py:157} INFO - Started process (PID=1649) to work on /home/airflow/.local/lib/python3.7/site-packages/airflow/example_dags/example_params_trigger_ui.py
[2023-07-19T16:47:48.211+0000] {processor.py:826} INFO - Processing file /home/airflow/.local/lib/python3.7/site-packages/airflow/example_dags/example_params_trigger_ui.py for tasks to queue
[2023-07-19T16:47:48.212+0000] {logging_mixin.py:150} INFO - [2023-07-19T16:47:48.212+0000] {dagbag.py:541} INFO - Filling up the DagBag from /home/airflow/.local/lib/python3.7/site-packages/airflow/example_dags/example_params_trigger_ui.py
[2023-07-19T16:47:48.237+0000] {processor.py:836} INFO - DAG(s) dict_keys(['example_params_trigger_ui']) retrieved from /home/airflow/.local/lib/python3.7/site-packages/airflow/example_dags/example_params_trigger_ui.py
[2023-07-19T16:47:48.284+0000] {logging_mixin.py:150} INFO - [2023-07-19T16:47:48.283+0000] {dag.py:2742} INFO - Sync 1 DAGs
[2023-07-19T16:47:48.295+0000] {logging_mixin.py:150} INFO - [2023-07-19T16:47:48.295+0000] {dag.py:3508} INFO - Setting next_dagrun for example_params_trigger_ui to None, run_after=None
[2023-07-19T16:47:48.303+0000] {processor.py:179} INFO - Processing /home/airflow/.local/lib/python3.7/site-packages/airflow/example_dags/example_params_trigger_ui.py took 0.098 seconds
[2023-07-19T16:48:18.603+0000] {processor.py:157} INFO - Started process (PID=1704) to work on /home/airflow/.local/lib/python3.7/site-packages/airflow/example_dags/example_params_trigger_ui.py
[2023-07-19T16:48:18.605+0000] {processor.py:826} INFO - Processing file /home/airflow/.local/lib/python3.7/site-packages/airflow/example_dags/example_params_trigger_ui.py for tasks to queue
[2023-07-19T16:48:18.605+0000] {logging_mixin.py:150} INFO - [2023-07-19T16:48:18.605+0000] {dagbag.py:541} INFO - Filling up the DagBag from /home/airflow/.local/lib/python3.7/site-packages/airflow/example_dags/example_params_trigger_ui.py
[2023-07-19T16:48:18.620+0000] {processor.py:836} INFO - DAG(s) dict_keys(['example_params_trigger_ui']) retrieved from /home/airflow/.local/lib/python3.7/site-packages/airflow/example_dags/example_params_trigger_ui.py
[2023-07-19T16:48:18.675+0000] {logging_mixin.py:150} INFO - [2023-07-19T16:48:18.675+0000] {dag.py:2742} INFO - Sync 1 DAGs
[2023-07-19T16:48:18.691+0000] {logging_mixin.py:150} INFO - [2023-07-19T16:48:18.691+0000] {dag.py:3508} INFO - Setting next_dagrun for example_params_trigger_ui to None, run_after=None
[2023-07-19T16:48:18.701+0000] {processor.py:179} INFO - Processing /home/airflow/.local/lib/python3.7/site-packages/airflow/example_dags/example_params_trigger_ui.py took 0.101 seconds
[2023-07-19T16:48:49.167+0000] {processor.py:157} INFO - Started process (PID=1759) to work on /home/airflow/.local/lib/python3.7/site-packages/airflow/example_dags/example_params_trigger_ui.py
[2023-07-19T16:48:49.168+0000] {processor.py:826} INFO - Processing file /home/airflow/.local/lib/python3.7/site-packages/airflow/example_dags/example_params_trigger_ui.py for tasks to queue
[2023-07-19T16:48:49.168+0000] {logging_mixin.py:150} INFO - [2023-07-19T16:48:49.168+0000] {dagbag.py:541} INFO - Filling up the DagBag from /home/airflow/.local/lib/python3.7/site-packages/airflow/example_dags/example_params_trigger_ui.py
[2023-07-19T16:48:49.183+0000] {processor.py:836} INFO - DAG(s) dict_keys(['example_params_trigger_ui']) retrieved from /home/airflow/.local/lib/python3.7/site-packages/airflow/example_dags/example_params_trigger_ui.py
[2023-07-19T16:48:49.256+0000] {logging_mixin.py:150} INFO - [2023-07-19T16:48:49.256+0000] {dag.py:2742} INFO - Sync 1 DAGs
[2023-07-19T16:48:49.282+0000] {logging_mixin.py:150} INFO - [2023-07-19T16:48:49.282+0000] {dag.py:3508} INFO - Setting next_dagrun for example_params_trigger_ui to None, run_after=None
[2023-07-19T16:48:49.292+0000] {processor.py:179} INFO - Processing /home/airflow/.local/lib/python3.7/site-packages/airflow/example_dags/example_params_trigger_ui.py took 0.130 seconds
[2023-07-19T16:49:19.345+0000] {processor.py:157} INFO - Started process (PID=1814) to work on /home/airflow/.local/lib/python3.7/site-packages/airflow/example_dags/example_params_trigger_ui.py
[2023-07-19T16:49:19.346+0000] {processor.py:826} INFO - Processing file /home/airflow/.local/lib/python3.7/site-packages/airflow/example_dags/example_params_trigger_ui.py for tasks to queue
[2023-07-19T16:49:19.346+0000] {logging_mixin.py:150} INFO - [2023-07-19T16:49:19.346+0000] {dagbag.py:541} INFO - Filling up the DagBag from /home/airflow/.local/lib/python3.7/site-packages/airflow/example_dags/example_params_trigger_ui.py
[2023-07-19T16:49:19.359+0000] {processor.py:836} INFO - DAG(s) dict_keys(['example_params_trigger_ui']) retrieved from /home/airflow/.local/lib/python3.7/site-packages/airflow/example_dags/example_params_trigger_ui.py
[2023-07-19T16:49:19.410+0000] {logging_mixin.py:150} INFO - [2023-07-19T16:49:19.410+0000] {dag.py:2742} INFO - Sync 1 DAGs
[2023-07-19T16:49:19.422+0000] {logging_mixin.py:150} INFO - [2023-07-19T16:49:19.422+0000] {dag.py:3508} INFO - Setting next_dagrun for example_params_trigger_ui to None, run_after=None
[2023-07-19T16:49:19.430+0000] {processor.py:179} INFO - Processing /home/airflow/.local/lib/python3.7/site-packages/airflow/example_dags/example_params_trigger_ui.py took 0.087 seconds
[2023-07-19T16:49:49.663+0000] {processor.py:157} INFO - Started process (PID=1869) to work on /home/airflow/.local/lib/python3.7/site-packages/airflow/example_dags/example_params_trigger_ui.py
[2023-07-19T16:49:49.664+0000] {processor.py:826} INFO - Processing file /home/airflow/.local/lib/python3.7/site-packages/airflow/example_dags/example_params_trigger_ui.py for tasks to queue
[2023-07-19T16:49:49.664+0000] {logging_mixin.py:150} INFO - [2023-07-19T16:49:49.664+0000] {dagbag.py:541} INFO - Filling up the DagBag from /home/airflow/.local/lib/python3.7/site-packages/airflow/example_dags/example_params_trigger_ui.py
[2023-07-19T16:49:49.687+0000] {processor.py:836} INFO - DAG(s) dict_keys(['example_params_trigger_ui']) retrieved from /home/airflow/.local/lib/python3.7/site-packages/airflow/example_dags/example_params_trigger_ui.py
[2023-07-19T16:49:49.726+0000] {logging_mixin.py:150} INFO - [2023-07-19T16:49:49.726+0000] {dag.py:2742} INFO - Sync 1 DAGs
[2023-07-19T16:49:49.738+0000] {logging_mixin.py:150} INFO - [2023-07-19T16:49:49.738+0000] {dag.py:3508} INFO - Setting next_dagrun for example_params_trigger_ui to None, run_after=None
[2023-07-19T16:49:49.747+0000] {processor.py:179} INFO - Processing /home/airflow/.local/lib/python3.7/site-packages/airflow/example_dags/example_params_trigger_ui.py took 0.086 seconds
[2023-07-19T16:50:20.435+0000] {processor.py:157} INFO - Started process (PID=1924) to work on /home/airflow/.local/lib/python3.7/site-packages/airflow/example_dags/example_params_trigger_ui.py
[2023-07-19T16:50:20.436+0000] {processor.py:826} INFO - Processing file /home/airflow/.local/lib/python3.7/site-packages/airflow/example_dags/example_params_trigger_ui.py for tasks to queue
[2023-07-19T16:50:20.436+0000] {logging_mixin.py:150} INFO - [2023-07-19T16:50:20.436+0000] {dagbag.py:541} INFO - Filling up the DagBag from /home/airflow/.local/lib/python3.7/site-packages/airflow/example_dags/example_params_trigger_ui.py
[2023-07-19T16:50:20.453+0000] {processor.py:836} INFO - DAG(s) dict_keys(['example_params_trigger_ui']) retrieved from /home/airflow/.local/lib/python3.7/site-packages/airflow/example_dags/example_params_trigger_ui.py
[2023-07-19T16:50:20.493+0000] {logging_mixin.py:150} INFO - [2023-07-19T16:50:20.492+0000] {dag.py:2742} INFO - Sync 1 DAGs
[2023-07-19T16:50:20.504+0000] {logging_mixin.py:150} INFO - [2023-07-19T16:50:20.504+0000] {dag.py:3508} INFO - Setting next_dagrun for example_params_trigger_ui to None, run_after=None
[2023-07-19T16:50:20.511+0000] {processor.py:179} INFO - Processing /home/airflow/.local/lib/python3.7/site-packages/airflow/example_dags/example_params_trigger_ui.py took 0.078 seconds
[2023-07-19T16:50:50.669+0000] {processor.py:157} INFO - Started process (PID=1979) to work on /home/airflow/.local/lib/python3.7/site-packages/airflow/example_dags/example_params_trigger_ui.py
[2023-07-19T16:50:50.671+0000] {processor.py:826} INFO - Processing file /home/airflow/.local/lib/python3.7/site-packages/airflow/example_dags/example_params_trigger_ui.py for tasks to queue
[2023-07-19T16:50:50.671+0000] {logging_mixin.py:150} INFO - [2023-07-19T16:50:50.671+0000] {dagbag.py:541} INFO - Filling up the DagBag from /home/airflow/.local/lib/python3.7/site-packages/airflow/example_dags/example_params_trigger_ui.py
[2023-07-19T16:50:50.687+0000] {processor.py:836} INFO - DAG(s) dict_keys(['example_params_trigger_ui']) retrieved from /home/airflow/.local/lib/python3.7/site-packages/airflow/example_dags/example_params_trigger_ui.py
[2023-07-19T16:50:50.732+0000] {logging_mixin.py:150} INFO - [2023-07-19T16:50:50.732+0000] {dag.py:2742} INFO - Sync 1 DAGs
[2023-07-19T16:50:50.753+0000] {logging_mixin.py:150} INFO - [2023-07-19T16:50:50.752+0000] {dag.py:3508} INFO - Setting next_dagrun for example_params_trigger_ui to None, run_after=None
[2023-07-19T16:50:50.764+0000] {processor.py:179} INFO - Processing /home/airflow/.local/lib/python3.7/site-packages/airflow/example_dags/example_params_trigger_ui.py took 0.100 seconds
[2023-07-19T16:51:21.271+0000] {processor.py:157} INFO - Started process (PID=2034) to work on /home/airflow/.local/lib/python3.7/site-packages/airflow/example_dags/example_params_trigger_ui.py
[2023-07-19T16:51:21.272+0000] {processor.py:826} INFO - Processing file /home/airflow/.local/lib/python3.7/site-packages/airflow/example_dags/example_params_trigger_ui.py for tasks to queue
[2023-07-19T16:51:21.272+0000] {logging_mixin.py:150} INFO - [2023-07-19T16:51:21.272+0000] {dagbag.py:541} INFO - Filling up the DagBag from /home/airflow/.local/lib/python3.7/site-packages/airflow/example_dags/example_params_trigger_ui.py
[2023-07-19T16:51:21.285+0000] {processor.py:836} INFO - DAG(s) dict_keys(['example_params_trigger_ui']) retrieved from /home/airflow/.local/lib/python3.7/site-packages/airflow/example_dags/example_params_trigger_ui.py
[2023-07-19T16:51:21.324+0000] {logging_mixin.py:150} INFO - [2023-07-19T16:51:21.324+0000] {dag.py:2742} INFO - Sync 1 DAGs
[2023-07-19T16:51:21.336+0000] {logging_mixin.py:150} INFO - [2023-07-19T16:51:21.336+0000] {dag.py:3508} INFO - Setting next_dagrun for example_params_trigger_ui to None, run_after=None
[2023-07-19T16:51:21.345+0000] {processor.py:179} INFO - Processing /home/airflow/.local/lib/python3.7/site-packages/airflow/example_dags/example_params_trigger_ui.py took 0.075 seconds
[2023-07-19T16:51:51.634+0000] {processor.py:157} INFO - Started process (PID=2089) to work on /home/airflow/.local/lib/python3.7/site-packages/airflow/example_dags/example_params_trigger_ui.py
[2023-07-19T16:51:51.634+0000] {processor.py:826} INFO - Processing file /home/airflow/.local/lib/python3.7/site-packages/airflow/example_dags/example_params_trigger_ui.py for tasks to queue
[2023-07-19T16:51:51.635+0000] {logging_mixin.py:150} INFO - [2023-07-19T16:51:51.635+0000] {dagbag.py:541} INFO - Filling up the DagBag from /home/airflow/.local/lib/python3.7/site-packages/airflow/example_dags/example_params_trigger_ui.py
[2023-07-19T16:51:51.649+0000] {processor.py:836} INFO - DAG(s) dict_keys(['example_params_trigger_ui']) retrieved from /home/airflow/.local/lib/python3.7/site-packages/airflow/example_dags/example_params_trigger_ui.py
[2023-07-19T16:51:51.689+0000] {logging_mixin.py:150} INFO - [2023-07-19T16:51:51.689+0000] {dag.py:2742} INFO - Sync 1 DAGs
[2023-07-19T16:51:51.700+0000] {logging_mixin.py:150} INFO - [2023-07-19T16:51:51.700+0000] {dag.py:3508} INFO - Setting next_dagrun for example_params_trigger_ui to None, run_after=None
[2023-07-19T16:51:51.708+0000] {processor.py:179} INFO - Processing /home/airflow/.local/lib/python3.7/site-packages/airflow/example_dags/example_params_trigger_ui.py took 0.076 seconds
