[2023-07-19T16:32:50.674+0000] {processor.py:157} INFO - Started process (PID=53) to work on /home/airflow/.local/lib/python3.7/site-packages/airflow/example_dags/example_branch_datetime_operator.py
[2023-07-19T16:32:50.675+0000] {processor.py:826} INFO - Processing file /home/airflow/.local/lib/python3.7/site-packages/airflow/example_dags/example_branch_datetime_operator.py for tasks to queue
[2023-07-19T16:32:50.675+0000] {logging_mixin.py:150} INFO - [2023-07-19T16:32:50.675+0000] {dagbag.py:541} INFO - Filling up the DagBag from /home/airflow/.local/lib/python3.7/site-packages/airflow/example_dags/example_branch_datetime_operator.py
[2023-07-19T16:32:50.681+0000] {processor.py:836} INFO - DAG(s) dict_keys(['example_branch_datetime_operator_3', 'example_branch_datetime_operator_2', 'example_branch_datetime_operator']) retrieved from /home/airflow/.local/lib/python3.7/site-packages/airflow/example_dags/example_branch_datetime_operator.py
[2023-07-19T16:32:50.690+0000] {logging_mixin.py:150} INFO - [2023-07-19T16:32:50.690+0000] {dag.py:2742} INFO - Sync 3 DAGs
[2023-07-19T16:32:50.771+0000] {logging_mixin.py:150} INFO - [2023-07-19T16:32:50.770+0000] {dag.py:3508} INFO - Setting next_dagrun for example_branch_datetime_operator to 2023-07-18T00:00:00+00:00, run_after=2023-07-19T00:00:00+00:00
[2023-07-19T16:32:50.786+0000] {logging_mixin.py:150} INFO - [2023-07-19T16:32:50.786+0000] {dag.py:3508} INFO - Setting next_dagrun for example_branch_datetime_operator_2 to 2023-07-18T00:00:00+00:00, run_after=2023-07-19T00:00:00+00:00
[2023-07-19T16:32:50.794+0000] {logging_mixin.py:150} INFO - [2023-07-19T16:32:50.794+0000] {dag.py:3508} INFO - Setting next_dagrun for example_branch_datetime_operator_3 to 2023-07-18T00:00:00+00:00, run_after=2023-07-19T00:00:00+00:00
[2023-07-19T16:32:50.870+0000] {processor.py:179} INFO - Processing /home/airflow/.local/lib/python3.7/site-packages/airflow/example_dags/example_branch_datetime_operator.py took 0.197 seconds
[2023-07-19T16:33:21.404+0000] {processor.py:157} INFO - Started process (PID=108) to work on /home/airflow/.local/lib/python3.7/site-packages/airflow/example_dags/example_branch_datetime_operator.py
[2023-07-19T16:33:21.404+0000] {processor.py:826} INFO - Processing file /home/airflow/.local/lib/python3.7/site-packages/airflow/example_dags/example_branch_datetime_operator.py for tasks to queue
[2023-07-19T16:33:21.405+0000] {logging_mixin.py:150} INFO - [2023-07-19T16:33:21.405+0000] {dagbag.py:541} INFO - Filling up the DagBag from /home/airflow/.local/lib/python3.7/site-packages/airflow/example_dags/example_branch_datetime_operator.py
[2023-07-19T16:33:21.411+0000] {processor.py:836} INFO - DAG(s) dict_keys(['example_branch_datetime_operator_2', 'example_branch_datetime_operator_3', 'example_branch_datetime_operator']) retrieved from /home/airflow/.local/lib/python3.7/site-packages/airflow/example_dags/example_branch_datetime_operator.py
[2023-07-19T16:33:21.446+0000] {logging_mixin.py:150} INFO - [2023-07-19T16:33:21.446+0000] {dag.py:2742} INFO - Sync 3 DAGs
[2023-07-19T16:33:21.463+0000] {logging_mixin.py:150} INFO - [2023-07-19T16:33:21.463+0000] {dag.py:3508} INFO - Setting next_dagrun for example_branch_datetime_operator to 2023-07-18T00:00:00+00:00, run_after=2023-07-19T00:00:00+00:00
[2023-07-19T16:33:21.465+0000] {logging_mixin.py:150} INFO - [2023-07-19T16:33:21.465+0000] {dag.py:3508} INFO - Setting next_dagrun for example_branch_datetime_operator_2 to 2023-07-18T00:00:00+00:00, run_after=2023-07-19T00:00:00+00:00
[2023-07-19T16:33:21.466+0000] {logging_mixin.py:150} INFO - [2023-07-19T16:33:21.466+0000] {dag.py:3508} INFO - Setting next_dagrun for example_branch_datetime_operator_3 to 2023-07-18T00:00:00+00:00, run_after=2023-07-19T00:00:00+00:00
[2023-07-19T16:33:21.476+0000] {processor.py:179} INFO - Processing /home/airflow/.local/lib/python3.7/site-packages/airflow/example_dags/example_branch_datetime_operator.py took 0.074 seconds
[2023-07-19T16:33:52.290+0000] {processor.py:157} INFO - Started process (PID=164) to work on /home/airflow/.local/lib/python3.7/site-packages/airflow/example_dags/example_branch_datetime_operator.py
[2023-07-19T16:33:52.292+0000] {processor.py:826} INFO - Processing file /home/airflow/.local/lib/python3.7/site-packages/airflow/example_dags/example_branch_datetime_operator.py for tasks to queue
[2023-07-19T16:33:52.292+0000] {logging_mixin.py:150} INFO - [2023-07-19T16:33:52.292+0000] {dagbag.py:541} INFO - Filling up the DagBag from /home/airflow/.local/lib/python3.7/site-packages/airflow/example_dags/example_branch_datetime_operator.py
[2023-07-19T16:33:52.297+0000] {processor.py:836} INFO - DAG(s) dict_keys(['example_branch_datetime_operator_2', 'example_branch_datetime_operator_3', 'example_branch_datetime_operator']) retrieved from /home/airflow/.local/lib/python3.7/site-packages/airflow/example_dags/example_branch_datetime_operator.py
[2023-07-19T16:33:52.313+0000] {logging_mixin.py:150} INFO - [2023-07-19T16:33:52.313+0000] {dag.py:2742} INFO - Sync 3 DAGs
[2023-07-19T16:33:52.325+0000] {logging_mixin.py:150} INFO - [2023-07-19T16:33:52.325+0000] {dag.py:3508} INFO - Setting next_dagrun for example_branch_datetime_operator to 2023-07-18T00:00:00+00:00, run_after=2023-07-19T00:00:00+00:00
[2023-07-19T16:33:52.327+0000] {logging_mixin.py:150} INFO - [2023-07-19T16:33:52.327+0000] {dag.py:3508} INFO - Setting next_dagrun for example_branch_datetime_operator_2 to 2023-07-18T00:00:00+00:00, run_after=2023-07-19T00:00:00+00:00
[2023-07-19T16:33:52.328+0000] {logging_mixin.py:150} INFO - [2023-07-19T16:33:52.328+0000] {dag.py:3508} INFO - Setting next_dagrun for example_branch_datetime_operator_3 to 2023-07-18T00:00:00+00:00, run_after=2023-07-19T00:00:00+00:00
[2023-07-19T16:33:52.336+0000] {processor.py:179} INFO - Processing /home/airflow/.local/lib/python3.7/site-packages/airflow/example_dags/example_branch_datetime_operator.py took 0.047 seconds
[2023-07-19T16:34:23.496+0000] {processor.py:157} INFO - Started process (PID=218) to work on /home/airflow/.local/lib/python3.7/site-packages/airflow/example_dags/example_branch_datetime_operator.py
[2023-07-19T16:34:23.501+0000] {processor.py:826} INFO - Processing file /home/airflow/.local/lib/python3.7/site-packages/airflow/example_dags/example_branch_datetime_operator.py for tasks to queue
[2023-07-19T16:34:23.501+0000] {logging_mixin.py:150} INFO - [2023-07-19T16:34:23.501+0000] {dagbag.py:541} INFO - Filling up the DagBag from /home/airflow/.local/lib/python3.7/site-packages/airflow/example_dags/example_branch_datetime_operator.py
[2023-07-19T16:34:23.506+0000] {processor.py:836} INFO - DAG(s) dict_keys(['example_branch_datetime_operator_3', 'example_branch_datetime_operator_2', 'example_branch_datetime_operator']) retrieved from /home/airflow/.local/lib/python3.7/site-packages/airflow/example_dags/example_branch_datetime_operator.py
[2023-07-19T16:34:23.574+0000] {logging_mixin.py:150} INFO - [2023-07-19T16:34:23.573+0000] {dag.py:2742} INFO - Sync 3 DAGs
[2023-07-19T16:34:23.610+0000] {logging_mixin.py:150} INFO - [2023-07-19T16:34:23.610+0000] {dag.py:3508} INFO - Setting next_dagrun for example_branch_datetime_operator to 2023-07-18T00:00:00+00:00, run_after=2023-07-19T00:00:00+00:00
[2023-07-19T16:34:23.615+0000] {logging_mixin.py:150} INFO - [2023-07-19T16:34:23.615+0000] {dag.py:3508} INFO - Setting next_dagrun for example_branch_datetime_operator_2 to 2023-07-18T00:00:00+00:00, run_after=2023-07-19T00:00:00+00:00
[2023-07-19T16:34:23.617+0000] {logging_mixin.py:150} INFO - [2023-07-19T16:34:23.617+0000] {dag.py:3508} INFO - Setting next_dagrun for example_branch_datetime_operator_3 to 2023-07-18T00:00:00+00:00, run_after=2023-07-19T00:00:00+00:00
[2023-07-19T16:34:23.645+0000] {processor.py:179} INFO - Processing /home/airflow/.local/lib/python3.7/site-packages/airflow/example_dags/example_branch_datetime_operator.py took 0.152 seconds
[2023-07-19T16:34:54.043+0000] {processor.py:157} INFO - Started process (PID=273) to work on /home/airflow/.local/lib/python3.7/site-packages/airflow/example_dags/example_branch_datetime_operator.py
[2023-07-19T16:34:54.045+0000] {processor.py:826} INFO - Processing file /home/airflow/.local/lib/python3.7/site-packages/airflow/example_dags/example_branch_datetime_operator.py for tasks to queue
[2023-07-19T16:34:54.046+0000] {logging_mixin.py:150} INFO - [2023-07-19T16:34:54.045+0000] {dagbag.py:541} INFO - Filling up the DagBag from /home/airflow/.local/lib/python3.7/site-packages/airflow/example_dags/example_branch_datetime_operator.py
[2023-07-19T16:34:54.052+0000] {processor.py:836} INFO - DAG(s) dict_keys(['example_branch_datetime_operator_3', 'example_branch_datetime_operator', 'example_branch_datetime_operator_2']) retrieved from /home/airflow/.local/lib/python3.7/site-packages/airflow/example_dags/example_branch_datetime_operator.py
[2023-07-19T16:34:54.081+0000] {logging_mixin.py:150} INFO - [2023-07-19T16:34:54.081+0000] {dag.py:2742} INFO - Sync 3 DAGs
[2023-07-19T16:34:54.096+0000] {logging_mixin.py:150} INFO - [2023-07-19T16:34:54.096+0000] {dag.py:3508} INFO - Setting next_dagrun for example_branch_datetime_operator to 2023-07-18T00:00:00+00:00, run_after=2023-07-19T00:00:00+00:00
[2023-07-19T16:34:54.098+0000] {logging_mixin.py:150} INFO - [2023-07-19T16:34:54.098+0000] {dag.py:3508} INFO - Setting next_dagrun for example_branch_datetime_operator_2 to 2023-07-18T00:00:00+00:00, run_after=2023-07-19T00:00:00+00:00
[2023-07-19T16:34:54.100+0000] {logging_mixin.py:150} INFO - [2023-07-19T16:34:54.100+0000] {dag.py:3508} INFO - Setting next_dagrun for example_branch_datetime_operator_3 to 2023-07-18T00:00:00+00:00, run_after=2023-07-19T00:00:00+00:00
[2023-07-19T16:34:54.107+0000] {processor.py:179} INFO - Processing /home/airflow/.local/lib/python3.7/site-packages/airflow/example_dags/example_branch_datetime_operator.py took 0.067 seconds
[2023-07-19T16:35:24.536+0000] {processor.py:157} INFO - Started process (PID=328) to work on /home/airflow/.local/lib/python3.7/site-packages/airflow/example_dags/example_branch_datetime_operator.py
[2023-07-19T16:35:24.538+0000] {processor.py:826} INFO - Processing file /home/airflow/.local/lib/python3.7/site-packages/airflow/example_dags/example_branch_datetime_operator.py for tasks to queue
[2023-07-19T16:35:24.539+0000] {logging_mixin.py:150} INFO - [2023-07-19T16:35:24.539+0000] {dagbag.py:541} INFO - Filling up the DagBag from /home/airflow/.local/lib/python3.7/site-packages/airflow/example_dags/example_branch_datetime_operator.py
[2023-07-19T16:35:24.551+0000] {processor.py:836} INFO - DAG(s) dict_keys(['example_branch_datetime_operator_3', 'example_branch_datetime_operator', 'example_branch_datetime_operator_2']) retrieved from /home/airflow/.local/lib/python3.7/site-packages/airflow/example_dags/example_branch_datetime_operator.py
[2023-07-19T16:35:24.574+0000] {logging_mixin.py:150} INFO - [2023-07-19T16:35:24.574+0000] {dag.py:2742} INFO - Sync 3 DAGs
[2023-07-19T16:35:24.595+0000] {logging_mixin.py:150} INFO - [2023-07-19T16:35:24.595+0000] {dag.py:3508} INFO - Setting next_dagrun for example_branch_datetime_operator to 2023-07-18T00:00:00+00:00, run_after=2023-07-19T00:00:00+00:00
[2023-07-19T16:35:24.598+0000] {logging_mixin.py:150} INFO - [2023-07-19T16:35:24.598+0000] {dag.py:3508} INFO - Setting next_dagrun for example_branch_datetime_operator_2 to 2023-07-18T00:00:00+00:00, run_after=2023-07-19T00:00:00+00:00
[2023-07-19T16:35:24.600+0000] {logging_mixin.py:150} INFO - [2023-07-19T16:35:24.600+0000] {dag.py:3508} INFO - Setting next_dagrun for example_branch_datetime_operator_3 to 2023-07-18T00:00:00+00:00, run_after=2023-07-19T00:00:00+00:00
[2023-07-19T16:35:24.615+0000] {processor.py:179} INFO - Processing /home/airflow/.local/lib/python3.7/site-packages/airflow/example_dags/example_branch_datetime_operator.py took 0.093 seconds
[2023-07-19T16:35:55.530+0000] {processor.py:157} INFO - Started process (PID=384) to work on /home/airflow/.local/lib/python3.7/site-packages/airflow/example_dags/example_branch_datetime_operator.py
[2023-07-19T16:35:55.531+0000] {processor.py:826} INFO - Processing file /home/airflow/.local/lib/python3.7/site-packages/airflow/example_dags/example_branch_datetime_operator.py for tasks to queue
[2023-07-19T16:35:55.532+0000] {logging_mixin.py:150} INFO - [2023-07-19T16:35:55.532+0000] {dagbag.py:541} INFO - Filling up the DagBag from /home/airflow/.local/lib/python3.7/site-packages/airflow/example_dags/example_branch_datetime_operator.py
[2023-07-19T16:35:55.546+0000] {processor.py:836} INFO - DAG(s) dict_keys(['example_branch_datetime_operator_3', 'example_branch_datetime_operator_2', 'example_branch_datetime_operator']) retrieved from /home/airflow/.local/lib/python3.7/site-packages/airflow/example_dags/example_branch_datetime_operator.py
[2023-07-19T16:35:55.574+0000] {logging_mixin.py:150} INFO - [2023-07-19T16:35:55.574+0000] {dag.py:2742} INFO - Sync 3 DAGs
[2023-07-19T16:35:55.590+0000] {logging_mixin.py:150} INFO - [2023-07-19T16:35:55.590+0000] {dag.py:3508} INFO - Setting next_dagrun for example_branch_datetime_operator to 2023-07-18T00:00:00+00:00, run_after=2023-07-19T00:00:00+00:00
[2023-07-19T16:35:55.593+0000] {logging_mixin.py:150} INFO - [2023-07-19T16:35:55.593+0000] {dag.py:3508} INFO - Setting next_dagrun for example_branch_datetime_operator_2 to 2023-07-18T00:00:00+00:00, run_after=2023-07-19T00:00:00+00:00
[2023-07-19T16:35:55.594+0000] {logging_mixin.py:150} INFO - [2023-07-19T16:35:55.594+0000] {dag.py:3508} INFO - Setting next_dagrun for example_branch_datetime_operator_3 to 2023-07-18T00:00:00+00:00, run_after=2023-07-19T00:00:00+00:00
[2023-07-19T16:35:55.601+0000] {processor.py:179} INFO - Processing /home/airflow/.local/lib/python3.7/site-packages/airflow/example_dags/example_branch_datetime_operator.py took 0.074 seconds
[2023-07-19T16:36:26.226+0000] {processor.py:157} INFO - Started process (PID=439) to work on /home/airflow/.local/lib/python3.7/site-packages/airflow/example_dags/example_branch_datetime_operator.py
[2023-07-19T16:36:26.227+0000] {processor.py:826} INFO - Processing file /home/airflow/.local/lib/python3.7/site-packages/airflow/example_dags/example_branch_datetime_operator.py for tasks to queue
[2023-07-19T16:36:26.227+0000] {logging_mixin.py:150} INFO - [2023-07-19T16:36:26.227+0000] {dagbag.py:541} INFO - Filling up the DagBag from /home/airflow/.local/lib/python3.7/site-packages/airflow/example_dags/example_branch_datetime_operator.py
[2023-07-19T16:36:26.235+0000] {processor.py:836} INFO - DAG(s) dict_keys(['example_branch_datetime_operator', 'example_branch_datetime_operator_3', 'example_branch_datetime_operator_2']) retrieved from /home/airflow/.local/lib/python3.7/site-packages/airflow/example_dags/example_branch_datetime_operator.py
[2023-07-19T16:36:26.279+0000] {logging_mixin.py:150} INFO - [2023-07-19T16:36:26.279+0000] {dag.py:2742} INFO - Sync 3 DAGs
[2023-07-19T16:36:26.296+0000] {logging_mixin.py:150} INFO - [2023-07-19T16:36:26.295+0000] {dag.py:3508} INFO - Setting next_dagrun for example_branch_datetime_operator to 2023-07-18T00:00:00+00:00, run_after=2023-07-19T00:00:00+00:00
[2023-07-19T16:36:26.298+0000] {logging_mixin.py:150} INFO - [2023-07-19T16:36:26.298+0000] {dag.py:3508} INFO - Setting next_dagrun for example_branch_datetime_operator_2 to 2023-07-18T00:00:00+00:00, run_after=2023-07-19T00:00:00+00:00
[2023-07-19T16:36:26.299+0000] {logging_mixin.py:150} INFO - [2023-07-19T16:36:26.299+0000] {dag.py:3508} INFO - Setting next_dagrun for example_branch_datetime_operator_3 to 2023-07-18T00:00:00+00:00, run_after=2023-07-19T00:00:00+00:00
[2023-07-19T16:36:26.307+0000] {processor.py:179} INFO - Processing /home/airflow/.local/lib/python3.7/site-packages/airflow/example_dags/example_branch_datetime_operator.py took 0.084 seconds
[2023-07-19T16:36:57.282+0000] {processor.py:157} INFO - Started process (PID=494) to work on /home/airflow/.local/lib/python3.7/site-packages/airflow/example_dags/example_branch_datetime_operator.py
[2023-07-19T16:36:57.282+0000] {processor.py:826} INFO - Processing file /home/airflow/.local/lib/python3.7/site-packages/airflow/example_dags/example_branch_datetime_operator.py for tasks to queue
[2023-07-19T16:36:57.283+0000] {logging_mixin.py:150} INFO - [2023-07-19T16:36:57.283+0000] {dagbag.py:541} INFO - Filling up the DagBag from /home/airflow/.local/lib/python3.7/site-packages/airflow/example_dags/example_branch_datetime_operator.py
[2023-07-19T16:36:57.300+0000] {processor.py:836} INFO - DAG(s) dict_keys(['example_branch_datetime_operator_2', 'example_branch_datetime_operator_3', 'example_branch_datetime_operator']) retrieved from /home/airflow/.local/lib/python3.7/site-packages/airflow/example_dags/example_branch_datetime_operator.py
[2023-07-19T16:36:57.329+0000] {logging_mixin.py:150} INFO - [2023-07-19T16:36:57.329+0000] {dag.py:2742} INFO - Sync 3 DAGs
[2023-07-19T16:36:57.342+0000] {logging_mixin.py:150} INFO - [2023-07-19T16:36:57.342+0000] {dag.py:3508} INFO - Setting next_dagrun for example_branch_datetime_operator to 2023-07-18T00:00:00+00:00, run_after=2023-07-19T00:00:00+00:00
[2023-07-19T16:36:57.344+0000] {logging_mixin.py:150} INFO - [2023-07-19T16:36:57.344+0000] {dag.py:3508} INFO - Setting next_dagrun for example_branch_datetime_operator_2 to 2023-07-18T00:00:00+00:00, run_after=2023-07-19T00:00:00+00:00
[2023-07-19T16:36:57.345+0000] {logging_mixin.py:150} INFO - [2023-07-19T16:36:57.345+0000] {dag.py:3508} INFO - Setting next_dagrun for example_branch_datetime_operator_3 to 2023-07-18T00:00:00+00:00, run_after=2023-07-19T00:00:00+00:00
[2023-07-19T16:36:57.352+0000] {processor.py:179} INFO - Processing /home/airflow/.local/lib/python3.7/site-packages/airflow/example_dags/example_branch_datetime_operator.py took 0.074 seconds
[2023-07-19T16:37:27.951+0000] {processor.py:157} INFO - Started process (PID=549) to work on /home/airflow/.local/lib/python3.7/site-packages/airflow/example_dags/example_branch_datetime_operator.py
[2023-07-19T16:37:27.976+0000] {processor.py:826} INFO - Processing file /home/airflow/.local/lib/python3.7/site-packages/airflow/example_dags/example_branch_datetime_operator.py for tasks to queue
[2023-07-19T16:37:27.977+0000] {logging_mixin.py:150} INFO - [2023-07-19T16:37:27.977+0000] {dagbag.py:541} INFO - Filling up the DagBag from /home/airflow/.local/lib/python3.7/site-packages/airflow/example_dags/example_branch_datetime_operator.py
[2023-07-19T16:37:28.032+0000] {processor.py:836} INFO - DAG(s) dict_keys(['example_branch_datetime_operator_2', 'example_branch_datetime_operator_3', 'example_branch_datetime_operator']) retrieved from /home/airflow/.local/lib/python3.7/site-packages/airflow/example_dags/example_branch_datetime_operator.py
[2023-07-19T16:37:28.213+0000] {logging_mixin.py:150} INFO - [2023-07-19T16:37:28.213+0000] {dag.py:2742} INFO - Sync 3 DAGs
[2023-07-19T16:37:28.299+0000] {logging_mixin.py:150} INFO - [2023-07-19T16:37:28.296+0000] {dag.py:3508} INFO - Setting next_dagrun for example_branch_datetime_operator to 2023-07-18T00:00:00+00:00, run_after=2023-07-19T00:00:00+00:00
[2023-07-19T16:37:28.307+0000] {logging_mixin.py:150} INFO - [2023-07-19T16:37:28.307+0000] {dag.py:3508} INFO - Setting next_dagrun for example_branch_datetime_operator_2 to 2023-07-18T00:00:00+00:00, run_after=2023-07-19T00:00:00+00:00
[2023-07-19T16:37:28.309+0000] {logging_mixin.py:150} INFO - [2023-07-19T16:37:28.309+0000] {dag.py:3508} INFO - Setting next_dagrun for example_branch_datetime_operator_3 to 2023-07-18T00:00:00+00:00, run_after=2023-07-19T00:00:00+00:00
[2023-07-19T16:37:28.346+0000] {processor.py:179} INFO - Processing /home/airflow/.local/lib/python3.7/site-packages/airflow/example_dags/example_branch_datetime_operator.py took 0.402 seconds
[2023-07-19T16:37:58.878+0000] {processor.py:157} INFO - Started process (PID=604) to work on /home/airflow/.local/lib/python3.7/site-packages/airflow/example_dags/example_branch_datetime_operator.py
[2023-07-19T16:37:58.879+0000] {processor.py:826} INFO - Processing file /home/airflow/.local/lib/python3.7/site-packages/airflow/example_dags/example_branch_datetime_operator.py for tasks to queue
[2023-07-19T16:37:58.880+0000] {logging_mixin.py:150} INFO - [2023-07-19T16:37:58.880+0000] {dagbag.py:541} INFO - Filling up the DagBag from /home/airflow/.local/lib/python3.7/site-packages/airflow/example_dags/example_branch_datetime_operator.py
[2023-07-19T16:37:58.885+0000] {processor.py:836} INFO - DAG(s) dict_keys(['example_branch_datetime_operator_3', 'example_branch_datetime_operator', 'example_branch_datetime_operator_2']) retrieved from /home/airflow/.local/lib/python3.7/site-packages/airflow/example_dags/example_branch_datetime_operator.py
[2023-07-19T16:37:58.906+0000] {logging_mixin.py:150} INFO - [2023-07-19T16:37:58.906+0000] {dag.py:2742} INFO - Sync 3 DAGs
[2023-07-19T16:37:58.921+0000] {logging_mixin.py:150} INFO - [2023-07-19T16:37:58.921+0000] {dag.py:3508} INFO - Setting next_dagrun for example_branch_datetime_operator to 2023-07-18T00:00:00+00:00, run_after=2023-07-19T00:00:00+00:00
[2023-07-19T16:37:58.923+0000] {logging_mixin.py:150} INFO - [2023-07-19T16:37:58.923+0000] {dag.py:3508} INFO - Setting next_dagrun for example_branch_datetime_operator_2 to 2023-07-18T00:00:00+00:00, run_after=2023-07-19T00:00:00+00:00
[2023-07-19T16:37:58.924+0000] {logging_mixin.py:150} INFO - [2023-07-19T16:37:58.924+0000] {dag.py:3508} INFO - Setting next_dagrun for example_branch_datetime_operator_3 to 2023-07-18T00:00:00+00:00, run_after=2023-07-19T00:00:00+00:00
[2023-07-19T16:37:58.935+0000] {processor.py:179} INFO - Processing /home/airflow/.local/lib/python3.7/site-packages/airflow/example_dags/example_branch_datetime_operator.py took 0.062 seconds
[2023-07-19T16:38:29.210+0000] {processor.py:157} INFO - Started process (PID=659) to work on /home/airflow/.local/lib/python3.7/site-packages/airflow/example_dags/example_branch_datetime_operator.py
[2023-07-19T16:38:29.214+0000] {processor.py:826} INFO - Processing file /home/airflow/.local/lib/python3.7/site-packages/airflow/example_dags/example_branch_datetime_operator.py for tasks to queue
[2023-07-19T16:38:29.214+0000] {logging_mixin.py:150} INFO - [2023-07-19T16:38:29.214+0000] {dagbag.py:541} INFO - Filling up the DagBag from /home/airflow/.local/lib/python3.7/site-packages/airflow/example_dags/example_branch_datetime_operator.py
[2023-07-19T16:38:29.220+0000] {processor.py:836} INFO - DAG(s) dict_keys(['example_branch_datetime_operator_3', 'example_branch_datetime_operator', 'example_branch_datetime_operator_2']) retrieved from /home/airflow/.local/lib/python3.7/site-packages/airflow/example_dags/example_branch_datetime_operator.py
[2023-07-19T16:38:29.314+0000] {logging_mixin.py:150} INFO - [2023-07-19T16:38:29.314+0000] {dag.py:2742} INFO - Sync 3 DAGs
[2023-07-19T16:38:29.357+0000] {logging_mixin.py:150} INFO - [2023-07-19T16:38:29.357+0000] {dag.py:3508} INFO - Setting next_dagrun for example_branch_datetime_operator to 2023-07-18T00:00:00+00:00, run_after=2023-07-19T00:00:00+00:00
[2023-07-19T16:38:29.366+0000] {logging_mixin.py:150} INFO - [2023-07-19T16:38:29.366+0000] {dag.py:3508} INFO - Setting next_dagrun for example_branch_datetime_operator_2 to 2023-07-18T00:00:00+00:00, run_after=2023-07-19T00:00:00+00:00
[2023-07-19T16:38:29.370+0000] {logging_mixin.py:150} INFO - [2023-07-19T16:38:29.370+0000] {dag.py:3508} INFO - Setting next_dagrun for example_branch_datetime_operator_3 to 2023-07-18T00:00:00+00:00, run_after=2023-07-19T00:00:00+00:00
[2023-07-19T16:38:29.420+0000] {processor.py:179} INFO - Processing /home/airflow/.local/lib/python3.7/site-packages/airflow/example_dags/example_branch_datetime_operator.py took 0.221 seconds
[2023-07-19T16:38:59.511+0000] {processor.py:157} INFO - Started process (PID=714) to work on /home/airflow/.local/lib/python3.7/site-packages/airflow/example_dags/example_branch_datetime_operator.py
[2023-07-19T16:38:59.513+0000] {processor.py:826} INFO - Processing file /home/airflow/.local/lib/python3.7/site-packages/airflow/example_dags/example_branch_datetime_operator.py for tasks to queue
[2023-07-19T16:38:59.513+0000] {logging_mixin.py:150} INFO - [2023-07-19T16:38:59.513+0000] {dagbag.py:541} INFO - Filling up the DagBag from /home/airflow/.local/lib/python3.7/site-packages/airflow/example_dags/example_branch_datetime_operator.py
[2023-07-19T16:38:59.526+0000] {processor.py:836} INFO - DAG(s) dict_keys(['example_branch_datetime_operator', 'example_branch_datetime_operator_3', 'example_branch_datetime_operator_2']) retrieved from /home/airflow/.local/lib/python3.7/site-packages/airflow/example_dags/example_branch_datetime_operator.py
[2023-07-19T16:38:59.572+0000] {logging_mixin.py:150} INFO - [2023-07-19T16:38:59.572+0000] {dag.py:2742} INFO - Sync 3 DAGs
[2023-07-19T16:38:59.588+0000] {logging_mixin.py:150} INFO - [2023-07-19T16:38:59.587+0000] {dag.py:3508} INFO - Setting next_dagrun for example_branch_datetime_operator to 2023-07-18T00:00:00+00:00, run_after=2023-07-19T00:00:00+00:00
[2023-07-19T16:38:59.589+0000] {logging_mixin.py:150} INFO - [2023-07-19T16:38:59.589+0000] {dag.py:3508} INFO - Setting next_dagrun for example_branch_datetime_operator_2 to 2023-07-18T00:00:00+00:00, run_after=2023-07-19T00:00:00+00:00
[2023-07-19T16:38:59.590+0000] {logging_mixin.py:150} INFO - [2023-07-19T16:38:59.590+0000] {dag.py:3508} INFO - Setting next_dagrun for example_branch_datetime_operator_3 to 2023-07-18T00:00:00+00:00, run_after=2023-07-19T00:00:00+00:00
[2023-07-19T16:38:59.605+0000] {processor.py:179} INFO - Processing /home/airflow/.local/lib/python3.7/site-packages/airflow/example_dags/example_branch_datetime_operator.py took 0.105 seconds
[2023-07-19T16:39:29.643+0000] {processor.py:157} INFO - Started process (PID=769) to work on /home/airflow/.local/lib/python3.7/site-packages/airflow/example_dags/example_branch_datetime_operator.py
[2023-07-19T16:39:29.644+0000] {processor.py:826} INFO - Processing file /home/airflow/.local/lib/python3.7/site-packages/airflow/example_dags/example_branch_datetime_operator.py for tasks to queue
[2023-07-19T16:39:29.644+0000] {logging_mixin.py:150} INFO - [2023-07-19T16:39:29.644+0000] {dagbag.py:541} INFO - Filling up the DagBag from /home/airflow/.local/lib/python3.7/site-packages/airflow/example_dags/example_branch_datetime_operator.py
[2023-07-19T16:39:29.652+0000] {processor.py:836} INFO - DAG(s) dict_keys(['example_branch_datetime_operator_2', 'example_branch_datetime_operator', 'example_branch_datetime_operator_3']) retrieved from /home/airflow/.local/lib/python3.7/site-packages/airflow/example_dags/example_branch_datetime_operator.py
[2023-07-19T16:39:29.672+0000] {logging_mixin.py:150} INFO - [2023-07-19T16:39:29.672+0000] {dag.py:2742} INFO - Sync 3 DAGs
[2023-07-19T16:39:29.686+0000] {logging_mixin.py:150} INFO - [2023-07-19T16:39:29.686+0000] {dag.py:3508} INFO - Setting next_dagrun for example_branch_datetime_operator to 2023-07-18T00:00:00+00:00, run_after=2023-07-19T00:00:00+00:00
[2023-07-19T16:39:29.689+0000] {logging_mixin.py:150} INFO - [2023-07-19T16:39:29.689+0000] {dag.py:3508} INFO - Setting next_dagrun for example_branch_datetime_operator_2 to 2023-07-18T00:00:00+00:00, run_after=2023-07-19T00:00:00+00:00
[2023-07-19T16:39:29.690+0000] {logging_mixin.py:150} INFO - [2023-07-19T16:39:29.690+0000] {dag.py:3508} INFO - Setting next_dagrun for example_branch_datetime_operator_3 to 2023-07-18T00:00:00+00:00, run_after=2023-07-19T00:00:00+00:00
[2023-07-19T16:39:29.698+0000] {processor.py:179} INFO - Processing /home/airflow/.local/lib/python3.7/site-packages/airflow/example_dags/example_branch_datetime_operator.py took 0.058 seconds
[2023-07-19T16:40:10.226+0000] {processor.py:157} INFO - Started process (PID=824) to work on /home/airflow/.local/lib/python3.7/site-packages/airflow/example_dags/example_branch_datetime_operator.py
[2023-07-19T16:40:10.229+0000] {processor.py:826} INFO - Processing file /home/airflow/.local/lib/python3.7/site-packages/airflow/example_dags/example_branch_datetime_operator.py for tasks to queue
[2023-07-19T16:40:10.230+0000] {logging_mixin.py:150} INFO - [2023-07-19T16:40:10.230+0000] {dagbag.py:541} INFO - Filling up the DagBag from /home/airflow/.local/lib/python3.7/site-packages/airflow/example_dags/example_branch_datetime_operator.py
[2023-07-19T16:40:10.254+0000] {processor.py:836} INFO - DAG(s) dict_keys(['example_branch_datetime_operator', 'example_branch_datetime_operator_2', 'example_branch_datetime_operator_3']) retrieved from /home/airflow/.local/lib/python3.7/site-packages/airflow/example_dags/example_branch_datetime_operator.py
[2023-07-19T16:40:10.450+0000] {logging_mixin.py:150} INFO - [2023-07-19T16:40:10.450+0000] {dag.py:2742} INFO - Sync 3 DAGs
[2023-07-19T16:40:10.602+0000] {logging_mixin.py:150} INFO - [2023-07-19T16:40:10.602+0000] {dag.py:3508} INFO - Setting next_dagrun for example_branch_datetime_operator to 2023-07-18T00:00:00+00:00, run_after=2023-07-19T00:00:00+00:00
[2023-07-19T16:40:10.650+0000] {logging_mixin.py:150} INFO - [2023-07-19T16:40:10.650+0000] {dag.py:3508} INFO - Setting next_dagrun for example_branch_datetime_operator_2 to 2023-07-18T00:00:00+00:00, run_after=2023-07-19T00:00:00+00:00
[2023-07-19T16:40:10.663+0000] {logging_mixin.py:150} INFO - [2023-07-19T16:40:10.663+0000] {dag.py:3508} INFO - Setting next_dagrun for example_branch_datetime_operator_3 to 2023-07-18T00:00:00+00:00, run_after=2023-07-19T00:00:00+00:00
[2023-07-19T16:40:10.788+0000] {processor.py:179} INFO - Processing /home/airflow/.local/lib/python3.7/site-packages/airflow/example_dags/example_branch_datetime_operator.py took 0.568 seconds
[2023-07-19T16:40:41.316+0000] {processor.py:157} INFO - Started process (PID=879) to work on /home/airflow/.local/lib/python3.7/site-packages/airflow/example_dags/example_branch_datetime_operator.py
[2023-07-19T16:40:41.317+0000] {processor.py:826} INFO - Processing file /home/airflow/.local/lib/python3.7/site-packages/airflow/example_dags/example_branch_datetime_operator.py for tasks to queue
[2023-07-19T16:40:41.318+0000] {logging_mixin.py:150} INFO - [2023-07-19T16:40:41.318+0000] {dagbag.py:541} INFO - Filling up the DagBag from /home/airflow/.local/lib/python3.7/site-packages/airflow/example_dags/example_branch_datetime_operator.py
[2023-07-19T16:40:41.327+0000] {processor.py:836} INFO - DAG(s) dict_keys(['example_branch_datetime_operator_3', 'example_branch_datetime_operator', 'example_branch_datetime_operator_2']) retrieved from /home/airflow/.local/lib/python3.7/site-packages/airflow/example_dags/example_branch_datetime_operator.py
[2023-07-19T16:40:41.365+0000] {logging_mixin.py:150} INFO - [2023-07-19T16:40:41.364+0000] {dag.py:2742} INFO - Sync 3 DAGs
[2023-07-19T16:40:41.383+0000] {logging_mixin.py:150} INFO - [2023-07-19T16:40:41.383+0000] {dag.py:3508} INFO - Setting next_dagrun for example_branch_datetime_operator to 2023-07-18T00:00:00+00:00, run_after=2023-07-19T00:00:00+00:00
[2023-07-19T16:40:41.387+0000] {logging_mixin.py:150} INFO - [2023-07-19T16:40:41.387+0000] {dag.py:3508} INFO - Setting next_dagrun for example_branch_datetime_operator_2 to 2023-07-18T00:00:00+00:00, run_after=2023-07-19T00:00:00+00:00
[2023-07-19T16:40:41.393+0000] {logging_mixin.py:150} INFO - [2023-07-19T16:40:41.393+0000] {dag.py:3508} INFO - Setting next_dagrun for example_branch_datetime_operator_3 to 2023-07-18T00:00:00+00:00, run_after=2023-07-19T00:00:00+00:00
[2023-07-19T16:40:41.404+0000] {processor.py:179} INFO - Processing /home/airflow/.local/lib/python3.7/site-packages/airflow/example_dags/example_branch_datetime_operator.py took 0.091 seconds
[2023-07-19T16:41:11.507+0000] {processor.py:157} INFO - Started process (PID=933) to work on /home/airflow/.local/lib/python3.7/site-packages/airflow/example_dags/example_branch_datetime_operator.py
[2023-07-19T16:41:11.509+0000] {processor.py:826} INFO - Processing file /home/airflow/.local/lib/python3.7/site-packages/airflow/example_dags/example_branch_datetime_operator.py for tasks to queue
[2023-07-19T16:41:11.509+0000] {logging_mixin.py:150} INFO - [2023-07-19T16:41:11.509+0000] {dagbag.py:541} INFO - Filling up the DagBag from /home/airflow/.local/lib/python3.7/site-packages/airflow/example_dags/example_branch_datetime_operator.py
[2023-07-19T16:41:11.519+0000] {processor.py:836} INFO - DAG(s) dict_keys(['example_branch_datetime_operator', 'example_branch_datetime_operator_2', 'example_branch_datetime_operator_3']) retrieved from /home/airflow/.local/lib/python3.7/site-packages/airflow/example_dags/example_branch_datetime_operator.py
[2023-07-19T16:41:11.539+0000] {logging_mixin.py:150} INFO - [2023-07-19T16:41:11.539+0000] {dag.py:2742} INFO - Sync 3 DAGs
[2023-07-19T16:41:11.554+0000] {logging_mixin.py:150} INFO - [2023-07-19T16:41:11.554+0000] {dag.py:3508} INFO - Setting next_dagrun for example_branch_datetime_operator to 2023-07-18T00:00:00+00:00, run_after=2023-07-19T00:00:00+00:00
[2023-07-19T16:41:11.556+0000] {logging_mixin.py:150} INFO - [2023-07-19T16:41:11.556+0000] {dag.py:3508} INFO - Setting next_dagrun for example_branch_datetime_operator_2 to 2023-07-18T00:00:00+00:00, run_after=2023-07-19T00:00:00+00:00
[2023-07-19T16:41:11.557+0000] {logging_mixin.py:150} INFO - [2023-07-19T16:41:11.557+0000] {dag.py:3508} INFO - Setting next_dagrun for example_branch_datetime_operator_3 to 2023-07-18T00:00:00+00:00, run_after=2023-07-19T00:00:00+00:00
[2023-07-19T16:41:11.567+0000] {processor.py:179} INFO - Processing /home/airflow/.local/lib/python3.7/site-packages/airflow/example_dags/example_branch_datetime_operator.py took 0.064 seconds
[2023-07-19T16:41:41.869+0000] {processor.py:157} INFO - Started process (PID=988) to work on /home/airflow/.local/lib/python3.7/site-packages/airflow/example_dags/example_branch_datetime_operator.py
[2023-07-19T16:41:41.870+0000] {processor.py:826} INFO - Processing file /home/airflow/.local/lib/python3.7/site-packages/airflow/example_dags/example_branch_datetime_operator.py for tasks to queue
[2023-07-19T16:41:41.871+0000] {logging_mixin.py:150} INFO - [2023-07-19T16:41:41.871+0000] {dagbag.py:541} INFO - Filling up the DagBag from /home/airflow/.local/lib/python3.7/site-packages/airflow/example_dags/example_branch_datetime_operator.py
[2023-07-19T16:41:41.971+0000] {processor.py:836} INFO - DAG(s) dict_keys(['example_branch_datetime_operator', 'example_branch_datetime_operator_3', 'example_branch_datetime_operator_2']) retrieved from /home/airflow/.local/lib/python3.7/site-packages/airflow/example_dags/example_branch_datetime_operator.py
[2023-07-19T16:41:42.037+0000] {logging_mixin.py:150} INFO - [2023-07-19T16:41:42.037+0000] {dag.py:2742} INFO - Sync 3 DAGs
[2023-07-19T16:41:42.071+0000] {logging_mixin.py:150} INFO - [2023-07-19T16:41:42.071+0000] {dag.py:3508} INFO - Setting next_dagrun for example_branch_datetime_operator to 2023-07-18T00:00:00+00:00, run_after=2023-07-19T00:00:00+00:00
[2023-07-19T16:41:42.075+0000] {logging_mixin.py:150} INFO - [2023-07-19T16:41:42.075+0000] {dag.py:3508} INFO - Setting next_dagrun for example_branch_datetime_operator_2 to 2023-07-18T00:00:00+00:00, run_after=2023-07-19T00:00:00+00:00
[2023-07-19T16:41:42.080+0000] {logging_mixin.py:150} INFO - [2023-07-19T16:41:42.080+0000] {dag.py:3508} INFO - Setting next_dagrun for example_branch_datetime_operator_3 to 2023-07-18T00:00:00+00:00, run_after=2023-07-19T00:00:00+00:00
[2023-07-19T16:41:42.101+0000] {processor.py:179} INFO - Processing /home/airflow/.local/lib/python3.7/site-packages/airflow/example_dags/example_branch_datetime_operator.py took 0.245 seconds
[2023-07-19T16:42:12.346+0000] {processor.py:157} INFO - Started process (PID=1043) to work on /home/airflow/.local/lib/python3.7/site-packages/airflow/example_dags/example_branch_datetime_operator.py
[2023-07-19T16:42:12.347+0000] {processor.py:826} INFO - Processing file /home/airflow/.local/lib/python3.7/site-packages/airflow/example_dags/example_branch_datetime_operator.py for tasks to queue
[2023-07-19T16:42:12.348+0000] {logging_mixin.py:150} INFO - [2023-07-19T16:42:12.347+0000] {dagbag.py:541} INFO - Filling up the DagBag from /home/airflow/.local/lib/python3.7/site-packages/airflow/example_dags/example_branch_datetime_operator.py
[2023-07-19T16:42:12.357+0000] {processor.py:836} INFO - DAG(s) dict_keys(['example_branch_datetime_operator', 'example_branch_datetime_operator_2', 'example_branch_datetime_operator_3']) retrieved from /home/airflow/.local/lib/python3.7/site-packages/airflow/example_dags/example_branch_datetime_operator.py
[2023-07-19T16:42:12.378+0000] {logging_mixin.py:150} INFO - [2023-07-19T16:42:12.378+0000] {dag.py:2742} INFO - Sync 3 DAGs
[2023-07-19T16:42:12.392+0000] {logging_mixin.py:150} INFO - [2023-07-19T16:42:12.392+0000] {dag.py:3508} INFO - Setting next_dagrun for example_branch_datetime_operator to 2023-07-18T00:00:00+00:00, run_after=2023-07-19T00:00:00+00:00
[2023-07-19T16:42:12.394+0000] {logging_mixin.py:150} INFO - [2023-07-19T16:42:12.394+0000] {dag.py:3508} INFO - Setting next_dagrun for example_branch_datetime_operator_2 to 2023-07-18T00:00:00+00:00, run_after=2023-07-19T00:00:00+00:00
[2023-07-19T16:42:12.397+0000] {logging_mixin.py:150} INFO - [2023-07-19T16:42:12.397+0000] {dag.py:3508} INFO - Setting next_dagrun for example_branch_datetime_operator_3 to 2023-07-18T00:00:00+00:00, run_after=2023-07-19T00:00:00+00:00
[2023-07-19T16:42:12.404+0000] {processor.py:179} INFO - Processing /home/airflow/.local/lib/python3.7/site-packages/airflow/example_dags/example_branch_datetime_operator.py took 0.061 seconds
[2023-07-19T16:42:42.731+0000] {processor.py:157} INFO - Started process (PID=1097) to work on /home/airflow/.local/lib/python3.7/site-packages/airflow/example_dags/example_branch_datetime_operator.py
[2023-07-19T16:42:42.731+0000] {processor.py:826} INFO - Processing file /home/airflow/.local/lib/python3.7/site-packages/airflow/example_dags/example_branch_datetime_operator.py for tasks to queue
[2023-07-19T16:42:42.732+0000] {logging_mixin.py:150} INFO - [2023-07-19T16:42:42.731+0000] {dagbag.py:541} INFO - Filling up the DagBag from /home/airflow/.local/lib/python3.7/site-packages/airflow/example_dags/example_branch_datetime_operator.py
[2023-07-19T16:42:42.741+0000] {processor.py:836} INFO - DAG(s) dict_keys(['example_branch_datetime_operator', 'example_branch_datetime_operator_3', 'example_branch_datetime_operator_2']) retrieved from /home/airflow/.local/lib/python3.7/site-packages/airflow/example_dags/example_branch_datetime_operator.py
[2023-07-19T16:42:42.761+0000] {logging_mixin.py:150} INFO - [2023-07-19T16:42:42.761+0000] {dag.py:2742} INFO - Sync 3 DAGs
[2023-07-19T16:42:42.778+0000] {logging_mixin.py:150} INFO - [2023-07-19T16:42:42.778+0000] {dag.py:3508} INFO - Setting next_dagrun for example_branch_datetime_operator to 2023-07-18T00:00:00+00:00, run_after=2023-07-19T00:00:00+00:00
[2023-07-19T16:42:42.780+0000] {logging_mixin.py:150} INFO - [2023-07-19T16:42:42.780+0000] {dag.py:3508} INFO - Setting next_dagrun for example_branch_datetime_operator_2 to 2023-07-18T00:00:00+00:00, run_after=2023-07-19T00:00:00+00:00
[2023-07-19T16:42:42.781+0000] {logging_mixin.py:150} INFO - [2023-07-19T16:42:42.781+0000] {dag.py:3508} INFO - Setting next_dagrun for example_branch_datetime_operator_3 to 2023-07-18T00:00:00+00:00, run_after=2023-07-19T00:00:00+00:00
[2023-07-19T16:42:42.788+0000] {processor.py:179} INFO - Processing /home/airflow/.local/lib/python3.7/site-packages/airflow/example_dags/example_branch_datetime_operator.py took 0.059 seconds
[2023-07-19T16:43:13.383+0000] {processor.py:157} INFO - Started process (PID=1152) to work on /home/airflow/.local/lib/python3.7/site-packages/airflow/example_dags/example_branch_datetime_operator.py
[2023-07-19T16:43:13.384+0000] {processor.py:826} INFO - Processing file /home/airflow/.local/lib/python3.7/site-packages/airflow/example_dags/example_branch_datetime_operator.py for tasks to queue
[2023-07-19T16:43:13.385+0000] {logging_mixin.py:150} INFO - [2023-07-19T16:43:13.384+0000] {dagbag.py:541} INFO - Filling up the DagBag from /home/airflow/.local/lib/python3.7/site-packages/airflow/example_dags/example_branch_datetime_operator.py
[2023-07-19T16:43:13.397+0000] {processor.py:836} INFO - DAG(s) dict_keys(['example_branch_datetime_operator_2', 'example_branch_datetime_operator', 'example_branch_datetime_operator_3']) retrieved from /home/airflow/.local/lib/python3.7/site-packages/airflow/example_dags/example_branch_datetime_operator.py
[2023-07-19T16:43:13.425+0000] {logging_mixin.py:150} INFO - [2023-07-19T16:43:13.425+0000] {dag.py:2742} INFO - Sync 3 DAGs
[2023-07-19T16:43:13.440+0000] {logging_mixin.py:150} INFO - [2023-07-19T16:43:13.440+0000] {dag.py:3508} INFO - Setting next_dagrun for example_branch_datetime_operator to 2023-07-18T00:00:00+00:00, run_after=2023-07-19T00:00:00+00:00
[2023-07-19T16:43:13.442+0000] {logging_mixin.py:150} INFO - [2023-07-19T16:43:13.442+0000] {dag.py:3508} INFO - Setting next_dagrun for example_branch_datetime_operator_2 to 2023-07-18T00:00:00+00:00, run_after=2023-07-19T00:00:00+00:00
[2023-07-19T16:43:13.443+0000] {logging_mixin.py:150} INFO - [2023-07-19T16:43:13.443+0000] {dag.py:3508} INFO - Setting next_dagrun for example_branch_datetime_operator_3 to 2023-07-18T00:00:00+00:00, run_after=2023-07-19T00:00:00+00:00
[2023-07-19T16:43:13.450+0000] {processor.py:179} INFO - Processing /home/airflow/.local/lib/python3.7/site-packages/airflow/example_dags/example_branch_datetime_operator.py took 0.070 seconds
[2023-07-19T16:43:44.118+0000] {processor.py:157} INFO - Started process (PID=1208) to work on /home/airflow/.local/lib/python3.7/site-packages/airflow/example_dags/example_branch_datetime_operator.py
[2023-07-19T16:43:44.118+0000] {processor.py:826} INFO - Processing file /home/airflow/.local/lib/python3.7/site-packages/airflow/example_dags/example_branch_datetime_operator.py for tasks to queue
[2023-07-19T16:43:44.119+0000] {logging_mixin.py:150} INFO - [2023-07-19T16:43:44.119+0000] {dagbag.py:541} INFO - Filling up the DagBag from /home/airflow/.local/lib/python3.7/site-packages/airflow/example_dags/example_branch_datetime_operator.py
[2023-07-19T16:43:44.127+0000] {processor.py:836} INFO - DAG(s) dict_keys(['example_branch_datetime_operator_2', 'example_branch_datetime_operator', 'example_branch_datetime_operator_3']) retrieved from /home/airflow/.local/lib/python3.7/site-packages/airflow/example_dags/example_branch_datetime_operator.py
[2023-07-19T16:43:44.144+0000] {logging_mixin.py:150} INFO - [2023-07-19T16:43:44.144+0000] {dag.py:2742} INFO - Sync 3 DAGs
[2023-07-19T16:43:44.158+0000] {logging_mixin.py:150} INFO - [2023-07-19T16:43:44.158+0000] {dag.py:3508} INFO - Setting next_dagrun for example_branch_datetime_operator to 2023-07-18T00:00:00+00:00, run_after=2023-07-19T00:00:00+00:00
[2023-07-19T16:43:44.160+0000] {logging_mixin.py:150} INFO - [2023-07-19T16:43:44.160+0000] {dag.py:3508} INFO - Setting next_dagrun for example_branch_datetime_operator_2 to 2023-07-18T00:00:00+00:00, run_after=2023-07-19T00:00:00+00:00
[2023-07-19T16:43:44.161+0000] {logging_mixin.py:150} INFO - [2023-07-19T16:43:44.161+0000] {dag.py:3508} INFO - Setting next_dagrun for example_branch_datetime_operator_3 to 2023-07-18T00:00:00+00:00, run_after=2023-07-19T00:00:00+00:00
[2023-07-19T16:43:44.170+0000] {processor.py:179} INFO - Processing /home/airflow/.local/lib/python3.7/site-packages/airflow/example_dags/example_branch_datetime_operator.py took 0.055 seconds
[2023-07-19T16:44:14.850+0000] {processor.py:157} INFO - Started process (PID=1263) to work on /home/airflow/.local/lib/python3.7/site-packages/airflow/example_dags/example_branch_datetime_operator.py
[2023-07-19T16:44:14.851+0000] {processor.py:826} INFO - Processing file /home/airflow/.local/lib/python3.7/site-packages/airflow/example_dags/example_branch_datetime_operator.py for tasks to queue
[2023-07-19T16:44:14.852+0000] {logging_mixin.py:150} INFO - [2023-07-19T16:44:14.852+0000] {dagbag.py:541} INFO - Filling up the DagBag from /home/airflow/.local/lib/python3.7/site-packages/airflow/example_dags/example_branch_datetime_operator.py
[2023-07-19T16:44:14.869+0000] {processor.py:836} INFO - DAG(s) dict_keys(['example_branch_datetime_operator_3', 'example_branch_datetime_operator_2', 'example_branch_datetime_operator']) retrieved from /home/airflow/.local/lib/python3.7/site-packages/airflow/example_dags/example_branch_datetime_operator.py
[2023-07-19T16:44:14.996+0000] {logging_mixin.py:150} INFO - [2023-07-19T16:44:14.996+0000] {dag.py:2742} INFO - Sync 3 DAGs
[2023-07-19T16:44:15.067+0000] {logging_mixin.py:150} INFO - [2023-07-19T16:44:15.066+0000] {dag.py:3508} INFO - Setting next_dagrun for example_branch_datetime_operator to 2023-07-18T00:00:00+00:00, run_after=2023-07-19T00:00:00+00:00
[2023-07-19T16:44:15.070+0000] {logging_mixin.py:150} INFO - [2023-07-19T16:44:15.070+0000] {dag.py:3508} INFO - Setting next_dagrun for example_branch_datetime_operator_2 to 2023-07-18T00:00:00+00:00, run_after=2023-07-19T00:00:00+00:00
[2023-07-19T16:44:15.073+0000] {logging_mixin.py:150} INFO - [2023-07-19T16:44:15.073+0000] {dag.py:3508} INFO - Setting next_dagrun for example_branch_datetime_operator_3 to 2023-07-18T00:00:00+00:00, run_after=2023-07-19T00:00:00+00:00
[2023-07-19T16:44:15.120+0000] {processor.py:179} INFO - Processing /home/airflow/.local/lib/python3.7/site-packages/airflow/example_dags/example_branch_datetime_operator.py took 0.274 seconds
[2023-07-19T16:44:45.750+0000] {processor.py:157} INFO - Started process (PID=1325) to work on /home/airflow/.local/lib/python3.7/site-packages/airflow/example_dags/example_branch_datetime_operator.py
[2023-07-19T16:44:45.750+0000] {processor.py:826} INFO - Processing file /home/airflow/.local/lib/python3.7/site-packages/airflow/example_dags/example_branch_datetime_operator.py for tasks to queue
[2023-07-19T16:44:45.751+0000] {logging_mixin.py:150} INFO - [2023-07-19T16:44:45.751+0000] {dagbag.py:541} INFO - Filling up the DagBag from /home/airflow/.local/lib/python3.7/site-packages/airflow/example_dags/example_branch_datetime_operator.py
[2023-07-19T16:44:45.766+0000] {processor.py:836} INFO - DAG(s) dict_keys(['example_branch_datetime_operator_3', 'example_branch_datetime_operator_2', 'example_branch_datetime_operator']) retrieved from /home/airflow/.local/lib/python3.7/site-packages/airflow/example_dags/example_branch_datetime_operator.py
[2023-07-19T16:44:45.788+0000] {logging_mixin.py:150} INFO - [2023-07-19T16:44:45.788+0000] {dag.py:2742} INFO - Sync 3 DAGs
[2023-07-19T16:44:45.803+0000] {logging_mixin.py:150} INFO - [2023-07-19T16:44:45.803+0000] {dag.py:3508} INFO - Setting next_dagrun for example_branch_datetime_operator to 2023-07-18T00:00:00+00:00, run_after=2023-07-19T00:00:00+00:00
[2023-07-19T16:44:45.805+0000] {logging_mixin.py:150} INFO - [2023-07-19T16:44:45.805+0000] {dag.py:3508} INFO - Setting next_dagrun for example_branch_datetime_operator_2 to 2023-07-18T00:00:00+00:00, run_after=2023-07-19T00:00:00+00:00
[2023-07-19T16:44:45.806+0000] {logging_mixin.py:150} INFO - [2023-07-19T16:44:45.806+0000] {dag.py:3508} INFO - Setting next_dagrun for example_branch_datetime_operator_3 to 2023-07-18T00:00:00+00:00, run_after=2023-07-19T00:00:00+00:00
[2023-07-19T16:44:45.814+0000] {processor.py:179} INFO - Processing /home/airflow/.local/lib/python3.7/site-packages/airflow/example_dags/example_branch_datetime_operator.py took 0.067 seconds
[2023-07-19T16:45:16.751+0000] {processor.py:157} INFO - Started process (PID=1380) to work on /home/airflow/.local/lib/python3.7/site-packages/airflow/example_dags/example_branch_datetime_operator.py
[2023-07-19T16:45:16.752+0000] {processor.py:826} INFO - Processing file /home/airflow/.local/lib/python3.7/site-packages/airflow/example_dags/example_branch_datetime_operator.py for tasks to queue
[2023-07-19T16:45:16.752+0000] {logging_mixin.py:150} INFO - [2023-07-19T16:45:16.752+0000] {dagbag.py:541} INFO - Filling up the DagBag from /home/airflow/.local/lib/python3.7/site-packages/airflow/example_dags/example_branch_datetime_operator.py
[2023-07-19T16:45:16.763+0000] {processor.py:836} INFO - DAG(s) dict_keys(['example_branch_datetime_operator_2', 'example_branch_datetime_operator_3', 'example_branch_datetime_operator']) retrieved from /home/airflow/.local/lib/python3.7/site-packages/airflow/example_dags/example_branch_datetime_operator.py
[2023-07-19T16:45:16.783+0000] {logging_mixin.py:150} INFO - [2023-07-19T16:45:16.783+0000] {dag.py:2742} INFO - Sync 3 DAGs
[2023-07-19T16:45:16.796+0000] {logging_mixin.py:150} INFO - [2023-07-19T16:45:16.796+0000] {dag.py:3508} INFO - Setting next_dagrun for example_branch_datetime_operator to 2023-07-18T00:00:00+00:00, run_after=2023-07-19T00:00:00+00:00
[2023-07-19T16:45:16.798+0000] {logging_mixin.py:150} INFO - [2023-07-19T16:45:16.798+0000] {dag.py:3508} INFO - Setting next_dagrun for example_branch_datetime_operator_2 to 2023-07-18T00:00:00+00:00, run_after=2023-07-19T00:00:00+00:00
[2023-07-19T16:45:16.799+0000] {logging_mixin.py:150} INFO - [2023-07-19T16:45:16.799+0000] {dag.py:3508} INFO - Setting next_dagrun for example_branch_datetime_operator_3 to 2023-07-18T00:00:00+00:00, run_after=2023-07-19T00:00:00+00:00
[2023-07-19T16:45:16.808+0000] {processor.py:179} INFO - Processing /home/airflow/.local/lib/python3.7/site-packages/airflow/example_dags/example_branch_datetime_operator.py took 0.061 seconds
[2023-07-19T16:45:46.896+0000] {processor.py:157} INFO - Started process (PID=1435) to work on /home/airflow/.local/lib/python3.7/site-packages/airflow/example_dags/example_branch_datetime_operator.py
[2023-07-19T16:45:46.902+0000] {processor.py:826} INFO - Processing file /home/airflow/.local/lib/python3.7/site-packages/airflow/example_dags/example_branch_datetime_operator.py for tasks to queue
[2023-07-19T16:45:46.902+0000] {logging_mixin.py:150} INFO - [2023-07-19T16:45:46.902+0000] {dagbag.py:541} INFO - Filling up the DagBag from /home/airflow/.local/lib/python3.7/site-packages/airflow/example_dags/example_branch_datetime_operator.py
[2023-07-19T16:45:46.915+0000] {processor.py:836} INFO - DAG(s) dict_keys(['example_branch_datetime_operator_2', 'example_branch_datetime_operator', 'example_branch_datetime_operator_3']) retrieved from /home/airflow/.local/lib/python3.7/site-packages/airflow/example_dags/example_branch_datetime_operator.py
[2023-07-19T16:45:46.960+0000] {logging_mixin.py:150} INFO - [2023-07-19T16:45:46.960+0000] {dag.py:2742} INFO - Sync 3 DAGs
[2023-07-19T16:45:46.992+0000] {logging_mixin.py:150} INFO - [2023-07-19T16:45:46.992+0000] {dag.py:3508} INFO - Setting next_dagrun for example_branch_datetime_operator to 2023-07-18T00:00:00+00:00, run_after=2023-07-19T00:00:00+00:00
[2023-07-19T16:45:46.998+0000] {logging_mixin.py:150} INFO - [2023-07-19T16:45:46.998+0000] {dag.py:3508} INFO - Setting next_dagrun for example_branch_datetime_operator_2 to 2023-07-18T00:00:00+00:00, run_after=2023-07-19T00:00:00+00:00
[2023-07-19T16:45:46.999+0000] {logging_mixin.py:150} INFO - [2023-07-19T16:45:46.999+0000] {dag.py:3508} INFO - Setting next_dagrun for example_branch_datetime_operator_3 to 2023-07-18T00:00:00+00:00, run_after=2023-07-19T00:00:00+00:00
[2023-07-19T16:45:47.037+0000] {processor.py:179} INFO - Processing /home/airflow/.local/lib/python3.7/site-packages/airflow/example_dags/example_branch_datetime_operator.py took 0.143 seconds
[2023-07-19T16:46:17.856+0000] {processor.py:157} INFO - Started process (PID=1490) to work on /home/airflow/.local/lib/python3.7/site-packages/airflow/example_dags/example_branch_datetime_operator.py
[2023-07-19T16:46:17.860+0000] {processor.py:826} INFO - Processing file /home/airflow/.local/lib/python3.7/site-packages/airflow/example_dags/example_branch_datetime_operator.py for tasks to queue
[2023-07-19T16:46:17.861+0000] {logging_mixin.py:150} INFO - [2023-07-19T16:46:17.861+0000] {dagbag.py:541} INFO - Filling up the DagBag from /home/airflow/.local/lib/python3.7/site-packages/airflow/example_dags/example_branch_datetime_operator.py
[2023-07-19T16:46:17.875+0000] {processor.py:836} INFO - DAG(s) dict_keys(['example_branch_datetime_operator_2', 'example_branch_datetime_operator_3', 'example_branch_datetime_operator']) retrieved from /home/airflow/.local/lib/python3.7/site-packages/airflow/example_dags/example_branch_datetime_operator.py
[2023-07-19T16:46:17.937+0000] {logging_mixin.py:150} INFO - [2023-07-19T16:46:17.937+0000] {dag.py:2742} INFO - Sync 3 DAGs
[2023-07-19T16:46:17.963+0000] {logging_mixin.py:150} INFO - [2023-07-19T16:46:17.963+0000] {dag.py:3508} INFO - Setting next_dagrun for example_branch_datetime_operator to 2023-07-18T00:00:00+00:00, run_after=2023-07-19T00:00:00+00:00
[2023-07-19T16:46:17.966+0000] {logging_mixin.py:150} INFO - [2023-07-19T16:46:17.966+0000] {dag.py:3508} INFO - Setting next_dagrun for example_branch_datetime_operator_2 to 2023-07-18T00:00:00+00:00, run_after=2023-07-19T00:00:00+00:00
[2023-07-19T16:46:17.967+0000] {logging_mixin.py:150} INFO - [2023-07-19T16:46:17.967+0000] {dag.py:3508} INFO - Setting next_dagrun for example_branch_datetime_operator_3 to 2023-07-18T00:00:00+00:00, run_after=2023-07-19T00:00:00+00:00
[2023-07-19T16:46:17.979+0000] {processor.py:179} INFO - Processing /home/airflow/.local/lib/python3.7/site-packages/airflow/example_dags/example_branch_datetime_operator.py took 0.126 seconds
[2023-07-19T16:46:48.531+0000] {processor.py:157} INFO - Started process (PID=1545) to work on /home/airflow/.local/lib/python3.7/site-packages/airflow/example_dags/example_branch_datetime_operator.py
[2023-07-19T16:46:48.532+0000] {processor.py:826} INFO - Processing file /home/airflow/.local/lib/python3.7/site-packages/airflow/example_dags/example_branch_datetime_operator.py for tasks to queue
[2023-07-19T16:46:48.533+0000] {logging_mixin.py:150} INFO - [2023-07-19T16:46:48.533+0000] {dagbag.py:541} INFO - Filling up the DagBag from /home/airflow/.local/lib/python3.7/site-packages/airflow/example_dags/example_branch_datetime_operator.py
[2023-07-19T16:46:48.546+0000] {processor.py:836} INFO - DAG(s) dict_keys(['example_branch_datetime_operator_2', 'example_branch_datetime_operator', 'example_branch_datetime_operator_3']) retrieved from /home/airflow/.local/lib/python3.7/site-packages/airflow/example_dags/example_branch_datetime_operator.py
[2023-07-19T16:46:48.571+0000] {logging_mixin.py:150} INFO - [2023-07-19T16:46:48.571+0000] {dag.py:2742} INFO - Sync 3 DAGs
[2023-07-19T16:46:48.584+0000] {logging_mixin.py:150} INFO - [2023-07-19T16:46:48.584+0000] {dag.py:3508} INFO - Setting next_dagrun for example_branch_datetime_operator to 2023-07-18T00:00:00+00:00, run_after=2023-07-19T00:00:00+00:00
[2023-07-19T16:46:48.586+0000] {logging_mixin.py:150} INFO - [2023-07-19T16:46:48.586+0000] {dag.py:3508} INFO - Setting next_dagrun for example_branch_datetime_operator_2 to 2023-07-18T00:00:00+00:00, run_after=2023-07-19T00:00:00+00:00
[2023-07-19T16:46:48.587+0000] {logging_mixin.py:150} INFO - [2023-07-19T16:46:48.587+0000] {dag.py:3508} INFO - Setting next_dagrun for example_branch_datetime_operator_3 to 2023-07-18T00:00:00+00:00, run_after=2023-07-19T00:00:00+00:00
[2023-07-19T16:46:48.595+0000] {processor.py:179} INFO - Processing /home/airflow/.local/lib/python3.7/site-packages/airflow/example_dags/example_branch_datetime_operator.py took 0.067 seconds
[2023-07-19T16:47:19.486+0000] {processor.py:157} INFO - Started process (PID=1599) to work on /home/airflow/.local/lib/python3.7/site-packages/airflow/example_dags/example_branch_datetime_operator.py
[2023-07-19T16:47:19.486+0000] {processor.py:826} INFO - Processing file /home/airflow/.local/lib/python3.7/site-packages/airflow/example_dags/example_branch_datetime_operator.py for tasks to queue
[2023-07-19T16:47:19.487+0000] {logging_mixin.py:150} INFO - [2023-07-19T16:47:19.487+0000] {dagbag.py:541} INFO - Filling up the DagBag from /home/airflow/.local/lib/python3.7/site-packages/airflow/example_dags/example_branch_datetime_operator.py
[2023-07-19T16:47:19.501+0000] {processor.py:836} INFO - DAG(s) dict_keys(['example_branch_datetime_operator_3', 'example_branch_datetime_operator_2', 'example_branch_datetime_operator']) retrieved from /home/airflow/.local/lib/python3.7/site-packages/airflow/example_dags/example_branch_datetime_operator.py
[2023-07-19T16:47:19.524+0000] {logging_mixin.py:150} INFO - [2023-07-19T16:47:19.524+0000] {dag.py:2742} INFO - Sync 3 DAGs
[2023-07-19T16:47:19.547+0000] {logging_mixin.py:150} INFO - [2023-07-19T16:47:19.547+0000] {dag.py:3508} INFO - Setting next_dagrun for example_branch_datetime_operator to 2023-07-18T00:00:00+00:00, run_after=2023-07-19T00:00:00+00:00
[2023-07-19T16:47:19.550+0000] {logging_mixin.py:150} INFO - [2023-07-19T16:47:19.549+0000] {dag.py:3508} INFO - Setting next_dagrun for example_branch_datetime_operator_2 to 2023-07-18T00:00:00+00:00, run_after=2023-07-19T00:00:00+00:00
[2023-07-19T16:47:19.551+0000] {logging_mixin.py:150} INFO - [2023-07-19T16:47:19.551+0000] {dag.py:3508} INFO - Setting next_dagrun for example_branch_datetime_operator_3 to 2023-07-18T00:00:00+00:00, run_after=2023-07-19T00:00:00+00:00
[2023-07-19T16:47:19.561+0000] {processor.py:179} INFO - Processing /home/airflow/.local/lib/python3.7/site-packages/airflow/example_dags/example_branch_datetime_operator.py took 0.080 seconds
[2023-07-19T16:47:50.416+0000] {processor.py:157} INFO - Started process (PID=1654) to work on /home/airflow/.local/lib/python3.7/site-packages/airflow/example_dags/example_branch_datetime_operator.py
[2023-07-19T16:47:50.416+0000] {processor.py:826} INFO - Processing file /home/airflow/.local/lib/python3.7/site-packages/airflow/example_dags/example_branch_datetime_operator.py for tasks to queue
[2023-07-19T16:47:50.417+0000] {logging_mixin.py:150} INFO - [2023-07-19T16:47:50.417+0000] {dagbag.py:541} INFO - Filling up the DagBag from /home/airflow/.local/lib/python3.7/site-packages/airflow/example_dags/example_branch_datetime_operator.py
[2023-07-19T16:47:50.426+0000] {processor.py:836} INFO - DAG(s) dict_keys(['example_branch_datetime_operator_3', 'example_branch_datetime_operator_2', 'example_branch_datetime_operator']) retrieved from /home/airflow/.local/lib/python3.7/site-packages/airflow/example_dags/example_branch_datetime_operator.py
[2023-07-19T16:47:50.463+0000] {logging_mixin.py:150} INFO - [2023-07-19T16:47:50.463+0000] {dag.py:2742} INFO - Sync 3 DAGs
[2023-07-19T16:47:50.479+0000] {logging_mixin.py:150} INFO - [2023-07-19T16:47:50.479+0000] {dag.py:3508} INFO - Setting next_dagrun for example_branch_datetime_operator to 2023-07-18T00:00:00+00:00, run_after=2023-07-19T00:00:00+00:00
[2023-07-19T16:47:50.482+0000] {logging_mixin.py:150} INFO - [2023-07-19T16:47:50.482+0000] {dag.py:3508} INFO - Setting next_dagrun for example_branch_datetime_operator_2 to 2023-07-18T00:00:00+00:00, run_after=2023-07-19T00:00:00+00:00
[2023-07-19T16:47:50.483+0000] {logging_mixin.py:150} INFO - [2023-07-19T16:47:50.483+0000] {dag.py:3508} INFO - Setting next_dagrun for example_branch_datetime_operator_3 to 2023-07-18T00:00:00+00:00, run_after=2023-07-19T00:00:00+00:00
[2023-07-19T16:47:50.492+0000] {processor.py:179} INFO - Processing /home/airflow/.local/lib/python3.7/site-packages/airflow/example_dags/example_branch_datetime_operator.py took 0.080 seconds
[2023-07-19T16:48:20.769+0000] {processor.py:157} INFO - Started process (PID=1709) to work on /home/airflow/.local/lib/python3.7/site-packages/airflow/example_dags/example_branch_datetime_operator.py
[2023-07-19T16:48:20.770+0000] {processor.py:826} INFO - Processing file /home/airflow/.local/lib/python3.7/site-packages/airflow/example_dags/example_branch_datetime_operator.py for tasks to queue
[2023-07-19T16:48:20.771+0000] {logging_mixin.py:150} INFO - [2023-07-19T16:48:20.771+0000] {dagbag.py:541} INFO - Filling up the DagBag from /home/airflow/.local/lib/python3.7/site-packages/airflow/example_dags/example_branch_datetime_operator.py
[2023-07-19T16:48:20.787+0000] {processor.py:836} INFO - DAG(s) dict_keys(['example_branch_datetime_operator_3', 'example_branch_datetime_operator_2', 'example_branch_datetime_operator']) retrieved from /home/airflow/.local/lib/python3.7/site-packages/airflow/example_dags/example_branch_datetime_operator.py
[2023-07-19T16:48:20.817+0000] {logging_mixin.py:150} INFO - [2023-07-19T16:48:20.817+0000] {dag.py:2742} INFO - Sync 3 DAGs
[2023-07-19T16:48:20.831+0000] {logging_mixin.py:150} INFO - [2023-07-19T16:48:20.831+0000] {dag.py:3508} INFO - Setting next_dagrun for example_branch_datetime_operator to 2023-07-18T00:00:00+00:00, run_after=2023-07-19T00:00:00+00:00
[2023-07-19T16:48:20.833+0000] {logging_mixin.py:150} INFO - [2023-07-19T16:48:20.833+0000] {dag.py:3508} INFO - Setting next_dagrun for example_branch_datetime_operator_2 to 2023-07-18T00:00:00+00:00, run_after=2023-07-19T00:00:00+00:00
[2023-07-19T16:48:20.834+0000] {logging_mixin.py:150} INFO - [2023-07-19T16:48:20.834+0000] {dag.py:3508} INFO - Setting next_dagrun for example_branch_datetime_operator_3 to 2023-07-18T00:00:00+00:00, run_after=2023-07-19T00:00:00+00:00
[2023-07-19T16:48:20.840+0000] {processor.py:179} INFO - Processing /home/airflow/.local/lib/python3.7/site-packages/airflow/example_dags/example_branch_datetime_operator.py took 0.075 seconds
[2023-07-19T16:48:51.532+0000] {processor.py:157} INFO - Started process (PID=1764) to work on /home/airflow/.local/lib/python3.7/site-packages/airflow/example_dags/example_branch_datetime_operator.py
[2023-07-19T16:48:51.532+0000] {processor.py:826} INFO - Processing file /home/airflow/.local/lib/python3.7/site-packages/airflow/example_dags/example_branch_datetime_operator.py for tasks to queue
[2023-07-19T16:48:51.536+0000] {logging_mixin.py:150} INFO - [2023-07-19T16:48:51.536+0000] {dagbag.py:541} INFO - Filling up the DagBag from /home/airflow/.local/lib/python3.7/site-packages/airflow/example_dags/example_branch_datetime_operator.py
[2023-07-19T16:48:51.556+0000] {processor.py:836} INFO - DAG(s) dict_keys(['example_branch_datetime_operator', 'example_branch_datetime_operator_2', 'example_branch_datetime_operator_3']) retrieved from /home/airflow/.local/lib/python3.7/site-packages/airflow/example_dags/example_branch_datetime_operator.py
[2023-07-19T16:48:51.651+0000] {logging_mixin.py:150} INFO - [2023-07-19T16:48:51.651+0000] {dag.py:2742} INFO - Sync 3 DAGs
[2023-07-19T16:48:51.671+0000] {logging_mixin.py:150} INFO - [2023-07-19T16:48:51.671+0000] {dag.py:3508} INFO - Setting next_dagrun for example_branch_datetime_operator to 2023-07-18T00:00:00+00:00, run_after=2023-07-19T00:00:00+00:00
[2023-07-19T16:48:51.676+0000] {logging_mixin.py:150} INFO - [2023-07-19T16:48:51.676+0000] {dag.py:3508} INFO - Setting next_dagrun for example_branch_datetime_operator_2 to 2023-07-18T00:00:00+00:00, run_after=2023-07-19T00:00:00+00:00
[2023-07-19T16:48:51.677+0000] {logging_mixin.py:150} INFO - [2023-07-19T16:48:51.677+0000] {dag.py:3508} INFO - Setting next_dagrun for example_branch_datetime_operator_3 to 2023-07-18T00:00:00+00:00, run_after=2023-07-19T00:00:00+00:00
[2023-07-19T16:48:51.689+0000] {processor.py:179} INFO - Processing /home/airflow/.local/lib/python3.7/site-packages/airflow/example_dags/example_branch_datetime_operator.py took 0.168 seconds
[2023-07-19T16:49:22.520+0000] {processor.py:157} INFO - Started process (PID=1819) to work on /home/airflow/.local/lib/python3.7/site-packages/airflow/example_dags/example_branch_datetime_operator.py
[2023-07-19T16:49:22.521+0000] {processor.py:826} INFO - Processing file /home/airflow/.local/lib/python3.7/site-packages/airflow/example_dags/example_branch_datetime_operator.py for tasks to queue
[2023-07-19T16:49:22.521+0000] {logging_mixin.py:150} INFO - [2023-07-19T16:49:22.521+0000] {dagbag.py:541} INFO - Filling up the DagBag from /home/airflow/.local/lib/python3.7/site-packages/airflow/example_dags/example_branch_datetime_operator.py
[2023-07-19T16:49:22.529+0000] {processor.py:836} INFO - DAG(s) dict_keys(['example_branch_datetime_operator', 'example_branch_datetime_operator_2', 'example_branch_datetime_operator_3']) retrieved from /home/airflow/.local/lib/python3.7/site-packages/airflow/example_dags/example_branch_datetime_operator.py
[2023-07-19T16:49:22.560+0000] {logging_mixin.py:150} INFO - [2023-07-19T16:49:22.559+0000] {dag.py:2742} INFO - Sync 3 DAGs
[2023-07-19T16:49:22.591+0000] {logging_mixin.py:150} INFO - [2023-07-19T16:49:22.591+0000] {dag.py:3508} INFO - Setting next_dagrun for example_branch_datetime_operator to 2023-07-18T00:00:00+00:00, run_after=2023-07-19T00:00:00+00:00
[2023-07-19T16:49:22.595+0000] {logging_mixin.py:150} INFO - [2023-07-19T16:49:22.595+0000] {dag.py:3508} INFO - Setting next_dagrun for example_branch_datetime_operator_2 to 2023-07-18T00:00:00+00:00, run_after=2023-07-19T00:00:00+00:00
[2023-07-19T16:49:22.596+0000] {logging_mixin.py:150} INFO - [2023-07-19T16:49:22.596+0000] {dag.py:3508} INFO - Setting next_dagrun for example_branch_datetime_operator_3 to 2023-07-18T00:00:00+00:00, run_after=2023-07-19T00:00:00+00:00
[2023-07-19T16:49:22.612+0000] {processor.py:179} INFO - Processing /home/airflow/.local/lib/python3.7/site-packages/airflow/example_dags/example_branch_datetime_operator.py took 0.095 seconds
[2023-07-19T16:49:52.933+0000] {processor.py:157} INFO - Started process (PID=1874) to work on /home/airflow/.local/lib/python3.7/site-packages/airflow/example_dags/example_branch_datetime_operator.py
[2023-07-19T16:49:52.934+0000] {processor.py:826} INFO - Processing file /home/airflow/.local/lib/python3.7/site-packages/airflow/example_dags/example_branch_datetime_operator.py for tasks to queue
[2023-07-19T16:49:52.935+0000] {logging_mixin.py:150} INFO - [2023-07-19T16:49:52.935+0000] {dagbag.py:541} INFO - Filling up the DagBag from /home/airflow/.local/lib/python3.7/site-packages/airflow/example_dags/example_branch_datetime_operator.py
[2023-07-19T16:49:52.950+0000] {processor.py:836} INFO - DAG(s) dict_keys(['example_branch_datetime_operator', 'example_branch_datetime_operator_2', 'example_branch_datetime_operator_3']) retrieved from /home/airflow/.local/lib/python3.7/site-packages/airflow/example_dags/example_branch_datetime_operator.py
[2023-07-19T16:49:52.981+0000] {logging_mixin.py:150} INFO - [2023-07-19T16:49:52.980+0000] {dag.py:2742} INFO - Sync 3 DAGs
[2023-07-19T16:49:52.996+0000] {logging_mixin.py:150} INFO - [2023-07-19T16:49:52.995+0000] {dag.py:3508} INFO - Setting next_dagrun for example_branch_datetime_operator to 2023-07-18T00:00:00+00:00, run_after=2023-07-19T00:00:00+00:00
[2023-07-19T16:49:52.998+0000] {logging_mixin.py:150} INFO - [2023-07-19T16:49:52.998+0000] {dag.py:3508} INFO - Setting next_dagrun for example_branch_datetime_operator_2 to 2023-07-18T00:00:00+00:00, run_after=2023-07-19T00:00:00+00:00
[2023-07-19T16:49:52.999+0000] {logging_mixin.py:150} INFO - [2023-07-19T16:49:52.999+0000] {dag.py:3508} INFO - Setting next_dagrun for example_branch_datetime_operator_3 to 2023-07-18T00:00:00+00:00, run_after=2023-07-19T00:00:00+00:00
[2023-07-19T16:49:53.007+0000] {processor.py:179} INFO - Processing /home/airflow/.local/lib/python3.7/site-packages/airflow/example_dags/example_branch_datetime_operator.py took 0.079 seconds
[2023-07-19T16:50:23.608+0000] {processor.py:157} INFO - Started process (PID=1929) to work on /home/airflow/.local/lib/python3.7/site-packages/airflow/example_dags/example_branch_datetime_operator.py
[2023-07-19T16:50:23.609+0000] {processor.py:826} INFO - Processing file /home/airflow/.local/lib/python3.7/site-packages/airflow/example_dags/example_branch_datetime_operator.py for tasks to queue
[2023-07-19T16:50:23.610+0000] {logging_mixin.py:150} INFO - [2023-07-19T16:50:23.610+0000] {dagbag.py:541} INFO - Filling up the DagBag from /home/airflow/.local/lib/python3.7/site-packages/airflow/example_dags/example_branch_datetime_operator.py
[2023-07-19T16:50:23.624+0000] {processor.py:836} INFO - DAG(s) dict_keys(['example_branch_datetime_operator_2', 'example_branch_datetime_operator_3', 'example_branch_datetime_operator']) retrieved from /home/airflow/.local/lib/python3.7/site-packages/airflow/example_dags/example_branch_datetime_operator.py
[2023-07-19T16:50:23.651+0000] {logging_mixin.py:150} INFO - [2023-07-19T16:50:23.651+0000] {dag.py:2742} INFO - Sync 3 DAGs
[2023-07-19T16:50:23.668+0000] {logging_mixin.py:150} INFO - [2023-07-19T16:50:23.668+0000] {dag.py:3508} INFO - Setting next_dagrun for example_branch_datetime_operator to 2023-07-18T00:00:00+00:00, run_after=2023-07-19T00:00:00+00:00
[2023-07-19T16:50:23.671+0000] {logging_mixin.py:150} INFO - [2023-07-19T16:50:23.671+0000] {dag.py:3508} INFO - Setting next_dagrun for example_branch_datetime_operator_2 to 2023-07-18T00:00:00+00:00, run_after=2023-07-19T00:00:00+00:00
[2023-07-19T16:50:23.672+0000] {logging_mixin.py:150} INFO - [2023-07-19T16:50:23.672+0000] {dag.py:3508} INFO - Setting next_dagrun for example_branch_datetime_operator_3 to 2023-07-18T00:00:00+00:00, run_after=2023-07-19T00:00:00+00:00
[2023-07-19T16:50:23.686+0000] {processor.py:179} INFO - Processing /home/airflow/.local/lib/python3.7/site-packages/airflow/example_dags/example_branch_datetime_operator.py took 0.084 seconds
[2023-07-19T16:50:53.910+0000] {processor.py:157} INFO - Started process (PID=1984) to work on /home/airflow/.local/lib/python3.7/site-packages/airflow/example_dags/example_branch_datetime_operator.py
[2023-07-19T16:50:53.920+0000] {processor.py:826} INFO - Processing file /home/airflow/.local/lib/python3.7/site-packages/airflow/example_dags/example_branch_datetime_operator.py for tasks to queue
[2023-07-19T16:50:53.921+0000] {logging_mixin.py:150} INFO - [2023-07-19T16:50:53.920+0000] {dagbag.py:541} INFO - Filling up the DagBag from /home/airflow/.local/lib/python3.7/site-packages/airflow/example_dags/example_branch_datetime_operator.py
[2023-07-19T16:50:53.939+0000] {processor.py:836} INFO - DAG(s) dict_keys(['example_branch_datetime_operator_2', 'example_branch_datetime_operator_3', 'example_branch_datetime_operator']) retrieved from /home/airflow/.local/lib/python3.7/site-packages/airflow/example_dags/example_branch_datetime_operator.py
[2023-07-19T16:50:54.013+0000] {logging_mixin.py:150} INFO - [2023-07-19T16:50:54.013+0000] {dag.py:2742} INFO - Sync 3 DAGs
[2023-07-19T16:50:54.064+0000] {logging_mixin.py:150} INFO - [2023-07-19T16:50:54.064+0000] {dag.py:3508} INFO - Setting next_dagrun for example_branch_datetime_operator to 2023-07-18T00:00:00+00:00, run_after=2023-07-19T00:00:00+00:00
[2023-07-19T16:50:54.073+0000] {logging_mixin.py:150} INFO - [2023-07-19T16:50:54.073+0000] {dag.py:3508} INFO - Setting next_dagrun for example_branch_datetime_operator_2 to 2023-07-18T00:00:00+00:00, run_after=2023-07-19T00:00:00+00:00
[2023-07-19T16:50:54.074+0000] {logging_mixin.py:150} INFO - [2023-07-19T16:50:54.074+0000] {dag.py:3508} INFO - Setting next_dagrun for example_branch_datetime_operator_3 to 2023-07-18T00:00:00+00:00, run_after=2023-07-19T00:00:00+00:00
[2023-07-19T16:50:54.100+0000] {processor.py:179} INFO - Processing /home/airflow/.local/lib/python3.7/site-packages/airflow/example_dags/example_branch_datetime_operator.py took 0.205 seconds
[2023-07-19T16:51:24.528+0000] {processor.py:157} INFO - Started process (PID=2039) to work on /home/airflow/.local/lib/python3.7/site-packages/airflow/example_dags/example_branch_datetime_operator.py
[2023-07-19T16:51:24.528+0000] {processor.py:826} INFO - Processing file /home/airflow/.local/lib/python3.7/site-packages/airflow/example_dags/example_branch_datetime_operator.py for tasks to queue
[2023-07-19T16:51:24.529+0000] {logging_mixin.py:150} INFO - [2023-07-19T16:51:24.529+0000] {dagbag.py:541} INFO - Filling up the DagBag from /home/airflow/.local/lib/python3.7/site-packages/airflow/example_dags/example_branch_datetime_operator.py
[2023-07-19T16:51:24.542+0000] {processor.py:836} INFO - DAG(s) dict_keys(['example_branch_datetime_operator', 'example_branch_datetime_operator_3', 'example_branch_datetime_operator_2']) retrieved from /home/airflow/.local/lib/python3.7/site-packages/airflow/example_dags/example_branch_datetime_operator.py
[2023-07-19T16:51:24.568+0000] {logging_mixin.py:150} INFO - [2023-07-19T16:51:24.568+0000] {dag.py:2742} INFO - Sync 3 DAGs
[2023-07-19T16:51:24.581+0000] {logging_mixin.py:150} INFO - [2023-07-19T16:51:24.581+0000] {dag.py:3508} INFO - Setting next_dagrun for example_branch_datetime_operator to 2023-07-18T00:00:00+00:00, run_after=2023-07-19T00:00:00+00:00
[2023-07-19T16:51:24.583+0000] {logging_mixin.py:150} INFO - [2023-07-19T16:51:24.583+0000] {dag.py:3508} INFO - Setting next_dagrun for example_branch_datetime_operator_2 to 2023-07-18T00:00:00+00:00, run_after=2023-07-19T00:00:00+00:00
[2023-07-19T16:51:24.584+0000] {logging_mixin.py:150} INFO - [2023-07-19T16:51:24.584+0000] {dag.py:3508} INFO - Setting next_dagrun for example_branch_datetime_operator_3 to 2023-07-18T00:00:00+00:00, run_after=2023-07-19T00:00:00+00:00
[2023-07-19T16:51:24.591+0000] {processor.py:179} INFO - Processing /home/airflow/.local/lib/python3.7/site-packages/airflow/example_dags/example_branch_datetime_operator.py took 0.066 seconds
[2023-07-19T16:51:54.928+0000] {processor.py:157} INFO - Started process (PID=2094) to work on /home/airflow/.local/lib/python3.7/site-packages/airflow/example_dags/example_branch_datetime_operator.py
[2023-07-19T16:51:54.929+0000] {processor.py:826} INFO - Processing file /home/airflow/.local/lib/python3.7/site-packages/airflow/example_dags/example_branch_datetime_operator.py for tasks to queue
[2023-07-19T16:51:54.929+0000] {logging_mixin.py:150} INFO - [2023-07-19T16:51:54.929+0000] {dagbag.py:541} INFO - Filling up the DagBag from /home/airflow/.local/lib/python3.7/site-packages/airflow/example_dags/example_branch_datetime_operator.py
[2023-07-19T16:51:54.939+0000] {processor.py:836} INFO - DAG(s) dict_keys(['example_branch_datetime_operator_2', 'example_branch_datetime_operator_3', 'example_branch_datetime_operator']) retrieved from /home/airflow/.local/lib/python3.7/site-packages/airflow/example_dags/example_branch_datetime_operator.py
[2023-07-19T16:51:54.963+0000] {logging_mixin.py:150} INFO - [2023-07-19T16:51:54.963+0000] {dag.py:2742} INFO - Sync 3 DAGs
[2023-07-19T16:51:54.980+0000] {logging_mixin.py:150} INFO - [2023-07-19T16:51:54.980+0000] {dag.py:3508} INFO - Setting next_dagrun for example_branch_datetime_operator to 2023-07-18T00:00:00+00:00, run_after=2023-07-19T00:00:00+00:00
[2023-07-19T16:51:54.982+0000] {logging_mixin.py:150} INFO - [2023-07-19T16:51:54.982+0000] {dag.py:3508} INFO - Setting next_dagrun for example_branch_datetime_operator_2 to 2023-07-18T00:00:00+00:00, run_after=2023-07-19T00:00:00+00:00
[2023-07-19T16:51:54.983+0000] {logging_mixin.py:150} INFO - [2023-07-19T16:51:54.983+0000] {dag.py:3508} INFO - Setting next_dagrun for example_branch_datetime_operator_3 to 2023-07-18T00:00:00+00:00, run_after=2023-07-19T00:00:00+00:00
[2023-07-19T16:51:54.991+0000] {processor.py:179} INFO - Processing /home/airflow/.local/lib/python3.7/site-packages/airflow/example_dags/example_branch_datetime_operator.py took 0.066 seconds
