[2023-07-19T16:32:50.915+0000] {processor.py:157} INFO - Started process (PID=55) to work on /home/airflow/.local/lib/python3.7/site-packages/airflow/example_dags/example_python_operator.py
[2023-07-19T16:32:50.915+0000] {processor.py:826} INFO - Processing file /home/airflow/.local/lib/python3.7/site-packages/airflow/example_dags/example_python_operator.py for tasks to queue
[2023-07-19T16:32:50.916+0000] {logging_mixin.py:150} INFO - [2023-07-19T16:32:50.915+0000] {dagbag.py:541} INFO - Filling up the DagBag from /home/airflow/.local/lib/python3.7/site-packages/airflow/example_dags/example_python_operator.py
[2023-07-19T16:32:50.975+0000] {processor.py:836} INFO - DAG(s) dict_keys(['example_python_operator']) retrieved from /home/airflow/.local/lib/python3.7/site-packages/airflow/example_dags/example_python_operator.py
[2023-07-19T16:32:51.003+0000] {logging_mixin.py:150} INFO - [2023-07-19T16:32:51.003+0000] {dag.py:2742} INFO - Sync 1 DAGs
[2023-07-19T16:32:51.084+0000] {logging_mixin.py:150} INFO - [2023-07-19T16:32:51.084+0000] {dag.py:3508} INFO - Setting next_dagrun for example_python_operator to None, run_after=None
[2023-07-19T16:32:51.145+0000] {processor.py:179} INFO - Processing /home/airflow/.local/lib/python3.7/site-packages/airflow/example_dags/example_python_operator.py took 0.233 seconds
[2023-07-19T16:33:21.486+0000] {processor.py:157} INFO - Started process (PID=110) to work on /home/airflow/.local/lib/python3.7/site-packages/airflow/example_dags/example_python_operator.py
[2023-07-19T16:33:21.486+0000] {processor.py:826} INFO - Processing file /home/airflow/.local/lib/python3.7/site-packages/airflow/example_dags/example_python_operator.py for tasks to queue
[2023-07-19T16:33:21.487+0000] {logging_mixin.py:150} INFO - [2023-07-19T16:33:21.486+0000] {dagbag.py:541} INFO - Filling up the DagBag from /home/airflow/.local/lib/python3.7/site-packages/airflow/example_dags/example_python_operator.py
[2023-07-19T16:33:21.510+0000] {processor.py:836} INFO - DAG(s) dict_keys(['example_python_operator']) retrieved from /home/airflow/.local/lib/python3.7/site-packages/airflow/example_dags/example_python_operator.py
[2023-07-19T16:33:21.588+0000] {logging_mixin.py:150} INFO - [2023-07-19T16:33:21.588+0000] {dag.py:2742} INFO - Sync 1 DAGs
[2023-07-19T16:33:21.598+0000] {logging_mixin.py:150} INFO - [2023-07-19T16:33:21.598+0000] {dag.py:3508} INFO - Setting next_dagrun for example_python_operator to None, run_after=None
[2023-07-19T16:33:21.607+0000] {processor.py:179} INFO - Processing /home/airflow/.local/lib/python3.7/site-packages/airflow/example_dags/example_python_operator.py took 0.123 seconds
[2023-07-19T16:33:52.348+0000] {processor.py:157} INFO - Started process (PID=166) to work on /home/airflow/.local/lib/python3.7/site-packages/airflow/example_dags/example_python_operator.py
[2023-07-19T16:33:52.349+0000] {processor.py:826} INFO - Processing file /home/airflow/.local/lib/python3.7/site-packages/airflow/example_dags/example_python_operator.py for tasks to queue
[2023-07-19T16:33:52.349+0000] {logging_mixin.py:150} INFO - [2023-07-19T16:33:52.349+0000] {dagbag.py:541} INFO - Filling up the DagBag from /home/airflow/.local/lib/python3.7/site-packages/airflow/example_dags/example_python_operator.py
[2023-07-19T16:33:52.356+0000] {processor.py:836} INFO - DAG(s) dict_keys(['example_python_operator']) retrieved from /home/airflow/.local/lib/python3.7/site-packages/airflow/example_dags/example_python_operator.py
[2023-07-19T16:33:52.370+0000] {logging_mixin.py:150} INFO - [2023-07-19T16:33:52.370+0000] {dag.py:2742} INFO - Sync 1 DAGs
[2023-07-19T16:33:52.382+0000] {logging_mixin.py:150} INFO - [2023-07-19T16:33:52.382+0000] {dag.py:3508} INFO - Setting next_dagrun for example_python_operator to None, run_after=None
[2023-07-19T16:33:52.389+0000] {processor.py:179} INFO - Processing /home/airflow/.local/lib/python3.7/site-packages/airflow/example_dags/example_python_operator.py took 0.042 seconds
[2023-07-19T16:34:23.661+0000] {processor.py:157} INFO - Started process (PID=220) to work on /home/airflow/.local/lib/python3.7/site-packages/airflow/example_dags/example_python_operator.py
[2023-07-19T16:34:23.661+0000] {processor.py:826} INFO - Processing file /home/airflow/.local/lib/python3.7/site-packages/airflow/example_dags/example_python_operator.py for tasks to queue
[2023-07-19T16:34:23.662+0000] {logging_mixin.py:150} INFO - [2023-07-19T16:34:23.662+0000] {dagbag.py:541} INFO - Filling up the DagBag from /home/airflow/.local/lib/python3.7/site-packages/airflow/example_dags/example_python_operator.py
[2023-07-19T16:34:23.669+0000] {processor.py:836} INFO - DAG(s) dict_keys(['example_python_operator']) retrieved from /home/airflow/.local/lib/python3.7/site-packages/airflow/example_dags/example_python_operator.py
[2023-07-19T16:34:23.706+0000] {logging_mixin.py:150} INFO - [2023-07-19T16:34:23.706+0000] {dag.py:2742} INFO - Sync 1 DAGs
[2023-07-19T16:34:23.727+0000] {logging_mixin.py:150} INFO - [2023-07-19T16:34:23.727+0000] {dag.py:3508} INFO - Setting next_dagrun for example_python_operator to None, run_after=None
[2023-07-19T16:34:23.757+0000] {processor.py:179} INFO - Processing /home/airflow/.local/lib/python3.7/site-packages/airflow/example_dags/example_python_operator.py took 0.098 seconds
[2023-07-19T16:34:54.127+0000] {processor.py:157} INFO - Started process (PID=275) to work on /home/airflow/.local/lib/python3.7/site-packages/airflow/example_dags/example_python_operator.py
[2023-07-19T16:34:54.127+0000] {processor.py:826} INFO - Processing file /home/airflow/.local/lib/python3.7/site-packages/airflow/example_dags/example_python_operator.py for tasks to queue
[2023-07-19T16:34:54.128+0000] {logging_mixin.py:150} INFO - [2023-07-19T16:34:54.128+0000] {dagbag.py:541} INFO - Filling up the DagBag from /home/airflow/.local/lib/python3.7/site-packages/airflow/example_dags/example_python_operator.py
[2023-07-19T16:34:54.133+0000] {processor.py:836} INFO - DAG(s) dict_keys(['example_python_operator']) retrieved from /home/airflow/.local/lib/python3.7/site-packages/airflow/example_dags/example_python_operator.py
[2023-07-19T16:34:54.148+0000] {logging_mixin.py:150} INFO - [2023-07-19T16:34:54.148+0000] {dag.py:2742} INFO - Sync 1 DAGs
[2023-07-19T16:34:54.160+0000] {logging_mixin.py:150} INFO - [2023-07-19T16:34:54.160+0000] {dag.py:3508} INFO - Setting next_dagrun for example_python_operator to None, run_after=None
[2023-07-19T16:34:54.167+0000] {processor.py:179} INFO - Processing /home/airflow/.local/lib/python3.7/site-packages/airflow/example_dags/example_python_operator.py took 0.046 seconds
[2023-07-19T16:35:24.632+0000] {processor.py:157} INFO - Started process (PID=330) to work on /home/airflow/.local/lib/python3.7/site-packages/airflow/example_dags/example_python_operator.py
[2023-07-19T16:35:24.633+0000] {processor.py:826} INFO - Processing file /home/airflow/.local/lib/python3.7/site-packages/airflow/example_dags/example_python_operator.py for tasks to queue
[2023-07-19T16:35:24.633+0000] {logging_mixin.py:150} INFO - [2023-07-19T16:35:24.633+0000] {dagbag.py:541} INFO - Filling up the DagBag from /home/airflow/.local/lib/python3.7/site-packages/airflow/example_dags/example_python_operator.py
[2023-07-19T16:35:24.643+0000] {processor.py:836} INFO - DAG(s) dict_keys(['example_python_operator']) retrieved from /home/airflow/.local/lib/python3.7/site-packages/airflow/example_dags/example_python_operator.py
[2023-07-19T16:35:24.653+0000] {logging_mixin.py:150} INFO - [2023-07-19T16:35:24.653+0000] {dag.py:2742} INFO - Sync 1 DAGs
[2023-07-19T16:35:24.672+0000] {logging_mixin.py:150} INFO - [2023-07-19T16:35:24.672+0000] {dag.py:3508} INFO - Setting next_dagrun for example_python_operator to None, run_after=None
[2023-07-19T16:35:24.682+0000] {processor.py:179} INFO - Processing /home/airflow/.local/lib/python3.7/site-packages/airflow/example_dags/example_python_operator.py took 0.052 seconds
[2023-07-19T16:35:55.615+0000] {processor.py:157} INFO - Started process (PID=386) to work on /home/airflow/.local/lib/python3.7/site-packages/airflow/example_dags/example_python_operator.py
[2023-07-19T16:35:55.616+0000] {processor.py:826} INFO - Processing file /home/airflow/.local/lib/python3.7/site-packages/airflow/example_dags/example_python_operator.py for tasks to queue
[2023-07-19T16:35:55.616+0000] {logging_mixin.py:150} INFO - [2023-07-19T16:35:55.616+0000] {dagbag.py:541} INFO - Filling up the DagBag from /home/airflow/.local/lib/python3.7/site-packages/airflow/example_dags/example_python_operator.py
[2023-07-19T16:35:55.622+0000] {processor.py:836} INFO - DAG(s) dict_keys(['example_python_operator']) retrieved from /home/airflow/.local/lib/python3.7/site-packages/airflow/example_dags/example_python_operator.py
[2023-07-19T16:35:55.699+0000] {logging_mixin.py:150} INFO - [2023-07-19T16:35:55.698+0000] {dag.py:2742} INFO - Sync 1 DAGs
[2023-07-19T16:35:55.714+0000] {logging_mixin.py:150} INFO - [2023-07-19T16:35:55.714+0000] {dag.py:3508} INFO - Setting next_dagrun for example_python_operator to None, run_after=None
[2023-07-19T16:35:55.725+0000] {processor.py:179} INFO - Processing /home/airflow/.local/lib/python3.7/site-packages/airflow/example_dags/example_python_operator.py took 0.112 seconds
[2023-07-19T16:36:26.344+0000] {processor.py:157} INFO - Started process (PID=441) to work on /home/airflow/.local/lib/python3.7/site-packages/airflow/example_dags/example_python_operator.py
[2023-07-19T16:36:26.345+0000] {processor.py:826} INFO - Processing file /home/airflow/.local/lib/python3.7/site-packages/airflow/example_dags/example_python_operator.py for tasks to queue
[2023-07-19T16:36:26.345+0000] {logging_mixin.py:150} INFO - [2023-07-19T16:36:26.345+0000] {dagbag.py:541} INFO - Filling up the DagBag from /home/airflow/.local/lib/python3.7/site-packages/airflow/example_dags/example_python_operator.py
[2023-07-19T16:36:26.358+0000] {processor.py:836} INFO - DAG(s) dict_keys(['example_python_operator']) retrieved from /home/airflow/.local/lib/python3.7/site-packages/airflow/example_dags/example_python_operator.py
[2023-07-19T16:36:26.377+0000] {logging_mixin.py:150} INFO - [2023-07-19T16:36:26.377+0000] {dag.py:2742} INFO - Sync 1 DAGs
[2023-07-19T16:36:26.398+0000] {logging_mixin.py:150} INFO - [2023-07-19T16:36:26.398+0000] {dag.py:3508} INFO - Setting next_dagrun for example_python_operator to None, run_after=None
[2023-07-19T16:36:26.433+0000] {processor.py:179} INFO - Processing /home/airflow/.local/lib/python3.7/site-packages/airflow/example_dags/example_python_operator.py took 0.094 seconds
[2023-07-19T16:36:57.364+0000] {processor.py:157} INFO - Started process (PID=496) to work on /home/airflow/.local/lib/python3.7/site-packages/airflow/example_dags/example_python_operator.py
[2023-07-19T16:36:57.364+0000] {processor.py:826} INFO - Processing file /home/airflow/.local/lib/python3.7/site-packages/airflow/example_dags/example_python_operator.py for tasks to queue
[2023-07-19T16:36:57.365+0000] {logging_mixin.py:150} INFO - [2023-07-19T16:36:57.365+0000] {dagbag.py:541} INFO - Filling up the DagBag from /home/airflow/.local/lib/python3.7/site-packages/airflow/example_dags/example_python_operator.py
[2023-07-19T16:36:57.371+0000] {processor.py:836} INFO - DAG(s) dict_keys(['example_python_operator']) retrieved from /home/airflow/.local/lib/python3.7/site-packages/airflow/example_dags/example_python_operator.py
[2023-07-19T16:36:57.392+0000] {logging_mixin.py:150} INFO - [2023-07-19T16:36:57.392+0000] {dag.py:2742} INFO - Sync 1 DAGs
[2023-07-19T16:36:57.403+0000] {logging_mixin.py:150} INFO - [2023-07-19T16:36:57.403+0000] {dag.py:3508} INFO - Setting next_dagrun for example_python_operator to None, run_after=None
[2023-07-19T16:36:57.411+0000] {processor.py:179} INFO - Processing /home/airflow/.local/lib/python3.7/site-packages/airflow/example_dags/example_python_operator.py took 0.049 seconds
[2023-07-19T16:37:28.548+0000] {processor.py:157} INFO - Started process (PID=551) to work on /home/airflow/.local/lib/python3.7/site-packages/airflow/example_dags/example_python_operator.py
[2023-07-19T16:37:28.556+0000] {processor.py:826} INFO - Processing file /home/airflow/.local/lib/python3.7/site-packages/airflow/example_dags/example_python_operator.py for tasks to queue
[2023-07-19T16:37:28.559+0000] {logging_mixin.py:150} INFO - [2023-07-19T16:37:28.558+0000] {dagbag.py:541} INFO - Filling up the DagBag from /home/airflow/.local/lib/python3.7/site-packages/airflow/example_dags/example_python_operator.py
[2023-07-19T16:37:28.614+0000] {processor.py:836} INFO - DAG(s) dict_keys(['example_python_operator']) retrieved from /home/airflow/.local/lib/python3.7/site-packages/airflow/example_dags/example_python_operator.py
[2023-07-19T16:37:28.755+0000] {logging_mixin.py:150} INFO - [2023-07-19T16:37:28.755+0000] {dag.py:2742} INFO - Sync 1 DAGs
[2023-07-19T16:37:28.889+0000] {logging_mixin.py:150} INFO - [2023-07-19T16:37:28.889+0000] {dag.py:3508} INFO - Setting next_dagrun for example_python_operator to None, run_after=None
[2023-07-19T16:37:28.919+0000] {processor.py:179} INFO - Processing /home/airflow/.local/lib/python3.7/site-packages/airflow/example_dags/example_python_operator.py took 0.380 seconds
[2023-07-19T16:37:58.949+0000] {processor.py:157} INFO - Started process (PID=606) to work on /home/airflow/.local/lib/python3.7/site-packages/airflow/example_dags/example_python_operator.py
[2023-07-19T16:37:58.952+0000] {processor.py:826} INFO - Processing file /home/airflow/.local/lib/python3.7/site-packages/airflow/example_dags/example_python_operator.py for tasks to queue
[2023-07-19T16:37:58.954+0000] {logging_mixin.py:150} INFO - [2023-07-19T16:37:58.954+0000] {dagbag.py:541} INFO - Filling up the DagBag from /home/airflow/.local/lib/python3.7/site-packages/airflow/example_dags/example_python_operator.py
[2023-07-19T16:37:58.971+0000] {processor.py:836} INFO - DAG(s) dict_keys(['example_python_operator']) retrieved from /home/airflow/.local/lib/python3.7/site-packages/airflow/example_dags/example_python_operator.py
[2023-07-19T16:37:59.014+0000] {logging_mixin.py:150} INFO - [2023-07-19T16:37:59.014+0000] {dag.py:2742} INFO - Sync 1 DAGs
[2023-07-19T16:37:59.060+0000] {logging_mixin.py:150} INFO - [2023-07-19T16:37:59.059+0000] {dag.py:3508} INFO - Setting next_dagrun for example_python_operator to None, run_after=None
[2023-07-19T16:37:59.080+0000] {processor.py:179} INFO - Processing /home/airflow/.local/lib/python3.7/site-packages/airflow/example_dags/example_python_operator.py took 0.133 seconds
[2023-07-19T16:38:29.459+0000] {processor.py:157} INFO - Started process (PID=661) to work on /home/airflow/.local/lib/python3.7/site-packages/airflow/example_dags/example_python_operator.py
[2023-07-19T16:38:29.460+0000] {processor.py:826} INFO - Processing file /home/airflow/.local/lib/python3.7/site-packages/airflow/example_dags/example_python_operator.py for tasks to queue
[2023-07-19T16:38:29.460+0000] {logging_mixin.py:150} INFO - [2023-07-19T16:38:29.460+0000] {dagbag.py:541} INFO - Filling up the DagBag from /home/airflow/.local/lib/python3.7/site-packages/airflow/example_dags/example_python_operator.py
[2023-07-19T16:38:29.473+0000] {processor.py:836} INFO - DAG(s) dict_keys(['example_python_operator']) retrieved from /home/airflow/.local/lib/python3.7/site-packages/airflow/example_dags/example_python_operator.py
[2023-07-19T16:38:29.516+0000] {logging_mixin.py:150} INFO - [2023-07-19T16:38:29.516+0000] {dag.py:2742} INFO - Sync 1 DAGs
[2023-07-19T16:38:29.545+0000] {logging_mixin.py:150} INFO - [2023-07-19T16:38:29.545+0000] {dag.py:3508} INFO - Setting next_dagrun for example_python_operator to None, run_after=None
[2023-07-19T16:38:29.570+0000] {processor.py:179} INFO - Processing /home/airflow/.local/lib/python3.7/site-packages/airflow/example_dags/example_python_operator.py took 0.123 seconds
[2023-07-19T16:38:59.702+0000] {processor.py:157} INFO - Started process (PID=716) to work on /home/airflow/.local/lib/python3.7/site-packages/airflow/example_dags/example_python_operator.py
[2023-07-19T16:38:59.709+0000] {processor.py:826} INFO - Processing file /home/airflow/.local/lib/python3.7/site-packages/airflow/example_dags/example_python_operator.py for tasks to queue
[2023-07-19T16:38:59.709+0000] {logging_mixin.py:150} INFO - [2023-07-19T16:38:59.709+0000] {dagbag.py:541} INFO - Filling up the DagBag from /home/airflow/.local/lib/python3.7/site-packages/airflow/example_dags/example_python_operator.py
[2023-07-19T16:38:59.715+0000] {processor.py:836} INFO - DAG(s) dict_keys(['example_python_operator']) retrieved from /home/airflow/.local/lib/python3.7/site-packages/airflow/example_dags/example_python_operator.py
[2023-07-19T16:38:59.741+0000] {logging_mixin.py:150} INFO - [2023-07-19T16:38:59.741+0000] {dag.py:2742} INFO - Sync 1 DAGs
[2023-07-19T16:38:59.755+0000] {logging_mixin.py:150} INFO - [2023-07-19T16:38:59.754+0000] {dag.py:3508} INFO - Setting next_dagrun for example_python_operator to None, run_after=None
[2023-07-19T16:38:59.764+0000] {processor.py:179} INFO - Processing /home/airflow/.local/lib/python3.7/site-packages/airflow/example_dags/example_python_operator.py took 0.063 seconds
[2023-07-19T16:39:30.728+0000] {processor.py:157} INFO - Started process (PID=771) to work on /home/airflow/.local/lib/python3.7/site-packages/airflow/example_dags/example_python_operator.py
[2023-07-19T16:39:30.729+0000] {processor.py:826} INFO - Processing file /home/airflow/.local/lib/python3.7/site-packages/airflow/example_dags/example_python_operator.py for tasks to queue
[2023-07-19T16:39:30.730+0000] {logging_mixin.py:150} INFO - [2023-07-19T16:39:30.729+0000] {dagbag.py:541} INFO - Filling up the DagBag from /home/airflow/.local/lib/python3.7/site-packages/airflow/example_dags/example_python_operator.py
[2023-07-19T16:39:30.741+0000] {processor.py:836} INFO - DAG(s) dict_keys(['example_python_operator']) retrieved from /home/airflow/.local/lib/python3.7/site-packages/airflow/example_dags/example_python_operator.py
[2023-07-19T16:39:30.762+0000] {logging_mixin.py:150} INFO - [2023-07-19T16:39:30.762+0000] {dag.py:2742} INFO - Sync 1 DAGs
[2023-07-19T16:39:30.776+0000] {logging_mixin.py:150} INFO - [2023-07-19T16:39:30.776+0000] {dag.py:3508} INFO - Setting next_dagrun for example_python_operator to None, run_after=None
[2023-07-19T16:39:30.788+0000] {processor.py:179} INFO - Processing /home/airflow/.local/lib/python3.7/site-packages/airflow/example_dags/example_python_operator.py took 0.065 seconds
[2023-07-19T16:40:10.920+0000] {processor.py:157} INFO - Started process (PID=826) to work on /home/airflow/.local/lib/python3.7/site-packages/airflow/example_dags/example_python_operator.py
[2023-07-19T16:40:10.938+0000] {processor.py:826} INFO - Processing file /home/airflow/.local/lib/python3.7/site-packages/airflow/example_dags/example_python_operator.py for tasks to queue
[2023-07-19T16:40:10.939+0000] {logging_mixin.py:150} INFO - [2023-07-19T16:40:10.939+0000] {dagbag.py:541} INFO - Filling up the DagBag from /home/airflow/.local/lib/python3.7/site-packages/airflow/example_dags/example_python_operator.py
[2023-07-19T16:40:11.003+0000] {processor.py:836} INFO - DAG(s) dict_keys(['example_python_operator']) retrieved from /home/airflow/.local/lib/python3.7/site-packages/airflow/example_dags/example_python_operator.py
[2023-07-19T16:40:11.213+0000] {logging_mixin.py:150} INFO - [2023-07-19T16:40:11.212+0000] {dag.py:2742} INFO - Sync 1 DAGs
[2023-07-19T16:40:11.303+0000] {logging_mixin.py:150} INFO - [2023-07-19T16:40:11.303+0000] {dag.py:3508} INFO - Setting next_dagrun for example_python_operator to None, run_after=None
[2023-07-19T16:40:11.362+0000] {processor.py:179} INFO - Processing /home/airflow/.local/lib/python3.7/site-packages/airflow/example_dags/example_python_operator.py took 0.468 seconds
[2023-07-19T16:40:41.386+0000] {processor.py:157} INFO - Started process (PID=880) to work on /home/airflow/.local/lib/python3.7/site-packages/airflow/example_dags/example_python_operator.py
[2023-07-19T16:40:41.387+0000] {processor.py:826} INFO - Processing file /home/airflow/.local/lib/python3.7/site-packages/airflow/example_dags/example_python_operator.py for tasks to queue
[2023-07-19T16:40:41.388+0000] {logging_mixin.py:150} INFO - [2023-07-19T16:40:41.388+0000] {dagbag.py:541} INFO - Filling up the DagBag from /home/airflow/.local/lib/python3.7/site-packages/airflow/example_dags/example_python_operator.py
[2023-07-19T16:40:41.399+0000] {processor.py:836} INFO - DAG(s) dict_keys(['example_python_operator']) retrieved from /home/airflow/.local/lib/python3.7/site-packages/airflow/example_dags/example_python_operator.py
[2023-07-19T16:40:41.424+0000] {logging_mixin.py:150} INFO - [2023-07-19T16:40:41.423+0000] {dag.py:2742} INFO - Sync 1 DAGs
[2023-07-19T16:40:41.438+0000] {logging_mixin.py:150} INFO - [2023-07-19T16:40:41.438+0000] {dag.py:3508} INFO - Setting next_dagrun for example_python_operator to None, run_after=None
[2023-07-19T16:40:41.447+0000] {processor.py:179} INFO - Processing /home/airflow/.local/lib/python3.7/site-packages/airflow/example_dags/example_python_operator.py took 0.064 seconds
[2023-07-19T16:41:11.579+0000] {processor.py:157} INFO - Started process (PID=935) to work on /home/airflow/.local/lib/python3.7/site-packages/airflow/example_dags/example_python_operator.py
[2023-07-19T16:41:11.580+0000] {processor.py:826} INFO - Processing file /home/airflow/.local/lib/python3.7/site-packages/airflow/example_dags/example_python_operator.py for tasks to queue
[2023-07-19T16:41:11.580+0000] {logging_mixin.py:150} INFO - [2023-07-19T16:41:11.580+0000] {dagbag.py:541} INFO - Filling up the DagBag from /home/airflow/.local/lib/python3.7/site-packages/airflow/example_dags/example_python_operator.py
[2023-07-19T16:41:11.586+0000] {processor.py:836} INFO - DAG(s) dict_keys(['example_python_operator']) retrieved from /home/airflow/.local/lib/python3.7/site-packages/airflow/example_dags/example_python_operator.py
[2023-07-19T16:41:11.603+0000] {logging_mixin.py:150} INFO - [2023-07-19T16:41:11.603+0000] {dag.py:2742} INFO - Sync 1 DAGs
[2023-07-19T16:41:11.619+0000] {logging_mixin.py:150} INFO - [2023-07-19T16:41:11.619+0000] {dag.py:3508} INFO - Setting next_dagrun for example_python_operator to None, run_after=None
[2023-07-19T16:41:11.627+0000] {processor.py:179} INFO - Processing /home/airflow/.local/lib/python3.7/site-packages/airflow/example_dags/example_python_operator.py took 0.049 seconds
[2023-07-19T16:41:42.178+0000] {processor.py:157} INFO - Started process (PID=990) to work on /home/airflow/.local/lib/python3.7/site-packages/airflow/example_dags/example_python_operator.py
[2023-07-19T16:41:42.178+0000] {processor.py:826} INFO - Processing file /home/airflow/.local/lib/python3.7/site-packages/airflow/example_dags/example_python_operator.py for tasks to queue
[2023-07-19T16:41:42.179+0000] {logging_mixin.py:150} INFO - [2023-07-19T16:41:42.179+0000] {dagbag.py:541} INFO - Filling up the DagBag from /home/airflow/.local/lib/python3.7/site-packages/airflow/example_dags/example_python_operator.py
[2023-07-19T16:41:42.185+0000] {processor.py:836} INFO - DAG(s) dict_keys(['example_python_operator']) retrieved from /home/airflow/.local/lib/python3.7/site-packages/airflow/example_dags/example_python_operator.py
[2023-07-19T16:41:42.200+0000] {logging_mixin.py:150} INFO - [2023-07-19T16:41:42.200+0000] {dag.py:2742} INFO - Sync 1 DAGs
[2023-07-19T16:41:42.212+0000] {logging_mixin.py:150} INFO - [2023-07-19T16:41:42.212+0000] {dag.py:3508} INFO - Setting next_dagrun for example_python_operator to None, run_after=None
[2023-07-19T16:41:42.222+0000] {processor.py:179} INFO - Processing /home/airflow/.local/lib/python3.7/site-packages/airflow/example_dags/example_python_operator.py took 0.046 seconds
[2023-07-19T16:42:12.419+0000] {processor.py:157} INFO - Started process (PID=1045) to work on /home/airflow/.local/lib/python3.7/site-packages/airflow/example_dags/example_python_operator.py
[2023-07-19T16:42:12.420+0000] {processor.py:826} INFO - Processing file /home/airflow/.local/lib/python3.7/site-packages/airflow/example_dags/example_python_operator.py for tasks to queue
[2023-07-19T16:42:12.420+0000] {logging_mixin.py:150} INFO - [2023-07-19T16:42:12.420+0000] {dagbag.py:541} INFO - Filling up the DagBag from /home/airflow/.local/lib/python3.7/site-packages/airflow/example_dags/example_python_operator.py
[2023-07-19T16:42:12.426+0000] {processor.py:836} INFO - DAG(s) dict_keys(['example_python_operator']) retrieved from /home/airflow/.local/lib/python3.7/site-packages/airflow/example_dags/example_python_operator.py
[2023-07-19T16:42:12.445+0000] {logging_mixin.py:150} INFO - [2023-07-19T16:42:12.444+0000] {dag.py:2742} INFO - Sync 1 DAGs
[2023-07-19T16:42:12.459+0000] {logging_mixin.py:150} INFO - [2023-07-19T16:42:12.459+0000] {dag.py:3508} INFO - Setting next_dagrun for example_python_operator to None, run_after=None
[2023-07-19T16:42:12.467+0000] {processor.py:179} INFO - Processing /home/airflow/.local/lib/python3.7/site-packages/airflow/example_dags/example_python_operator.py took 0.050 seconds
[2023-07-19T16:42:42.833+0000] {processor.py:157} INFO - Started process (PID=1099) to work on /home/airflow/.local/lib/python3.7/site-packages/airflow/example_dags/example_python_operator.py
[2023-07-19T16:42:42.835+0000] {processor.py:826} INFO - Processing file /home/airflow/.local/lib/python3.7/site-packages/airflow/example_dags/example_python_operator.py for tasks to queue
[2023-07-19T16:42:42.836+0000] {logging_mixin.py:150} INFO - [2023-07-19T16:42:42.836+0000] {dagbag.py:541} INFO - Filling up the DagBag from /home/airflow/.local/lib/python3.7/site-packages/airflow/example_dags/example_python_operator.py
[2023-07-19T16:42:42.855+0000] {processor.py:836} INFO - DAG(s) dict_keys(['example_python_operator']) retrieved from /home/airflow/.local/lib/python3.7/site-packages/airflow/example_dags/example_python_operator.py
[2023-07-19T16:42:42.897+0000] {logging_mixin.py:150} INFO - [2023-07-19T16:42:42.897+0000] {dag.py:2742} INFO - Sync 1 DAGs
[2023-07-19T16:42:42.922+0000] {logging_mixin.py:150} INFO - [2023-07-19T16:42:42.922+0000] {dag.py:3508} INFO - Setting next_dagrun for example_python_operator to None, run_after=None
[2023-07-19T16:42:42.934+0000] {processor.py:179} INFO - Processing /home/airflow/.local/lib/python3.7/site-packages/airflow/example_dags/example_python_operator.py took 0.115 seconds
[2023-07-19T16:43:13.462+0000] {processor.py:157} INFO - Started process (PID=1154) to work on /home/airflow/.local/lib/python3.7/site-packages/airflow/example_dags/example_python_operator.py
[2023-07-19T16:43:13.462+0000] {processor.py:826} INFO - Processing file /home/airflow/.local/lib/python3.7/site-packages/airflow/example_dags/example_python_operator.py for tasks to queue
[2023-07-19T16:43:13.463+0000] {logging_mixin.py:150} INFO - [2023-07-19T16:43:13.462+0000] {dagbag.py:541} INFO - Filling up the DagBag from /home/airflow/.local/lib/python3.7/site-packages/airflow/example_dags/example_python_operator.py
[2023-07-19T16:43:13.468+0000] {processor.py:836} INFO - DAG(s) dict_keys(['example_python_operator']) retrieved from /home/airflow/.local/lib/python3.7/site-packages/airflow/example_dags/example_python_operator.py
[2023-07-19T16:43:13.483+0000] {logging_mixin.py:150} INFO - [2023-07-19T16:43:13.483+0000] {dag.py:2742} INFO - Sync 1 DAGs
[2023-07-19T16:43:13.496+0000] {logging_mixin.py:150} INFO - [2023-07-19T16:43:13.496+0000] {dag.py:3508} INFO - Setting next_dagrun for example_python_operator to None, run_after=None
[2023-07-19T16:43:13.503+0000] {processor.py:179} INFO - Processing /home/airflow/.local/lib/python3.7/site-packages/airflow/example_dags/example_python_operator.py took 0.043 seconds
[2023-07-19T16:43:44.183+0000] {processor.py:157} INFO - Started process (PID=1210) to work on /home/airflow/.local/lib/python3.7/site-packages/airflow/example_dags/example_python_operator.py
[2023-07-19T16:43:44.183+0000] {processor.py:826} INFO - Processing file /home/airflow/.local/lib/python3.7/site-packages/airflow/example_dags/example_python_operator.py for tasks to queue
[2023-07-19T16:43:44.184+0000] {logging_mixin.py:150} INFO - [2023-07-19T16:43:44.184+0000] {dagbag.py:541} INFO - Filling up the DagBag from /home/airflow/.local/lib/python3.7/site-packages/airflow/example_dags/example_python_operator.py
[2023-07-19T16:43:44.190+0000] {processor.py:836} INFO - DAG(s) dict_keys(['example_python_operator']) retrieved from /home/airflow/.local/lib/python3.7/site-packages/airflow/example_dags/example_python_operator.py
[2023-07-19T16:43:44.205+0000] {logging_mixin.py:150} INFO - [2023-07-19T16:43:44.205+0000] {dag.py:2742} INFO - Sync 1 DAGs
[2023-07-19T16:43:44.217+0000] {logging_mixin.py:150} INFO - [2023-07-19T16:43:44.217+0000] {dag.py:3508} INFO - Setting next_dagrun for example_python_operator to None, run_after=None
[2023-07-19T16:43:44.225+0000] {processor.py:179} INFO - Processing /home/airflow/.local/lib/python3.7/site-packages/airflow/example_dags/example_python_operator.py took 0.044 seconds
[2023-07-19T16:44:15.163+0000] {processor.py:157} INFO - Started process (PID=1265) to work on /home/airflow/.local/lib/python3.7/site-packages/airflow/example_dags/example_python_operator.py
[2023-07-19T16:44:15.175+0000] {processor.py:826} INFO - Processing file /home/airflow/.local/lib/python3.7/site-packages/airflow/example_dags/example_python_operator.py for tasks to queue
[2023-07-19T16:44:15.176+0000] {logging_mixin.py:150} INFO - [2023-07-19T16:44:15.175+0000] {dagbag.py:541} INFO - Filling up the DagBag from /home/airflow/.local/lib/python3.7/site-packages/airflow/example_dags/example_python_operator.py
[2023-07-19T16:44:15.199+0000] {processor.py:836} INFO - DAG(s) dict_keys(['example_python_operator']) retrieved from /home/airflow/.local/lib/python3.7/site-packages/airflow/example_dags/example_python_operator.py
[2023-07-19T16:44:15.237+0000] {logging_mixin.py:150} INFO - [2023-07-19T16:44:15.237+0000] {dag.py:2742} INFO - Sync 1 DAGs
[2023-07-19T16:44:15.250+0000] {logging_mixin.py:150} INFO - [2023-07-19T16:44:15.250+0000] {dag.py:3508} INFO - Setting next_dagrun for example_python_operator to None, run_after=None
[2023-07-19T16:44:15.258+0000] {processor.py:179} INFO - Processing /home/airflow/.local/lib/python3.7/site-packages/airflow/example_dags/example_python_operator.py took 0.107 seconds
[2023-07-19T16:44:45.825+0000] {processor.py:157} INFO - Started process (PID=1327) to work on /home/airflow/.local/lib/python3.7/site-packages/airflow/example_dags/example_python_operator.py
[2023-07-19T16:44:45.826+0000] {processor.py:826} INFO - Processing file /home/airflow/.local/lib/python3.7/site-packages/airflow/example_dags/example_python_operator.py for tasks to queue
[2023-07-19T16:44:45.826+0000] {logging_mixin.py:150} INFO - [2023-07-19T16:44:45.826+0000] {dagbag.py:541} INFO - Filling up the DagBag from /home/airflow/.local/lib/python3.7/site-packages/airflow/example_dags/example_python_operator.py
[2023-07-19T16:44:45.835+0000] {processor.py:836} INFO - DAG(s) dict_keys(['example_python_operator']) retrieved from /home/airflow/.local/lib/python3.7/site-packages/airflow/example_dags/example_python_operator.py
[2023-07-19T16:44:45.852+0000] {logging_mixin.py:150} INFO - [2023-07-19T16:44:45.852+0000] {dag.py:2742} INFO - Sync 1 DAGs
[2023-07-19T16:44:45.865+0000] {logging_mixin.py:150} INFO - [2023-07-19T16:44:45.865+0000] {dag.py:3508} INFO - Setting next_dagrun for example_python_operator to None, run_after=None
[2023-07-19T16:44:45.875+0000] {processor.py:179} INFO - Processing /home/airflow/.local/lib/python3.7/site-packages/airflow/example_dags/example_python_operator.py took 0.052 seconds
[2023-07-19T16:45:16.823+0000] {processor.py:157} INFO - Started process (PID=1382) to work on /home/airflow/.local/lib/python3.7/site-packages/airflow/example_dags/example_python_operator.py
[2023-07-19T16:45:16.824+0000] {processor.py:826} INFO - Processing file /home/airflow/.local/lib/python3.7/site-packages/airflow/example_dags/example_python_operator.py for tasks to queue
[2023-07-19T16:45:16.824+0000] {logging_mixin.py:150} INFO - [2023-07-19T16:45:16.824+0000] {dagbag.py:541} INFO - Filling up the DagBag from /home/airflow/.local/lib/python3.7/site-packages/airflow/example_dags/example_python_operator.py
[2023-07-19T16:45:16.839+0000] {processor.py:836} INFO - DAG(s) dict_keys(['example_python_operator']) retrieved from /home/airflow/.local/lib/python3.7/site-packages/airflow/example_dags/example_python_operator.py
[2023-07-19T16:45:16.864+0000] {logging_mixin.py:150} INFO - [2023-07-19T16:45:16.864+0000] {dag.py:2742} INFO - Sync 1 DAGs
[2023-07-19T16:45:16.887+0000] {logging_mixin.py:150} INFO - [2023-07-19T16:45:16.887+0000] {dag.py:3508} INFO - Setting next_dagrun for example_python_operator to None, run_after=None
[2023-07-19T16:45:16.902+0000] {processor.py:179} INFO - Processing /home/airflow/.local/lib/python3.7/site-packages/airflow/example_dags/example_python_operator.py took 0.081 seconds
[2023-07-19T16:45:47.075+0000] {processor.py:157} INFO - Started process (PID=1437) to work on /home/airflow/.local/lib/python3.7/site-packages/airflow/example_dags/example_python_operator.py
[2023-07-19T16:45:47.080+0000] {processor.py:826} INFO - Processing file /home/airflow/.local/lib/python3.7/site-packages/airflow/example_dags/example_python_operator.py for tasks to queue
[2023-07-19T16:45:47.082+0000] {logging_mixin.py:150} INFO - [2023-07-19T16:45:47.080+0000] {dagbag.py:541} INFO - Filling up the DagBag from /home/airflow/.local/lib/python3.7/site-packages/airflow/example_dags/example_python_operator.py
[2023-07-19T16:45:47.106+0000] {processor.py:836} INFO - DAG(s) dict_keys(['example_python_operator']) retrieved from /home/airflow/.local/lib/python3.7/site-packages/airflow/example_dags/example_python_operator.py
[2023-07-19T16:45:47.173+0000] {logging_mixin.py:150} INFO - [2023-07-19T16:45:47.173+0000] {dag.py:2742} INFO - Sync 1 DAGs
[2023-07-19T16:45:47.187+0000] {logging_mixin.py:150} INFO - [2023-07-19T16:45:47.187+0000] {dag.py:3508} INFO - Setting next_dagrun for example_python_operator to None, run_after=None
[2023-07-19T16:45:47.197+0000] {processor.py:179} INFO - Processing /home/airflow/.local/lib/python3.7/site-packages/airflow/example_dags/example_python_operator.py took 0.125 seconds
[2023-07-19T16:46:17.995+0000] {processor.py:157} INFO - Started process (PID=1492) to work on /home/airflow/.local/lib/python3.7/site-packages/airflow/example_dags/example_python_operator.py
[2023-07-19T16:46:17.995+0000] {processor.py:826} INFO - Processing file /home/airflow/.local/lib/python3.7/site-packages/airflow/example_dags/example_python_operator.py for tasks to queue
[2023-07-19T16:46:17.996+0000] {logging_mixin.py:150} INFO - [2023-07-19T16:46:17.996+0000] {dagbag.py:541} INFO - Filling up the DagBag from /home/airflow/.local/lib/python3.7/site-packages/airflow/example_dags/example_python_operator.py
[2023-07-19T16:46:18.002+0000] {processor.py:836} INFO - DAG(s) dict_keys(['example_python_operator']) retrieved from /home/airflow/.local/lib/python3.7/site-packages/airflow/example_dags/example_python_operator.py
[2023-07-19T16:46:18.017+0000] {logging_mixin.py:150} INFO - [2023-07-19T16:46:18.017+0000] {dag.py:2742} INFO - Sync 1 DAGs
[2023-07-19T16:46:18.029+0000] {logging_mixin.py:150} INFO - [2023-07-19T16:46:18.029+0000] {dag.py:3508} INFO - Setting next_dagrun for example_python_operator to None, run_after=None
[2023-07-19T16:46:18.041+0000] {processor.py:179} INFO - Processing /home/airflow/.local/lib/python3.7/site-packages/airflow/example_dags/example_python_operator.py took 0.048 seconds
[2023-07-19T16:46:48.606+0000] {processor.py:157} INFO - Started process (PID=1547) to work on /home/airflow/.local/lib/python3.7/site-packages/airflow/example_dags/example_python_operator.py
[2023-07-19T16:46:48.607+0000] {processor.py:826} INFO - Processing file /home/airflow/.local/lib/python3.7/site-packages/airflow/example_dags/example_python_operator.py for tasks to queue
[2023-07-19T16:46:48.607+0000] {logging_mixin.py:150} INFO - [2023-07-19T16:46:48.607+0000] {dagbag.py:541} INFO - Filling up the DagBag from /home/airflow/.local/lib/python3.7/site-packages/airflow/example_dags/example_python_operator.py
[2023-07-19T16:46:48.614+0000] {processor.py:836} INFO - DAG(s) dict_keys(['example_python_operator']) retrieved from /home/airflow/.local/lib/python3.7/site-packages/airflow/example_dags/example_python_operator.py
[2023-07-19T16:46:48.628+0000] {logging_mixin.py:150} INFO - [2023-07-19T16:46:48.628+0000] {dag.py:2742} INFO - Sync 1 DAGs
[2023-07-19T16:46:48.639+0000] {logging_mixin.py:150} INFO - [2023-07-19T16:46:48.639+0000] {dag.py:3508} INFO - Setting next_dagrun for example_python_operator to None, run_after=None
[2023-07-19T16:46:48.646+0000] {processor.py:179} INFO - Processing /home/airflow/.local/lib/python3.7/site-packages/airflow/example_dags/example_python_operator.py took 0.042 seconds
[2023-07-19T16:47:19.580+0000] {processor.py:157} INFO - Started process (PID=1601) to work on /home/airflow/.local/lib/python3.7/site-packages/airflow/example_dags/example_python_operator.py
[2023-07-19T16:47:19.581+0000] {processor.py:826} INFO - Processing file /home/airflow/.local/lib/python3.7/site-packages/airflow/example_dags/example_python_operator.py for tasks to queue
[2023-07-19T16:47:19.581+0000] {logging_mixin.py:150} INFO - [2023-07-19T16:47:19.581+0000] {dagbag.py:541} INFO - Filling up the DagBag from /home/airflow/.local/lib/python3.7/site-packages/airflow/example_dags/example_python_operator.py
[2023-07-19T16:47:19.587+0000] {processor.py:836} INFO - DAG(s) dict_keys(['example_python_operator']) retrieved from /home/airflow/.local/lib/python3.7/site-packages/airflow/example_dags/example_python_operator.py
[2023-07-19T16:47:19.602+0000] {logging_mixin.py:150} INFO - [2023-07-19T16:47:19.602+0000] {dag.py:2742} INFO - Sync 1 DAGs
[2023-07-19T16:47:19.616+0000] {logging_mixin.py:150} INFO - [2023-07-19T16:47:19.616+0000] {dag.py:3508} INFO - Setting next_dagrun for example_python_operator to None, run_after=None
[2023-07-19T16:47:19.623+0000] {processor.py:179} INFO - Processing /home/airflow/.local/lib/python3.7/site-packages/airflow/example_dags/example_python_operator.py took 0.047 seconds
[2023-07-19T16:47:50.550+0000] {processor.py:157} INFO - Started process (PID=1656) to work on /home/airflow/.local/lib/python3.7/site-packages/airflow/example_dags/example_python_operator.py
[2023-07-19T16:47:50.550+0000] {processor.py:826} INFO - Processing file /home/airflow/.local/lib/python3.7/site-packages/airflow/example_dags/example_python_operator.py for tasks to queue
[2023-07-19T16:47:50.551+0000] {logging_mixin.py:150} INFO - [2023-07-19T16:47:50.550+0000] {dagbag.py:541} INFO - Filling up the DagBag from /home/airflow/.local/lib/python3.7/site-packages/airflow/example_dags/example_python_operator.py
[2023-07-19T16:47:50.556+0000] {processor.py:836} INFO - DAG(s) dict_keys(['example_python_operator']) retrieved from /home/airflow/.local/lib/python3.7/site-packages/airflow/example_dags/example_python_operator.py
[2023-07-19T16:47:50.575+0000] {logging_mixin.py:150} INFO - [2023-07-19T16:47:50.575+0000] {dag.py:2742} INFO - Sync 1 DAGs
[2023-07-19T16:47:50.594+0000] {logging_mixin.py:150} INFO - [2023-07-19T16:47:50.594+0000] {dag.py:3508} INFO - Setting next_dagrun for example_python_operator to None, run_after=None
[2023-07-19T16:47:50.607+0000] {processor.py:179} INFO - Processing /home/airflow/.local/lib/python3.7/site-packages/airflow/example_dags/example_python_operator.py took 0.059 seconds
[2023-07-19T16:48:20.852+0000] {processor.py:157} INFO - Started process (PID=1711) to work on /home/airflow/.local/lib/python3.7/site-packages/airflow/example_dags/example_python_operator.py
[2023-07-19T16:48:20.853+0000] {processor.py:826} INFO - Processing file /home/airflow/.local/lib/python3.7/site-packages/airflow/example_dags/example_python_operator.py for tasks to queue
[2023-07-19T16:48:20.853+0000] {logging_mixin.py:150} INFO - [2023-07-19T16:48:20.853+0000] {dagbag.py:541} INFO - Filling up the DagBag from /home/airflow/.local/lib/python3.7/site-packages/airflow/example_dags/example_python_operator.py
[2023-07-19T16:48:20.859+0000] {processor.py:836} INFO - DAG(s) dict_keys(['example_python_operator']) retrieved from /home/airflow/.local/lib/python3.7/site-packages/airflow/example_dags/example_python_operator.py
[2023-07-19T16:48:20.873+0000] {logging_mixin.py:150} INFO - [2023-07-19T16:48:20.873+0000] {dag.py:2742} INFO - Sync 1 DAGs
[2023-07-19T16:48:20.885+0000] {logging_mixin.py:150} INFO - [2023-07-19T16:48:20.885+0000] {dag.py:3508} INFO - Setting next_dagrun for example_python_operator to None, run_after=None
[2023-07-19T16:48:20.895+0000] {processor.py:179} INFO - Processing /home/airflow/.local/lib/python3.7/site-packages/airflow/example_dags/example_python_operator.py took 0.044 seconds
[2023-07-19T16:48:51.706+0000] {processor.py:157} INFO - Started process (PID=1766) to work on /home/airflow/.local/lib/python3.7/site-packages/airflow/example_dags/example_python_operator.py
[2023-07-19T16:48:51.706+0000] {processor.py:826} INFO - Processing file /home/airflow/.local/lib/python3.7/site-packages/airflow/example_dags/example_python_operator.py for tasks to queue
[2023-07-19T16:48:51.707+0000] {logging_mixin.py:150} INFO - [2023-07-19T16:48:51.706+0000] {dagbag.py:541} INFO - Filling up the DagBag from /home/airflow/.local/lib/python3.7/site-packages/airflow/example_dags/example_python_operator.py
[2023-07-19T16:48:51.713+0000] {processor.py:836} INFO - DAG(s) dict_keys(['example_python_operator']) retrieved from /home/airflow/.local/lib/python3.7/site-packages/airflow/example_dags/example_python_operator.py
[2023-07-19T16:48:51.734+0000] {logging_mixin.py:150} INFO - [2023-07-19T16:48:51.734+0000] {dag.py:2742} INFO - Sync 1 DAGs
[2023-07-19T16:48:51.754+0000] {logging_mixin.py:150} INFO - [2023-07-19T16:48:51.754+0000] {dag.py:3508} INFO - Setting next_dagrun for example_python_operator to None, run_after=None
[2023-07-19T16:48:51.761+0000] {processor.py:179} INFO - Processing /home/airflow/.local/lib/python3.7/site-packages/airflow/example_dags/example_python_operator.py took 0.058 seconds
[2023-07-19T16:49:22.625+0000] {processor.py:157} INFO - Started process (PID=1821) to work on /home/airflow/.local/lib/python3.7/site-packages/airflow/example_dags/example_python_operator.py
[2023-07-19T16:49:22.626+0000] {processor.py:826} INFO - Processing file /home/airflow/.local/lib/python3.7/site-packages/airflow/example_dags/example_python_operator.py for tasks to queue
[2023-07-19T16:49:22.627+0000] {logging_mixin.py:150} INFO - [2023-07-19T16:49:22.626+0000] {dagbag.py:541} INFO - Filling up the DagBag from /home/airflow/.local/lib/python3.7/site-packages/airflow/example_dags/example_python_operator.py
[2023-07-19T16:49:22.639+0000] {processor.py:836} INFO - DAG(s) dict_keys(['example_python_operator']) retrieved from /home/airflow/.local/lib/python3.7/site-packages/airflow/example_dags/example_python_operator.py
[2023-07-19T16:49:22.661+0000] {logging_mixin.py:150} INFO - [2023-07-19T16:49:22.661+0000] {dag.py:2742} INFO - Sync 1 DAGs
[2023-07-19T16:49:22.681+0000] {logging_mixin.py:150} INFO - [2023-07-19T16:49:22.681+0000] {dag.py:3508} INFO - Setting next_dagrun for example_python_operator to None, run_after=None
[2023-07-19T16:49:22.690+0000] {processor.py:179} INFO - Processing /home/airflow/.local/lib/python3.7/site-packages/airflow/example_dags/example_python_operator.py took 0.067 seconds
[2023-07-19T16:49:53.023+0000] {processor.py:157} INFO - Started process (PID=1876) to work on /home/airflow/.local/lib/python3.7/site-packages/airflow/example_dags/example_python_operator.py
[2023-07-19T16:49:53.023+0000] {processor.py:826} INFO - Processing file /home/airflow/.local/lib/python3.7/site-packages/airflow/example_dags/example_python_operator.py for tasks to queue
[2023-07-19T16:49:53.023+0000] {logging_mixin.py:150} INFO - [2023-07-19T16:49:53.023+0000] {dagbag.py:541} INFO - Filling up the DagBag from /home/airflow/.local/lib/python3.7/site-packages/airflow/example_dags/example_python_operator.py
[2023-07-19T16:49:53.031+0000] {processor.py:836} INFO - DAG(s) dict_keys(['example_python_operator']) retrieved from /home/airflow/.local/lib/python3.7/site-packages/airflow/example_dags/example_python_operator.py
[2023-07-19T16:49:53.048+0000] {logging_mixin.py:150} INFO - [2023-07-19T16:49:53.048+0000] {dag.py:2742} INFO - Sync 1 DAGs
[2023-07-19T16:49:53.064+0000] {logging_mixin.py:150} INFO - [2023-07-19T16:49:53.064+0000] {dag.py:3508} INFO - Setting next_dagrun for example_python_operator to None, run_after=None
[2023-07-19T16:49:53.073+0000] {processor.py:179} INFO - Processing /home/airflow/.local/lib/python3.7/site-packages/airflow/example_dags/example_python_operator.py took 0.052 seconds
[2023-07-19T16:50:23.700+0000] {processor.py:157} INFO - Started process (PID=1931) to work on /home/airflow/.local/lib/python3.7/site-packages/airflow/example_dags/example_python_operator.py
[2023-07-19T16:50:23.701+0000] {processor.py:826} INFO - Processing file /home/airflow/.local/lib/python3.7/site-packages/airflow/example_dags/example_python_operator.py for tasks to queue
[2023-07-19T16:50:23.702+0000] {logging_mixin.py:150} INFO - [2023-07-19T16:50:23.701+0000] {dagbag.py:541} INFO - Filling up the DagBag from /home/airflow/.local/lib/python3.7/site-packages/airflow/example_dags/example_python_operator.py
[2023-07-19T16:50:23.708+0000] {processor.py:836} INFO - DAG(s) dict_keys(['example_python_operator']) retrieved from /home/airflow/.local/lib/python3.7/site-packages/airflow/example_dags/example_python_operator.py
[2023-07-19T16:50:23.729+0000] {logging_mixin.py:150} INFO - [2023-07-19T16:50:23.729+0000] {dag.py:2742} INFO - Sync 1 DAGs
[2023-07-19T16:50:23.741+0000] {logging_mixin.py:150} INFO - [2023-07-19T16:50:23.741+0000] {dag.py:3508} INFO - Setting next_dagrun for example_python_operator to None, run_after=None
[2023-07-19T16:50:23.748+0000] {processor.py:179} INFO - Processing /home/airflow/.local/lib/python3.7/site-packages/airflow/example_dags/example_python_operator.py took 0.053 seconds
[2023-07-19T16:50:54.223+0000] {processor.py:157} INFO - Started process (PID=1986) to work on /home/airflow/.local/lib/python3.7/site-packages/airflow/example_dags/example_python_operator.py
[2023-07-19T16:50:54.226+0000] {processor.py:826} INFO - Processing file /home/airflow/.local/lib/python3.7/site-packages/airflow/example_dags/example_python_operator.py for tasks to queue
[2023-07-19T16:50:54.227+0000] {logging_mixin.py:150} INFO - [2023-07-19T16:50:54.226+0000] {dagbag.py:541} INFO - Filling up the DagBag from /home/airflow/.local/lib/python3.7/site-packages/airflow/example_dags/example_python_operator.py
[2023-07-19T16:50:54.238+0000] {processor.py:836} INFO - DAG(s) dict_keys(['example_python_operator']) retrieved from /home/airflow/.local/lib/python3.7/site-packages/airflow/example_dags/example_python_operator.py
[2023-07-19T16:50:54.257+0000] {logging_mixin.py:150} INFO - [2023-07-19T16:50:54.257+0000] {dag.py:2742} INFO - Sync 1 DAGs
[2023-07-19T16:50:54.283+0000] {logging_mixin.py:150} INFO - [2023-07-19T16:50:54.283+0000] {dag.py:3508} INFO - Setting next_dagrun for example_python_operator to None, run_after=None
[2023-07-19T16:50:54.300+0000] {processor.py:179} INFO - Processing /home/airflow/.local/lib/python3.7/site-packages/airflow/example_dags/example_python_operator.py took 0.079 seconds
[2023-07-19T16:51:24.604+0000] {processor.py:157} INFO - Started process (PID=2041) to work on /home/airflow/.local/lib/python3.7/site-packages/airflow/example_dags/example_python_operator.py
[2023-07-19T16:51:24.604+0000] {processor.py:826} INFO - Processing file /home/airflow/.local/lib/python3.7/site-packages/airflow/example_dags/example_python_operator.py for tasks to queue
[2023-07-19T16:51:24.606+0000] {logging_mixin.py:150} INFO - [2023-07-19T16:51:24.606+0000] {dagbag.py:541} INFO - Filling up the DagBag from /home/airflow/.local/lib/python3.7/site-packages/airflow/example_dags/example_python_operator.py
[2023-07-19T16:51:24.619+0000] {processor.py:836} INFO - DAG(s) dict_keys(['example_python_operator']) retrieved from /home/airflow/.local/lib/python3.7/site-packages/airflow/example_dags/example_python_operator.py
[2023-07-19T16:51:24.645+0000] {logging_mixin.py:150} INFO - [2023-07-19T16:51:24.645+0000] {dag.py:2742} INFO - Sync 1 DAGs
[2023-07-19T16:51:24.662+0000] {logging_mixin.py:150} INFO - [2023-07-19T16:51:24.662+0000] {dag.py:3508} INFO - Setting next_dagrun for example_python_operator to None, run_after=None
[2023-07-19T16:51:24.670+0000] {processor.py:179} INFO - Processing /home/airflow/.local/lib/python3.7/site-packages/airflow/example_dags/example_python_operator.py took 0.069 seconds
[2023-07-19T16:51:55.002+0000] {processor.py:157} INFO - Started process (PID=2096) to work on /home/airflow/.local/lib/python3.7/site-packages/airflow/example_dags/example_python_operator.py
[2023-07-19T16:51:55.002+0000] {processor.py:826} INFO - Processing file /home/airflow/.local/lib/python3.7/site-packages/airflow/example_dags/example_python_operator.py for tasks to queue
[2023-07-19T16:51:55.003+0000] {logging_mixin.py:150} INFO - [2023-07-19T16:51:55.002+0000] {dagbag.py:541} INFO - Filling up the DagBag from /home/airflow/.local/lib/python3.7/site-packages/airflow/example_dags/example_python_operator.py
[2023-07-19T16:51:55.008+0000] {processor.py:836} INFO - DAG(s) dict_keys(['example_python_operator']) retrieved from /home/airflow/.local/lib/python3.7/site-packages/airflow/example_dags/example_python_operator.py
[2023-07-19T16:51:55.023+0000] {logging_mixin.py:150} INFO - [2023-07-19T16:51:55.023+0000] {dag.py:2742} INFO - Sync 1 DAGs
[2023-07-19T16:51:55.035+0000] {logging_mixin.py:150} INFO - [2023-07-19T16:51:55.035+0000] {dag.py:3508} INFO - Setting next_dagrun for example_python_operator to None, run_after=None
[2023-07-19T16:51:55.044+0000] {processor.py:179} INFO - Processing /home/airflow/.local/lib/python3.7/site-packages/airflow/example_dags/example_python_operator.py took 0.044 seconds
