[2023-07-19T16:32:49.627+0000] {processor.py:157} INFO - Started process (PID=33) to work on /home/airflow/.local/lib/python3.7/site-packages/airflow/example_dags/example_external_task_marker_dag.py
[2023-07-19T16:32:49.628+0000] {processor.py:826} INFO - Processing file /home/airflow/.local/lib/python3.7/site-packages/airflow/example_dags/example_external_task_marker_dag.py for tasks to queue
[2023-07-19T16:32:49.628+0000] {logging_mixin.py:150} INFO - [2023-07-19T16:32:49.628+0000] {dagbag.py:541} INFO - Filling up the DagBag from /home/airflow/.local/lib/python3.7/site-packages/airflow/example_dags/example_external_task_marker_dag.py
[2023-07-19T16:32:49.638+0000] {processor.py:836} INFO - DAG(s) dict_keys(['example_external_task_marker_parent', 'example_external_task_marker_child']) retrieved from /home/airflow/.local/lib/python3.7/site-packages/airflow/example_dags/example_external_task_marker_dag.py
[2023-07-19T16:32:49.692+0000] {logging_mixin.py:150} INFO - [2023-07-19T16:32:49.692+0000] {dag.py:2742} INFO - Sync 2 DAGs
[2023-07-19T16:32:49.718+0000] {logging_mixin.py:150} INFO - [2023-07-19T16:32:49.718+0000] {dag.py:3508} INFO - Setting next_dagrun for example_external_task_marker_child to None, run_after=None
[2023-07-19T16:32:49.721+0000] {logging_mixin.py:150} INFO - [2023-07-19T16:32:49.721+0000] {dag.py:3508} INFO - Setting next_dagrun for example_external_task_marker_parent to None, run_after=None
[2023-07-19T16:32:49.743+0000] {processor.py:179} INFO - Processing /home/airflow/.local/lib/python3.7/site-packages/airflow/example_dags/example_external_task_marker_dag.py took 0.136 seconds
[2023-07-19T16:33:19.804+0000] {processor.py:157} INFO - Started process (PID=88) to work on /home/airflow/.local/lib/python3.7/site-packages/airflow/example_dags/example_external_task_marker_dag.py
[2023-07-19T16:33:19.814+0000] {processor.py:826} INFO - Processing file /home/airflow/.local/lib/python3.7/site-packages/airflow/example_dags/example_external_task_marker_dag.py for tasks to queue
[2023-07-19T16:33:19.818+0000] {logging_mixin.py:150} INFO - [2023-07-19T16:33:19.817+0000] {dagbag.py:541} INFO - Filling up the DagBag from /home/airflow/.local/lib/python3.7/site-packages/airflow/example_dags/example_external_task_marker_dag.py
[2023-07-19T16:33:19.847+0000] {processor.py:836} INFO - DAG(s) dict_keys(['example_external_task_marker_parent', 'example_external_task_marker_child']) retrieved from /home/airflow/.local/lib/python3.7/site-packages/airflow/example_dags/example_external_task_marker_dag.py
[2023-07-19T16:33:19.942+0000] {logging_mixin.py:150} INFO - [2023-07-19T16:33:19.942+0000] {dag.py:2742} INFO - Sync 2 DAGs
[2023-07-19T16:33:19.974+0000] {logging_mixin.py:150} INFO - [2023-07-19T16:33:19.974+0000] {dag.py:3508} INFO - Setting next_dagrun for example_external_task_marker_child to None, run_after=None
[2023-07-19T16:33:19.978+0000] {logging_mixin.py:150} INFO - [2023-07-19T16:33:19.978+0000] {dag.py:3508} INFO - Setting next_dagrun for example_external_task_marker_parent to None, run_after=None
[2023-07-19T16:33:20.025+0000] {processor.py:179} INFO - Processing /home/airflow/.local/lib/python3.7/site-packages/airflow/example_dags/example_external_task_marker_dag.py took 0.227 seconds
[2023-07-19T16:33:50.403+0000] {processor.py:157} INFO - Started process (PID=144) to work on /home/airflow/.local/lib/python3.7/site-packages/airflow/example_dags/example_external_task_marker_dag.py
[2023-07-19T16:33:50.404+0000] {processor.py:826} INFO - Processing file /home/airflow/.local/lib/python3.7/site-packages/airflow/example_dags/example_external_task_marker_dag.py for tasks to queue
[2023-07-19T16:33:50.405+0000] {logging_mixin.py:150} INFO - [2023-07-19T16:33:50.405+0000] {dagbag.py:541} INFO - Filling up the DagBag from /home/airflow/.local/lib/python3.7/site-packages/airflow/example_dags/example_external_task_marker_dag.py
[2023-07-19T16:33:50.438+0000] {processor.py:836} INFO - DAG(s) dict_keys(['example_external_task_marker_parent', 'example_external_task_marker_child']) retrieved from /home/airflow/.local/lib/python3.7/site-packages/airflow/example_dags/example_external_task_marker_dag.py
[2023-07-19T16:33:50.500+0000] {logging_mixin.py:150} INFO - [2023-07-19T16:33:50.500+0000] {dag.py:2742} INFO - Sync 2 DAGs
[2023-07-19T16:33:50.541+0000] {logging_mixin.py:150} INFO - [2023-07-19T16:33:50.541+0000] {dag.py:3508} INFO - Setting next_dagrun for example_external_task_marker_child to None, run_after=None
[2023-07-19T16:33:50.543+0000] {logging_mixin.py:150} INFO - [2023-07-19T16:33:50.543+0000] {dag.py:3508} INFO - Setting next_dagrun for example_external_task_marker_parent to None, run_after=None
[2023-07-19T16:33:50.558+0000] {processor.py:179} INFO - Processing /home/airflow/.local/lib/python3.7/site-packages/airflow/example_dags/example_external_task_marker_dag.py took 0.158 seconds
[2023-07-19T16:34:21.396+0000] {processor.py:157} INFO - Started process (PID=198) to work on /home/airflow/.local/lib/python3.7/site-packages/airflow/example_dags/example_external_task_marker_dag.py
[2023-07-19T16:34:21.397+0000] {processor.py:826} INFO - Processing file /home/airflow/.local/lib/python3.7/site-packages/airflow/example_dags/example_external_task_marker_dag.py for tasks to queue
[2023-07-19T16:34:21.397+0000] {logging_mixin.py:150} INFO - [2023-07-19T16:34:21.397+0000] {dagbag.py:541} INFO - Filling up the DagBag from /home/airflow/.local/lib/python3.7/site-packages/airflow/example_dags/example_external_task_marker_dag.py
[2023-07-19T16:34:21.404+0000] {processor.py:836} INFO - DAG(s) dict_keys(['example_external_task_marker_parent', 'example_external_task_marker_child']) retrieved from /home/airflow/.local/lib/python3.7/site-packages/airflow/example_dags/example_external_task_marker_dag.py
[2023-07-19T16:34:21.465+0000] {logging_mixin.py:150} INFO - [2023-07-19T16:34:21.465+0000] {dag.py:2742} INFO - Sync 2 DAGs
[2023-07-19T16:34:21.483+0000] {logging_mixin.py:150} INFO - [2023-07-19T16:34:21.482+0000] {dag.py:3508} INFO - Setting next_dagrun for example_external_task_marker_child to None, run_after=None
[2023-07-19T16:34:21.485+0000] {logging_mixin.py:150} INFO - [2023-07-19T16:34:21.485+0000] {dag.py:3508} INFO - Setting next_dagrun for example_external_task_marker_parent to None, run_after=None
[2023-07-19T16:34:21.499+0000] {processor.py:179} INFO - Processing /home/airflow/.local/lib/python3.7/site-packages/airflow/example_dags/example_external_task_marker_dag.py took 0.107 seconds
[2023-07-19T16:34:52.288+0000] {processor.py:157} INFO - Started process (PID=253) to work on /home/airflow/.local/lib/python3.7/site-packages/airflow/example_dags/example_external_task_marker_dag.py
[2023-07-19T16:34:52.288+0000] {processor.py:826} INFO - Processing file /home/airflow/.local/lib/python3.7/site-packages/airflow/example_dags/example_external_task_marker_dag.py for tasks to queue
[2023-07-19T16:34:52.289+0000] {logging_mixin.py:150} INFO - [2023-07-19T16:34:52.289+0000] {dagbag.py:541} INFO - Filling up the DagBag from /home/airflow/.local/lib/python3.7/site-packages/airflow/example_dags/example_external_task_marker_dag.py
[2023-07-19T16:34:52.298+0000] {processor.py:836} INFO - DAG(s) dict_keys(['example_external_task_marker_parent', 'example_external_task_marker_child']) retrieved from /home/airflow/.local/lib/python3.7/site-packages/airflow/example_dags/example_external_task_marker_dag.py
[2023-07-19T16:34:52.327+0000] {logging_mixin.py:150} INFO - [2023-07-19T16:34:52.327+0000] {dag.py:2742} INFO - Sync 2 DAGs
[2023-07-19T16:34:52.344+0000] {logging_mixin.py:150} INFO - [2023-07-19T16:34:52.344+0000] {dag.py:3508} INFO - Setting next_dagrun for example_external_task_marker_child to None, run_after=None
[2023-07-19T16:34:52.345+0000] {logging_mixin.py:150} INFO - [2023-07-19T16:34:52.345+0000] {dag.py:3508} INFO - Setting next_dagrun for example_external_task_marker_parent to None, run_after=None
[2023-07-19T16:34:52.354+0000] {processor.py:179} INFO - Processing /home/airflow/.local/lib/python3.7/site-packages/airflow/example_dags/example_external_task_marker_dag.py took 0.072 seconds
[2023-07-19T16:35:23.273+0000] {processor.py:157} INFO - Started process (PID=308) to work on /home/airflow/.local/lib/python3.7/site-packages/airflow/example_dags/example_external_task_marker_dag.py
[2023-07-19T16:35:23.275+0000] {processor.py:826} INFO - Processing file /home/airflow/.local/lib/python3.7/site-packages/airflow/example_dags/example_external_task_marker_dag.py for tasks to queue
[2023-07-19T16:35:23.278+0000] {logging_mixin.py:150} INFO - [2023-07-19T16:35:23.277+0000] {dagbag.py:541} INFO - Filling up the DagBag from /home/airflow/.local/lib/python3.7/site-packages/airflow/example_dags/example_external_task_marker_dag.py
[2023-07-19T16:35:23.313+0000] {processor.py:836} INFO - DAG(s) dict_keys(['example_external_task_marker_child', 'example_external_task_marker_parent']) retrieved from /home/airflow/.local/lib/python3.7/site-packages/airflow/example_dags/example_external_task_marker_dag.py
[2023-07-19T16:35:23.364+0000] {logging_mixin.py:150} INFO - [2023-07-19T16:35:23.364+0000] {dag.py:2742} INFO - Sync 2 DAGs
[2023-07-19T16:35:23.404+0000] {logging_mixin.py:150} INFO - [2023-07-19T16:35:23.404+0000] {dag.py:3508} INFO - Setting next_dagrun for example_external_task_marker_child to None, run_after=None
[2023-07-19T16:35:23.409+0000] {logging_mixin.py:150} INFO - [2023-07-19T16:35:23.409+0000] {dag.py:3508} INFO - Setting next_dagrun for example_external_task_marker_parent to None, run_after=None
[2023-07-19T16:35:23.451+0000] {processor.py:179} INFO - Processing /home/airflow/.local/lib/python3.7/site-packages/airflow/example_dags/example_external_task_marker_dag.py took 0.192 seconds
[2023-07-19T16:35:53.779+0000] {processor.py:157} INFO - Started process (PID=364) to work on /home/airflow/.local/lib/python3.7/site-packages/airflow/example_dags/example_external_task_marker_dag.py
[2023-07-19T16:35:53.781+0000] {processor.py:826} INFO - Processing file /home/airflow/.local/lib/python3.7/site-packages/airflow/example_dags/example_external_task_marker_dag.py for tasks to queue
[2023-07-19T16:35:53.783+0000] {logging_mixin.py:150} INFO - [2023-07-19T16:35:53.782+0000] {dagbag.py:541} INFO - Filling up the DagBag from /home/airflow/.local/lib/python3.7/site-packages/airflow/example_dags/example_external_task_marker_dag.py
[2023-07-19T16:35:53.794+0000] {processor.py:836} INFO - DAG(s) dict_keys(['example_external_task_marker_parent', 'example_external_task_marker_child']) retrieved from /home/airflow/.local/lib/python3.7/site-packages/airflow/example_dags/example_external_task_marker_dag.py
[2023-07-19T16:35:53.839+0000] {logging_mixin.py:150} INFO - [2023-07-19T16:35:53.839+0000] {dag.py:2742} INFO - Sync 2 DAGs
[2023-07-19T16:35:53.863+0000] {logging_mixin.py:150} INFO - [2023-07-19T16:35:53.862+0000] {dag.py:3508} INFO - Setting next_dagrun for example_external_task_marker_child to None, run_after=None
[2023-07-19T16:35:53.864+0000] {logging_mixin.py:150} INFO - [2023-07-19T16:35:53.864+0000] {dag.py:3508} INFO - Setting next_dagrun for example_external_task_marker_parent to None, run_after=None
[2023-07-19T16:35:53.873+0000] {processor.py:179} INFO - Processing /home/airflow/.local/lib/python3.7/site-packages/airflow/example_dags/example_external_task_marker_dag.py took 0.098 seconds
[2023-07-19T16:36:24.094+0000] {processor.py:157} INFO - Started process (PID=419) to work on /home/airflow/.local/lib/python3.7/site-packages/airflow/example_dags/example_external_task_marker_dag.py
[2023-07-19T16:36:24.095+0000] {processor.py:826} INFO - Processing file /home/airflow/.local/lib/python3.7/site-packages/airflow/example_dags/example_external_task_marker_dag.py for tasks to queue
[2023-07-19T16:36:24.097+0000] {logging_mixin.py:150} INFO - [2023-07-19T16:36:24.095+0000] {dagbag.py:541} INFO - Filling up the DagBag from /home/airflow/.local/lib/python3.7/site-packages/airflow/example_dags/example_external_task_marker_dag.py
[2023-07-19T16:36:24.147+0000] {processor.py:836} INFO - DAG(s) dict_keys(['example_external_task_marker_child', 'example_external_task_marker_parent']) retrieved from /home/airflow/.local/lib/python3.7/site-packages/airflow/example_dags/example_external_task_marker_dag.py
[2023-07-19T16:36:24.228+0000] {logging_mixin.py:150} INFO - [2023-07-19T16:36:24.228+0000] {dag.py:2742} INFO - Sync 2 DAGs
[2023-07-19T16:36:24.280+0000] {logging_mixin.py:150} INFO - [2023-07-19T16:36:24.280+0000] {dag.py:3508} INFO - Setting next_dagrun for example_external_task_marker_child to None, run_after=None
[2023-07-19T16:36:24.283+0000] {logging_mixin.py:150} INFO - [2023-07-19T16:36:24.283+0000] {dag.py:3508} INFO - Setting next_dagrun for example_external_task_marker_parent to None, run_after=None
[2023-07-19T16:36:24.295+0000] {processor.py:179} INFO - Processing /home/airflow/.local/lib/python3.7/site-packages/airflow/example_dags/example_external_task_marker_dag.py took 0.216 seconds
[2023-07-19T16:36:54.320+0000] {processor.py:157} INFO - Started process (PID=473) to work on /home/airflow/.local/lib/python3.7/site-packages/airflow/example_dags/example_external_task_marker_dag.py
[2023-07-19T16:36:54.321+0000] {processor.py:826} INFO - Processing file /home/airflow/.local/lib/python3.7/site-packages/airflow/example_dags/example_external_task_marker_dag.py for tasks to queue
[2023-07-19T16:36:54.322+0000] {logging_mixin.py:150} INFO - [2023-07-19T16:36:54.322+0000] {dagbag.py:541} INFO - Filling up the DagBag from /home/airflow/.local/lib/python3.7/site-packages/airflow/example_dags/example_external_task_marker_dag.py
[2023-07-19T16:36:54.331+0000] {processor.py:836} INFO - DAG(s) dict_keys(['example_external_task_marker_parent', 'example_external_task_marker_child']) retrieved from /home/airflow/.local/lib/python3.7/site-packages/airflow/example_dags/example_external_task_marker_dag.py
[2023-07-19T16:36:54.377+0000] {logging_mixin.py:150} INFO - [2023-07-19T16:36:54.374+0000] {dag.py:2742} INFO - Sync 2 DAGs
[2023-07-19T16:36:54.397+0000] {logging_mixin.py:150} INFO - [2023-07-19T16:36:54.397+0000] {dag.py:3508} INFO - Setting next_dagrun for example_external_task_marker_child to None, run_after=None
[2023-07-19T16:36:54.399+0000] {logging_mixin.py:150} INFO - [2023-07-19T16:36:54.399+0000] {dag.py:3508} INFO - Setting next_dagrun for example_external_task_marker_parent to None, run_after=None
[2023-07-19T16:36:54.433+0000] {processor.py:179} INFO - Processing /home/airflow/.local/lib/python3.7/site-packages/airflow/example_dags/example_external_task_marker_dag.py took 0.118 seconds
[2023-07-19T16:37:24.505+0000] {processor.py:157} INFO - Started process (PID=528) to work on /home/airflow/.local/lib/python3.7/site-packages/airflow/example_dags/example_external_task_marker_dag.py
[2023-07-19T16:37:24.506+0000] {processor.py:826} INFO - Processing file /home/airflow/.local/lib/python3.7/site-packages/airflow/example_dags/example_external_task_marker_dag.py for tasks to queue
[2023-07-19T16:37:24.508+0000] {logging_mixin.py:150} INFO - [2023-07-19T16:37:24.507+0000] {dagbag.py:541} INFO - Filling up the DagBag from /home/airflow/.local/lib/python3.7/site-packages/airflow/example_dags/example_external_task_marker_dag.py
[2023-07-19T16:37:24.533+0000] {processor.py:836} INFO - DAG(s) dict_keys(['example_external_task_marker_parent', 'example_external_task_marker_child']) retrieved from /home/airflow/.local/lib/python3.7/site-packages/airflow/example_dags/example_external_task_marker_dag.py
[2023-07-19T16:37:24.607+0000] {logging_mixin.py:150} INFO - [2023-07-19T16:37:24.607+0000] {dag.py:2742} INFO - Sync 2 DAGs
[2023-07-19T16:37:24.642+0000] {logging_mixin.py:150} INFO - [2023-07-19T16:37:24.642+0000] {dag.py:3508} INFO - Setting next_dagrun for example_external_task_marker_child to None, run_after=None
[2023-07-19T16:37:24.644+0000] {logging_mixin.py:150} INFO - [2023-07-19T16:37:24.644+0000] {dag.py:3508} INFO - Setting next_dagrun for example_external_task_marker_parent to None, run_after=None
[2023-07-19T16:37:24.660+0000] {processor.py:179} INFO - Processing /home/airflow/.local/lib/python3.7/site-packages/airflow/example_dags/example_external_task_marker_dag.py took 0.162 seconds
[2023-07-19T16:37:55.121+0000] {processor.py:157} INFO - Started process (PID=584) to work on /home/airflow/.local/lib/python3.7/site-packages/airflow/example_dags/example_external_task_marker_dag.py
[2023-07-19T16:37:55.122+0000] {processor.py:826} INFO - Processing file /home/airflow/.local/lib/python3.7/site-packages/airflow/example_dags/example_external_task_marker_dag.py for tasks to queue
[2023-07-19T16:37:55.123+0000] {logging_mixin.py:150} INFO - [2023-07-19T16:37:55.122+0000] {dagbag.py:541} INFO - Filling up the DagBag from /home/airflow/.local/lib/python3.7/site-packages/airflow/example_dags/example_external_task_marker_dag.py
[2023-07-19T16:37:55.129+0000] {processor.py:836} INFO - DAG(s) dict_keys(['example_external_task_marker_parent', 'example_external_task_marker_child']) retrieved from /home/airflow/.local/lib/python3.7/site-packages/airflow/example_dags/example_external_task_marker_dag.py
[2023-07-19T16:37:55.168+0000] {logging_mixin.py:150} INFO - [2023-07-19T16:37:55.167+0000] {dag.py:2742} INFO - Sync 2 DAGs
[2023-07-19T16:37:55.195+0000] {logging_mixin.py:150} INFO - [2023-07-19T16:37:55.195+0000] {dag.py:3508} INFO - Setting next_dagrun for example_external_task_marker_child to None, run_after=None
[2023-07-19T16:37:55.197+0000] {logging_mixin.py:150} INFO - [2023-07-19T16:37:55.197+0000] {dag.py:3508} INFO - Setting next_dagrun for example_external_task_marker_parent to None, run_after=None
[2023-07-19T16:37:55.205+0000] {processor.py:179} INFO - Processing /home/airflow/.local/lib/python3.7/site-packages/airflow/example_dags/example_external_task_marker_dag.py took 0.086 seconds
[2023-07-19T16:38:25.264+0000] {processor.py:157} INFO - Started process (PID=639) to work on /home/airflow/.local/lib/python3.7/site-packages/airflow/example_dags/example_external_task_marker_dag.py
[2023-07-19T16:38:25.265+0000] {processor.py:826} INFO - Processing file /home/airflow/.local/lib/python3.7/site-packages/airflow/example_dags/example_external_task_marker_dag.py for tasks to queue
[2023-07-19T16:38:25.266+0000] {logging_mixin.py:150} INFO - [2023-07-19T16:38:25.266+0000] {dagbag.py:541} INFO - Filling up the DagBag from /home/airflow/.local/lib/python3.7/site-packages/airflow/example_dags/example_external_task_marker_dag.py
[2023-07-19T16:38:25.274+0000] {processor.py:836} INFO - DAG(s) dict_keys(['example_external_task_marker_child', 'example_external_task_marker_parent']) retrieved from /home/airflow/.local/lib/python3.7/site-packages/airflow/example_dags/example_external_task_marker_dag.py
[2023-07-19T16:38:25.312+0000] {logging_mixin.py:150} INFO - [2023-07-19T16:38:25.312+0000] {dag.py:2742} INFO - Sync 2 DAGs
[2023-07-19T16:38:25.330+0000] {logging_mixin.py:150} INFO - [2023-07-19T16:38:25.330+0000] {dag.py:3508} INFO - Setting next_dagrun for example_external_task_marker_child to None, run_after=None
[2023-07-19T16:38:25.333+0000] {logging_mixin.py:150} INFO - [2023-07-19T16:38:25.332+0000] {dag.py:3508} INFO - Setting next_dagrun for example_external_task_marker_parent to None, run_after=None
[2023-07-19T16:38:25.344+0000] {processor.py:179} INFO - Processing /home/airflow/.local/lib/python3.7/site-packages/airflow/example_dags/example_external_task_marker_dag.py took 0.083 seconds
[2023-07-19T16:38:55.385+0000] {processor.py:157} INFO - Started process (PID=694) to work on /home/airflow/.local/lib/python3.7/site-packages/airflow/example_dags/example_external_task_marker_dag.py
[2023-07-19T16:38:55.385+0000] {processor.py:826} INFO - Processing file /home/airflow/.local/lib/python3.7/site-packages/airflow/example_dags/example_external_task_marker_dag.py for tasks to queue
[2023-07-19T16:38:55.386+0000] {logging_mixin.py:150} INFO - [2023-07-19T16:38:55.386+0000] {dagbag.py:541} INFO - Filling up the DagBag from /home/airflow/.local/lib/python3.7/site-packages/airflow/example_dags/example_external_task_marker_dag.py
[2023-07-19T16:38:55.396+0000] {processor.py:836} INFO - DAG(s) dict_keys(['example_external_task_marker_parent', 'example_external_task_marker_child']) retrieved from /home/airflow/.local/lib/python3.7/site-packages/airflow/example_dags/example_external_task_marker_dag.py
[2023-07-19T16:38:55.452+0000] {logging_mixin.py:150} INFO - [2023-07-19T16:38:55.452+0000] {dag.py:2742} INFO - Sync 2 DAGs
[2023-07-19T16:38:55.489+0000] {logging_mixin.py:150} INFO - [2023-07-19T16:38:55.489+0000] {dag.py:3508} INFO - Setting next_dagrun for example_external_task_marker_child to None, run_after=None
[2023-07-19T16:38:55.491+0000] {logging_mixin.py:150} INFO - [2023-07-19T16:38:55.491+0000] {dag.py:3508} INFO - Setting next_dagrun for example_external_task_marker_parent to None, run_after=None
[2023-07-19T16:38:55.505+0000] {processor.py:179} INFO - Processing /home/airflow/.local/lib/python3.7/site-packages/airflow/example_dags/example_external_task_marker_dag.py took 0.130 seconds
[2023-07-19T16:39:25.809+0000] {processor.py:157} INFO - Started process (PID=749) to work on /home/airflow/.local/lib/python3.7/site-packages/airflow/example_dags/example_external_task_marker_dag.py
[2023-07-19T16:39:25.809+0000] {processor.py:826} INFO - Processing file /home/airflow/.local/lib/python3.7/site-packages/airflow/example_dags/example_external_task_marker_dag.py for tasks to queue
[2023-07-19T16:39:25.810+0000] {logging_mixin.py:150} INFO - [2023-07-19T16:39:25.809+0000] {dagbag.py:541} INFO - Filling up the DagBag from /home/airflow/.local/lib/python3.7/site-packages/airflow/example_dags/example_external_task_marker_dag.py
[2023-07-19T16:39:25.823+0000] {processor.py:836} INFO - DAG(s) dict_keys(['example_external_task_marker_parent', 'example_external_task_marker_child']) retrieved from /home/airflow/.local/lib/python3.7/site-packages/airflow/example_dags/example_external_task_marker_dag.py
[2023-07-19T16:39:25.861+0000] {logging_mixin.py:150} INFO - [2023-07-19T16:39:25.861+0000] {dag.py:2742} INFO - Sync 2 DAGs
[2023-07-19T16:39:25.887+0000] {logging_mixin.py:150} INFO - [2023-07-19T16:39:25.887+0000] {dag.py:3508} INFO - Setting next_dagrun for example_external_task_marker_child to None, run_after=None
[2023-07-19T16:39:25.890+0000] {logging_mixin.py:150} INFO - [2023-07-19T16:39:25.890+0000] {dag.py:3508} INFO - Setting next_dagrun for example_external_task_marker_parent to None, run_after=None
[2023-07-19T16:39:25.913+0000] {processor.py:179} INFO - Processing /home/airflow/.local/lib/python3.7/site-packages/airflow/example_dags/example_external_task_marker_dag.py took 0.107 seconds
[2023-07-19T16:39:56.865+0000] {processor.py:157} INFO - Started process (PID=804) to work on /home/airflow/.local/lib/python3.7/site-packages/airflow/example_dags/example_external_task_marker_dag.py
[2023-07-19T16:39:56.872+0000] {processor.py:826} INFO - Processing file /home/airflow/.local/lib/python3.7/site-packages/airflow/example_dags/example_external_task_marker_dag.py for tasks to queue
[2023-07-19T16:39:56.874+0000] {logging_mixin.py:150} INFO - [2023-07-19T16:39:56.873+0000] {dagbag.py:541} INFO - Filling up the DagBag from /home/airflow/.local/lib/python3.7/site-packages/airflow/example_dags/example_external_task_marker_dag.py
[2023-07-19T16:39:56.913+0000] {processor.py:836} INFO - DAG(s) dict_keys(['example_external_task_marker_child', 'example_external_task_marker_parent']) retrieved from /home/airflow/.local/lib/python3.7/site-packages/airflow/example_dags/example_external_task_marker_dag.py
[2023-07-19T16:39:57.060+0000] {logging_mixin.py:150} INFO - [2023-07-19T16:39:57.059+0000] {dag.py:2742} INFO - Sync 2 DAGs
[2023-07-19T16:39:57.250+0000] {logging_mixin.py:150} INFO - [2023-07-19T16:39:57.250+0000] {dag.py:3508} INFO - Setting next_dagrun for example_external_task_marker_child to None, run_after=None
[2023-07-19T16:39:57.272+0000] {logging_mixin.py:150} INFO - [2023-07-19T16:39:57.272+0000] {dag.py:3508} INFO - Setting next_dagrun for example_external_task_marker_parent to None, run_after=None
[2023-07-19T16:39:57.303+0000] {processor.py:179} INFO - Processing /home/airflow/.local/lib/python3.7/site-packages/airflow/example_dags/example_external_task_marker_dag.py took 0.483 seconds
[2023-07-19T16:40:27.433+0000] {processor.py:157} INFO - Started process (PID=859) to work on /home/airflow/.local/lib/python3.7/site-packages/airflow/example_dags/example_external_task_marker_dag.py
[2023-07-19T16:40:27.434+0000] {processor.py:826} INFO - Processing file /home/airflow/.local/lib/python3.7/site-packages/airflow/example_dags/example_external_task_marker_dag.py for tasks to queue
[2023-07-19T16:40:27.434+0000] {logging_mixin.py:150} INFO - [2023-07-19T16:40:27.434+0000] {dagbag.py:541} INFO - Filling up the DagBag from /home/airflow/.local/lib/python3.7/site-packages/airflow/example_dags/example_external_task_marker_dag.py
[2023-07-19T16:40:27.439+0000] {processor.py:836} INFO - DAG(s) dict_keys(['example_external_task_marker_child', 'example_external_task_marker_parent']) retrieved from /home/airflow/.local/lib/python3.7/site-packages/airflow/example_dags/example_external_task_marker_dag.py
[2023-07-19T16:40:27.479+0000] {logging_mixin.py:150} INFO - [2023-07-19T16:40:27.479+0000] {dag.py:2742} INFO - Sync 2 DAGs
[2023-07-19T16:40:27.493+0000] {logging_mixin.py:150} INFO - [2023-07-19T16:40:27.493+0000] {dag.py:3508} INFO - Setting next_dagrun for example_external_task_marker_child to None, run_after=None
[2023-07-19T16:40:27.495+0000] {logging_mixin.py:150} INFO - [2023-07-19T16:40:27.495+0000] {dag.py:3508} INFO - Setting next_dagrun for example_external_task_marker_parent to None, run_after=None
[2023-07-19T16:40:27.504+0000] {processor.py:179} INFO - Processing /home/airflow/.local/lib/python3.7/site-packages/airflow/example_dags/example_external_task_marker_dag.py took 0.074 seconds
[2023-07-19T16:40:57.640+0000] {processor.py:157} INFO - Started process (PID=913) to work on /home/airflow/.local/lib/python3.7/site-packages/airflow/example_dags/example_external_task_marker_dag.py
[2023-07-19T16:40:57.642+0000] {processor.py:826} INFO - Processing file /home/airflow/.local/lib/python3.7/site-packages/airflow/example_dags/example_external_task_marker_dag.py for tasks to queue
[2023-07-19T16:40:57.642+0000] {logging_mixin.py:150} INFO - [2023-07-19T16:40:57.642+0000] {dagbag.py:541} INFO - Filling up the DagBag from /home/airflow/.local/lib/python3.7/site-packages/airflow/example_dags/example_external_task_marker_dag.py
[2023-07-19T16:40:57.667+0000] {processor.py:836} INFO - DAG(s) dict_keys(['example_external_task_marker_child', 'example_external_task_marker_parent']) retrieved from /home/airflow/.local/lib/python3.7/site-packages/airflow/example_dags/example_external_task_marker_dag.py
[2023-07-19T16:40:57.727+0000] {logging_mixin.py:150} INFO - [2023-07-19T16:40:57.727+0000] {dag.py:2742} INFO - Sync 2 DAGs
[2023-07-19T16:40:57.782+0000] {logging_mixin.py:150} INFO - [2023-07-19T16:40:57.782+0000] {dag.py:3508} INFO - Setting next_dagrun for example_external_task_marker_child to None, run_after=None
[2023-07-19T16:40:57.786+0000] {logging_mixin.py:150} INFO - [2023-07-19T16:40:57.786+0000] {dag.py:3508} INFO - Setting next_dagrun for example_external_task_marker_parent to None, run_after=None
[2023-07-19T16:40:57.817+0000] {processor.py:179} INFO - Processing /home/airflow/.local/lib/python3.7/site-packages/airflow/example_dags/example_external_task_marker_dag.py took 0.191 seconds
[2023-07-19T16:41:28.605+0000] {processor.py:157} INFO - Started process (PID=968) to work on /home/airflow/.local/lib/python3.7/site-packages/airflow/example_dags/example_external_task_marker_dag.py
[2023-07-19T16:41:28.606+0000] {processor.py:826} INFO - Processing file /home/airflow/.local/lib/python3.7/site-packages/airflow/example_dags/example_external_task_marker_dag.py for tasks to queue
[2023-07-19T16:41:28.608+0000] {logging_mixin.py:150} INFO - [2023-07-19T16:41:28.607+0000] {dagbag.py:541} INFO - Filling up the DagBag from /home/airflow/.local/lib/python3.7/site-packages/airflow/example_dags/example_external_task_marker_dag.py
[2023-07-19T16:41:28.627+0000] {processor.py:836} INFO - DAG(s) dict_keys(['example_external_task_marker_child', 'example_external_task_marker_parent']) retrieved from /home/airflow/.local/lib/python3.7/site-packages/airflow/example_dags/example_external_task_marker_dag.py
[2023-07-19T16:41:28.688+0000] {logging_mixin.py:150} INFO - [2023-07-19T16:41:28.688+0000] {dag.py:2742} INFO - Sync 2 DAGs
[2023-07-19T16:41:28.703+0000] {logging_mixin.py:150} INFO - [2023-07-19T16:41:28.703+0000] {dag.py:3508} INFO - Setting next_dagrun for example_external_task_marker_child to None, run_after=None
[2023-07-19T16:41:28.705+0000] {logging_mixin.py:150} INFO - [2023-07-19T16:41:28.705+0000] {dag.py:3508} INFO - Setting next_dagrun for example_external_task_marker_parent to None, run_after=None
[2023-07-19T16:41:28.715+0000] {processor.py:179} INFO - Processing /home/airflow/.local/lib/python3.7/site-packages/airflow/example_dags/example_external_task_marker_dag.py took 0.119 seconds
[2023-07-19T16:41:59.334+0000] {processor.py:157} INFO - Started process (PID=1023) to work on /home/airflow/.local/lib/python3.7/site-packages/airflow/example_dags/example_external_task_marker_dag.py
[2023-07-19T16:41:59.337+0000] {processor.py:826} INFO - Processing file /home/airflow/.local/lib/python3.7/site-packages/airflow/example_dags/example_external_task_marker_dag.py for tasks to queue
[2023-07-19T16:41:59.338+0000] {logging_mixin.py:150} INFO - [2023-07-19T16:41:59.337+0000] {dagbag.py:541} INFO - Filling up the DagBag from /home/airflow/.local/lib/python3.7/site-packages/airflow/example_dags/example_external_task_marker_dag.py
[2023-07-19T16:41:59.355+0000] {processor.py:836} INFO - DAG(s) dict_keys(['example_external_task_marker_child', 'example_external_task_marker_parent']) retrieved from /home/airflow/.local/lib/python3.7/site-packages/airflow/example_dags/example_external_task_marker_dag.py
[2023-07-19T16:41:59.419+0000] {logging_mixin.py:150} INFO - [2023-07-19T16:41:59.418+0000] {dag.py:2742} INFO - Sync 2 DAGs
[2023-07-19T16:41:59.455+0000] {logging_mixin.py:150} INFO - [2023-07-19T16:41:59.455+0000] {dag.py:3508} INFO - Setting next_dagrun for example_external_task_marker_child to None, run_after=None
[2023-07-19T16:41:59.457+0000] {logging_mixin.py:150} INFO - [2023-07-19T16:41:59.457+0000] {dag.py:3508} INFO - Setting next_dagrun for example_external_task_marker_parent to None, run_after=None
[2023-07-19T16:41:59.482+0000] {processor.py:179} INFO - Processing /home/airflow/.local/lib/python3.7/site-packages/airflow/example_dags/example_external_task_marker_dag.py took 0.175 seconds
[2023-07-19T16:42:29.773+0000] {processor.py:157} INFO - Started process (PID=1077) to work on /home/airflow/.local/lib/python3.7/site-packages/airflow/example_dags/example_external_task_marker_dag.py
[2023-07-19T16:42:29.774+0000] {processor.py:826} INFO - Processing file /home/airflow/.local/lib/python3.7/site-packages/airflow/example_dags/example_external_task_marker_dag.py for tasks to queue
[2023-07-19T16:42:29.774+0000] {logging_mixin.py:150} INFO - [2023-07-19T16:42:29.774+0000] {dagbag.py:541} INFO - Filling up the DagBag from /home/airflow/.local/lib/python3.7/site-packages/airflow/example_dags/example_external_task_marker_dag.py
[2023-07-19T16:42:29.835+0000] {processor.py:836} INFO - DAG(s) dict_keys(['example_external_task_marker_parent', 'example_external_task_marker_child']) retrieved from /home/airflow/.local/lib/python3.7/site-packages/airflow/example_dags/example_external_task_marker_dag.py
[2023-07-19T16:42:29.967+0000] {logging_mixin.py:150} INFO - [2023-07-19T16:42:29.965+0000] {dag.py:2742} INFO - Sync 2 DAGs
[2023-07-19T16:42:29.998+0000] {logging_mixin.py:150} INFO - [2023-07-19T16:42:29.998+0000] {dag.py:3508} INFO - Setting next_dagrun for example_external_task_marker_child to None, run_after=None
[2023-07-19T16:42:30.003+0000] {logging_mixin.py:150} INFO - [2023-07-19T16:42:30.003+0000] {dag.py:3508} INFO - Setting next_dagrun for example_external_task_marker_parent to None, run_after=None
[2023-07-19T16:42:30.044+0000] {processor.py:179} INFO - Processing /home/airflow/.local/lib/python3.7/site-packages/airflow/example_dags/example_external_task_marker_dag.py took 0.273 seconds
[2023-07-19T16:43:00.410+0000] {processor.py:157} INFO - Started process (PID=1132) to work on /home/airflow/.local/lib/python3.7/site-packages/airflow/example_dags/example_external_task_marker_dag.py
[2023-07-19T16:43:00.412+0000] {processor.py:826} INFO - Processing file /home/airflow/.local/lib/python3.7/site-packages/airflow/example_dags/example_external_task_marker_dag.py for tasks to queue
[2023-07-19T16:43:00.412+0000] {logging_mixin.py:150} INFO - [2023-07-19T16:43:00.412+0000] {dagbag.py:541} INFO - Filling up the DagBag from /home/airflow/.local/lib/python3.7/site-packages/airflow/example_dags/example_external_task_marker_dag.py
[2023-07-19T16:43:00.423+0000] {processor.py:836} INFO - DAG(s) dict_keys(['example_external_task_marker_child', 'example_external_task_marker_parent']) retrieved from /home/airflow/.local/lib/python3.7/site-packages/airflow/example_dags/example_external_task_marker_dag.py
[2023-07-19T16:43:00.465+0000] {logging_mixin.py:150} INFO - [2023-07-19T16:43:00.465+0000] {dag.py:2742} INFO - Sync 2 DAGs
[2023-07-19T16:43:00.484+0000] {logging_mixin.py:150} INFO - [2023-07-19T16:43:00.484+0000] {dag.py:3508} INFO - Setting next_dagrun for example_external_task_marker_child to None, run_after=None
[2023-07-19T16:43:00.486+0000] {logging_mixin.py:150} INFO - [2023-07-19T16:43:00.486+0000] {dag.py:3508} INFO - Setting next_dagrun for example_external_task_marker_parent to None, run_after=None
[2023-07-19T16:43:00.498+0000] {processor.py:179} INFO - Processing /home/airflow/.local/lib/python3.7/site-packages/airflow/example_dags/example_external_task_marker_dag.py took 0.093 seconds
[2023-07-19T16:43:31.028+0000] {processor.py:157} INFO - Started process (PID=1188) to work on /home/airflow/.local/lib/python3.7/site-packages/airflow/example_dags/example_external_task_marker_dag.py
[2023-07-19T16:43:31.029+0000] {processor.py:826} INFO - Processing file /home/airflow/.local/lib/python3.7/site-packages/airflow/example_dags/example_external_task_marker_dag.py for tasks to queue
[2023-07-19T16:43:31.030+0000] {logging_mixin.py:150} INFO - [2023-07-19T16:43:31.029+0000] {dagbag.py:541} INFO - Filling up the DagBag from /home/airflow/.local/lib/python3.7/site-packages/airflow/example_dags/example_external_task_marker_dag.py
[2023-07-19T16:43:31.045+0000] {processor.py:836} INFO - DAG(s) dict_keys(['example_external_task_marker_parent', 'example_external_task_marker_child']) retrieved from /home/airflow/.local/lib/python3.7/site-packages/airflow/example_dags/example_external_task_marker_dag.py
[2023-07-19T16:43:31.117+0000] {logging_mixin.py:150} INFO - [2023-07-19T16:43:31.117+0000] {dag.py:2742} INFO - Sync 2 DAGs
[2023-07-19T16:43:31.138+0000] {logging_mixin.py:150} INFO - [2023-07-19T16:43:31.138+0000] {dag.py:3508} INFO - Setting next_dagrun for example_external_task_marker_child to None, run_after=None
[2023-07-19T16:43:31.140+0000] {logging_mixin.py:150} INFO - [2023-07-19T16:43:31.140+0000] {dag.py:3508} INFO - Setting next_dagrun for example_external_task_marker_parent to None, run_after=None
[2023-07-19T16:43:31.154+0000] {processor.py:179} INFO - Processing /home/airflow/.local/lib/python3.7/site-packages/airflow/example_dags/example_external_task_marker_dag.py took 0.129 seconds
[2023-07-19T16:44:01.380+0000] {processor.py:157} INFO - Started process (PID=1243) to work on /home/airflow/.local/lib/python3.7/site-packages/airflow/example_dags/example_external_task_marker_dag.py
[2023-07-19T16:44:01.381+0000] {processor.py:826} INFO - Processing file /home/airflow/.local/lib/python3.7/site-packages/airflow/example_dags/example_external_task_marker_dag.py for tasks to queue
[2023-07-19T16:44:01.382+0000] {logging_mixin.py:150} INFO - [2023-07-19T16:44:01.382+0000] {dagbag.py:541} INFO - Filling up the DagBag from /home/airflow/.local/lib/python3.7/site-packages/airflow/example_dags/example_external_task_marker_dag.py
[2023-07-19T16:44:01.392+0000] {processor.py:836} INFO - DAG(s) dict_keys(['example_external_task_marker_parent', 'example_external_task_marker_child']) retrieved from /home/airflow/.local/lib/python3.7/site-packages/airflow/example_dags/example_external_task_marker_dag.py
[2023-07-19T16:44:01.445+0000] {logging_mixin.py:150} INFO - [2023-07-19T16:44:01.445+0000] {dag.py:2742} INFO - Sync 2 DAGs
[2023-07-19T16:44:01.461+0000] {logging_mixin.py:150} INFO - [2023-07-19T16:44:01.461+0000] {dag.py:3508} INFO - Setting next_dagrun for example_external_task_marker_child to None, run_after=None
[2023-07-19T16:44:01.463+0000] {logging_mixin.py:150} INFO - [2023-07-19T16:44:01.463+0000] {dag.py:3508} INFO - Setting next_dagrun for example_external_task_marker_parent to None, run_after=None
[2023-07-19T16:44:01.472+0000] {processor.py:179} INFO - Processing /home/airflow/.local/lib/python3.7/site-packages/airflow/example_dags/example_external_task_marker_dag.py took 0.100 seconds
[2023-07-19T16:44:31.787+0000] {processor.py:157} INFO - Started process (PID=1298) to work on /home/airflow/.local/lib/python3.7/site-packages/airflow/example_dags/example_external_task_marker_dag.py
[2023-07-19T16:44:31.788+0000] {processor.py:826} INFO - Processing file /home/airflow/.local/lib/python3.7/site-packages/airflow/example_dags/example_external_task_marker_dag.py for tasks to queue
[2023-07-19T16:44:31.789+0000] {logging_mixin.py:150} INFO - [2023-07-19T16:44:31.788+0000] {dagbag.py:541} INFO - Filling up the DagBag from /home/airflow/.local/lib/python3.7/site-packages/airflow/example_dags/example_external_task_marker_dag.py
[2023-07-19T16:44:31.799+0000] {processor.py:836} INFO - DAG(s) dict_keys(['example_external_task_marker_parent', 'example_external_task_marker_child']) retrieved from /home/airflow/.local/lib/python3.7/site-packages/airflow/example_dags/example_external_task_marker_dag.py
[2023-07-19T16:44:31.874+0000] {logging_mixin.py:150} INFO - [2023-07-19T16:44:31.874+0000] {dag.py:2742} INFO - Sync 2 DAGs
[2023-07-19T16:44:31.910+0000] {logging_mixin.py:150} INFO - [2023-07-19T16:44:31.910+0000] {dag.py:3508} INFO - Setting next_dagrun for example_external_task_marker_child to None, run_after=None
[2023-07-19T16:44:31.916+0000] {logging_mixin.py:150} INFO - [2023-07-19T16:44:31.916+0000] {dag.py:3508} INFO - Setting next_dagrun for example_external_task_marker_parent to None, run_after=None
[2023-07-19T16:44:31.967+0000] {processor.py:179} INFO - Processing /home/airflow/.local/lib/python3.7/site-packages/airflow/example_dags/example_external_task_marker_dag.py took 0.183 seconds
[2023-07-19T16:45:02.226+0000] {processor.py:157} INFO - Started process (PID=1353) to work on /home/airflow/.local/lib/python3.7/site-packages/airflow/example_dags/example_external_task_marker_dag.py
[2023-07-19T16:45:02.227+0000] {processor.py:826} INFO - Processing file /home/airflow/.local/lib/python3.7/site-packages/airflow/example_dags/example_external_task_marker_dag.py for tasks to queue
[2023-07-19T16:45:02.228+0000] {logging_mixin.py:150} INFO - [2023-07-19T16:45:02.227+0000] {dagbag.py:541} INFO - Filling up the DagBag from /home/airflow/.local/lib/python3.7/site-packages/airflow/example_dags/example_external_task_marker_dag.py
[2023-07-19T16:45:02.235+0000] {processor.py:836} INFO - DAG(s) dict_keys(['example_external_task_marker_parent', 'example_external_task_marker_child']) retrieved from /home/airflow/.local/lib/python3.7/site-packages/airflow/example_dags/example_external_task_marker_dag.py
[2023-07-19T16:45:02.285+0000] {logging_mixin.py:150} INFO - [2023-07-19T16:45:02.285+0000] {dag.py:2742} INFO - Sync 2 DAGs
[2023-07-19T16:45:02.321+0000] {logging_mixin.py:150} INFO - [2023-07-19T16:45:02.318+0000] {dag.py:3508} INFO - Setting next_dagrun for example_external_task_marker_child to None, run_after=None
[2023-07-19T16:45:02.324+0000] {logging_mixin.py:150} INFO - [2023-07-19T16:45:02.324+0000] {dag.py:3508} INFO - Setting next_dagrun for example_external_task_marker_parent to None, run_after=None
[2023-07-19T16:45:02.332+0000] {processor.py:179} INFO - Processing /home/airflow/.local/lib/python3.7/site-packages/airflow/example_dags/example_external_task_marker_dag.py took 0.109 seconds
[2023-07-19T16:45:32.886+0000] {processor.py:157} INFO - Started process (PID=1408) to work on /home/airflow/.local/lib/python3.7/site-packages/airflow/example_dags/example_external_task_marker_dag.py
[2023-07-19T16:45:32.893+0000] {processor.py:826} INFO - Processing file /home/airflow/.local/lib/python3.7/site-packages/airflow/example_dags/example_external_task_marker_dag.py for tasks to queue
[2023-07-19T16:45:32.893+0000] {logging_mixin.py:150} INFO - [2023-07-19T16:45:32.893+0000] {dagbag.py:541} INFO - Filling up the DagBag from /home/airflow/.local/lib/python3.7/site-packages/airflow/example_dags/example_external_task_marker_dag.py
[2023-07-19T16:45:32.901+0000] {processor.py:836} INFO - DAG(s) dict_keys(['example_external_task_marker_child', 'example_external_task_marker_parent']) retrieved from /home/airflow/.local/lib/python3.7/site-packages/airflow/example_dags/example_external_task_marker_dag.py
[2023-07-19T16:45:32.930+0000] {logging_mixin.py:150} INFO - [2023-07-19T16:45:32.930+0000] {dag.py:2742} INFO - Sync 2 DAGs
[2023-07-19T16:45:32.962+0000] {logging_mixin.py:150} INFO - [2023-07-19T16:45:32.961+0000] {dag.py:3508} INFO - Setting next_dagrun for example_external_task_marker_child to None, run_after=None
[2023-07-19T16:45:32.964+0000] {logging_mixin.py:150} INFO - [2023-07-19T16:45:32.964+0000] {dag.py:3508} INFO - Setting next_dagrun for example_external_task_marker_parent to None, run_after=None
[2023-07-19T16:45:32.974+0000] {processor.py:179} INFO - Processing /home/airflow/.local/lib/python3.7/site-packages/airflow/example_dags/example_external_task_marker_dag.py took 0.091 seconds
[2023-07-19T16:46:03.222+0000] {processor.py:157} INFO - Started process (PID=1463) to work on /home/airflow/.local/lib/python3.7/site-packages/airflow/example_dags/example_external_task_marker_dag.py
[2023-07-19T16:46:03.233+0000] {processor.py:826} INFO - Processing file /home/airflow/.local/lib/python3.7/site-packages/airflow/example_dags/example_external_task_marker_dag.py for tasks to queue
[2023-07-19T16:46:03.233+0000] {logging_mixin.py:150} INFO - [2023-07-19T16:46:03.233+0000] {dagbag.py:541} INFO - Filling up the DagBag from /home/airflow/.local/lib/python3.7/site-packages/airflow/example_dags/example_external_task_marker_dag.py
[2023-07-19T16:46:03.238+0000] {processor.py:836} INFO - DAG(s) dict_keys(['example_external_task_marker_child', 'example_external_task_marker_parent']) retrieved from /home/airflow/.local/lib/python3.7/site-packages/airflow/example_dags/example_external_task_marker_dag.py
[2023-07-19T16:46:03.317+0000] {logging_mixin.py:150} INFO - [2023-07-19T16:46:03.317+0000] {dag.py:2742} INFO - Sync 2 DAGs
[2023-07-19T16:46:03.334+0000] {logging_mixin.py:150} INFO - [2023-07-19T16:46:03.334+0000] {dag.py:3508} INFO - Setting next_dagrun for example_external_task_marker_child to None, run_after=None
[2023-07-19T16:46:03.336+0000] {logging_mixin.py:150} INFO - [2023-07-19T16:46:03.336+0000] {dag.py:3508} INFO - Setting next_dagrun for example_external_task_marker_parent to None, run_after=None
[2023-07-19T16:46:03.356+0000] {processor.py:179} INFO - Processing /home/airflow/.local/lib/python3.7/site-packages/airflow/example_dags/example_external_task_marker_dag.py took 0.137 seconds
[2023-07-19T16:46:33.423+0000] {processor.py:157} INFO - Started process (PID=1518) to work on /home/airflow/.local/lib/python3.7/site-packages/airflow/example_dags/example_external_task_marker_dag.py
[2023-07-19T16:46:33.430+0000] {processor.py:826} INFO - Processing file /home/airflow/.local/lib/python3.7/site-packages/airflow/example_dags/example_external_task_marker_dag.py for tasks to queue
[2023-07-19T16:46:33.432+0000] {logging_mixin.py:150} INFO - [2023-07-19T16:46:33.431+0000] {dagbag.py:541} INFO - Filling up the DagBag from /home/airflow/.local/lib/python3.7/site-packages/airflow/example_dags/example_external_task_marker_dag.py
[2023-07-19T16:46:33.461+0000] {processor.py:836} INFO - DAG(s) dict_keys(['example_external_task_marker_child', 'example_external_task_marker_parent']) retrieved from /home/airflow/.local/lib/python3.7/site-packages/airflow/example_dags/example_external_task_marker_dag.py
[2023-07-19T16:46:33.501+0000] {logging_mixin.py:150} INFO - [2023-07-19T16:46:33.501+0000] {dag.py:2742} INFO - Sync 2 DAGs
[2023-07-19T16:46:33.537+0000] {logging_mixin.py:150} INFO - [2023-07-19T16:46:33.537+0000] {dag.py:3508} INFO - Setting next_dagrun for example_external_task_marker_child to None, run_after=None
[2023-07-19T16:46:33.541+0000] {logging_mixin.py:150} INFO - [2023-07-19T16:46:33.541+0000] {dag.py:3508} INFO - Setting next_dagrun for example_external_task_marker_parent to None, run_after=None
[2023-07-19T16:46:33.556+0000] {processor.py:179} INFO - Processing /home/airflow/.local/lib/python3.7/site-packages/airflow/example_dags/example_external_task_marker_dag.py took 0.154 seconds
[2023-07-19T16:47:04.285+0000] {processor.py:157} INFO - Started process (PID=1573) to work on /home/airflow/.local/lib/python3.7/site-packages/airflow/example_dags/example_external_task_marker_dag.py
[2023-07-19T16:47:04.286+0000] {processor.py:826} INFO - Processing file /home/airflow/.local/lib/python3.7/site-packages/airflow/example_dags/example_external_task_marker_dag.py for tasks to queue
[2023-07-19T16:47:04.286+0000] {logging_mixin.py:150} INFO - [2023-07-19T16:47:04.286+0000] {dagbag.py:541} INFO - Filling up the DagBag from /home/airflow/.local/lib/python3.7/site-packages/airflow/example_dags/example_external_task_marker_dag.py
[2023-07-19T16:47:04.295+0000] {processor.py:836} INFO - DAG(s) dict_keys(['example_external_task_marker_child', 'example_external_task_marker_parent']) retrieved from /home/airflow/.local/lib/python3.7/site-packages/airflow/example_dags/example_external_task_marker_dag.py
[2023-07-19T16:47:04.341+0000] {logging_mixin.py:150} INFO - [2023-07-19T16:47:04.341+0000] {dag.py:2742} INFO - Sync 2 DAGs
[2023-07-19T16:47:04.373+0000] {logging_mixin.py:150} INFO - [2023-07-19T16:47:04.373+0000] {dag.py:3508} INFO - Setting next_dagrun for example_external_task_marker_child to None, run_after=None
[2023-07-19T16:47:04.377+0000] {logging_mixin.py:150} INFO - [2023-07-19T16:47:04.377+0000] {dag.py:3508} INFO - Setting next_dagrun for example_external_task_marker_parent to None, run_after=None
[2023-07-19T16:47:04.394+0000] {processor.py:179} INFO - Processing /home/airflow/.local/lib/python3.7/site-packages/airflow/example_dags/example_external_task_marker_dag.py took 0.111 seconds
[2023-07-19T16:47:34.488+0000] {processor.py:157} INFO - Started process (PID=1627) to work on /home/airflow/.local/lib/python3.7/site-packages/airflow/example_dags/example_external_task_marker_dag.py
[2023-07-19T16:47:34.489+0000] {processor.py:826} INFO - Processing file /home/airflow/.local/lib/python3.7/site-packages/airflow/example_dags/example_external_task_marker_dag.py for tasks to queue
[2023-07-19T16:47:34.490+0000] {logging_mixin.py:150} INFO - [2023-07-19T16:47:34.490+0000] {dagbag.py:541} INFO - Filling up the DagBag from /home/airflow/.local/lib/python3.7/site-packages/airflow/example_dags/example_external_task_marker_dag.py
[2023-07-19T16:47:34.497+0000] {processor.py:836} INFO - DAG(s) dict_keys(['example_external_task_marker_parent', 'example_external_task_marker_child']) retrieved from /home/airflow/.local/lib/python3.7/site-packages/airflow/example_dags/example_external_task_marker_dag.py
[2023-07-19T16:47:34.523+0000] {logging_mixin.py:150} INFO - [2023-07-19T16:47:34.523+0000] {dag.py:2742} INFO - Sync 2 DAGs
[2023-07-19T16:47:34.537+0000] {logging_mixin.py:150} INFO - [2023-07-19T16:47:34.537+0000] {dag.py:3508} INFO - Setting next_dagrun for example_external_task_marker_child to None, run_after=None
[2023-07-19T16:47:34.539+0000] {logging_mixin.py:150} INFO - [2023-07-19T16:47:34.539+0000] {dag.py:3508} INFO - Setting next_dagrun for example_external_task_marker_parent to None, run_after=None
[2023-07-19T16:47:34.546+0000] {processor.py:179} INFO - Processing /home/airflow/.local/lib/python3.7/site-packages/airflow/example_dags/example_external_task_marker_dag.py took 0.062 seconds
[2023-07-19T16:48:04.785+0000] {processor.py:157} INFO - Started process (PID=1682) to work on /home/airflow/.local/lib/python3.7/site-packages/airflow/example_dags/example_external_task_marker_dag.py
[2023-07-19T16:48:04.786+0000] {processor.py:826} INFO - Processing file /home/airflow/.local/lib/python3.7/site-packages/airflow/example_dags/example_external_task_marker_dag.py for tasks to queue
[2023-07-19T16:48:04.786+0000] {logging_mixin.py:150} INFO - [2023-07-19T16:48:04.786+0000] {dagbag.py:541} INFO - Filling up the DagBag from /home/airflow/.local/lib/python3.7/site-packages/airflow/example_dags/example_external_task_marker_dag.py
[2023-07-19T16:48:04.790+0000] {processor.py:836} INFO - DAG(s) dict_keys(['example_external_task_marker_child', 'example_external_task_marker_parent']) retrieved from /home/airflow/.local/lib/python3.7/site-packages/airflow/example_dags/example_external_task_marker_dag.py
[2023-07-19T16:48:04.807+0000] {logging_mixin.py:150} INFO - [2023-07-19T16:48:04.807+0000] {dag.py:2742} INFO - Sync 2 DAGs
[2023-07-19T16:48:04.823+0000] {logging_mixin.py:150} INFO - [2023-07-19T16:48:04.823+0000] {dag.py:3508} INFO - Setting next_dagrun for example_external_task_marker_child to None, run_after=None
[2023-07-19T16:48:04.825+0000] {logging_mixin.py:150} INFO - [2023-07-19T16:48:04.825+0000] {dag.py:3508} INFO - Setting next_dagrun for example_external_task_marker_parent to None, run_after=None
[2023-07-19T16:48:04.835+0000] {processor.py:179} INFO - Processing /home/airflow/.local/lib/python3.7/site-packages/airflow/example_dags/example_external_task_marker_dag.py took 0.052 seconds
[2023-07-19T16:48:34.996+0000] {processor.py:157} INFO - Started process (PID=1734) to work on /home/airflow/.local/lib/python3.7/site-packages/airflow/example_dags/example_external_task_marker_dag.py
[2023-07-19T16:48:34.997+0000] {processor.py:826} INFO - Processing file /home/airflow/.local/lib/python3.7/site-packages/airflow/example_dags/example_external_task_marker_dag.py for tasks to queue
[2023-07-19T16:48:34.998+0000] {logging_mixin.py:150} INFO - [2023-07-19T16:48:34.997+0000] {dagbag.py:541} INFO - Filling up the DagBag from /home/airflow/.local/lib/python3.7/site-packages/airflow/example_dags/example_external_task_marker_dag.py
[2023-07-19T16:48:35.004+0000] {processor.py:836} INFO - DAG(s) dict_keys(['example_external_task_marker_parent', 'example_external_task_marker_child']) retrieved from /home/airflow/.local/lib/python3.7/site-packages/airflow/example_dags/example_external_task_marker_dag.py
[2023-07-19T16:48:35.034+0000] {logging_mixin.py:150} INFO - [2023-07-19T16:48:35.034+0000] {dag.py:2742} INFO - Sync 2 DAGs
[2023-07-19T16:48:35.050+0000] {logging_mixin.py:150} INFO - [2023-07-19T16:48:35.050+0000] {dag.py:3508} INFO - Setting next_dagrun for example_external_task_marker_child to None, run_after=None
[2023-07-19T16:48:35.052+0000] {logging_mixin.py:150} INFO - [2023-07-19T16:48:35.052+0000] {dag.py:3508} INFO - Setting next_dagrun for example_external_task_marker_parent to None, run_after=None
[2023-07-19T16:48:35.062+0000] {processor.py:179} INFO - Processing /home/airflow/.local/lib/python3.7/site-packages/airflow/example_dags/example_external_task_marker_dag.py took 0.071 seconds
[2023-07-19T16:49:05.257+0000] {processor.py:157} INFO - Started process (PID=1789) to work on /home/airflow/.local/lib/python3.7/site-packages/airflow/example_dags/example_external_task_marker_dag.py
[2023-07-19T16:49:05.259+0000] {processor.py:826} INFO - Processing file /home/airflow/.local/lib/python3.7/site-packages/airflow/example_dags/example_external_task_marker_dag.py for tasks to queue
[2023-07-19T16:49:05.260+0000] {logging_mixin.py:150} INFO - [2023-07-19T16:49:05.259+0000] {dagbag.py:541} INFO - Filling up the DagBag from /home/airflow/.local/lib/python3.7/site-packages/airflow/example_dags/example_external_task_marker_dag.py
[2023-07-19T16:49:05.271+0000] {processor.py:836} INFO - DAG(s) dict_keys(['example_external_task_marker_parent', 'example_external_task_marker_child']) retrieved from /home/airflow/.local/lib/python3.7/site-packages/airflow/example_dags/example_external_task_marker_dag.py
[2023-07-19T16:49:05.335+0000] {logging_mixin.py:150} INFO - [2023-07-19T16:49:05.335+0000] {dag.py:2742} INFO - Sync 2 DAGs
[2023-07-19T16:49:05.357+0000] {logging_mixin.py:150} INFO - [2023-07-19T16:49:05.356+0000] {dag.py:3508} INFO - Setting next_dagrun for example_external_task_marker_child to None, run_after=None
[2023-07-19T16:49:05.358+0000] {logging_mixin.py:150} INFO - [2023-07-19T16:49:05.358+0000] {dag.py:3508} INFO - Setting next_dagrun for example_external_task_marker_parent to None, run_after=None
[2023-07-19T16:49:05.366+0000] {processor.py:179} INFO - Processing /home/airflow/.local/lib/python3.7/site-packages/airflow/example_dags/example_external_task_marker_dag.py took 0.114 seconds
[2023-07-19T16:49:35.669+0000] {processor.py:157} INFO - Started process (PID=1844) to work on /home/airflow/.local/lib/python3.7/site-packages/airflow/example_dags/example_external_task_marker_dag.py
[2023-07-19T16:49:35.670+0000] {processor.py:826} INFO - Processing file /home/airflow/.local/lib/python3.7/site-packages/airflow/example_dags/example_external_task_marker_dag.py for tasks to queue
[2023-07-19T16:49:35.671+0000] {logging_mixin.py:150} INFO - [2023-07-19T16:49:35.670+0000] {dagbag.py:541} INFO - Filling up the DagBag from /home/airflow/.local/lib/python3.7/site-packages/airflow/example_dags/example_external_task_marker_dag.py
[2023-07-19T16:49:35.680+0000] {processor.py:836} INFO - DAG(s) dict_keys(['example_external_task_marker_child', 'example_external_task_marker_parent']) retrieved from /home/airflow/.local/lib/python3.7/site-packages/airflow/example_dags/example_external_task_marker_dag.py
[2023-07-19T16:49:35.774+0000] {logging_mixin.py:150} INFO - [2023-07-19T16:49:35.774+0000] {dag.py:2742} INFO - Sync 2 DAGs
[2023-07-19T16:49:35.810+0000] {logging_mixin.py:150} INFO - [2023-07-19T16:49:35.810+0000] {dag.py:3508} INFO - Setting next_dagrun for example_external_task_marker_child to None, run_after=None
[2023-07-19T16:49:35.813+0000] {logging_mixin.py:150} INFO - [2023-07-19T16:49:35.813+0000] {dag.py:3508} INFO - Setting next_dagrun for example_external_task_marker_parent to None, run_after=None
[2023-07-19T16:49:35.831+0000] {processor.py:179} INFO - Processing /home/airflow/.local/lib/python3.7/site-packages/airflow/example_dags/example_external_task_marker_dag.py took 0.166 seconds
[2023-07-19T16:50:06.366+0000] {processor.py:157} INFO - Started process (PID=1899) to work on /home/airflow/.local/lib/python3.7/site-packages/airflow/example_dags/example_external_task_marker_dag.py
[2023-07-19T16:50:06.367+0000] {processor.py:826} INFO - Processing file /home/airflow/.local/lib/python3.7/site-packages/airflow/example_dags/example_external_task_marker_dag.py for tasks to queue
[2023-07-19T16:50:06.368+0000] {logging_mixin.py:150} INFO - [2023-07-19T16:50:06.368+0000] {dagbag.py:541} INFO - Filling up the DagBag from /home/airflow/.local/lib/python3.7/site-packages/airflow/example_dags/example_external_task_marker_dag.py
[2023-07-19T16:50:06.392+0000] {processor.py:836} INFO - DAG(s) dict_keys(['example_external_task_marker_child', 'example_external_task_marker_parent']) retrieved from /home/airflow/.local/lib/python3.7/site-packages/airflow/example_dags/example_external_task_marker_dag.py
[2023-07-19T16:50:06.437+0000] {logging_mixin.py:150} INFO - [2023-07-19T16:50:06.437+0000] {dag.py:2742} INFO - Sync 2 DAGs
[2023-07-19T16:50:06.462+0000] {logging_mixin.py:150} INFO - [2023-07-19T16:50:06.462+0000] {dag.py:3508} INFO - Setting next_dagrun for example_external_task_marker_child to None, run_after=None
[2023-07-19T16:50:06.465+0000] {logging_mixin.py:150} INFO - [2023-07-19T16:50:06.465+0000] {dag.py:3508} INFO - Setting next_dagrun for example_external_task_marker_parent to None, run_after=None
[2023-07-19T16:50:06.500+0000] {processor.py:179} INFO - Processing /home/airflow/.local/lib/python3.7/site-packages/airflow/example_dags/example_external_task_marker_dag.py took 0.143 seconds
[2023-07-19T16:50:36.807+0000] {processor.py:157} INFO - Started process (PID=1954) to work on /home/airflow/.local/lib/python3.7/site-packages/airflow/example_dags/example_external_task_marker_dag.py
[2023-07-19T16:50:36.811+0000] {processor.py:826} INFO - Processing file /home/airflow/.local/lib/python3.7/site-packages/airflow/example_dags/example_external_task_marker_dag.py for tasks to queue
[2023-07-19T16:50:36.813+0000] {logging_mixin.py:150} INFO - [2023-07-19T16:50:36.811+0000] {dagbag.py:541} INFO - Filling up the DagBag from /home/airflow/.local/lib/python3.7/site-packages/airflow/example_dags/example_external_task_marker_dag.py
[2023-07-19T16:50:36.827+0000] {processor.py:836} INFO - DAG(s) dict_keys(['example_external_task_marker_child', 'example_external_task_marker_parent']) retrieved from /home/airflow/.local/lib/python3.7/site-packages/airflow/example_dags/example_external_task_marker_dag.py
[2023-07-19T16:50:36.915+0000] {logging_mixin.py:150} INFO - [2023-07-19T16:50:36.915+0000] {dag.py:2742} INFO - Sync 2 DAGs
[2023-07-19T16:50:36.959+0000] {logging_mixin.py:150} INFO - [2023-07-19T16:50:36.959+0000] {dag.py:3508} INFO - Setting next_dagrun for example_external_task_marker_child to None, run_after=None
[2023-07-19T16:50:36.964+0000] {logging_mixin.py:150} INFO - [2023-07-19T16:50:36.964+0000] {dag.py:3508} INFO - Setting next_dagrun for example_external_task_marker_parent to None, run_after=None
[2023-07-19T16:50:36.982+0000] {processor.py:179} INFO - Processing /home/airflow/.local/lib/python3.7/site-packages/airflow/example_dags/example_external_task_marker_dag.py took 0.185 seconds
[2023-07-19T16:51:07.239+0000] {processor.py:157} INFO - Started process (PID=2009) to work on /home/airflow/.local/lib/python3.7/site-packages/airflow/example_dags/example_external_task_marker_dag.py
[2023-07-19T16:51:07.248+0000] {processor.py:826} INFO - Processing file /home/airflow/.local/lib/python3.7/site-packages/airflow/example_dags/example_external_task_marker_dag.py for tasks to queue
[2023-07-19T16:51:07.250+0000] {logging_mixin.py:150} INFO - [2023-07-19T16:51:07.249+0000] {dagbag.py:541} INFO - Filling up the DagBag from /home/airflow/.local/lib/python3.7/site-packages/airflow/example_dags/example_external_task_marker_dag.py
[2023-07-19T16:51:07.272+0000] {processor.py:836} INFO - DAG(s) dict_keys(['example_external_task_marker_parent', 'example_external_task_marker_child']) retrieved from /home/airflow/.local/lib/python3.7/site-packages/airflow/example_dags/example_external_task_marker_dag.py
[2023-07-19T16:51:07.340+0000] {logging_mixin.py:150} INFO - [2023-07-19T16:51:07.340+0000] {dag.py:2742} INFO - Sync 2 DAGs
[2023-07-19T16:51:07.373+0000] {logging_mixin.py:150} INFO - [2023-07-19T16:51:07.373+0000] {dag.py:3508} INFO - Setting next_dagrun for example_external_task_marker_child to None, run_after=None
[2023-07-19T16:51:07.376+0000] {logging_mixin.py:150} INFO - [2023-07-19T16:51:07.376+0000] {dag.py:3508} INFO - Setting next_dagrun for example_external_task_marker_parent to None, run_after=None
[2023-07-19T16:51:07.391+0000] {processor.py:179} INFO - Processing /home/airflow/.local/lib/python3.7/site-packages/airflow/example_dags/example_external_task_marker_dag.py took 0.171 seconds
