[2023-07-19T16:32:52.735+0000] {processor.py:157} INFO - Started process (PID=65) to work on /home/airflow/.local/lib/python3.7/site-packages/airflow/example_dags/example_datasets.py
[2023-07-19T16:32:52.736+0000] {processor.py:826} INFO - Processing file /home/airflow/.local/lib/python3.7/site-packages/airflow/example_dags/example_datasets.py for tasks to queue
[2023-07-19T16:32:52.738+0000] {logging_mixin.py:150} INFO - [2023-07-19T16:32:52.737+0000] {dagbag.py:541} INFO - Filling up the DagBag from /home/airflow/.local/lib/python3.7/site-packages/airflow/example_dags/example_datasets.py
[2023-07-19T16:32:52.759+0000] {processor.py:836} INFO - DAG(s) dict_keys(['dataset_consumes_1_and_2', 'dataset_consumes_1', 'dataset_produces_1', 'dataset_consumes_1_never_scheduled', 'dataset_produces_2', 'dataset_consumes_unknown_never_scheduled']) retrieved from /home/airflow/.local/lib/python3.7/site-packages/airflow/example_dags/example_datasets.py
[2023-07-19T16:32:52.817+0000] {logging_mixin.py:150} INFO - [2023-07-19T16:32:52.817+0000] {dag.py:2742} INFO - Sync 6 DAGs
[2023-07-19T16:32:52.852+0000] {logging_mixin.py:150} INFO - [2023-07-19T16:32:52.852+0000] {dag.py:3508} INFO - Setting next_dagrun for dataset_consumes_1 to None, run_after=None
[2023-07-19T16:32:52.869+0000] {logging_mixin.py:150} INFO - [2023-07-19T16:32:52.869+0000] {dag.py:3508} INFO - Setting next_dagrun for dataset_consumes_1_and_2 to None, run_after=None
[2023-07-19T16:32:52.870+0000] {logging_mixin.py:150} INFO - [2023-07-19T16:32:52.870+0000] {dag.py:3508} INFO - Setting next_dagrun for dataset_consumes_1_never_scheduled to None, run_after=None
[2023-07-19T16:32:52.871+0000] {logging_mixin.py:150} INFO - [2023-07-19T16:32:52.871+0000] {dag.py:3508} INFO - Setting next_dagrun for dataset_consumes_unknown_never_scheduled to None, run_after=None
[2023-07-19T16:32:52.872+0000] {logging_mixin.py:150} INFO - [2023-07-19T16:32:52.872+0000] {dag.py:3508} INFO - Setting next_dagrun for dataset_produces_1 to 2023-07-18T00:00:00+00:00, run_after=2023-07-19T00:00:00+00:00
[2023-07-19T16:32:52.872+0000] {logging_mixin.py:150} INFO - [2023-07-19T16:32:52.872+0000] {dag.py:3508} INFO - Setting next_dagrun for dataset_produces_2 to None, run_after=None
[2023-07-19T16:32:52.945+0000] {processor.py:179} INFO - Processing /home/airflow/.local/lib/python3.7/site-packages/airflow/example_dags/example_datasets.py took 0.220 seconds
[2023-07-19T16:33:23.060+0000] {processor.py:157} INFO - Started process (PID=121) to work on /home/airflow/.local/lib/python3.7/site-packages/airflow/example_dags/example_datasets.py
[2023-07-19T16:33:23.061+0000] {processor.py:826} INFO - Processing file /home/airflow/.local/lib/python3.7/site-packages/airflow/example_dags/example_datasets.py for tasks to queue
[2023-07-19T16:33:23.061+0000] {logging_mixin.py:150} INFO - [2023-07-19T16:33:23.061+0000] {dagbag.py:541} INFO - Filling up the DagBag from /home/airflow/.local/lib/python3.7/site-packages/airflow/example_dags/example_datasets.py
[2023-07-19T16:33:23.067+0000] {processor.py:836} INFO - DAG(s) dict_keys(['dataset_consumes_1_never_scheduled', 'dataset_consumes_1_and_2', 'dataset_produces_2', 'dataset_produces_1', 'dataset_consumes_1', 'dataset_consumes_unknown_never_scheduled']) retrieved from /home/airflow/.local/lib/python3.7/site-packages/airflow/example_dags/example_datasets.py
[2023-07-19T16:33:23.085+0000] {logging_mixin.py:150} INFO - [2023-07-19T16:33:23.085+0000] {dag.py:2742} INFO - Sync 6 DAGs
[2023-07-19T16:33:23.109+0000] {logging_mixin.py:150} INFO - [2023-07-19T16:33:23.109+0000] {dag.py:3508} INFO - Setting next_dagrun for dataset_consumes_1 to None, run_after=None
[2023-07-19T16:33:23.116+0000] {logging_mixin.py:150} INFO - [2023-07-19T16:33:23.116+0000] {dag.py:3508} INFO - Setting next_dagrun for dataset_consumes_1_and_2 to None, run_after=None
[2023-07-19T16:33:23.117+0000] {logging_mixin.py:150} INFO - [2023-07-19T16:33:23.116+0000] {dag.py:3508} INFO - Setting next_dagrun for dataset_consumes_1_never_scheduled to None, run_after=None
[2023-07-19T16:33:23.117+0000] {logging_mixin.py:150} INFO - [2023-07-19T16:33:23.117+0000] {dag.py:3508} INFO - Setting next_dagrun for dataset_consumes_unknown_never_scheduled to None, run_after=None
[2023-07-19T16:33:23.118+0000] {logging_mixin.py:150} INFO - [2023-07-19T16:33:23.118+0000] {dag.py:3508} INFO - Setting next_dagrun for dataset_produces_1 to 2023-07-18T00:00:00+00:00, run_after=2023-07-19T00:00:00+00:00
[2023-07-19T16:33:23.119+0000] {logging_mixin.py:150} INFO - [2023-07-19T16:33:23.118+0000] {dag.py:3508} INFO - Setting next_dagrun for dataset_produces_2 to None, run_after=None
[2023-07-19T16:33:23.148+0000] {processor.py:179} INFO - Processing /home/airflow/.local/lib/python3.7/site-packages/airflow/example_dags/example_datasets.py took 0.089 seconds
[2023-07-19T16:33:53.669+0000] {processor.py:157} INFO - Started process (PID=175) to work on /home/airflow/.local/lib/python3.7/site-packages/airflow/example_dags/example_datasets.py
[2023-07-19T16:33:53.670+0000] {processor.py:826} INFO - Processing file /home/airflow/.local/lib/python3.7/site-packages/airflow/example_dags/example_datasets.py for tasks to queue
[2023-07-19T16:33:53.670+0000] {logging_mixin.py:150} INFO - [2023-07-19T16:33:53.670+0000] {dagbag.py:541} INFO - Filling up the DagBag from /home/airflow/.local/lib/python3.7/site-packages/airflow/example_dags/example_datasets.py
[2023-07-19T16:33:53.675+0000] {processor.py:836} INFO - DAG(s) dict_keys(['dataset_produces_1', 'dataset_produces_2', 'dataset_consumes_1_and_2', 'dataset_consumes_1_never_scheduled', 'dataset_consumes_unknown_never_scheduled', 'dataset_consumes_1']) retrieved from /home/airflow/.local/lib/python3.7/site-packages/airflow/example_dags/example_datasets.py
[2023-07-19T16:33:53.693+0000] {logging_mixin.py:150} INFO - [2023-07-19T16:33:53.693+0000] {dag.py:2742} INFO - Sync 6 DAGs
[2023-07-19T16:33:53.706+0000] {logging_mixin.py:150} INFO - [2023-07-19T16:33:53.706+0000] {dag.py:3508} INFO - Setting next_dagrun for dataset_consumes_1 to None, run_after=None
[2023-07-19T16:33:53.708+0000] {logging_mixin.py:150} INFO - [2023-07-19T16:33:53.708+0000] {dag.py:3508} INFO - Setting next_dagrun for dataset_consumes_1_and_2 to None, run_after=None
[2023-07-19T16:33:53.708+0000] {logging_mixin.py:150} INFO - [2023-07-19T16:33:53.708+0000] {dag.py:3508} INFO - Setting next_dagrun for dataset_consumes_1_never_scheduled to None, run_after=None
[2023-07-19T16:33:53.709+0000] {logging_mixin.py:150} INFO - [2023-07-19T16:33:53.709+0000] {dag.py:3508} INFO - Setting next_dagrun for dataset_consumes_unknown_never_scheduled to None, run_after=None
[2023-07-19T16:33:53.710+0000] {logging_mixin.py:150} INFO - [2023-07-19T16:33:53.710+0000] {dag.py:3508} INFO - Setting next_dagrun for dataset_produces_1 to 2023-07-18T00:00:00+00:00, run_after=2023-07-19T00:00:00+00:00
[2023-07-19T16:33:53.710+0000] {logging_mixin.py:150} INFO - [2023-07-19T16:33:53.710+0000] {dag.py:3508} INFO - Setting next_dagrun for dataset_produces_2 to None, run_after=None
[2023-07-19T16:33:53.732+0000] {processor.py:179} INFO - Processing /home/airflow/.local/lib/python3.7/site-packages/airflow/example_dags/example_datasets.py took 0.064 seconds
[2023-07-19T16:34:24.191+0000] {processor.py:157} INFO - Started process (PID=229) to work on /home/airflow/.local/lib/python3.7/site-packages/airflow/example_dags/example_datasets.py
[2023-07-19T16:34:24.191+0000] {processor.py:826} INFO - Processing file /home/airflow/.local/lib/python3.7/site-packages/airflow/example_dags/example_datasets.py for tasks to queue
[2023-07-19T16:34:24.192+0000] {logging_mixin.py:150} INFO - [2023-07-19T16:34:24.192+0000] {dagbag.py:541} INFO - Filling up the DagBag from /home/airflow/.local/lib/python3.7/site-packages/airflow/example_dags/example_datasets.py
[2023-07-19T16:34:24.203+0000] {processor.py:836} INFO - DAG(s) dict_keys(['dataset_consumes_1_never_scheduled', 'dataset_produces_1', 'dataset_produces_2', 'dataset_consumes_1_and_2', 'dataset_consumes_unknown_never_scheduled', 'dataset_consumes_1']) retrieved from /home/airflow/.local/lib/python3.7/site-packages/airflow/example_dags/example_datasets.py
[2023-07-19T16:34:24.266+0000] {logging_mixin.py:150} INFO - [2023-07-19T16:34:24.266+0000] {dag.py:2742} INFO - Sync 6 DAGs
[2023-07-19T16:34:24.283+0000] {logging_mixin.py:150} INFO - [2023-07-19T16:34:24.283+0000] {dag.py:3508} INFO - Setting next_dagrun for dataset_consumes_1 to None, run_after=None
[2023-07-19T16:34:24.285+0000] {logging_mixin.py:150} INFO - [2023-07-19T16:34:24.285+0000] {dag.py:3508} INFO - Setting next_dagrun for dataset_consumes_1_and_2 to None, run_after=None
[2023-07-19T16:34:24.285+0000] {logging_mixin.py:150} INFO - [2023-07-19T16:34:24.285+0000] {dag.py:3508} INFO - Setting next_dagrun for dataset_consumes_1_never_scheduled to None, run_after=None
[2023-07-19T16:34:24.286+0000] {logging_mixin.py:150} INFO - [2023-07-19T16:34:24.286+0000] {dag.py:3508} INFO - Setting next_dagrun for dataset_consumes_unknown_never_scheduled to None, run_after=None
[2023-07-19T16:34:24.287+0000] {logging_mixin.py:150} INFO - [2023-07-19T16:34:24.287+0000] {dag.py:3508} INFO - Setting next_dagrun for dataset_produces_1 to 2023-07-18T00:00:00+00:00, run_after=2023-07-19T00:00:00+00:00
[2023-07-19T16:34:24.287+0000] {logging_mixin.py:150} INFO - [2023-07-19T16:34:24.287+0000] {dag.py:3508} INFO - Setting next_dagrun for dataset_produces_2 to None, run_after=None
[2023-07-19T16:34:24.303+0000] {processor.py:179} INFO - Processing /home/airflow/.local/lib/python3.7/site-packages/airflow/example_dags/example_datasets.py took 0.116 seconds
[2023-07-19T16:34:54.400+0000] {processor.py:157} INFO - Started process (PID=284) to work on /home/airflow/.local/lib/python3.7/site-packages/airflow/example_dags/example_datasets.py
[2023-07-19T16:34:54.400+0000] {processor.py:826} INFO - Processing file /home/airflow/.local/lib/python3.7/site-packages/airflow/example_dags/example_datasets.py for tasks to queue
[2023-07-19T16:34:54.401+0000] {logging_mixin.py:150} INFO - [2023-07-19T16:34:54.401+0000] {dagbag.py:541} INFO - Filling up the DagBag from /home/airflow/.local/lib/python3.7/site-packages/airflow/example_dags/example_datasets.py
[2023-07-19T16:34:54.406+0000] {processor.py:836} INFO - DAG(s) dict_keys(['dataset_consumes_1_never_scheduled', 'dataset_produces_1', 'dataset_consumes_unknown_never_scheduled', 'dataset_consumes_1', 'dataset_produces_2', 'dataset_consumes_1_and_2']) retrieved from /home/airflow/.local/lib/python3.7/site-packages/airflow/example_dags/example_datasets.py
[2023-07-19T16:34:54.439+0000] {logging_mixin.py:150} INFO - [2023-07-19T16:34:54.439+0000] {dag.py:2742} INFO - Sync 6 DAGs
[2023-07-19T16:34:54.455+0000] {logging_mixin.py:150} INFO - [2023-07-19T16:34:54.455+0000] {dag.py:3508} INFO - Setting next_dagrun for dataset_consumes_1 to None, run_after=None
[2023-07-19T16:34:54.457+0000] {logging_mixin.py:150} INFO - [2023-07-19T16:34:54.456+0000] {dag.py:3508} INFO - Setting next_dagrun for dataset_consumes_1_and_2 to None, run_after=None
[2023-07-19T16:34:54.457+0000] {logging_mixin.py:150} INFO - [2023-07-19T16:34:54.457+0000] {dag.py:3508} INFO - Setting next_dagrun for dataset_consumes_1_never_scheduled to None, run_after=None
[2023-07-19T16:34:54.457+0000] {logging_mixin.py:150} INFO - [2023-07-19T16:34:54.457+0000] {dag.py:3508} INFO - Setting next_dagrun for dataset_consumes_unknown_never_scheduled to None, run_after=None
[2023-07-19T16:34:54.459+0000] {logging_mixin.py:150} INFO - [2023-07-19T16:34:54.459+0000] {dag.py:3508} INFO - Setting next_dagrun for dataset_produces_1 to 2023-07-18T00:00:00+00:00, run_after=2023-07-19T00:00:00+00:00
[2023-07-19T16:34:54.459+0000] {logging_mixin.py:150} INFO - [2023-07-19T16:34:54.459+0000] {dag.py:3508} INFO - Setting next_dagrun for dataset_produces_2 to None, run_after=None
[2023-07-19T16:34:54.478+0000] {processor.py:179} INFO - Processing /home/airflow/.local/lib/python3.7/site-packages/airflow/example_dags/example_datasets.py took 0.084 seconds
[2023-07-19T16:35:25.120+0000] {processor.py:157} INFO - Started process (PID=339) to work on /home/airflow/.local/lib/python3.7/site-packages/airflow/example_dags/example_datasets.py
[2023-07-19T16:35:25.123+0000] {processor.py:826} INFO - Processing file /home/airflow/.local/lib/python3.7/site-packages/airflow/example_dags/example_datasets.py for tasks to queue
[2023-07-19T16:35:25.134+0000] {logging_mixin.py:150} INFO - [2023-07-19T16:35:25.133+0000] {dagbag.py:541} INFO - Filling up the DagBag from /home/airflow/.local/lib/python3.7/site-packages/airflow/example_dags/example_datasets.py
[2023-07-19T16:35:25.149+0000] {processor.py:836} INFO - DAG(s) dict_keys(['dataset_consumes_1_never_scheduled', 'dataset_produces_1', 'dataset_consumes_1', 'dataset_consumes_unknown_never_scheduled', 'dataset_consumes_1_and_2', 'dataset_produces_2']) retrieved from /home/airflow/.local/lib/python3.7/site-packages/airflow/example_dags/example_datasets.py
[2023-07-19T16:35:25.161+0000] {logging_mixin.py:150} INFO - [2023-07-19T16:35:25.161+0000] {dag.py:2742} INFO - Sync 6 DAGs
[2023-07-19T16:35:25.202+0000] {logging_mixin.py:150} INFO - [2023-07-19T16:35:25.202+0000] {dag.py:3508} INFO - Setting next_dagrun for dataset_consumes_1 to None, run_after=None
[2023-07-19T16:35:25.206+0000] {logging_mixin.py:150} INFO - [2023-07-19T16:35:25.206+0000] {dag.py:3508} INFO - Setting next_dagrun for dataset_consumes_1_and_2 to None, run_after=None
[2023-07-19T16:35:25.208+0000] {logging_mixin.py:150} INFO - [2023-07-19T16:35:25.208+0000] {dag.py:3508} INFO - Setting next_dagrun for dataset_consumes_1_never_scheduled to None, run_after=None
[2023-07-19T16:35:25.213+0000] {logging_mixin.py:150} INFO - [2023-07-19T16:35:25.213+0000] {dag.py:3508} INFO - Setting next_dagrun for dataset_consumes_unknown_never_scheduled to None, run_after=None
[2023-07-19T16:35:25.214+0000] {logging_mixin.py:150} INFO - [2023-07-19T16:35:25.214+0000] {dag.py:3508} INFO - Setting next_dagrun for dataset_produces_1 to 2023-07-18T00:00:00+00:00, run_after=2023-07-19T00:00:00+00:00
[2023-07-19T16:35:25.215+0000] {logging_mixin.py:150} INFO - [2023-07-19T16:35:25.215+0000] {dag.py:3508} INFO - Setting next_dagrun for dataset_produces_2 to None, run_after=None
[2023-07-19T16:35:25.244+0000] {processor.py:179} INFO - Processing /home/airflow/.local/lib/python3.7/site-packages/airflow/example_dags/example_datasets.py took 0.126 seconds
[2023-07-19T16:35:55.915+0000] {processor.py:157} INFO - Started process (PID=395) to work on /home/airflow/.local/lib/python3.7/site-packages/airflow/example_dags/example_datasets.py
[2023-07-19T16:35:55.915+0000] {processor.py:826} INFO - Processing file /home/airflow/.local/lib/python3.7/site-packages/airflow/example_dags/example_datasets.py for tasks to queue
[2023-07-19T16:35:55.916+0000] {logging_mixin.py:150} INFO - [2023-07-19T16:35:55.915+0000] {dagbag.py:541} INFO - Filling up the DagBag from /home/airflow/.local/lib/python3.7/site-packages/airflow/example_dags/example_datasets.py
[2023-07-19T16:35:55.920+0000] {processor.py:836} INFO - DAG(s) dict_keys(['dataset_consumes_unknown_never_scheduled', 'dataset_produces_1', 'dataset_consumes_1_never_scheduled', 'dataset_produces_2', 'dataset_consumes_1', 'dataset_consumes_1_and_2']) retrieved from /home/airflow/.local/lib/python3.7/site-packages/airflow/example_dags/example_datasets.py
[2023-07-19T16:35:55.939+0000] {logging_mixin.py:150} INFO - [2023-07-19T16:35:55.939+0000] {dag.py:2742} INFO - Sync 6 DAGs
[2023-07-19T16:35:55.952+0000] {logging_mixin.py:150} INFO - [2023-07-19T16:35:55.951+0000] {dag.py:3508} INFO - Setting next_dagrun for dataset_consumes_1 to None, run_after=None
[2023-07-19T16:35:55.953+0000] {logging_mixin.py:150} INFO - [2023-07-19T16:35:55.953+0000] {dag.py:3508} INFO - Setting next_dagrun for dataset_consumes_1_and_2 to None, run_after=None
[2023-07-19T16:35:55.953+0000] {logging_mixin.py:150} INFO - [2023-07-19T16:35:55.953+0000] {dag.py:3508} INFO - Setting next_dagrun for dataset_consumes_1_never_scheduled to None, run_after=None
[2023-07-19T16:35:55.954+0000] {logging_mixin.py:150} INFO - [2023-07-19T16:35:55.954+0000] {dag.py:3508} INFO - Setting next_dagrun for dataset_consumes_unknown_never_scheduled to None, run_after=None
[2023-07-19T16:35:55.955+0000] {logging_mixin.py:150} INFO - [2023-07-19T16:35:55.955+0000] {dag.py:3508} INFO - Setting next_dagrun for dataset_produces_1 to 2023-07-18T00:00:00+00:00, run_after=2023-07-19T00:00:00+00:00
[2023-07-19T16:35:55.955+0000] {logging_mixin.py:150} INFO - [2023-07-19T16:35:55.955+0000] {dag.py:3508} INFO - Setting next_dagrun for dataset_produces_2 to None, run_after=None
[2023-07-19T16:35:55.971+0000] {processor.py:179} INFO - Processing /home/airflow/.local/lib/python3.7/site-packages/airflow/example_dags/example_datasets.py took 0.058 seconds
[2023-07-19T16:36:26.649+0000] {processor.py:157} INFO - Started process (PID=450) to work on /home/airflow/.local/lib/python3.7/site-packages/airflow/example_dags/example_datasets.py
[2023-07-19T16:36:26.650+0000] {processor.py:826} INFO - Processing file /home/airflow/.local/lib/python3.7/site-packages/airflow/example_dags/example_datasets.py for tasks to queue
[2023-07-19T16:36:26.650+0000] {logging_mixin.py:150} INFO - [2023-07-19T16:36:26.650+0000] {dagbag.py:541} INFO - Filling up the DagBag from /home/airflow/.local/lib/python3.7/site-packages/airflow/example_dags/example_datasets.py
[2023-07-19T16:36:26.655+0000] {processor.py:836} INFO - DAG(s) dict_keys(['dataset_consumes_unknown_never_scheduled', 'dataset_consumes_1', 'dataset_consumes_1_and_2', 'dataset_produces_2', 'dataset_consumes_1_never_scheduled', 'dataset_produces_1']) retrieved from /home/airflow/.local/lib/python3.7/site-packages/airflow/example_dags/example_datasets.py
[2023-07-19T16:36:26.681+0000] {logging_mixin.py:150} INFO - [2023-07-19T16:36:26.681+0000] {dag.py:2742} INFO - Sync 6 DAGs
[2023-07-19T16:36:26.699+0000] {logging_mixin.py:150} INFO - [2023-07-19T16:36:26.699+0000] {dag.py:3508} INFO - Setting next_dagrun for dataset_consumes_1 to None, run_after=None
[2023-07-19T16:36:26.701+0000] {logging_mixin.py:150} INFO - [2023-07-19T16:36:26.701+0000] {dag.py:3508} INFO - Setting next_dagrun for dataset_consumes_1_and_2 to None, run_after=None
[2023-07-19T16:36:26.701+0000] {logging_mixin.py:150} INFO - [2023-07-19T16:36:26.701+0000] {dag.py:3508} INFO - Setting next_dagrun for dataset_consumes_1_never_scheduled to None, run_after=None
[2023-07-19T16:36:26.702+0000] {logging_mixin.py:150} INFO - [2023-07-19T16:36:26.702+0000] {dag.py:3508} INFO - Setting next_dagrun for dataset_consumes_unknown_never_scheduled to None, run_after=None
[2023-07-19T16:36:26.703+0000] {logging_mixin.py:150} INFO - [2023-07-19T16:36:26.703+0000] {dag.py:3508} INFO - Setting next_dagrun for dataset_produces_1 to 2023-07-18T00:00:00+00:00, run_after=2023-07-19T00:00:00+00:00
[2023-07-19T16:36:26.703+0000] {logging_mixin.py:150} INFO - [2023-07-19T16:36:26.703+0000] {dag.py:3508} INFO - Setting next_dagrun for dataset_produces_2 to None, run_after=None
[2023-07-19T16:36:26.717+0000] {processor.py:179} INFO - Processing /home/airflow/.local/lib/python3.7/site-packages/airflow/example_dags/example_datasets.py took 0.070 seconds
[2023-07-19T16:36:57.659+0000] {processor.py:157} INFO - Started process (PID=505) to work on /home/airflow/.local/lib/python3.7/site-packages/airflow/example_dags/example_datasets.py
[2023-07-19T16:36:57.660+0000] {processor.py:826} INFO - Processing file /home/airflow/.local/lib/python3.7/site-packages/airflow/example_dags/example_datasets.py for tasks to queue
[2023-07-19T16:36:57.660+0000] {logging_mixin.py:150} INFO - [2023-07-19T16:36:57.660+0000] {dagbag.py:541} INFO - Filling up the DagBag from /home/airflow/.local/lib/python3.7/site-packages/airflow/example_dags/example_datasets.py
[2023-07-19T16:36:57.666+0000] {processor.py:836} INFO - DAG(s) dict_keys(['dataset_consumes_1_never_scheduled', 'dataset_consumes_unknown_never_scheduled', 'dataset_consumes_1', 'dataset_produces_1', 'dataset_produces_2', 'dataset_consumes_1_and_2']) retrieved from /home/airflow/.local/lib/python3.7/site-packages/airflow/example_dags/example_datasets.py
[2023-07-19T16:36:57.689+0000] {logging_mixin.py:150} INFO - [2023-07-19T16:36:57.689+0000] {dag.py:2742} INFO - Sync 6 DAGs
[2023-07-19T16:36:57.718+0000] {logging_mixin.py:150} INFO - [2023-07-19T16:36:57.718+0000] {dag.py:3508} INFO - Setting next_dagrun for dataset_consumes_1 to None, run_after=None
[2023-07-19T16:36:57.725+0000] {logging_mixin.py:150} INFO - [2023-07-19T16:36:57.725+0000] {dag.py:3508} INFO - Setting next_dagrun for dataset_consumes_1_and_2 to None, run_after=None
[2023-07-19T16:36:57.725+0000] {logging_mixin.py:150} INFO - [2023-07-19T16:36:57.725+0000] {dag.py:3508} INFO - Setting next_dagrun for dataset_consumes_1_never_scheduled to None, run_after=None
[2023-07-19T16:36:57.726+0000] {logging_mixin.py:150} INFO - [2023-07-19T16:36:57.726+0000] {dag.py:3508} INFO - Setting next_dagrun for dataset_consumes_unknown_never_scheduled to None, run_after=None
[2023-07-19T16:36:57.727+0000] {logging_mixin.py:150} INFO - [2023-07-19T16:36:57.727+0000] {dag.py:3508} INFO - Setting next_dagrun for dataset_produces_1 to 2023-07-18T00:00:00+00:00, run_after=2023-07-19T00:00:00+00:00
[2023-07-19T16:36:57.729+0000] {logging_mixin.py:150} INFO - [2023-07-19T16:36:57.729+0000] {dag.py:3508} INFO - Setting next_dagrun for dataset_produces_2 to None, run_after=None
[2023-07-19T16:36:57.767+0000] {processor.py:179} INFO - Processing /home/airflow/.local/lib/python3.7/site-packages/airflow/example_dags/example_datasets.py took 0.110 seconds
[2023-07-19T16:37:29.582+0000] {processor.py:157} INFO - Started process (PID=560) to work on /home/airflow/.local/lib/python3.7/site-packages/airflow/example_dags/example_datasets.py
[2023-07-19T16:37:29.583+0000] {processor.py:826} INFO - Processing file /home/airflow/.local/lib/python3.7/site-packages/airflow/example_dags/example_datasets.py for tasks to queue
[2023-07-19T16:37:29.583+0000] {logging_mixin.py:150} INFO - [2023-07-19T16:37:29.583+0000] {dagbag.py:541} INFO - Filling up the DagBag from /home/airflow/.local/lib/python3.7/site-packages/airflow/example_dags/example_datasets.py
[2023-07-19T16:37:29.591+0000] {processor.py:836} INFO - DAG(s) dict_keys(['dataset_consumes_1', 'dataset_consumes_unknown_never_scheduled', 'dataset_produces_2', 'dataset_produces_1', 'dataset_consumes_1_and_2', 'dataset_consumes_1_never_scheduled']) retrieved from /home/airflow/.local/lib/python3.7/site-packages/airflow/example_dags/example_datasets.py
[2023-07-19T16:37:29.637+0000] {logging_mixin.py:150} INFO - [2023-07-19T16:37:29.637+0000] {dag.py:2742} INFO - Sync 6 DAGs
[2023-07-19T16:37:29.660+0000] {logging_mixin.py:150} INFO - [2023-07-19T16:37:29.660+0000] {dag.py:3508} INFO - Setting next_dagrun for dataset_consumes_1 to None, run_after=None
[2023-07-19T16:37:29.662+0000] {logging_mixin.py:150} INFO - [2023-07-19T16:37:29.662+0000] {dag.py:3508} INFO - Setting next_dagrun for dataset_consumes_1_and_2 to None, run_after=None
[2023-07-19T16:37:29.663+0000] {logging_mixin.py:150} INFO - [2023-07-19T16:37:29.663+0000] {dag.py:3508} INFO - Setting next_dagrun for dataset_consumes_1_never_scheduled to None, run_after=None
[2023-07-19T16:37:29.663+0000] {logging_mixin.py:150} INFO - [2023-07-19T16:37:29.663+0000] {dag.py:3508} INFO - Setting next_dagrun for dataset_consumes_unknown_never_scheduled to None, run_after=None
[2023-07-19T16:37:29.665+0000] {logging_mixin.py:150} INFO - [2023-07-19T16:37:29.665+0000] {dag.py:3508} INFO - Setting next_dagrun for dataset_produces_1 to 2023-07-18T00:00:00+00:00, run_after=2023-07-19T00:00:00+00:00
[2023-07-19T16:37:29.665+0000] {logging_mixin.py:150} INFO - [2023-07-19T16:37:29.665+0000] {dag.py:3508} INFO - Setting next_dagrun for dataset_produces_2 to None, run_after=None
[2023-07-19T16:37:29.688+0000] {processor.py:179} INFO - Processing /home/airflow/.local/lib/python3.7/site-packages/airflow/example_dags/example_datasets.py took 0.109 seconds
[2023-07-19T16:38:01.354+0000] {processor.py:157} INFO - Started process (PID=616) to work on /home/airflow/.local/lib/python3.7/site-packages/airflow/example_dags/example_datasets.py
[2023-07-19T16:38:01.355+0000] {processor.py:826} INFO - Processing file /home/airflow/.local/lib/python3.7/site-packages/airflow/example_dags/example_datasets.py for tasks to queue
[2023-07-19T16:38:01.355+0000] {logging_mixin.py:150} INFO - [2023-07-19T16:38:01.355+0000] {dagbag.py:541} INFO - Filling up the DagBag from /home/airflow/.local/lib/python3.7/site-packages/airflow/example_dags/example_datasets.py
[2023-07-19T16:38:01.360+0000] {processor.py:836} INFO - DAG(s) dict_keys(['dataset_consumes_1', 'dataset_produces_2', 'dataset_produces_1', 'dataset_consumes_1_and_2', 'dataset_consumes_1_never_scheduled', 'dataset_consumes_unknown_never_scheduled']) retrieved from /home/airflow/.local/lib/python3.7/site-packages/airflow/example_dags/example_datasets.py
[2023-07-19T16:38:01.379+0000] {logging_mixin.py:150} INFO - [2023-07-19T16:38:01.379+0000] {dag.py:2742} INFO - Sync 6 DAGs
[2023-07-19T16:38:01.395+0000] {logging_mixin.py:150} INFO - [2023-07-19T16:38:01.395+0000] {dag.py:3508} INFO - Setting next_dagrun for dataset_consumes_1 to None, run_after=None
[2023-07-19T16:38:01.397+0000] {logging_mixin.py:150} INFO - [2023-07-19T16:38:01.397+0000] {dag.py:3508} INFO - Setting next_dagrun for dataset_consumes_1_and_2 to None, run_after=None
[2023-07-19T16:38:01.397+0000] {logging_mixin.py:150} INFO - [2023-07-19T16:38:01.397+0000] {dag.py:3508} INFO - Setting next_dagrun for dataset_consumes_1_never_scheduled to None, run_after=None
[2023-07-19T16:38:01.398+0000] {logging_mixin.py:150} INFO - [2023-07-19T16:38:01.398+0000] {dag.py:3508} INFO - Setting next_dagrun for dataset_consumes_unknown_never_scheduled to None, run_after=None
[2023-07-19T16:38:01.399+0000] {logging_mixin.py:150} INFO - [2023-07-19T16:38:01.399+0000] {dag.py:3508} INFO - Setting next_dagrun for dataset_produces_1 to 2023-07-18T00:00:00+00:00, run_after=2023-07-19T00:00:00+00:00
[2023-07-19T16:38:01.399+0000] {logging_mixin.py:150} INFO - [2023-07-19T16:38:01.399+0000] {dag.py:3508} INFO - Setting next_dagrun for dataset_produces_2 to None, run_after=None
[2023-07-19T16:38:01.415+0000] {processor.py:179} INFO - Processing /home/airflow/.local/lib/python3.7/site-packages/airflow/example_dags/example_datasets.py took 0.062 seconds
[2023-07-19T16:38:33.359+0000] {processor.py:157} INFO - Started process (PID=671) to work on /home/airflow/.local/lib/python3.7/site-packages/airflow/example_dags/example_datasets.py
[2023-07-19T16:38:33.360+0000] {processor.py:826} INFO - Processing file /home/airflow/.local/lib/python3.7/site-packages/airflow/example_dags/example_datasets.py for tasks to queue
[2023-07-19T16:38:33.361+0000] {logging_mixin.py:150} INFO - [2023-07-19T16:38:33.360+0000] {dagbag.py:541} INFO - Filling up the DagBag from /home/airflow/.local/lib/python3.7/site-packages/airflow/example_dags/example_datasets.py
[2023-07-19T16:38:33.395+0000] {processor.py:836} INFO - DAG(s) dict_keys(['dataset_produces_2', 'dataset_consumes_1', 'dataset_consumes_1_and_2', 'dataset_produces_1', 'dataset_consumes_unknown_never_scheduled', 'dataset_consumes_1_never_scheduled']) retrieved from /home/airflow/.local/lib/python3.7/site-packages/airflow/example_dags/example_datasets.py
[2023-07-19T16:38:33.517+0000] {logging_mixin.py:150} INFO - [2023-07-19T16:38:33.517+0000] {dag.py:2742} INFO - Sync 6 DAGs
[2023-07-19T16:38:33.573+0000] {logging_mixin.py:150} INFO - [2023-07-19T16:38:33.573+0000] {dag.py:3508} INFO - Setting next_dagrun for dataset_consumes_1 to None, run_after=None
[2023-07-19T16:38:33.575+0000] {logging_mixin.py:150} INFO - [2023-07-19T16:38:33.575+0000] {dag.py:3508} INFO - Setting next_dagrun for dataset_consumes_1_and_2 to None, run_after=None
[2023-07-19T16:38:33.577+0000] {logging_mixin.py:150} INFO - [2023-07-19T16:38:33.577+0000] {dag.py:3508} INFO - Setting next_dagrun for dataset_consumes_1_never_scheduled to None, run_after=None
[2023-07-19T16:38:33.578+0000] {logging_mixin.py:150} INFO - [2023-07-19T16:38:33.578+0000] {dag.py:3508} INFO - Setting next_dagrun for dataset_consumes_unknown_never_scheduled to None, run_after=None
[2023-07-19T16:38:33.584+0000] {logging_mixin.py:150} INFO - [2023-07-19T16:38:33.584+0000] {dag.py:3508} INFO - Setting next_dagrun for dataset_produces_1 to 2023-07-18T00:00:00+00:00, run_after=2023-07-19T00:00:00+00:00
[2023-07-19T16:38:33.585+0000] {logging_mixin.py:150} INFO - [2023-07-19T16:38:33.585+0000] {dag.py:3508} INFO - Setting next_dagrun for dataset_produces_2 to None, run_after=None
[2023-07-19T16:38:33.759+0000] {processor.py:179} INFO - Processing /home/airflow/.local/lib/python3.7/site-packages/airflow/example_dags/example_datasets.py took 0.402 seconds
[2023-07-19T16:39:04.685+0000] {processor.py:157} INFO - Started process (PID=727) to work on /home/airflow/.local/lib/python3.7/site-packages/airflow/example_dags/example_datasets.py
[2023-07-19T16:39:04.686+0000] {processor.py:826} INFO - Processing file /home/airflow/.local/lib/python3.7/site-packages/airflow/example_dags/example_datasets.py for tasks to queue
[2023-07-19T16:39:04.687+0000] {logging_mixin.py:150} INFO - [2023-07-19T16:39:04.687+0000] {dagbag.py:541} INFO - Filling up the DagBag from /home/airflow/.local/lib/python3.7/site-packages/airflow/example_dags/example_datasets.py
[2023-07-19T16:39:04.695+0000] {processor.py:836} INFO - DAG(s) dict_keys(['dataset_consumes_unknown_never_scheduled', 'dataset_consumes_1_never_scheduled', 'dataset_produces_1', 'dataset_consumes_1_and_2', 'dataset_produces_2', 'dataset_consumes_1']) retrieved from /home/airflow/.local/lib/python3.7/site-packages/airflow/example_dags/example_datasets.py
[2023-07-19T16:39:04.746+0000] {logging_mixin.py:150} INFO - [2023-07-19T16:39:04.746+0000] {dag.py:2742} INFO - Sync 6 DAGs
[2023-07-19T16:39:04.776+0000] {logging_mixin.py:150} INFO - [2023-07-19T16:39:04.776+0000] {dag.py:3508} INFO - Setting next_dagrun for dataset_consumes_1 to None, run_after=None
[2023-07-19T16:39:04.780+0000] {logging_mixin.py:150} INFO - [2023-07-19T16:39:04.780+0000] {dag.py:3508} INFO - Setting next_dagrun for dataset_consumes_1_and_2 to None, run_after=None
[2023-07-19T16:39:04.781+0000] {logging_mixin.py:150} INFO - [2023-07-19T16:39:04.781+0000] {dag.py:3508} INFO - Setting next_dagrun for dataset_consumes_1_never_scheduled to None, run_after=None
[2023-07-19T16:39:04.782+0000] {logging_mixin.py:150} INFO - [2023-07-19T16:39:04.781+0000] {dag.py:3508} INFO - Setting next_dagrun for dataset_consumes_unknown_never_scheduled to None, run_after=None
[2023-07-19T16:39:04.785+0000] {logging_mixin.py:150} INFO - [2023-07-19T16:39:04.784+0000] {dag.py:3508} INFO - Setting next_dagrun for dataset_produces_1 to 2023-07-18T00:00:00+00:00, run_after=2023-07-19T00:00:00+00:00
[2023-07-19T16:39:04.787+0000] {logging_mixin.py:150} INFO - [2023-07-19T16:39:04.787+0000] {dag.py:3508} INFO - Setting next_dagrun for dataset_produces_2 to None, run_after=None
[2023-07-19T16:39:04.814+0000] {processor.py:179} INFO - Processing /home/airflow/.local/lib/python3.7/site-packages/airflow/example_dags/example_datasets.py took 0.132 seconds
[2023-07-19T16:39:35.223+0000] {processor.py:157} INFO - Started process (PID=782) to work on /home/airflow/.local/lib/python3.7/site-packages/airflow/example_dags/example_datasets.py
[2023-07-19T16:39:35.224+0000] {processor.py:826} INFO - Processing file /home/airflow/.local/lib/python3.7/site-packages/airflow/example_dags/example_datasets.py for tasks to queue
[2023-07-19T16:39:35.225+0000] {logging_mixin.py:150} INFO - [2023-07-19T16:39:35.224+0000] {dagbag.py:541} INFO - Filling up the DagBag from /home/airflow/.local/lib/python3.7/site-packages/airflow/example_dags/example_datasets.py
[2023-07-19T16:39:35.233+0000] {processor.py:836} INFO - DAG(s) dict_keys(['dataset_consumes_1_and_2', 'dataset_consumes_unknown_never_scheduled', 'dataset_produces_1', 'dataset_consumes_1', 'dataset_consumes_1_never_scheduled', 'dataset_produces_2']) retrieved from /home/airflow/.local/lib/python3.7/site-packages/airflow/example_dags/example_datasets.py
[2023-07-19T16:39:35.258+0000] {logging_mixin.py:150} INFO - [2023-07-19T16:39:35.257+0000] {dag.py:2742} INFO - Sync 6 DAGs
[2023-07-19T16:39:35.271+0000] {logging_mixin.py:150} INFO - [2023-07-19T16:39:35.271+0000] {dag.py:3508} INFO - Setting next_dagrun for dataset_consumes_1 to None, run_after=None
[2023-07-19T16:39:35.273+0000] {logging_mixin.py:150} INFO - [2023-07-19T16:39:35.273+0000] {dag.py:3508} INFO - Setting next_dagrun for dataset_consumes_1_and_2 to None, run_after=None
[2023-07-19T16:39:35.273+0000] {logging_mixin.py:150} INFO - [2023-07-19T16:39:35.273+0000] {dag.py:3508} INFO - Setting next_dagrun for dataset_consumes_1_never_scheduled to None, run_after=None
[2023-07-19T16:39:35.274+0000] {logging_mixin.py:150} INFO - [2023-07-19T16:39:35.274+0000] {dag.py:3508} INFO - Setting next_dagrun for dataset_consumes_unknown_never_scheduled to None, run_after=None
[2023-07-19T16:39:35.275+0000] {logging_mixin.py:150} INFO - [2023-07-19T16:39:35.275+0000] {dag.py:3508} INFO - Setting next_dagrun for dataset_produces_1 to 2023-07-18T00:00:00+00:00, run_after=2023-07-19T00:00:00+00:00
[2023-07-19T16:39:35.276+0000] {logging_mixin.py:150} INFO - [2023-07-19T16:39:35.276+0000] {dag.py:3508} INFO - Setting next_dagrun for dataset_produces_2 to None, run_after=None
[2023-07-19T16:39:35.290+0000] {processor.py:179} INFO - Processing /home/airflow/.local/lib/python3.7/site-packages/airflow/example_dags/example_datasets.py took 0.070 seconds
[2023-07-19T16:40:13.188+0000] {processor.py:157} INFO - Started process (PID=836) to work on /home/airflow/.local/lib/python3.7/site-packages/airflow/example_dags/example_datasets.py
[2023-07-19T16:40:13.193+0000] {processor.py:826} INFO - Processing file /home/airflow/.local/lib/python3.7/site-packages/airflow/example_dags/example_datasets.py for tasks to queue
[2023-07-19T16:40:13.193+0000] {logging_mixin.py:150} INFO - [2023-07-19T16:40:13.193+0000] {dagbag.py:541} INFO - Filling up the DagBag from /home/airflow/.local/lib/python3.7/site-packages/airflow/example_dags/example_datasets.py
[2023-07-19T16:40:13.201+0000] {processor.py:836} INFO - DAG(s) dict_keys(['dataset_consumes_1_and_2', 'dataset_produces_2', 'dataset_produces_1', 'dataset_consumes_unknown_never_scheduled', 'dataset_consumes_1_never_scheduled', 'dataset_consumes_1']) retrieved from /home/airflow/.local/lib/python3.7/site-packages/airflow/example_dags/example_datasets.py
[2023-07-19T16:40:13.323+0000] {logging_mixin.py:150} INFO - [2023-07-19T16:40:13.323+0000] {dag.py:2742} INFO - Sync 6 DAGs
[2023-07-19T16:40:13.431+0000] {logging_mixin.py:150} INFO - [2023-07-19T16:40:13.431+0000] {dag.py:3508} INFO - Setting next_dagrun for dataset_consumes_1 to None, run_after=None
[2023-07-19T16:40:13.435+0000] {logging_mixin.py:150} INFO - [2023-07-19T16:40:13.435+0000] {dag.py:3508} INFO - Setting next_dagrun for dataset_consumes_1_and_2 to None, run_after=None
[2023-07-19T16:40:13.438+0000] {logging_mixin.py:150} INFO - [2023-07-19T16:40:13.438+0000] {dag.py:3508} INFO - Setting next_dagrun for dataset_consumes_1_never_scheduled to None, run_after=None
[2023-07-19T16:40:13.438+0000] {logging_mixin.py:150} INFO - [2023-07-19T16:40:13.438+0000] {dag.py:3508} INFO - Setting next_dagrun for dataset_consumes_unknown_never_scheduled to None, run_after=None
[2023-07-19T16:40:13.440+0000] {logging_mixin.py:150} INFO - [2023-07-19T16:40:13.440+0000] {dag.py:3508} INFO - Setting next_dagrun for dataset_produces_1 to 2023-07-18T00:00:00+00:00, run_after=2023-07-19T00:00:00+00:00
[2023-07-19T16:40:13.441+0000] {logging_mixin.py:150} INFO - [2023-07-19T16:40:13.441+0000] {dag.py:3508} INFO - Setting next_dagrun for dataset_produces_2 to None, run_after=None
[2023-07-19T16:40:13.486+0000] {processor.py:179} INFO - Processing /home/airflow/.local/lib/python3.7/site-packages/airflow/example_dags/example_datasets.py took 0.302 seconds
[2023-07-19T16:40:43.894+0000] {processor.py:157} INFO - Started process (PID=890) to work on /home/airflow/.local/lib/python3.7/site-packages/airflow/example_dags/example_datasets.py
[2023-07-19T16:40:43.894+0000] {processor.py:826} INFO - Processing file /home/airflow/.local/lib/python3.7/site-packages/airflow/example_dags/example_datasets.py for tasks to queue
[2023-07-19T16:40:43.895+0000] {logging_mixin.py:150} INFO - [2023-07-19T16:40:43.894+0000] {dagbag.py:541} INFO - Filling up the DagBag from /home/airflow/.local/lib/python3.7/site-packages/airflow/example_dags/example_datasets.py
[2023-07-19T16:40:43.900+0000] {processor.py:836} INFO - DAG(s) dict_keys(['dataset_produces_1', 'dataset_consumes_1_and_2', 'dataset_consumes_1', 'dataset_produces_2', 'dataset_consumes_1_never_scheduled', 'dataset_consumes_unknown_never_scheduled']) retrieved from /home/airflow/.local/lib/python3.7/site-packages/airflow/example_dags/example_datasets.py
[2023-07-19T16:40:43.921+0000] {logging_mixin.py:150} INFO - [2023-07-19T16:40:43.921+0000] {dag.py:2742} INFO - Sync 6 DAGs
[2023-07-19T16:40:43.933+0000] {logging_mixin.py:150} INFO - [2023-07-19T16:40:43.933+0000] {dag.py:3508} INFO - Setting next_dagrun for dataset_consumes_1 to None, run_after=None
[2023-07-19T16:40:43.934+0000] {logging_mixin.py:150} INFO - [2023-07-19T16:40:43.934+0000] {dag.py:3508} INFO - Setting next_dagrun for dataset_consumes_1_and_2 to None, run_after=None
[2023-07-19T16:40:43.935+0000] {logging_mixin.py:150} INFO - [2023-07-19T16:40:43.935+0000] {dag.py:3508} INFO - Setting next_dagrun for dataset_consumes_1_never_scheduled to None, run_after=None
[2023-07-19T16:40:43.935+0000] {logging_mixin.py:150} INFO - [2023-07-19T16:40:43.935+0000] {dag.py:3508} INFO - Setting next_dagrun for dataset_consumes_unknown_never_scheduled to None, run_after=None
[2023-07-19T16:40:43.937+0000] {logging_mixin.py:150} INFO - [2023-07-19T16:40:43.936+0000] {dag.py:3508} INFO - Setting next_dagrun for dataset_produces_1 to 2023-07-18T00:00:00+00:00, run_after=2023-07-19T00:00:00+00:00
[2023-07-19T16:40:43.937+0000] {logging_mixin.py:150} INFO - [2023-07-19T16:40:43.937+0000] {dag.py:3508} INFO - Setting next_dagrun for dataset_produces_2 to None, run_after=None
[2023-07-19T16:40:43.952+0000] {processor.py:179} INFO - Processing /home/airflow/.local/lib/python3.7/site-packages/airflow/example_dags/example_datasets.py took 0.060 seconds
[2023-07-19T16:41:13.982+0000] {processor.py:157} INFO - Started process (PID=944) to work on /home/airflow/.local/lib/python3.7/site-packages/airflow/example_dags/example_datasets.py
[2023-07-19T16:41:13.983+0000] {processor.py:826} INFO - Processing file /home/airflow/.local/lib/python3.7/site-packages/airflow/example_dags/example_datasets.py for tasks to queue
[2023-07-19T16:41:13.983+0000] {logging_mixin.py:150} INFO - [2023-07-19T16:41:13.983+0000] {dagbag.py:541} INFO - Filling up the DagBag from /home/airflow/.local/lib/python3.7/site-packages/airflow/example_dags/example_datasets.py
[2023-07-19T16:41:13.988+0000] {processor.py:836} INFO - DAG(s) dict_keys(['dataset_consumes_1', 'dataset_consumes_1_and_2', 'dataset_consumes_1_never_scheduled', 'dataset_produces_2', 'dataset_consumes_unknown_never_scheduled', 'dataset_produces_1']) retrieved from /home/airflow/.local/lib/python3.7/site-packages/airflow/example_dags/example_datasets.py
[2023-07-19T16:41:14.008+0000] {logging_mixin.py:150} INFO - [2023-07-19T16:41:14.008+0000] {dag.py:2742} INFO - Sync 6 DAGs
[2023-07-19T16:41:14.021+0000] {logging_mixin.py:150} INFO - [2023-07-19T16:41:14.021+0000] {dag.py:3508} INFO - Setting next_dagrun for dataset_consumes_1 to None, run_after=None
[2023-07-19T16:41:14.026+0000] {logging_mixin.py:150} INFO - [2023-07-19T16:41:14.026+0000] {dag.py:3508} INFO - Setting next_dagrun for dataset_consumes_1_and_2 to None, run_after=None
[2023-07-19T16:41:14.027+0000] {logging_mixin.py:150} INFO - [2023-07-19T16:41:14.027+0000] {dag.py:3508} INFO - Setting next_dagrun for dataset_consumes_1_never_scheduled to None, run_after=None
[2023-07-19T16:41:14.027+0000] {logging_mixin.py:150} INFO - [2023-07-19T16:41:14.027+0000] {dag.py:3508} INFO - Setting next_dagrun for dataset_consumes_unknown_never_scheduled to None, run_after=None
[2023-07-19T16:41:14.028+0000] {logging_mixin.py:150} INFO - [2023-07-19T16:41:14.028+0000] {dag.py:3508} INFO - Setting next_dagrun for dataset_produces_1 to 2023-07-18T00:00:00+00:00, run_after=2023-07-19T00:00:00+00:00
[2023-07-19T16:41:14.029+0000] {logging_mixin.py:150} INFO - [2023-07-19T16:41:14.029+0000] {dag.py:3508} INFO - Setting next_dagrun for dataset_produces_2 to None, run_after=None
[2023-07-19T16:41:14.044+0000] {processor.py:179} INFO - Processing /home/airflow/.local/lib/python3.7/site-packages/airflow/example_dags/example_datasets.py took 0.063 seconds
[2023-07-19T16:41:44.632+0000] {processor.py:157} INFO - Started process (PID=1000) to work on /home/airflow/.local/lib/python3.7/site-packages/airflow/example_dags/example_datasets.py
[2023-07-19T16:41:44.633+0000] {processor.py:826} INFO - Processing file /home/airflow/.local/lib/python3.7/site-packages/airflow/example_dags/example_datasets.py for tasks to queue
[2023-07-19T16:41:44.633+0000] {logging_mixin.py:150} INFO - [2023-07-19T16:41:44.633+0000] {dagbag.py:541} INFO - Filling up the DagBag from /home/airflow/.local/lib/python3.7/site-packages/airflow/example_dags/example_datasets.py
[2023-07-19T16:41:44.638+0000] {processor.py:836} INFO - DAG(s) dict_keys(['dataset_consumes_1_never_scheduled', 'dataset_consumes_1', 'dataset_produces_2', 'dataset_consumes_unknown_never_scheduled', 'dataset_produces_1', 'dataset_consumes_1_and_2']) retrieved from /home/airflow/.local/lib/python3.7/site-packages/airflow/example_dags/example_datasets.py
[2023-07-19T16:41:44.657+0000] {logging_mixin.py:150} INFO - [2023-07-19T16:41:44.657+0000] {dag.py:2742} INFO - Sync 6 DAGs
[2023-07-19T16:41:44.669+0000] {logging_mixin.py:150} INFO - [2023-07-19T16:41:44.669+0000] {dag.py:3508} INFO - Setting next_dagrun for dataset_consumes_1 to None, run_after=None
[2023-07-19T16:41:44.671+0000] {logging_mixin.py:150} INFO - [2023-07-19T16:41:44.670+0000] {dag.py:3508} INFO - Setting next_dagrun for dataset_consumes_1_and_2 to None, run_after=None
[2023-07-19T16:41:44.671+0000] {logging_mixin.py:150} INFO - [2023-07-19T16:41:44.671+0000] {dag.py:3508} INFO - Setting next_dagrun for dataset_consumes_1_never_scheduled to None, run_after=None
[2023-07-19T16:41:44.671+0000] {logging_mixin.py:150} INFO - [2023-07-19T16:41:44.671+0000] {dag.py:3508} INFO - Setting next_dagrun for dataset_consumes_unknown_never_scheduled to None, run_after=None
[2023-07-19T16:41:44.672+0000] {logging_mixin.py:150} INFO - [2023-07-19T16:41:44.672+0000] {dag.py:3508} INFO - Setting next_dagrun for dataset_produces_1 to 2023-07-18T00:00:00+00:00, run_after=2023-07-19T00:00:00+00:00
[2023-07-19T16:41:44.673+0000] {logging_mixin.py:150} INFO - [2023-07-19T16:41:44.673+0000] {dag.py:3508} INFO - Setting next_dagrun for dataset_produces_2 to None, run_after=None
[2023-07-19T16:41:44.688+0000] {processor.py:179} INFO - Processing /home/airflow/.local/lib/python3.7/site-packages/airflow/example_dags/example_datasets.py took 0.057 seconds
[2023-07-19T16:42:14.841+0000] {processor.py:157} INFO - Started process (PID=1055) to work on /home/airflow/.local/lib/python3.7/site-packages/airflow/example_dags/example_datasets.py
[2023-07-19T16:42:14.841+0000] {processor.py:826} INFO - Processing file /home/airflow/.local/lib/python3.7/site-packages/airflow/example_dags/example_datasets.py for tasks to queue
[2023-07-19T16:42:14.842+0000] {logging_mixin.py:150} INFO - [2023-07-19T16:42:14.842+0000] {dagbag.py:541} INFO - Filling up the DagBag from /home/airflow/.local/lib/python3.7/site-packages/airflow/example_dags/example_datasets.py
[2023-07-19T16:42:14.854+0000] {processor.py:836} INFO - DAG(s) dict_keys(['dataset_consumes_1_and_2', 'dataset_consumes_1_never_scheduled', 'dataset_consumes_unknown_never_scheduled', 'dataset_consumes_1', 'dataset_produces_1', 'dataset_produces_2']) retrieved from /home/airflow/.local/lib/python3.7/site-packages/airflow/example_dags/example_datasets.py
[2023-07-19T16:42:14.910+0000] {logging_mixin.py:150} INFO - [2023-07-19T16:42:14.910+0000] {dag.py:2742} INFO - Sync 6 DAGs
[2023-07-19T16:42:14.922+0000] {logging_mixin.py:150} INFO - [2023-07-19T16:42:14.922+0000] {dag.py:3508} INFO - Setting next_dagrun for dataset_consumes_1 to None, run_after=None
[2023-07-19T16:42:14.924+0000] {logging_mixin.py:150} INFO - [2023-07-19T16:42:14.924+0000] {dag.py:3508} INFO - Setting next_dagrun for dataset_consumes_1_and_2 to None, run_after=None
[2023-07-19T16:42:14.924+0000] {logging_mixin.py:150} INFO - [2023-07-19T16:42:14.924+0000] {dag.py:3508} INFO - Setting next_dagrun for dataset_consumes_1_never_scheduled to None, run_after=None
[2023-07-19T16:42:14.925+0000] {logging_mixin.py:150} INFO - [2023-07-19T16:42:14.925+0000] {dag.py:3508} INFO - Setting next_dagrun for dataset_consumes_unknown_never_scheduled to None, run_after=None
[2023-07-19T16:42:14.926+0000] {logging_mixin.py:150} INFO - [2023-07-19T16:42:14.926+0000] {dag.py:3508} INFO - Setting next_dagrun for dataset_produces_1 to 2023-07-18T00:00:00+00:00, run_after=2023-07-19T00:00:00+00:00
[2023-07-19T16:42:14.926+0000] {logging_mixin.py:150} INFO - [2023-07-19T16:42:14.926+0000] {dag.py:3508} INFO - Setting next_dagrun for dataset_produces_2 to None, run_after=None
[2023-07-19T16:42:14.942+0000] {processor.py:179} INFO - Processing /home/airflow/.local/lib/python3.7/site-packages/airflow/example_dags/example_datasets.py took 0.107 seconds
[2023-07-19T16:42:45.284+0000] {processor.py:157} INFO - Started process (PID=1116) to work on /home/airflow/.local/lib/python3.7/site-packages/airflow/example_dags/example_datasets.py
[2023-07-19T16:42:45.284+0000] {processor.py:826} INFO - Processing file /home/airflow/.local/lib/python3.7/site-packages/airflow/example_dags/example_datasets.py for tasks to queue
[2023-07-19T16:42:45.284+0000] {logging_mixin.py:150} INFO - [2023-07-19T16:42:45.284+0000] {dagbag.py:541} INFO - Filling up the DagBag from /home/airflow/.local/lib/python3.7/site-packages/airflow/example_dags/example_datasets.py
[2023-07-19T16:42:45.289+0000] {processor.py:836} INFO - DAG(s) dict_keys(['dataset_produces_1', 'dataset_consumes_1', 'dataset_consumes_1_never_scheduled', 'dataset_consumes_unknown_never_scheduled', 'dataset_consumes_1_and_2', 'dataset_produces_2']) retrieved from /home/airflow/.local/lib/python3.7/site-packages/airflow/example_dags/example_datasets.py
[2023-07-19T16:42:45.314+0000] {logging_mixin.py:150} INFO - [2023-07-19T16:42:45.314+0000] {dag.py:2742} INFO - Sync 6 DAGs
[2023-07-19T16:42:45.333+0000] {logging_mixin.py:150} INFO - [2023-07-19T16:42:45.333+0000] {dag.py:3508} INFO - Setting next_dagrun for dataset_consumes_1 to None, run_after=None
[2023-07-19T16:42:45.334+0000] {logging_mixin.py:150} INFO - [2023-07-19T16:42:45.334+0000] {dag.py:3508} INFO - Setting next_dagrun for dataset_consumes_1_and_2 to None, run_after=None
[2023-07-19T16:42:45.335+0000] {logging_mixin.py:150} INFO - [2023-07-19T16:42:45.335+0000] {dag.py:3508} INFO - Setting next_dagrun for dataset_consumes_1_never_scheduled to None, run_after=None
[2023-07-19T16:42:45.335+0000] {logging_mixin.py:150} INFO - [2023-07-19T16:42:45.335+0000] {dag.py:3508} INFO - Setting next_dagrun for dataset_consumes_unknown_never_scheduled to None, run_after=None
[2023-07-19T16:42:45.336+0000] {logging_mixin.py:150} INFO - [2023-07-19T16:42:45.336+0000] {dag.py:3508} INFO - Setting next_dagrun for dataset_produces_1 to 2023-07-18T00:00:00+00:00, run_after=2023-07-19T00:00:00+00:00
[2023-07-19T16:42:45.337+0000] {logging_mixin.py:150} INFO - [2023-07-19T16:42:45.337+0000] {dag.py:3508} INFO - Setting next_dagrun for dataset_produces_2 to None, run_after=None
[2023-07-19T16:42:45.350+0000] {processor.py:179} INFO - Processing /home/airflow/.local/lib/python3.7/site-packages/airflow/example_dags/example_datasets.py took 0.068 seconds
[2023-07-19T16:43:16.573+0000] {processor.py:157} INFO - Started process (PID=1172) to work on /home/airflow/.local/lib/python3.7/site-packages/airflow/example_dags/example_datasets.py
[2023-07-19T16:43:16.574+0000] {processor.py:826} INFO - Processing file /home/airflow/.local/lib/python3.7/site-packages/airflow/example_dags/example_datasets.py for tasks to queue
[2023-07-19T16:43:16.574+0000] {logging_mixin.py:150} INFO - [2023-07-19T16:43:16.574+0000] {dagbag.py:541} INFO - Filling up the DagBag from /home/airflow/.local/lib/python3.7/site-packages/airflow/example_dags/example_datasets.py
[2023-07-19T16:43:16.582+0000] {processor.py:836} INFO - DAG(s) dict_keys(['dataset_produces_1', 'dataset_consumes_1_never_scheduled', 'dataset_consumes_1_and_2', 'dataset_consumes_1', 'dataset_consumes_unknown_never_scheduled', 'dataset_produces_2']) retrieved from /home/airflow/.local/lib/python3.7/site-packages/airflow/example_dags/example_datasets.py
[2023-07-19T16:43:16.617+0000] {logging_mixin.py:150} INFO - [2023-07-19T16:43:16.616+0000] {dag.py:2742} INFO - Sync 6 DAGs
[2023-07-19T16:43:16.637+0000] {logging_mixin.py:150} INFO - [2023-07-19T16:43:16.637+0000] {dag.py:3508} INFO - Setting next_dagrun for dataset_consumes_1 to None, run_after=None
[2023-07-19T16:43:16.639+0000] {logging_mixin.py:150} INFO - [2023-07-19T16:43:16.639+0000] {dag.py:3508} INFO - Setting next_dagrun for dataset_consumes_1_and_2 to None, run_after=None
[2023-07-19T16:43:16.640+0000] {logging_mixin.py:150} INFO - [2023-07-19T16:43:16.640+0000] {dag.py:3508} INFO - Setting next_dagrun for dataset_consumes_1_never_scheduled to None, run_after=None
[2023-07-19T16:43:16.640+0000] {logging_mixin.py:150} INFO - [2023-07-19T16:43:16.640+0000] {dag.py:3508} INFO - Setting next_dagrun for dataset_consumes_unknown_never_scheduled to None, run_after=None
[2023-07-19T16:43:16.641+0000] {logging_mixin.py:150} INFO - [2023-07-19T16:43:16.641+0000] {dag.py:3508} INFO - Setting next_dagrun for dataset_produces_1 to 2023-07-18T00:00:00+00:00, run_after=2023-07-19T00:00:00+00:00
[2023-07-19T16:43:16.642+0000] {logging_mixin.py:150} INFO - [2023-07-19T16:43:16.642+0000] {dag.py:3508} INFO - Setting next_dagrun for dataset_produces_2 to None, run_after=None
[2023-07-19T16:43:16.661+0000] {processor.py:179} INFO - Processing /home/airflow/.local/lib/python3.7/site-packages/airflow/example_dags/example_datasets.py took 0.091 seconds
[2023-07-19T16:43:46.709+0000] {processor.py:157} INFO - Started process (PID=1227) to work on /home/airflow/.local/lib/python3.7/site-packages/airflow/example_dags/example_datasets.py
[2023-07-19T16:43:46.709+0000] {processor.py:826} INFO - Processing file /home/airflow/.local/lib/python3.7/site-packages/airflow/example_dags/example_datasets.py for tasks to queue
[2023-07-19T16:43:46.709+0000] {logging_mixin.py:150} INFO - [2023-07-19T16:43:46.709+0000] {dagbag.py:541} INFO - Filling up the DagBag from /home/airflow/.local/lib/python3.7/site-packages/airflow/example_dags/example_datasets.py
[2023-07-19T16:43:46.714+0000] {processor.py:836} INFO - DAG(s) dict_keys(['dataset_consumes_unknown_never_scheduled', 'dataset_produces_2', 'dataset_consumes_1', 'dataset_produces_1', 'dataset_consumes_1_never_scheduled', 'dataset_consumes_1_and_2']) retrieved from /home/airflow/.local/lib/python3.7/site-packages/airflow/example_dags/example_datasets.py
[2023-07-19T16:43:46.733+0000] {logging_mixin.py:150} INFO - [2023-07-19T16:43:46.732+0000] {dag.py:2742} INFO - Sync 6 DAGs
[2023-07-19T16:43:46.745+0000] {logging_mixin.py:150} INFO - [2023-07-19T16:43:46.744+0000] {dag.py:3508} INFO - Setting next_dagrun for dataset_consumes_1 to None, run_after=None
[2023-07-19T16:43:46.746+0000] {logging_mixin.py:150} INFO - [2023-07-19T16:43:46.746+0000] {dag.py:3508} INFO - Setting next_dagrun for dataset_consumes_1_and_2 to None, run_after=None
[2023-07-19T16:43:46.746+0000] {logging_mixin.py:150} INFO - [2023-07-19T16:43:46.746+0000] {dag.py:3508} INFO - Setting next_dagrun for dataset_consumes_1_never_scheduled to None, run_after=None
[2023-07-19T16:43:46.747+0000] {logging_mixin.py:150} INFO - [2023-07-19T16:43:46.747+0000] {dag.py:3508} INFO - Setting next_dagrun for dataset_consumes_unknown_never_scheduled to None, run_after=None
[2023-07-19T16:43:46.748+0000] {logging_mixin.py:150} INFO - [2023-07-19T16:43:46.748+0000] {dag.py:3508} INFO - Setting next_dagrun for dataset_produces_1 to 2023-07-18T00:00:00+00:00, run_after=2023-07-19T00:00:00+00:00
[2023-07-19T16:43:46.748+0000] {logging_mixin.py:150} INFO - [2023-07-19T16:43:46.748+0000] {dag.py:3508} INFO - Setting next_dagrun for dataset_produces_2 to None, run_after=None
[2023-07-19T16:43:46.761+0000] {processor.py:179} INFO - Processing /home/airflow/.local/lib/python3.7/site-packages/airflow/example_dags/example_datasets.py took 0.054 seconds
[2023-07-19T16:44:17.644+0000] {processor.py:157} INFO - Started process (PID=1282) to work on /home/airflow/.local/lib/python3.7/site-packages/airflow/example_dags/example_datasets.py
[2023-07-19T16:44:17.645+0000] {processor.py:826} INFO - Processing file /home/airflow/.local/lib/python3.7/site-packages/airflow/example_dags/example_datasets.py for tasks to queue
[2023-07-19T16:44:17.645+0000] {logging_mixin.py:150} INFO - [2023-07-19T16:44:17.645+0000] {dagbag.py:541} INFO - Filling up the DagBag from /home/airflow/.local/lib/python3.7/site-packages/airflow/example_dags/example_datasets.py
[2023-07-19T16:44:17.649+0000] {processor.py:836} INFO - DAG(s) dict_keys(['dataset_consumes_1_never_scheduled', 'dataset_consumes_unknown_never_scheduled', 'dataset_produces_1', 'dataset_consumes_1_and_2', 'dataset_consumes_1', 'dataset_produces_2']) retrieved from /home/airflow/.local/lib/python3.7/site-packages/airflow/example_dags/example_datasets.py
[2023-07-19T16:44:17.668+0000] {logging_mixin.py:150} INFO - [2023-07-19T16:44:17.668+0000] {dag.py:2742} INFO - Sync 6 DAGs
[2023-07-19T16:44:17.687+0000] {logging_mixin.py:150} INFO - [2023-07-19T16:44:17.687+0000] {dag.py:3508} INFO - Setting next_dagrun for dataset_consumes_1 to None, run_after=None
[2023-07-19T16:44:17.688+0000] {logging_mixin.py:150} INFO - [2023-07-19T16:44:17.688+0000] {dag.py:3508} INFO - Setting next_dagrun for dataset_consumes_1_and_2 to None, run_after=None
[2023-07-19T16:44:17.689+0000] {logging_mixin.py:150} INFO - [2023-07-19T16:44:17.689+0000] {dag.py:3508} INFO - Setting next_dagrun for dataset_consumes_1_never_scheduled to None, run_after=None
[2023-07-19T16:44:17.689+0000] {logging_mixin.py:150} INFO - [2023-07-19T16:44:17.689+0000] {dag.py:3508} INFO - Setting next_dagrun for dataset_consumes_unknown_never_scheduled to None, run_after=None
[2023-07-19T16:44:17.691+0000] {logging_mixin.py:150} INFO - [2023-07-19T16:44:17.691+0000] {dag.py:3508} INFO - Setting next_dagrun for dataset_produces_1 to 2023-07-18T00:00:00+00:00, run_after=2023-07-19T00:00:00+00:00
[2023-07-19T16:44:17.691+0000] {logging_mixin.py:150} INFO - [2023-07-19T16:44:17.691+0000] {dag.py:3508} INFO - Setting next_dagrun for dataset_produces_2 to None, run_after=None
[2023-07-19T16:44:17.710+0000] {processor.py:179} INFO - Processing /home/airflow/.local/lib/python3.7/site-packages/airflow/example_dags/example_datasets.py took 0.067 seconds
[2023-07-19T16:44:48.355+0000] {processor.py:157} INFO - Started process (PID=1337) to work on /home/airflow/.local/lib/python3.7/site-packages/airflow/example_dags/example_datasets.py
[2023-07-19T16:44:48.355+0000] {processor.py:826} INFO - Processing file /home/airflow/.local/lib/python3.7/site-packages/airflow/example_dags/example_datasets.py for tasks to queue
[2023-07-19T16:44:48.355+0000] {logging_mixin.py:150} INFO - [2023-07-19T16:44:48.355+0000] {dagbag.py:541} INFO - Filling up the DagBag from /home/airflow/.local/lib/python3.7/site-packages/airflow/example_dags/example_datasets.py
[2023-07-19T16:44:48.361+0000] {processor.py:836} INFO - DAG(s) dict_keys(['dataset_consumes_1_never_scheduled', 'dataset_consumes_1', 'dataset_produces_1', 'dataset_consumes_1_and_2', 'dataset_consumes_unknown_never_scheduled', 'dataset_produces_2']) retrieved from /home/airflow/.local/lib/python3.7/site-packages/airflow/example_dags/example_datasets.py
[2023-07-19T16:44:48.400+0000] {logging_mixin.py:150} INFO - [2023-07-19T16:44:48.400+0000] {dag.py:2742} INFO - Sync 6 DAGs
[2023-07-19T16:44:48.415+0000] {logging_mixin.py:150} INFO - [2023-07-19T16:44:48.415+0000] {dag.py:3508} INFO - Setting next_dagrun for dataset_consumes_1 to None, run_after=None
[2023-07-19T16:44:48.418+0000] {logging_mixin.py:150} INFO - [2023-07-19T16:44:48.418+0000] {dag.py:3508} INFO - Setting next_dagrun for dataset_consumes_1_and_2 to None, run_after=None
[2023-07-19T16:44:48.418+0000] {logging_mixin.py:150} INFO - [2023-07-19T16:44:48.418+0000] {dag.py:3508} INFO - Setting next_dagrun for dataset_consumes_1_never_scheduled to None, run_after=None
[2023-07-19T16:44:48.419+0000] {logging_mixin.py:150} INFO - [2023-07-19T16:44:48.419+0000] {dag.py:3508} INFO - Setting next_dagrun for dataset_consumes_unknown_never_scheduled to None, run_after=None
[2023-07-19T16:44:48.420+0000] {logging_mixin.py:150} INFO - [2023-07-19T16:44:48.420+0000] {dag.py:3508} INFO - Setting next_dagrun for dataset_produces_1 to 2023-07-18T00:00:00+00:00, run_after=2023-07-19T00:00:00+00:00
[2023-07-19T16:44:48.420+0000] {logging_mixin.py:150} INFO - [2023-07-19T16:44:48.420+0000] {dag.py:3508} INFO - Setting next_dagrun for dataset_produces_2 to None, run_after=None
[2023-07-19T16:44:48.436+0000] {processor.py:179} INFO - Processing /home/airflow/.local/lib/python3.7/site-packages/airflow/example_dags/example_datasets.py took 0.083 seconds
[2023-07-19T16:45:19.492+0000] {processor.py:157} INFO - Started process (PID=1392) to work on /home/airflow/.local/lib/python3.7/site-packages/airflow/example_dags/example_datasets.py
[2023-07-19T16:45:19.496+0000] {processor.py:826} INFO - Processing file /home/airflow/.local/lib/python3.7/site-packages/airflow/example_dags/example_datasets.py for tasks to queue
[2023-07-19T16:45:19.497+0000] {logging_mixin.py:150} INFO - [2023-07-19T16:45:19.496+0000] {dagbag.py:541} INFO - Filling up the DagBag from /home/airflow/.local/lib/python3.7/site-packages/airflow/example_dags/example_datasets.py
[2023-07-19T16:45:19.513+0000] {processor.py:836} INFO - DAG(s) dict_keys(['dataset_consumes_1_and_2', 'dataset_consumes_unknown_never_scheduled', 'dataset_produces_1', 'dataset_consumes_1', 'dataset_produces_2', 'dataset_consumes_1_never_scheduled']) retrieved from /home/airflow/.local/lib/python3.7/site-packages/airflow/example_dags/example_datasets.py
[2023-07-19T16:45:19.578+0000] {logging_mixin.py:150} INFO - [2023-07-19T16:45:19.578+0000] {dag.py:2742} INFO - Sync 6 DAGs
[2023-07-19T16:45:19.596+0000] {logging_mixin.py:150} INFO - [2023-07-19T16:45:19.596+0000] {dag.py:3508} INFO - Setting next_dagrun for dataset_consumes_1 to None, run_after=None
[2023-07-19T16:45:19.597+0000] {logging_mixin.py:150} INFO - [2023-07-19T16:45:19.597+0000] {dag.py:3508} INFO - Setting next_dagrun for dataset_consumes_1_and_2 to None, run_after=None
[2023-07-19T16:45:19.598+0000] {logging_mixin.py:150} INFO - [2023-07-19T16:45:19.598+0000] {dag.py:3508} INFO - Setting next_dagrun for dataset_consumes_1_never_scheduled to None, run_after=None
[2023-07-19T16:45:19.598+0000] {logging_mixin.py:150} INFO - [2023-07-19T16:45:19.598+0000] {dag.py:3508} INFO - Setting next_dagrun for dataset_consumes_unknown_never_scheduled to None, run_after=None
[2023-07-19T16:45:19.599+0000] {logging_mixin.py:150} INFO - [2023-07-19T16:45:19.599+0000] {dag.py:3508} INFO - Setting next_dagrun for dataset_produces_1 to 2023-07-18T00:00:00+00:00, run_after=2023-07-19T00:00:00+00:00
[2023-07-19T16:45:19.600+0000] {logging_mixin.py:150} INFO - [2023-07-19T16:45:19.600+0000] {dag.py:3508} INFO - Setting next_dagrun for dataset_produces_2 to None, run_after=None
[2023-07-19T16:45:19.645+0000] {processor.py:179} INFO - Processing /home/airflow/.local/lib/python3.7/site-packages/airflow/example_dags/example_datasets.py took 0.171 seconds
[2023-07-19T16:45:49.967+0000] {processor.py:157} INFO - Started process (PID=1447) to work on /home/airflow/.local/lib/python3.7/site-packages/airflow/example_dags/example_datasets.py
[2023-07-19T16:45:49.971+0000] {processor.py:826} INFO - Processing file /home/airflow/.local/lib/python3.7/site-packages/airflow/example_dags/example_datasets.py for tasks to queue
[2023-07-19T16:45:49.971+0000] {logging_mixin.py:150} INFO - [2023-07-19T16:45:49.971+0000] {dagbag.py:541} INFO - Filling up the DagBag from /home/airflow/.local/lib/python3.7/site-packages/airflow/example_dags/example_datasets.py
[2023-07-19T16:45:49.980+0000] {processor.py:836} INFO - DAG(s) dict_keys(['dataset_consumes_1_never_scheduled', 'dataset_consumes_unknown_never_scheduled', 'dataset_consumes_1', 'dataset_produces_2', 'dataset_produces_1', 'dataset_consumes_1_and_2']) retrieved from /home/airflow/.local/lib/python3.7/site-packages/airflow/example_dags/example_datasets.py
[2023-07-19T16:45:50.075+0000] {logging_mixin.py:150} INFO - [2023-07-19T16:45:50.075+0000] {dag.py:2742} INFO - Sync 6 DAGs
[2023-07-19T16:45:50.103+0000] {logging_mixin.py:150} INFO - [2023-07-19T16:45:50.103+0000] {dag.py:3508} INFO - Setting next_dagrun for dataset_consumes_1 to None, run_after=None
[2023-07-19T16:45:50.105+0000] {logging_mixin.py:150} INFO - [2023-07-19T16:45:50.105+0000] {dag.py:3508} INFO - Setting next_dagrun for dataset_consumes_1_and_2 to None, run_after=None
[2023-07-19T16:45:50.105+0000] {logging_mixin.py:150} INFO - [2023-07-19T16:45:50.105+0000] {dag.py:3508} INFO - Setting next_dagrun for dataset_consumes_1_never_scheduled to None, run_after=None
[2023-07-19T16:45:50.106+0000] {logging_mixin.py:150} INFO - [2023-07-19T16:45:50.106+0000] {dag.py:3508} INFO - Setting next_dagrun for dataset_consumes_unknown_never_scheduled to None, run_after=None
[2023-07-19T16:45:50.108+0000] {logging_mixin.py:150} INFO - [2023-07-19T16:45:50.108+0000] {dag.py:3508} INFO - Setting next_dagrun for dataset_produces_1 to 2023-07-18T00:00:00+00:00, run_after=2023-07-19T00:00:00+00:00
[2023-07-19T16:45:50.108+0000] {logging_mixin.py:150} INFO - [2023-07-19T16:45:50.108+0000] {dag.py:3508} INFO - Setting next_dagrun for dataset_produces_2 to None, run_after=None
[2023-07-19T16:45:50.137+0000] {processor.py:179} INFO - Processing /home/airflow/.local/lib/python3.7/site-packages/airflow/example_dags/example_datasets.py took 0.185 seconds
[2023-07-19T16:46:20.815+0000] {processor.py:157} INFO - Started process (PID=1502) to work on /home/airflow/.local/lib/python3.7/site-packages/airflow/example_dags/example_datasets.py
[2023-07-19T16:46:20.816+0000] {processor.py:826} INFO - Processing file /home/airflow/.local/lib/python3.7/site-packages/airflow/example_dags/example_datasets.py for tasks to queue
[2023-07-19T16:46:20.817+0000] {logging_mixin.py:150} INFO - [2023-07-19T16:46:20.816+0000] {dagbag.py:541} INFO - Filling up the DagBag from /home/airflow/.local/lib/python3.7/site-packages/airflow/example_dags/example_datasets.py
[2023-07-19T16:46:20.822+0000] {processor.py:836} INFO - DAG(s) dict_keys(['dataset_consumes_1_and_2', 'dataset_consumes_1', 'dataset_consumes_1_never_scheduled', 'dataset_consumes_unknown_never_scheduled', 'dataset_produces_1', 'dataset_produces_2']) retrieved from /home/airflow/.local/lib/python3.7/site-packages/airflow/example_dags/example_datasets.py
[2023-07-19T16:46:20.852+0000] {logging_mixin.py:150} INFO - [2023-07-19T16:46:20.852+0000] {dag.py:2742} INFO - Sync 6 DAGs
[2023-07-19T16:46:20.870+0000] {logging_mixin.py:150} INFO - [2023-07-19T16:46:20.870+0000] {dag.py:3508} INFO - Setting next_dagrun for dataset_consumes_1 to None, run_after=None
[2023-07-19T16:46:20.871+0000] {logging_mixin.py:150} INFO - [2023-07-19T16:46:20.871+0000] {dag.py:3508} INFO - Setting next_dagrun for dataset_consumes_1_and_2 to None, run_after=None
[2023-07-19T16:46:20.872+0000] {logging_mixin.py:150} INFO - [2023-07-19T16:46:20.872+0000] {dag.py:3508} INFO - Setting next_dagrun for dataset_consumes_1_never_scheduled to None, run_after=None
[2023-07-19T16:46:20.872+0000] {logging_mixin.py:150} INFO - [2023-07-19T16:46:20.872+0000] {dag.py:3508} INFO - Setting next_dagrun for dataset_consumes_unknown_never_scheduled to None, run_after=None
[2023-07-19T16:46:20.873+0000] {logging_mixin.py:150} INFO - [2023-07-19T16:46:20.873+0000] {dag.py:3508} INFO - Setting next_dagrun for dataset_produces_1 to 2023-07-18T00:00:00+00:00, run_after=2023-07-19T00:00:00+00:00
[2023-07-19T16:46:20.874+0000] {logging_mixin.py:150} INFO - [2023-07-19T16:46:20.874+0000] {dag.py:3508} INFO - Setting next_dagrun for dataset_produces_2 to None, run_after=None
[2023-07-19T16:46:20.907+0000] {processor.py:179} INFO - Processing /home/airflow/.local/lib/python3.7/site-packages/airflow/example_dags/example_datasets.py took 0.094 seconds
[2023-07-19T16:46:51.447+0000] {processor.py:157} INFO - Started process (PID=1557) to work on /home/airflow/.local/lib/python3.7/site-packages/airflow/example_dags/example_datasets.py
[2023-07-19T16:46:51.447+0000] {processor.py:826} INFO - Processing file /home/airflow/.local/lib/python3.7/site-packages/airflow/example_dags/example_datasets.py for tasks to queue
[2023-07-19T16:46:51.448+0000] {logging_mixin.py:150} INFO - [2023-07-19T16:46:51.447+0000] {dagbag.py:541} INFO - Filling up the DagBag from /home/airflow/.local/lib/python3.7/site-packages/airflow/example_dags/example_datasets.py
[2023-07-19T16:46:51.453+0000] {processor.py:836} INFO - DAG(s) dict_keys(['dataset_produces_2', 'dataset_consumes_unknown_never_scheduled', 'dataset_consumes_1', 'dataset_consumes_1_and_2', 'dataset_produces_1', 'dataset_consumes_1_never_scheduled']) retrieved from /home/airflow/.local/lib/python3.7/site-packages/airflow/example_dags/example_datasets.py
[2023-07-19T16:46:51.476+0000] {logging_mixin.py:150} INFO - [2023-07-19T16:46:51.476+0000] {dag.py:2742} INFO - Sync 6 DAGs
[2023-07-19T16:46:51.492+0000] {logging_mixin.py:150} INFO - [2023-07-19T16:46:51.492+0000] {dag.py:3508} INFO - Setting next_dagrun for dataset_consumes_1 to None, run_after=None
[2023-07-19T16:46:51.494+0000] {logging_mixin.py:150} INFO - [2023-07-19T16:46:51.494+0000] {dag.py:3508} INFO - Setting next_dagrun for dataset_consumes_1_and_2 to None, run_after=None
[2023-07-19T16:46:51.494+0000] {logging_mixin.py:150} INFO - [2023-07-19T16:46:51.494+0000] {dag.py:3508} INFO - Setting next_dagrun for dataset_consumes_1_never_scheduled to None, run_after=None
[2023-07-19T16:46:51.495+0000] {logging_mixin.py:150} INFO - [2023-07-19T16:46:51.495+0000] {dag.py:3508} INFO - Setting next_dagrun for dataset_consumes_unknown_never_scheduled to None, run_after=None
[2023-07-19T16:46:51.496+0000] {logging_mixin.py:150} INFO - [2023-07-19T16:46:51.496+0000] {dag.py:3508} INFO - Setting next_dagrun for dataset_produces_1 to 2023-07-18T00:00:00+00:00, run_after=2023-07-19T00:00:00+00:00
[2023-07-19T16:46:51.496+0000] {logging_mixin.py:150} INFO - [2023-07-19T16:46:51.496+0000] {dag.py:3508} INFO - Setting next_dagrun for dataset_produces_2 to None, run_after=None
[2023-07-19T16:46:51.510+0000] {processor.py:179} INFO - Processing /home/airflow/.local/lib/python3.7/site-packages/airflow/example_dags/example_datasets.py took 0.065 seconds
[2023-07-19T16:47:21.979+0000] {processor.py:157} INFO - Started process (PID=1611) to work on /home/airflow/.local/lib/python3.7/site-packages/airflow/example_dags/example_datasets.py
[2023-07-19T16:47:21.979+0000] {processor.py:826} INFO - Processing file /home/airflow/.local/lib/python3.7/site-packages/airflow/example_dags/example_datasets.py for tasks to queue
[2023-07-19T16:47:21.979+0000] {logging_mixin.py:150} INFO - [2023-07-19T16:47:21.979+0000] {dagbag.py:541} INFO - Filling up the DagBag from /home/airflow/.local/lib/python3.7/site-packages/airflow/example_dags/example_datasets.py
[2023-07-19T16:47:21.984+0000] {processor.py:836} INFO - DAG(s) dict_keys(['dataset_consumes_unknown_never_scheduled', 'dataset_consumes_1', 'dataset_consumes_1_never_scheduled', 'dataset_produces_2', 'dataset_consumes_1_and_2', 'dataset_produces_1']) retrieved from /home/airflow/.local/lib/python3.7/site-packages/airflow/example_dags/example_datasets.py
[2023-07-19T16:47:22.002+0000] {logging_mixin.py:150} INFO - [2023-07-19T16:47:22.002+0000] {dag.py:2742} INFO - Sync 6 DAGs
[2023-07-19T16:47:22.014+0000] {logging_mixin.py:150} INFO - [2023-07-19T16:47:22.014+0000] {dag.py:3508} INFO - Setting next_dagrun for dataset_consumes_1 to None, run_after=None
[2023-07-19T16:47:22.016+0000] {logging_mixin.py:150} INFO - [2023-07-19T16:47:22.016+0000] {dag.py:3508} INFO - Setting next_dagrun for dataset_consumes_1_and_2 to None, run_after=None
[2023-07-19T16:47:22.016+0000] {logging_mixin.py:150} INFO - [2023-07-19T16:47:22.016+0000] {dag.py:3508} INFO - Setting next_dagrun for dataset_consumes_1_never_scheduled to None, run_after=None
[2023-07-19T16:47:22.016+0000] {logging_mixin.py:150} INFO - [2023-07-19T16:47:22.016+0000] {dag.py:3508} INFO - Setting next_dagrun for dataset_consumes_unknown_never_scheduled to None, run_after=None
[2023-07-19T16:47:22.017+0000] {logging_mixin.py:150} INFO - [2023-07-19T16:47:22.017+0000] {dag.py:3508} INFO - Setting next_dagrun for dataset_produces_1 to 2023-07-18T00:00:00+00:00, run_after=2023-07-19T00:00:00+00:00
[2023-07-19T16:47:22.018+0000] {logging_mixin.py:150} INFO - [2023-07-19T16:47:22.018+0000] {dag.py:3508} INFO - Setting next_dagrun for dataset_produces_2 to None, run_after=None
[2023-07-19T16:47:22.038+0000] {processor.py:179} INFO - Processing /home/airflow/.local/lib/python3.7/site-packages/airflow/example_dags/example_datasets.py took 0.061 seconds
[2023-07-19T16:47:53.710+0000] {processor.py:157} INFO - Started process (PID=1666) to work on /home/airflow/.local/lib/python3.7/site-packages/airflow/example_dags/example_datasets.py
[2023-07-19T16:47:53.721+0000] {processor.py:826} INFO - Processing file /home/airflow/.local/lib/python3.7/site-packages/airflow/example_dags/example_datasets.py for tasks to queue
[2023-07-19T16:47:53.722+0000] {logging_mixin.py:150} INFO - [2023-07-19T16:47:53.721+0000] {dagbag.py:541} INFO - Filling up the DagBag from /home/airflow/.local/lib/python3.7/site-packages/airflow/example_dags/example_datasets.py
[2023-07-19T16:47:53.737+0000] {processor.py:836} INFO - DAG(s) dict_keys(['dataset_consumes_unknown_never_scheduled', 'dataset_consumes_1', 'dataset_consumes_1_and_2', 'dataset_produces_2', 'dataset_produces_1', 'dataset_consumes_1_never_scheduled']) retrieved from /home/airflow/.local/lib/python3.7/site-packages/airflow/example_dags/example_datasets.py
[2023-07-19T16:47:53.786+0000] {logging_mixin.py:150} INFO - [2023-07-19T16:47:53.786+0000] {dag.py:2742} INFO - Sync 6 DAGs
[2023-07-19T16:47:53.806+0000] {logging_mixin.py:150} INFO - [2023-07-19T16:47:53.806+0000] {dag.py:3508} INFO - Setting next_dagrun for dataset_consumes_1 to None, run_after=None
[2023-07-19T16:47:53.807+0000] {logging_mixin.py:150} INFO - [2023-07-19T16:47:53.807+0000] {dag.py:3508} INFO - Setting next_dagrun for dataset_consumes_1_and_2 to None, run_after=None
[2023-07-19T16:47:53.808+0000] {logging_mixin.py:150} INFO - [2023-07-19T16:47:53.807+0000] {dag.py:3508} INFO - Setting next_dagrun for dataset_consumes_1_never_scheduled to None, run_after=None
[2023-07-19T16:47:53.808+0000] {logging_mixin.py:150} INFO - [2023-07-19T16:47:53.808+0000] {dag.py:3508} INFO - Setting next_dagrun for dataset_consumes_unknown_never_scheduled to None, run_after=None
[2023-07-19T16:47:53.810+0000] {logging_mixin.py:150} INFO - [2023-07-19T16:47:53.809+0000] {dag.py:3508} INFO - Setting next_dagrun for dataset_produces_1 to 2023-07-18T00:00:00+00:00, run_after=2023-07-19T00:00:00+00:00
[2023-07-19T16:47:53.811+0000] {logging_mixin.py:150} INFO - [2023-07-19T16:47:53.811+0000] {dag.py:3508} INFO - Setting next_dagrun for dataset_produces_2 to None, run_after=None
[2023-07-19T16:47:53.841+0000] {processor.py:179} INFO - Processing /home/airflow/.local/lib/python3.7/site-packages/airflow/example_dags/example_datasets.py took 0.133 seconds
[2023-07-19T16:48:24.530+0000] {processor.py:157} INFO - Started process (PID=1721) to work on /home/airflow/.local/lib/python3.7/site-packages/airflow/example_dags/example_datasets.py
[2023-07-19T16:48:24.533+0000] {processor.py:826} INFO - Processing file /home/airflow/.local/lib/python3.7/site-packages/airflow/example_dags/example_datasets.py for tasks to queue
[2023-07-19T16:48:24.533+0000] {logging_mixin.py:150} INFO - [2023-07-19T16:48:24.533+0000] {dagbag.py:541} INFO - Filling up the DagBag from /home/airflow/.local/lib/python3.7/site-packages/airflow/example_dags/example_datasets.py
[2023-07-19T16:48:24.544+0000] {processor.py:836} INFO - DAG(s) dict_keys(['dataset_consumes_1', 'dataset_consumes_1_never_scheduled', 'dataset_produces_2', 'dataset_consumes_1_and_2', 'dataset_consumes_unknown_never_scheduled', 'dataset_produces_1']) retrieved from /home/airflow/.local/lib/python3.7/site-packages/airflow/example_dags/example_datasets.py
[2023-07-19T16:48:24.586+0000] {logging_mixin.py:150} INFO - [2023-07-19T16:48:24.586+0000] {dag.py:2742} INFO - Sync 6 DAGs
[2023-07-19T16:48:24.599+0000] {logging_mixin.py:150} INFO - [2023-07-19T16:48:24.599+0000] {dag.py:3508} INFO - Setting next_dagrun for dataset_consumes_1 to None, run_after=None
[2023-07-19T16:48:24.601+0000] {logging_mixin.py:150} INFO - [2023-07-19T16:48:24.601+0000] {dag.py:3508} INFO - Setting next_dagrun for dataset_consumes_1_and_2 to None, run_after=None
[2023-07-19T16:48:24.601+0000] {logging_mixin.py:150} INFO - [2023-07-19T16:48:24.601+0000] {dag.py:3508} INFO - Setting next_dagrun for dataset_consumes_1_never_scheduled to None, run_after=None
[2023-07-19T16:48:24.602+0000] {logging_mixin.py:150} INFO - [2023-07-19T16:48:24.602+0000] {dag.py:3508} INFO - Setting next_dagrun for dataset_consumes_unknown_never_scheduled to None, run_after=None
[2023-07-19T16:48:24.603+0000] {logging_mixin.py:150} INFO - [2023-07-19T16:48:24.603+0000] {dag.py:3508} INFO - Setting next_dagrun for dataset_produces_1 to 2023-07-18T00:00:00+00:00, run_after=2023-07-19T00:00:00+00:00
[2023-07-19T16:48:24.603+0000] {logging_mixin.py:150} INFO - [2023-07-19T16:48:24.603+0000] {dag.py:3508} INFO - Setting next_dagrun for dataset_produces_2 to None, run_after=None
[2023-07-19T16:48:24.619+0000] {processor.py:179} INFO - Processing /home/airflow/.local/lib/python3.7/site-packages/airflow/example_dags/example_datasets.py took 0.099 seconds
[2023-07-19T16:48:55.318+0000] {processor.py:157} INFO - Started process (PID=1776) to work on /home/airflow/.local/lib/python3.7/site-packages/airflow/example_dags/example_datasets.py
[2023-07-19T16:48:55.319+0000] {processor.py:826} INFO - Processing file /home/airflow/.local/lib/python3.7/site-packages/airflow/example_dags/example_datasets.py for tasks to queue
[2023-07-19T16:48:55.319+0000] {logging_mixin.py:150} INFO - [2023-07-19T16:48:55.319+0000] {dagbag.py:541} INFO - Filling up the DagBag from /home/airflow/.local/lib/python3.7/site-packages/airflow/example_dags/example_datasets.py
[2023-07-19T16:48:55.327+0000] {processor.py:836} INFO - DAG(s) dict_keys(['dataset_consumes_1_and_2', 'dataset_consumes_1_never_scheduled', 'dataset_produces_2', 'dataset_produces_1', 'dataset_consumes_1', 'dataset_consumes_unknown_never_scheduled']) retrieved from /home/airflow/.local/lib/python3.7/site-packages/airflow/example_dags/example_datasets.py
[2023-07-19T16:48:55.369+0000] {logging_mixin.py:150} INFO - [2023-07-19T16:48:55.369+0000] {dag.py:2742} INFO - Sync 6 DAGs
[2023-07-19T16:48:55.429+0000] {logging_mixin.py:150} INFO - [2023-07-19T16:48:55.429+0000] {dag.py:3508} INFO - Setting next_dagrun for dataset_consumes_1 to None, run_after=None
[2023-07-19T16:48:55.434+0000] {logging_mixin.py:150} INFO - [2023-07-19T16:48:55.434+0000] {dag.py:3508} INFO - Setting next_dagrun for dataset_consumes_1_and_2 to None, run_after=None
[2023-07-19T16:48:55.437+0000] {logging_mixin.py:150} INFO - [2023-07-19T16:48:55.436+0000] {dag.py:3508} INFO - Setting next_dagrun for dataset_consumes_1_never_scheduled to None, run_after=None
[2023-07-19T16:48:55.438+0000] {logging_mixin.py:150} INFO - [2023-07-19T16:48:55.437+0000] {dag.py:3508} INFO - Setting next_dagrun for dataset_consumes_unknown_never_scheduled to None, run_after=None
[2023-07-19T16:48:55.439+0000] {logging_mixin.py:150} INFO - [2023-07-19T16:48:55.439+0000] {dag.py:3508} INFO - Setting next_dagrun for dataset_produces_1 to 2023-07-18T00:00:00+00:00, run_after=2023-07-19T00:00:00+00:00
[2023-07-19T16:48:55.441+0000] {logging_mixin.py:150} INFO - [2023-07-19T16:48:55.441+0000] {dag.py:3508} INFO - Setting next_dagrun for dataset_produces_2 to None, run_after=None
[2023-07-19T16:48:55.465+0000] {processor.py:179} INFO - Processing /home/airflow/.local/lib/python3.7/site-packages/airflow/example_dags/example_datasets.py took 0.150 seconds
[2023-07-19T16:49:26.101+0000] {processor.py:157} INFO - Started process (PID=1831) to work on /home/airflow/.local/lib/python3.7/site-packages/airflow/example_dags/example_datasets.py
[2023-07-19T16:49:26.102+0000] {processor.py:826} INFO - Processing file /home/airflow/.local/lib/python3.7/site-packages/airflow/example_dags/example_datasets.py for tasks to queue
[2023-07-19T16:49:26.102+0000] {logging_mixin.py:150} INFO - [2023-07-19T16:49:26.102+0000] {dagbag.py:541} INFO - Filling up the DagBag from /home/airflow/.local/lib/python3.7/site-packages/airflow/example_dags/example_datasets.py
[2023-07-19T16:49:26.117+0000] {processor.py:836} INFO - DAG(s) dict_keys(['dataset_produces_1', 'dataset_consumes_1', 'dataset_consumes_unknown_never_scheduled', 'dataset_consumes_1_never_scheduled', 'dataset_consumes_1_and_2', 'dataset_produces_2']) retrieved from /home/airflow/.local/lib/python3.7/site-packages/airflow/example_dags/example_datasets.py
[2023-07-19T16:49:26.141+0000] {logging_mixin.py:150} INFO - [2023-07-19T16:49:26.141+0000] {dag.py:2742} INFO - Sync 6 DAGs
[2023-07-19T16:49:26.156+0000] {logging_mixin.py:150} INFO - [2023-07-19T16:49:26.156+0000] {dag.py:3508} INFO - Setting next_dagrun for dataset_consumes_1 to None, run_after=None
[2023-07-19T16:49:26.158+0000] {logging_mixin.py:150} INFO - [2023-07-19T16:49:26.158+0000] {dag.py:3508} INFO - Setting next_dagrun for dataset_consumes_1_and_2 to None, run_after=None
[2023-07-19T16:49:26.158+0000] {logging_mixin.py:150} INFO - [2023-07-19T16:49:26.158+0000] {dag.py:3508} INFO - Setting next_dagrun for dataset_consumes_1_never_scheduled to None, run_after=None
[2023-07-19T16:49:26.158+0000] {logging_mixin.py:150} INFO - [2023-07-19T16:49:26.158+0000] {dag.py:3508} INFO - Setting next_dagrun for dataset_consumes_unknown_never_scheduled to None, run_after=None
[2023-07-19T16:49:26.159+0000] {logging_mixin.py:150} INFO - [2023-07-19T16:49:26.159+0000] {dag.py:3508} INFO - Setting next_dagrun for dataset_produces_1 to 2023-07-18T00:00:00+00:00, run_after=2023-07-19T00:00:00+00:00
[2023-07-19T16:49:26.160+0000] {logging_mixin.py:150} INFO - [2023-07-19T16:49:26.160+0000] {dag.py:3508} INFO - Setting next_dagrun for dataset_produces_2 to None, run_after=None
[2023-07-19T16:49:26.181+0000] {processor.py:179} INFO - Processing /home/airflow/.local/lib/python3.7/site-packages/airflow/example_dags/example_datasets.py took 0.081 seconds
[2023-07-19T16:49:57.265+0000] {processor.py:157} INFO - Started process (PID=1886) to work on /home/airflow/.local/lib/python3.7/site-packages/airflow/example_dags/example_datasets.py
[2023-07-19T16:49:57.266+0000] {processor.py:826} INFO - Processing file /home/airflow/.local/lib/python3.7/site-packages/airflow/example_dags/example_datasets.py for tasks to queue
[2023-07-19T16:49:57.266+0000] {logging_mixin.py:150} INFO - [2023-07-19T16:49:57.266+0000] {dagbag.py:541} INFO - Filling up the DagBag from /home/airflow/.local/lib/python3.7/site-packages/airflow/example_dags/example_datasets.py
[2023-07-19T16:49:57.277+0000] {processor.py:836} INFO - DAG(s) dict_keys(['dataset_consumes_1', 'dataset_consumes_unknown_never_scheduled', 'dataset_produces_2', 'dataset_produces_1', 'dataset_consumes_1_never_scheduled', 'dataset_consumes_1_and_2']) retrieved from /home/airflow/.local/lib/python3.7/site-packages/airflow/example_dags/example_datasets.py
[2023-07-19T16:49:57.304+0000] {logging_mixin.py:150} INFO - [2023-07-19T16:49:57.304+0000] {dag.py:2742} INFO - Sync 6 DAGs
[2023-07-19T16:49:57.326+0000] {logging_mixin.py:150} INFO - [2023-07-19T16:49:57.325+0000] {dag.py:3508} INFO - Setting next_dagrun for dataset_consumes_1 to None, run_after=None
[2023-07-19T16:49:57.327+0000] {logging_mixin.py:150} INFO - [2023-07-19T16:49:57.327+0000] {dag.py:3508} INFO - Setting next_dagrun for dataset_consumes_1_and_2 to None, run_after=None
[2023-07-19T16:49:57.328+0000] {logging_mixin.py:150} INFO - [2023-07-19T16:49:57.328+0000] {dag.py:3508} INFO - Setting next_dagrun for dataset_consumes_1_never_scheduled to None, run_after=None
[2023-07-19T16:49:57.328+0000] {logging_mixin.py:150} INFO - [2023-07-19T16:49:57.328+0000] {dag.py:3508} INFO - Setting next_dagrun for dataset_consumes_unknown_never_scheduled to None, run_after=None
[2023-07-19T16:49:57.329+0000] {logging_mixin.py:150} INFO - [2023-07-19T16:49:57.329+0000] {dag.py:3508} INFO - Setting next_dagrun for dataset_produces_1 to 2023-07-18T00:00:00+00:00, run_after=2023-07-19T00:00:00+00:00
[2023-07-19T16:49:57.330+0000] {logging_mixin.py:150} INFO - [2023-07-19T16:49:57.330+0000] {dag.py:3508} INFO - Setting next_dagrun for dataset_produces_2 to None, run_after=None
[2023-07-19T16:49:57.387+0000] {processor.py:179} INFO - Processing /home/airflow/.local/lib/python3.7/site-packages/airflow/example_dags/example_datasets.py took 0.124 seconds
[2023-07-19T16:50:27.575+0000] {processor.py:157} INFO - Started process (PID=1941) to work on /home/airflow/.local/lib/python3.7/site-packages/airflow/example_dags/example_datasets.py
[2023-07-19T16:50:27.575+0000] {processor.py:826} INFO - Processing file /home/airflow/.local/lib/python3.7/site-packages/airflow/example_dags/example_datasets.py for tasks to queue
[2023-07-19T16:50:27.576+0000] {logging_mixin.py:150} INFO - [2023-07-19T16:50:27.575+0000] {dagbag.py:541} INFO - Filling up the DagBag from /home/airflow/.local/lib/python3.7/site-packages/airflow/example_dags/example_datasets.py
[2023-07-19T16:50:27.581+0000] {processor.py:836} INFO - DAG(s) dict_keys(['dataset_consumes_1_never_scheduled', 'dataset_consumes_1_and_2', 'dataset_produces_2', 'dataset_consumes_unknown_never_scheduled', 'dataset_produces_1', 'dataset_consumes_1']) retrieved from /home/airflow/.local/lib/python3.7/site-packages/airflow/example_dags/example_datasets.py
[2023-07-19T16:50:27.608+0000] {logging_mixin.py:150} INFO - [2023-07-19T16:50:27.607+0000] {dag.py:2742} INFO - Sync 6 DAGs
[2023-07-19T16:50:27.624+0000] {logging_mixin.py:150} INFO - [2023-07-19T16:50:27.623+0000] {dag.py:3508} INFO - Setting next_dagrun for dataset_consumes_1 to None, run_after=None
[2023-07-19T16:50:27.625+0000] {logging_mixin.py:150} INFO - [2023-07-19T16:50:27.625+0000] {dag.py:3508} INFO - Setting next_dagrun for dataset_consumes_1_and_2 to None, run_after=None
[2023-07-19T16:50:27.626+0000] {logging_mixin.py:150} INFO - [2023-07-19T16:50:27.626+0000] {dag.py:3508} INFO - Setting next_dagrun for dataset_consumes_1_never_scheduled to None, run_after=None
[2023-07-19T16:50:27.626+0000] {logging_mixin.py:150} INFO - [2023-07-19T16:50:27.626+0000] {dag.py:3508} INFO - Setting next_dagrun for dataset_consumes_unknown_never_scheduled to None, run_after=None
[2023-07-19T16:50:27.628+0000] {logging_mixin.py:150} INFO - [2023-07-19T16:50:27.628+0000] {dag.py:3508} INFO - Setting next_dagrun for dataset_produces_1 to 2023-07-18T00:00:00+00:00, run_after=2023-07-19T00:00:00+00:00
[2023-07-19T16:50:27.628+0000] {logging_mixin.py:150} INFO - [2023-07-19T16:50:27.628+0000] {dag.py:3508} INFO - Setting next_dagrun for dataset_produces_2 to None, run_after=None
[2023-07-19T16:50:27.662+0000] {processor.py:179} INFO - Processing /home/airflow/.local/lib/python3.7/site-packages/airflow/example_dags/example_datasets.py took 0.089 seconds
[2023-07-19T16:50:58.799+0000] {processor.py:157} INFO - Started process (PID=1996) to work on /home/airflow/.local/lib/python3.7/site-packages/airflow/example_dags/example_datasets.py
[2023-07-19T16:50:58.801+0000] {processor.py:826} INFO - Processing file /home/airflow/.local/lib/python3.7/site-packages/airflow/example_dags/example_datasets.py for tasks to queue
[2023-07-19T16:50:58.801+0000] {logging_mixin.py:150} INFO - [2023-07-19T16:50:58.801+0000] {dagbag.py:541} INFO - Filling up the DagBag from /home/airflow/.local/lib/python3.7/site-packages/airflow/example_dags/example_datasets.py
[2023-07-19T16:50:58.815+0000] {processor.py:836} INFO - DAG(s) dict_keys(['dataset_produces_1', 'dataset_consumes_1', 'dataset_consumes_1_never_scheduled', 'dataset_produces_2', 'dataset_consumes_1_and_2', 'dataset_consumes_unknown_never_scheduled']) retrieved from /home/airflow/.local/lib/python3.7/site-packages/airflow/example_dags/example_datasets.py
[2023-07-19T16:50:58.843+0000] {logging_mixin.py:150} INFO - [2023-07-19T16:50:58.843+0000] {dag.py:2742} INFO - Sync 6 DAGs
[2023-07-19T16:50:58.860+0000] {logging_mixin.py:150} INFO - [2023-07-19T16:50:58.859+0000] {dag.py:3508} INFO - Setting next_dagrun for dataset_consumes_1 to None, run_after=None
[2023-07-19T16:50:58.865+0000] {logging_mixin.py:150} INFO - [2023-07-19T16:50:58.863+0000] {dag.py:3508} INFO - Setting next_dagrun for dataset_consumes_1_and_2 to None, run_after=None
[2023-07-19T16:50:58.866+0000] {logging_mixin.py:150} INFO - [2023-07-19T16:50:58.866+0000] {dag.py:3508} INFO - Setting next_dagrun for dataset_consumes_1_never_scheduled to None, run_after=None
[2023-07-19T16:50:58.866+0000] {logging_mixin.py:150} INFO - [2023-07-19T16:50:58.866+0000] {dag.py:3508} INFO - Setting next_dagrun for dataset_consumes_unknown_never_scheduled to None, run_after=None
[2023-07-19T16:50:58.867+0000] {logging_mixin.py:150} INFO - [2023-07-19T16:50:58.867+0000] {dag.py:3508} INFO - Setting next_dagrun for dataset_produces_1 to 2023-07-18T00:00:00+00:00, run_after=2023-07-19T00:00:00+00:00
[2023-07-19T16:50:58.868+0000] {logging_mixin.py:150} INFO - [2023-07-19T16:50:58.868+0000] {dag.py:3508} INFO - Setting next_dagrun for dataset_produces_2 to None, run_after=None
[2023-07-19T16:50:58.883+0000] {processor.py:179} INFO - Processing /home/airflow/.local/lib/python3.7/site-packages/airflow/example_dags/example_datasets.py took 0.090 seconds
[2023-07-19T16:51:29.598+0000] {processor.py:157} INFO - Started process (PID=2051) to work on /home/airflow/.local/lib/python3.7/site-packages/airflow/example_dags/example_datasets.py
[2023-07-19T16:51:29.598+0000] {processor.py:826} INFO - Processing file /home/airflow/.local/lib/python3.7/site-packages/airflow/example_dags/example_datasets.py for tasks to queue
[2023-07-19T16:51:29.599+0000] {logging_mixin.py:150} INFO - [2023-07-19T16:51:29.599+0000] {dagbag.py:541} INFO - Filling up the DagBag from /home/airflow/.local/lib/python3.7/site-packages/airflow/example_dags/example_datasets.py
[2023-07-19T16:51:29.618+0000] {processor.py:836} INFO - DAG(s) dict_keys(['dataset_produces_2', 'dataset_consumes_unknown_never_scheduled', 'dataset_produces_1', 'dataset_consumes_1_never_scheduled', 'dataset_consumes_1_and_2', 'dataset_consumes_1']) retrieved from /home/airflow/.local/lib/python3.7/site-packages/airflow/example_dags/example_datasets.py
[2023-07-19T16:51:29.672+0000] {logging_mixin.py:150} INFO - [2023-07-19T16:51:29.672+0000] {dag.py:2742} INFO - Sync 6 DAGs
[2023-07-19T16:51:29.732+0000] {logging_mixin.py:150} INFO - [2023-07-19T16:51:29.732+0000] {dag.py:3508} INFO - Setting next_dagrun for dataset_consumes_1 to None, run_after=None
[2023-07-19T16:51:29.733+0000] {logging_mixin.py:150} INFO - [2023-07-19T16:51:29.733+0000] {dag.py:3508} INFO - Setting next_dagrun for dataset_consumes_1_and_2 to None, run_after=None
[2023-07-19T16:51:29.734+0000] {logging_mixin.py:150} INFO - [2023-07-19T16:51:29.734+0000] {dag.py:3508} INFO - Setting next_dagrun for dataset_consumes_1_never_scheduled to None, run_after=None
[2023-07-19T16:51:29.737+0000] {logging_mixin.py:150} INFO - [2023-07-19T16:51:29.737+0000] {dag.py:3508} INFO - Setting next_dagrun for dataset_consumes_unknown_never_scheduled to None, run_after=None
[2023-07-19T16:51:29.745+0000] {logging_mixin.py:150} INFO - [2023-07-19T16:51:29.745+0000] {dag.py:3508} INFO - Setting next_dagrun for dataset_produces_1 to 2023-07-18T00:00:00+00:00, run_after=2023-07-19T00:00:00+00:00
[2023-07-19T16:51:29.745+0000] {logging_mixin.py:150} INFO - [2023-07-19T16:51:29.745+0000] {dag.py:3508} INFO - Setting next_dagrun for dataset_produces_2 to None, run_after=None
[2023-07-19T16:51:29.777+0000] {processor.py:179} INFO - Processing /home/airflow/.local/lib/python3.7/site-packages/airflow/example_dags/example_datasets.py took 0.187 seconds
[2023-07-19T16:52:00.481+0000] {processor.py:157} INFO - Started process (PID=2106) to work on /home/airflow/.local/lib/python3.7/site-packages/airflow/example_dags/example_datasets.py
[2023-07-19T16:52:00.487+0000] {processor.py:826} INFO - Processing file /home/airflow/.local/lib/python3.7/site-packages/airflow/example_dags/example_datasets.py for tasks to queue
[2023-07-19T16:52:00.487+0000] {logging_mixin.py:150} INFO - [2023-07-19T16:52:00.487+0000] {dagbag.py:541} INFO - Filling up the DagBag from /home/airflow/.local/lib/python3.7/site-packages/airflow/example_dags/example_datasets.py
[2023-07-19T16:52:00.503+0000] {processor.py:836} INFO - DAG(s) dict_keys(['dataset_produces_1', 'dataset_consumes_unknown_never_scheduled', 'dataset_consumes_1_and_2', 'dataset_produces_2', 'dataset_consumes_1_never_scheduled', 'dataset_consumes_1']) retrieved from /home/airflow/.local/lib/python3.7/site-packages/airflow/example_dags/example_datasets.py
[2023-07-19T16:52:00.577+0000] {logging_mixin.py:150} INFO - [2023-07-19T16:52:00.577+0000] {dag.py:2742} INFO - Sync 6 DAGs
[2023-07-19T16:52:00.601+0000] {logging_mixin.py:150} INFO - [2023-07-19T16:52:00.601+0000] {dag.py:3508} INFO - Setting next_dagrun for dataset_consumes_1 to None, run_after=None
[2023-07-19T16:52:00.604+0000] {logging_mixin.py:150} INFO - [2023-07-19T16:52:00.603+0000] {dag.py:3508} INFO - Setting next_dagrun for dataset_consumes_1_and_2 to None, run_after=None
[2023-07-19T16:52:00.604+0000] {logging_mixin.py:150} INFO - [2023-07-19T16:52:00.604+0000] {dag.py:3508} INFO - Setting next_dagrun for dataset_consumes_1_never_scheduled to None, run_after=None
[2023-07-19T16:52:00.605+0000] {logging_mixin.py:150} INFO - [2023-07-19T16:52:00.604+0000] {dag.py:3508} INFO - Setting next_dagrun for dataset_consumes_unknown_never_scheduled to None, run_after=None
[2023-07-19T16:52:00.606+0000] {logging_mixin.py:150} INFO - [2023-07-19T16:52:00.606+0000] {dag.py:3508} INFO - Setting next_dagrun for dataset_produces_1 to 2023-07-18T00:00:00+00:00, run_after=2023-07-19T00:00:00+00:00
[2023-07-19T16:52:00.606+0000] {logging_mixin.py:150} INFO - [2023-07-19T16:52:00.606+0000] {dag.py:3508} INFO - Setting next_dagrun for dataset_produces_2 to None, run_after=None
[2023-07-19T16:52:00.642+0000] {processor.py:179} INFO - Processing /home/airflow/.local/lib/python3.7/site-packages/airflow/example_dags/example_datasets.py took 0.170 seconds
[2023-07-19T16:52:30.942+0000] {processor.py:157} INFO - Started process (PID=2159) to work on /home/airflow/.local/lib/python3.7/site-packages/airflow/example_dags/example_datasets.py
[2023-07-19T16:52:30.945+0000] {processor.py:826} INFO - Processing file /home/airflow/.local/lib/python3.7/site-packages/airflow/example_dags/example_datasets.py for tasks to queue
[2023-07-19T16:52:30.945+0000] {logging_mixin.py:150} INFO - [2023-07-19T16:52:30.945+0000] {dagbag.py:541} INFO - Filling up the DagBag from /home/airflow/.local/lib/python3.7/site-packages/airflow/example_dags/example_datasets.py
[2023-07-19T16:52:30.951+0000] {processor.py:836} INFO - DAG(s) dict_keys(['dataset_consumes_1_and_2', 'dataset_produces_2', 'dataset_produces_1', 'dataset_consumes_1', 'dataset_consumes_1_never_scheduled', 'dataset_consumes_unknown_never_scheduled']) retrieved from /home/airflow/.local/lib/python3.7/site-packages/airflow/example_dags/example_datasets.py
[2023-07-19T16:52:30.999+0000] {logging_mixin.py:150} INFO - [2023-07-19T16:52:30.998+0000] {dag.py:2742} INFO - Sync 6 DAGs
[2023-07-19T16:52:31.027+0000] {logging_mixin.py:150} INFO - [2023-07-19T16:52:31.027+0000] {dag.py:3508} INFO - Setting next_dagrun for dataset_consumes_1 to None, run_after=None
[2023-07-19T16:52:31.029+0000] {logging_mixin.py:150} INFO - [2023-07-19T16:52:31.029+0000] {dag.py:3508} INFO - Setting next_dagrun for dataset_consumes_1_and_2 to None, run_after=None
[2023-07-19T16:52:31.030+0000] {logging_mixin.py:150} INFO - [2023-07-19T16:52:31.030+0000] {dag.py:3508} INFO - Setting next_dagrun for dataset_consumes_1_never_scheduled to None, run_after=None
[2023-07-19T16:52:31.030+0000] {logging_mixin.py:150} INFO - [2023-07-19T16:52:31.030+0000] {dag.py:3508} INFO - Setting next_dagrun for dataset_consumes_unknown_never_scheduled to None, run_after=None
[2023-07-19T16:52:31.032+0000] {logging_mixin.py:150} INFO - [2023-07-19T16:52:31.032+0000] {dag.py:3508} INFO - Setting next_dagrun for dataset_produces_1 to 2023-07-18T00:00:00+00:00, run_after=2023-07-19T00:00:00+00:00
[2023-07-19T16:52:31.037+0000] {logging_mixin.py:150} INFO - [2023-07-19T16:52:31.037+0000] {dag.py:3508} INFO - Setting next_dagrun for dataset_produces_2 to None, run_after=None
[2023-07-19T16:52:31.061+0000] {processor.py:179} INFO - Processing /home/airflow/.local/lib/python3.7/site-packages/airflow/example_dags/example_datasets.py took 0.121 seconds
