[2023-07-19T16:32:50.023+0000] {processor.py:157} INFO - Started process (PID=40) to work on /home/airflow/.local/lib/python3.7/site-packages/airflow/example_dags/example_bash_operator.py
[2023-07-19T16:32:50.023+0000] {processor.py:826} INFO - Processing file /home/airflow/.local/lib/python3.7/site-packages/airflow/example_dags/example_bash_operator.py for tasks to queue
[2023-07-19T16:32:50.024+0000] {logging_mixin.py:150} INFO - [2023-07-19T16:32:50.023+0000] {dagbag.py:541} INFO - Filling up the DagBag from /home/airflow/.local/lib/python3.7/site-packages/airflow/example_dags/example_bash_operator.py
[2023-07-19T16:32:50.045+0000] {processor.py:836} INFO - DAG(s) dict_keys(['example_bash_operator']) retrieved from /home/airflow/.local/lib/python3.7/site-packages/airflow/example_dags/example_bash_operator.py
[2023-07-19T16:32:50.061+0000] {logging_mixin.py:150} INFO - [2023-07-19T16:32:50.061+0000] {dag.py:2742} INFO - Sync 1 DAGs
[2023-07-19T16:32:50.084+0000] {logging_mixin.py:150} INFO - [2023-07-19T16:32:50.084+0000] {dag.py:3508} INFO - Setting next_dagrun for example_bash_operator to 2023-07-18T00:00:00+00:00, run_after=2023-07-19T00:00:00+00:00
[2023-07-19T16:32:50.108+0000] {processor.py:179} INFO - Processing /home/airflow/.local/lib/python3.7/site-packages/airflow/example_dags/example_bash_operator.py took 0.087 seconds
[2023-07-19T16:33:20.341+0000] {processor.py:157} INFO - Started process (PID=95) to work on /home/airflow/.local/lib/python3.7/site-packages/airflow/example_dags/example_bash_operator.py
[2023-07-19T16:33:20.349+0000] {processor.py:826} INFO - Processing file /home/airflow/.local/lib/python3.7/site-packages/airflow/example_dags/example_bash_operator.py for tasks to queue
[2023-07-19T16:33:20.349+0000] {logging_mixin.py:150} INFO - [2023-07-19T16:33:20.349+0000] {dagbag.py:541} INFO - Filling up the DagBag from /home/airflow/.local/lib/python3.7/site-packages/airflow/example_dags/example_bash_operator.py
[2023-07-19T16:33:20.365+0000] {processor.py:836} INFO - DAG(s) dict_keys(['example_bash_operator']) retrieved from /home/airflow/.local/lib/python3.7/site-packages/airflow/example_dags/example_bash_operator.py
[2023-07-19T16:33:20.433+0000] {logging_mixin.py:150} INFO - [2023-07-19T16:33:20.433+0000] {dag.py:2742} INFO - Sync 1 DAGs
[2023-07-19T16:33:20.458+0000] {logging_mixin.py:150} INFO - [2023-07-19T16:33:20.458+0000] {dag.py:3508} INFO - Setting next_dagrun for example_bash_operator to 2023-07-18T00:00:00+00:00, run_after=2023-07-19T00:00:00+00:00
[2023-07-19T16:33:20.482+0000] {processor.py:179} INFO - Processing /home/airflow/.local/lib/python3.7/site-packages/airflow/example_dags/example_bash_operator.py took 0.148 seconds
[2023-07-19T16:33:50.754+0000] {processor.py:157} INFO - Started process (PID=151) to work on /home/airflow/.local/lib/python3.7/site-packages/airflow/example_dags/example_bash_operator.py
[2023-07-19T16:33:50.754+0000] {processor.py:826} INFO - Processing file /home/airflow/.local/lib/python3.7/site-packages/airflow/example_dags/example_bash_operator.py for tasks to queue
[2023-07-19T16:33:50.755+0000] {logging_mixin.py:150} INFO - [2023-07-19T16:33:50.755+0000] {dagbag.py:541} INFO - Filling up the DagBag from /home/airflow/.local/lib/python3.7/site-packages/airflow/example_dags/example_bash_operator.py
[2023-07-19T16:33:50.763+0000] {processor.py:836} INFO - DAG(s) dict_keys(['example_bash_operator']) retrieved from /home/airflow/.local/lib/python3.7/site-packages/airflow/example_dags/example_bash_operator.py
[2023-07-19T16:33:50.784+0000] {logging_mixin.py:150} INFO - [2023-07-19T16:33:50.783+0000] {dag.py:2742} INFO - Sync 1 DAGs
[2023-07-19T16:33:50.802+0000] {logging_mixin.py:150} INFO - [2023-07-19T16:33:50.802+0000] {dag.py:3508} INFO - Setting next_dagrun for example_bash_operator to 2023-07-18T00:00:00+00:00, run_after=2023-07-19T00:00:00+00:00
[2023-07-19T16:33:50.812+0000] {processor.py:179} INFO - Processing /home/airflow/.local/lib/python3.7/site-packages/airflow/example_dags/example_bash_operator.py took 0.060 seconds
[2023-07-19T16:34:21.799+0000] {processor.py:157} INFO - Started process (PID=205) to work on /home/airflow/.local/lib/python3.7/site-packages/airflow/example_dags/example_bash_operator.py
[2023-07-19T16:34:21.799+0000] {processor.py:826} INFO - Processing file /home/airflow/.local/lib/python3.7/site-packages/airflow/example_dags/example_bash_operator.py for tasks to queue
[2023-07-19T16:34:21.800+0000] {logging_mixin.py:150} INFO - [2023-07-19T16:34:21.799+0000] {dagbag.py:541} INFO - Filling up the DagBag from /home/airflow/.local/lib/python3.7/site-packages/airflow/example_dags/example_bash_operator.py
[2023-07-19T16:34:21.810+0000] {processor.py:836} INFO - DAG(s) dict_keys(['example_bash_operator']) retrieved from /home/airflow/.local/lib/python3.7/site-packages/airflow/example_dags/example_bash_operator.py
[2023-07-19T16:34:21.835+0000] {logging_mixin.py:150} INFO - [2023-07-19T16:34:21.835+0000] {dag.py:2742} INFO - Sync 1 DAGs
[2023-07-19T16:34:21.850+0000] {logging_mixin.py:150} INFO - [2023-07-19T16:34:21.850+0000] {dag.py:3508} INFO - Setting next_dagrun for example_bash_operator to 2023-07-18T00:00:00+00:00, run_after=2023-07-19T00:00:00+00:00
[2023-07-19T16:34:21.868+0000] {processor.py:179} INFO - Processing /home/airflow/.local/lib/python3.7/site-packages/airflow/example_dags/example_bash_operator.py took 0.071 seconds
[2023-07-19T16:34:52.528+0000] {processor.py:157} INFO - Started process (PID=260) to work on /home/airflow/.local/lib/python3.7/site-packages/airflow/example_dags/example_bash_operator.py
[2023-07-19T16:34:52.528+0000] {processor.py:826} INFO - Processing file /home/airflow/.local/lib/python3.7/site-packages/airflow/example_dags/example_bash_operator.py for tasks to queue
[2023-07-19T16:34:52.529+0000] {logging_mixin.py:150} INFO - [2023-07-19T16:34:52.529+0000] {dagbag.py:541} INFO - Filling up the DagBag from /home/airflow/.local/lib/python3.7/site-packages/airflow/example_dags/example_bash_operator.py
[2023-07-19T16:34:52.537+0000] {processor.py:836} INFO - DAG(s) dict_keys(['example_bash_operator']) retrieved from /home/airflow/.local/lib/python3.7/site-packages/airflow/example_dags/example_bash_operator.py
[2023-07-19T16:34:52.556+0000] {logging_mixin.py:150} INFO - [2023-07-19T16:34:52.556+0000] {dag.py:2742} INFO - Sync 1 DAGs
[2023-07-19T16:34:52.569+0000] {logging_mixin.py:150} INFO - [2023-07-19T16:34:52.569+0000] {dag.py:3508} INFO - Setting next_dagrun for example_bash_operator to 2023-07-18T00:00:00+00:00, run_after=2023-07-19T00:00:00+00:00
[2023-07-19T16:34:52.576+0000] {processor.py:179} INFO - Processing /home/airflow/.local/lib/python3.7/site-packages/airflow/example_dags/example_bash_operator.py took 0.050 seconds
[2023-07-19T16:35:23.678+0000] {processor.py:157} INFO - Started process (PID=315) to work on /home/airflow/.local/lib/python3.7/site-packages/airflow/example_dags/example_bash_operator.py
[2023-07-19T16:35:23.679+0000] {processor.py:826} INFO - Processing file /home/airflow/.local/lib/python3.7/site-packages/airflow/example_dags/example_bash_operator.py for tasks to queue
[2023-07-19T16:35:23.679+0000] {logging_mixin.py:150} INFO - [2023-07-19T16:35:23.679+0000] {dagbag.py:541} INFO - Filling up the DagBag from /home/airflow/.local/lib/python3.7/site-packages/airflow/example_dags/example_bash_operator.py
[2023-07-19T16:35:23.716+0000] {processor.py:836} INFO - DAG(s) dict_keys(['example_bash_operator']) retrieved from /home/airflow/.local/lib/python3.7/site-packages/airflow/example_dags/example_bash_operator.py
[2023-07-19T16:35:23.730+0000] {logging_mixin.py:150} INFO - [2023-07-19T16:35:23.730+0000] {dag.py:2742} INFO - Sync 1 DAGs
[2023-07-19T16:35:23.764+0000] {logging_mixin.py:150} INFO - [2023-07-19T16:35:23.764+0000] {dag.py:3508} INFO - Setting next_dagrun for example_bash_operator to 2023-07-18T00:00:00+00:00, run_after=2023-07-19T00:00:00+00:00
[2023-07-19T16:35:23.773+0000] {processor.py:179} INFO - Processing /home/airflow/.local/lib/python3.7/site-packages/airflow/example_dags/example_bash_operator.py took 0.105 seconds
[2023-07-19T16:35:54.052+0000] {processor.py:157} INFO - Started process (PID=371) to work on /home/airflow/.local/lib/python3.7/site-packages/airflow/example_dags/example_bash_operator.py
[2023-07-19T16:35:54.053+0000] {processor.py:826} INFO - Processing file /home/airflow/.local/lib/python3.7/site-packages/airflow/example_dags/example_bash_operator.py for tasks to queue
[2023-07-19T16:35:54.053+0000] {logging_mixin.py:150} INFO - [2023-07-19T16:35:54.053+0000] {dagbag.py:541} INFO - Filling up the DagBag from /home/airflow/.local/lib/python3.7/site-packages/airflow/example_dags/example_bash_operator.py
[2023-07-19T16:35:54.063+0000] {processor.py:836} INFO - DAG(s) dict_keys(['example_bash_operator']) retrieved from /home/airflow/.local/lib/python3.7/site-packages/airflow/example_dags/example_bash_operator.py
[2023-07-19T16:35:54.088+0000] {logging_mixin.py:150} INFO - [2023-07-19T16:35:54.088+0000] {dag.py:2742} INFO - Sync 1 DAGs
[2023-07-19T16:35:54.101+0000] {logging_mixin.py:150} INFO - [2023-07-19T16:35:54.101+0000] {dag.py:3508} INFO - Setting next_dagrun for example_bash_operator to 2023-07-18T00:00:00+00:00, run_after=2023-07-19T00:00:00+00:00
[2023-07-19T16:35:54.110+0000] {processor.py:179} INFO - Processing /home/airflow/.local/lib/python3.7/site-packages/airflow/example_dags/example_bash_operator.py took 0.060 seconds
[2023-07-19T16:36:24.676+0000] {processor.py:157} INFO - Started process (PID=426) to work on /home/airflow/.local/lib/python3.7/site-packages/airflow/example_dags/example_bash_operator.py
[2023-07-19T16:36:24.677+0000] {processor.py:826} INFO - Processing file /home/airflow/.local/lib/python3.7/site-packages/airflow/example_dags/example_bash_operator.py for tasks to queue
[2023-07-19T16:36:24.677+0000] {logging_mixin.py:150} INFO - [2023-07-19T16:36:24.677+0000] {dagbag.py:541} INFO - Filling up the DagBag from /home/airflow/.local/lib/python3.7/site-packages/airflow/example_dags/example_bash_operator.py
[2023-07-19T16:36:24.690+0000] {processor.py:836} INFO - DAG(s) dict_keys(['example_bash_operator']) retrieved from /home/airflow/.local/lib/python3.7/site-packages/airflow/example_dags/example_bash_operator.py
[2023-07-19T16:36:24.718+0000] {logging_mixin.py:150} INFO - [2023-07-19T16:36:24.718+0000] {dag.py:2742} INFO - Sync 1 DAGs
[2023-07-19T16:36:24.740+0000] {logging_mixin.py:150} INFO - [2023-07-19T16:36:24.740+0000] {dag.py:3508} INFO - Setting next_dagrun for example_bash_operator to 2023-07-18T00:00:00+00:00, run_after=2023-07-19T00:00:00+00:00
[2023-07-19T16:36:24.750+0000] {processor.py:179} INFO - Processing /home/airflow/.local/lib/python3.7/site-packages/airflow/example_dags/example_bash_operator.py took 0.075 seconds
[2023-07-19T16:36:55.016+0000] {processor.py:157} INFO - Started process (PID=481) to work on /home/airflow/.local/lib/python3.7/site-packages/airflow/example_dags/example_bash_operator.py
[2023-07-19T16:36:55.024+0000] {processor.py:826} INFO - Processing file /home/airflow/.local/lib/python3.7/site-packages/airflow/example_dags/example_bash_operator.py for tasks to queue
[2023-07-19T16:36:55.025+0000] {logging_mixin.py:150} INFO - [2023-07-19T16:36:55.025+0000] {dagbag.py:541} INFO - Filling up the DagBag from /home/airflow/.local/lib/python3.7/site-packages/airflow/example_dags/example_bash_operator.py
[2023-07-19T16:36:55.038+0000] {processor.py:836} INFO - DAG(s) dict_keys(['example_bash_operator']) retrieved from /home/airflow/.local/lib/python3.7/site-packages/airflow/example_dags/example_bash_operator.py
[2023-07-19T16:36:55.097+0000] {logging_mixin.py:150} INFO - [2023-07-19T16:36:55.097+0000] {dag.py:2742} INFO - Sync 1 DAGs
[2023-07-19T16:36:55.129+0000] {logging_mixin.py:150} INFO - [2023-07-19T16:36:55.129+0000] {dag.py:3508} INFO - Setting next_dagrun for example_bash_operator to 2023-07-18T00:00:00+00:00, run_after=2023-07-19T00:00:00+00:00
[2023-07-19T16:36:55.149+0000] {processor.py:179} INFO - Processing /home/airflow/.local/lib/python3.7/site-packages/airflow/example_dags/example_bash_operator.py took 0.134 seconds
[2023-07-19T16:37:26.066+0000] {processor.py:157} INFO - Started process (PID=536) to work on /home/airflow/.local/lib/python3.7/site-packages/airflow/example_dags/example_bash_operator.py
[2023-07-19T16:37:26.067+0000] {processor.py:826} INFO - Processing file /home/airflow/.local/lib/python3.7/site-packages/airflow/example_dags/example_bash_operator.py for tasks to queue
[2023-07-19T16:37:26.073+0000] {logging_mixin.py:150} INFO - [2023-07-19T16:37:26.069+0000] {dagbag.py:541} INFO - Filling up the DagBag from /home/airflow/.local/lib/python3.7/site-packages/airflow/example_dags/example_bash_operator.py
[2023-07-19T16:37:26.105+0000] {processor.py:836} INFO - DAG(s) dict_keys(['example_bash_operator']) retrieved from /home/airflow/.local/lib/python3.7/site-packages/airflow/example_dags/example_bash_operator.py
[2023-07-19T16:37:26.139+0000] {logging_mixin.py:150} INFO - [2023-07-19T16:37:26.138+0000] {dag.py:2742} INFO - Sync 1 DAGs
[2023-07-19T16:37:26.169+0000] {logging_mixin.py:150} INFO - [2023-07-19T16:37:26.169+0000] {dag.py:3508} INFO - Setting next_dagrun for example_bash_operator to 2023-07-18T00:00:00+00:00, run_after=2023-07-19T00:00:00+00:00
[2023-07-19T16:37:26.187+0000] {processor.py:179} INFO - Processing /home/airflow/.local/lib/python3.7/site-packages/airflow/example_dags/example_bash_operator.py took 0.123 seconds
[2023-07-19T16:37:56.467+0000] {processor.py:157} INFO - Started process (PID=591) to work on /home/airflow/.local/lib/python3.7/site-packages/airflow/example_dags/example_bash_operator.py
[2023-07-19T16:37:56.468+0000] {processor.py:826} INFO - Processing file /home/airflow/.local/lib/python3.7/site-packages/airflow/example_dags/example_bash_operator.py for tasks to queue
[2023-07-19T16:37:56.468+0000] {logging_mixin.py:150} INFO - [2023-07-19T16:37:56.468+0000] {dagbag.py:541} INFO - Filling up the DagBag from /home/airflow/.local/lib/python3.7/site-packages/airflow/example_dags/example_bash_operator.py
[2023-07-19T16:37:56.478+0000] {processor.py:836} INFO - DAG(s) dict_keys(['example_bash_operator']) retrieved from /home/airflow/.local/lib/python3.7/site-packages/airflow/example_dags/example_bash_operator.py
[2023-07-19T16:37:56.501+0000] {logging_mixin.py:150} INFO - [2023-07-19T16:37:56.501+0000] {dag.py:2742} INFO - Sync 1 DAGs
[2023-07-19T16:37:56.513+0000] {logging_mixin.py:150} INFO - [2023-07-19T16:37:56.513+0000] {dag.py:3508} INFO - Setting next_dagrun for example_bash_operator to 2023-07-18T00:00:00+00:00, run_after=2023-07-19T00:00:00+00:00
[2023-07-19T16:37:56.522+0000] {processor.py:179} INFO - Processing /home/airflow/.local/lib/python3.7/site-packages/airflow/example_dags/example_bash_operator.py took 0.056 seconds
[2023-07-19T16:38:26.614+0000] {processor.py:157} INFO - Started process (PID=646) to work on /home/airflow/.local/lib/python3.7/site-packages/airflow/example_dags/example_bash_operator.py
[2023-07-19T16:38:26.618+0000] {processor.py:826} INFO - Processing file /home/airflow/.local/lib/python3.7/site-packages/airflow/example_dags/example_bash_operator.py for tasks to queue
[2023-07-19T16:38:26.618+0000] {logging_mixin.py:150} INFO - [2023-07-19T16:38:26.618+0000] {dagbag.py:541} INFO - Filling up the DagBag from /home/airflow/.local/lib/python3.7/site-packages/airflow/example_dags/example_bash_operator.py
[2023-07-19T16:38:26.638+0000] {processor.py:836} INFO - DAG(s) dict_keys(['example_bash_operator']) retrieved from /home/airflow/.local/lib/python3.7/site-packages/airflow/example_dags/example_bash_operator.py
[2023-07-19T16:38:26.672+0000] {logging_mixin.py:150} INFO - [2023-07-19T16:38:26.672+0000] {dag.py:2742} INFO - Sync 1 DAGs
[2023-07-19T16:38:26.691+0000] {logging_mixin.py:150} INFO - [2023-07-19T16:38:26.691+0000] {dag.py:3508} INFO - Setting next_dagrun for example_bash_operator to 2023-07-18T00:00:00+00:00, run_after=2023-07-19T00:00:00+00:00
[2023-07-19T16:38:26.717+0000] {processor.py:179} INFO - Processing /home/airflow/.local/lib/python3.7/site-packages/airflow/example_dags/example_bash_operator.py took 0.104 seconds
[2023-07-19T16:38:56.767+0000] {processor.py:157} INFO - Started process (PID=701) to work on /home/airflow/.local/lib/python3.7/site-packages/airflow/example_dags/example_bash_operator.py
[2023-07-19T16:38:56.768+0000] {processor.py:826} INFO - Processing file /home/airflow/.local/lib/python3.7/site-packages/airflow/example_dags/example_bash_operator.py for tasks to queue
[2023-07-19T16:38:56.769+0000] {logging_mixin.py:150} INFO - [2023-07-19T16:38:56.768+0000] {dagbag.py:541} INFO - Filling up the DagBag from /home/airflow/.local/lib/python3.7/site-packages/airflow/example_dags/example_bash_operator.py
[2023-07-19T16:38:56.784+0000] {processor.py:836} INFO - DAG(s) dict_keys(['example_bash_operator']) retrieved from /home/airflow/.local/lib/python3.7/site-packages/airflow/example_dags/example_bash_operator.py
[2023-07-19T16:38:56.835+0000] {logging_mixin.py:150} INFO - [2023-07-19T16:38:56.834+0000] {dag.py:2742} INFO - Sync 1 DAGs
[2023-07-19T16:38:56.861+0000] {logging_mixin.py:150} INFO - [2023-07-19T16:38:56.861+0000] {dag.py:3508} INFO - Setting next_dagrun for example_bash_operator to 2023-07-18T00:00:00+00:00, run_after=2023-07-19T00:00:00+00:00
[2023-07-19T16:38:56.877+0000] {processor.py:179} INFO - Processing /home/airflow/.local/lib/python3.7/site-packages/airflow/example_dags/example_bash_operator.py took 0.112 seconds
[2023-07-19T16:39:27.164+0000] {processor.py:157} INFO - Started process (PID=756) to work on /home/airflow/.local/lib/python3.7/site-packages/airflow/example_dags/example_bash_operator.py
[2023-07-19T16:39:27.164+0000] {processor.py:826} INFO - Processing file /home/airflow/.local/lib/python3.7/site-packages/airflow/example_dags/example_bash_operator.py for tasks to queue
[2023-07-19T16:39:27.164+0000] {logging_mixin.py:150} INFO - [2023-07-19T16:39:27.164+0000] {dagbag.py:541} INFO - Filling up the DagBag from /home/airflow/.local/lib/python3.7/site-packages/airflow/example_dags/example_bash_operator.py
[2023-07-19T16:39:27.175+0000] {processor.py:836} INFO - DAG(s) dict_keys(['example_bash_operator']) retrieved from /home/airflow/.local/lib/python3.7/site-packages/airflow/example_dags/example_bash_operator.py
[2023-07-19T16:39:27.195+0000] {logging_mixin.py:150} INFO - [2023-07-19T16:39:27.194+0000] {dag.py:2742} INFO - Sync 1 DAGs
[2023-07-19T16:39:27.211+0000] {logging_mixin.py:150} INFO - [2023-07-19T16:39:27.211+0000] {dag.py:3508} INFO - Setting next_dagrun for example_bash_operator to 2023-07-18T00:00:00+00:00, run_after=2023-07-19T00:00:00+00:00
[2023-07-19T16:39:27.220+0000] {processor.py:179} INFO - Processing /home/airflow/.local/lib/python3.7/site-packages/airflow/example_dags/example_bash_operator.py took 0.059 seconds
[2023-07-19T16:40:04.345+0000] {processor.py:157} INFO - Started process (PID=811) to work on /home/airflow/.local/lib/python3.7/site-packages/airflow/example_dags/example_bash_operator.py
[2023-07-19T16:40:04.368+0000] {processor.py:826} INFO - Processing file /home/airflow/.local/lib/python3.7/site-packages/airflow/example_dags/example_bash_operator.py for tasks to queue
[2023-07-19T16:40:04.393+0000] {logging_mixin.py:150} INFO - [2023-07-19T16:40:04.369+0000] {dagbag.py:541} INFO - Filling up the DagBag from /home/airflow/.local/lib/python3.7/site-packages/airflow/example_dags/example_bash_operator.py
[2023-07-19T16:40:04.608+0000] {processor.py:836} INFO - DAG(s) dict_keys(['example_bash_operator']) retrieved from /home/airflow/.local/lib/python3.7/site-packages/airflow/example_dags/example_bash_operator.py
[2023-07-19T16:40:04.758+0000] {logging_mixin.py:150} INFO - [2023-07-19T16:40:04.758+0000] {dag.py:2742} INFO - Sync 1 DAGs
[2023-07-19T16:40:04.967+0000] {logging_mixin.py:150} INFO - [2023-07-19T16:40:04.967+0000] {dag.py:3508} INFO - Setting next_dagrun for example_bash_operator to 2023-07-18T00:00:00+00:00, run_after=2023-07-19T00:00:00+00:00
[2023-07-19T16:40:05.186+0000] {processor.py:179} INFO - Processing /home/airflow/.local/lib/python3.7/site-packages/airflow/example_dags/example_bash_operator.py took 0.876 seconds
[2023-07-19T16:40:35.702+0000] {processor.py:157} INFO - Started process (PID=866) to work on /home/airflow/.local/lib/python3.7/site-packages/airflow/example_dags/example_bash_operator.py
[2023-07-19T16:40:35.707+0000] {processor.py:826} INFO - Processing file /home/airflow/.local/lib/python3.7/site-packages/airflow/example_dags/example_bash_operator.py for tasks to queue
[2023-07-19T16:40:35.707+0000] {logging_mixin.py:150} INFO - [2023-07-19T16:40:35.707+0000] {dagbag.py:541} INFO - Filling up the DagBag from /home/airflow/.local/lib/python3.7/site-packages/airflow/example_dags/example_bash_operator.py
[2023-07-19T16:40:35.740+0000] {processor.py:836} INFO - DAG(s) dict_keys(['example_bash_operator']) retrieved from /home/airflow/.local/lib/python3.7/site-packages/airflow/example_dags/example_bash_operator.py
[2023-07-19T16:40:35.843+0000] {logging_mixin.py:150} INFO - [2023-07-19T16:40:35.843+0000] {dag.py:2742} INFO - Sync 1 DAGs
[2023-07-19T16:40:35.887+0000] {logging_mixin.py:150} INFO - [2023-07-19T16:40:35.887+0000] {dag.py:3508} INFO - Setting next_dagrun for example_bash_operator to 2023-07-18T00:00:00+00:00, run_after=2023-07-19T00:00:00+00:00
[2023-07-19T16:40:35.922+0000] {processor.py:179} INFO - Processing /home/airflow/.local/lib/python3.7/site-packages/airflow/example_dags/example_bash_operator.py took 0.222 seconds
[2023-07-19T16:41:05.976+0000] {processor.py:157} INFO - Started process (PID=920) to work on /home/airflow/.local/lib/python3.7/site-packages/airflow/example_dags/example_bash_operator.py
[2023-07-19T16:41:05.977+0000] {processor.py:826} INFO - Processing file /home/airflow/.local/lib/python3.7/site-packages/airflow/example_dags/example_bash_operator.py for tasks to queue
[2023-07-19T16:41:05.978+0000] {logging_mixin.py:150} INFO - [2023-07-19T16:41:05.978+0000] {dagbag.py:541} INFO - Filling up the DagBag from /home/airflow/.local/lib/python3.7/site-packages/airflow/example_dags/example_bash_operator.py
[2023-07-19T16:41:05.992+0000] {processor.py:836} INFO - DAG(s) dict_keys(['example_bash_operator']) retrieved from /home/airflow/.local/lib/python3.7/site-packages/airflow/example_dags/example_bash_operator.py
[2023-07-19T16:41:06.024+0000] {logging_mixin.py:150} INFO - [2023-07-19T16:41:06.024+0000] {dag.py:2742} INFO - Sync 1 DAGs
[2023-07-19T16:41:06.038+0000] {logging_mixin.py:150} INFO - [2023-07-19T16:41:06.038+0000] {dag.py:3508} INFO - Setting next_dagrun for example_bash_operator to 2023-07-18T00:00:00+00:00, run_after=2023-07-19T00:00:00+00:00
[2023-07-19T16:41:06.047+0000] {processor.py:179} INFO - Processing /home/airflow/.local/lib/python3.7/site-packages/airflow/example_dags/example_bash_operator.py took 0.073 seconds
[2023-07-19T16:41:36.165+0000] {processor.py:157} INFO - Started process (PID=975) to work on /home/airflow/.local/lib/python3.7/site-packages/airflow/example_dags/example_bash_operator.py
[2023-07-19T16:41:36.166+0000] {processor.py:826} INFO - Processing file /home/airflow/.local/lib/python3.7/site-packages/airflow/example_dags/example_bash_operator.py for tasks to queue
[2023-07-19T16:41:36.167+0000] {logging_mixin.py:150} INFO - [2023-07-19T16:41:36.167+0000] {dagbag.py:541} INFO - Filling up the DagBag from /home/airflow/.local/lib/python3.7/site-packages/airflow/example_dags/example_bash_operator.py
[2023-07-19T16:41:36.219+0000] {processor.py:836} INFO - DAG(s) dict_keys(['example_bash_operator']) retrieved from /home/airflow/.local/lib/python3.7/site-packages/airflow/example_dags/example_bash_operator.py
[2023-07-19T16:41:36.259+0000] {logging_mixin.py:150} INFO - [2023-07-19T16:41:36.259+0000] {dag.py:2742} INFO - Sync 1 DAGs
[2023-07-19T16:41:36.280+0000] {logging_mixin.py:150} INFO - [2023-07-19T16:41:36.280+0000] {dag.py:3508} INFO - Setting next_dagrun for example_bash_operator to 2023-07-18T00:00:00+00:00, run_after=2023-07-19T00:00:00+00:00
[2023-07-19T16:41:36.290+0000] {processor.py:179} INFO - Processing /home/airflow/.local/lib/python3.7/site-packages/airflow/example_dags/example_bash_operator.py took 0.127 seconds
[2023-07-19T16:42:06.784+0000] {processor.py:157} INFO - Started process (PID=1030) to work on /home/airflow/.local/lib/python3.7/site-packages/airflow/example_dags/example_bash_operator.py
[2023-07-19T16:42:06.792+0000] {processor.py:826} INFO - Processing file /home/airflow/.local/lib/python3.7/site-packages/airflow/example_dags/example_bash_operator.py for tasks to queue
[2023-07-19T16:42:06.792+0000] {logging_mixin.py:150} INFO - [2023-07-19T16:42:06.792+0000] {dagbag.py:541} INFO - Filling up the DagBag from /home/airflow/.local/lib/python3.7/site-packages/airflow/example_dags/example_bash_operator.py
[2023-07-19T16:42:06.800+0000] {processor.py:836} INFO - DAG(s) dict_keys(['example_bash_operator']) retrieved from /home/airflow/.local/lib/python3.7/site-packages/airflow/example_dags/example_bash_operator.py
[2023-07-19T16:42:06.842+0000] {logging_mixin.py:150} INFO - [2023-07-19T16:42:06.842+0000] {dag.py:2742} INFO - Sync 1 DAGs
[2023-07-19T16:42:06.887+0000] {logging_mixin.py:150} INFO - [2023-07-19T16:42:06.886+0000] {dag.py:3508} INFO - Setting next_dagrun for example_bash_operator to 2023-07-18T00:00:00+00:00, run_after=2023-07-19T00:00:00+00:00
[2023-07-19T16:42:06.933+0000] {processor.py:179} INFO - Processing /home/airflow/.local/lib/python3.7/site-packages/airflow/example_dags/example_bash_operator.py took 0.157 seconds
[2023-07-19T16:42:37.284+0000] {processor.py:157} INFO - Started process (PID=1084) to work on /home/airflow/.local/lib/python3.7/site-packages/airflow/example_dags/example_bash_operator.py
[2023-07-19T16:42:37.284+0000] {processor.py:826} INFO - Processing file /home/airflow/.local/lib/python3.7/site-packages/airflow/example_dags/example_bash_operator.py for tasks to queue
[2023-07-19T16:42:37.288+0000] {logging_mixin.py:150} INFO - [2023-07-19T16:42:37.288+0000] {dagbag.py:541} INFO - Filling up the DagBag from /home/airflow/.local/lib/python3.7/site-packages/airflow/example_dags/example_bash_operator.py
[2023-07-19T16:42:37.297+0000] {processor.py:836} INFO - DAG(s) dict_keys(['example_bash_operator']) retrieved from /home/airflow/.local/lib/python3.7/site-packages/airflow/example_dags/example_bash_operator.py
[2023-07-19T16:42:37.316+0000] {logging_mixin.py:150} INFO - [2023-07-19T16:42:37.316+0000] {dag.py:2742} INFO - Sync 1 DAGs
[2023-07-19T16:42:37.329+0000] {logging_mixin.py:150} INFO - [2023-07-19T16:42:37.329+0000] {dag.py:3508} INFO - Setting next_dagrun for example_bash_operator to 2023-07-18T00:00:00+00:00, run_after=2023-07-19T00:00:00+00:00
[2023-07-19T16:42:37.337+0000] {processor.py:179} INFO - Processing /home/airflow/.local/lib/python3.7/site-packages/airflow/example_dags/example_bash_operator.py took 0.055 seconds
[2023-07-19T16:43:07.874+0000] {processor.py:157} INFO - Started process (PID=1139) to work on /home/airflow/.local/lib/python3.7/site-packages/airflow/example_dags/example_bash_operator.py
[2023-07-19T16:43:07.874+0000] {processor.py:826} INFO - Processing file /home/airflow/.local/lib/python3.7/site-packages/airflow/example_dags/example_bash_operator.py for tasks to queue
[2023-07-19T16:43:07.875+0000] {logging_mixin.py:150} INFO - [2023-07-19T16:43:07.874+0000] {dagbag.py:541} INFO - Filling up the DagBag from /home/airflow/.local/lib/python3.7/site-packages/airflow/example_dags/example_bash_operator.py
[2023-07-19T16:43:07.893+0000] {processor.py:836} INFO - DAG(s) dict_keys(['example_bash_operator']) retrieved from /home/airflow/.local/lib/python3.7/site-packages/airflow/example_dags/example_bash_operator.py
[2023-07-19T16:43:07.914+0000] {logging_mixin.py:150} INFO - [2023-07-19T16:43:07.913+0000] {dag.py:2742} INFO - Sync 1 DAGs
[2023-07-19T16:43:07.927+0000] {logging_mixin.py:150} INFO - [2023-07-19T16:43:07.927+0000] {dag.py:3508} INFO - Setting next_dagrun for example_bash_operator to 2023-07-18T00:00:00+00:00, run_after=2023-07-19T00:00:00+00:00
[2023-07-19T16:43:07.937+0000] {processor.py:179} INFO - Processing /home/airflow/.local/lib/python3.7/site-packages/airflow/example_dags/example_bash_operator.py took 0.067 seconds
[2023-07-19T16:43:38.479+0000] {processor.py:157} INFO - Started process (PID=1195) to work on /home/airflow/.local/lib/python3.7/site-packages/airflow/example_dags/example_bash_operator.py
[2023-07-19T16:43:38.480+0000] {processor.py:826} INFO - Processing file /home/airflow/.local/lib/python3.7/site-packages/airflow/example_dags/example_bash_operator.py for tasks to queue
[2023-07-19T16:43:38.480+0000] {logging_mixin.py:150} INFO - [2023-07-19T16:43:38.480+0000] {dagbag.py:541} INFO - Filling up the DagBag from /home/airflow/.local/lib/python3.7/site-packages/airflow/example_dags/example_bash_operator.py
[2023-07-19T16:43:38.488+0000] {processor.py:836} INFO - DAG(s) dict_keys(['example_bash_operator']) retrieved from /home/airflow/.local/lib/python3.7/site-packages/airflow/example_dags/example_bash_operator.py
[2023-07-19T16:43:38.508+0000] {logging_mixin.py:150} INFO - [2023-07-19T16:43:38.508+0000] {dag.py:2742} INFO - Sync 1 DAGs
[2023-07-19T16:43:38.520+0000] {logging_mixin.py:150} INFO - [2023-07-19T16:43:38.520+0000] {dag.py:3508} INFO - Setting next_dagrun for example_bash_operator to 2023-07-18T00:00:00+00:00, run_after=2023-07-19T00:00:00+00:00
[2023-07-19T16:43:38.527+0000] {processor.py:179} INFO - Processing /home/airflow/.local/lib/python3.7/site-packages/airflow/example_dags/example_bash_operator.py took 0.050 seconds
[2023-07-19T16:44:08.849+0000] {processor.py:157} INFO - Started process (PID=1250) to work on /home/airflow/.local/lib/python3.7/site-packages/airflow/example_dags/example_bash_operator.py
[2023-07-19T16:44:08.853+0000] {processor.py:826} INFO - Processing file /home/airflow/.local/lib/python3.7/site-packages/airflow/example_dags/example_bash_operator.py for tasks to queue
[2023-07-19T16:44:08.853+0000] {logging_mixin.py:150} INFO - [2023-07-19T16:44:08.853+0000] {dagbag.py:541} INFO - Filling up the DagBag from /home/airflow/.local/lib/python3.7/site-packages/airflow/example_dags/example_bash_operator.py
[2023-07-19T16:44:08.871+0000] {processor.py:836} INFO - DAG(s) dict_keys(['example_bash_operator']) retrieved from /home/airflow/.local/lib/python3.7/site-packages/airflow/example_dags/example_bash_operator.py
[2023-07-19T16:44:08.923+0000] {logging_mixin.py:150} INFO - [2023-07-19T16:44:08.923+0000] {dag.py:2742} INFO - Sync 1 DAGs
[2023-07-19T16:44:08.950+0000] {logging_mixin.py:150} INFO - [2023-07-19T16:44:08.950+0000] {dag.py:3508} INFO - Setting next_dagrun for example_bash_operator to 2023-07-18T00:00:00+00:00, run_after=2023-07-19T00:00:00+00:00
[2023-07-19T16:44:08.967+0000] {processor.py:179} INFO - Processing /home/airflow/.local/lib/python3.7/site-packages/airflow/example_dags/example_bash_operator.py took 0.124 seconds
[2023-07-19T16:44:39.195+0000] {processor.py:157} INFO - Started process (PID=1305) to work on /home/airflow/.local/lib/python3.7/site-packages/airflow/example_dags/example_bash_operator.py
[2023-07-19T16:44:39.195+0000] {processor.py:826} INFO - Processing file /home/airflow/.local/lib/python3.7/site-packages/airflow/example_dags/example_bash_operator.py for tasks to queue
[2023-07-19T16:44:39.196+0000] {logging_mixin.py:150} INFO - [2023-07-19T16:44:39.195+0000] {dagbag.py:541} INFO - Filling up the DagBag from /home/airflow/.local/lib/python3.7/site-packages/airflow/example_dags/example_bash_operator.py
[2023-07-19T16:44:39.206+0000] {processor.py:836} INFO - DAG(s) dict_keys(['example_bash_operator']) retrieved from /home/airflow/.local/lib/python3.7/site-packages/airflow/example_dags/example_bash_operator.py
[2023-07-19T16:44:39.236+0000] {logging_mixin.py:150} INFO - [2023-07-19T16:44:39.235+0000] {dag.py:2742} INFO - Sync 1 DAGs
[2023-07-19T16:44:39.260+0000] {logging_mixin.py:150} INFO - [2023-07-19T16:44:39.260+0000] {dag.py:3508} INFO - Setting next_dagrun for example_bash_operator to 2023-07-18T00:00:00+00:00, run_after=2023-07-19T00:00:00+00:00
[2023-07-19T16:44:39.272+0000] {processor.py:179} INFO - Processing /home/airflow/.local/lib/python3.7/site-packages/airflow/example_dags/example_bash_operator.py took 0.079 seconds
[2023-07-19T16:45:09.596+0000] {processor.py:157} INFO - Started process (PID=1360) to work on /home/airflow/.local/lib/python3.7/site-packages/airflow/example_dags/example_bash_operator.py
[2023-07-19T16:45:09.596+0000] {processor.py:826} INFO - Processing file /home/airflow/.local/lib/python3.7/site-packages/airflow/example_dags/example_bash_operator.py for tasks to queue
[2023-07-19T16:45:09.597+0000] {logging_mixin.py:150} INFO - [2023-07-19T16:45:09.597+0000] {dagbag.py:541} INFO - Filling up the DagBag from /home/airflow/.local/lib/python3.7/site-packages/airflow/example_dags/example_bash_operator.py
[2023-07-19T16:45:09.611+0000] {processor.py:836} INFO - DAG(s) dict_keys(['example_bash_operator']) retrieved from /home/airflow/.local/lib/python3.7/site-packages/airflow/example_dags/example_bash_operator.py
[2023-07-19T16:45:09.667+0000] {logging_mixin.py:150} INFO - [2023-07-19T16:45:09.667+0000] {dag.py:2742} INFO - Sync 1 DAGs
[2023-07-19T16:45:09.710+0000] {logging_mixin.py:150} INFO - [2023-07-19T16:45:09.710+0000] {dag.py:3508} INFO - Setting next_dagrun for example_bash_operator to 2023-07-18T00:00:00+00:00, run_after=2023-07-19T00:00:00+00:00
[2023-07-19T16:45:09.725+0000] {processor.py:179} INFO - Processing /home/airflow/.local/lib/python3.7/site-packages/airflow/example_dags/example_bash_operator.py took 0.131 seconds
[2023-07-19T16:45:40.208+0000] {processor.py:157} INFO - Started process (PID=1415) to work on /home/airflow/.local/lib/python3.7/site-packages/airflow/example_dags/example_bash_operator.py
[2023-07-19T16:45:40.209+0000] {processor.py:826} INFO - Processing file /home/airflow/.local/lib/python3.7/site-packages/airflow/example_dags/example_bash_operator.py for tasks to queue
[2023-07-19T16:45:40.209+0000] {logging_mixin.py:150} INFO - [2023-07-19T16:45:40.209+0000] {dagbag.py:541} INFO - Filling up the DagBag from /home/airflow/.local/lib/python3.7/site-packages/airflow/example_dags/example_bash_operator.py
[2023-07-19T16:45:40.217+0000] {processor.py:836} INFO - DAG(s) dict_keys(['example_bash_operator']) retrieved from /home/airflow/.local/lib/python3.7/site-packages/airflow/example_dags/example_bash_operator.py
[2023-07-19T16:45:40.235+0000] {logging_mixin.py:150} INFO - [2023-07-19T16:45:40.235+0000] {dag.py:2742} INFO - Sync 1 DAGs
[2023-07-19T16:45:40.247+0000] {logging_mixin.py:150} INFO - [2023-07-19T16:45:40.247+0000] {dag.py:3508} INFO - Setting next_dagrun for example_bash_operator to 2023-07-18T00:00:00+00:00, run_after=2023-07-19T00:00:00+00:00
[2023-07-19T16:45:40.255+0000] {processor.py:179} INFO - Processing /home/airflow/.local/lib/python3.7/site-packages/airflow/example_dags/example_bash_operator.py took 0.049 seconds
[2023-07-19T16:46:11.065+0000] {processor.py:157} INFO - Started process (PID=1470) to work on /home/airflow/.local/lib/python3.7/site-packages/airflow/example_dags/example_bash_operator.py
[2023-07-19T16:46:11.069+0000] {processor.py:826} INFO - Processing file /home/airflow/.local/lib/python3.7/site-packages/airflow/example_dags/example_bash_operator.py for tasks to queue
[2023-07-19T16:46:11.070+0000] {logging_mixin.py:150} INFO - [2023-07-19T16:46:11.069+0000] {dagbag.py:541} INFO - Filling up the DagBag from /home/airflow/.local/lib/python3.7/site-packages/airflow/example_dags/example_bash_operator.py
[2023-07-19T16:46:11.078+0000] {processor.py:836} INFO - DAG(s) dict_keys(['example_bash_operator']) retrieved from /home/airflow/.local/lib/python3.7/site-packages/airflow/example_dags/example_bash_operator.py
[2023-07-19T16:46:11.106+0000] {logging_mixin.py:150} INFO - [2023-07-19T16:46:11.106+0000] {dag.py:2742} INFO - Sync 1 DAGs
[2023-07-19T16:46:11.121+0000] {logging_mixin.py:150} INFO - [2023-07-19T16:46:11.121+0000] {dag.py:3508} INFO - Setting next_dagrun for example_bash_operator to 2023-07-18T00:00:00+00:00, run_after=2023-07-19T00:00:00+00:00
[2023-07-19T16:46:11.130+0000] {processor.py:179} INFO - Processing /home/airflow/.local/lib/python3.7/site-packages/airflow/example_dags/example_bash_operator.py took 0.071 seconds
[2023-07-19T16:46:41.927+0000] {processor.py:157} INFO - Started process (PID=1525) to work on /home/airflow/.local/lib/python3.7/site-packages/airflow/example_dags/example_bash_operator.py
[2023-07-19T16:46:41.928+0000] {processor.py:826} INFO - Processing file /home/airflow/.local/lib/python3.7/site-packages/airflow/example_dags/example_bash_operator.py for tasks to queue
[2023-07-19T16:46:41.928+0000] {logging_mixin.py:150} INFO - [2023-07-19T16:46:41.928+0000] {dagbag.py:541} INFO - Filling up the DagBag from /home/airflow/.local/lib/python3.7/site-packages/airflow/example_dags/example_bash_operator.py
[2023-07-19T16:46:41.935+0000] {processor.py:836} INFO - DAG(s) dict_keys(['example_bash_operator']) retrieved from /home/airflow/.local/lib/python3.7/site-packages/airflow/example_dags/example_bash_operator.py
[2023-07-19T16:46:41.953+0000] {logging_mixin.py:150} INFO - [2023-07-19T16:46:41.953+0000] {dag.py:2742} INFO - Sync 1 DAGs
[2023-07-19T16:46:41.966+0000] {logging_mixin.py:150} INFO - [2023-07-19T16:46:41.966+0000] {dag.py:3508} INFO - Setting next_dagrun for example_bash_operator to 2023-07-18T00:00:00+00:00, run_after=2023-07-19T00:00:00+00:00
[2023-07-19T16:46:41.974+0000] {processor.py:179} INFO - Processing /home/airflow/.local/lib/python3.7/site-packages/airflow/example_dags/example_bash_operator.py took 0.048 seconds
[2023-07-19T16:47:12.697+0000] {processor.py:157} INFO - Started process (PID=1580) to work on /home/airflow/.local/lib/python3.7/site-packages/airflow/example_dags/example_bash_operator.py
[2023-07-19T16:47:12.697+0000] {processor.py:826} INFO - Processing file /home/airflow/.local/lib/python3.7/site-packages/airflow/example_dags/example_bash_operator.py for tasks to queue
[2023-07-19T16:47:12.697+0000] {logging_mixin.py:150} INFO - [2023-07-19T16:47:12.697+0000] {dagbag.py:541} INFO - Filling up the DagBag from /home/airflow/.local/lib/python3.7/site-packages/airflow/example_dags/example_bash_operator.py
[2023-07-19T16:47:12.705+0000] {processor.py:836} INFO - DAG(s) dict_keys(['example_bash_operator']) retrieved from /home/airflow/.local/lib/python3.7/site-packages/airflow/example_dags/example_bash_operator.py
[2023-07-19T16:47:12.725+0000] {logging_mixin.py:150} INFO - [2023-07-19T16:47:12.725+0000] {dag.py:2742} INFO - Sync 1 DAGs
[2023-07-19T16:47:12.740+0000] {logging_mixin.py:150} INFO - [2023-07-19T16:47:12.740+0000] {dag.py:3508} INFO - Setting next_dagrun for example_bash_operator to 2023-07-18T00:00:00+00:00, run_after=2023-07-19T00:00:00+00:00
[2023-07-19T16:47:12.749+0000] {processor.py:179} INFO - Processing /home/airflow/.local/lib/python3.7/site-packages/airflow/example_dags/example_bash_operator.py took 0.054 seconds
[2023-07-19T16:47:42.876+0000] {processor.py:157} INFO - Started process (PID=1634) to work on /home/airflow/.local/lib/python3.7/site-packages/airflow/example_dags/example_bash_operator.py
[2023-07-19T16:47:42.877+0000] {processor.py:826} INFO - Processing file /home/airflow/.local/lib/python3.7/site-packages/airflow/example_dags/example_bash_operator.py for tasks to queue
[2023-07-19T16:47:42.878+0000] {logging_mixin.py:150} INFO - [2023-07-19T16:47:42.878+0000] {dagbag.py:541} INFO - Filling up the DagBag from /home/airflow/.local/lib/python3.7/site-packages/airflow/example_dags/example_bash_operator.py
[2023-07-19T16:47:42.891+0000] {processor.py:836} INFO - DAG(s) dict_keys(['example_bash_operator']) retrieved from /home/airflow/.local/lib/python3.7/site-packages/airflow/example_dags/example_bash_operator.py
[2023-07-19T16:47:42.913+0000] {logging_mixin.py:150} INFO - [2023-07-19T16:47:42.913+0000] {dag.py:2742} INFO - Sync 1 DAGs
[2023-07-19T16:47:42.926+0000] {logging_mixin.py:150} INFO - [2023-07-19T16:47:42.926+0000] {dag.py:3508} INFO - Setting next_dagrun for example_bash_operator to 2023-07-18T00:00:00+00:00, run_after=2023-07-19T00:00:00+00:00
[2023-07-19T16:47:42.935+0000] {processor.py:179} INFO - Processing /home/airflow/.local/lib/python3.7/site-packages/airflow/example_dags/example_bash_operator.py took 0.062 seconds
[2023-07-19T16:48:13.300+0000] {processor.py:157} INFO - Started process (PID=1689) to work on /home/airflow/.local/lib/python3.7/site-packages/airflow/example_dags/example_bash_operator.py
[2023-07-19T16:48:13.300+0000] {processor.py:826} INFO - Processing file /home/airflow/.local/lib/python3.7/site-packages/airflow/example_dags/example_bash_operator.py for tasks to queue
[2023-07-19T16:48:13.301+0000] {logging_mixin.py:150} INFO - [2023-07-19T16:48:13.300+0000] {dagbag.py:541} INFO - Filling up the DagBag from /home/airflow/.local/lib/python3.7/site-packages/airflow/example_dags/example_bash_operator.py
[2023-07-19T16:48:13.309+0000] {processor.py:836} INFO - DAG(s) dict_keys(['example_bash_operator']) retrieved from /home/airflow/.local/lib/python3.7/site-packages/airflow/example_dags/example_bash_operator.py
[2023-07-19T16:48:13.334+0000] {logging_mixin.py:150} INFO - [2023-07-19T16:48:13.334+0000] {dag.py:2742} INFO - Sync 1 DAGs
[2023-07-19T16:48:13.348+0000] {logging_mixin.py:150} INFO - [2023-07-19T16:48:13.348+0000] {dag.py:3508} INFO - Setting next_dagrun for example_bash_operator to 2023-07-18T00:00:00+00:00, run_after=2023-07-19T00:00:00+00:00
[2023-07-19T16:48:13.357+0000] {processor.py:179} INFO - Processing /home/airflow/.local/lib/python3.7/site-packages/airflow/example_dags/example_bash_operator.py took 0.060 seconds
[2023-07-19T16:48:43.637+0000] {processor.py:157} INFO - Started process (PID=1744) to work on /home/airflow/.local/lib/python3.7/site-packages/airflow/example_dags/example_bash_operator.py
[2023-07-19T16:48:43.640+0000] {processor.py:826} INFO - Processing file /home/airflow/.local/lib/python3.7/site-packages/airflow/example_dags/example_bash_operator.py for tasks to queue
[2023-07-19T16:48:43.640+0000] {logging_mixin.py:150} INFO - [2023-07-19T16:48:43.640+0000] {dagbag.py:541} INFO - Filling up the DagBag from /home/airflow/.local/lib/python3.7/site-packages/airflow/example_dags/example_bash_operator.py
[2023-07-19T16:48:43.663+0000] {processor.py:836} INFO - DAG(s) dict_keys(['example_bash_operator']) retrieved from /home/airflow/.local/lib/python3.7/site-packages/airflow/example_dags/example_bash_operator.py
[2023-07-19T16:48:43.704+0000] {logging_mixin.py:150} INFO - [2023-07-19T16:48:43.704+0000] {dag.py:2742} INFO - Sync 1 DAGs
[2023-07-19T16:48:43.722+0000] {logging_mixin.py:150} INFO - [2023-07-19T16:48:43.722+0000] {dag.py:3508} INFO - Setting next_dagrun for example_bash_operator to 2023-07-18T00:00:00+00:00, run_after=2023-07-19T00:00:00+00:00
[2023-07-19T16:48:43.755+0000] {processor.py:179} INFO - Processing /home/airflow/.local/lib/python3.7/site-packages/airflow/example_dags/example_bash_operator.py took 0.123 seconds
[2023-07-19T16:49:13.777+0000] {processor.py:157} INFO - Started process (PID=1799) to work on /home/airflow/.local/lib/python3.7/site-packages/airflow/example_dags/example_bash_operator.py
[2023-07-19T16:49:13.778+0000] {processor.py:826} INFO - Processing file /home/airflow/.local/lib/python3.7/site-packages/airflow/example_dags/example_bash_operator.py for tasks to queue
[2023-07-19T16:49:13.778+0000] {logging_mixin.py:150} INFO - [2023-07-19T16:49:13.778+0000] {dagbag.py:541} INFO - Filling up the DagBag from /home/airflow/.local/lib/python3.7/site-packages/airflow/example_dags/example_bash_operator.py
[2023-07-19T16:49:13.820+0000] {processor.py:836} INFO - DAG(s) dict_keys(['example_bash_operator']) retrieved from /home/airflow/.local/lib/python3.7/site-packages/airflow/example_dags/example_bash_operator.py
[2023-07-19T16:49:13.858+0000] {logging_mixin.py:150} INFO - [2023-07-19T16:49:13.857+0000] {dag.py:2742} INFO - Sync 1 DAGs
[2023-07-19T16:49:13.876+0000] {logging_mixin.py:150} INFO - [2023-07-19T16:49:13.876+0000] {dag.py:3508} INFO - Setting next_dagrun for example_bash_operator to 2023-07-18T00:00:00+00:00, run_after=2023-07-19T00:00:00+00:00
[2023-07-19T16:49:13.885+0000] {processor.py:179} INFO - Processing /home/airflow/.local/lib/python3.7/site-packages/airflow/example_dags/example_bash_operator.py took 0.111 seconds
[2023-07-19T16:49:44.266+0000] {processor.py:157} INFO - Started process (PID=1854) to work on /home/airflow/.local/lib/python3.7/site-packages/airflow/example_dags/example_bash_operator.py
[2023-07-19T16:49:44.266+0000] {processor.py:826} INFO - Processing file /home/airflow/.local/lib/python3.7/site-packages/airflow/example_dags/example_bash_operator.py for tasks to queue
[2023-07-19T16:49:44.267+0000] {logging_mixin.py:150} INFO - [2023-07-19T16:49:44.266+0000] {dagbag.py:541} INFO - Filling up the DagBag from /home/airflow/.local/lib/python3.7/site-packages/airflow/example_dags/example_bash_operator.py
[2023-07-19T16:49:44.277+0000] {processor.py:836} INFO - DAG(s) dict_keys(['example_bash_operator']) retrieved from /home/airflow/.local/lib/python3.7/site-packages/airflow/example_dags/example_bash_operator.py
[2023-07-19T16:49:44.296+0000] {logging_mixin.py:150} INFO - [2023-07-19T16:49:44.296+0000] {dag.py:2742} INFO - Sync 1 DAGs
[2023-07-19T16:49:44.309+0000] {logging_mixin.py:150} INFO - [2023-07-19T16:49:44.309+0000] {dag.py:3508} INFO - Setting next_dagrun for example_bash_operator to 2023-07-18T00:00:00+00:00, run_after=2023-07-19T00:00:00+00:00
[2023-07-19T16:49:44.318+0000] {processor.py:179} INFO - Processing /home/airflow/.local/lib/python3.7/site-packages/airflow/example_dags/example_bash_operator.py took 0.054 seconds
[2023-07-19T16:50:14.758+0000] {processor.py:157} INFO - Started process (PID=1909) to work on /home/airflow/.local/lib/python3.7/site-packages/airflow/example_dags/example_bash_operator.py
[2023-07-19T16:50:14.759+0000] {processor.py:826} INFO - Processing file /home/airflow/.local/lib/python3.7/site-packages/airflow/example_dags/example_bash_operator.py for tasks to queue
[2023-07-19T16:50:14.759+0000] {logging_mixin.py:150} INFO - [2023-07-19T16:50:14.759+0000] {dagbag.py:541} INFO - Filling up the DagBag from /home/airflow/.local/lib/python3.7/site-packages/airflow/example_dags/example_bash_operator.py
[2023-07-19T16:50:14.831+0000] {processor.py:836} INFO - DAG(s) dict_keys(['example_bash_operator']) retrieved from /home/airflow/.local/lib/python3.7/site-packages/airflow/example_dags/example_bash_operator.py
[2023-07-19T16:50:14.901+0000] {logging_mixin.py:150} INFO - [2023-07-19T16:50:14.901+0000] {dag.py:2742} INFO - Sync 1 DAGs
[2023-07-19T16:50:14.930+0000] {logging_mixin.py:150} INFO - [2023-07-19T16:50:14.929+0000] {dag.py:3508} INFO - Setting next_dagrun for example_bash_operator to 2023-07-18T00:00:00+00:00, run_after=2023-07-19T00:00:00+00:00
[2023-07-19T16:50:14.979+0000] {processor.py:179} INFO - Processing /home/airflow/.local/lib/python3.7/site-packages/airflow/example_dags/example_bash_operator.py took 0.223 seconds
[2023-07-19T16:50:45.303+0000] {processor.py:157} INFO - Started process (PID=1964) to work on /home/airflow/.local/lib/python3.7/site-packages/airflow/example_dags/example_bash_operator.py
[2023-07-19T16:50:45.305+0000] {processor.py:826} INFO - Processing file /home/airflow/.local/lib/python3.7/site-packages/airflow/example_dags/example_bash_operator.py for tasks to queue
[2023-07-19T16:50:45.308+0000] {logging_mixin.py:150} INFO - [2023-07-19T16:50:45.307+0000] {dagbag.py:541} INFO - Filling up the DagBag from /home/airflow/.local/lib/python3.7/site-packages/airflow/example_dags/example_bash_operator.py
[2023-07-19T16:50:45.323+0000] {processor.py:836} INFO - DAG(s) dict_keys(['example_bash_operator']) retrieved from /home/airflow/.local/lib/python3.7/site-packages/airflow/example_dags/example_bash_operator.py
[2023-07-19T16:50:45.362+0000] {logging_mixin.py:150} INFO - [2023-07-19T16:50:45.362+0000] {dag.py:2742} INFO - Sync 1 DAGs
[2023-07-19T16:50:45.401+0000] {logging_mixin.py:150} INFO - [2023-07-19T16:50:45.401+0000] {dag.py:3508} INFO - Setting next_dagrun for example_bash_operator to 2023-07-18T00:00:00+00:00, run_after=2023-07-19T00:00:00+00:00
[2023-07-19T16:50:45.411+0000] {processor.py:179} INFO - Processing /home/airflow/.local/lib/python3.7/site-packages/airflow/example_dags/example_bash_operator.py took 0.118 seconds
[2023-07-19T16:51:15.807+0000] {processor.py:157} INFO - Started process (PID=2019) to work on /home/airflow/.local/lib/python3.7/site-packages/airflow/example_dags/example_bash_operator.py
[2023-07-19T16:51:15.815+0000] {processor.py:826} INFO - Processing file /home/airflow/.local/lib/python3.7/site-packages/airflow/example_dags/example_bash_operator.py for tasks to queue
[2023-07-19T16:51:15.816+0000] {logging_mixin.py:150} INFO - [2023-07-19T16:51:15.816+0000] {dagbag.py:541} INFO - Filling up the DagBag from /home/airflow/.local/lib/python3.7/site-packages/airflow/example_dags/example_bash_operator.py
[2023-07-19T16:51:15.841+0000] {processor.py:836} INFO - DAG(s) dict_keys(['example_bash_operator']) retrieved from /home/airflow/.local/lib/python3.7/site-packages/airflow/example_dags/example_bash_operator.py
[2023-07-19T16:51:15.881+0000] {logging_mixin.py:150} INFO - [2023-07-19T16:51:15.881+0000] {dag.py:2742} INFO - Sync 1 DAGs
[2023-07-19T16:51:15.899+0000] {logging_mixin.py:150} INFO - [2023-07-19T16:51:15.897+0000] {dag.py:3508} INFO - Setting next_dagrun for example_bash_operator to 2023-07-18T00:00:00+00:00, run_after=2023-07-19T00:00:00+00:00
[2023-07-19T16:51:15.922+0000] {processor.py:179} INFO - Processing /home/airflow/.local/lib/python3.7/site-packages/airflow/example_dags/example_bash_operator.py took 0.117 seconds
[2023-07-19T16:51:46.109+0000] {processor.py:157} INFO - Started process (PID=2074) to work on /home/airflow/.local/lib/python3.7/site-packages/airflow/example_dags/example_bash_operator.py
[2023-07-19T16:51:46.109+0000] {processor.py:826} INFO - Processing file /home/airflow/.local/lib/python3.7/site-packages/airflow/example_dags/example_bash_operator.py for tasks to queue
[2023-07-19T16:51:46.110+0000] {logging_mixin.py:150} INFO - [2023-07-19T16:51:46.109+0000] {dagbag.py:541} INFO - Filling up the DagBag from /home/airflow/.local/lib/python3.7/site-packages/airflow/example_dags/example_bash_operator.py
[2023-07-19T16:51:46.124+0000] {processor.py:836} INFO - DAG(s) dict_keys(['example_bash_operator']) retrieved from /home/airflow/.local/lib/python3.7/site-packages/airflow/example_dags/example_bash_operator.py
[2023-07-19T16:51:46.151+0000] {logging_mixin.py:150} INFO - [2023-07-19T16:51:46.150+0000] {dag.py:2742} INFO - Sync 1 DAGs
[2023-07-19T16:51:46.176+0000] {logging_mixin.py:150} INFO - [2023-07-19T16:51:46.176+0000] {dag.py:3508} INFO - Setting next_dagrun for example_bash_operator to 2023-07-18T00:00:00+00:00, run_after=2023-07-19T00:00:00+00:00
[2023-07-19T16:51:46.184+0000] {processor.py:179} INFO - Processing /home/airflow/.local/lib/python3.7/site-packages/airflow/example_dags/example_bash_operator.py took 0.078 seconds
[2023-07-19T16:52:16.377+0000] {processor.py:157} INFO - Started process (PID=2129) to work on /home/airflow/.local/lib/python3.7/site-packages/airflow/example_dags/example_bash_operator.py
[2023-07-19T16:52:16.377+0000] {processor.py:826} INFO - Processing file /home/airflow/.local/lib/python3.7/site-packages/airflow/example_dags/example_bash_operator.py for tasks to queue
[2023-07-19T16:52:16.378+0000] {logging_mixin.py:150} INFO - [2023-07-19T16:52:16.378+0000] {dagbag.py:541} INFO - Filling up the DagBag from /home/airflow/.local/lib/python3.7/site-packages/airflow/example_dags/example_bash_operator.py
[2023-07-19T16:52:16.385+0000] {processor.py:836} INFO - DAG(s) dict_keys(['example_bash_operator']) retrieved from /home/airflow/.local/lib/python3.7/site-packages/airflow/example_dags/example_bash_operator.py
[2023-07-19T16:52:16.405+0000] {logging_mixin.py:150} INFO - [2023-07-19T16:52:16.405+0000] {dag.py:2742} INFO - Sync 1 DAGs
[2023-07-19T16:52:16.418+0000] {logging_mixin.py:150} INFO - [2023-07-19T16:52:16.418+0000] {dag.py:3508} INFO - Setting next_dagrun for example_bash_operator to 2023-07-18T00:00:00+00:00, run_after=2023-07-19T00:00:00+00:00
[2023-07-19T16:52:16.426+0000] {processor.py:179} INFO - Processing /home/airflow/.local/lib/python3.7/site-packages/airflow/example_dags/example_bash_operator.py took 0.051 seconds
[2023-07-19T16:52:47.207+0000] {processor.py:157} INFO - Started process (PID=2180) to work on /home/airflow/.local/lib/python3.7/site-packages/airflow/example_dags/example_bash_operator.py
[2023-07-19T16:52:47.208+0000] {processor.py:826} INFO - Processing file /home/airflow/.local/lib/python3.7/site-packages/airflow/example_dags/example_bash_operator.py for tasks to queue
[2023-07-19T16:52:47.208+0000] {logging_mixin.py:150} INFO - [2023-07-19T16:52:47.208+0000] {dagbag.py:541} INFO - Filling up the DagBag from /home/airflow/.local/lib/python3.7/site-packages/airflow/example_dags/example_bash_operator.py
[2023-07-19T16:52:47.223+0000] {processor.py:836} INFO - DAG(s) dict_keys(['example_bash_operator']) retrieved from /home/airflow/.local/lib/python3.7/site-packages/airflow/example_dags/example_bash_operator.py
[2023-07-19T16:52:47.257+0000] {logging_mixin.py:150} INFO - [2023-07-19T16:52:47.257+0000] {dag.py:2742} INFO - Sync 1 DAGs
[2023-07-19T16:52:47.276+0000] {logging_mixin.py:150} INFO - [2023-07-19T16:52:47.276+0000] {dag.py:3508} INFO - Setting next_dagrun for example_bash_operator to 2023-07-18T00:00:00+00:00, run_after=2023-07-19T00:00:00+00:00
[2023-07-19T16:52:47.288+0000] {processor.py:179} INFO - Processing /home/airflow/.local/lib/python3.7/site-packages/airflow/example_dags/example_bash_operator.py took 0.085 seconds
