[2023-07-19T16:32:50.111+0000] {processor.py:157} INFO - Started process (PID=42) to work on /home/airflow/.local/lib/python3.7/site-packages/airflow/example_dags/example_xcom.py
[2023-07-19T16:32:50.111+0000] {processor.py:826} INFO - Processing file /home/airflow/.local/lib/python3.7/site-packages/airflow/example_dags/example_xcom.py for tasks to queue
[2023-07-19T16:32:50.112+0000] {logging_mixin.py:150} INFO - [2023-07-19T16:32:50.111+0000] {dagbag.py:541} INFO - Filling up the DagBag from /home/airflow/.local/lib/python3.7/site-packages/airflow/example_dags/example_xcom.py
[2023-07-19T16:32:50.121+0000] {processor.py:836} INFO - DAG(s) dict_keys(['example_xcom']) retrieved from /home/airflow/.local/lib/python3.7/site-packages/airflow/example_dags/example_xcom.py
[2023-07-19T16:32:50.142+0000] {logging_mixin.py:150} INFO - [2023-07-19T16:32:50.142+0000] {dag.py:2742} INFO - Sync 1 DAGs
[2023-07-19T16:32:50.164+0000] {logging_mixin.py:150} INFO - [2023-07-19T16:32:50.164+0000] {dag.py:3508} INFO - Setting next_dagrun for example_xcom to 2021-01-01T00:00:00+00:00, run_after=2021-01-01T00:00:00+00:00
[2023-07-19T16:32:50.183+0000] {processor.py:179} INFO - Processing /home/airflow/.local/lib/python3.7/site-packages/airflow/example_dags/example_xcom.py took 0.074 seconds
[2023-07-19T16:33:20.492+0000] {processor.py:157} INFO - Started process (PID=97) to work on /home/airflow/.local/lib/python3.7/site-packages/airflow/example_dags/example_xcom.py
[2023-07-19T16:33:20.493+0000] {processor.py:826} INFO - Processing file /home/airflow/.local/lib/python3.7/site-packages/airflow/example_dags/example_xcom.py for tasks to queue
[2023-07-19T16:33:20.493+0000] {logging_mixin.py:150} INFO - [2023-07-19T16:33:20.493+0000] {dagbag.py:541} INFO - Filling up the DagBag from /home/airflow/.local/lib/python3.7/site-packages/airflow/example_dags/example_xcom.py
[2023-07-19T16:33:20.503+0000] {processor.py:836} INFO - DAG(s) dict_keys(['example_xcom']) retrieved from /home/airflow/.local/lib/python3.7/site-packages/airflow/example_dags/example_xcom.py
[2023-07-19T16:33:20.517+0000] {logging_mixin.py:150} INFO - [2023-07-19T16:33:20.517+0000] {dag.py:2742} INFO - Sync 1 DAGs
[2023-07-19T16:33:20.531+0000] {logging_mixin.py:150} INFO - [2023-07-19T16:33:20.531+0000] {dag.py:3508} INFO - Setting next_dagrun for example_xcom to 2021-01-01T00:00:00+00:00, run_after=2021-01-01T00:00:00+00:00
[2023-07-19T16:33:20.538+0000] {processor.py:179} INFO - Processing /home/airflow/.local/lib/python3.7/site-packages/airflow/example_dags/example_xcom.py took 0.047 seconds
[2023-07-19T16:33:50.824+0000] {processor.py:157} INFO - Started process (PID=153) to work on /home/airflow/.local/lib/python3.7/site-packages/airflow/example_dags/example_xcom.py
[2023-07-19T16:33:50.825+0000] {processor.py:826} INFO - Processing file /home/airflow/.local/lib/python3.7/site-packages/airflow/example_dags/example_xcom.py for tasks to queue
[2023-07-19T16:33:50.825+0000] {logging_mixin.py:150} INFO - [2023-07-19T16:33:50.825+0000] {dagbag.py:541} INFO - Filling up the DagBag from /home/airflow/.local/lib/python3.7/site-packages/airflow/example_dags/example_xcom.py
[2023-07-19T16:33:50.830+0000] {processor.py:836} INFO - DAG(s) dict_keys(['example_xcom']) retrieved from /home/airflow/.local/lib/python3.7/site-packages/airflow/example_dags/example_xcom.py
[2023-07-19T16:33:50.846+0000] {logging_mixin.py:150} INFO - [2023-07-19T16:33:50.846+0000] {dag.py:2742} INFO - Sync 1 DAGs
[2023-07-19T16:33:50.862+0000] {logging_mixin.py:150} INFO - [2023-07-19T16:33:50.862+0000] {dag.py:3508} INFO - Setting next_dagrun for example_xcom to 2021-01-01T00:00:00+00:00, run_after=2021-01-01T00:00:00+00:00
[2023-07-19T16:33:50.874+0000] {processor.py:179} INFO - Processing /home/airflow/.local/lib/python3.7/site-packages/airflow/example_dags/example_xcom.py took 0.052 seconds
[2023-07-19T16:34:21.886+0000] {processor.py:157} INFO - Started process (PID=207) to work on /home/airflow/.local/lib/python3.7/site-packages/airflow/example_dags/example_xcom.py
[2023-07-19T16:34:21.886+0000] {processor.py:826} INFO - Processing file /home/airflow/.local/lib/python3.7/site-packages/airflow/example_dags/example_xcom.py for tasks to queue
[2023-07-19T16:34:21.886+0000] {logging_mixin.py:150} INFO - [2023-07-19T16:34:21.886+0000] {dagbag.py:541} INFO - Filling up the DagBag from /home/airflow/.local/lib/python3.7/site-packages/airflow/example_dags/example_xcom.py
[2023-07-19T16:34:21.891+0000] {processor.py:836} INFO - DAG(s) dict_keys(['example_xcom']) retrieved from /home/airflow/.local/lib/python3.7/site-packages/airflow/example_dags/example_xcom.py
[2023-07-19T16:34:21.910+0000] {logging_mixin.py:150} INFO - [2023-07-19T16:34:21.910+0000] {dag.py:2742} INFO - Sync 1 DAGs
[2023-07-19T16:34:21.923+0000] {logging_mixin.py:150} INFO - [2023-07-19T16:34:21.923+0000] {dag.py:3508} INFO - Setting next_dagrun for example_xcom to 2021-01-01T00:00:00+00:00, run_after=2021-01-01T00:00:00+00:00
[2023-07-19T16:34:21.933+0000] {processor.py:179} INFO - Processing /home/airflow/.local/lib/python3.7/site-packages/airflow/example_dags/example_xcom.py took 0.051 seconds
[2023-07-19T16:34:52.589+0000] {processor.py:157} INFO - Started process (PID=262) to work on /home/airflow/.local/lib/python3.7/site-packages/airflow/example_dags/example_xcom.py
[2023-07-19T16:34:52.590+0000] {processor.py:826} INFO - Processing file /home/airflow/.local/lib/python3.7/site-packages/airflow/example_dags/example_xcom.py for tasks to queue
[2023-07-19T16:34:52.590+0000] {logging_mixin.py:150} INFO - [2023-07-19T16:34:52.590+0000] {dagbag.py:541} INFO - Filling up the DagBag from /home/airflow/.local/lib/python3.7/site-packages/airflow/example_dags/example_xcom.py
[2023-07-19T16:34:52.594+0000] {processor.py:836} INFO - DAG(s) dict_keys(['example_xcom']) retrieved from /home/airflow/.local/lib/python3.7/site-packages/airflow/example_dags/example_xcom.py
[2023-07-19T16:34:52.610+0000] {logging_mixin.py:150} INFO - [2023-07-19T16:34:52.609+0000] {dag.py:2742} INFO - Sync 1 DAGs
[2023-07-19T16:34:52.623+0000] {logging_mixin.py:150} INFO - [2023-07-19T16:34:52.623+0000] {dag.py:3508} INFO - Setting next_dagrun for example_xcom to 2021-01-01T00:00:00+00:00, run_after=2021-01-01T00:00:00+00:00
[2023-07-19T16:34:52.632+0000] {processor.py:179} INFO - Processing /home/airflow/.local/lib/python3.7/site-packages/airflow/example_dags/example_xcom.py took 0.045 seconds
[2023-07-19T16:35:23.787+0000] {processor.py:157} INFO - Started process (PID=317) to work on /home/airflow/.local/lib/python3.7/site-packages/airflow/example_dags/example_xcom.py
[2023-07-19T16:35:23.787+0000] {processor.py:826} INFO - Processing file /home/airflow/.local/lib/python3.7/site-packages/airflow/example_dags/example_xcom.py for tasks to queue
[2023-07-19T16:35:23.788+0000] {logging_mixin.py:150} INFO - [2023-07-19T16:35:23.788+0000] {dagbag.py:541} INFO - Filling up the DagBag from /home/airflow/.local/lib/python3.7/site-packages/airflow/example_dags/example_xcom.py
[2023-07-19T16:35:23.792+0000] {processor.py:836} INFO - DAG(s) dict_keys(['example_xcom']) retrieved from /home/airflow/.local/lib/python3.7/site-packages/airflow/example_dags/example_xcom.py
[2023-07-19T16:35:23.803+0000] {logging_mixin.py:150} INFO - [2023-07-19T16:35:23.803+0000] {dag.py:2742} INFO - Sync 1 DAGs
[2023-07-19T16:35:23.818+0000] {logging_mixin.py:150} INFO - [2023-07-19T16:35:23.817+0000] {dag.py:3508} INFO - Setting next_dagrun for example_xcom to 2021-01-01T00:00:00+00:00, run_after=2021-01-01T00:00:00+00:00
[2023-07-19T16:35:23.831+0000] {processor.py:179} INFO - Processing /home/airflow/.local/lib/python3.7/site-packages/airflow/example_dags/example_xcom.py took 0.047 seconds
[2023-07-19T16:35:54.122+0000] {processor.py:157} INFO - Started process (PID=373) to work on /home/airflow/.local/lib/python3.7/site-packages/airflow/example_dags/example_xcom.py
[2023-07-19T16:35:54.123+0000] {processor.py:826} INFO - Processing file /home/airflow/.local/lib/python3.7/site-packages/airflow/example_dags/example_xcom.py for tasks to queue
[2023-07-19T16:35:54.123+0000] {logging_mixin.py:150} INFO - [2023-07-19T16:35:54.123+0000] {dagbag.py:541} INFO - Filling up the DagBag from /home/airflow/.local/lib/python3.7/site-packages/airflow/example_dags/example_xcom.py
[2023-07-19T16:35:54.127+0000] {processor.py:836} INFO - DAG(s) dict_keys(['example_xcom']) retrieved from /home/airflow/.local/lib/python3.7/site-packages/airflow/example_dags/example_xcom.py
[2023-07-19T16:35:54.142+0000] {logging_mixin.py:150} INFO - [2023-07-19T16:35:54.142+0000] {dag.py:2742} INFO - Sync 1 DAGs
[2023-07-19T16:35:54.158+0000] {logging_mixin.py:150} INFO - [2023-07-19T16:35:54.157+0000] {dag.py:3508} INFO - Setting next_dagrun for example_xcom to 2021-01-01T00:00:00+00:00, run_after=2021-01-01T00:00:00+00:00
[2023-07-19T16:35:54.166+0000] {processor.py:179} INFO - Processing /home/airflow/.local/lib/python3.7/site-packages/airflow/example_dags/example_xcom.py took 0.046 seconds
[2023-07-19T16:36:24.770+0000] {processor.py:157} INFO - Started process (PID=428) to work on /home/airflow/.local/lib/python3.7/site-packages/airflow/example_dags/example_xcom.py
[2023-07-19T16:36:24.771+0000] {processor.py:826} INFO - Processing file /home/airflow/.local/lib/python3.7/site-packages/airflow/example_dags/example_xcom.py for tasks to queue
[2023-07-19T16:36:24.772+0000] {logging_mixin.py:150} INFO - [2023-07-19T16:36:24.772+0000] {dagbag.py:541} INFO - Filling up the DagBag from /home/airflow/.local/lib/python3.7/site-packages/airflow/example_dags/example_xcom.py
[2023-07-19T16:36:24.777+0000] {processor.py:836} INFO - DAG(s) dict_keys(['example_xcom']) retrieved from /home/airflow/.local/lib/python3.7/site-packages/airflow/example_dags/example_xcom.py
[2023-07-19T16:36:24.801+0000] {logging_mixin.py:150} INFO - [2023-07-19T16:36:24.801+0000] {dag.py:2742} INFO - Sync 1 DAGs
[2023-07-19T16:36:24.814+0000] {logging_mixin.py:150} INFO - [2023-07-19T16:36:24.814+0000] {dag.py:3508} INFO - Setting next_dagrun for example_xcom to 2021-01-01T00:00:00+00:00, run_after=2021-01-01T00:00:00+00:00
[2023-07-19T16:36:24.822+0000] {processor.py:179} INFO - Processing /home/airflow/.local/lib/python3.7/site-packages/airflow/example_dags/example_xcom.py took 0.057 seconds
[2023-07-19T16:36:55.175+0000] {processor.py:157} INFO - Started process (PID=483) to work on /home/airflow/.local/lib/python3.7/site-packages/airflow/example_dags/example_xcom.py
[2023-07-19T16:36:55.175+0000] {processor.py:826} INFO - Processing file /home/airflow/.local/lib/python3.7/site-packages/airflow/example_dags/example_xcom.py for tasks to queue
[2023-07-19T16:36:55.176+0000] {logging_mixin.py:150} INFO - [2023-07-19T16:36:55.175+0000] {dagbag.py:541} INFO - Filling up the DagBag from /home/airflow/.local/lib/python3.7/site-packages/airflow/example_dags/example_xcom.py
[2023-07-19T16:36:55.181+0000] {processor.py:836} INFO - DAG(s) dict_keys(['example_xcom']) retrieved from /home/airflow/.local/lib/python3.7/site-packages/airflow/example_dags/example_xcom.py
[2023-07-19T16:36:55.212+0000] {logging_mixin.py:150} INFO - [2023-07-19T16:36:55.212+0000] {dag.py:2742} INFO - Sync 1 DAGs
[2023-07-19T16:36:55.269+0000] {logging_mixin.py:150} INFO - [2023-07-19T16:36:55.269+0000] {dag.py:3508} INFO - Setting next_dagrun for example_xcom to 2021-01-01T00:00:00+00:00, run_after=2021-01-01T00:00:00+00:00
[2023-07-19T16:36:55.326+0000] {processor.py:179} INFO - Processing /home/airflow/.local/lib/python3.7/site-packages/airflow/example_dags/example_xcom.py took 0.160 seconds
[2023-07-19T16:37:26.204+0000] {processor.py:157} INFO - Started process (PID=538) to work on /home/airflow/.local/lib/python3.7/site-packages/airflow/example_dags/example_xcom.py
[2023-07-19T16:37:26.206+0000] {processor.py:826} INFO - Processing file /home/airflow/.local/lib/python3.7/site-packages/airflow/example_dags/example_xcom.py for tasks to queue
[2023-07-19T16:37:26.206+0000] {logging_mixin.py:150} INFO - [2023-07-19T16:37:26.206+0000] {dagbag.py:541} INFO - Filling up the DagBag from /home/airflow/.local/lib/python3.7/site-packages/airflow/example_dags/example_xcom.py
[2023-07-19T16:37:26.214+0000] {processor.py:836} INFO - DAG(s) dict_keys(['example_xcom']) retrieved from /home/airflow/.local/lib/python3.7/site-packages/airflow/example_dags/example_xcom.py
[2023-07-19T16:37:26.230+0000] {logging_mixin.py:150} INFO - [2023-07-19T16:37:26.230+0000] {dag.py:2742} INFO - Sync 1 DAGs
[2023-07-19T16:37:26.243+0000] {logging_mixin.py:150} INFO - [2023-07-19T16:37:26.243+0000] {dag.py:3508} INFO - Setting next_dagrun for example_xcom to 2021-01-01T00:00:00+00:00, run_after=2021-01-01T00:00:00+00:00
[2023-07-19T16:37:26.251+0000] {processor.py:179} INFO - Processing /home/airflow/.local/lib/python3.7/site-packages/airflow/example_dags/example_xcom.py took 0.049 seconds
[2023-07-19T16:37:56.531+0000] {processor.py:157} INFO - Started process (PID=593) to work on /home/airflow/.local/lib/python3.7/site-packages/airflow/example_dags/example_xcom.py
[2023-07-19T16:37:56.531+0000] {processor.py:826} INFO - Processing file /home/airflow/.local/lib/python3.7/site-packages/airflow/example_dags/example_xcom.py for tasks to queue
[2023-07-19T16:37:56.532+0000] {logging_mixin.py:150} INFO - [2023-07-19T16:37:56.532+0000] {dagbag.py:541} INFO - Filling up the DagBag from /home/airflow/.local/lib/python3.7/site-packages/airflow/example_dags/example_xcom.py
[2023-07-19T16:37:56.537+0000] {processor.py:836} INFO - DAG(s) dict_keys(['example_xcom']) retrieved from /home/airflow/.local/lib/python3.7/site-packages/airflow/example_dags/example_xcom.py
[2023-07-19T16:37:56.552+0000] {logging_mixin.py:150} INFO - [2023-07-19T16:37:56.552+0000] {dag.py:2742} INFO - Sync 1 DAGs
[2023-07-19T16:37:56.565+0000] {logging_mixin.py:150} INFO - [2023-07-19T16:37:56.565+0000] {dag.py:3508} INFO - Setting next_dagrun for example_xcom to 2021-01-01T00:00:00+00:00, run_after=2021-01-01T00:00:00+00:00
[2023-07-19T16:37:56.572+0000] {processor.py:179} INFO - Processing /home/airflow/.local/lib/python3.7/site-packages/airflow/example_dags/example_xcom.py took 0.043 seconds
[2023-07-19T16:38:26.736+0000] {processor.py:157} INFO - Started process (PID=648) to work on /home/airflow/.local/lib/python3.7/site-packages/airflow/example_dags/example_xcom.py
[2023-07-19T16:38:26.737+0000] {processor.py:826} INFO - Processing file /home/airflow/.local/lib/python3.7/site-packages/airflow/example_dags/example_xcom.py for tasks to queue
[2023-07-19T16:38:26.737+0000] {logging_mixin.py:150} INFO - [2023-07-19T16:38:26.737+0000] {dagbag.py:541} INFO - Filling up the DagBag from /home/airflow/.local/lib/python3.7/site-packages/airflow/example_dags/example_xcom.py
[2023-07-19T16:38:26.744+0000] {processor.py:836} INFO - DAG(s) dict_keys(['example_xcom']) retrieved from /home/airflow/.local/lib/python3.7/site-packages/airflow/example_dags/example_xcom.py
[2023-07-19T16:38:26.782+0000] {logging_mixin.py:150} INFO - [2023-07-19T16:38:26.782+0000] {dag.py:2742} INFO - Sync 1 DAGs
[2023-07-19T16:38:26.804+0000] {logging_mixin.py:150} INFO - [2023-07-19T16:38:26.804+0000] {dag.py:3508} INFO - Setting next_dagrun for example_xcom to 2021-01-01T00:00:00+00:00, run_after=2021-01-01T00:00:00+00:00
[2023-07-19T16:38:26.821+0000] {processor.py:179} INFO - Processing /home/airflow/.local/lib/python3.7/site-packages/airflow/example_dags/example_xcom.py took 0.090 seconds
[2023-07-19T16:38:56.905+0000] {processor.py:157} INFO - Started process (PID=703) to work on /home/airflow/.local/lib/python3.7/site-packages/airflow/example_dags/example_xcom.py
[2023-07-19T16:38:56.906+0000] {processor.py:826} INFO - Processing file /home/airflow/.local/lib/python3.7/site-packages/airflow/example_dags/example_xcom.py for tasks to queue
[2023-07-19T16:38:56.906+0000] {logging_mixin.py:150} INFO - [2023-07-19T16:38:56.906+0000] {dagbag.py:541} INFO - Filling up the DagBag from /home/airflow/.local/lib/python3.7/site-packages/airflow/example_dags/example_xcom.py
[2023-07-19T16:38:56.923+0000] {processor.py:836} INFO - DAG(s) dict_keys(['example_xcom']) retrieved from /home/airflow/.local/lib/python3.7/site-packages/airflow/example_dags/example_xcom.py
[2023-07-19T16:38:56.955+0000] {logging_mixin.py:150} INFO - [2023-07-19T16:38:56.955+0000] {dag.py:2742} INFO - Sync 1 DAGs
[2023-07-19T16:38:56.973+0000] {logging_mixin.py:150} INFO - [2023-07-19T16:38:56.973+0000] {dag.py:3508} INFO - Setting next_dagrun for example_xcom to 2021-01-01T00:00:00+00:00, run_after=2021-01-01T00:00:00+00:00
[2023-07-19T16:38:56.983+0000] {processor.py:179} INFO - Processing /home/airflow/.local/lib/python3.7/site-packages/airflow/example_dags/example_xcom.py took 0.083 seconds
[2023-07-19T16:39:27.231+0000] {processor.py:157} INFO - Started process (PID=758) to work on /home/airflow/.local/lib/python3.7/site-packages/airflow/example_dags/example_xcom.py
[2023-07-19T16:39:27.231+0000] {processor.py:826} INFO - Processing file /home/airflow/.local/lib/python3.7/site-packages/airflow/example_dags/example_xcom.py for tasks to queue
[2023-07-19T16:39:27.232+0000] {logging_mixin.py:150} INFO - [2023-07-19T16:39:27.232+0000] {dagbag.py:541} INFO - Filling up the DagBag from /home/airflow/.local/lib/python3.7/site-packages/airflow/example_dags/example_xcom.py
[2023-07-19T16:39:27.243+0000] {processor.py:836} INFO - DAG(s) dict_keys(['example_xcom']) retrieved from /home/airflow/.local/lib/python3.7/site-packages/airflow/example_dags/example_xcom.py
[2023-07-19T16:39:27.256+0000] {logging_mixin.py:150} INFO - [2023-07-19T16:39:27.256+0000] {dag.py:2742} INFO - Sync 1 DAGs
[2023-07-19T16:39:27.282+0000] {logging_mixin.py:150} INFO - [2023-07-19T16:39:27.282+0000] {dag.py:3508} INFO - Setting next_dagrun for example_xcom to 2021-01-01T00:00:00+00:00, run_after=2021-01-01T00:00:00+00:00
[2023-07-19T16:39:27.293+0000] {processor.py:179} INFO - Processing /home/airflow/.local/lib/python3.7/site-packages/airflow/example_dags/example_xcom.py took 0.064 seconds
[2023-07-19T16:40:05.167+0000] {processor.py:157} INFO - Started process (PID=813) to work on /home/airflow/.local/lib/python3.7/site-packages/airflow/example_dags/example_xcom.py
[2023-07-19T16:40:05.178+0000] {processor.py:826} INFO - Processing file /home/airflow/.local/lib/python3.7/site-packages/airflow/example_dags/example_xcom.py for tasks to queue
[2023-07-19T16:40:05.211+0000] {logging_mixin.py:150} INFO - [2023-07-19T16:40:05.210+0000] {dagbag.py:541} INFO - Filling up the DagBag from /home/airflow/.local/lib/python3.7/site-packages/airflow/example_dags/example_xcom.py
[2023-07-19T16:40:05.402+0000] {processor.py:836} INFO - DAG(s) dict_keys(['example_xcom']) retrieved from /home/airflow/.local/lib/python3.7/site-packages/airflow/example_dags/example_xcom.py
[2023-07-19T16:40:05.603+0000] {logging_mixin.py:150} INFO - [2023-07-19T16:40:05.603+0000] {dag.py:2742} INFO - Sync 1 DAGs
[2023-07-19T16:40:05.693+0000] {logging_mixin.py:150} INFO - [2023-07-19T16:40:05.693+0000] {dag.py:3508} INFO - Setting next_dagrun for example_xcom to 2021-01-01T00:00:00+00:00, run_after=2021-01-01T00:00:00+00:00
[2023-07-19T16:40:05.796+0000] {processor.py:179} INFO - Processing /home/airflow/.local/lib/python3.7/site-packages/airflow/example_dags/example_xcom.py took 0.646 seconds
[2023-07-19T16:40:35.927+0000] {processor.py:157} INFO - Started process (PID=868) to work on /home/airflow/.local/lib/python3.7/site-packages/airflow/example_dags/example_xcom.py
[2023-07-19T16:40:35.933+0000] {processor.py:826} INFO - Processing file /home/airflow/.local/lib/python3.7/site-packages/airflow/example_dags/example_xcom.py for tasks to queue
[2023-07-19T16:40:35.934+0000] {logging_mixin.py:150} INFO - [2023-07-19T16:40:35.933+0000] {dagbag.py:541} INFO - Filling up the DagBag from /home/airflow/.local/lib/python3.7/site-packages/airflow/example_dags/example_xcom.py
[2023-07-19T16:40:35.940+0000] {processor.py:836} INFO - DAG(s) dict_keys(['example_xcom']) retrieved from /home/airflow/.local/lib/python3.7/site-packages/airflow/example_dags/example_xcom.py
[2023-07-19T16:40:35.958+0000] {logging_mixin.py:150} INFO - [2023-07-19T16:40:35.958+0000] {dag.py:2742} INFO - Sync 1 DAGs
[2023-07-19T16:40:35.976+0000] {logging_mixin.py:150} INFO - [2023-07-19T16:40:35.976+0000] {dag.py:3508} INFO - Setting next_dagrun for example_xcom to 2021-01-01T00:00:00+00:00, run_after=2021-01-01T00:00:00+00:00
[2023-07-19T16:40:35.984+0000] {processor.py:179} INFO - Processing /home/airflow/.local/lib/python3.7/site-packages/airflow/example_dags/example_xcom.py took 0.059 seconds
[2023-07-19T16:41:06.056+0000] {processor.py:157} INFO - Started process (PID=922) to work on /home/airflow/.local/lib/python3.7/site-packages/airflow/example_dags/example_xcom.py
[2023-07-19T16:41:06.057+0000] {processor.py:826} INFO - Processing file /home/airflow/.local/lib/python3.7/site-packages/airflow/example_dags/example_xcom.py for tasks to queue
[2023-07-19T16:41:06.057+0000] {logging_mixin.py:150} INFO - [2023-07-19T16:41:06.057+0000] {dagbag.py:541} INFO - Filling up the DagBag from /home/airflow/.local/lib/python3.7/site-packages/airflow/example_dags/example_xcom.py
[2023-07-19T16:41:06.064+0000] {processor.py:836} INFO - DAG(s) dict_keys(['example_xcom']) retrieved from /home/airflow/.local/lib/python3.7/site-packages/airflow/example_dags/example_xcom.py
[2023-07-19T16:41:06.121+0000] {logging_mixin.py:150} INFO - [2023-07-19T16:41:06.121+0000] {dag.py:2742} INFO - Sync 1 DAGs
[2023-07-19T16:41:06.141+0000] {logging_mixin.py:150} INFO - [2023-07-19T16:41:06.141+0000] {dag.py:3508} INFO - Setting next_dagrun for example_xcom to 2021-01-01T00:00:00+00:00, run_after=2021-01-01T00:00:00+00:00
[2023-07-19T16:41:06.153+0000] {processor.py:179} INFO - Processing /home/airflow/.local/lib/python3.7/site-packages/airflow/example_dags/example_xcom.py took 0.098 seconds
[2023-07-19T16:41:36.306+0000] {processor.py:157} INFO - Started process (PID=977) to work on /home/airflow/.local/lib/python3.7/site-packages/airflow/example_dags/example_xcom.py
[2023-07-19T16:41:36.306+0000] {processor.py:826} INFO - Processing file /home/airflow/.local/lib/python3.7/site-packages/airflow/example_dags/example_xcom.py for tasks to queue
[2023-07-19T16:41:36.307+0000] {logging_mixin.py:150} INFO - [2023-07-19T16:41:36.307+0000] {dagbag.py:541} INFO - Filling up the DagBag from /home/airflow/.local/lib/python3.7/site-packages/airflow/example_dags/example_xcom.py
[2023-07-19T16:41:36.311+0000] {processor.py:836} INFO - DAG(s) dict_keys(['example_xcom']) retrieved from /home/airflow/.local/lib/python3.7/site-packages/airflow/example_dags/example_xcom.py
[2023-07-19T16:41:36.341+0000] {logging_mixin.py:150} INFO - [2023-07-19T16:41:36.340+0000] {dag.py:2742} INFO - Sync 1 DAGs
[2023-07-19T16:41:36.363+0000] {logging_mixin.py:150} INFO - [2023-07-19T16:41:36.363+0000] {dag.py:3508} INFO - Setting next_dagrun for example_xcom to 2021-01-01T00:00:00+00:00, run_after=2021-01-01T00:00:00+00:00
[2023-07-19T16:41:36.372+0000] {processor.py:179} INFO - Processing /home/airflow/.local/lib/python3.7/site-packages/airflow/example_dags/example_xcom.py took 0.068 seconds
[2023-07-19T16:42:06.956+0000] {processor.py:157} INFO - Started process (PID=1032) to work on /home/airflow/.local/lib/python3.7/site-packages/airflow/example_dags/example_xcom.py
[2023-07-19T16:42:06.957+0000] {processor.py:826} INFO - Processing file /home/airflow/.local/lib/python3.7/site-packages/airflow/example_dags/example_xcom.py for tasks to queue
[2023-07-19T16:42:06.957+0000] {logging_mixin.py:150} INFO - [2023-07-19T16:42:06.957+0000] {dagbag.py:541} INFO - Filling up the DagBag from /home/airflow/.local/lib/python3.7/site-packages/airflow/example_dags/example_xcom.py
[2023-07-19T16:42:06.962+0000] {processor.py:836} INFO - DAG(s) dict_keys(['example_xcom']) retrieved from /home/airflow/.local/lib/python3.7/site-packages/airflow/example_dags/example_xcom.py
[2023-07-19T16:42:06.983+0000] {logging_mixin.py:150} INFO - [2023-07-19T16:42:06.983+0000] {dag.py:2742} INFO - Sync 1 DAGs
[2023-07-19T16:42:07.006+0000] {logging_mixin.py:150} INFO - [2023-07-19T16:42:07.006+0000] {dag.py:3508} INFO - Setting next_dagrun for example_xcom to 2021-01-01T00:00:00+00:00, run_after=2021-01-01T00:00:00+00:00
[2023-07-19T16:42:07.015+0000] {processor.py:179} INFO - Processing /home/airflow/.local/lib/python3.7/site-packages/airflow/example_dags/example_xcom.py took 0.062 seconds
[2023-07-19T16:42:37.348+0000] {processor.py:157} INFO - Started process (PID=1086) to work on /home/airflow/.local/lib/python3.7/site-packages/airflow/example_dags/example_xcom.py
[2023-07-19T16:42:37.349+0000] {processor.py:826} INFO - Processing file /home/airflow/.local/lib/python3.7/site-packages/airflow/example_dags/example_xcom.py for tasks to queue
[2023-07-19T16:42:37.349+0000] {logging_mixin.py:150} INFO - [2023-07-19T16:42:37.349+0000] {dagbag.py:541} INFO - Filling up the DagBag from /home/airflow/.local/lib/python3.7/site-packages/airflow/example_dags/example_xcom.py
[2023-07-19T16:42:37.353+0000] {processor.py:836} INFO - DAG(s) dict_keys(['example_xcom']) retrieved from /home/airflow/.local/lib/python3.7/site-packages/airflow/example_dags/example_xcom.py
[2023-07-19T16:42:37.367+0000] {logging_mixin.py:150} INFO - [2023-07-19T16:42:37.367+0000] {dag.py:2742} INFO - Sync 1 DAGs
[2023-07-19T16:42:37.378+0000] {logging_mixin.py:150} INFO - [2023-07-19T16:42:37.378+0000] {dag.py:3508} INFO - Setting next_dagrun for example_xcom to 2021-01-01T00:00:00+00:00, run_after=2021-01-01T00:00:00+00:00
[2023-07-19T16:42:37.386+0000] {processor.py:179} INFO - Processing /home/airflow/.local/lib/python3.7/site-packages/airflow/example_dags/example_xcom.py took 0.039 seconds
[2023-07-19T16:43:08.026+0000] {processor.py:157} INFO - Started process (PID=1141) to work on /home/airflow/.local/lib/python3.7/site-packages/airflow/example_dags/example_xcom.py
[2023-07-19T16:43:08.026+0000] {processor.py:826} INFO - Processing file /home/airflow/.local/lib/python3.7/site-packages/airflow/example_dags/example_xcom.py for tasks to queue
[2023-07-19T16:43:08.026+0000] {logging_mixin.py:150} INFO - [2023-07-19T16:43:08.026+0000] {dagbag.py:541} INFO - Filling up the DagBag from /home/airflow/.local/lib/python3.7/site-packages/airflow/example_dags/example_xcom.py
[2023-07-19T16:43:08.030+0000] {processor.py:836} INFO - DAG(s) dict_keys(['example_xcom']) retrieved from /home/airflow/.local/lib/python3.7/site-packages/airflow/example_dags/example_xcom.py
[2023-07-19T16:43:08.046+0000] {logging_mixin.py:150} INFO - [2023-07-19T16:43:08.046+0000] {dag.py:2742} INFO - Sync 1 DAGs
[2023-07-19T16:43:08.061+0000] {logging_mixin.py:150} INFO - [2023-07-19T16:43:08.061+0000] {dag.py:3508} INFO - Setting next_dagrun for example_xcom to 2021-01-01T00:00:00+00:00, run_after=2021-01-01T00:00:00+00:00
[2023-07-19T16:43:08.068+0000] {processor.py:179} INFO - Processing /home/airflow/.local/lib/python3.7/site-packages/airflow/example_dags/example_xcom.py took 0.044 seconds
[2023-07-19T16:43:38.539+0000] {processor.py:157} INFO - Started process (PID=1197) to work on /home/airflow/.local/lib/python3.7/site-packages/airflow/example_dags/example_xcom.py
[2023-07-19T16:43:38.539+0000] {processor.py:826} INFO - Processing file /home/airflow/.local/lib/python3.7/site-packages/airflow/example_dags/example_xcom.py for tasks to queue
[2023-07-19T16:43:38.540+0000] {logging_mixin.py:150} INFO - [2023-07-19T16:43:38.540+0000] {dagbag.py:541} INFO - Filling up the DagBag from /home/airflow/.local/lib/python3.7/site-packages/airflow/example_dags/example_xcom.py
[2023-07-19T16:43:38.543+0000] {processor.py:836} INFO - DAG(s) dict_keys(['example_xcom']) retrieved from /home/airflow/.local/lib/python3.7/site-packages/airflow/example_dags/example_xcom.py
[2023-07-19T16:43:38.557+0000] {logging_mixin.py:150} INFO - [2023-07-19T16:43:38.557+0000] {dag.py:2742} INFO - Sync 1 DAGs
[2023-07-19T16:43:38.569+0000] {logging_mixin.py:150} INFO - [2023-07-19T16:43:38.569+0000] {dag.py:3508} INFO - Setting next_dagrun for example_xcom to 2021-01-01T00:00:00+00:00, run_after=2021-01-01T00:00:00+00:00
[2023-07-19T16:43:38.577+0000] {processor.py:179} INFO - Processing /home/airflow/.local/lib/python3.7/site-packages/airflow/example_dags/example_xcom.py took 0.040 seconds
[2023-07-19T16:44:08.971+0000] {processor.py:157} INFO - Started process (PID=1252) to work on /home/airflow/.local/lib/python3.7/site-packages/airflow/example_dags/example_xcom.py
[2023-07-19T16:44:08.977+0000] {processor.py:826} INFO - Processing file /home/airflow/.local/lib/python3.7/site-packages/airflow/example_dags/example_xcom.py for tasks to queue
[2023-07-19T16:44:08.977+0000] {logging_mixin.py:150} INFO - [2023-07-19T16:44:08.977+0000] {dagbag.py:541} INFO - Filling up the DagBag from /home/airflow/.local/lib/python3.7/site-packages/airflow/example_dags/example_xcom.py
[2023-07-19T16:44:08.982+0000] {processor.py:836} INFO - DAG(s) dict_keys(['example_xcom']) retrieved from /home/airflow/.local/lib/python3.7/site-packages/airflow/example_dags/example_xcom.py
[2023-07-19T16:44:09.008+0000] {logging_mixin.py:150} INFO - [2023-07-19T16:44:09.008+0000] {dag.py:2742} INFO - Sync 1 DAGs
[2023-07-19T16:44:09.021+0000] {logging_mixin.py:150} INFO - [2023-07-19T16:44:09.021+0000] {dag.py:3508} INFO - Setting next_dagrun for example_xcom to 2021-01-01T00:00:00+00:00, run_after=2021-01-01T00:00:00+00:00
[2023-07-19T16:44:09.029+0000] {processor.py:179} INFO - Processing /home/airflow/.local/lib/python3.7/site-packages/airflow/example_dags/example_xcom.py took 0.059 seconds
[2023-07-19T16:44:39.280+0000] {processor.py:157} INFO - Started process (PID=1307) to work on /home/airflow/.local/lib/python3.7/site-packages/airflow/example_dags/example_xcom.py
[2023-07-19T16:44:39.280+0000] {processor.py:826} INFO - Processing file /home/airflow/.local/lib/python3.7/site-packages/airflow/example_dags/example_xcom.py for tasks to queue
[2023-07-19T16:44:39.280+0000] {logging_mixin.py:150} INFO - [2023-07-19T16:44:39.280+0000] {dagbag.py:541} INFO - Filling up the DagBag from /home/airflow/.local/lib/python3.7/site-packages/airflow/example_dags/example_xcom.py
[2023-07-19T16:44:39.284+0000] {processor.py:836} INFO - DAG(s) dict_keys(['example_xcom']) retrieved from /home/airflow/.local/lib/python3.7/site-packages/airflow/example_dags/example_xcom.py
[2023-07-19T16:44:39.297+0000] {logging_mixin.py:150} INFO - [2023-07-19T16:44:39.297+0000] {dag.py:2742} INFO - Sync 1 DAGs
[2023-07-19T16:44:39.308+0000] {logging_mixin.py:150} INFO - [2023-07-19T16:44:39.308+0000] {dag.py:3508} INFO - Setting next_dagrun for example_xcom to 2021-01-01T00:00:00+00:00, run_after=2021-01-01T00:00:00+00:00
[2023-07-19T16:44:39.316+0000] {processor.py:179} INFO - Processing /home/airflow/.local/lib/python3.7/site-packages/airflow/example_dags/example_xcom.py took 0.038 seconds
[2023-07-19T16:45:09.751+0000] {processor.py:157} INFO - Started process (PID=1362) to work on /home/airflow/.local/lib/python3.7/site-packages/airflow/example_dags/example_xcom.py
[2023-07-19T16:45:09.757+0000] {processor.py:826} INFO - Processing file /home/airflow/.local/lib/python3.7/site-packages/airflow/example_dags/example_xcom.py for tasks to queue
[2023-07-19T16:45:09.758+0000] {logging_mixin.py:150} INFO - [2023-07-19T16:45:09.758+0000] {dagbag.py:541} INFO - Filling up the DagBag from /home/airflow/.local/lib/python3.7/site-packages/airflow/example_dags/example_xcom.py
[2023-07-19T16:45:09.772+0000] {processor.py:836} INFO - DAG(s) dict_keys(['example_xcom']) retrieved from /home/airflow/.local/lib/python3.7/site-packages/airflow/example_dags/example_xcom.py
[2023-07-19T16:45:09.791+0000] {logging_mixin.py:150} INFO - [2023-07-19T16:45:09.791+0000] {dag.py:2742} INFO - Sync 1 DAGs
[2023-07-19T16:45:09.805+0000] {logging_mixin.py:150} INFO - [2023-07-19T16:45:09.804+0000] {dag.py:3508} INFO - Setting next_dagrun for example_xcom to 2021-01-01T00:00:00+00:00, run_after=2021-01-01T00:00:00+00:00
[2023-07-19T16:45:09.813+0000] {processor.py:179} INFO - Processing /home/airflow/.local/lib/python3.7/site-packages/airflow/example_dags/example_xcom.py took 0.065 seconds
[2023-07-19T16:45:40.266+0000] {processor.py:157} INFO - Started process (PID=1417) to work on /home/airflow/.local/lib/python3.7/site-packages/airflow/example_dags/example_xcom.py
[2023-07-19T16:45:40.267+0000] {processor.py:826} INFO - Processing file /home/airflow/.local/lib/python3.7/site-packages/airflow/example_dags/example_xcom.py for tasks to queue
[2023-07-19T16:45:40.267+0000] {logging_mixin.py:150} INFO - [2023-07-19T16:45:40.267+0000] {dagbag.py:541} INFO - Filling up the DagBag from /home/airflow/.local/lib/python3.7/site-packages/airflow/example_dags/example_xcom.py
[2023-07-19T16:45:40.271+0000] {processor.py:836} INFO - DAG(s) dict_keys(['example_xcom']) retrieved from /home/airflow/.local/lib/python3.7/site-packages/airflow/example_dags/example_xcom.py
[2023-07-19T16:45:40.288+0000] {logging_mixin.py:150} INFO - [2023-07-19T16:45:40.288+0000] {dag.py:2742} INFO - Sync 1 DAGs
[2023-07-19T16:45:40.300+0000] {logging_mixin.py:150} INFO - [2023-07-19T16:45:40.300+0000] {dag.py:3508} INFO - Setting next_dagrun for example_xcom to 2021-01-01T00:00:00+00:00, run_after=2021-01-01T00:00:00+00:00
[2023-07-19T16:45:40.310+0000] {processor.py:179} INFO - Processing /home/airflow/.local/lib/python3.7/site-packages/airflow/example_dags/example_xcom.py took 0.046 seconds
[2023-07-19T16:46:11.141+0000] {processor.py:157} INFO - Started process (PID=1472) to work on /home/airflow/.local/lib/python3.7/site-packages/airflow/example_dags/example_xcom.py
[2023-07-19T16:46:11.141+0000] {processor.py:826} INFO - Processing file /home/airflow/.local/lib/python3.7/site-packages/airflow/example_dags/example_xcom.py for tasks to queue
[2023-07-19T16:46:11.142+0000] {logging_mixin.py:150} INFO - [2023-07-19T16:46:11.142+0000] {dagbag.py:541} INFO - Filling up the DagBag from /home/airflow/.local/lib/python3.7/site-packages/airflow/example_dags/example_xcom.py
[2023-07-19T16:46:11.146+0000] {processor.py:836} INFO - DAG(s) dict_keys(['example_xcom']) retrieved from /home/airflow/.local/lib/python3.7/site-packages/airflow/example_dags/example_xcom.py
[2023-07-19T16:46:11.159+0000] {logging_mixin.py:150} INFO - [2023-07-19T16:46:11.159+0000] {dag.py:2742} INFO - Sync 1 DAGs
[2023-07-19T16:46:11.170+0000] {logging_mixin.py:150} INFO - [2023-07-19T16:46:11.170+0000] {dag.py:3508} INFO - Setting next_dagrun for example_xcom to 2021-01-01T00:00:00+00:00, run_after=2021-01-01T00:00:00+00:00
[2023-07-19T16:46:11.178+0000] {processor.py:179} INFO - Processing /home/airflow/.local/lib/python3.7/site-packages/airflow/example_dags/example_xcom.py took 0.039 seconds
[2023-07-19T16:46:41.985+0000] {processor.py:157} INFO - Started process (PID=1527) to work on /home/airflow/.local/lib/python3.7/site-packages/airflow/example_dags/example_xcom.py
[2023-07-19T16:46:41.985+0000] {processor.py:826} INFO - Processing file /home/airflow/.local/lib/python3.7/site-packages/airflow/example_dags/example_xcom.py for tasks to queue
[2023-07-19T16:46:41.985+0000] {logging_mixin.py:150} INFO - [2023-07-19T16:46:41.985+0000] {dagbag.py:541} INFO - Filling up the DagBag from /home/airflow/.local/lib/python3.7/site-packages/airflow/example_dags/example_xcom.py
[2023-07-19T16:46:41.989+0000] {processor.py:836} INFO - DAG(s) dict_keys(['example_xcom']) retrieved from /home/airflow/.local/lib/python3.7/site-packages/airflow/example_dags/example_xcom.py
[2023-07-19T16:46:42.009+0000] {logging_mixin.py:150} INFO - [2023-07-19T16:46:42.009+0000] {dag.py:2742} INFO - Sync 1 DAGs
[2023-07-19T16:46:42.021+0000] {logging_mixin.py:150} INFO - [2023-07-19T16:46:42.021+0000] {dag.py:3508} INFO - Setting next_dagrun for example_xcom to 2021-01-01T00:00:00+00:00, run_after=2021-01-01T00:00:00+00:00
[2023-07-19T16:46:42.030+0000] {processor.py:179} INFO - Processing /home/airflow/.local/lib/python3.7/site-packages/airflow/example_dags/example_xcom.py took 0.047 seconds
[2023-07-19T16:47:12.761+0000] {processor.py:157} INFO - Started process (PID=1582) to work on /home/airflow/.local/lib/python3.7/site-packages/airflow/example_dags/example_xcom.py
[2023-07-19T16:47:12.761+0000] {processor.py:826} INFO - Processing file /home/airflow/.local/lib/python3.7/site-packages/airflow/example_dags/example_xcom.py for tasks to queue
[2023-07-19T16:47:12.761+0000] {logging_mixin.py:150} INFO - [2023-07-19T16:47:12.761+0000] {dagbag.py:541} INFO - Filling up the DagBag from /home/airflow/.local/lib/python3.7/site-packages/airflow/example_dags/example_xcom.py
[2023-07-19T16:47:12.765+0000] {processor.py:836} INFO - DAG(s) dict_keys(['example_xcom']) retrieved from /home/airflow/.local/lib/python3.7/site-packages/airflow/example_dags/example_xcom.py
[2023-07-19T16:47:12.781+0000] {logging_mixin.py:150} INFO - [2023-07-19T16:47:12.781+0000] {dag.py:2742} INFO - Sync 1 DAGs
[2023-07-19T16:47:12.794+0000] {logging_mixin.py:150} INFO - [2023-07-19T16:47:12.794+0000] {dag.py:3508} INFO - Setting next_dagrun for example_xcom to 2021-01-01T00:00:00+00:00, run_after=2021-01-01T00:00:00+00:00
[2023-07-19T16:47:12.802+0000] {processor.py:179} INFO - Processing /home/airflow/.local/lib/python3.7/site-packages/airflow/example_dags/example_xcom.py took 0.043 seconds
[2023-07-19T16:47:42.950+0000] {processor.py:157} INFO - Started process (PID=1636) to work on /home/airflow/.local/lib/python3.7/site-packages/airflow/example_dags/example_xcom.py
[2023-07-19T16:47:42.950+0000] {processor.py:826} INFO - Processing file /home/airflow/.local/lib/python3.7/site-packages/airflow/example_dags/example_xcom.py for tasks to queue
[2023-07-19T16:47:42.951+0000] {logging_mixin.py:150} INFO - [2023-07-19T16:47:42.950+0000] {dagbag.py:541} INFO - Filling up the DagBag from /home/airflow/.local/lib/python3.7/site-packages/airflow/example_dags/example_xcom.py
[2023-07-19T16:47:42.955+0000] {processor.py:836} INFO - DAG(s) dict_keys(['example_xcom']) retrieved from /home/airflow/.local/lib/python3.7/site-packages/airflow/example_dags/example_xcom.py
[2023-07-19T16:47:42.968+0000] {logging_mixin.py:150} INFO - [2023-07-19T16:47:42.968+0000] {dag.py:2742} INFO - Sync 1 DAGs
[2023-07-19T16:47:42.979+0000] {logging_mixin.py:150} INFO - [2023-07-19T16:47:42.979+0000] {dag.py:3508} INFO - Setting next_dagrun for example_xcom to 2021-01-01T00:00:00+00:00, run_after=2021-01-01T00:00:00+00:00
[2023-07-19T16:47:42.987+0000] {processor.py:179} INFO - Processing /home/airflow/.local/lib/python3.7/site-packages/airflow/example_dags/example_xcom.py took 0.043 seconds
[2023-07-19T16:48:13.370+0000] {processor.py:157} INFO - Started process (PID=1691) to work on /home/airflow/.local/lib/python3.7/site-packages/airflow/example_dags/example_xcom.py
[2023-07-19T16:48:13.370+0000] {processor.py:826} INFO - Processing file /home/airflow/.local/lib/python3.7/site-packages/airflow/example_dags/example_xcom.py for tasks to queue
[2023-07-19T16:48:13.372+0000] {logging_mixin.py:150} INFO - [2023-07-19T16:48:13.371+0000] {dagbag.py:541} INFO - Filling up the DagBag from /home/airflow/.local/lib/python3.7/site-packages/airflow/example_dags/example_xcom.py
[2023-07-19T16:48:13.376+0000] {processor.py:836} INFO - DAG(s) dict_keys(['example_xcom']) retrieved from /home/airflow/.local/lib/python3.7/site-packages/airflow/example_dags/example_xcom.py
[2023-07-19T16:48:13.390+0000] {logging_mixin.py:150} INFO - [2023-07-19T16:48:13.390+0000] {dag.py:2742} INFO - Sync 1 DAGs
[2023-07-19T16:48:13.407+0000] {logging_mixin.py:150} INFO - [2023-07-19T16:48:13.407+0000] {dag.py:3508} INFO - Setting next_dagrun for example_xcom to 2021-01-01T00:00:00+00:00, run_after=2021-01-01T00:00:00+00:00
[2023-07-19T16:48:13.416+0000] {processor.py:179} INFO - Processing /home/airflow/.local/lib/python3.7/site-packages/airflow/example_dags/example_xcom.py took 0.048 seconds
[2023-07-19T16:48:43.776+0000] {processor.py:157} INFO - Started process (PID=1746) to work on /home/airflow/.local/lib/python3.7/site-packages/airflow/example_dags/example_xcom.py
[2023-07-19T16:48:43.782+0000] {processor.py:826} INFO - Processing file /home/airflow/.local/lib/python3.7/site-packages/airflow/example_dags/example_xcom.py for tasks to queue
[2023-07-19T16:48:43.783+0000] {logging_mixin.py:150} INFO - [2023-07-19T16:48:43.782+0000] {dagbag.py:541} INFO - Filling up the DagBag from /home/airflow/.local/lib/python3.7/site-packages/airflow/example_dags/example_xcom.py
[2023-07-19T16:48:43.787+0000] {processor.py:836} INFO - DAG(s) dict_keys(['example_xcom']) retrieved from /home/airflow/.local/lib/python3.7/site-packages/airflow/example_dags/example_xcom.py
[2023-07-19T16:48:43.815+0000] {logging_mixin.py:150} INFO - [2023-07-19T16:48:43.815+0000] {dag.py:2742} INFO - Sync 1 DAGs
[2023-07-19T16:48:43.832+0000] {logging_mixin.py:150} INFO - [2023-07-19T16:48:43.832+0000] {dag.py:3508} INFO - Setting next_dagrun for example_xcom to 2021-01-01T00:00:00+00:00, run_after=2021-01-01T00:00:00+00:00
[2023-07-19T16:48:43.852+0000] {processor.py:179} INFO - Processing /home/airflow/.local/lib/python3.7/site-packages/airflow/example_dags/example_xcom.py took 0.079 seconds
[2023-07-19T16:49:13.900+0000] {processor.py:157} INFO - Started process (PID=1801) to work on /home/airflow/.local/lib/python3.7/site-packages/airflow/example_dags/example_xcom.py
[2023-07-19T16:49:13.905+0000] {processor.py:826} INFO - Processing file /home/airflow/.local/lib/python3.7/site-packages/airflow/example_dags/example_xcom.py for tasks to queue
[2023-07-19T16:49:13.906+0000] {logging_mixin.py:150} INFO - [2023-07-19T16:49:13.906+0000] {dagbag.py:541} INFO - Filling up the DagBag from /home/airflow/.local/lib/python3.7/site-packages/airflow/example_dags/example_xcom.py
[2023-07-19T16:49:13.911+0000] {processor.py:836} INFO - DAG(s) dict_keys(['example_xcom']) retrieved from /home/airflow/.local/lib/python3.7/site-packages/airflow/example_dags/example_xcom.py
[2023-07-19T16:49:13.931+0000] {logging_mixin.py:150} INFO - [2023-07-19T16:49:13.930+0000] {dag.py:2742} INFO - Sync 1 DAGs
[2023-07-19T16:49:13.972+0000] {logging_mixin.py:150} INFO - [2023-07-19T16:49:13.972+0000] {dag.py:3508} INFO - Setting next_dagrun for example_xcom to 2021-01-01T00:00:00+00:00, run_after=2021-01-01T00:00:00+00:00
[2023-07-19T16:49:14.004+0000] {processor.py:179} INFO - Processing /home/airflow/.local/lib/python3.7/site-packages/airflow/example_dags/example_xcom.py took 0.105 seconds
[2023-07-19T16:49:44.335+0000] {processor.py:157} INFO - Started process (PID=1856) to work on /home/airflow/.local/lib/python3.7/site-packages/airflow/example_dags/example_xcom.py
[2023-07-19T16:49:44.335+0000] {processor.py:826} INFO - Processing file /home/airflow/.local/lib/python3.7/site-packages/airflow/example_dags/example_xcom.py for tasks to queue
[2023-07-19T16:49:44.336+0000] {logging_mixin.py:150} INFO - [2023-07-19T16:49:44.335+0000] {dagbag.py:541} INFO - Filling up the DagBag from /home/airflow/.local/lib/python3.7/site-packages/airflow/example_dags/example_xcom.py
[2023-07-19T16:49:44.340+0000] {processor.py:836} INFO - DAG(s) dict_keys(['example_xcom']) retrieved from /home/airflow/.local/lib/python3.7/site-packages/airflow/example_dags/example_xcom.py
[2023-07-19T16:49:44.356+0000] {logging_mixin.py:150} INFO - [2023-07-19T16:49:44.356+0000] {dag.py:2742} INFO - Sync 1 DAGs
[2023-07-19T16:49:44.368+0000] {logging_mixin.py:150} INFO - [2023-07-19T16:49:44.368+0000] {dag.py:3508} INFO - Setting next_dagrun for example_xcom to 2021-01-01T00:00:00+00:00, run_after=2021-01-01T00:00:00+00:00
[2023-07-19T16:49:44.376+0000] {processor.py:179} INFO - Processing /home/airflow/.local/lib/python3.7/site-packages/airflow/example_dags/example_xcom.py took 0.042 seconds
[2023-07-19T16:50:14.968+0000] {processor.py:157} INFO - Started process (PID=1911) to work on /home/airflow/.local/lib/python3.7/site-packages/airflow/example_dags/example_xcom.py
[2023-07-19T16:50:14.969+0000] {processor.py:826} INFO - Processing file /home/airflow/.local/lib/python3.7/site-packages/airflow/example_dags/example_xcom.py for tasks to queue
[2023-07-19T16:50:14.976+0000] {logging_mixin.py:150} INFO - [2023-07-19T16:50:14.970+0000] {dagbag.py:541} INFO - Filling up the DagBag from /home/airflow/.local/lib/python3.7/site-packages/airflow/example_dags/example_xcom.py
[2023-07-19T16:50:14.986+0000] {processor.py:836} INFO - DAG(s) dict_keys(['example_xcom']) retrieved from /home/airflow/.local/lib/python3.7/site-packages/airflow/example_dags/example_xcom.py
[2023-07-19T16:50:15.043+0000] {logging_mixin.py:150} INFO - [2023-07-19T16:50:15.043+0000] {dag.py:2742} INFO - Sync 1 DAGs
[2023-07-19T16:50:15.066+0000] {logging_mixin.py:150} INFO - [2023-07-19T16:50:15.066+0000] {dag.py:3508} INFO - Setting next_dagrun for example_xcom to 2021-01-01T00:00:00+00:00, run_after=2021-01-01T00:00:00+00:00
[2023-07-19T16:50:15.078+0000] {processor.py:179} INFO - Processing /home/airflow/.local/lib/python3.7/site-packages/airflow/example_dags/example_xcom.py took 0.112 seconds
[2023-07-19T16:50:45.428+0000] {processor.py:157} INFO - Started process (PID=1966) to work on /home/airflow/.local/lib/python3.7/site-packages/airflow/example_dags/example_xcom.py
[2023-07-19T16:50:45.429+0000] {processor.py:826} INFO - Processing file /home/airflow/.local/lib/python3.7/site-packages/airflow/example_dags/example_xcom.py for tasks to queue
[2023-07-19T16:50:45.429+0000] {logging_mixin.py:150} INFO - [2023-07-19T16:50:45.429+0000] {dagbag.py:541} INFO - Filling up the DagBag from /home/airflow/.local/lib/python3.7/site-packages/airflow/example_dags/example_xcom.py
[2023-07-19T16:50:45.433+0000] {processor.py:836} INFO - DAG(s) dict_keys(['example_xcom']) retrieved from /home/airflow/.local/lib/python3.7/site-packages/airflow/example_dags/example_xcom.py
[2023-07-19T16:50:45.446+0000] {logging_mixin.py:150} INFO - [2023-07-19T16:50:45.446+0000] {dag.py:2742} INFO - Sync 1 DAGs
[2023-07-19T16:50:45.457+0000] {logging_mixin.py:150} INFO - [2023-07-19T16:50:45.456+0000] {dag.py:3508} INFO - Setting next_dagrun for example_xcom to 2021-01-01T00:00:00+00:00, run_after=2021-01-01T00:00:00+00:00
[2023-07-19T16:50:45.463+0000] {processor.py:179} INFO - Processing /home/airflow/.local/lib/python3.7/site-packages/airflow/example_dags/example_xcom.py took 0.037 seconds
[2023-07-19T16:51:15.937+0000] {processor.py:157} INFO - Started process (PID=2021) to work on /home/airflow/.local/lib/python3.7/site-packages/airflow/example_dags/example_xcom.py
[2023-07-19T16:51:15.939+0000] {processor.py:826} INFO - Processing file /home/airflow/.local/lib/python3.7/site-packages/airflow/example_dags/example_xcom.py for tasks to queue
[2023-07-19T16:51:15.941+0000] {logging_mixin.py:150} INFO - [2023-07-19T16:51:15.941+0000] {dagbag.py:541} INFO - Filling up the DagBag from /home/airflow/.local/lib/python3.7/site-packages/airflow/example_dags/example_xcom.py
[2023-07-19T16:51:15.946+0000] {processor.py:836} INFO - DAG(s) dict_keys(['example_xcom']) retrieved from /home/airflow/.local/lib/python3.7/site-packages/airflow/example_dags/example_xcom.py
[2023-07-19T16:51:15.981+0000] {logging_mixin.py:150} INFO - [2023-07-19T16:51:15.981+0000] {dag.py:2742} INFO - Sync 1 DAGs
[2023-07-19T16:51:16.001+0000] {logging_mixin.py:150} INFO - [2023-07-19T16:51:16.001+0000] {dag.py:3508} INFO - Setting next_dagrun for example_xcom to 2021-01-01T00:00:00+00:00, run_after=2021-01-01T00:00:00+00:00
[2023-07-19T16:51:16.011+0000] {processor.py:179} INFO - Processing /home/airflow/.local/lib/python3.7/site-packages/airflow/example_dags/example_xcom.py took 0.076 seconds
[2023-07-19T16:51:46.200+0000] {processor.py:157} INFO - Started process (PID=2076) to work on /home/airflow/.local/lib/python3.7/site-packages/airflow/example_dags/example_xcom.py
[2023-07-19T16:51:46.200+0000] {processor.py:826} INFO - Processing file /home/airflow/.local/lib/python3.7/site-packages/airflow/example_dags/example_xcom.py for tasks to queue
[2023-07-19T16:51:46.200+0000] {logging_mixin.py:150} INFO - [2023-07-19T16:51:46.200+0000] {dagbag.py:541} INFO - Filling up the DagBag from /home/airflow/.local/lib/python3.7/site-packages/airflow/example_dags/example_xcom.py
[2023-07-19T16:51:46.206+0000] {processor.py:836} INFO - DAG(s) dict_keys(['example_xcom']) retrieved from /home/airflow/.local/lib/python3.7/site-packages/airflow/example_dags/example_xcom.py
[2023-07-19T16:51:46.227+0000] {logging_mixin.py:150} INFO - [2023-07-19T16:51:46.227+0000] {dag.py:2742} INFO - Sync 1 DAGs
[2023-07-19T16:51:46.248+0000] {logging_mixin.py:150} INFO - [2023-07-19T16:51:46.248+0000] {dag.py:3508} INFO - Setting next_dagrun for example_xcom to 2021-01-01T00:00:00+00:00, run_after=2021-01-01T00:00:00+00:00
[2023-07-19T16:51:46.261+0000] {processor.py:179} INFO - Processing /home/airflow/.local/lib/python3.7/site-packages/airflow/example_dags/example_xcom.py took 0.063 seconds
[2023-07-19T16:52:16.438+0000] {processor.py:157} INFO - Started process (PID=2131) to work on /home/airflow/.local/lib/python3.7/site-packages/airflow/example_dags/example_xcom.py
[2023-07-19T16:52:16.438+0000] {processor.py:826} INFO - Processing file /home/airflow/.local/lib/python3.7/site-packages/airflow/example_dags/example_xcom.py for tasks to queue
[2023-07-19T16:52:16.439+0000] {logging_mixin.py:150} INFO - [2023-07-19T16:52:16.438+0000] {dagbag.py:541} INFO - Filling up the DagBag from /home/airflow/.local/lib/python3.7/site-packages/airflow/example_dags/example_xcom.py
[2023-07-19T16:52:16.442+0000] {processor.py:836} INFO - DAG(s) dict_keys(['example_xcom']) retrieved from /home/airflow/.local/lib/python3.7/site-packages/airflow/example_dags/example_xcom.py
[2023-07-19T16:52:16.457+0000] {logging_mixin.py:150} INFO - [2023-07-19T16:52:16.457+0000] {dag.py:2742} INFO - Sync 1 DAGs
[2023-07-19T16:52:16.470+0000] {logging_mixin.py:150} INFO - [2023-07-19T16:52:16.470+0000] {dag.py:3508} INFO - Setting next_dagrun for example_xcom to 2021-01-01T00:00:00+00:00, run_after=2021-01-01T00:00:00+00:00
[2023-07-19T16:52:16.477+0000] {processor.py:179} INFO - Processing /home/airflow/.local/lib/python3.7/site-packages/airflow/example_dags/example_xcom.py took 0.041 seconds
[2023-07-19T16:52:47.308+0000] {processor.py:157} INFO - Started process (PID=2182) to work on /home/airflow/.local/lib/python3.7/site-packages/airflow/example_dags/example_xcom.py
[2023-07-19T16:52:47.309+0000] {processor.py:826} INFO - Processing file /home/airflow/.local/lib/python3.7/site-packages/airflow/example_dags/example_xcom.py for tasks to queue
[2023-07-19T16:52:47.309+0000] {logging_mixin.py:150} INFO - [2023-07-19T16:52:47.309+0000] {dagbag.py:541} INFO - Filling up the DagBag from /home/airflow/.local/lib/python3.7/site-packages/airflow/example_dags/example_xcom.py
[2023-07-19T16:52:47.314+0000] {processor.py:836} INFO - DAG(s) dict_keys(['example_xcom']) retrieved from /home/airflow/.local/lib/python3.7/site-packages/airflow/example_dags/example_xcom.py
[2023-07-19T16:52:47.330+0000] {logging_mixin.py:150} INFO - [2023-07-19T16:52:47.330+0000] {dag.py:2742} INFO - Sync 1 DAGs
[2023-07-19T16:52:47.343+0000] {logging_mixin.py:150} INFO - [2023-07-19T16:52:47.343+0000] {dag.py:3508} INFO - Setting next_dagrun for example_xcom to 2021-01-01T00:00:00+00:00, run_after=2021-01-01T00:00:00+00:00
[2023-07-19T16:52:47.350+0000] {processor.py:179} INFO - Processing /home/airflow/.local/lib/python3.7/site-packages/airflow/example_dags/example_xcom.py took 0.045 seconds
