[2023-07-19T16:32:52.824+0000] {processor.py:157} INFO - Started process (PID=67) to work on /home/airflow/.local/lib/python3.7/site-packages/airflow/example_dags/example_short_circuit_operator.py
[2023-07-19T16:32:52.824+0000] {processor.py:826} INFO - Processing file /home/airflow/.local/lib/python3.7/site-packages/airflow/example_dags/example_short_circuit_operator.py for tasks to queue
[2023-07-19T16:32:52.834+0000] {logging_mixin.py:150} INFO - [2023-07-19T16:32:52.834+0000] {dagbag.py:541} INFO - Filling up the DagBag from /home/airflow/.local/lib/python3.7/site-packages/airflow/example_dags/example_short_circuit_operator.py
[2023-07-19T16:32:52.849+0000] {processor.py:836} INFO - DAG(s) dict_keys(['example_short_circuit_operator']) retrieved from /home/airflow/.local/lib/python3.7/site-packages/airflow/example_dags/example_short_circuit_operator.py
[2023-07-19T16:32:52.889+0000] {logging_mixin.py:150} INFO - [2023-07-19T16:32:52.889+0000] {dag.py:2742} INFO - Sync 1 DAGs
[2023-07-19T16:32:52.930+0000] {logging_mixin.py:150} INFO - [2023-07-19T16:32:52.930+0000] {dag.py:3508} INFO - Setting next_dagrun for example_short_circuit_operator to 2023-07-18T16:32:52.929747+00:00, run_after=2023-07-19T16:32:52.929747+00:00
[2023-07-19T16:32:52.989+0000] {processor.py:179} INFO - Processing /home/airflow/.local/lib/python3.7/site-packages/airflow/example_dags/example_short_circuit_operator.py took 0.169 seconds
[2023-07-19T16:33:23.169+0000] {processor.py:157} INFO - Started process (PID=122) to work on /home/airflow/.local/lib/python3.7/site-packages/airflow/example_dags/example_short_circuit_operator.py
[2023-07-19T16:33:23.173+0000] {processor.py:826} INFO - Processing file /home/airflow/.local/lib/python3.7/site-packages/airflow/example_dags/example_short_circuit_operator.py for tasks to queue
[2023-07-19T16:33:23.173+0000] {logging_mixin.py:150} INFO - [2023-07-19T16:33:23.173+0000] {dagbag.py:541} INFO - Filling up the DagBag from /home/airflow/.local/lib/python3.7/site-packages/airflow/example_dags/example_short_circuit_operator.py
[2023-07-19T16:33:23.184+0000] {processor.py:836} INFO - DAG(s) dict_keys(['example_short_circuit_operator']) retrieved from /home/airflow/.local/lib/python3.7/site-packages/airflow/example_dags/example_short_circuit_operator.py
[2023-07-19T16:33:23.235+0000] {logging_mixin.py:150} INFO - [2023-07-19T16:33:23.235+0000] {dag.py:2742} INFO - Sync 1 DAGs
[2023-07-19T16:33:23.270+0000] {logging_mixin.py:150} INFO - [2023-07-19T16:33:23.270+0000] {dag.py:3508} INFO - Setting next_dagrun for example_short_circuit_operator to 2023-07-18T16:33:23.270561+00:00, run_after=2023-07-19T16:33:23.270561+00:00
[2023-07-19T16:33:23.288+0000] {processor.py:179} INFO - Processing /home/airflow/.local/lib/python3.7/site-packages/airflow/example_dags/example_short_circuit_operator.py took 0.124 seconds
[2023-07-19T16:33:53.746+0000] {processor.py:157} INFO - Started process (PID=177) to work on /home/airflow/.local/lib/python3.7/site-packages/airflow/example_dags/example_short_circuit_operator.py
[2023-07-19T16:33:53.746+0000] {processor.py:826} INFO - Processing file /home/airflow/.local/lib/python3.7/site-packages/airflow/example_dags/example_short_circuit_operator.py for tasks to queue
[2023-07-19T16:33:53.747+0000] {logging_mixin.py:150} INFO - [2023-07-19T16:33:53.746+0000] {dagbag.py:541} INFO - Filling up the DagBag from /home/airflow/.local/lib/python3.7/site-packages/airflow/example_dags/example_short_circuit_operator.py
[2023-07-19T16:33:53.752+0000] {processor.py:836} INFO - DAG(s) dict_keys(['example_short_circuit_operator']) retrieved from /home/airflow/.local/lib/python3.7/site-packages/airflow/example_dags/example_short_circuit_operator.py
[2023-07-19T16:33:53.769+0000] {logging_mixin.py:150} INFO - [2023-07-19T16:33:53.769+0000] {dag.py:2742} INFO - Sync 1 DAGs
[2023-07-19T16:33:53.786+0000] {logging_mixin.py:150} INFO - [2023-07-19T16:33:53.786+0000] {dag.py:3508} INFO - Setting next_dagrun for example_short_circuit_operator to 2023-07-18T16:33:53.786051+00:00, run_after=2023-07-19T16:33:53.786051+00:00
[2023-07-19T16:33:53.796+0000] {processor.py:179} INFO - Processing /home/airflow/.local/lib/python3.7/site-packages/airflow/example_dags/example_short_circuit_operator.py took 0.052 seconds
[2023-07-19T16:34:24.434+0000] {processor.py:157} INFO - Started process (PID=232) to work on /home/airflow/.local/lib/python3.7/site-packages/airflow/example_dags/example_short_circuit_operator.py
[2023-07-19T16:34:24.435+0000] {processor.py:826} INFO - Processing file /home/airflow/.local/lib/python3.7/site-packages/airflow/example_dags/example_short_circuit_operator.py for tasks to queue
[2023-07-19T16:34:24.435+0000] {logging_mixin.py:150} INFO - [2023-07-19T16:34:24.435+0000] {dagbag.py:541} INFO - Filling up the DagBag from /home/airflow/.local/lib/python3.7/site-packages/airflow/example_dags/example_short_circuit_operator.py
[2023-07-19T16:34:24.458+0000] {processor.py:836} INFO - DAG(s) dict_keys(['example_short_circuit_operator']) retrieved from /home/airflow/.local/lib/python3.7/site-packages/airflow/example_dags/example_short_circuit_operator.py
[2023-07-19T16:34:24.492+0000] {logging_mixin.py:150} INFO - [2023-07-19T16:34:24.491+0000] {dag.py:2742} INFO - Sync 1 DAGs
[2023-07-19T16:34:24.515+0000] {logging_mixin.py:150} INFO - [2023-07-19T16:34:24.515+0000] {dag.py:3508} INFO - Setting next_dagrun for example_short_circuit_operator to 2023-07-18T16:34:24.515594+00:00, run_after=2023-07-19T16:34:24.515594+00:00
[2023-07-19T16:34:24.524+0000] {processor.py:179} INFO - Processing /home/airflow/.local/lib/python3.7/site-packages/airflow/example_dags/example_short_circuit_operator.py took 0.093 seconds
[2023-07-19T16:34:55.496+0000] {processor.py:157} INFO - Started process (PID=287) to work on /home/airflow/.local/lib/python3.7/site-packages/airflow/example_dags/example_short_circuit_operator.py
[2023-07-19T16:34:55.517+0000] {processor.py:826} INFO - Processing file /home/airflow/.local/lib/python3.7/site-packages/airflow/example_dags/example_short_circuit_operator.py for tasks to queue
[2023-07-19T16:34:55.517+0000] {logging_mixin.py:150} INFO - [2023-07-19T16:34:55.517+0000] {dagbag.py:541} INFO - Filling up the DagBag from /home/airflow/.local/lib/python3.7/site-packages/airflow/example_dags/example_short_circuit_operator.py
[2023-07-19T16:34:55.526+0000] {processor.py:836} INFO - DAG(s) dict_keys(['example_short_circuit_operator']) retrieved from /home/airflow/.local/lib/python3.7/site-packages/airflow/example_dags/example_short_circuit_operator.py
[2023-07-19T16:34:55.571+0000] {logging_mixin.py:150} INFO - [2023-07-19T16:34:55.571+0000] {dag.py:2742} INFO - Sync 1 DAGs
[2023-07-19T16:34:55.597+0000] {logging_mixin.py:150} INFO - [2023-07-19T16:34:55.597+0000] {dag.py:3508} INFO - Setting next_dagrun for example_short_circuit_operator to 2023-07-18T16:34:55.597673+00:00, run_after=2023-07-19T16:34:55.597673+00:00
[2023-07-19T16:34:55.617+0000] {processor.py:179} INFO - Processing /home/airflow/.local/lib/python3.7/site-packages/airflow/example_dags/example_short_circuit_operator.py took 0.122 seconds
[2023-07-19T16:35:26.302+0000] {processor.py:157} INFO - Started process (PID=342) to work on /home/airflow/.local/lib/python3.7/site-packages/airflow/example_dags/example_short_circuit_operator.py
[2023-07-19T16:35:26.307+0000] {processor.py:826} INFO - Processing file /home/airflow/.local/lib/python3.7/site-packages/airflow/example_dags/example_short_circuit_operator.py for tasks to queue
[2023-07-19T16:35:26.307+0000] {logging_mixin.py:150} INFO - [2023-07-19T16:35:26.307+0000] {dagbag.py:541} INFO - Filling up the DagBag from /home/airflow/.local/lib/python3.7/site-packages/airflow/example_dags/example_short_circuit_operator.py
[2023-07-19T16:35:26.324+0000] {processor.py:836} INFO - DAG(s) dict_keys(['example_short_circuit_operator']) retrieved from /home/airflow/.local/lib/python3.7/site-packages/airflow/example_dags/example_short_circuit_operator.py
[2023-07-19T16:35:26.374+0000] {logging_mixin.py:150} INFO - [2023-07-19T16:35:26.374+0000] {dag.py:2742} INFO - Sync 1 DAGs
[2023-07-19T16:35:26.430+0000] {logging_mixin.py:150} INFO - [2023-07-19T16:35:26.430+0000] {dag.py:3508} INFO - Setting next_dagrun for example_short_circuit_operator to 2023-07-18T16:35:26.429660+00:00, run_after=2023-07-19T16:35:26.429660+00:00
[2023-07-19T16:35:26.466+0000] {processor.py:179} INFO - Processing /home/airflow/.local/lib/python3.7/site-packages/airflow/example_dags/example_short_circuit_operator.py took 0.184 seconds
[2023-07-19T16:35:57.003+0000] {processor.py:157} INFO - Started process (PID=398) to work on /home/airflow/.local/lib/python3.7/site-packages/airflow/example_dags/example_short_circuit_operator.py
[2023-07-19T16:35:57.004+0000] {processor.py:826} INFO - Processing file /home/airflow/.local/lib/python3.7/site-packages/airflow/example_dags/example_short_circuit_operator.py for tasks to queue
[2023-07-19T16:35:57.004+0000] {logging_mixin.py:150} INFO - [2023-07-19T16:35:57.004+0000] {dagbag.py:541} INFO - Filling up the DagBag from /home/airflow/.local/lib/python3.7/site-packages/airflow/example_dags/example_short_circuit_operator.py
[2023-07-19T16:35:57.012+0000] {processor.py:836} INFO - DAG(s) dict_keys(['example_short_circuit_operator']) retrieved from /home/airflow/.local/lib/python3.7/site-packages/airflow/example_dags/example_short_circuit_operator.py
[2023-07-19T16:35:57.037+0000] {logging_mixin.py:150} INFO - [2023-07-19T16:35:57.037+0000] {dag.py:2742} INFO - Sync 1 DAGs
[2023-07-19T16:35:57.056+0000] {logging_mixin.py:150} INFO - [2023-07-19T16:35:57.056+0000] {dag.py:3508} INFO - Setting next_dagrun for example_short_circuit_operator to 2023-07-18T16:35:57.055860+00:00, run_after=2023-07-19T16:35:57.055860+00:00
[2023-07-19T16:35:57.067+0000] {processor.py:179} INFO - Processing /home/airflow/.local/lib/python3.7/site-packages/airflow/example_dags/example_short_circuit_operator.py took 0.067 seconds
[2023-07-19T16:36:27.760+0000] {processor.py:157} INFO - Started process (PID=453) to work on /home/airflow/.local/lib/python3.7/site-packages/airflow/example_dags/example_short_circuit_operator.py
[2023-07-19T16:36:27.760+0000] {processor.py:826} INFO - Processing file /home/airflow/.local/lib/python3.7/site-packages/airflow/example_dags/example_short_circuit_operator.py for tasks to queue
[2023-07-19T16:36:27.761+0000] {logging_mixin.py:150} INFO - [2023-07-19T16:36:27.760+0000] {dagbag.py:541} INFO - Filling up the DagBag from /home/airflow/.local/lib/python3.7/site-packages/airflow/example_dags/example_short_circuit_operator.py
[2023-07-19T16:36:27.767+0000] {processor.py:836} INFO - DAG(s) dict_keys(['example_short_circuit_operator']) retrieved from /home/airflow/.local/lib/python3.7/site-packages/airflow/example_dags/example_short_circuit_operator.py
[2023-07-19T16:36:27.787+0000] {logging_mixin.py:150} INFO - [2023-07-19T16:36:27.787+0000] {dag.py:2742} INFO - Sync 1 DAGs
[2023-07-19T16:36:27.803+0000] {logging_mixin.py:150} INFO - [2023-07-19T16:36:27.802+0000] {dag.py:3508} INFO - Setting next_dagrun for example_short_circuit_operator to 2023-07-18T16:36:27.802805+00:00, run_after=2023-07-19T16:36:27.802805+00:00
[2023-07-19T16:36:27.813+0000] {processor.py:179} INFO - Processing /home/airflow/.local/lib/python3.7/site-packages/airflow/example_dags/example_short_circuit_operator.py took 0.056 seconds
[2023-07-19T16:36:58.813+0000] {processor.py:157} INFO - Started process (PID=508) to work on /home/airflow/.local/lib/python3.7/site-packages/airflow/example_dags/example_short_circuit_operator.py
[2023-07-19T16:36:58.813+0000] {processor.py:826} INFO - Processing file /home/airflow/.local/lib/python3.7/site-packages/airflow/example_dags/example_short_circuit_operator.py for tasks to queue
[2023-07-19T16:36:58.814+0000] {logging_mixin.py:150} INFO - [2023-07-19T16:36:58.814+0000] {dagbag.py:541} INFO - Filling up the DagBag from /home/airflow/.local/lib/python3.7/site-packages/airflow/example_dags/example_short_circuit_operator.py
[2023-07-19T16:36:58.821+0000] {processor.py:836} INFO - DAG(s) dict_keys(['example_short_circuit_operator']) retrieved from /home/airflow/.local/lib/python3.7/site-packages/airflow/example_dags/example_short_circuit_operator.py
[2023-07-19T16:36:58.841+0000] {logging_mixin.py:150} INFO - [2023-07-19T16:36:58.841+0000] {dag.py:2742} INFO - Sync 1 DAGs
[2023-07-19T16:36:58.855+0000] {logging_mixin.py:150} INFO - [2023-07-19T16:36:58.855+0000] {dag.py:3508} INFO - Setting next_dagrun for example_short_circuit_operator to 2023-07-18T16:36:58.855541+00:00, run_after=2023-07-19T16:36:58.855541+00:00
[2023-07-19T16:36:58.864+0000] {processor.py:179} INFO - Processing /home/airflow/.local/lib/python3.7/site-packages/airflow/example_dags/example_short_circuit_operator.py took 0.054 seconds
[2023-07-19T16:37:29.784+0000] {processor.py:157} INFO - Started process (PID=563) to work on /home/airflow/.local/lib/python3.7/site-packages/airflow/example_dags/example_short_circuit_operator.py
[2023-07-19T16:37:29.785+0000] {processor.py:826} INFO - Processing file /home/airflow/.local/lib/python3.7/site-packages/airflow/example_dags/example_short_circuit_operator.py for tasks to queue
[2023-07-19T16:37:29.785+0000] {logging_mixin.py:150} INFO - [2023-07-19T16:37:29.785+0000] {dagbag.py:541} INFO - Filling up the DagBag from /home/airflow/.local/lib/python3.7/site-packages/airflow/example_dags/example_short_circuit_operator.py
[2023-07-19T16:37:29.790+0000] {processor.py:836} INFO - DAG(s) dict_keys(['example_short_circuit_operator']) retrieved from /home/airflow/.local/lib/python3.7/site-packages/airflow/example_dags/example_short_circuit_operator.py
[2023-07-19T16:37:29.815+0000] {logging_mixin.py:150} INFO - [2023-07-19T16:37:29.815+0000] {dag.py:2742} INFO - Sync 1 DAGs
[2023-07-19T16:37:29.831+0000] {logging_mixin.py:150} INFO - [2023-07-19T16:37:29.831+0000] {dag.py:3508} INFO - Setting next_dagrun for example_short_circuit_operator to 2023-07-18T16:37:29.831176+00:00, run_after=2023-07-19T16:37:29.831176+00:00
[2023-07-19T16:37:29.840+0000] {processor.py:179} INFO - Processing /home/airflow/.local/lib/python3.7/site-packages/airflow/example_dags/example_short_circuit_operator.py took 0.058 seconds
[2023-07-19T16:38:01.424+0000] {processor.py:157} INFO - Started process (PID=618) to work on /home/airflow/.local/lib/python3.7/site-packages/airflow/example_dags/example_short_circuit_operator.py
[2023-07-19T16:38:01.424+0000] {processor.py:826} INFO - Processing file /home/airflow/.local/lib/python3.7/site-packages/airflow/example_dags/example_short_circuit_operator.py for tasks to queue
[2023-07-19T16:38:01.425+0000] {logging_mixin.py:150} INFO - [2023-07-19T16:38:01.424+0000] {dagbag.py:541} INFO - Filling up the DagBag from /home/airflow/.local/lib/python3.7/site-packages/airflow/example_dags/example_short_circuit_operator.py
[2023-07-19T16:38:01.431+0000] {processor.py:836} INFO - DAG(s) dict_keys(['example_short_circuit_operator']) retrieved from /home/airflow/.local/lib/python3.7/site-packages/airflow/example_dags/example_short_circuit_operator.py
[2023-07-19T16:38:01.452+0000] {logging_mixin.py:150} INFO - [2023-07-19T16:38:01.452+0000] {dag.py:2742} INFO - Sync 1 DAGs
[2023-07-19T16:38:01.465+0000] {logging_mixin.py:150} INFO - [2023-07-19T16:38:01.465+0000] {dag.py:3508} INFO - Setting next_dagrun for example_short_circuit_operator to 2023-07-18T16:38:01.465374+00:00, run_after=2023-07-19T16:38:01.465374+00:00
[2023-07-19T16:38:01.488+0000] {processor.py:179} INFO - Processing /home/airflow/.local/lib/python3.7/site-packages/airflow/example_dags/example_short_circuit_operator.py took 0.066 seconds
[2023-07-19T16:38:33.687+0000] {processor.py:157} INFO - Started process (PID=673) to work on /home/airflow/.local/lib/python3.7/site-packages/airflow/example_dags/example_short_circuit_operator.py
[2023-07-19T16:38:33.688+0000] {processor.py:826} INFO - Processing file /home/airflow/.local/lib/python3.7/site-packages/airflow/example_dags/example_short_circuit_operator.py for tasks to queue
[2023-07-19T16:38:33.693+0000] {logging_mixin.py:150} INFO - [2023-07-19T16:38:33.688+0000] {dagbag.py:541} INFO - Filling up the DagBag from /home/airflow/.local/lib/python3.7/site-packages/airflow/example_dags/example_short_circuit_operator.py
[2023-07-19T16:38:33.737+0000] {processor.py:836} INFO - DAG(s) dict_keys(['example_short_circuit_operator']) retrieved from /home/airflow/.local/lib/python3.7/site-packages/airflow/example_dags/example_short_circuit_operator.py
[2023-07-19T16:38:33.877+0000] {logging_mixin.py:150} INFO - [2023-07-19T16:38:33.877+0000] {dag.py:2742} INFO - Sync 1 DAGs
[2023-07-19T16:38:33.999+0000] {logging_mixin.py:150} INFO - [2023-07-19T16:38:33.999+0000] {dag.py:3508} INFO - Setting next_dagrun for example_short_circuit_operator to 2023-07-18T16:38:33.999248+00:00, run_after=2023-07-19T16:38:33.999248+00:00
[2023-07-19T16:38:34.069+0000] {processor.py:179} INFO - Processing /home/airflow/.local/lib/python3.7/site-packages/airflow/example_dags/example_short_circuit_operator.py took 0.396 seconds
[2023-07-19T16:39:04.688+0000] {processor.py:157} INFO - Started process (PID=728) to work on /home/airflow/.local/lib/python3.7/site-packages/airflow/example_dags/example_short_circuit_operator.py
[2023-07-19T16:39:04.689+0000] {processor.py:826} INFO - Processing file /home/airflow/.local/lib/python3.7/site-packages/airflow/example_dags/example_short_circuit_operator.py for tasks to queue
[2023-07-19T16:39:04.690+0000] {logging_mixin.py:150} INFO - [2023-07-19T16:39:04.690+0000] {dagbag.py:541} INFO - Filling up the DagBag from /home/airflow/.local/lib/python3.7/site-packages/airflow/example_dags/example_short_circuit_operator.py
[2023-07-19T16:39:04.696+0000] {processor.py:836} INFO - DAG(s) dict_keys(['example_short_circuit_operator']) retrieved from /home/airflow/.local/lib/python3.7/site-packages/airflow/example_dags/example_short_circuit_operator.py
[2023-07-19T16:39:04.732+0000] {logging_mixin.py:150} INFO - [2023-07-19T16:39:04.732+0000] {dag.py:2742} INFO - Sync 1 DAGs
[2023-07-19T16:39:04.771+0000] {logging_mixin.py:150} INFO - [2023-07-19T16:39:04.771+0000] {dag.py:3508} INFO - Setting next_dagrun for example_short_circuit_operator to 2023-07-18T16:39:04.770879+00:00, run_after=2023-07-19T16:39:04.770879+00:00
[2023-07-19T16:39:04.790+0000] {processor.py:179} INFO - Processing /home/airflow/.local/lib/python3.7/site-packages/airflow/example_dags/example_short_circuit_operator.py took 0.111 seconds
[2023-07-19T16:39:35.226+0000] {processor.py:157} INFO - Started process (PID=783) to work on /home/airflow/.local/lib/python3.7/site-packages/airflow/example_dags/example_short_circuit_operator.py
[2023-07-19T16:39:35.227+0000] {processor.py:826} INFO - Processing file /home/airflow/.local/lib/python3.7/site-packages/airflow/example_dags/example_short_circuit_operator.py for tasks to queue
[2023-07-19T16:39:35.228+0000] {logging_mixin.py:150} INFO - [2023-07-19T16:39:35.228+0000] {dagbag.py:541} INFO - Filling up the DagBag from /home/airflow/.local/lib/python3.7/site-packages/airflow/example_dags/example_short_circuit_operator.py
[2023-07-19T16:39:35.235+0000] {processor.py:836} INFO - DAG(s) dict_keys(['example_short_circuit_operator']) retrieved from /home/airflow/.local/lib/python3.7/site-packages/airflow/example_dags/example_short_circuit_operator.py
[2023-07-19T16:39:35.252+0000] {logging_mixin.py:150} INFO - [2023-07-19T16:39:35.252+0000] {dag.py:2742} INFO - Sync 1 DAGs
[2023-07-19T16:39:35.266+0000] {logging_mixin.py:150} INFO - [2023-07-19T16:39:35.266+0000] {dag.py:3508} INFO - Setting next_dagrun for example_short_circuit_operator to 2023-07-18T16:39:35.266455+00:00, run_after=2023-07-19T16:39:35.266455+00:00
[2023-07-19T16:39:35.275+0000] {processor.py:179} INFO - Processing /home/airflow/.local/lib/python3.7/site-packages/airflow/example_dags/example_short_circuit_operator.py took 0.051 seconds
[2023-07-19T16:40:13.709+0000] {processor.py:157} INFO - Started process (PID=838) to work on /home/airflow/.local/lib/python3.7/site-packages/airflow/example_dags/example_short_circuit_operator.py
[2023-07-19T16:40:13.719+0000] {processor.py:826} INFO - Processing file /home/airflow/.local/lib/python3.7/site-packages/airflow/example_dags/example_short_circuit_operator.py for tasks to queue
[2023-07-19T16:40:13.720+0000] {logging_mixin.py:150} INFO - [2023-07-19T16:40:13.720+0000] {dagbag.py:541} INFO - Filling up the DagBag from /home/airflow/.local/lib/python3.7/site-packages/airflow/example_dags/example_short_circuit_operator.py
[2023-07-19T16:40:13.786+0000] {processor.py:836} INFO - DAG(s) dict_keys(['example_short_circuit_operator']) retrieved from /home/airflow/.local/lib/python3.7/site-packages/airflow/example_dags/example_short_circuit_operator.py
[2023-07-19T16:40:13.892+0000] {logging_mixin.py:150} INFO - [2023-07-19T16:40:13.892+0000] {dag.py:2742} INFO - Sync 1 DAGs
[2023-07-19T16:40:14.051+0000] {logging_mixin.py:150} INFO - [2023-07-19T16:40:14.051+0000] {dag.py:3508} INFO - Setting next_dagrun for example_short_circuit_operator to 2023-07-18T16:40:14.051143+00:00, run_after=2023-07-19T16:40:14.051143+00:00
[2023-07-19T16:40:14.066+0000] {processor.py:179} INFO - Processing /home/airflow/.local/lib/python3.7/site-packages/airflow/example_dags/example_short_circuit_operator.py took 0.389 seconds
[2023-07-19T16:40:44.981+0000] {processor.py:157} INFO - Started process (PID=899) to work on /home/airflow/.local/lib/python3.7/site-packages/airflow/example_dags/example_short_circuit_operator.py
[2023-07-19T16:40:44.981+0000] {processor.py:826} INFO - Processing file /home/airflow/.local/lib/python3.7/site-packages/airflow/example_dags/example_short_circuit_operator.py for tasks to queue
[2023-07-19T16:40:44.982+0000] {logging_mixin.py:150} INFO - [2023-07-19T16:40:44.982+0000] {dagbag.py:541} INFO - Filling up the DagBag from /home/airflow/.local/lib/python3.7/site-packages/airflow/example_dags/example_short_circuit_operator.py
[2023-07-19T16:40:44.990+0000] {processor.py:836} INFO - DAG(s) dict_keys(['example_short_circuit_operator']) retrieved from /home/airflow/.local/lib/python3.7/site-packages/airflow/example_dags/example_short_circuit_operator.py
[2023-07-19T16:40:45.033+0000] {logging_mixin.py:150} INFO - [2023-07-19T16:40:45.032+0000] {dag.py:2742} INFO - Sync 1 DAGs
[2023-07-19T16:40:45.059+0000] {logging_mixin.py:150} INFO - [2023-07-19T16:40:45.059+0000] {dag.py:3508} INFO - Setting next_dagrun for example_short_circuit_operator to 2023-07-18T16:40:45.059343+00:00, run_after=2023-07-19T16:40:45.059343+00:00
[2023-07-19T16:40:45.076+0000] {processor.py:179} INFO - Processing /home/airflow/.local/lib/python3.7/site-packages/airflow/example_dags/example_short_circuit_operator.py took 0.097 seconds
[2023-07-19T16:41:15.087+0000] {processor.py:157} INFO - Started process (PID=954) to work on /home/airflow/.local/lib/python3.7/site-packages/airflow/example_dags/example_short_circuit_operator.py
[2023-07-19T16:41:15.088+0000] {processor.py:826} INFO - Processing file /home/airflow/.local/lib/python3.7/site-packages/airflow/example_dags/example_short_circuit_operator.py for tasks to queue
[2023-07-19T16:41:15.088+0000] {logging_mixin.py:150} INFO - [2023-07-19T16:41:15.088+0000] {dagbag.py:541} INFO - Filling up the DagBag from /home/airflow/.local/lib/python3.7/site-packages/airflow/example_dags/example_short_circuit_operator.py
[2023-07-19T16:41:15.093+0000] {processor.py:836} INFO - DAG(s) dict_keys(['example_short_circuit_operator']) retrieved from /home/airflow/.local/lib/python3.7/site-packages/airflow/example_dags/example_short_circuit_operator.py
[2023-07-19T16:41:15.114+0000] {logging_mixin.py:150} INFO - [2023-07-19T16:41:15.114+0000] {dag.py:2742} INFO - Sync 1 DAGs
[2023-07-19T16:41:15.125+0000] {logging_mixin.py:150} INFO - [2023-07-19T16:41:15.125+0000] {dag.py:3508} INFO - Setting next_dagrun for example_short_circuit_operator to 2023-07-18T16:41:15.125701+00:00, run_after=2023-07-19T16:41:15.125701+00:00
[2023-07-19T16:41:15.140+0000] {processor.py:179} INFO - Processing /home/airflow/.local/lib/python3.7/site-packages/airflow/example_dags/example_short_circuit_operator.py took 0.055 seconds
[2023-07-19T16:41:45.714+0000] {processor.py:157} INFO - Started process (PID=1009) to work on /home/airflow/.local/lib/python3.7/site-packages/airflow/example_dags/example_short_circuit_operator.py
[2023-07-19T16:41:45.714+0000] {processor.py:826} INFO - Processing file /home/airflow/.local/lib/python3.7/site-packages/airflow/example_dags/example_short_circuit_operator.py for tasks to queue
[2023-07-19T16:41:45.715+0000] {logging_mixin.py:150} INFO - [2023-07-19T16:41:45.715+0000] {dagbag.py:541} INFO - Filling up the DagBag from /home/airflow/.local/lib/python3.7/site-packages/airflow/example_dags/example_short_circuit_operator.py
[2023-07-19T16:41:45.722+0000] {processor.py:836} INFO - DAG(s) dict_keys(['example_short_circuit_operator']) retrieved from /home/airflow/.local/lib/python3.7/site-packages/airflow/example_dags/example_short_circuit_operator.py
[2023-07-19T16:41:45.740+0000] {logging_mixin.py:150} INFO - [2023-07-19T16:41:45.740+0000] {dag.py:2742} INFO - Sync 1 DAGs
[2023-07-19T16:41:45.753+0000] {logging_mixin.py:150} INFO - [2023-07-19T16:41:45.753+0000] {dag.py:3508} INFO - Setting next_dagrun for example_short_circuit_operator to 2023-07-18T16:41:45.753165+00:00, run_after=2023-07-19T16:41:45.753165+00:00
[2023-07-19T16:41:45.761+0000] {processor.py:179} INFO - Processing /home/airflow/.local/lib/python3.7/site-packages/airflow/example_dags/example_short_circuit_operator.py took 0.051 seconds
[2023-07-19T16:42:15.946+0000] {processor.py:157} INFO - Started process (PID=1063) to work on /home/airflow/.local/lib/python3.7/site-packages/airflow/example_dags/example_short_circuit_operator.py
[2023-07-19T16:42:15.948+0000] {processor.py:826} INFO - Processing file /home/airflow/.local/lib/python3.7/site-packages/airflow/example_dags/example_short_circuit_operator.py for tasks to queue
[2023-07-19T16:42:15.949+0000] {logging_mixin.py:150} INFO - [2023-07-19T16:42:15.948+0000] {dagbag.py:541} INFO - Filling up the DagBag from /home/airflow/.local/lib/python3.7/site-packages/airflow/example_dags/example_short_circuit_operator.py
[2023-07-19T16:42:15.953+0000] {processor.py:836} INFO - DAG(s) dict_keys(['example_short_circuit_operator']) retrieved from /home/airflow/.local/lib/python3.7/site-packages/airflow/example_dags/example_short_circuit_operator.py
[2023-07-19T16:42:15.980+0000] {logging_mixin.py:150} INFO - [2023-07-19T16:42:15.980+0000] {dag.py:2742} INFO - Sync 1 DAGs
[2023-07-19T16:42:15.994+0000] {logging_mixin.py:150} INFO - [2023-07-19T16:42:15.994+0000] {dag.py:3508} INFO - Setting next_dagrun for example_short_circuit_operator to 2023-07-18T16:42:15.994151+00:00, run_after=2023-07-19T16:42:15.994151+00:00
[2023-07-19T16:42:16.006+0000] {processor.py:179} INFO - Processing /home/airflow/.local/lib/python3.7/site-packages/airflow/example_dags/example_short_circuit_operator.py took 0.062 seconds
[2023-07-19T16:42:46.376+0000] {processor.py:157} INFO - Started process (PID=1118) to work on /home/airflow/.local/lib/python3.7/site-packages/airflow/example_dags/example_short_circuit_operator.py
[2023-07-19T16:42:46.377+0000] {processor.py:826} INFO - Processing file /home/airflow/.local/lib/python3.7/site-packages/airflow/example_dags/example_short_circuit_operator.py for tasks to queue
[2023-07-19T16:42:46.378+0000] {logging_mixin.py:150} INFO - [2023-07-19T16:42:46.378+0000] {dagbag.py:541} INFO - Filling up the DagBag from /home/airflow/.local/lib/python3.7/site-packages/airflow/example_dags/example_short_circuit_operator.py
[2023-07-19T16:42:46.390+0000] {processor.py:836} INFO - DAG(s) dict_keys(['example_short_circuit_operator']) retrieved from /home/airflow/.local/lib/python3.7/site-packages/airflow/example_dags/example_short_circuit_operator.py
[2023-07-19T16:42:46.409+0000] {logging_mixin.py:150} INFO - [2023-07-19T16:42:46.409+0000] {dag.py:2742} INFO - Sync 1 DAGs
[2023-07-19T16:42:46.424+0000] {logging_mixin.py:150} INFO - [2023-07-19T16:42:46.424+0000] {dag.py:3508} INFO - Setting next_dagrun for example_short_circuit_operator to 2023-07-18T16:42:46.424317+00:00, run_after=2023-07-19T16:42:46.424317+00:00
[2023-07-19T16:42:46.435+0000] {processor.py:179} INFO - Processing /home/airflow/.local/lib/python3.7/site-packages/airflow/example_dags/example_short_circuit_operator.py took 0.063 seconds
[2023-07-19T16:43:16.683+0000] {processor.py:157} INFO - Started process (PID=1174) to work on /home/airflow/.local/lib/python3.7/site-packages/airflow/example_dags/example_short_circuit_operator.py
[2023-07-19T16:43:16.683+0000] {processor.py:826} INFO - Processing file /home/airflow/.local/lib/python3.7/site-packages/airflow/example_dags/example_short_circuit_operator.py for tasks to queue
[2023-07-19T16:43:16.684+0000] {logging_mixin.py:150} INFO - [2023-07-19T16:43:16.684+0000] {dagbag.py:541} INFO - Filling up the DagBag from /home/airflow/.local/lib/python3.7/site-packages/airflow/example_dags/example_short_circuit_operator.py
[2023-07-19T16:43:16.692+0000] {processor.py:836} INFO - DAG(s) dict_keys(['example_short_circuit_operator']) retrieved from /home/airflow/.local/lib/python3.7/site-packages/airflow/example_dags/example_short_circuit_operator.py
[2023-07-19T16:43:16.737+0000] {logging_mixin.py:150} INFO - [2023-07-19T16:43:16.737+0000] {dag.py:2742} INFO - Sync 1 DAGs
[2023-07-19T16:43:16.754+0000] {logging_mixin.py:150} INFO - [2023-07-19T16:43:16.754+0000] {dag.py:3508} INFO - Setting next_dagrun for example_short_circuit_operator to 2023-07-18T16:43:16.753805+00:00, run_after=2023-07-19T16:43:16.753805+00:00
[2023-07-19T16:43:16.767+0000] {processor.py:179} INFO - Processing /home/airflow/.local/lib/python3.7/site-packages/airflow/example_dags/example_short_circuit_operator.py took 0.086 seconds
[2023-07-19T16:43:47.809+0000] {processor.py:157} INFO - Started process (PID=1229) to work on /home/airflow/.local/lib/python3.7/site-packages/airflow/example_dags/example_short_circuit_operator.py
[2023-07-19T16:43:47.810+0000] {processor.py:826} INFO - Processing file /home/airflow/.local/lib/python3.7/site-packages/airflow/example_dags/example_short_circuit_operator.py for tasks to queue
[2023-07-19T16:43:47.817+0000] {logging_mixin.py:150} INFO - [2023-07-19T16:43:47.812+0000] {dagbag.py:541} INFO - Filling up the DagBag from /home/airflow/.local/lib/python3.7/site-packages/airflow/example_dags/example_short_circuit_operator.py
[2023-07-19T16:43:47.824+0000] {processor.py:836} INFO - DAG(s) dict_keys(['example_short_circuit_operator']) retrieved from /home/airflow/.local/lib/python3.7/site-packages/airflow/example_dags/example_short_circuit_operator.py
[2023-07-19T16:43:47.849+0000] {logging_mixin.py:150} INFO - [2023-07-19T16:43:47.849+0000] {dag.py:2742} INFO - Sync 1 DAGs
[2023-07-19T16:43:47.907+0000] {logging_mixin.py:150} INFO - [2023-07-19T16:43:47.907+0000] {dag.py:3508} INFO - Setting next_dagrun for example_short_circuit_operator to 2023-07-18T16:43:47.907525+00:00, run_after=2023-07-19T16:43:47.907525+00:00
[2023-07-19T16:43:47.921+0000] {processor.py:179} INFO - Processing /home/airflow/.local/lib/python3.7/site-packages/airflow/example_dags/example_short_circuit_operator.py took 0.123 seconds
[2023-07-19T16:44:18.719+0000] {processor.py:157} INFO - Started process (PID=1284) to work on /home/airflow/.local/lib/python3.7/site-packages/airflow/example_dags/example_short_circuit_operator.py
[2023-07-19T16:44:18.720+0000] {processor.py:826} INFO - Processing file /home/airflow/.local/lib/python3.7/site-packages/airflow/example_dags/example_short_circuit_operator.py for tasks to queue
[2023-07-19T16:44:18.721+0000] {logging_mixin.py:150} INFO - [2023-07-19T16:44:18.721+0000] {dagbag.py:541} INFO - Filling up the DagBag from /home/airflow/.local/lib/python3.7/site-packages/airflow/example_dags/example_short_circuit_operator.py
[2023-07-19T16:44:18.729+0000] {processor.py:836} INFO - DAG(s) dict_keys(['example_short_circuit_operator']) retrieved from /home/airflow/.local/lib/python3.7/site-packages/airflow/example_dags/example_short_circuit_operator.py
[2023-07-19T16:44:18.752+0000] {logging_mixin.py:150} INFO - [2023-07-19T16:44:18.752+0000] {dag.py:2742} INFO - Sync 1 DAGs
[2023-07-19T16:44:18.769+0000] {logging_mixin.py:150} INFO - [2023-07-19T16:44:18.769+0000] {dag.py:3508} INFO - Setting next_dagrun for example_short_circuit_operator to 2023-07-18T16:44:18.769231+00:00, run_after=2023-07-19T16:44:18.769231+00:00
[2023-07-19T16:44:18.779+0000] {processor.py:179} INFO - Processing /home/airflow/.local/lib/python3.7/site-packages/airflow/example_dags/example_short_circuit_operator.py took 0.065 seconds
[2023-07-19T16:44:49.459+0000] {processor.py:157} INFO - Started process (PID=1339) to work on /home/airflow/.local/lib/python3.7/site-packages/airflow/example_dags/example_short_circuit_operator.py
[2023-07-19T16:44:49.460+0000] {processor.py:826} INFO - Processing file /home/airflow/.local/lib/python3.7/site-packages/airflow/example_dags/example_short_circuit_operator.py for tasks to queue
[2023-07-19T16:44:49.460+0000] {logging_mixin.py:150} INFO - [2023-07-19T16:44:49.460+0000] {dagbag.py:541} INFO - Filling up the DagBag from /home/airflow/.local/lib/python3.7/site-packages/airflow/example_dags/example_short_circuit_operator.py
[2023-07-19T16:44:49.467+0000] {processor.py:836} INFO - DAG(s) dict_keys(['example_short_circuit_operator']) retrieved from /home/airflow/.local/lib/python3.7/site-packages/airflow/example_dags/example_short_circuit_operator.py
[2023-07-19T16:44:49.485+0000] {logging_mixin.py:150} INFO - [2023-07-19T16:44:49.485+0000] {dag.py:2742} INFO - Sync 1 DAGs
[2023-07-19T16:44:49.500+0000] {logging_mixin.py:150} INFO - [2023-07-19T16:44:49.500+0000] {dag.py:3508} INFO - Setting next_dagrun for example_short_circuit_operator to 2023-07-18T16:44:49.499910+00:00, run_after=2023-07-19T16:44:49.499910+00:00
[2023-07-19T16:44:49.508+0000] {processor.py:179} INFO - Processing /home/airflow/.local/lib/python3.7/site-packages/airflow/example_dags/example_short_circuit_operator.py took 0.052 seconds
[2023-07-19T16:45:19.637+0000] {processor.py:157} INFO - Started process (PID=1394) to work on /home/airflow/.local/lib/python3.7/site-packages/airflow/example_dags/example_short_circuit_operator.py
[2023-07-19T16:45:19.637+0000] {processor.py:826} INFO - Processing file /home/airflow/.local/lib/python3.7/site-packages/airflow/example_dags/example_short_circuit_operator.py for tasks to queue
[2023-07-19T16:45:19.638+0000] {logging_mixin.py:150} INFO - [2023-07-19T16:45:19.638+0000] {dagbag.py:541} INFO - Filling up the DagBag from /home/airflow/.local/lib/python3.7/site-packages/airflow/example_dags/example_short_circuit_operator.py
[2023-07-19T16:45:19.649+0000] {processor.py:836} INFO - DAG(s) dict_keys(['example_short_circuit_operator']) retrieved from /home/airflow/.local/lib/python3.7/site-packages/airflow/example_dags/example_short_circuit_operator.py
[2023-07-19T16:45:19.665+0000] {logging_mixin.py:150} INFO - [2023-07-19T16:45:19.665+0000] {dag.py:2742} INFO - Sync 1 DAGs
[2023-07-19T16:45:19.678+0000] {logging_mixin.py:150} INFO - [2023-07-19T16:45:19.677+0000] {dag.py:3508} INFO - Setting next_dagrun for example_short_circuit_operator to 2023-07-18T16:45:19.677796+00:00, run_after=2023-07-19T16:45:19.677796+00:00
[2023-07-19T16:45:19.686+0000] {processor.py:179} INFO - Processing /home/airflow/.local/lib/python3.7/site-packages/airflow/example_dags/example_short_circuit_operator.py took 0.051 seconds
[2023-07-19T16:45:50.201+0000] {processor.py:157} INFO - Started process (PID=1449) to work on /home/airflow/.local/lib/python3.7/site-packages/airflow/example_dags/example_short_circuit_operator.py
[2023-07-19T16:45:50.204+0000] {processor.py:826} INFO - Processing file /home/airflow/.local/lib/python3.7/site-packages/airflow/example_dags/example_short_circuit_operator.py for tasks to queue
[2023-07-19T16:45:50.205+0000] {logging_mixin.py:150} INFO - [2023-07-19T16:45:50.205+0000] {dagbag.py:541} INFO - Filling up the DagBag from /home/airflow/.local/lib/python3.7/site-packages/airflow/example_dags/example_short_circuit_operator.py
[2023-07-19T16:45:50.215+0000] {processor.py:836} INFO - DAG(s) dict_keys(['example_short_circuit_operator']) retrieved from /home/airflow/.local/lib/python3.7/site-packages/airflow/example_dags/example_short_circuit_operator.py
[2023-07-19T16:45:50.233+0000] {logging_mixin.py:150} INFO - [2023-07-19T16:45:50.232+0000] {dag.py:2742} INFO - Sync 1 DAGs
[2023-07-19T16:45:50.246+0000] {logging_mixin.py:150} INFO - [2023-07-19T16:45:50.245+0000] {dag.py:3508} INFO - Setting next_dagrun for example_short_circuit_operator to 2023-07-18T16:45:50.245750+00:00, run_after=2023-07-19T16:45:50.245750+00:00
[2023-07-19T16:45:50.254+0000] {processor.py:179} INFO - Processing /home/airflow/.local/lib/python3.7/site-packages/airflow/example_dags/example_short_circuit_operator.py took 0.070 seconds
[2023-07-19T16:46:20.924+0000] {processor.py:157} INFO - Started process (PID=1504) to work on /home/airflow/.local/lib/python3.7/site-packages/airflow/example_dags/example_short_circuit_operator.py
[2023-07-19T16:46:20.925+0000] {processor.py:826} INFO - Processing file /home/airflow/.local/lib/python3.7/site-packages/airflow/example_dags/example_short_circuit_operator.py for tasks to queue
[2023-07-19T16:46:20.925+0000] {logging_mixin.py:150} INFO - [2023-07-19T16:46:20.925+0000] {dagbag.py:541} INFO - Filling up the DagBag from /home/airflow/.local/lib/python3.7/site-packages/airflow/example_dags/example_short_circuit_operator.py
[2023-07-19T16:46:20.930+0000] {processor.py:836} INFO - DAG(s) dict_keys(['example_short_circuit_operator']) retrieved from /home/airflow/.local/lib/python3.7/site-packages/airflow/example_dags/example_short_circuit_operator.py
[2023-07-19T16:46:20.954+0000] {logging_mixin.py:150} INFO - [2023-07-19T16:46:20.954+0000] {dag.py:2742} INFO - Sync 1 DAGs
[2023-07-19T16:46:20.986+0000] {logging_mixin.py:150} INFO - [2023-07-19T16:46:20.986+0000] {dag.py:3508} INFO - Setting next_dagrun for example_short_circuit_operator to 2023-07-18T16:46:20.986499+00:00, run_after=2023-07-19T16:46:20.986499+00:00
[2023-07-19T16:46:21.045+0000] {processor.py:179} INFO - Processing /home/airflow/.local/lib/python3.7/site-packages/airflow/example_dags/example_short_circuit_operator.py took 0.124 seconds
[2023-07-19T16:46:51.508+0000] {processor.py:157} INFO - Started process (PID=1559) to work on /home/airflow/.local/lib/python3.7/site-packages/airflow/example_dags/example_short_circuit_operator.py
[2023-07-19T16:46:51.509+0000] {processor.py:826} INFO - Processing file /home/airflow/.local/lib/python3.7/site-packages/airflow/example_dags/example_short_circuit_operator.py for tasks to queue
[2023-07-19T16:46:51.510+0000] {logging_mixin.py:150} INFO - [2023-07-19T16:46:51.510+0000] {dagbag.py:541} INFO - Filling up the DagBag from /home/airflow/.local/lib/python3.7/site-packages/airflow/example_dags/example_short_circuit_operator.py
[2023-07-19T16:46:51.518+0000] {processor.py:836} INFO - DAG(s) dict_keys(['example_short_circuit_operator']) retrieved from /home/airflow/.local/lib/python3.7/site-packages/airflow/example_dags/example_short_circuit_operator.py
[2023-07-19T16:46:51.532+0000] {logging_mixin.py:150} INFO - [2023-07-19T16:46:51.532+0000] {dag.py:2742} INFO - Sync 1 DAGs
[2023-07-19T16:46:51.547+0000] {logging_mixin.py:150} INFO - [2023-07-19T16:46:51.546+0000] {dag.py:3508} INFO - Setting next_dagrun for example_short_circuit_operator to 2023-07-18T16:46:51.546780+00:00, run_after=2023-07-19T16:46:51.546780+00:00
[2023-07-19T16:46:51.555+0000] {processor.py:179} INFO - Processing /home/airflow/.local/lib/python3.7/site-packages/airflow/example_dags/example_short_circuit_operator.py took 0.049 seconds
[2023-07-19T16:47:22.050+0000] {processor.py:157} INFO - Started process (PID=1613) to work on /home/airflow/.local/lib/python3.7/site-packages/airflow/example_dags/example_short_circuit_operator.py
[2023-07-19T16:47:22.050+0000] {processor.py:826} INFO - Processing file /home/airflow/.local/lib/python3.7/site-packages/airflow/example_dags/example_short_circuit_operator.py for tasks to queue
[2023-07-19T16:47:22.050+0000] {logging_mixin.py:150} INFO - [2023-07-19T16:47:22.050+0000] {dagbag.py:541} INFO - Filling up the DagBag from /home/airflow/.local/lib/python3.7/site-packages/airflow/example_dags/example_short_circuit_operator.py
[2023-07-19T16:47:22.054+0000] {processor.py:836} INFO - DAG(s) dict_keys(['example_short_circuit_operator']) retrieved from /home/airflow/.local/lib/python3.7/site-packages/airflow/example_dags/example_short_circuit_operator.py
[2023-07-19T16:47:22.076+0000] {logging_mixin.py:150} INFO - [2023-07-19T16:47:22.076+0000] {dag.py:2742} INFO - Sync 1 DAGs
[2023-07-19T16:47:22.092+0000] {logging_mixin.py:150} INFO - [2023-07-19T16:47:22.092+0000] {dag.py:3508} INFO - Setting next_dagrun for example_short_circuit_operator to 2023-07-18T16:47:22.091816+00:00, run_after=2023-07-19T16:47:22.091816+00:00
[2023-07-19T16:47:22.100+0000] {processor.py:179} INFO - Processing /home/airflow/.local/lib/python3.7/site-packages/airflow/example_dags/example_short_circuit_operator.py took 0.052 seconds
[2023-07-19T16:47:53.928+0000] {processor.py:157} INFO - Started process (PID=1668) to work on /home/airflow/.local/lib/python3.7/site-packages/airflow/example_dags/example_short_circuit_operator.py
[2023-07-19T16:47:53.933+0000] {processor.py:826} INFO - Processing file /home/airflow/.local/lib/python3.7/site-packages/airflow/example_dags/example_short_circuit_operator.py for tasks to queue
[2023-07-19T16:47:53.934+0000] {logging_mixin.py:150} INFO - [2023-07-19T16:47:53.934+0000] {dagbag.py:541} INFO - Filling up the DagBag from /home/airflow/.local/lib/python3.7/site-packages/airflow/example_dags/example_short_circuit_operator.py
[2023-07-19T16:47:53.939+0000] {processor.py:836} INFO - DAG(s) dict_keys(['example_short_circuit_operator']) retrieved from /home/airflow/.local/lib/python3.7/site-packages/airflow/example_dags/example_short_circuit_operator.py
[2023-07-19T16:47:54.010+0000] {logging_mixin.py:150} INFO - [2023-07-19T16:47:54.010+0000] {dag.py:2742} INFO - Sync 1 DAGs
[2023-07-19T16:47:54.053+0000] {logging_mixin.py:150} INFO - [2023-07-19T16:47:54.053+0000] {dag.py:3508} INFO - Setting next_dagrun for example_short_circuit_operator to 2023-07-18T16:47:54.052873+00:00, run_after=2023-07-19T16:47:54.052873+00:00
[2023-07-19T16:47:54.103+0000] {processor.py:179} INFO - Processing /home/airflow/.local/lib/python3.7/site-packages/airflow/example_dags/example_short_circuit_operator.py took 0.178 seconds
[2023-07-19T16:48:24.626+0000] {processor.py:157} INFO - Started process (PID=1723) to work on /home/airflow/.local/lib/python3.7/site-packages/airflow/example_dags/example_short_circuit_operator.py
[2023-07-19T16:48:24.626+0000] {processor.py:826} INFO - Processing file /home/airflow/.local/lib/python3.7/site-packages/airflow/example_dags/example_short_circuit_operator.py for tasks to queue
[2023-07-19T16:48:24.627+0000] {logging_mixin.py:150} INFO - [2023-07-19T16:48:24.627+0000] {dagbag.py:541} INFO - Filling up the DagBag from /home/airflow/.local/lib/python3.7/site-packages/airflow/example_dags/example_short_circuit_operator.py
[2023-07-19T16:48:24.632+0000] {processor.py:836} INFO - DAG(s) dict_keys(['example_short_circuit_operator']) retrieved from /home/airflow/.local/lib/python3.7/site-packages/airflow/example_dags/example_short_circuit_operator.py
[2023-07-19T16:48:24.647+0000] {logging_mixin.py:150} INFO - [2023-07-19T16:48:24.647+0000] {dag.py:2742} INFO - Sync 1 DAGs
[2023-07-19T16:48:24.658+0000] {logging_mixin.py:150} INFO - [2023-07-19T16:48:24.658+0000] {dag.py:3508} INFO - Setting next_dagrun for example_short_circuit_operator to 2023-07-18T16:48:24.658697+00:00, run_after=2023-07-19T16:48:24.658697+00:00
[2023-07-19T16:48:24.666+0000] {processor.py:179} INFO - Processing /home/airflow/.local/lib/python3.7/site-packages/airflow/example_dags/example_short_circuit_operator.py took 0.043 seconds
[2023-07-19T16:48:55.561+0000] {processor.py:157} INFO - Started process (PID=1778) to work on /home/airflow/.local/lib/python3.7/site-packages/airflow/example_dags/example_short_circuit_operator.py
[2023-07-19T16:48:55.562+0000] {processor.py:826} INFO - Processing file /home/airflow/.local/lib/python3.7/site-packages/airflow/example_dags/example_short_circuit_operator.py for tasks to queue
[2023-07-19T16:48:55.563+0000] {logging_mixin.py:150} INFO - [2023-07-19T16:48:55.562+0000] {dagbag.py:541} INFO - Filling up the DagBag from /home/airflow/.local/lib/python3.7/site-packages/airflow/example_dags/example_short_circuit_operator.py
[2023-07-19T16:48:55.568+0000] {processor.py:836} INFO - DAG(s) dict_keys(['example_short_circuit_operator']) retrieved from /home/airflow/.local/lib/python3.7/site-packages/airflow/example_dags/example_short_circuit_operator.py
[2023-07-19T16:48:55.587+0000] {logging_mixin.py:150} INFO - [2023-07-19T16:48:55.586+0000] {dag.py:2742} INFO - Sync 1 DAGs
[2023-07-19T16:48:55.608+0000] {logging_mixin.py:150} INFO - [2023-07-19T16:48:55.608+0000] {dag.py:3508} INFO - Setting next_dagrun for example_short_circuit_operator to 2023-07-18T16:48:55.608513+00:00, run_after=2023-07-19T16:48:55.608513+00:00
[2023-07-19T16:48:55.620+0000] {processor.py:179} INFO - Processing /home/airflow/.local/lib/python3.7/site-packages/airflow/example_dags/example_short_circuit_operator.py took 0.061 seconds
[2023-07-19T16:49:26.194+0000] {processor.py:157} INFO - Started process (PID=1833) to work on /home/airflow/.local/lib/python3.7/site-packages/airflow/example_dags/example_short_circuit_operator.py
[2023-07-19T16:49:26.194+0000] {processor.py:826} INFO - Processing file /home/airflow/.local/lib/python3.7/site-packages/airflow/example_dags/example_short_circuit_operator.py for tasks to queue
[2023-07-19T16:49:26.195+0000] {logging_mixin.py:150} INFO - [2023-07-19T16:49:26.195+0000] {dagbag.py:541} INFO - Filling up the DagBag from /home/airflow/.local/lib/python3.7/site-packages/airflow/example_dags/example_short_circuit_operator.py
[2023-07-19T16:49:26.203+0000] {processor.py:836} INFO - DAG(s) dict_keys(['example_short_circuit_operator']) retrieved from /home/airflow/.local/lib/python3.7/site-packages/airflow/example_dags/example_short_circuit_operator.py
[2023-07-19T16:49:26.229+0000] {logging_mixin.py:150} INFO - [2023-07-19T16:49:26.229+0000] {dag.py:2742} INFO - Sync 1 DAGs
[2023-07-19T16:49:26.245+0000] {logging_mixin.py:150} INFO - [2023-07-19T16:49:26.244+0000] {dag.py:3508} INFO - Setting next_dagrun for example_short_circuit_operator to 2023-07-18T16:49:26.244736+00:00, run_after=2023-07-19T16:49:26.244736+00:00
[2023-07-19T16:49:26.259+0000] {processor.py:179} INFO - Processing /home/airflow/.local/lib/python3.7/site-packages/airflow/example_dags/example_short_circuit_operator.py took 0.067 seconds
[2023-07-19T16:49:57.382+0000] {processor.py:157} INFO - Started process (PID=1888) to work on /home/airflow/.local/lib/python3.7/site-packages/airflow/example_dags/example_short_circuit_operator.py
[2023-07-19T16:49:57.383+0000] {processor.py:826} INFO - Processing file /home/airflow/.local/lib/python3.7/site-packages/airflow/example_dags/example_short_circuit_operator.py for tasks to queue
[2023-07-19T16:49:57.384+0000] {logging_mixin.py:150} INFO - [2023-07-19T16:49:57.383+0000] {dagbag.py:541} INFO - Filling up the DagBag from /home/airflow/.local/lib/python3.7/site-packages/airflow/example_dags/example_short_circuit_operator.py
[2023-07-19T16:49:57.389+0000] {processor.py:836} INFO - DAG(s) dict_keys(['example_short_circuit_operator']) retrieved from /home/airflow/.local/lib/python3.7/site-packages/airflow/example_dags/example_short_circuit_operator.py
[2023-07-19T16:49:57.407+0000] {logging_mixin.py:150} INFO - [2023-07-19T16:49:57.407+0000] {dag.py:2742} INFO - Sync 1 DAGs
[2023-07-19T16:49:57.428+0000] {logging_mixin.py:150} INFO - [2023-07-19T16:49:57.427+0000] {dag.py:3508} INFO - Setting next_dagrun for example_short_circuit_operator to 2023-07-18T16:49:57.427720+00:00, run_after=2023-07-19T16:49:57.427720+00:00
[2023-07-19T16:49:57.438+0000] {processor.py:179} INFO - Processing /home/airflow/.local/lib/python3.7/site-packages/airflow/example_dags/example_short_circuit_operator.py took 0.059 seconds
[2023-07-19T16:50:27.816+0000] {processor.py:157} INFO - Started process (PID=1943) to work on /home/airflow/.local/lib/python3.7/site-packages/airflow/example_dags/example_short_circuit_operator.py
[2023-07-19T16:50:27.818+0000] {processor.py:826} INFO - Processing file /home/airflow/.local/lib/python3.7/site-packages/airflow/example_dags/example_short_circuit_operator.py for tasks to queue
[2023-07-19T16:50:27.818+0000] {logging_mixin.py:150} INFO - [2023-07-19T16:50:27.818+0000] {dagbag.py:541} INFO - Filling up the DagBag from /home/airflow/.local/lib/python3.7/site-packages/airflow/example_dags/example_short_circuit_operator.py
[2023-07-19T16:50:27.825+0000] {processor.py:836} INFO - DAG(s) dict_keys(['example_short_circuit_operator']) retrieved from /home/airflow/.local/lib/python3.7/site-packages/airflow/example_dags/example_short_circuit_operator.py
[2023-07-19T16:50:27.911+0000] {logging_mixin.py:150} INFO - [2023-07-19T16:50:27.911+0000] {dag.py:2742} INFO - Sync 1 DAGs
[2023-07-19T16:50:27.963+0000] {logging_mixin.py:150} INFO - [2023-07-19T16:50:27.963+0000] {dag.py:3508} INFO - Setting next_dagrun for example_short_circuit_operator to 2023-07-18T16:50:27.962888+00:00, run_after=2023-07-19T16:50:27.962888+00:00
[2023-07-19T16:50:27.983+0000] {processor.py:179} INFO - Processing /home/airflow/.local/lib/python3.7/site-packages/airflow/example_dags/example_short_circuit_operator.py took 0.177 seconds
[2023-07-19T16:50:58.895+0000] {processor.py:157} INFO - Started process (PID=1998) to work on /home/airflow/.local/lib/python3.7/site-packages/airflow/example_dags/example_short_circuit_operator.py
[2023-07-19T16:50:58.896+0000] {processor.py:826} INFO - Processing file /home/airflow/.local/lib/python3.7/site-packages/airflow/example_dags/example_short_circuit_operator.py for tasks to queue
[2023-07-19T16:50:58.896+0000] {logging_mixin.py:150} INFO - [2023-07-19T16:50:58.896+0000] {dagbag.py:541} INFO - Filling up the DagBag from /home/airflow/.local/lib/python3.7/site-packages/airflow/example_dags/example_short_circuit_operator.py
[2023-07-19T16:50:58.901+0000] {processor.py:836} INFO - DAG(s) dict_keys(['example_short_circuit_operator']) retrieved from /home/airflow/.local/lib/python3.7/site-packages/airflow/example_dags/example_short_circuit_operator.py
[2023-07-19T16:50:58.921+0000] {logging_mixin.py:150} INFO - [2023-07-19T16:50:58.921+0000] {dag.py:2742} INFO - Sync 1 DAGs
[2023-07-19T16:50:58.936+0000] {logging_mixin.py:150} INFO - [2023-07-19T16:50:58.936+0000] {dag.py:3508} INFO - Setting next_dagrun for example_short_circuit_operator to 2023-07-18T16:50:58.936564+00:00, run_after=2023-07-19T16:50:58.936564+00:00
[2023-07-19T16:50:58.944+0000] {processor.py:179} INFO - Processing /home/airflow/.local/lib/python3.7/site-packages/airflow/example_dags/example_short_circuit_operator.py took 0.051 seconds
