[2023-07-19T16:32:50.200+0000] {processor.py:157} INFO - Started process (PID=45) to work on /home/airflow/.local/lib/python3.7/site-packages/airflow/example_dags/example_subdag_operator.py
[2023-07-19T16:32:50.200+0000] {processor.py:826} INFO - Processing file /home/airflow/.local/lib/python3.7/site-packages/airflow/example_dags/example_subdag_operator.py for tasks to queue
[2023-07-19T16:32:50.204+0000] {logging_mixin.py:150} INFO - [2023-07-19T16:32:50.203+0000] {dagbag.py:541} INFO - Filling up the DagBag from /home/airflow/.local/lib/python3.7/site-packages/airflow/example_dags/example_subdag_operator.py
[2023-07-19T16:32:50.229+0000] {processor.py:836} INFO - DAG(s) dict_keys(['example_subdag_operator.section-1', 'example_subdag_operator.section-2', 'example_subdag_operator']) retrieved from /home/airflow/.local/lib/python3.7/site-packages/airflow/example_dags/example_subdag_operator.py
[2023-07-19T16:32:50.233+0000] {logging_mixin.py:150} INFO - [2023-07-19T16:32:50.233+0000] {dag.py:2742} INFO - Sync 3 DAGs
[2023-07-19T16:32:50.251+0000] {logging_mixin.py:150} INFO - [2023-07-19T16:32:50.251+0000] {dag.py:3508} INFO - Setting next_dagrun for example_subdag_operator to 2022-01-01T00:00:00+00:00, run_after=2022-01-01T00:00:00+00:00
[2023-07-19T16:32:50.253+0000] {logging_mixin.py:150} INFO - [2023-07-19T16:32:50.253+0000] {dag.py:3508} INFO - Setting next_dagrun for example_subdag_operator.section-1 to None, run_after=None
[2023-07-19T16:32:50.254+0000] {logging_mixin.py:150} INFO - [2023-07-19T16:32:50.254+0000] {dag.py:3508} INFO - Setting next_dagrun for example_subdag_operator.section-2 to None, run_after=None
[2023-07-19T16:32:50.260+0000] {logging_mixin.py:150} INFO - [2023-07-19T16:32:50.260+0000] {dag.py:2742} INFO - Sync 2 DAGs
[2023-07-19T16:32:50.273+0000] {logging_mixin.py:150} INFO - [2023-07-19T16:32:50.273+0000] {dag.py:3508} INFO - Setting next_dagrun for example_subdag_operator.section-1 to None, run_after=None
[2023-07-19T16:32:50.273+0000] {logging_mixin.py:150} INFO - [2023-07-19T16:32:50.273+0000] {dag.py:3508} INFO - Setting next_dagrun for example_subdag_operator.section-2 to None, run_after=None
[2023-07-19T16:32:50.278+0000] {processor.py:179} INFO - Processing /home/airflow/.local/lib/python3.7/site-packages/airflow/example_dags/example_subdag_operator.py took 0.079 seconds
[2023-07-19T16:33:20.634+0000] {processor.py:157} INFO - Started process (PID=100) to work on /home/airflow/.local/lib/python3.7/site-packages/airflow/example_dags/example_subdag_operator.py
[2023-07-19T16:33:20.635+0000] {processor.py:826} INFO - Processing file /home/airflow/.local/lib/python3.7/site-packages/airflow/example_dags/example_subdag_operator.py for tasks to queue
[2023-07-19T16:33:20.635+0000] {logging_mixin.py:150} INFO - [2023-07-19T16:33:20.635+0000] {dagbag.py:541} INFO - Filling up the DagBag from /home/airflow/.local/lib/python3.7/site-packages/airflow/example_dags/example_subdag_operator.py
[2023-07-19T16:33:20.664+0000] {processor.py:836} INFO - DAG(s) dict_keys(['example_subdag_operator.section-1', 'example_subdag_operator.section-2', 'example_subdag_operator']) retrieved from /home/airflow/.local/lib/python3.7/site-packages/airflow/example_dags/example_subdag_operator.py
[2023-07-19T16:33:20.677+0000] {logging_mixin.py:150} INFO - [2023-07-19T16:33:20.677+0000] {dag.py:2742} INFO - Sync 3 DAGs
[2023-07-19T16:33:20.730+0000] {logging_mixin.py:150} INFO - [2023-07-19T16:33:20.730+0000] {dag.py:3508} INFO - Setting next_dagrun for example_subdag_operator to 2022-01-01T00:00:00+00:00, run_after=2022-01-01T00:00:00+00:00
[2023-07-19T16:33:20.741+0000] {logging_mixin.py:150} INFO - [2023-07-19T16:33:20.741+0000] {dag.py:3508} INFO - Setting next_dagrun for example_subdag_operator.section-1 to None, run_after=None
[2023-07-19T16:33:20.741+0000] {logging_mixin.py:150} INFO - [2023-07-19T16:33:20.741+0000] {dag.py:3508} INFO - Setting next_dagrun for example_subdag_operator.section-2 to None, run_after=None
[2023-07-19T16:33:20.746+0000] {logging_mixin.py:150} INFO - [2023-07-19T16:33:20.746+0000] {dag.py:2742} INFO - Sync 2 DAGs
[2023-07-19T16:33:20.759+0000] {logging_mixin.py:150} INFO - [2023-07-19T16:33:20.759+0000] {dag.py:3508} INFO - Setting next_dagrun for example_subdag_operator.section-1 to None, run_after=None
[2023-07-19T16:33:20.759+0000] {logging_mixin.py:150} INFO - [2023-07-19T16:33:20.759+0000] {dag.py:3508} INFO - Setting next_dagrun for example_subdag_operator.section-2 to None, run_after=None
[2023-07-19T16:33:20.765+0000] {processor.py:179} INFO - Processing /home/airflow/.local/lib/python3.7/site-packages/airflow/example_dags/example_subdag_operator.py took 0.133 seconds
[2023-07-19T16:33:50.944+0000] {processor.py:157} INFO - Started process (PID=156) to work on /home/airflow/.local/lib/python3.7/site-packages/airflow/example_dags/example_subdag_operator.py
[2023-07-19T16:33:50.945+0000] {processor.py:826} INFO - Processing file /home/airflow/.local/lib/python3.7/site-packages/airflow/example_dags/example_subdag_operator.py for tasks to queue
[2023-07-19T16:33:50.945+0000] {logging_mixin.py:150} INFO - [2023-07-19T16:33:50.945+0000] {dagbag.py:541} INFO - Filling up the DagBag from /home/airflow/.local/lib/python3.7/site-packages/airflow/example_dags/example_subdag_operator.py
[2023-07-19T16:33:50.960+0000] {processor.py:836} INFO - DAG(s) dict_keys(['example_subdag_operator.section-1', 'example_subdag_operator.section-2', 'example_subdag_operator']) retrieved from /home/airflow/.local/lib/python3.7/site-packages/airflow/example_dags/example_subdag_operator.py
[2023-07-19T16:33:50.971+0000] {logging_mixin.py:150} INFO - [2023-07-19T16:33:50.971+0000] {dag.py:2742} INFO - Sync 3 DAGs
[2023-07-19T16:33:50.985+0000] {logging_mixin.py:150} INFO - [2023-07-19T16:33:50.985+0000] {dag.py:3508} INFO - Setting next_dagrun for example_subdag_operator to 2022-01-01T00:00:00+00:00, run_after=2022-01-01T00:00:00+00:00
[2023-07-19T16:33:50.993+0000] {logging_mixin.py:150} INFO - [2023-07-19T16:33:50.987+0000] {dag.py:3508} INFO - Setting next_dagrun for example_subdag_operator.section-1 to None, run_after=None
[2023-07-19T16:33:50.993+0000] {logging_mixin.py:150} INFO - [2023-07-19T16:33:50.993+0000] {dag.py:3508} INFO - Setting next_dagrun for example_subdag_operator.section-2 to None, run_after=None
[2023-07-19T16:33:50.997+0000] {logging_mixin.py:150} INFO - [2023-07-19T16:33:50.997+0000] {dag.py:2742} INFO - Sync 2 DAGs
[2023-07-19T16:33:50.999+0000] {logging_mixin.py:150} INFO - [2023-07-19T16:33:50.999+0000] {dag.py:3508} INFO - Setting next_dagrun for example_subdag_operator.section-1 to None, run_after=None
[2023-07-19T16:33:50.999+0000] {logging_mixin.py:150} INFO - [2023-07-19T16:33:50.999+0000] {dag.py:3508} INFO - Setting next_dagrun for example_subdag_operator.section-2 to None, run_after=None
[2023-07-19T16:33:51.005+0000] {processor.py:179} INFO - Processing /home/airflow/.local/lib/python3.7/site-packages/airflow/example_dags/example_subdag_operator.py took 0.063 seconds
[2023-07-19T16:34:21.953+0000] {processor.py:157} INFO - Started process (PID=210) to work on /home/airflow/.local/lib/python3.7/site-packages/airflow/example_dags/example_subdag_operator.py
[2023-07-19T16:34:21.953+0000] {processor.py:826} INFO - Processing file /home/airflow/.local/lib/python3.7/site-packages/airflow/example_dags/example_subdag_operator.py for tasks to queue
[2023-07-19T16:34:21.953+0000] {logging_mixin.py:150} INFO - [2023-07-19T16:34:21.953+0000] {dagbag.py:541} INFO - Filling up the DagBag from /home/airflow/.local/lib/python3.7/site-packages/airflow/example_dags/example_subdag_operator.py
[2023-07-19T16:34:21.967+0000] {processor.py:836} INFO - DAG(s) dict_keys(['example_subdag_operator.section-1', 'example_subdag_operator.section-2', 'example_subdag_operator']) retrieved from /home/airflow/.local/lib/python3.7/site-packages/airflow/example_dags/example_subdag_operator.py
[2023-07-19T16:34:21.975+0000] {logging_mixin.py:150} INFO - [2023-07-19T16:34:21.975+0000] {dag.py:2742} INFO - Sync 3 DAGs
[2023-07-19T16:34:21.987+0000] {logging_mixin.py:150} INFO - [2023-07-19T16:34:21.987+0000] {dag.py:3508} INFO - Setting next_dagrun for example_subdag_operator to 2022-01-01T00:00:00+00:00, run_after=2022-01-01T00:00:00+00:00
[2023-07-19T16:34:21.988+0000] {logging_mixin.py:150} INFO - [2023-07-19T16:34:21.988+0000] {dag.py:3508} INFO - Setting next_dagrun for example_subdag_operator.section-1 to None, run_after=None
[2023-07-19T16:34:21.989+0000] {logging_mixin.py:150} INFO - [2023-07-19T16:34:21.989+0000] {dag.py:3508} INFO - Setting next_dagrun for example_subdag_operator.section-2 to None, run_after=None
[2023-07-19T16:34:21.992+0000] {logging_mixin.py:150} INFO - [2023-07-19T16:34:21.992+0000] {dag.py:2742} INFO - Sync 2 DAGs
[2023-07-19T16:34:21.994+0000] {logging_mixin.py:150} INFO - [2023-07-19T16:34:21.994+0000] {dag.py:3508} INFO - Setting next_dagrun for example_subdag_operator.section-1 to None, run_after=None
[2023-07-19T16:34:21.994+0000] {logging_mixin.py:150} INFO - [2023-07-19T16:34:21.994+0000] {dag.py:3508} INFO - Setting next_dagrun for example_subdag_operator.section-2 to None, run_after=None
[2023-07-19T16:34:21.999+0000] {processor.py:179} INFO - Processing /home/airflow/.local/lib/python3.7/site-packages/airflow/example_dags/example_subdag_operator.py took 0.048 seconds
[2023-07-19T16:34:52.715+0000] {processor.py:157} INFO - Started process (PID=265) to work on /home/airflow/.local/lib/python3.7/site-packages/airflow/example_dags/example_subdag_operator.py
[2023-07-19T16:34:52.718+0000] {processor.py:826} INFO - Processing file /home/airflow/.local/lib/python3.7/site-packages/airflow/example_dags/example_subdag_operator.py for tasks to queue
[2023-07-19T16:34:52.719+0000] {logging_mixin.py:150} INFO - [2023-07-19T16:34:52.718+0000] {dagbag.py:541} INFO - Filling up the DagBag from /home/airflow/.local/lib/python3.7/site-packages/airflow/example_dags/example_subdag_operator.py
[2023-07-19T16:34:52.735+0000] {processor.py:836} INFO - DAG(s) dict_keys(['example_subdag_operator.section-1', 'example_subdag_operator.section-2', 'example_subdag_operator']) retrieved from /home/airflow/.local/lib/python3.7/site-packages/airflow/example_dags/example_subdag_operator.py
[2023-07-19T16:34:52.748+0000] {logging_mixin.py:150} INFO - [2023-07-19T16:34:52.748+0000] {dag.py:2742} INFO - Sync 3 DAGs
[2023-07-19T16:34:52.770+0000] {logging_mixin.py:150} INFO - [2023-07-19T16:34:52.770+0000] {dag.py:3508} INFO - Setting next_dagrun for example_subdag_operator to 2022-01-01T00:00:00+00:00, run_after=2022-01-01T00:00:00+00:00
[2023-07-19T16:34:52.772+0000] {logging_mixin.py:150} INFO - [2023-07-19T16:34:52.772+0000] {dag.py:3508} INFO - Setting next_dagrun for example_subdag_operator.section-1 to None, run_after=None
[2023-07-19T16:34:52.772+0000] {logging_mixin.py:150} INFO - [2023-07-19T16:34:52.772+0000] {dag.py:3508} INFO - Setting next_dagrun for example_subdag_operator.section-2 to None, run_after=None
[2023-07-19T16:34:52.776+0000] {logging_mixin.py:150} INFO - [2023-07-19T16:34:52.776+0000] {dag.py:2742} INFO - Sync 2 DAGs
[2023-07-19T16:34:52.778+0000] {logging_mixin.py:150} INFO - [2023-07-19T16:34:52.778+0000] {dag.py:3508} INFO - Setting next_dagrun for example_subdag_operator.section-1 to None, run_after=None
[2023-07-19T16:34:52.778+0000] {logging_mixin.py:150} INFO - [2023-07-19T16:34:52.778+0000] {dag.py:3508} INFO - Setting next_dagrun for example_subdag_operator.section-2 to None, run_after=None
[2023-07-19T16:34:52.783+0000] {processor.py:179} INFO - Processing /home/airflow/.local/lib/python3.7/site-packages/airflow/example_dags/example_subdag_operator.py took 0.071 seconds
[2023-07-19T16:35:23.925+0000] {processor.py:157} INFO - Started process (PID=320) to work on /home/airflow/.local/lib/python3.7/site-packages/airflow/example_dags/example_subdag_operator.py
[2023-07-19T16:35:23.926+0000] {processor.py:826} INFO - Processing file /home/airflow/.local/lib/python3.7/site-packages/airflow/example_dags/example_subdag_operator.py for tasks to queue
[2023-07-19T16:35:23.926+0000] {logging_mixin.py:150} INFO - [2023-07-19T16:35:23.926+0000] {dagbag.py:541} INFO - Filling up the DagBag from /home/airflow/.local/lib/python3.7/site-packages/airflow/example_dags/example_subdag_operator.py
[2023-07-19T16:35:23.948+0000] {processor.py:836} INFO - DAG(s) dict_keys(['example_subdag_operator.section-1', 'example_subdag_operator.section-2', 'example_subdag_operator']) retrieved from /home/airflow/.local/lib/python3.7/site-packages/airflow/example_dags/example_subdag_operator.py
[2023-07-19T16:35:23.950+0000] {logging_mixin.py:150} INFO - [2023-07-19T16:35:23.950+0000] {dag.py:2742} INFO - Sync 3 DAGs
[2023-07-19T16:35:23.993+0000] {logging_mixin.py:150} INFO - [2023-07-19T16:35:23.993+0000] {dag.py:3508} INFO - Setting next_dagrun for example_subdag_operator to 2022-01-01T00:00:00+00:00, run_after=2022-01-01T00:00:00+00:00
[2023-07-19T16:35:23.995+0000] {logging_mixin.py:150} INFO - [2023-07-19T16:35:23.995+0000] {dag.py:3508} INFO - Setting next_dagrun for example_subdag_operator.section-1 to None, run_after=None
[2023-07-19T16:35:23.995+0000] {logging_mixin.py:150} INFO - [2023-07-19T16:35:23.995+0000] {dag.py:3508} INFO - Setting next_dagrun for example_subdag_operator.section-2 to None, run_after=None
[2023-07-19T16:35:24.017+0000] {logging_mixin.py:150} INFO - [2023-07-19T16:35:24.017+0000] {dag.py:2742} INFO - Sync 2 DAGs
[2023-07-19T16:35:24.023+0000] {logging_mixin.py:150} INFO - [2023-07-19T16:35:24.023+0000] {dag.py:3508} INFO - Setting next_dagrun for example_subdag_operator.section-1 to None, run_after=None
[2023-07-19T16:35:24.023+0000] {logging_mixin.py:150} INFO - [2023-07-19T16:35:24.023+0000] {dag.py:3508} INFO - Setting next_dagrun for example_subdag_operator.section-2 to None, run_after=None
[2023-07-19T16:35:24.031+0000] {processor.py:179} INFO - Processing /home/airflow/.local/lib/python3.7/site-packages/airflow/example_dags/example_subdag_operator.py took 0.107 seconds
[2023-07-19T16:35:54.234+0000] {processor.py:157} INFO - Started process (PID=376) to work on /home/airflow/.local/lib/python3.7/site-packages/airflow/example_dags/example_subdag_operator.py
[2023-07-19T16:35:54.234+0000] {processor.py:826} INFO - Processing file /home/airflow/.local/lib/python3.7/site-packages/airflow/example_dags/example_subdag_operator.py for tasks to queue
[2023-07-19T16:35:54.235+0000] {logging_mixin.py:150} INFO - [2023-07-19T16:35:54.235+0000] {dagbag.py:541} INFO - Filling up the DagBag from /home/airflow/.local/lib/python3.7/site-packages/airflow/example_dags/example_subdag_operator.py
[2023-07-19T16:35:54.255+0000] {processor.py:836} INFO - DAG(s) dict_keys(['example_subdag_operator.section-1', 'example_subdag_operator.section-2', 'example_subdag_operator']) retrieved from /home/airflow/.local/lib/python3.7/site-packages/airflow/example_dags/example_subdag_operator.py
[2023-07-19T16:35:54.265+0000] {logging_mixin.py:150} INFO - [2023-07-19T16:35:54.265+0000] {dag.py:2742} INFO - Sync 3 DAGs
[2023-07-19T16:35:54.278+0000] {logging_mixin.py:150} INFO - [2023-07-19T16:35:54.278+0000] {dag.py:3508} INFO - Setting next_dagrun for example_subdag_operator to 2022-01-01T00:00:00+00:00, run_after=2022-01-01T00:00:00+00:00
[2023-07-19T16:35:54.280+0000] {logging_mixin.py:150} INFO - [2023-07-19T16:35:54.280+0000] {dag.py:3508} INFO - Setting next_dagrun for example_subdag_operator.section-1 to None, run_after=None
[2023-07-19T16:35:54.280+0000] {logging_mixin.py:150} INFO - [2023-07-19T16:35:54.280+0000] {dag.py:3508} INFO - Setting next_dagrun for example_subdag_operator.section-2 to None, run_after=None
[2023-07-19T16:35:54.284+0000] {logging_mixin.py:150} INFO - [2023-07-19T16:35:54.284+0000] {dag.py:2742} INFO - Sync 2 DAGs
[2023-07-19T16:35:54.286+0000] {logging_mixin.py:150} INFO - [2023-07-19T16:35:54.286+0000] {dag.py:3508} INFO - Setting next_dagrun for example_subdag_operator.section-1 to None, run_after=None
[2023-07-19T16:35:54.286+0000] {logging_mixin.py:150} INFO - [2023-07-19T16:35:54.286+0000] {dag.py:3508} INFO - Setting next_dagrun for example_subdag_operator.section-2 to None, run_after=None
[2023-07-19T16:35:54.291+0000] {processor.py:179} INFO - Processing /home/airflow/.local/lib/python3.7/site-packages/airflow/example_dags/example_subdag_operator.py took 0.060 seconds
[2023-07-19T16:36:24.891+0000] {processor.py:157} INFO - Started process (PID=431) to work on /home/airflow/.local/lib/python3.7/site-packages/airflow/example_dags/example_subdag_operator.py
[2023-07-19T16:36:24.892+0000] {processor.py:826} INFO - Processing file /home/airflow/.local/lib/python3.7/site-packages/airflow/example_dags/example_subdag_operator.py for tasks to queue
[2023-07-19T16:36:24.893+0000] {logging_mixin.py:150} INFO - [2023-07-19T16:36:24.893+0000] {dagbag.py:541} INFO - Filling up the DagBag from /home/airflow/.local/lib/python3.7/site-packages/airflow/example_dags/example_subdag_operator.py
[2023-07-19T16:36:24.915+0000] {processor.py:836} INFO - DAG(s) dict_keys(['example_subdag_operator.section-1', 'example_subdag_operator.section-2', 'example_subdag_operator']) retrieved from /home/airflow/.local/lib/python3.7/site-packages/airflow/example_dags/example_subdag_operator.py
[2023-07-19T16:36:24.928+0000] {logging_mixin.py:150} INFO - [2023-07-19T16:36:24.928+0000] {dag.py:2742} INFO - Sync 3 DAGs
[2023-07-19T16:36:24.943+0000] {logging_mixin.py:150} INFO - [2023-07-19T16:36:24.943+0000] {dag.py:3508} INFO - Setting next_dagrun for example_subdag_operator to 2022-01-01T00:00:00+00:00, run_after=2022-01-01T00:00:00+00:00
[2023-07-19T16:36:24.944+0000] {logging_mixin.py:150} INFO - [2023-07-19T16:36:24.944+0000] {dag.py:3508} INFO - Setting next_dagrun for example_subdag_operator.section-1 to None, run_after=None
[2023-07-19T16:36:24.946+0000] {logging_mixin.py:150} INFO - [2023-07-19T16:36:24.946+0000] {dag.py:3508} INFO - Setting next_dagrun for example_subdag_operator.section-2 to None, run_after=None
[2023-07-19T16:36:24.949+0000] {logging_mixin.py:150} INFO - [2023-07-19T16:36:24.949+0000] {dag.py:2742} INFO - Sync 2 DAGs
[2023-07-19T16:36:24.952+0000] {logging_mixin.py:150} INFO - [2023-07-19T16:36:24.952+0000] {dag.py:3508} INFO - Setting next_dagrun for example_subdag_operator.section-1 to None, run_after=None
[2023-07-19T16:36:24.952+0000] {logging_mixin.py:150} INFO - [2023-07-19T16:36:24.952+0000] {dag.py:3508} INFO - Setting next_dagrun for example_subdag_operator.section-2 to None, run_after=None
[2023-07-19T16:36:24.959+0000] {processor.py:179} INFO - Processing /home/airflow/.local/lib/python3.7/site-packages/airflow/example_dags/example_subdag_operator.py took 0.073 seconds
[2023-07-19T16:36:55.406+0000] {processor.py:157} INFO - Started process (PID=486) to work on /home/airflow/.local/lib/python3.7/site-packages/airflow/example_dags/example_subdag_operator.py
[2023-07-19T16:36:55.406+0000] {processor.py:826} INFO - Processing file /home/airflow/.local/lib/python3.7/site-packages/airflow/example_dags/example_subdag_operator.py for tasks to queue
[2023-07-19T16:36:55.406+0000] {logging_mixin.py:150} INFO - [2023-07-19T16:36:55.406+0000] {dagbag.py:541} INFO - Filling up the DagBag from /home/airflow/.local/lib/python3.7/site-packages/airflow/example_dags/example_subdag_operator.py
[2023-07-19T16:36:55.497+0000] {processor.py:836} INFO - DAG(s) dict_keys(['example_subdag_operator.section-1', 'example_subdag_operator.section-2', 'example_subdag_operator']) retrieved from /home/airflow/.local/lib/python3.7/site-packages/airflow/example_dags/example_subdag_operator.py
[2023-07-19T16:36:55.529+0000] {logging_mixin.py:150} INFO - [2023-07-19T16:36:55.529+0000] {dag.py:2742} INFO - Sync 3 DAGs
[2023-07-19T16:36:55.565+0000] {logging_mixin.py:150} INFO - [2023-07-19T16:36:55.564+0000] {dag.py:3508} INFO - Setting next_dagrun for example_subdag_operator to 2022-01-01T00:00:00+00:00, run_after=2022-01-01T00:00:00+00:00
[2023-07-19T16:36:55.566+0000] {logging_mixin.py:150} INFO - [2023-07-19T16:36:55.566+0000] {dag.py:3508} INFO - Setting next_dagrun for example_subdag_operator.section-1 to None, run_after=None
[2023-07-19T16:36:55.567+0000] {logging_mixin.py:150} INFO - [2023-07-19T16:36:55.567+0000] {dag.py:3508} INFO - Setting next_dagrun for example_subdag_operator.section-2 to None, run_after=None
[2023-07-19T16:36:55.580+0000] {logging_mixin.py:150} INFO - [2023-07-19T16:36:55.580+0000] {dag.py:2742} INFO - Sync 2 DAGs
[2023-07-19T16:36:55.583+0000] {logging_mixin.py:150} INFO - [2023-07-19T16:36:55.583+0000] {dag.py:3508} INFO - Setting next_dagrun for example_subdag_operator.section-1 to None, run_after=None
[2023-07-19T16:36:55.583+0000] {logging_mixin.py:150} INFO - [2023-07-19T16:36:55.583+0000] {dag.py:3508} INFO - Setting next_dagrun for example_subdag_operator.section-2 to None, run_after=None
[2023-07-19T16:36:55.596+0000] {processor.py:179} INFO - Processing /home/airflow/.local/lib/python3.7/site-packages/airflow/example_dags/example_subdag_operator.py took 0.193 seconds
[2023-07-19T16:37:26.331+0000] {processor.py:157} INFO - Started process (PID=541) to work on /home/airflow/.local/lib/python3.7/site-packages/airflow/example_dags/example_subdag_operator.py
[2023-07-19T16:37:26.331+0000] {processor.py:826} INFO - Processing file /home/airflow/.local/lib/python3.7/site-packages/airflow/example_dags/example_subdag_operator.py for tasks to queue
[2023-07-19T16:37:26.332+0000] {logging_mixin.py:150} INFO - [2023-07-19T16:37:26.332+0000] {dagbag.py:541} INFO - Filling up the DagBag from /home/airflow/.local/lib/python3.7/site-packages/airflow/example_dags/example_subdag_operator.py
[2023-07-19T16:37:26.358+0000] {processor.py:836} INFO - DAG(s) dict_keys(['example_subdag_operator.section-1', 'example_subdag_operator.section-2', 'example_subdag_operator']) retrieved from /home/airflow/.local/lib/python3.7/site-packages/airflow/example_dags/example_subdag_operator.py
[2023-07-19T16:37:26.368+0000] {logging_mixin.py:150} INFO - [2023-07-19T16:37:26.368+0000] {dag.py:2742} INFO - Sync 3 DAGs
[2023-07-19T16:37:26.385+0000] {logging_mixin.py:150} INFO - [2023-07-19T16:37:26.384+0000] {dag.py:3508} INFO - Setting next_dagrun for example_subdag_operator to 2022-01-01T00:00:00+00:00, run_after=2022-01-01T00:00:00+00:00
[2023-07-19T16:37:26.386+0000] {logging_mixin.py:150} INFO - [2023-07-19T16:37:26.386+0000] {dag.py:3508} INFO - Setting next_dagrun for example_subdag_operator.section-1 to None, run_after=None
[2023-07-19T16:37:26.386+0000] {logging_mixin.py:150} INFO - [2023-07-19T16:37:26.386+0000] {dag.py:3508} INFO - Setting next_dagrun for example_subdag_operator.section-2 to None, run_after=None
[2023-07-19T16:37:26.389+0000] {logging_mixin.py:150} INFO - [2023-07-19T16:37:26.389+0000] {dag.py:2742} INFO - Sync 2 DAGs
[2023-07-19T16:37:26.392+0000] {logging_mixin.py:150} INFO - [2023-07-19T16:37:26.392+0000] {dag.py:3508} INFO - Setting next_dagrun for example_subdag_operator.section-1 to None, run_after=None
[2023-07-19T16:37:26.392+0000] {logging_mixin.py:150} INFO - [2023-07-19T16:37:26.392+0000] {dag.py:3508} INFO - Setting next_dagrun for example_subdag_operator.section-2 to None, run_after=None
[2023-07-19T16:37:26.396+0000] {processor.py:179} INFO - Processing /home/airflow/.local/lib/python3.7/site-packages/airflow/example_dags/example_subdag_operator.py took 0.068 seconds
[2023-07-19T16:37:56.607+0000] {processor.py:157} INFO - Started process (PID=596) to work on /home/airflow/.local/lib/python3.7/site-packages/airflow/example_dags/example_subdag_operator.py
[2023-07-19T16:37:56.607+0000] {processor.py:826} INFO - Processing file /home/airflow/.local/lib/python3.7/site-packages/airflow/example_dags/example_subdag_operator.py for tasks to queue
[2023-07-19T16:37:56.607+0000] {logging_mixin.py:150} INFO - [2023-07-19T16:37:56.607+0000] {dagbag.py:541} INFO - Filling up the DagBag from /home/airflow/.local/lib/python3.7/site-packages/airflow/example_dags/example_subdag_operator.py
[2023-07-19T16:37:56.624+0000] {processor.py:836} INFO - DAG(s) dict_keys(['example_subdag_operator.section-1', 'example_subdag_operator.section-2', 'example_subdag_operator']) retrieved from /home/airflow/.local/lib/python3.7/site-packages/airflow/example_dags/example_subdag_operator.py
[2023-07-19T16:37:56.633+0000] {logging_mixin.py:150} INFO - [2023-07-19T16:37:56.633+0000] {dag.py:2742} INFO - Sync 3 DAGs
[2023-07-19T16:37:56.648+0000] {logging_mixin.py:150} INFO - [2023-07-19T16:37:56.648+0000] {dag.py:3508} INFO - Setting next_dagrun for example_subdag_operator to 2022-01-01T00:00:00+00:00, run_after=2022-01-01T00:00:00+00:00
[2023-07-19T16:37:56.650+0000] {logging_mixin.py:150} INFO - [2023-07-19T16:37:56.649+0000] {dag.py:3508} INFO - Setting next_dagrun for example_subdag_operator.section-1 to None, run_after=None
[2023-07-19T16:37:56.650+0000] {logging_mixin.py:150} INFO - [2023-07-19T16:37:56.650+0000] {dag.py:3508} INFO - Setting next_dagrun for example_subdag_operator.section-2 to None, run_after=None
[2023-07-19T16:37:56.653+0000] {logging_mixin.py:150} INFO - [2023-07-19T16:37:56.653+0000] {dag.py:2742} INFO - Sync 2 DAGs
[2023-07-19T16:37:56.656+0000] {logging_mixin.py:150} INFO - [2023-07-19T16:37:56.656+0000] {dag.py:3508} INFO - Setting next_dagrun for example_subdag_operator.section-1 to None, run_after=None
[2023-07-19T16:37:56.656+0000] {logging_mixin.py:150} INFO - [2023-07-19T16:37:56.656+0000] {dag.py:3508} INFO - Setting next_dagrun for example_subdag_operator.section-2 to None, run_after=None
[2023-07-19T16:37:56.663+0000] {processor.py:179} INFO - Processing /home/airflow/.local/lib/python3.7/site-packages/airflow/example_dags/example_subdag_operator.py took 0.059 seconds
[2023-07-19T16:38:26.924+0000] {processor.py:157} INFO - Started process (PID=651) to work on /home/airflow/.local/lib/python3.7/site-packages/airflow/example_dags/example_subdag_operator.py
[2023-07-19T16:38:26.925+0000] {processor.py:826} INFO - Processing file /home/airflow/.local/lib/python3.7/site-packages/airflow/example_dags/example_subdag_operator.py for tasks to queue
[2023-07-19T16:38:26.925+0000] {logging_mixin.py:150} INFO - [2023-07-19T16:38:26.925+0000] {dagbag.py:541} INFO - Filling up the DagBag from /home/airflow/.local/lib/python3.7/site-packages/airflow/example_dags/example_subdag_operator.py
[2023-07-19T16:38:26.952+0000] {processor.py:836} INFO - DAG(s) dict_keys(['example_subdag_operator.section-1', 'example_subdag_operator.section-2', 'example_subdag_operator']) retrieved from /home/airflow/.local/lib/python3.7/site-packages/airflow/example_dags/example_subdag_operator.py
[2023-07-19T16:38:26.961+0000] {logging_mixin.py:150} INFO - [2023-07-19T16:38:26.961+0000] {dag.py:2742} INFO - Sync 3 DAGs
[2023-07-19T16:38:26.975+0000] {logging_mixin.py:150} INFO - [2023-07-19T16:38:26.975+0000] {dag.py:3508} INFO - Setting next_dagrun for example_subdag_operator to 2022-01-01T00:00:00+00:00, run_after=2022-01-01T00:00:00+00:00
[2023-07-19T16:38:26.976+0000] {logging_mixin.py:150} INFO - [2023-07-19T16:38:26.976+0000] {dag.py:3508} INFO - Setting next_dagrun for example_subdag_operator.section-1 to None, run_after=None
[2023-07-19T16:38:26.977+0000] {logging_mixin.py:150} INFO - [2023-07-19T16:38:26.977+0000] {dag.py:3508} INFO - Setting next_dagrun for example_subdag_operator.section-2 to None, run_after=None
[2023-07-19T16:38:26.987+0000] {logging_mixin.py:150} INFO - [2023-07-19T16:38:26.987+0000] {dag.py:2742} INFO - Sync 2 DAGs
[2023-07-19T16:38:26.990+0000] {logging_mixin.py:150} INFO - [2023-07-19T16:38:26.990+0000] {dag.py:3508} INFO - Setting next_dagrun for example_subdag_operator.section-1 to None, run_after=None
[2023-07-19T16:38:26.990+0000] {logging_mixin.py:150} INFO - [2023-07-19T16:38:26.990+0000] {dag.py:3508} INFO - Setting next_dagrun for example_subdag_operator.section-2 to None, run_after=None
[2023-07-19T16:38:26.994+0000] {processor.py:179} INFO - Processing /home/airflow/.local/lib/python3.7/site-packages/airflow/example_dags/example_subdag_operator.py took 0.076 seconds
[2023-07-19T16:38:57.072+0000] {processor.py:157} INFO - Started process (PID=706) to work on /home/airflow/.local/lib/python3.7/site-packages/airflow/example_dags/example_subdag_operator.py
[2023-07-19T16:38:57.073+0000] {processor.py:826} INFO - Processing file /home/airflow/.local/lib/python3.7/site-packages/airflow/example_dags/example_subdag_operator.py for tasks to queue
[2023-07-19T16:38:57.073+0000] {logging_mixin.py:150} INFO - [2023-07-19T16:38:57.073+0000] {dagbag.py:541} INFO - Filling up the DagBag from /home/airflow/.local/lib/python3.7/site-packages/airflow/example_dags/example_subdag_operator.py
[2023-07-19T16:38:57.106+0000] {processor.py:836} INFO - DAG(s) dict_keys(['example_subdag_operator.section-1', 'example_subdag_operator.section-2', 'example_subdag_operator']) retrieved from /home/airflow/.local/lib/python3.7/site-packages/airflow/example_dags/example_subdag_operator.py
[2023-07-19T16:38:57.127+0000] {logging_mixin.py:150} INFO - [2023-07-19T16:38:57.127+0000] {dag.py:2742} INFO - Sync 3 DAGs
[2023-07-19T16:38:57.147+0000] {logging_mixin.py:150} INFO - [2023-07-19T16:38:57.147+0000] {dag.py:3508} INFO - Setting next_dagrun for example_subdag_operator to 2022-01-01T00:00:00+00:00, run_after=2022-01-01T00:00:00+00:00
[2023-07-19T16:38:57.151+0000] {logging_mixin.py:150} INFO - [2023-07-19T16:38:57.151+0000] {dag.py:3508} INFO - Setting next_dagrun for example_subdag_operator.section-1 to None, run_after=None
[2023-07-19T16:38:57.151+0000] {logging_mixin.py:150} INFO - [2023-07-19T16:38:57.151+0000] {dag.py:3508} INFO - Setting next_dagrun for example_subdag_operator.section-2 to None, run_after=None
[2023-07-19T16:38:57.155+0000] {logging_mixin.py:150} INFO - [2023-07-19T16:38:57.155+0000] {dag.py:2742} INFO - Sync 2 DAGs
[2023-07-19T16:38:57.157+0000] {logging_mixin.py:150} INFO - [2023-07-19T16:38:57.157+0000] {dag.py:3508} INFO - Setting next_dagrun for example_subdag_operator.section-1 to None, run_after=None
[2023-07-19T16:38:57.157+0000] {logging_mixin.py:150} INFO - [2023-07-19T16:38:57.157+0000] {dag.py:3508} INFO - Setting next_dagrun for example_subdag_operator.section-2 to None, run_after=None
[2023-07-19T16:38:57.166+0000] {processor.py:179} INFO - Processing /home/airflow/.local/lib/python3.7/site-packages/airflow/example_dags/example_subdag_operator.py took 0.096 seconds
[2023-07-19T16:39:27.317+0000] {processor.py:157} INFO - Started process (PID=761) to work on /home/airflow/.local/lib/python3.7/site-packages/airflow/example_dags/example_subdag_operator.py
[2023-07-19T16:39:27.317+0000] {processor.py:826} INFO - Processing file /home/airflow/.local/lib/python3.7/site-packages/airflow/example_dags/example_subdag_operator.py for tasks to queue
[2023-07-19T16:39:27.317+0000] {logging_mixin.py:150} INFO - [2023-07-19T16:39:27.317+0000] {dagbag.py:541} INFO - Filling up the DagBag from /home/airflow/.local/lib/python3.7/site-packages/airflow/example_dags/example_subdag_operator.py
[2023-07-19T16:39:27.334+0000] {processor.py:836} INFO - DAG(s) dict_keys(['example_subdag_operator.section-1', 'example_subdag_operator.section-2', 'example_subdag_operator']) retrieved from /home/airflow/.local/lib/python3.7/site-packages/airflow/example_dags/example_subdag_operator.py
[2023-07-19T16:39:27.343+0000] {logging_mixin.py:150} INFO - [2023-07-19T16:39:27.343+0000] {dag.py:2742} INFO - Sync 3 DAGs
[2023-07-19T16:39:27.356+0000] {logging_mixin.py:150} INFO - [2023-07-19T16:39:27.356+0000] {dag.py:3508} INFO - Setting next_dagrun for example_subdag_operator to 2022-01-01T00:00:00+00:00, run_after=2022-01-01T00:00:00+00:00
[2023-07-19T16:39:27.357+0000] {logging_mixin.py:150} INFO - [2023-07-19T16:39:27.357+0000] {dag.py:3508} INFO - Setting next_dagrun for example_subdag_operator.section-1 to None, run_after=None
[2023-07-19T16:39:27.358+0000] {logging_mixin.py:150} INFO - [2023-07-19T16:39:27.358+0000] {dag.py:3508} INFO - Setting next_dagrun for example_subdag_operator.section-2 to None, run_after=None
[2023-07-19T16:39:27.364+0000] {logging_mixin.py:150} INFO - [2023-07-19T16:39:27.361+0000] {dag.py:2742} INFO - Sync 2 DAGs
[2023-07-19T16:39:27.366+0000] {logging_mixin.py:150} INFO - [2023-07-19T16:39:27.366+0000] {dag.py:3508} INFO - Setting next_dagrun for example_subdag_operator.section-1 to None, run_after=None
[2023-07-19T16:39:27.366+0000] {logging_mixin.py:150} INFO - [2023-07-19T16:39:27.366+0000] {dag.py:3508} INFO - Setting next_dagrun for example_subdag_operator.section-2 to None, run_after=None
[2023-07-19T16:39:27.371+0000] {processor.py:179} INFO - Processing /home/airflow/.local/lib/python3.7/site-packages/airflow/example_dags/example_subdag_operator.py took 0.056 seconds
[2023-07-19T16:40:06.408+0000] {processor.py:157} INFO - Started process (PID=816) to work on /home/airflow/.local/lib/python3.7/site-packages/airflow/example_dags/example_subdag_operator.py
[2023-07-19T16:40:06.455+0000] {processor.py:826} INFO - Processing file /home/airflow/.local/lib/python3.7/site-packages/airflow/example_dags/example_subdag_operator.py for tasks to queue
[2023-07-19T16:40:06.458+0000] {logging_mixin.py:150} INFO - [2023-07-19T16:40:06.458+0000] {dagbag.py:541} INFO - Filling up the DagBag from /home/airflow/.local/lib/python3.7/site-packages/airflow/example_dags/example_subdag_operator.py
[2023-07-19T16:40:06.635+0000] {processor.py:836} INFO - DAG(s) dict_keys(['example_subdag_operator.section-1', 'example_subdag_operator.section-2', 'example_subdag_operator']) retrieved from /home/airflow/.local/lib/python3.7/site-packages/airflow/example_dags/example_subdag_operator.py
[2023-07-19T16:40:06.797+0000] {logging_mixin.py:150} INFO - [2023-07-19T16:40:06.797+0000] {dag.py:2742} INFO - Sync 3 DAGs
[2023-07-19T16:40:07.023+0000] {logging_mixin.py:150} INFO - [2023-07-19T16:40:07.022+0000] {dag.py:3508} INFO - Setting next_dagrun for example_subdag_operator to 2022-01-01T00:00:00+00:00, run_after=2022-01-01T00:00:00+00:00
[2023-07-19T16:40:07.039+0000] {logging_mixin.py:150} INFO - [2023-07-19T16:40:07.038+0000] {dag.py:3508} INFO - Setting next_dagrun for example_subdag_operator.section-1 to None, run_after=None
[2023-07-19T16:40:07.049+0000] {logging_mixin.py:150} INFO - [2023-07-19T16:40:07.049+0000] {dag.py:3508} INFO - Setting next_dagrun for example_subdag_operator.section-2 to None, run_after=None
[2023-07-19T16:40:07.078+0000] {logging_mixin.py:150} INFO - [2023-07-19T16:40:07.078+0000] {dag.py:2742} INFO - Sync 2 DAGs
[2023-07-19T16:40:07.104+0000] {logging_mixin.py:150} INFO - [2023-07-19T16:40:07.104+0000] {dag.py:3508} INFO - Setting next_dagrun for example_subdag_operator.section-1 to None, run_after=None
[2023-07-19T16:40:07.104+0000] {logging_mixin.py:150} INFO - [2023-07-19T16:40:07.104+0000] {dag.py:3508} INFO - Setting next_dagrun for example_subdag_operator.section-2 to None, run_after=None
[2023-07-19T16:40:07.137+0000] {processor.py:179} INFO - Processing /home/airflow/.local/lib/python3.7/site-packages/airflow/example_dags/example_subdag_operator.py took 0.731 seconds
[2023-07-19T16:40:38.024+0000] {processor.py:157} INFO - Started process (PID=871) to work on /home/airflow/.local/lib/python3.7/site-packages/airflow/example_dags/example_subdag_operator.py
[2023-07-19T16:40:38.026+0000] {processor.py:826} INFO - Processing file /home/airflow/.local/lib/python3.7/site-packages/airflow/example_dags/example_subdag_operator.py for tasks to queue
[2023-07-19T16:40:38.027+0000] {logging_mixin.py:150} INFO - [2023-07-19T16:40:38.026+0000] {dagbag.py:541} INFO - Filling up the DagBag from /home/airflow/.local/lib/python3.7/site-packages/airflow/example_dags/example_subdag_operator.py
[2023-07-19T16:40:38.046+0000] {processor.py:836} INFO - DAG(s) dict_keys(['example_subdag_operator.section-1', 'example_subdag_operator.section-2', 'example_subdag_operator']) retrieved from /home/airflow/.local/lib/python3.7/site-packages/airflow/example_dags/example_subdag_operator.py
[2023-07-19T16:40:38.057+0000] {logging_mixin.py:150} INFO - [2023-07-19T16:40:38.057+0000] {dag.py:2742} INFO - Sync 3 DAGs
[2023-07-19T16:40:38.070+0000] {logging_mixin.py:150} INFO - [2023-07-19T16:40:38.070+0000] {dag.py:3508} INFO - Setting next_dagrun for example_subdag_operator to 2022-01-01T00:00:00+00:00, run_after=2022-01-01T00:00:00+00:00
[2023-07-19T16:40:38.072+0000] {logging_mixin.py:150} INFO - [2023-07-19T16:40:38.072+0000] {dag.py:3508} INFO - Setting next_dagrun for example_subdag_operator.section-1 to None, run_after=None
[2023-07-19T16:40:38.072+0000] {logging_mixin.py:150} INFO - [2023-07-19T16:40:38.072+0000] {dag.py:3508} INFO - Setting next_dagrun for example_subdag_operator.section-2 to None, run_after=None
[2023-07-19T16:40:38.075+0000] {logging_mixin.py:150} INFO - [2023-07-19T16:40:38.075+0000] {dag.py:2742} INFO - Sync 2 DAGs
[2023-07-19T16:40:38.078+0000] {logging_mixin.py:150} INFO - [2023-07-19T16:40:38.078+0000] {dag.py:3508} INFO - Setting next_dagrun for example_subdag_operator.section-1 to None, run_after=None
[2023-07-19T16:40:38.078+0000] {logging_mixin.py:150} INFO - [2023-07-19T16:40:38.078+0000] {dag.py:3508} INFO - Setting next_dagrun for example_subdag_operator.section-2 to None, run_after=None
[2023-07-19T16:40:38.082+0000] {processor.py:179} INFO - Processing /home/airflow/.local/lib/python3.7/site-packages/airflow/example_dags/example_subdag_operator.py took 0.061 seconds
[2023-07-19T16:41:08.125+0000] {processor.py:157} INFO - Started process (PID=925) to work on /home/airflow/.local/lib/python3.7/site-packages/airflow/example_dags/example_subdag_operator.py
[2023-07-19T16:41:08.133+0000] {processor.py:826} INFO - Processing file /home/airflow/.local/lib/python3.7/site-packages/airflow/example_dags/example_subdag_operator.py for tasks to queue
[2023-07-19T16:41:08.134+0000] {logging_mixin.py:150} INFO - [2023-07-19T16:41:08.133+0000] {dagbag.py:541} INFO - Filling up the DagBag from /home/airflow/.local/lib/python3.7/site-packages/airflow/example_dags/example_subdag_operator.py
[2023-07-19T16:41:08.160+0000] {processor.py:836} INFO - DAG(s) dict_keys(['example_subdag_operator.section-1', 'example_subdag_operator.section-2', 'example_subdag_operator']) retrieved from /home/airflow/.local/lib/python3.7/site-packages/airflow/example_dags/example_subdag_operator.py
[2023-07-19T16:41:08.179+0000] {logging_mixin.py:150} INFO - [2023-07-19T16:41:08.179+0000] {dag.py:2742} INFO - Sync 3 DAGs
[2023-07-19T16:41:08.198+0000] {logging_mixin.py:150} INFO - [2023-07-19T16:41:08.198+0000] {dag.py:3508} INFO - Setting next_dagrun for example_subdag_operator to 2022-01-01T00:00:00+00:00, run_after=2022-01-01T00:00:00+00:00
[2023-07-19T16:41:08.199+0000] {logging_mixin.py:150} INFO - [2023-07-19T16:41:08.199+0000] {dag.py:3508} INFO - Setting next_dagrun for example_subdag_operator.section-1 to None, run_after=None
[2023-07-19T16:41:08.200+0000] {logging_mixin.py:150} INFO - [2023-07-19T16:41:08.200+0000] {dag.py:3508} INFO - Setting next_dagrun for example_subdag_operator.section-2 to None, run_after=None
[2023-07-19T16:41:08.205+0000] {logging_mixin.py:150} INFO - [2023-07-19T16:41:08.204+0000] {dag.py:2742} INFO - Sync 2 DAGs
[2023-07-19T16:41:08.207+0000] {logging_mixin.py:150} INFO - [2023-07-19T16:41:08.207+0000] {dag.py:3508} INFO - Setting next_dagrun for example_subdag_operator.section-1 to None, run_after=None
[2023-07-19T16:41:08.207+0000] {logging_mixin.py:150} INFO - [2023-07-19T16:41:08.207+0000] {dag.py:3508} INFO - Setting next_dagrun for example_subdag_operator.section-2 to None, run_after=None
[2023-07-19T16:41:08.211+0000] {processor.py:179} INFO - Processing /home/airflow/.local/lib/python3.7/site-packages/airflow/example_dags/example_subdag_operator.py took 0.088 seconds
[2023-07-19T16:41:38.449+0000] {processor.py:157} INFO - Started process (PID=980) to work on /home/airflow/.local/lib/python3.7/site-packages/airflow/example_dags/example_subdag_operator.py
[2023-07-19T16:41:38.450+0000] {processor.py:826} INFO - Processing file /home/airflow/.local/lib/python3.7/site-packages/airflow/example_dags/example_subdag_operator.py for tasks to queue
[2023-07-19T16:41:38.452+0000] {logging_mixin.py:150} INFO - [2023-07-19T16:41:38.451+0000] {dagbag.py:541} INFO - Filling up the DagBag from /home/airflow/.local/lib/python3.7/site-packages/airflow/example_dags/example_subdag_operator.py
[2023-07-19T16:41:38.481+0000] {processor.py:836} INFO - DAG(s) dict_keys(['example_subdag_operator.section-1', 'example_subdag_operator.section-2', 'example_subdag_operator']) retrieved from /home/airflow/.local/lib/python3.7/site-packages/airflow/example_dags/example_subdag_operator.py
[2023-07-19T16:41:38.493+0000] {logging_mixin.py:150} INFO - [2023-07-19T16:41:38.493+0000] {dag.py:2742} INFO - Sync 3 DAGs
[2023-07-19T16:41:38.508+0000] {logging_mixin.py:150} INFO - [2023-07-19T16:41:38.508+0000] {dag.py:3508} INFO - Setting next_dagrun for example_subdag_operator to 2022-01-01T00:00:00+00:00, run_after=2022-01-01T00:00:00+00:00
[2023-07-19T16:41:38.509+0000] {logging_mixin.py:150} INFO - [2023-07-19T16:41:38.509+0000] {dag.py:3508} INFO - Setting next_dagrun for example_subdag_operator.section-1 to None, run_after=None
[2023-07-19T16:41:38.510+0000] {logging_mixin.py:150} INFO - [2023-07-19T16:41:38.510+0000] {dag.py:3508} INFO - Setting next_dagrun for example_subdag_operator.section-2 to None, run_after=None
[2023-07-19T16:41:38.514+0000] {logging_mixin.py:150} INFO - [2023-07-19T16:41:38.514+0000] {dag.py:2742} INFO - Sync 2 DAGs
[2023-07-19T16:41:38.516+0000] {logging_mixin.py:150} INFO - [2023-07-19T16:41:38.516+0000] {dag.py:3508} INFO - Setting next_dagrun for example_subdag_operator.section-1 to None, run_after=None
[2023-07-19T16:41:38.516+0000] {logging_mixin.py:150} INFO - [2023-07-19T16:41:38.516+0000] {dag.py:3508} INFO - Setting next_dagrun for example_subdag_operator.section-2 to None, run_after=None
[2023-07-19T16:41:38.520+0000] {processor.py:179} INFO - Processing /home/airflow/.local/lib/python3.7/site-packages/airflow/example_dags/example_subdag_operator.py took 0.077 seconds
[2023-07-19T16:42:09.034+0000] {processor.py:157} INFO - Started process (PID=1035) to work on /home/airflow/.local/lib/python3.7/site-packages/airflow/example_dags/example_subdag_operator.py
[2023-07-19T16:42:09.035+0000] {processor.py:826} INFO - Processing file /home/airflow/.local/lib/python3.7/site-packages/airflow/example_dags/example_subdag_operator.py for tasks to queue
[2023-07-19T16:42:09.035+0000] {logging_mixin.py:150} INFO - [2023-07-19T16:42:09.035+0000] {dagbag.py:541} INFO - Filling up the DagBag from /home/airflow/.local/lib/python3.7/site-packages/airflow/example_dags/example_subdag_operator.py
[2023-07-19T16:42:09.054+0000] {processor.py:836} INFO - DAG(s) dict_keys(['example_subdag_operator.section-1', 'example_subdag_operator.section-2', 'example_subdag_operator']) retrieved from /home/airflow/.local/lib/python3.7/site-packages/airflow/example_dags/example_subdag_operator.py
[2023-07-19T16:42:09.074+0000] {logging_mixin.py:150} INFO - [2023-07-19T16:42:09.074+0000] {dag.py:2742} INFO - Sync 3 DAGs
[2023-07-19T16:42:09.086+0000] {logging_mixin.py:150} INFO - [2023-07-19T16:42:09.085+0000] {dag.py:3508} INFO - Setting next_dagrun for example_subdag_operator to 2022-01-01T00:00:00+00:00, run_after=2022-01-01T00:00:00+00:00
[2023-07-19T16:42:09.087+0000] {logging_mixin.py:150} INFO - [2023-07-19T16:42:09.087+0000] {dag.py:3508} INFO - Setting next_dagrun for example_subdag_operator.section-1 to None, run_after=None
[2023-07-19T16:42:09.087+0000] {logging_mixin.py:150} INFO - [2023-07-19T16:42:09.087+0000] {dag.py:3508} INFO - Setting next_dagrun for example_subdag_operator.section-2 to None, run_after=None
[2023-07-19T16:42:09.090+0000] {logging_mixin.py:150} INFO - [2023-07-19T16:42:09.090+0000] {dag.py:2742} INFO - Sync 2 DAGs
[2023-07-19T16:42:09.092+0000] {logging_mixin.py:150} INFO - [2023-07-19T16:42:09.092+0000] {dag.py:3508} INFO - Setting next_dagrun for example_subdag_operator.section-1 to None, run_after=None
[2023-07-19T16:42:09.092+0000] {logging_mixin.py:150} INFO - [2023-07-19T16:42:09.092+0000] {dag.py:3508} INFO - Setting next_dagrun for example_subdag_operator.section-2 to None, run_after=None
[2023-07-19T16:42:09.098+0000] {processor.py:179} INFO - Processing /home/airflow/.local/lib/python3.7/site-packages/airflow/example_dags/example_subdag_operator.py took 0.067 seconds
[2023-07-19T16:42:39.409+0000] {processor.py:157} INFO - Started process (PID=1089) to work on /home/airflow/.local/lib/python3.7/site-packages/airflow/example_dags/example_subdag_operator.py
[2023-07-19T16:42:39.409+0000] {processor.py:826} INFO - Processing file /home/airflow/.local/lib/python3.7/site-packages/airflow/example_dags/example_subdag_operator.py for tasks to queue
[2023-07-19T16:42:39.410+0000] {logging_mixin.py:150} INFO - [2023-07-19T16:42:39.410+0000] {dagbag.py:541} INFO - Filling up the DagBag from /home/airflow/.local/lib/python3.7/site-packages/airflow/example_dags/example_subdag_operator.py
[2023-07-19T16:42:39.432+0000] {processor.py:836} INFO - DAG(s) dict_keys(['example_subdag_operator.section-1', 'example_subdag_operator.section-2', 'example_subdag_operator']) retrieved from /home/airflow/.local/lib/python3.7/site-packages/airflow/example_dags/example_subdag_operator.py
[2023-07-19T16:42:39.458+0000] {logging_mixin.py:150} INFO - [2023-07-19T16:42:39.458+0000] {dag.py:2742} INFO - Sync 3 DAGs
[2023-07-19T16:42:39.471+0000] {logging_mixin.py:150} INFO - [2023-07-19T16:42:39.471+0000] {dag.py:3508} INFO - Setting next_dagrun for example_subdag_operator to 2022-01-01T00:00:00+00:00, run_after=2022-01-01T00:00:00+00:00
[2023-07-19T16:42:39.473+0000] {logging_mixin.py:150} INFO - [2023-07-19T16:42:39.473+0000] {dag.py:3508} INFO - Setting next_dagrun for example_subdag_operator.section-1 to None, run_after=None
[2023-07-19T16:42:39.473+0000] {logging_mixin.py:150} INFO - [2023-07-19T16:42:39.473+0000] {dag.py:3508} INFO - Setting next_dagrun for example_subdag_operator.section-2 to None, run_after=None
[2023-07-19T16:42:39.477+0000] {logging_mixin.py:150} INFO - [2023-07-19T16:42:39.477+0000] {dag.py:2742} INFO - Sync 2 DAGs
[2023-07-19T16:42:39.479+0000] {logging_mixin.py:150} INFO - [2023-07-19T16:42:39.479+0000] {dag.py:3508} INFO - Setting next_dagrun for example_subdag_operator.section-1 to None, run_after=None
[2023-07-19T16:42:39.479+0000] {logging_mixin.py:150} INFO - [2023-07-19T16:42:39.479+0000] {dag.py:3508} INFO - Setting next_dagrun for example_subdag_operator.section-2 to None, run_after=None
[2023-07-19T16:42:39.486+0000] {processor.py:179} INFO - Processing /home/airflow/.local/lib/python3.7/site-packages/airflow/example_dags/example_subdag_operator.py took 0.080 seconds
[2023-07-19T16:43:10.092+0000] {processor.py:157} INFO - Started process (PID=1144) to work on /home/airflow/.local/lib/python3.7/site-packages/airflow/example_dags/example_subdag_operator.py
[2023-07-19T16:43:10.093+0000] {processor.py:826} INFO - Processing file /home/airflow/.local/lib/python3.7/site-packages/airflow/example_dags/example_subdag_operator.py for tasks to queue
[2023-07-19T16:43:10.093+0000] {logging_mixin.py:150} INFO - [2023-07-19T16:43:10.093+0000] {dagbag.py:541} INFO - Filling up the DagBag from /home/airflow/.local/lib/python3.7/site-packages/airflow/example_dags/example_subdag_operator.py
[2023-07-19T16:43:10.109+0000] {processor.py:836} INFO - DAG(s) dict_keys(['example_subdag_operator.section-1', 'example_subdag_operator.section-2', 'example_subdag_operator']) retrieved from /home/airflow/.local/lib/python3.7/site-packages/airflow/example_dags/example_subdag_operator.py
[2023-07-19T16:43:10.129+0000] {logging_mixin.py:150} INFO - [2023-07-19T16:43:10.129+0000] {dag.py:2742} INFO - Sync 3 DAGs
[2023-07-19T16:43:10.142+0000] {logging_mixin.py:150} INFO - [2023-07-19T16:43:10.142+0000] {dag.py:3508} INFO - Setting next_dagrun for example_subdag_operator to 2022-01-01T00:00:00+00:00, run_after=2022-01-01T00:00:00+00:00
[2023-07-19T16:43:10.144+0000] {logging_mixin.py:150} INFO - [2023-07-19T16:43:10.144+0000] {dag.py:3508} INFO - Setting next_dagrun for example_subdag_operator.section-1 to None, run_after=None
[2023-07-19T16:43:10.145+0000] {logging_mixin.py:150} INFO - [2023-07-19T16:43:10.144+0000] {dag.py:3508} INFO - Setting next_dagrun for example_subdag_operator.section-2 to None, run_after=None
[2023-07-19T16:43:10.148+0000] {logging_mixin.py:150} INFO - [2023-07-19T16:43:10.148+0000] {dag.py:2742} INFO - Sync 2 DAGs
[2023-07-19T16:43:10.153+0000] {logging_mixin.py:150} INFO - [2023-07-19T16:43:10.153+0000] {dag.py:3508} INFO - Setting next_dagrun for example_subdag_operator.section-1 to None, run_after=None
[2023-07-19T16:43:10.153+0000] {logging_mixin.py:150} INFO - [2023-07-19T16:43:10.153+0000] {dag.py:3508} INFO - Setting next_dagrun for example_subdag_operator.section-2 to None, run_after=None
[2023-07-19T16:43:10.158+0000] {processor.py:179} INFO - Processing /home/airflow/.local/lib/python3.7/site-packages/airflow/example_dags/example_subdag_operator.py took 0.068 seconds
[2023-07-19T16:43:40.651+0000] {processor.py:157} INFO - Started process (PID=1200) to work on /home/airflow/.local/lib/python3.7/site-packages/airflow/example_dags/example_subdag_operator.py
[2023-07-19T16:43:40.662+0000] {processor.py:826} INFO - Processing file /home/airflow/.local/lib/python3.7/site-packages/airflow/example_dags/example_subdag_operator.py for tasks to queue
[2023-07-19T16:43:40.663+0000] {logging_mixin.py:150} INFO - [2023-07-19T16:43:40.663+0000] {dagbag.py:541} INFO - Filling up the DagBag from /home/airflow/.local/lib/python3.7/site-packages/airflow/example_dags/example_subdag_operator.py
[2023-07-19T16:43:40.702+0000] {processor.py:836} INFO - DAG(s) dict_keys(['example_subdag_operator.section-1', 'example_subdag_operator.section-2', 'example_subdag_operator']) retrieved from /home/airflow/.local/lib/python3.7/site-packages/airflow/example_dags/example_subdag_operator.py
[2023-07-19T16:43:40.721+0000] {logging_mixin.py:150} INFO - [2023-07-19T16:43:40.721+0000] {dag.py:2742} INFO - Sync 3 DAGs
[2023-07-19T16:43:40.786+0000] {logging_mixin.py:150} INFO - [2023-07-19T16:43:40.785+0000] {dag.py:3508} INFO - Setting next_dagrun for example_subdag_operator to 2022-01-01T00:00:00+00:00, run_after=2022-01-01T00:00:00+00:00
[2023-07-19T16:43:40.789+0000] {logging_mixin.py:150} INFO - [2023-07-19T16:43:40.789+0000] {dag.py:3508} INFO - Setting next_dagrun for example_subdag_operator.section-1 to None, run_after=None
[2023-07-19T16:43:40.790+0000] {logging_mixin.py:150} INFO - [2023-07-19T16:43:40.790+0000] {dag.py:3508} INFO - Setting next_dagrun for example_subdag_operator.section-2 to None, run_after=None
[2023-07-19T16:43:40.794+0000] {logging_mixin.py:150} INFO - [2023-07-19T16:43:40.794+0000] {dag.py:2742} INFO - Sync 2 DAGs
[2023-07-19T16:43:40.797+0000] {logging_mixin.py:150} INFO - [2023-07-19T16:43:40.797+0000] {dag.py:3508} INFO - Setting next_dagrun for example_subdag_operator.section-1 to None, run_after=None
[2023-07-19T16:43:40.798+0000] {logging_mixin.py:150} INFO - [2023-07-19T16:43:40.798+0000] {dag.py:3508} INFO - Setting next_dagrun for example_subdag_operator.section-2 to None, run_after=None
[2023-07-19T16:43:40.805+0000] {processor.py:179} INFO - Processing /home/airflow/.local/lib/python3.7/site-packages/airflow/example_dags/example_subdag_operator.py took 0.157 seconds
[2023-07-19T16:44:11.264+0000] {processor.py:157} INFO - Started process (PID=1255) to work on /home/airflow/.local/lib/python3.7/site-packages/airflow/example_dags/example_subdag_operator.py
[2023-07-19T16:44:11.272+0000] {processor.py:826} INFO - Processing file /home/airflow/.local/lib/python3.7/site-packages/airflow/example_dags/example_subdag_operator.py for tasks to queue
[2023-07-19T16:44:11.273+0000] {logging_mixin.py:150} INFO - [2023-07-19T16:44:11.273+0000] {dagbag.py:541} INFO - Filling up the DagBag from /home/airflow/.local/lib/python3.7/site-packages/airflow/example_dags/example_subdag_operator.py
[2023-07-19T16:44:11.450+0000] {processor.py:836} INFO - DAG(s) dict_keys(['example_subdag_operator.section-1', 'example_subdag_operator.section-2', 'example_subdag_operator']) retrieved from /home/airflow/.local/lib/python3.7/site-packages/airflow/example_dags/example_subdag_operator.py
[2023-07-19T16:44:11.523+0000] {logging_mixin.py:150} INFO - [2023-07-19T16:44:11.523+0000] {dag.py:2742} INFO - Sync 3 DAGs
[2023-07-19T16:44:11.591+0000] {logging_mixin.py:150} INFO - [2023-07-19T16:44:11.591+0000] {dag.py:3508} INFO - Setting next_dagrun for example_subdag_operator to 2022-01-01T00:00:00+00:00, run_after=2022-01-01T00:00:00+00:00
[2023-07-19T16:44:11.597+0000] {logging_mixin.py:150} INFO - [2023-07-19T16:44:11.597+0000] {dag.py:3508} INFO - Setting next_dagrun for example_subdag_operator.section-1 to None, run_after=None
[2023-07-19T16:44:11.604+0000] {logging_mixin.py:150} INFO - [2023-07-19T16:44:11.603+0000] {dag.py:3508} INFO - Setting next_dagrun for example_subdag_operator.section-2 to None, run_after=None
[2023-07-19T16:44:11.620+0000] {logging_mixin.py:150} INFO - [2023-07-19T16:44:11.620+0000] {dag.py:2742} INFO - Sync 2 DAGs
[2023-07-19T16:44:11.636+0000] {logging_mixin.py:150} INFO - [2023-07-19T16:44:11.636+0000] {dag.py:3508} INFO - Setting next_dagrun for example_subdag_operator.section-1 to None, run_after=None
[2023-07-19T16:44:11.636+0000] {logging_mixin.py:150} INFO - [2023-07-19T16:44:11.636+0000] {dag.py:3508} INFO - Setting next_dagrun for example_subdag_operator.section-2 to None, run_after=None
[2023-07-19T16:44:11.676+0000] {processor.py:179} INFO - Processing /home/airflow/.local/lib/python3.7/site-packages/airflow/example_dags/example_subdag_operator.py took 0.415 seconds
[2023-07-19T16:44:42.380+0000] {processor.py:157} INFO - Started process (PID=1310) to work on /home/airflow/.local/lib/python3.7/site-packages/airflow/example_dags/example_subdag_operator.py
[2023-07-19T16:44:42.381+0000] {processor.py:826} INFO - Processing file /home/airflow/.local/lib/python3.7/site-packages/airflow/example_dags/example_subdag_operator.py for tasks to queue
[2023-07-19T16:44:42.381+0000] {logging_mixin.py:150} INFO - [2023-07-19T16:44:42.381+0000] {dagbag.py:541} INFO - Filling up the DagBag from /home/airflow/.local/lib/python3.7/site-packages/airflow/example_dags/example_subdag_operator.py
[2023-07-19T16:44:42.417+0000] {processor.py:836} INFO - DAG(s) dict_keys(['example_subdag_operator.section-1', 'example_subdag_operator.section-2', 'example_subdag_operator']) retrieved from /home/airflow/.local/lib/python3.7/site-packages/airflow/example_dags/example_subdag_operator.py
[2023-07-19T16:44:42.451+0000] {logging_mixin.py:150} INFO - [2023-07-19T16:44:42.451+0000] {dag.py:2742} INFO - Sync 3 DAGs
[2023-07-19T16:44:42.482+0000] {logging_mixin.py:150} INFO - [2023-07-19T16:44:42.481+0000] {dag.py:3508} INFO - Setting next_dagrun for example_subdag_operator to 2022-01-01T00:00:00+00:00, run_after=2022-01-01T00:00:00+00:00
[2023-07-19T16:44:42.485+0000] {logging_mixin.py:150} INFO - [2023-07-19T16:44:42.485+0000] {dag.py:3508} INFO - Setting next_dagrun for example_subdag_operator.section-1 to None, run_after=None
[2023-07-19T16:44:42.486+0000] {logging_mixin.py:150} INFO - [2023-07-19T16:44:42.485+0000] {dag.py:3508} INFO - Setting next_dagrun for example_subdag_operator.section-2 to None, run_after=None
[2023-07-19T16:44:42.495+0000] {logging_mixin.py:150} INFO - [2023-07-19T16:44:42.495+0000] {dag.py:2742} INFO - Sync 2 DAGs
[2023-07-19T16:44:42.502+0000] {logging_mixin.py:150} INFO - [2023-07-19T16:44:42.502+0000] {dag.py:3508} INFO - Setting next_dagrun for example_subdag_operator.section-1 to None, run_after=None
[2023-07-19T16:44:42.502+0000] {logging_mixin.py:150} INFO - [2023-07-19T16:44:42.502+0000] {dag.py:3508} INFO - Setting next_dagrun for example_subdag_operator.section-2 to None, run_after=None
[2023-07-19T16:44:42.515+0000] {processor.py:179} INFO - Processing /home/airflow/.local/lib/python3.7/site-packages/airflow/example_dags/example_subdag_operator.py took 0.137 seconds
[2023-07-19T16:45:12.862+0000] {processor.py:157} INFO - Started process (PID=1365) to work on /home/airflow/.local/lib/python3.7/site-packages/airflow/example_dags/example_subdag_operator.py
[2023-07-19T16:45:12.862+0000] {processor.py:826} INFO - Processing file /home/airflow/.local/lib/python3.7/site-packages/airflow/example_dags/example_subdag_operator.py for tasks to queue
[2023-07-19T16:45:12.863+0000] {logging_mixin.py:150} INFO - [2023-07-19T16:45:12.862+0000] {dagbag.py:541} INFO - Filling up the DagBag from /home/airflow/.local/lib/python3.7/site-packages/airflow/example_dags/example_subdag_operator.py
[2023-07-19T16:45:12.902+0000] {processor.py:836} INFO - DAG(s) dict_keys(['example_subdag_operator.section-1', 'example_subdag_operator.section-2', 'example_subdag_operator']) retrieved from /home/airflow/.local/lib/python3.7/site-packages/airflow/example_dags/example_subdag_operator.py
[2023-07-19T16:45:12.959+0000] {logging_mixin.py:150} INFO - [2023-07-19T16:45:12.959+0000] {dag.py:2742} INFO - Sync 3 DAGs
[2023-07-19T16:45:13.021+0000] {logging_mixin.py:150} INFO - [2023-07-19T16:45:13.018+0000] {dag.py:3508} INFO - Setting next_dagrun for example_subdag_operator to 2022-01-01T00:00:00+00:00, run_after=2022-01-01T00:00:00+00:00
[2023-07-19T16:45:13.023+0000] {logging_mixin.py:150} INFO - [2023-07-19T16:45:13.023+0000] {dag.py:3508} INFO - Setting next_dagrun for example_subdag_operator.section-1 to None, run_after=None
[2023-07-19T16:45:13.033+0000] {logging_mixin.py:150} INFO - [2023-07-19T16:45:13.033+0000] {dag.py:3508} INFO - Setting next_dagrun for example_subdag_operator.section-2 to None, run_after=None
[2023-07-19T16:45:13.059+0000] {logging_mixin.py:150} INFO - [2023-07-19T16:45:13.059+0000] {dag.py:2742} INFO - Sync 2 DAGs
[2023-07-19T16:45:13.069+0000] {logging_mixin.py:150} INFO - [2023-07-19T16:45:13.068+0000] {dag.py:3508} INFO - Setting next_dagrun for example_subdag_operator.section-1 to None, run_after=None
[2023-07-19T16:45:13.069+0000] {logging_mixin.py:150} INFO - [2023-07-19T16:45:13.069+0000] {dag.py:3508} INFO - Setting next_dagrun for example_subdag_operator.section-2 to None, run_after=None
[2023-07-19T16:45:13.095+0000] {processor.py:179} INFO - Processing /home/airflow/.local/lib/python3.7/site-packages/airflow/example_dags/example_subdag_operator.py took 0.246 seconds
[2023-07-19T16:45:43.509+0000] {processor.py:157} INFO - Started process (PID=1420) to work on /home/airflow/.local/lib/python3.7/site-packages/airflow/example_dags/example_subdag_operator.py
[2023-07-19T16:45:43.511+0000] {processor.py:826} INFO - Processing file /home/airflow/.local/lib/python3.7/site-packages/airflow/example_dags/example_subdag_operator.py for tasks to queue
[2023-07-19T16:45:43.512+0000] {logging_mixin.py:150} INFO - [2023-07-19T16:45:43.511+0000] {dagbag.py:541} INFO - Filling up the DagBag from /home/airflow/.local/lib/python3.7/site-packages/airflow/example_dags/example_subdag_operator.py
[2023-07-19T16:45:43.581+0000] {processor.py:836} INFO - DAG(s) dict_keys(['example_subdag_operator.section-1', 'example_subdag_operator.section-2', 'example_subdag_operator']) retrieved from /home/airflow/.local/lib/python3.7/site-packages/airflow/example_dags/example_subdag_operator.py
[2023-07-19T16:45:43.594+0000] {logging_mixin.py:150} INFO - [2023-07-19T16:45:43.594+0000] {dag.py:2742} INFO - Sync 3 DAGs
[2023-07-19T16:45:43.613+0000] {logging_mixin.py:150} INFO - [2023-07-19T16:45:43.613+0000] {dag.py:3508} INFO - Setting next_dagrun for example_subdag_operator to 2022-01-01T00:00:00+00:00, run_after=2022-01-01T00:00:00+00:00
[2023-07-19T16:45:43.614+0000] {logging_mixin.py:150} INFO - [2023-07-19T16:45:43.614+0000] {dag.py:3508} INFO - Setting next_dagrun for example_subdag_operator.section-1 to None, run_after=None
[2023-07-19T16:45:43.615+0000] {logging_mixin.py:150} INFO - [2023-07-19T16:45:43.615+0000] {dag.py:3508} INFO - Setting next_dagrun for example_subdag_operator.section-2 to None, run_after=None
[2023-07-19T16:45:43.619+0000] {logging_mixin.py:150} INFO - [2023-07-19T16:45:43.619+0000] {dag.py:2742} INFO - Sync 2 DAGs
[2023-07-19T16:45:43.622+0000] {logging_mixin.py:150} INFO - [2023-07-19T16:45:43.622+0000] {dag.py:3508} INFO - Setting next_dagrun for example_subdag_operator.section-1 to None, run_after=None
[2023-07-19T16:45:43.622+0000] {logging_mixin.py:150} INFO - [2023-07-19T16:45:43.622+0000] {dag.py:3508} INFO - Setting next_dagrun for example_subdag_operator.section-2 to None, run_after=None
[2023-07-19T16:45:43.628+0000] {processor.py:179} INFO - Processing /home/airflow/.local/lib/python3.7/site-packages/airflow/example_dags/example_subdag_operator.py took 0.127 seconds
[2023-07-19T16:46:14.368+0000] {processor.py:157} INFO - Started process (PID=1475) to work on /home/airflow/.local/lib/python3.7/site-packages/airflow/example_dags/example_subdag_operator.py
[2023-07-19T16:46:14.370+0000] {processor.py:826} INFO - Processing file /home/airflow/.local/lib/python3.7/site-packages/airflow/example_dags/example_subdag_operator.py for tasks to queue
[2023-07-19T16:46:14.371+0000] {logging_mixin.py:150} INFO - [2023-07-19T16:46:14.371+0000] {dagbag.py:541} INFO - Filling up the DagBag from /home/airflow/.local/lib/python3.7/site-packages/airflow/example_dags/example_subdag_operator.py
[2023-07-19T16:46:14.404+0000] {processor.py:836} INFO - DAG(s) dict_keys(['example_subdag_operator.section-1', 'example_subdag_operator.section-2', 'example_subdag_operator']) retrieved from /home/airflow/.local/lib/python3.7/site-packages/airflow/example_dags/example_subdag_operator.py
[2023-07-19T16:46:14.416+0000] {logging_mixin.py:150} INFO - [2023-07-19T16:46:14.416+0000] {dag.py:2742} INFO - Sync 3 DAGs
[2023-07-19T16:46:14.434+0000] {logging_mixin.py:150} INFO - [2023-07-19T16:46:14.434+0000] {dag.py:3508} INFO - Setting next_dagrun for example_subdag_operator to 2022-01-01T00:00:00+00:00, run_after=2022-01-01T00:00:00+00:00
[2023-07-19T16:46:14.436+0000] {logging_mixin.py:150} INFO - [2023-07-19T16:46:14.435+0000] {dag.py:3508} INFO - Setting next_dagrun for example_subdag_operator.section-1 to None, run_after=None
[2023-07-19T16:46:14.437+0000] {logging_mixin.py:150} INFO - [2023-07-19T16:46:14.437+0000] {dag.py:3508} INFO - Setting next_dagrun for example_subdag_operator.section-2 to None, run_after=None
[2023-07-19T16:46:14.448+0000] {logging_mixin.py:150} INFO - [2023-07-19T16:46:14.447+0000] {dag.py:2742} INFO - Sync 2 DAGs
[2023-07-19T16:46:14.462+0000] {logging_mixin.py:150} INFO - [2023-07-19T16:46:14.462+0000] {dag.py:3508} INFO - Setting next_dagrun for example_subdag_operator.section-1 to None, run_after=None
[2023-07-19T16:46:14.462+0000] {logging_mixin.py:150} INFO - [2023-07-19T16:46:14.462+0000] {dag.py:3508} INFO - Setting next_dagrun for example_subdag_operator.section-2 to None, run_after=None
[2023-07-19T16:46:14.487+0000] {processor.py:179} INFO - Processing /home/airflow/.local/lib/python3.7/site-packages/airflow/example_dags/example_subdag_operator.py took 0.135 seconds
[2023-07-19T16:46:45.189+0000] {processor.py:157} INFO - Started process (PID=1530) to work on /home/airflow/.local/lib/python3.7/site-packages/airflow/example_dags/example_subdag_operator.py
[2023-07-19T16:46:45.191+0000] {processor.py:826} INFO - Processing file /home/airflow/.local/lib/python3.7/site-packages/airflow/example_dags/example_subdag_operator.py for tasks to queue
[2023-07-19T16:46:45.191+0000] {logging_mixin.py:150} INFO - [2023-07-19T16:46:45.191+0000] {dagbag.py:541} INFO - Filling up the DagBag from /home/airflow/.local/lib/python3.7/site-packages/airflow/example_dags/example_subdag_operator.py
[2023-07-19T16:46:45.216+0000] {processor.py:836} INFO - DAG(s) dict_keys(['example_subdag_operator.section-1', 'example_subdag_operator.section-2', 'example_subdag_operator']) retrieved from /home/airflow/.local/lib/python3.7/site-packages/airflow/example_dags/example_subdag_operator.py
[2023-07-19T16:46:45.239+0000] {logging_mixin.py:150} INFO - [2023-07-19T16:46:45.239+0000] {dag.py:2742} INFO - Sync 3 DAGs
[2023-07-19T16:46:45.257+0000] {logging_mixin.py:150} INFO - [2023-07-19T16:46:45.257+0000] {dag.py:3508} INFO - Setting next_dagrun for example_subdag_operator to 2022-01-01T00:00:00+00:00, run_after=2022-01-01T00:00:00+00:00
[2023-07-19T16:46:45.259+0000] {logging_mixin.py:150} INFO - [2023-07-19T16:46:45.259+0000] {dag.py:3508} INFO - Setting next_dagrun for example_subdag_operator.section-1 to None, run_after=None
[2023-07-19T16:46:45.259+0000] {logging_mixin.py:150} INFO - [2023-07-19T16:46:45.259+0000] {dag.py:3508} INFO - Setting next_dagrun for example_subdag_operator.section-2 to None, run_after=None
[2023-07-19T16:46:45.263+0000] {logging_mixin.py:150} INFO - [2023-07-19T16:46:45.263+0000] {dag.py:2742} INFO - Sync 2 DAGs
[2023-07-19T16:46:45.265+0000] {logging_mixin.py:150} INFO - [2023-07-19T16:46:45.265+0000] {dag.py:3508} INFO - Setting next_dagrun for example_subdag_operator.section-1 to None, run_after=None
[2023-07-19T16:46:45.266+0000] {logging_mixin.py:150} INFO - [2023-07-19T16:46:45.265+0000] {dag.py:3508} INFO - Setting next_dagrun for example_subdag_operator.section-2 to None, run_after=None
[2023-07-19T16:46:45.270+0000] {processor.py:179} INFO - Processing /home/airflow/.local/lib/python3.7/site-packages/airflow/example_dags/example_subdag_operator.py took 0.085 seconds
[2023-07-19T16:47:15.934+0000] {processor.py:157} INFO - Started process (PID=1585) to work on /home/airflow/.local/lib/python3.7/site-packages/airflow/example_dags/example_subdag_operator.py
[2023-07-19T16:47:15.935+0000] {processor.py:826} INFO - Processing file /home/airflow/.local/lib/python3.7/site-packages/airflow/example_dags/example_subdag_operator.py for tasks to queue
[2023-07-19T16:47:15.935+0000] {logging_mixin.py:150} INFO - [2023-07-19T16:47:15.935+0000] {dagbag.py:541} INFO - Filling up the DagBag from /home/airflow/.local/lib/python3.7/site-packages/airflow/example_dags/example_subdag_operator.py
[2023-07-19T16:47:16.083+0000] {processor.py:836} INFO - DAG(s) dict_keys(['example_subdag_operator.section-1', 'example_subdag_operator.section-2', 'example_subdag_operator']) retrieved from /home/airflow/.local/lib/python3.7/site-packages/airflow/example_dags/example_subdag_operator.py
[2023-07-19T16:47:16.155+0000] {logging_mixin.py:150} INFO - [2023-07-19T16:47:16.150+0000] {dag.py:2742} INFO - Sync 3 DAGs
[2023-07-19T16:47:16.204+0000] {logging_mixin.py:150} INFO - [2023-07-19T16:47:16.204+0000] {dag.py:3508} INFO - Setting next_dagrun for example_subdag_operator to 2022-01-01T00:00:00+00:00, run_after=2022-01-01T00:00:00+00:00
[2023-07-19T16:47:16.209+0000] {logging_mixin.py:150} INFO - [2023-07-19T16:47:16.209+0000] {dag.py:3508} INFO - Setting next_dagrun for example_subdag_operator.section-1 to None, run_after=None
[2023-07-19T16:47:16.210+0000] {logging_mixin.py:150} INFO - [2023-07-19T16:47:16.210+0000] {dag.py:3508} INFO - Setting next_dagrun for example_subdag_operator.section-2 to None, run_after=None
[2023-07-19T16:47:16.218+0000] {logging_mixin.py:150} INFO - [2023-07-19T16:47:16.217+0000] {dag.py:2742} INFO - Sync 2 DAGs
[2023-07-19T16:47:16.221+0000] {logging_mixin.py:150} INFO - [2023-07-19T16:47:16.221+0000] {dag.py:3508} INFO - Setting next_dagrun for example_subdag_operator.section-1 to None, run_after=None
[2023-07-19T16:47:16.221+0000] {logging_mixin.py:150} INFO - [2023-07-19T16:47:16.221+0000] {dag.py:3508} INFO - Setting next_dagrun for example_subdag_operator.section-2 to None, run_after=None
[2023-07-19T16:47:16.227+0000] {processor.py:179} INFO - Processing /home/airflow/.local/lib/python3.7/site-packages/airflow/example_dags/example_subdag_operator.py took 0.299 seconds
[2023-07-19T16:47:47.103+0000] {processor.py:157} INFO - Started process (PID=1646) to work on /home/airflow/.local/lib/python3.7/site-packages/airflow/example_dags/example_subdag_operator.py
[2023-07-19T16:47:47.109+0000] {processor.py:826} INFO - Processing file /home/airflow/.local/lib/python3.7/site-packages/airflow/example_dags/example_subdag_operator.py for tasks to queue
[2023-07-19T16:47:47.110+0000] {logging_mixin.py:150} INFO - [2023-07-19T16:47:47.110+0000] {dagbag.py:541} INFO - Filling up the DagBag from /home/airflow/.local/lib/python3.7/site-packages/airflow/example_dags/example_subdag_operator.py
[2023-07-19T16:47:47.142+0000] {processor.py:836} INFO - DAG(s) dict_keys(['example_subdag_operator.section-1', 'example_subdag_operator.section-2', 'example_subdag_operator']) retrieved from /home/airflow/.local/lib/python3.7/site-packages/airflow/example_dags/example_subdag_operator.py
[2023-07-19T16:47:47.154+0000] {logging_mixin.py:150} INFO - [2023-07-19T16:47:47.154+0000] {dag.py:2742} INFO - Sync 3 DAGs
[2023-07-19T16:47:47.169+0000] {logging_mixin.py:150} INFO - [2023-07-19T16:47:47.169+0000] {dag.py:3508} INFO - Setting next_dagrun for example_subdag_operator to 2022-01-01T00:00:00+00:00, run_after=2022-01-01T00:00:00+00:00
[2023-07-19T16:47:47.170+0000] {logging_mixin.py:150} INFO - [2023-07-19T16:47:47.170+0000] {dag.py:3508} INFO - Setting next_dagrun for example_subdag_operator.section-1 to None, run_after=None
[2023-07-19T16:47:47.171+0000] {logging_mixin.py:150} INFO - [2023-07-19T16:47:47.171+0000] {dag.py:3508} INFO - Setting next_dagrun for example_subdag_operator.section-2 to None, run_after=None
[2023-07-19T16:47:47.175+0000] {logging_mixin.py:150} INFO - [2023-07-19T16:47:47.175+0000] {dag.py:2742} INFO - Sync 2 DAGs
[2023-07-19T16:47:47.177+0000] {logging_mixin.py:150} INFO - [2023-07-19T16:47:47.177+0000] {dag.py:3508} INFO - Setting next_dagrun for example_subdag_operator.section-1 to None, run_after=None
[2023-07-19T16:47:47.177+0000] {logging_mixin.py:150} INFO - [2023-07-19T16:47:47.177+0000] {dag.py:3508} INFO - Setting next_dagrun for example_subdag_operator.section-2 to None, run_after=None
[2023-07-19T16:47:47.182+0000] {processor.py:179} INFO - Processing /home/airflow/.local/lib/python3.7/site-packages/airflow/example_dags/example_subdag_operator.py took 0.086 seconds
[2023-07-19T16:48:17.512+0000] {processor.py:157} INFO - Started process (PID=1701) to work on /home/airflow/.local/lib/python3.7/site-packages/airflow/example_dags/example_subdag_operator.py
[2023-07-19T16:48:17.513+0000] {processor.py:826} INFO - Processing file /home/airflow/.local/lib/python3.7/site-packages/airflow/example_dags/example_subdag_operator.py for tasks to queue
[2023-07-19T16:48:17.514+0000] {logging_mixin.py:150} INFO - [2023-07-19T16:48:17.514+0000] {dagbag.py:541} INFO - Filling up the DagBag from /home/airflow/.local/lib/python3.7/site-packages/airflow/example_dags/example_subdag_operator.py
[2023-07-19T16:48:17.536+0000] {processor.py:836} INFO - DAG(s) dict_keys(['example_subdag_operator.section-1', 'example_subdag_operator.section-2', 'example_subdag_operator']) retrieved from /home/airflow/.local/lib/python3.7/site-packages/airflow/example_dags/example_subdag_operator.py
[2023-07-19T16:48:17.551+0000] {logging_mixin.py:150} INFO - [2023-07-19T16:48:17.551+0000] {dag.py:2742} INFO - Sync 3 DAGs
[2023-07-19T16:48:17.564+0000] {logging_mixin.py:150} INFO - [2023-07-19T16:48:17.564+0000] {dag.py:3508} INFO - Setting next_dagrun for example_subdag_operator to 2022-01-01T00:00:00+00:00, run_after=2022-01-01T00:00:00+00:00
[2023-07-19T16:48:17.567+0000] {logging_mixin.py:150} INFO - [2023-07-19T16:48:17.567+0000] {dag.py:3508} INFO - Setting next_dagrun for example_subdag_operator.section-1 to None, run_after=None
[2023-07-19T16:48:17.567+0000] {logging_mixin.py:150} INFO - [2023-07-19T16:48:17.567+0000] {dag.py:3508} INFO - Setting next_dagrun for example_subdag_operator.section-2 to None, run_after=None
[2023-07-19T16:48:17.571+0000] {logging_mixin.py:150} INFO - [2023-07-19T16:48:17.571+0000] {dag.py:2742} INFO - Sync 2 DAGs
[2023-07-19T16:48:17.574+0000] {logging_mixin.py:150} INFO - [2023-07-19T16:48:17.573+0000] {dag.py:3508} INFO - Setting next_dagrun for example_subdag_operator.section-1 to None, run_after=None
[2023-07-19T16:48:17.574+0000] {logging_mixin.py:150} INFO - [2023-07-19T16:48:17.574+0000] {dag.py:3508} INFO - Setting next_dagrun for example_subdag_operator.section-2 to None, run_after=None
[2023-07-19T16:48:17.579+0000] {processor.py:179} INFO - Processing /home/airflow/.local/lib/python3.7/site-packages/airflow/example_dags/example_subdag_operator.py took 0.071 seconds
[2023-07-19T16:48:48.018+0000] {processor.py:157} INFO - Started process (PID=1756) to work on /home/airflow/.local/lib/python3.7/site-packages/airflow/example_dags/example_subdag_operator.py
[2023-07-19T16:48:48.018+0000] {processor.py:826} INFO - Processing file /home/airflow/.local/lib/python3.7/site-packages/airflow/example_dags/example_subdag_operator.py for tasks to queue
[2023-07-19T16:48:48.019+0000] {logging_mixin.py:150} INFO - [2023-07-19T16:48:48.019+0000] {dagbag.py:541} INFO - Filling up the DagBag from /home/airflow/.local/lib/python3.7/site-packages/airflow/example_dags/example_subdag_operator.py
[2023-07-19T16:48:48.079+0000] {processor.py:836} INFO - DAG(s) dict_keys(['example_subdag_operator.section-1', 'example_subdag_operator.section-2', 'example_subdag_operator']) retrieved from /home/airflow/.local/lib/python3.7/site-packages/airflow/example_dags/example_subdag_operator.py
[2023-07-19T16:48:48.115+0000] {logging_mixin.py:150} INFO - [2023-07-19T16:48:48.115+0000] {dag.py:2742} INFO - Sync 3 DAGs
[2023-07-19T16:48:48.131+0000] {logging_mixin.py:150} INFO - [2023-07-19T16:48:48.131+0000] {dag.py:3508} INFO - Setting next_dagrun for example_subdag_operator to 2022-01-01T00:00:00+00:00, run_after=2022-01-01T00:00:00+00:00
[2023-07-19T16:48:48.133+0000] {logging_mixin.py:150} INFO - [2023-07-19T16:48:48.133+0000] {dag.py:3508} INFO - Setting next_dagrun for example_subdag_operator.section-1 to None, run_after=None
[2023-07-19T16:48:48.133+0000] {logging_mixin.py:150} INFO - [2023-07-19T16:48:48.133+0000] {dag.py:3508} INFO - Setting next_dagrun for example_subdag_operator.section-2 to None, run_after=None
[2023-07-19T16:48:48.137+0000] {logging_mixin.py:150} INFO - [2023-07-19T16:48:48.137+0000] {dag.py:2742} INFO - Sync 2 DAGs
[2023-07-19T16:48:48.140+0000] {logging_mixin.py:150} INFO - [2023-07-19T16:48:48.140+0000] {dag.py:3508} INFO - Setting next_dagrun for example_subdag_operator.section-1 to None, run_after=None
[2023-07-19T16:48:48.140+0000] {logging_mixin.py:150} INFO - [2023-07-19T16:48:48.140+0000] {dag.py:3508} INFO - Setting next_dagrun for example_subdag_operator.section-2 to None, run_after=None
[2023-07-19T16:48:48.144+0000] {processor.py:179} INFO - Processing /home/airflow/.local/lib/python3.7/site-packages/airflow/example_dags/example_subdag_operator.py took 0.137 seconds
[2023-07-19T16:49:19.142+0000] {processor.py:157} INFO - Started process (PID=1811) to work on /home/airflow/.local/lib/python3.7/site-packages/airflow/example_dags/example_subdag_operator.py
[2023-07-19T16:49:19.153+0000] {processor.py:826} INFO - Processing file /home/airflow/.local/lib/python3.7/site-packages/airflow/example_dags/example_subdag_operator.py for tasks to queue
[2023-07-19T16:49:19.155+0000] {logging_mixin.py:150} INFO - [2023-07-19T16:49:19.154+0000] {dagbag.py:541} INFO - Filling up the DagBag from /home/airflow/.local/lib/python3.7/site-packages/airflow/example_dags/example_subdag_operator.py
[2023-07-19T16:49:19.194+0000] {processor.py:836} INFO - DAG(s) dict_keys(['example_subdag_operator.section-1', 'example_subdag_operator.section-2', 'example_subdag_operator']) retrieved from /home/airflow/.local/lib/python3.7/site-packages/airflow/example_dags/example_subdag_operator.py
[2023-07-19T16:49:19.208+0000] {logging_mixin.py:150} INFO - [2023-07-19T16:49:19.207+0000] {dag.py:2742} INFO - Sync 3 DAGs
[2023-07-19T16:49:19.240+0000] {logging_mixin.py:150} INFO - [2023-07-19T16:49:19.240+0000] {dag.py:3508} INFO - Setting next_dagrun for example_subdag_operator to 2022-01-01T00:00:00+00:00, run_after=2022-01-01T00:00:00+00:00
[2023-07-19T16:49:19.249+0000] {logging_mixin.py:150} INFO - [2023-07-19T16:49:19.249+0000] {dag.py:3508} INFO - Setting next_dagrun for example_subdag_operator.section-1 to None, run_after=None
[2023-07-19T16:49:19.250+0000] {logging_mixin.py:150} INFO - [2023-07-19T16:49:19.250+0000] {dag.py:3508} INFO - Setting next_dagrun for example_subdag_operator.section-2 to None, run_after=None
[2023-07-19T16:49:19.258+0000] {logging_mixin.py:150} INFO - [2023-07-19T16:49:19.258+0000] {dag.py:2742} INFO - Sync 2 DAGs
[2023-07-19T16:49:19.262+0000] {logging_mixin.py:150} INFO - [2023-07-19T16:49:19.261+0000] {dag.py:3508} INFO - Setting next_dagrun for example_subdag_operator.section-1 to None, run_after=None
[2023-07-19T16:49:19.262+0000] {logging_mixin.py:150} INFO - [2023-07-19T16:49:19.262+0000] {dag.py:3508} INFO - Setting next_dagrun for example_subdag_operator.section-2 to None, run_after=None
[2023-07-19T16:49:19.269+0000] {processor.py:179} INFO - Processing /home/airflow/.local/lib/python3.7/site-packages/airflow/example_dags/example_subdag_operator.py took 0.135 seconds
[2023-07-19T16:49:49.467+0000] {processor.py:157} INFO - Started process (PID=1866) to work on /home/airflow/.local/lib/python3.7/site-packages/airflow/example_dags/example_subdag_operator.py
[2023-07-19T16:49:49.468+0000] {processor.py:826} INFO - Processing file /home/airflow/.local/lib/python3.7/site-packages/airflow/example_dags/example_subdag_operator.py for tasks to queue
[2023-07-19T16:49:49.470+0000] {logging_mixin.py:150} INFO - [2023-07-19T16:49:49.469+0000] {dagbag.py:541} INFO - Filling up the DagBag from /home/airflow/.local/lib/python3.7/site-packages/airflow/example_dags/example_subdag_operator.py
[2023-07-19T16:49:49.515+0000] {processor.py:836} INFO - DAG(s) dict_keys(['example_subdag_operator.section-1', 'example_subdag_operator.section-2', 'example_subdag_operator']) retrieved from /home/airflow/.local/lib/python3.7/site-packages/airflow/example_dags/example_subdag_operator.py
[2023-07-19T16:49:49.545+0000] {logging_mixin.py:150} INFO - [2023-07-19T16:49:49.545+0000] {dag.py:2742} INFO - Sync 3 DAGs
[2023-07-19T16:49:49.564+0000] {logging_mixin.py:150} INFO - [2023-07-19T16:49:49.564+0000] {dag.py:3508} INFO - Setting next_dagrun for example_subdag_operator to 2022-01-01T00:00:00+00:00, run_after=2022-01-01T00:00:00+00:00
[2023-07-19T16:49:49.566+0000] {logging_mixin.py:150} INFO - [2023-07-19T16:49:49.566+0000] {dag.py:3508} INFO - Setting next_dagrun for example_subdag_operator.section-1 to None, run_after=None
[2023-07-19T16:49:49.567+0000] {logging_mixin.py:150} INFO - [2023-07-19T16:49:49.567+0000] {dag.py:3508} INFO - Setting next_dagrun for example_subdag_operator.section-2 to None, run_after=None
[2023-07-19T16:49:49.581+0000] {logging_mixin.py:150} INFO - [2023-07-19T16:49:49.581+0000] {dag.py:2742} INFO - Sync 2 DAGs
[2023-07-19T16:49:49.586+0000] {logging_mixin.py:150} INFO - [2023-07-19T16:49:49.586+0000] {dag.py:3508} INFO - Setting next_dagrun for example_subdag_operator.section-1 to None, run_after=None
[2023-07-19T16:49:49.586+0000] {logging_mixin.py:150} INFO - [2023-07-19T16:49:49.586+0000] {dag.py:3508} INFO - Setting next_dagrun for example_subdag_operator.section-2 to None, run_after=None
[2023-07-19T16:49:49.598+0000] {processor.py:179} INFO - Processing /home/airflow/.local/lib/python3.7/site-packages/airflow/example_dags/example_subdag_operator.py took 0.138 seconds
[2023-07-19T16:50:20.235+0000] {processor.py:157} INFO - Started process (PID=1921) to work on /home/airflow/.local/lib/python3.7/site-packages/airflow/example_dags/example_subdag_operator.py
[2023-07-19T16:50:20.239+0000] {processor.py:826} INFO - Processing file /home/airflow/.local/lib/python3.7/site-packages/airflow/example_dags/example_subdag_operator.py for tasks to queue
[2023-07-19T16:50:20.241+0000] {logging_mixin.py:150} INFO - [2023-07-19T16:50:20.240+0000] {dagbag.py:541} INFO - Filling up the DagBag from /home/airflow/.local/lib/python3.7/site-packages/airflow/example_dags/example_subdag_operator.py
[2023-07-19T16:50:20.289+0000] {processor.py:836} INFO - DAG(s) dict_keys(['example_subdag_operator.section-1', 'example_subdag_operator.section-2', 'example_subdag_operator']) retrieved from /home/airflow/.local/lib/python3.7/site-packages/airflow/example_dags/example_subdag_operator.py
[2023-07-19T16:50:20.308+0000] {logging_mixin.py:150} INFO - [2023-07-19T16:50:20.308+0000] {dag.py:2742} INFO - Sync 3 DAGs
[2023-07-19T16:50:20.337+0000] {logging_mixin.py:150} INFO - [2023-07-19T16:50:20.337+0000] {dag.py:3508} INFO - Setting next_dagrun for example_subdag_operator to 2022-01-01T00:00:00+00:00, run_after=2022-01-01T00:00:00+00:00
[2023-07-19T16:50:20.339+0000] {logging_mixin.py:150} INFO - [2023-07-19T16:50:20.339+0000] {dag.py:3508} INFO - Setting next_dagrun for example_subdag_operator.section-1 to None, run_after=None
[2023-07-19T16:50:20.345+0000] {logging_mixin.py:150} INFO - [2023-07-19T16:50:20.344+0000] {dag.py:3508} INFO - Setting next_dagrun for example_subdag_operator.section-2 to None, run_after=None
[2023-07-19T16:50:20.350+0000] {logging_mixin.py:150} INFO - [2023-07-19T16:50:20.350+0000] {dag.py:2742} INFO - Sync 2 DAGs
[2023-07-19T16:50:20.353+0000] {logging_mixin.py:150} INFO - [2023-07-19T16:50:20.353+0000] {dag.py:3508} INFO - Setting next_dagrun for example_subdag_operator.section-1 to None, run_after=None
[2023-07-19T16:50:20.353+0000] {logging_mixin.py:150} INFO - [2023-07-19T16:50:20.353+0000] {dag.py:3508} INFO - Setting next_dagrun for example_subdag_operator.section-2 to None, run_after=None
[2023-07-19T16:50:20.390+0000] {processor.py:179} INFO - Processing /home/airflow/.local/lib/python3.7/site-packages/airflow/example_dags/example_subdag_operator.py took 0.166 seconds
[2023-07-19T16:50:50.564+0000] {processor.py:157} INFO - Started process (PID=1976) to work on /home/airflow/.local/lib/python3.7/site-packages/airflow/example_dags/example_subdag_operator.py
[2023-07-19T16:50:50.564+0000] {processor.py:826} INFO - Processing file /home/airflow/.local/lib/python3.7/site-packages/airflow/example_dags/example_subdag_operator.py for tasks to queue
[2023-07-19T16:50:50.565+0000] {logging_mixin.py:150} INFO - [2023-07-19T16:50:50.565+0000] {dagbag.py:541} INFO - Filling up the DagBag from /home/airflow/.local/lib/python3.7/site-packages/airflow/example_dags/example_subdag_operator.py
[2023-07-19T16:50:50.596+0000] {processor.py:836} INFO - DAG(s) dict_keys(['example_subdag_operator.section-1', 'example_subdag_operator.section-2', 'example_subdag_operator']) retrieved from /home/airflow/.local/lib/python3.7/site-packages/airflow/example_dags/example_subdag_operator.py
[2023-07-19T16:50:50.616+0000] {logging_mixin.py:150} INFO - [2023-07-19T16:50:50.616+0000] {dag.py:2742} INFO - Sync 3 DAGs
[2023-07-19T16:50:50.634+0000] {logging_mixin.py:150} INFO - [2023-07-19T16:50:50.634+0000] {dag.py:3508} INFO - Setting next_dagrun for example_subdag_operator to 2022-01-01T00:00:00+00:00, run_after=2022-01-01T00:00:00+00:00
[2023-07-19T16:50:50.636+0000] {logging_mixin.py:150} INFO - [2023-07-19T16:50:50.636+0000] {dag.py:3508} INFO - Setting next_dagrun for example_subdag_operator.section-1 to None, run_after=None
[2023-07-19T16:50:50.636+0000] {logging_mixin.py:150} INFO - [2023-07-19T16:50:50.636+0000] {dag.py:3508} INFO - Setting next_dagrun for example_subdag_operator.section-2 to None, run_after=None
[2023-07-19T16:50:50.642+0000] {logging_mixin.py:150} INFO - [2023-07-19T16:50:50.642+0000] {dag.py:2742} INFO - Sync 2 DAGs
[2023-07-19T16:50:50.645+0000] {logging_mixin.py:150} INFO - [2023-07-19T16:50:50.645+0000] {dag.py:3508} INFO - Setting next_dagrun for example_subdag_operator.section-1 to None, run_after=None
[2023-07-19T16:50:50.645+0000] {logging_mixin.py:150} INFO - [2023-07-19T16:50:50.645+0000] {dag.py:3508} INFO - Setting next_dagrun for example_subdag_operator.section-2 to None, run_after=None
[2023-07-19T16:50:50.653+0000] {processor.py:179} INFO - Processing /home/airflow/.local/lib/python3.7/site-packages/airflow/example_dags/example_subdag_operator.py took 0.092 seconds
[2023-07-19T16:51:21.091+0000] {processor.py:157} INFO - Started process (PID=2031) to work on /home/airflow/.local/lib/python3.7/site-packages/airflow/example_dags/example_subdag_operator.py
[2023-07-19T16:51:21.100+0000] {processor.py:826} INFO - Processing file /home/airflow/.local/lib/python3.7/site-packages/airflow/example_dags/example_subdag_operator.py for tasks to queue
[2023-07-19T16:51:21.101+0000] {logging_mixin.py:150} INFO - [2023-07-19T16:51:21.100+0000] {dagbag.py:541} INFO - Filling up the DagBag from /home/airflow/.local/lib/python3.7/site-packages/airflow/example_dags/example_subdag_operator.py
[2023-07-19T16:51:21.167+0000] {processor.py:836} INFO - DAG(s) dict_keys(['example_subdag_operator.section-1', 'example_subdag_operator.section-2', 'example_subdag_operator']) retrieved from /home/airflow/.local/lib/python3.7/site-packages/airflow/example_dags/example_subdag_operator.py
[2023-07-19T16:51:21.180+0000] {logging_mixin.py:150} INFO - [2023-07-19T16:51:21.180+0000] {dag.py:2742} INFO - Sync 3 DAGs
[2023-07-19T16:51:21.198+0000] {logging_mixin.py:150} INFO - [2023-07-19T16:51:21.198+0000] {dag.py:3508} INFO - Setting next_dagrun for example_subdag_operator to 2022-01-01T00:00:00+00:00, run_after=2022-01-01T00:00:00+00:00
[2023-07-19T16:51:21.200+0000] {logging_mixin.py:150} INFO - [2023-07-19T16:51:21.200+0000] {dag.py:3508} INFO - Setting next_dagrun for example_subdag_operator.section-1 to None, run_after=None
[2023-07-19T16:51:21.201+0000] {logging_mixin.py:150} INFO - [2023-07-19T16:51:21.201+0000] {dag.py:3508} INFO - Setting next_dagrun for example_subdag_operator.section-2 to None, run_after=None
[2023-07-19T16:51:21.205+0000] {logging_mixin.py:150} INFO - [2023-07-19T16:51:21.205+0000] {dag.py:2742} INFO - Sync 2 DAGs
[2023-07-19T16:51:21.208+0000] {logging_mixin.py:150} INFO - [2023-07-19T16:51:21.208+0000] {dag.py:3508} INFO - Setting next_dagrun for example_subdag_operator.section-1 to None, run_after=None
[2023-07-19T16:51:21.208+0000] {logging_mixin.py:150} INFO - [2023-07-19T16:51:21.208+0000] {dag.py:3508} INFO - Setting next_dagrun for example_subdag_operator.section-2 to None, run_after=None
[2023-07-19T16:51:21.213+0000] {processor.py:179} INFO - Processing /home/airflow/.local/lib/python3.7/site-packages/airflow/example_dags/example_subdag_operator.py took 0.131 seconds
[2023-07-19T16:51:51.511+0000] {processor.py:157} INFO - Started process (PID=2086) to work on /home/airflow/.local/lib/python3.7/site-packages/airflow/example_dags/example_subdag_operator.py
[2023-07-19T16:51:51.512+0000] {processor.py:826} INFO - Processing file /home/airflow/.local/lib/python3.7/site-packages/airflow/example_dags/example_subdag_operator.py for tasks to queue
[2023-07-19T16:51:51.513+0000] {logging_mixin.py:150} INFO - [2023-07-19T16:51:51.512+0000] {dagbag.py:541} INFO - Filling up the DagBag from /home/airflow/.local/lib/python3.7/site-packages/airflow/example_dags/example_subdag_operator.py
[2023-07-19T16:51:51.547+0000] {processor.py:836} INFO - DAG(s) dict_keys(['example_subdag_operator.section-1', 'example_subdag_operator.section-2', 'example_subdag_operator']) retrieved from /home/airflow/.local/lib/python3.7/site-packages/airflow/example_dags/example_subdag_operator.py
[2023-07-19T16:51:51.562+0000] {logging_mixin.py:150} INFO - [2023-07-19T16:51:51.562+0000] {dag.py:2742} INFO - Sync 3 DAGs
[2023-07-19T16:51:51.580+0000] {logging_mixin.py:150} INFO - [2023-07-19T16:51:51.580+0000] {dag.py:3508} INFO - Setting next_dagrun for example_subdag_operator to 2022-01-01T00:00:00+00:00, run_after=2022-01-01T00:00:00+00:00
[2023-07-19T16:51:51.583+0000] {logging_mixin.py:150} INFO - [2023-07-19T16:51:51.583+0000] {dag.py:3508} INFO - Setting next_dagrun for example_subdag_operator.section-1 to None, run_after=None
[2023-07-19T16:51:51.583+0000] {logging_mixin.py:150} INFO - [2023-07-19T16:51:51.583+0000] {dag.py:3508} INFO - Setting next_dagrun for example_subdag_operator.section-2 to None, run_after=None
[2023-07-19T16:51:51.605+0000] {logging_mixin.py:150} INFO - [2023-07-19T16:51:51.605+0000] {dag.py:2742} INFO - Sync 2 DAGs
[2023-07-19T16:51:51.610+0000] {logging_mixin.py:150} INFO - [2023-07-19T16:51:51.610+0000] {dag.py:3508} INFO - Setting next_dagrun for example_subdag_operator.section-1 to None, run_after=None
[2023-07-19T16:51:51.610+0000] {logging_mixin.py:150} INFO - [2023-07-19T16:51:51.610+0000] {dag.py:3508} INFO - Setting next_dagrun for example_subdag_operator.section-2 to None, run_after=None
[2023-07-19T16:51:51.616+0000] {processor.py:179} INFO - Processing /home/airflow/.local/lib/python3.7/site-packages/airflow/example_dags/example_subdag_operator.py took 0.151 seconds
