[2023-07-19T16:32:52.754+0000] {processor.py:157} INFO - Started process (PID=66) to work on /home/airflow/.local/lib/python3.7/site-packages/airflow/example_dags/example_short_circuit_decorator.py
[2023-07-19T16:32:52.755+0000] {processor.py:826} INFO - Processing file /home/airflow/.local/lib/python3.7/site-packages/airflow/example_dags/example_short_circuit_decorator.py for tasks to queue
[2023-07-19T16:32:52.755+0000] {logging_mixin.py:150} INFO - [2023-07-19T16:32:52.755+0000] {dagbag.py:541} INFO - Filling up the DagBag from /home/airflow/.local/lib/python3.7/site-packages/airflow/example_dags/example_short_circuit_decorator.py
[2023-07-19T16:32:52.761+0000] {processor.py:836} INFO - DAG(s) dict_keys(['example_short_circuit_decorator']) retrieved from /home/airflow/.local/lib/python3.7/site-packages/airflow/example_dags/example_short_circuit_decorator.py
[2023-07-19T16:32:52.770+0000] {logging_mixin.py:150} INFO - [2023-07-19T16:32:52.770+0000] {dag.py:2742} INFO - Sync 1 DAGs
[2023-07-19T16:32:52.787+0000] {logging_mixin.py:150} INFO - [2023-07-19T16:32:52.787+0000] {dag.py:3508} INFO - Setting next_dagrun for example_short_circuit_decorator to 2023-07-18T16:32:52.787577+00:00, run_after=2023-07-19T16:32:52.787577+00:00
[2023-07-19T16:32:52.800+0000] {processor.py:179} INFO - Processing /home/airflow/.local/lib/python3.7/site-packages/airflow/example_dags/example_short_circuit_decorator.py took 0.048 seconds
[2023-07-19T16:33:22.992+0000] {processor.py:157} INFO - Started process (PID=120) to work on /home/airflow/.local/lib/python3.7/site-packages/airflow/example_dags/example_short_circuit_decorator.py
[2023-07-19T16:33:22.997+0000] {processor.py:826} INFO - Processing file /home/airflow/.local/lib/python3.7/site-packages/airflow/example_dags/example_short_circuit_decorator.py for tasks to queue
[2023-07-19T16:33:22.998+0000] {logging_mixin.py:150} INFO - [2023-07-19T16:33:22.998+0000] {dagbag.py:541} INFO - Filling up the DagBag from /home/airflow/.local/lib/python3.7/site-packages/airflow/example_dags/example_short_circuit_decorator.py
[2023-07-19T16:33:23.005+0000] {processor.py:836} INFO - DAG(s) dict_keys(['example_short_circuit_decorator']) retrieved from /home/airflow/.local/lib/python3.7/site-packages/airflow/example_dags/example_short_circuit_decorator.py
[2023-07-19T16:33:23.027+0000] {logging_mixin.py:150} INFO - [2023-07-19T16:33:23.027+0000] {dag.py:2742} INFO - Sync 1 DAGs
[2023-07-19T16:33:23.039+0000] {logging_mixin.py:150} INFO - [2023-07-19T16:33:23.038+0000] {dag.py:3508} INFO - Setting next_dagrun for example_short_circuit_decorator to 2023-07-18T16:33:23.038745+00:00, run_after=2023-07-19T16:33:23.038745+00:00
[2023-07-19T16:33:23.048+0000] {processor.py:179} INFO - Processing /home/airflow/.local/lib/python3.7/site-packages/airflow/example_dags/example_short_circuit_decorator.py took 0.058 seconds
[2023-07-19T16:33:53.729+0000] {processor.py:157} INFO - Started process (PID=176) to work on /home/airflow/.local/lib/python3.7/site-packages/airflow/example_dags/example_short_circuit_decorator.py
[2023-07-19T16:33:53.729+0000] {processor.py:826} INFO - Processing file /home/airflow/.local/lib/python3.7/site-packages/airflow/example_dags/example_short_circuit_decorator.py for tasks to queue
[2023-07-19T16:33:53.730+0000] {logging_mixin.py:150} INFO - [2023-07-19T16:33:53.729+0000] {dagbag.py:541} INFO - Filling up the DagBag from /home/airflow/.local/lib/python3.7/site-packages/airflow/example_dags/example_short_circuit_decorator.py
[2023-07-19T16:33:53.736+0000] {processor.py:836} INFO - DAG(s) dict_keys(['example_short_circuit_decorator']) retrieved from /home/airflow/.local/lib/python3.7/site-packages/airflow/example_dags/example_short_circuit_decorator.py
[2023-07-19T16:33:53.752+0000] {logging_mixin.py:150} INFO - [2023-07-19T16:33:53.751+0000] {dag.py:2742} INFO - Sync 1 DAGs
[2023-07-19T16:33:53.766+0000] {logging_mixin.py:150} INFO - [2023-07-19T16:33:53.766+0000] {dag.py:3508} INFO - Setting next_dagrun for example_short_circuit_decorator to 2023-07-18T16:33:53.766036+00:00, run_after=2023-07-19T16:33:53.766036+00:00
[2023-07-19T16:33:53.774+0000] {processor.py:179} INFO - Processing /home/airflow/.local/lib/python3.7/site-packages/airflow/example_dags/example_short_circuit_decorator.py took 0.047 seconds
[2023-07-19T16:34:24.314+0000] {processor.py:157} INFO - Started process (PID=231) to work on /home/airflow/.local/lib/python3.7/site-packages/airflow/example_dags/example_short_circuit_decorator.py
[2023-07-19T16:34:24.315+0000] {processor.py:826} INFO - Processing file /home/airflow/.local/lib/python3.7/site-packages/airflow/example_dags/example_short_circuit_decorator.py for tasks to queue
[2023-07-19T16:34:24.315+0000] {logging_mixin.py:150} INFO - [2023-07-19T16:34:24.315+0000] {dagbag.py:541} INFO - Filling up the DagBag from /home/airflow/.local/lib/python3.7/site-packages/airflow/example_dags/example_short_circuit_decorator.py
[2023-07-19T16:34:24.325+0000] {processor.py:836} INFO - DAG(s) dict_keys(['example_short_circuit_decorator']) retrieved from /home/airflow/.local/lib/python3.7/site-packages/airflow/example_dags/example_short_circuit_decorator.py
[2023-07-19T16:34:24.350+0000] {logging_mixin.py:150} INFO - [2023-07-19T16:34:24.349+0000] {dag.py:2742} INFO - Sync 1 DAGs
[2023-07-19T16:34:24.379+0000] {logging_mixin.py:150} INFO - [2023-07-19T16:34:24.379+0000] {dag.py:3508} INFO - Setting next_dagrun for example_short_circuit_decorator to 2023-07-18T16:34:24.379572+00:00, run_after=2023-07-19T16:34:24.379572+00:00
[2023-07-19T16:34:24.413+0000] {processor.py:179} INFO - Processing /home/airflow/.local/lib/python3.7/site-packages/airflow/example_dags/example_short_circuit_decorator.py took 0.100 seconds
[2023-07-19T16:34:54.456+0000] {processor.py:157} INFO - Started process (PID=285) to work on /home/airflow/.local/lib/python3.7/site-packages/airflow/example_dags/example_short_circuit_decorator.py
[2023-07-19T16:34:54.456+0000] {processor.py:826} INFO - Processing file /home/airflow/.local/lib/python3.7/site-packages/airflow/example_dags/example_short_circuit_decorator.py for tasks to queue
[2023-07-19T16:34:54.456+0000] {logging_mixin.py:150} INFO - [2023-07-19T16:34:54.456+0000] {dagbag.py:541} INFO - Filling up the DagBag from /home/airflow/.local/lib/python3.7/site-packages/airflow/example_dags/example_short_circuit_decorator.py
[2023-07-19T16:34:54.462+0000] {processor.py:836} INFO - DAG(s) dict_keys(['example_short_circuit_decorator']) retrieved from /home/airflow/.local/lib/python3.7/site-packages/airflow/example_dags/example_short_circuit_decorator.py
[2023-07-19T16:34:54.483+0000] {logging_mixin.py:150} INFO - [2023-07-19T16:34:54.483+0000] {dag.py:2742} INFO - Sync 1 DAGs
[2023-07-19T16:34:54.496+0000] {logging_mixin.py:150} INFO - [2023-07-19T16:34:54.496+0000] {dag.py:3508} INFO - Setting next_dagrun for example_short_circuit_decorator to 2023-07-18T16:34:54.495944+00:00, run_after=2023-07-19T16:34:54.495944+00:00
[2023-07-19T16:34:54.504+0000] {processor.py:179} INFO - Processing /home/airflow/.local/lib/python3.7/site-packages/airflow/example_dags/example_short_circuit_decorator.py took 0.050 seconds
[2023-07-19T16:35:25.156+0000] {processor.py:157} INFO - Started process (PID=340) to work on /home/airflow/.local/lib/python3.7/site-packages/airflow/example_dags/example_short_circuit_decorator.py
[2023-07-19T16:35:25.156+0000] {processor.py:826} INFO - Processing file /home/airflow/.local/lib/python3.7/site-packages/airflow/example_dags/example_short_circuit_decorator.py for tasks to queue
[2023-07-19T16:35:25.158+0000] {logging_mixin.py:150} INFO - [2023-07-19T16:35:25.158+0000] {dagbag.py:541} INFO - Filling up the DagBag from /home/airflow/.local/lib/python3.7/site-packages/airflow/example_dags/example_short_circuit_decorator.py
[2023-07-19T16:35:25.185+0000] {processor.py:836} INFO - DAG(s) dict_keys(['example_short_circuit_decorator']) retrieved from /home/airflow/.local/lib/python3.7/site-packages/airflow/example_dags/example_short_circuit_decorator.py
[2023-07-19T16:35:25.204+0000] {logging_mixin.py:150} INFO - [2023-07-19T16:35:25.204+0000] {dag.py:2742} INFO - Sync 1 DAGs
[2023-07-19T16:35:25.226+0000] {logging_mixin.py:150} INFO - [2023-07-19T16:35:25.225+0000] {dag.py:3508} INFO - Setting next_dagrun for example_short_circuit_decorator to 2023-07-18T16:35:25.225348+00:00, run_after=2023-07-19T16:35:25.225348+00:00
[2023-07-19T16:35:25.250+0000] {processor.py:179} INFO - Processing /home/airflow/.local/lib/python3.7/site-packages/airflow/example_dags/example_short_circuit_decorator.py took 0.097 seconds
[2023-07-19T16:35:55.967+0000] {processor.py:157} INFO - Started process (PID=396) to work on /home/airflow/.local/lib/python3.7/site-packages/airflow/example_dags/example_short_circuit_decorator.py
[2023-07-19T16:35:55.967+0000] {processor.py:826} INFO - Processing file /home/airflow/.local/lib/python3.7/site-packages/airflow/example_dags/example_short_circuit_decorator.py for tasks to queue
[2023-07-19T16:35:55.968+0000] {logging_mixin.py:150} INFO - [2023-07-19T16:35:55.968+0000] {dagbag.py:541} INFO - Filling up the DagBag from /home/airflow/.local/lib/python3.7/site-packages/airflow/example_dags/example_short_circuit_decorator.py
[2023-07-19T16:35:55.978+0000] {processor.py:836} INFO - DAG(s) dict_keys(['example_short_circuit_decorator']) retrieved from /home/airflow/.local/lib/python3.7/site-packages/airflow/example_dags/example_short_circuit_decorator.py
[2023-07-19T16:35:55.993+0000] {logging_mixin.py:150} INFO - [2023-07-19T16:35:55.993+0000] {dag.py:2742} INFO - Sync 1 DAGs
[2023-07-19T16:35:56.004+0000] {logging_mixin.py:150} INFO - [2023-07-19T16:35:56.004+0000] {dag.py:3508} INFO - Setting next_dagrun for example_short_circuit_decorator to 2023-07-18T16:35:56.004660+00:00, run_after=2023-07-19T16:35:56.004660+00:00
[2023-07-19T16:35:56.013+0000] {processor.py:179} INFO - Processing /home/airflow/.local/lib/python3.7/site-packages/airflow/example_dags/example_short_circuit_decorator.py took 0.048 seconds
[2023-07-19T16:36:26.670+0000] {processor.py:157} INFO - Started process (PID=451) to work on /home/airflow/.local/lib/python3.7/site-packages/airflow/example_dags/example_short_circuit_decorator.py
[2023-07-19T16:36:26.671+0000] {processor.py:826} INFO - Processing file /home/airflow/.local/lib/python3.7/site-packages/airflow/example_dags/example_short_circuit_decorator.py for tasks to queue
[2023-07-19T16:36:26.671+0000] {logging_mixin.py:150} INFO - [2023-07-19T16:36:26.671+0000] {dagbag.py:541} INFO - Filling up the DagBag from /home/airflow/.local/lib/python3.7/site-packages/airflow/example_dags/example_short_circuit_decorator.py
[2023-07-19T16:36:26.677+0000] {processor.py:836} INFO - DAG(s) dict_keys(['example_short_circuit_decorator']) retrieved from /home/airflow/.local/lib/python3.7/site-packages/airflow/example_dags/example_short_circuit_decorator.py
[2023-07-19T16:36:26.696+0000] {logging_mixin.py:150} INFO - [2023-07-19T16:36:26.696+0000] {dag.py:2742} INFO - Sync 1 DAGs
[2023-07-19T16:36:26.707+0000] {logging_mixin.py:150} INFO - [2023-07-19T16:36:26.707+0000] {dag.py:3508} INFO - Setting next_dagrun for example_short_circuit_decorator to 2023-07-18T16:36:26.707362+00:00, run_after=2023-07-19T16:36:26.707362+00:00
[2023-07-19T16:36:26.728+0000] {processor.py:179} INFO - Processing /home/airflow/.local/lib/python3.7/site-packages/airflow/example_dags/example_short_circuit_decorator.py took 0.060 seconds
[2023-07-19T16:36:57.685+0000] {processor.py:157} INFO - Started process (PID=506) to work on /home/airflow/.local/lib/python3.7/site-packages/airflow/example_dags/example_short_circuit_decorator.py
[2023-07-19T16:36:57.686+0000] {processor.py:826} INFO - Processing file /home/airflow/.local/lib/python3.7/site-packages/airflow/example_dags/example_short_circuit_decorator.py for tasks to queue
[2023-07-19T16:36:57.686+0000] {logging_mixin.py:150} INFO - [2023-07-19T16:36:57.686+0000] {dagbag.py:541} INFO - Filling up the DagBag from /home/airflow/.local/lib/python3.7/site-packages/airflow/example_dags/example_short_circuit_decorator.py
[2023-07-19T16:36:57.691+0000] {processor.py:836} INFO - DAG(s) dict_keys(['example_short_circuit_decorator']) retrieved from /home/airflow/.local/lib/python3.7/site-packages/airflow/example_dags/example_short_circuit_decorator.py
[2023-07-19T16:36:57.748+0000] {logging_mixin.py:150} INFO - [2023-07-19T16:36:57.748+0000] {dag.py:2742} INFO - Sync 1 DAGs
[2023-07-19T16:36:57.785+0000] {logging_mixin.py:150} INFO - [2023-07-19T16:36:57.785+0000] {dag.py:3508} INFO - Setting next_dagrun for example_short_circuit_decorator to 2023-07-18T16:36:57.785321+00:00, run_after=2023-07-19T16:36:57.785321+00:00
[2023-07-19T16:36:57.799+0000] {processor.py:179} INFO - Processing /home/airflow/.local/lib/python3.7/site-packages/airflow/example_dags/example_short_circuit_decorator.py took 0.115 seconds
[2023-07-19T16:37:29.719+0000] {processor.py:157} INFO - Started process (PID=561) to work on /home/airflow/.local/lib/python3.7/site-packages/airflow/example_dags/example_short_circuit_decorator.py
[2023-07-19T16:37:29.720+0000] {processor.py:826} INFO - Processing file /home/airflow/.local/lib/python3.7/site-packages/airflow/example_dags/example_short_circuit_decorator.py for tasks to queue
[2023-07-19T16:37:29.720+0000] {logging_mixin.py:150} INFO - [2023-07-19T16:37:29.720+0000] {dagbag.py:541} INFO - Filling up the DagBag from /home/airflow/.local/lib/python3.7/site-packages/airflow/example_dags/example_short_circuit_decorator.py
[2023-07-19T16:37:29.729+0000] {processor.py:836} INFO - DAG(s) dict_keys(['example_short_circuit_decorator']) retrieved from /home/airflow/.local/lib/python3.7/site-packages/airflow/example_dags/example_short_circuit_decorator.py
[2023-07-19T16:37:29.748+0000] {logging_mixin.py:150} INFO - [2023-07-19T16:37:29.748+0000] {dag.py:2742} INFO - Sync 1 DAGs
[2023-07-19T16:37:29.761+0000] {logging_mixin.py:150} INFO - [2023-07-19T16:37:29.761+0000] {dag.py:3508} INFO - Setting next_dagrun for example_short_circuit_decorator to 2023-07-18T16:37:29.761114+00:00, run_after=2023-07-19T16:37:29.761114+00:00
[2023-07-19T16:37:29.769+0000] {processor.py:179} INFO - Processing /home/airflow/.local/lib/python3.7/site-packages/airflow/example_dags/example_short_circuit_decorator.py took 0.052 seconds
[2023-07-19T16:38:01.422+0000] {processor.py:157} INFO - Started process (PID=617) to work on /home/airflow/.local/lib/python3.7/site-packages/airflow/example_dags/example_short_circuit_decorator.py
[2023-07-19T16:38:01.423+0000] {processor.py:826} INFO - Processing file /home/airflow/.local/lib/python3.7/site-packages/airflow/example_dags/example_short_circuit_decorator.py for tasks to queue
[2023-07-19T16:38:01.423+0000] {logging_mixin.py:150} INFO - [2023-07-19T16:38:01.423+0000] {dagbag.py:541} INFO - Filling up the DagBag from /home/airflow/.local/lib/python3.7/site-packages/airflow/example_dags/example_short_circuit_decorator.py
[2023-07-19T16:38:01.430+0000] {processor.py:836} INFO - DAG(s) dict_keys(['example_short_circuit_decorator']) retrieved from /home/airflow/.local/lib/python3.7/site-packages/airflow/example_dags/example_short_circuit_decorator.py
[2023-07-19T16:38:01.449+0000] {logging_mixin.py:150} INFO - [2023-07-19T16:38:01.449+0000] {dag.py:2742} INFO - Sync 1 DAGs
[2023-07-19T16:38:01.462+0000] {logging_mixin.py:150} INFO - [2023-07-19T16:38:01.462+0000] {dag.py:3508} INFO - Setting next_dagrun for example_short_circuit_decorator to 2023-07-18T16:38:01.462258+00:00, run_after=2023-07-19T16:38:01.462258+00:00
[2023-07-19T16:38:01.483+0000] {processor.py:179} INFO - Processing /home/airflow/.local/lib/python3.7/site-packages/airflow/example_dags/example_short_circuit_decorator.py took 0.068 seconds
[2023-07-19T16:38:33.412+0000] {processor.py:157} INFO - Started process (PID=672) to work on /home/airflow/.local/lib/python3.7/site-packages/airflow/example_dags/example_short_circuit_decorator.py
[2023-07-19T16:38:33.417+0000] {processor.py:826} INFO - Processing file /home/airflow/.local/lib/python3.7/site-packages/airflow/example_dags/example_short_circuit_decorator.py for tasks to queue
[2023-07-19T16:38:33.417+0000] {logging_mixin.py:150} INFO - [2023-07-19T16:38:33.417+0000] {dagbag.py:541} INFO - Filling up the DagBag from /home/airflow/.local/lib/python3.7/site-packages/airflow/example_dags/example_short_circuit_decorator.py
[2023-07-19T16:38:33.453+0000] {processor.py:836} INFO - DAG(s) dict_keys(['example_short_circuit_decorator']) retrieved from /home/airflow/.local/lib/python3.7/site-packages/airflow/example_dags/example_short_circuit_decorator.py
[2023-07-19T16:38:33.532+0000] {logging_mixin.py:150} INFO - [2023-07-19T16:38:33.532+0000] {dag.py:2742} INFO - Sync 1 DAGs
[2023-07-19T16:38:33.585+0000] {logging_mixin.py:150} INFO - [2023-07-19T16:38:33.585+0000] {dag.py:3508} INFO - Setting next_dagrun for example_short_circuit_decorator to 2023-07-18T16:38:33.584842+00:00, run_after=2023-07-19T16:38:33.584842+00:00
[2023-07-19T16:38:33.617+0000] {processor.py:179} INFO - Processing /home/airflow/.local/lib/python3.7/site-packages/airflow/example_dags/example_short_circuit_decorator.py took 0.214 seconds
[2023-07-19T16:39:03.671+0000] {processor.py:157} INFO - Started process (PID=726) to work on /home/airflow/.local/lib/python3.7/site-packages/airflow/example_dags/example_short_circuit_decorator.py
[2023-07-19T16:39:03.671+0000] {processor.py:826} INFO - Processing file /home/airflow/.local/lib/python3.7/site-packages/airflow/example_dags/example_short_circuit_decorator.py for tasks to queue
[2023-07-19T16:39:03.672+0000] {logging_mixin.py:150} INFO - [2023-07-19T16:39:03.672+0000] {dagbag.py:541} INFO - Filling up the DagBag from /home/airflow/.local/lib/python3.7/site-packages/airflow/example_dags/example_short_circuit_decorator.py
[2023-07-19T16:39:03.677+0000] {processor.py:836} INFO - DAG(s) dict_keys(['example_short_circuit_decorator']) retrieved from /home/airflow/.local/lib/python3.7/site-packages/airflow/example_dags/example_short_circuit_decorator.py
[2023-07-19T16:39:03.713+0000] {logging_mixin.py:150} INFO - [2023-07-19T16:39:03.713+0000] {dag.py:2742} INFO - Sync 1 DAGs
[2023-07-19T16:39:03.731+0000] {logging_mixin.py:150} INFO - [2023-07-19T16:39:03.731+0000] {dag.py:3508} INFO - Setting next_dagrun for example_short_circuit_decorator to 2023-07-18T16:39:03.730825+00:00, run_after=2023-07-19T16:39:03.730825+00:00
[2023-07-19T16:39:03.743+0000] {processor.py:179} INFO - Processing /home/airflow/.local/lib/python3.7/site-packages/airflow/example_dags/example_short_circuit_decorator.py took 0.074 seconds
[2023-07-19T16:39:34.220+0000] {processor.py:157} INFO - Started process (PID=781) to work on /home/airflow/.local/lib/python3.7/site-packages/airflow/example_dags/example_short_circuit_decorator.py
[2023-07-19T16:39:34.222+0000] {processor.py:826} INFO - Processing file /home/airflow/.local/lib/python3.7/site-packages/airflow/example_dags/example_short_circuit_decorator.py for tasks to queue
[2023-07-19T16:39:34.222+0000] {logging_mixin.py:150} INFO - [2023-07-19T16:39:34.222+0000] {dagbag.py:541} INFO - Filling up the DagBag from /home/airflow/.local/lib/python3.7/site-packages/airflow/example_dags/example_short_circuit_decorator.py
[2023-07-19T16:39:34.229+0000] {processor.py:836} INFO - DAG(s) dict_keys(['example_short_circuit_decorator']) retrieved from /home/airflow/.local/lib/python3.7/site-packages/airflow/example_dags/example_short_circuit_decorator.py
[2023-07-19T16:39:34.252+0000] {logging_mixin.py:150} INFO - [2023-07-19T16:39:34.252+0000] {dag.py:2742} INFO - Sync 1 DAGs
[2023-07-19T16:39:34.264+0000] {logging_mixin.py:150} INFO - [2023-07-19T16:39:34.264+0000] {dag.py:3508} INFO - Setting next_dagrun for example_short_circuit_decorator to 2023-07-18T16:39:34.264685+00:00, run_after=2023-07-19T16:39:34.264685+00:00
[2023-07-19T16:39:34.272+0000] {processor.py:179} INFO - Processing /home/airflow/.local/lib/python3.7/site-packages/airflow/example_dags/example_short_circuit_decorator.py took 0.061 seconds
[2023-07-19T16:40:13.608+0000] {processor.py:157} INFO - Started process (PID=837) to work on /home/airflow/.local/lib/python3.7/site-packages/airflow/example_dags/example_short_circuit_decorator.py
[2023-07-19T16:40:13.629+0000] {processor.py:826} INFO - Processing file /home/airflow/.local/lib/python3.7/site-packages/airflow/example_dags/example_short_circuit_decorator.py for tasks to queue
[2023-07-19T16:40:13.630+0000] {logging_mixin.py:150} INFO - [2023-07-19T16:40:13.630+0000] {dagbag.py:541} INFO - Filling up the DagBag from /home/airflow/.local/lib/python3.7/site-packages/airflow/example_dags/example_short_circuit_decorator.py
[2023-07-19T16:40:13.714+0000] {processor.py:836} INFO - DAG(s) dict_keys(['example_short_circuit_decorator']) retrieved from /home/airflow/.local/lib/python3.7/site-packages/airflow/example_dags/example_short_circuit_decorator.py
[2023-07-19T16:40:13.881+0000] {logging_mixin.py:150} INFO - [2023-07-19T16:40:13.881+0000] {dag.py:2742} INFO - Sync 1 DAGs
[2023-07-19T16:40:13.972+0000] {logging_mixin.py:150} INFO - [2023-07-19T16:40:13.972+0000] {dag.py:3508} INFO - Setting next_dagrun for example_short_circuit_decorator to 2023-07-18T16:40:13.972280+00:00, run_after=2023-07-19T16:40:13.972280+00:00
[2023-07-19T16:40:13.988+0000] {processor.py:179} INFO - Processing /home/airflow/.local/lib/python3.7/site-packages/airflow/example_dags/example_short_circuit_decorator.py took 0.405 seconds
[2023-07-19T16:40:44.969+0000] {processor.py:157} INFO - Started process (PID=898) to work on /home/airflow/.local/lib/python3.7/site-packages/airflow/example_dags/example_short_circuit_decorator.py
[2023-07-19T16:40:44.970+0000] {processor.py:826} INFO - Processing file /home/airflow/.local/lib/python3.7/site-packages/airflow/example_dags/example_short_circuit_decorator.py for tasks to queue
[2023-07-19T16:40:44.970+0000] {logging_mixin.py:150} INFO - [2023-07-19T16:40:44.970+0000] {dagbag.py:541} INFO - Filling up the DagBag from /home/airflow/.local/lib/python3.7/site-packages/airflow/example_dags/example_short_circuit_decorator.py
[2023-07-19T16:40:44.985+0000] {processor.py:836} INFO - DAG(s) dict_keys(['example_short_circuit_decorator']) retrieved from /home/airflow/.local/lib/python3.7/site-packages/airflow/example_dags/example_short_circuit_decorator.py
[2023-07-19T16:40:45.012+0000] {logging_mixin.py:150} INFO - [2023-07-19T16:40:45.012+0000] {dag.py:2742} INFO - Sync 1 DAGs
[2023-07-19T16:40:45.027+0000] {logging_mixin.py:150} INFO - [2023-07-19T16:40:45.027+0000] {dag.py:3508} INFO - Setting next_dagrun for example_short_circuit_decorator to 2023-07-18T16:40:45.027209+00:00, run_after=2023-07-19T16:40:45.027209+00:00
[2023-07-19T16:40:45.043+0000] {processor.py:179} INFO - Processing /home/airflow/.local/lib/python3.7/site-packages/airflow/example_dags/example_short_circuit_decorator.py took 0.076 seconds
[2023-07-19T16:41:15.060+0000] {processor.py:157} INFO - Started process (PID=953) to work on /home/airflow/.local/lib/python3.7/site-packages/airflow/example_dags/example_short_circuit_decorator.py
[2023-07-19T16:41:15.062+0000] {processor.py:826} INFO - Processing file /home/airflow/.local/lib/python3.7/site-packages/airflow/example_dags/example_short_circuit_decorator.py for tasks to queue
[2023-07-19T16:41:15.063+0000] {logging_mixin.py:150} INFO - [2023-07-19T16:41:15.062+0000] {dagbag.py:541} INFO - Filling up the DagBag from /home/airflow/.local/lib/python3.7/site-packages/airflow/example_dags/example_short_circuit_decorator.py
[2023-07-19T16:41:15.070+0000] {processor.py:836} INFO - DAG(s) dict_keys(['example_short_circuit_decorator']) retrieved from /home/airflow/.local/lib/python3.7/site-packages/airflow/example_dags/example_short_circuit_decorator.py
[2023-07-19T16:41:15.087+0000] {logging_mixin.py:150} INFO - [2023-07-19T16:41:15.087+0000] {dag.py:2742} INFO - Sync 1 DAGs
[2023-07-19T16:41:15.102+0000] {logging_mixin.py:150} INFO - [2023-07-19T16:41:15.102+0000] {dag.py:3508} INFO - Setting next_dagrun for example_short_circuit_decorator to 2023-07-18T16:41:15.102561+00:00, run_after=2023-07-19T16:41:15.102561+00:00
[2023-07-19T16:41:15.117+0000] {processor.py:179} INFO - Processing /home/airflow/.local/lib/python3.7/site-packages/airflow/example_dags/example_short_circuit_decorator.py took 0.059 seconds
[2023-07-19T16:41:45.704+0000] {processor.py:157} INFO - Started process (PID=1008) to work on /home/airflow/.local/lib/python3.7/site-packages/airflow/example_dags/example_short_circuit_decorator.py
[2023-07-19T16:41:45.705+0000] {processor.py:826} INFO - Processing file /home/airflow/.local/lib/python3.7/site-packages/airflow/example_dags/example_short_circuit_decorator.py for tasks to queue
[2023-07-19T16:41:45.706+0000] {logging_mixin.py:150} INFO - [2023-07-19T16:41:45.706+0000] {dagbag.py:541} INFO - Filling up the DagBag from /home/airflow/.local/lib/python3.7/site-packages/airflow/example_dags/example_short_circuit_decorator.py
[2023-07-19T16:41:45.717+0000] {processor.py:836} INFO - DAG(s) dict_keys(['example_short_circuit_decorator']) retrieved from /home/airflow/.local/lib/python3.7/site-packages/airflow/example_dags/example_short_circuit_decorator.py
[2023-07-19T16:41:45.738+0000] {logging_mixin.py:150} INFO - [2023-07-19T16:41:45.738+0000] {dag.py:2742} INFO - Sync 1 DAGs
[2023-07-19T16:41:45.753+0000] {logging_mixin.py:150} INFO - [2023-07-19T16:41:45.753+0000] {dag.py:3508} INFO - Setting next_dagrun for example_short_circuit_decorator to 2023-07-18T16:41:45.752958+00:00, run_after=2023-07-19T16:41:45.752958+00:00
[2023-07-19T16:41:45.761+0000] {processor.py:179} INFO - Processing /home/airflow/.local/lib/python3.7/site-packages/airflow/example_dags/example_short_circuit_decorator.py took 0.062 seconds
[2023-07-19T16:42:15.944+0000] {processor.py:157} INFO - Started process (PID=1062) to work on /home/airflow/.local/lib/python3.7/site-packages/airflow/example_dags/example_short_circuit_decorator.py
[2023-07-19T16:42:15.945+0000] {processor.py:826} INFO - Processing file /home/airflow/.local/lib/python3.7/site-packages/airflow/example_dags/example_short_circuit_decorator.py for tasks to queue
[2023-07-19T16:42:15.945+0000] {logging_mixin.py:150} INFO - [2023-07-19T16:42:15.945+0000] {dagbag.py:541} INFO - Filling up the DagBag from /home/airflow/.local/lib/python3.7/site-packages/airflow/example_dags/example_short_circuit_decorator.py
[2023-07-19T16:42:15.951+0000] {processor.py:836} INFO - DAG(s) dict_keys(['example_short_circuit_decorator']) retrieved from /home/airflow/.local/lib/python3.7/site-packages/airflow/example_dags/example_short_circuit_decorator.py
[2023-07-19T16:42:15.974+0000] {logging_mixin.py:150} INFO - [2023-07-19T16:42:15.974+0000] {dag.py:2742} INFO - Sync 1 DAGs
[2023-07-19T16:42:15.991+0000] {logging_mixin.py:150} INFO - [2023-07-19T16:42:15.991+0000] {dag.py:3508} INFO - Setting next_dagrun for example_short_circuit_decorator to 2023-07-18T16:42:15.991233+00:00, run_after=2023-07-19T16:42:15.991233+00:00
[2023-07-19T16:42:16.006+0000] {processor.py:179} INFO - Processing /home/airflow/.local/lib/python3.7/site-packages/airflow/example_dags/example_short_circuit_decorator.py took 0.064 seconds
[2023-07-19T16:42:46.368+0000] {processor.py:157} INFO - Started process (PID=1117) to work on /home/airflow/.local/lib/python3.7/site-packages/airflow/example_dags/example_short_circuit_decorator.py
[2023-07-19T16:42:46.370+0000] {processor.py:826} INFO - Processing file /home/airflow/.local/lib/python3.7/site-packages/airflow/example_dags/example_short_circuit_decorator.py for tasks to queue
[2023-07-19T16:42:46.371+0000] {logging_mixin.py:150} INFO - [2023-07-19T16:42:46.371+0000] {dagbag.py:541} INFO - Filling up the DagBag from /home/airflow/.local/lib/python3.7/site-packages/airflow/example_dags/example_short_circuit_decorator.py
[2023-07-19T16:42:46.381+0000] {processor.py:836} INFO - DAG(s) dict_keys(['example_short_circuit_decorator']) retrieved from /home/airflow/.local/lib/python3.7/site-packages/airflow/example_dags/example_short_circuit_decorator.py
[2023-07-19T16:42:46.405+0000] {logging_mixin.py:150} INFO - [2023-07-19T16:42:46.405+0000] {dag.py:2742} INFO - Sync 1 DAGs
[2023-07-19T16:42:46.420+0000] {logging_mixin.py:150} INFO - [2023-07-19T16:42:46.420+0000] {dag.py:3508} INFO - Setting next_dagrun for example_short_circuit_decorator to 2023-07-18T16:42:46.420445+00:00, run_after=2023-07-19T16:42:46.420445+00:00
[2023-07-19T16:42:46.430+0000] {processor.py:179} INFO - Processing /home/airflow/.local/lib/python3.7/site-packages/airflow/example_dags/example_short_circuit_decorator.py took 0.067 seconds
[2023-07-19T16:43:16.680+0000] {processor.py:157} INFO - Started process (PID=1173) to work on /home/airflow/.local/lib/python3.7/site-packages/airflow/example_dags/example_short_circuit_decorator.py
[2023-07-19T16:43:16.680+0000] {processor.py:826} INFO - Processing file /home/airflow/.local/lib/python3.7/site-packages/airflow/example_dags/example_short_circuit_decorator.py for tasks to queue
[2023-07-19T16:43:16.681+0000] {logging_mixin.py:150} INFO - [2023-07-19T16:43:16.681+0000] {dagbag.py:541} INFO - Filling up the DagBag from /home/airflow/.local/lib/python3.7/site-packages/airflow/example_dags/example_short_circuit_decorator.py
[2023-07-19T16:43:16.691+0000] {processor.py:836} INFO - DAG(s) dict_keys(['example_short_circuit_decorator']) retrieved from /home/airflow/.local/lib/python3.7/site-packages/airflow/example_dags/example_short_circuit_decorator.py
[2023-07-19T16:43:16.729+0000] {logging_mixin.py:150} INFO - [2023-07-19T16:43:16.728+0000] {dag.py:2742} INFO - Sync 1 DAGs
[2023-07-19T16:43:16.748+0000] {logging_mixin.py:150} INFO - [2023-07-19T16:43:16.748+0000] {dag.py:3508} INFO - Setting next_dagrun for example_short_circuit_decorator to 2023-07-18T16:43:16.748605+00:00, run_after=2023-07-19T16:43:16.748605+00:00
[2023-07-19T16:43:16.760+0000] {processor.py:179} INFO - Processing /home/airflow/.local/lib/python3.7/site-packages/airflow/example_dags/example_short_circuit_decorator.py took 0.083 seconds
[2023-07-19T16:43:47.749+0000] {processor.py:157} INFO - Started process (PID=1228) to work on /home/airflow/.local/lib/python3.7/site-packages/airflow/example_dags/example_short_circuit_decorator.py
[2023-07-19T16:43:47.752+0000] {processor.py:826} INFO - Processing file /home/airflow/.local/lib/python3.7/site-packages/airflow/example_dags/example_short_circuit_decorator.py for tasks to queue
[2023-07-19T16:43:47.754+0000] {logging_mixin.py:150} INFO - [2023-07-19T16:43:47.754+0000] {dagbag.py:541} INFO - Filling up the DagBag from /home/airflow/.local/lib/python3.7/site-packages/airflow/example_dags/example_short_circuit_decorator.py
[2023-07-19T16:43:47.775+0000] {processor.py:836} INFO - DAG(s) dict_keys(['example_short_circuit_decorator']) retrieved from /home/airflow/.local/lib/python3.7/site-packages/airflow/example_dags/example_short_circuit_decorator.py
[2023-07-19T16:43:47.825+0000] {logging_mixin.py:150} INFO - [2023-07-19T16:43:47.825+0000] {dag.py:2742} INFO - Sync 1 DAGs
[2023-07-19T16:43:47.851+0000] {logging_mixin.py:150} INFO - [2023-07-19T16:43:47.851+0000] {dag.py:3508} INFO - Setting next_dagrun for example_short_circuit_decorator to 2023-07-18T16:43:47.851340+00:00, run_after=2023-07-19T16:43:47.851340+00:00
[2023-07-19T16:43:47.897+0000] {processor.py:179} INFO - Processing /home/airflow/.local/lib/python3.7/site-packages/airflow/example_dags/example_short_circuit_decorator.py took 0.151 seconds
[2023-07-19T16:44:18.716+0000] {processor.py:157} INFO - Started process (PID=1283) to work on /home/airflow/.local/lib/python3.7/site-packages/airflow/example_dags/example_short_circuit_decorator.py
[2023-07-19T16:44:18.717+0000] {processor.py:826} INFO - Processing file /home/airflow/.local/lib/python3.7/site-packages/airflow/example_dags/example_short_circuit_decorator.py for tasks to queue
[2023-07-19T16:44:18.718+0000] {logging_mixin.py:150} INFO - [2023-07-19T16:44:18.718+0000] {dagbag.py:541} INFO - Filling up the DagBag from /home/airflow/.local/lib/python3.7/site-packages/airflow/example_dags/example_short_circuit_decorator.py
[2023-07-19T16:44:18.732+0000] {processor.py:836} INFO - DAG(s) dict_keys(['example_short_circuit_decorator']) retrieved from /home/airflow/.local/lib/python3.7/site-packages/airflow/example_dags/example_short_circuit_decorator.py
[2023-07-19T16:44:18.752+0000] {logging_mixin.py:150} INFO - [2023-07-19T16:44:18.752+0000] {dag.py:2742} INFO - Sync 1 DAGs
[2023-07-19T16:44:18.769+0000] {logging_mixin.py:150} INFO - [2023-07-19T16:44:18.769+0000] {dag.py:3508} INFO - Setting next_dagrun for example_short_circuit_decorator to 2023-07-18T16:44:18.769592+00:00, run_after=2023-07-19T16:44:18.769592+00:00
[2023-07-19T16:44:18.780+0000] {processor.py:179} INFO - Processing /home/airflow/.local/lib/python3.7/site-packages/airflow/example_dags/example_short_circuit_decorator.py took 0.068 seconds
[2023-07-19T16:44:49.450+0000] {processor.py:157} INFO - Started process (PID=1338) to work on /home/airflow/.local/lib/python3.7/site-packages/airflow/example_dags/example_short_circuit_decorator.py
[2023-07-19T16:44:49.451+0000] {processor.py:826} INFO - Processing file /home/airflow/.local/lib/python3.7/site-packages/airflow/example_dags/example_short_circuit_decorator.py for tasks to queue
[2023-07-19T16:44:49.452+0000] {logging_mixin.py:150} INFO - [2023-07-19T16:44:49.451+0000] {dagbag.py:541} INFO - Filling up the DagBag from /home/airflow/.local/lib/python3.7/site-packages/airflow/example_dags/example_short_circuit_decorator.py
[2023-07-19T16:44:49.464+0000] {processor.py:836} INFO - DAG(s) dict_keys(['example_short_circuit_decorator']) retrieved from /home/airflow/.local/lib/python3.7/site-packages/airflow/example_dags/example_short_circuit_decorator.py
[2023-07-19T16:44:49.485+0000] {logging_mixin.py:150} INFO - [2023-07-19T16:44:49.485+0000] {dag.py:2742} INFO - Sync 1 DAGs
[2023-07-19T16:44:49.501+0000] {logging_mixin.py:150} INFO - [2023-07-19T16:44:49.501+0000] {dag.py:3508} INFO - Setting next_dagrun for example_short_circuit_decorator to 2023-07-18T16:44:49.501041+00:00, run_after=2023-07-19T16:44:49.501041+00:00
[2023-07-19T16:44:49.509+0000] {processor.py:179} INFO - Processing /home/airflow/.local/lib/python3.7/site-packages/airflow/example_dags/example_short_circuit_decorator.py took 0.063 seconds
[2023-07-19T16:45:19.574+0000] {processor.py:157} INFO - Started process (PID=1393) to work on /home/airflow/.local/lib/python3.7/site-packages/airflow/example_dags/example_short_circuit_decorator.py
[2023-07-19T16:45:19.575+0000] {processor.py:826} INFO - Processing file /home/airflow/.local/lib/python3.7/site-packages/airflow/example_dags/example_short_circuit_decorator.py for tasks to queue
[2023-07-19T16:45:19.576+0000] {logging_mixin.py:150} INFO - [2023-07-19T16:45:19.576+0000] {dagbag.py:541} INFO - Filling up the DagBag from /home/airflow/.local/lib/python3.7/site-packages/airflow/example_dags/example_short_circuit_decorator.py
[2023-07-19T16:45:19.582+0000] {processor.py:836} INFO - DAG(s) dict_keys(['example_short_circuit_decorator']) retrieved from /home/airflow/.local/lib/python3.7/site-packages/airflow/example_dags/example_short_circuit_decorator.py
[2023-07-19T16:45:19.598+0000] {logging_mixin.py:150} INFO - [2023-07-19T16:45:19.598+0000] {dag.py:2742} INFO - Sync 1 DAGs
[2023-07-19T16:45:19.612+0000] {logging_mixin.py:150} INFO - [2023-07-19T16:45:19.612+0000] {dag.py:3508} INFO - Setting next_dagrun for example_short_circuit_decorator to 2023-07-18T16:45:19.612579+00:00, run_after=2023-07-19T16:45:19.612579+00:00
[2023-07-19T16:45:19.627+0000] {processor.py:179} INFO - Processing /home/airflow/.local/lib/python3.7/site-packages/airflow/example_dags/example_short_circuit_decorator.py took 0.054 seconds
[2023-07-19T16:45:50.132+0000] {processor.py:157} INFO - Started process (PID=1448) to work on /home/airflow/.local/lib/python3.7/site-packages/airflow/example_dags/example_short_circuit_decorator.py
[2023-07-19T16:45:50.135+0000] {processor.py:826} INFO - Processing file /home/airflow/.local/lib/python3.7/site-packages/airflow/example_dags/example_short_circuit_decorator.py for tasks to queue
[2023-07-19T16:45:50.135+0000] {logging_mixin.py:150} INFO - [2023-07-19T16:45:50.135+0000] {dagbag.py:541} INFO - Filling up the DagBag from /home/airflow/.local/lib/python3.7/site-packages/airflow/example_dags/example_short_circuit_decorator.py
[2023-07-19T16:45:50.181+0000] {processor.py:836} INFO - DAG(s) dict_keys(['example_short_circuit_decorator']) retrieved from /home/airflow/.local/lib/python3.7/site-packages/airflow/example_dags/example_short_circuit_decorator.py
[2023-07-19T16:45:50.220+0000] {logging_mixin.py:150} INFO - [2023-07-19T16:45:50.220+0000] {dag.py:2742} INFO - Sync 1 DAGs
[2023-07-19T16:45:50.235+0000] {logging_mixin.py:150} INFO - [2023-07-19T16:45:50.235+0000] {dag.py:3508} INFO - Setting next_dagrun for example_short_circuit_decorator to 2023-07-18T16:45:50.234811+00:00, run_after=2023-07-19T16:45:50.234811+00:00
[2023-07-19T16:45:50.243+0000] {processor.py:179} INFO - Processing /home/airflow/.local/lib/python3.7/site-packages/airflow/example_dags/example_short_circuit_decorator.py took 0.119 seconds
[2023-07-19T16:46:20.870+0000] {processor.py:157} INFO - Started process (PID=1503) to work on /home/airflow/.local/lib/python3.7/site-packages/airflow/example_dags/example_short_circuit_decorator.py
[2023-07-19T16:46:20.871+0000] {processor.py:826} INFO - Processing file /home/airflow/.local/lib/python3.7/site-packages/airflow/example_dags/example_short_circuit_decorator.py for tasks to queue
[2023-07-19T16:46:20.871+0000] {logging_mixin.py:150} INFO - [2023-07-19T16:46:20.871+0000] {dagbag.py:541} INFO - Filling up the DagBag from /home/airflow/.local/lib/python3.7/site-packages/airflow/example_dags/example_short_circuit_decorator.py
[2023-07-19T16:46:20.878+0000] {processor.py:836} INFO - DAG(s) dict_keys(['example_short_circuit_decorator']) retrieved from /home/airflow/.local/lib/python3.7/site-packages/airflow/example_dags/example_short_circuit_decorator.py
[2023-07-19T16:46:20.901+0000] {logging_mixin.py:150} INFO - [2023-07-19T16:46:20.901+0000] {dag.py:2742} INFO - Sync 1 DAGs
[2023-07-19T16:46:20.921+0000] {logging_mixin.py:150} INFO - [2023-07-19T16:46:20.921+0000] {dag.py:3508} INFO - Setting next_dagrun for example_short_circuit_decorator to 2023-07-18T16:46:20.920864+00:00, run_after=2023-07-19T16:46:20.920864+00:00
[2023-07-19T16:46:20.929+0000] {processor.py:179} INFO - Processing /home/airflow/.local/lib/python3.7/site-packages/airflow/example_dags/example_short_circuit_decorator.py took 0.061 seconds
[2023-07-19T16:46:51.449+0000] {processor.py:157} INFO - Started process (PID=1558) to work on /home/airflow/.local/lib/python3.7/site-packages/airflow/example_dags/example_short_circuit_decorator.py
[2023-07-19T16:46:51.450+0000] {processor.py:826} INFO - Processing file /home/airflow/.local/lib/python3.7/site-packages/airflow/example_dags/example_short_circuit_decorator.py for tasks to queue
[2023-07-19T16:46:51.450+0000] {logging_mixin.py:150} INFO - [2023-07-19T16:46:51.450+0000] {dagbag.py:541} INFO - Filling up the DagBag from /home/airflow/.local/lib/python3.7/site-packages/airflow/example_dags/example_short_circuit_decorator.py
[2023-07-19T16:46:51.455+0000] {processor.py:836} INFO - DAG(s) dict_keys(['example_short_circuit_decorator']) retrieved from /home/airflow/.local/lib/python3.7/site-packages/airflow/example_dags/example_short_circuit_decorator.py
[2023-07-19T16:46:51.472+0000] {logging_mixin.py:150} INFO - [2023-07-19T16:46:51.471+0000] {dag.py:2742} INFO - Sync 1 DAGs
[2023-07-19T16:46:51.487+0000] {logging_mixin.py:150} INFO - [2023-07-19T16:46:51.487+0000] {dag.py:3508} INFO - Setting next_dagrun for example_short_circuit_decorator to 2023-07-18T16:46:51.487348+00:00, run_after=2023-07-19T16:46:51.487348+00:00
[2023-07-19T16:46:51.496+0000] {processor.py:179} INFO - Processing /home/airflow/.local/lib/python3.7/site-packages/airflow/example_dags/example_short_circuit_decorator.py took 0.049 seconds
[2023-07-19T16:47:22.047+0000] {processor.py:157} INFO - Started process (PID=1612) to work on /home/airflow/.local/lib/python3.7/site-packages/airflow/example_dags/example_short_circuit_decorator.py
[2023-07-19T16:47:22.048+0000] {processor.py:826} INFO - Processing file /home/airflow/.local/lib/python3.7/site-packages/airflow/example_dags/example_short_circuit_decorator.py for tasks to queue
[2023-07-19T16:47:22.048+0000] {logging_mixin.py:150} INFO - [2023-07-19T16:47:22.048+0000] {dagbag.py:541} INFO - Filling up the DagBag from /home/airflow/.local/lib/python3.7/site-packages/airflow/example_dags/example_short_circuit_decorator.py
[2023-07-19T16:47:22.054+0000] {processor.py:836} INFO - DAG(s) dict_keys(['example_short_circuit_decorator']) retrieved from /home/airflow/.local/lib/python3.7/site-packages/airflow/example_dags/example_short_circuit_decorator.py
[2023-07-19T16:47:22.077+0000] {logging_mixin.py:150} INFO - [2023-07-19T16:47:22.077+0000] {dag.py:2742} INFO - Sync 1 DAGs
[2023-07-19T16:47:22.088+0000] {logging_mixin.py:150} INFO - [2023-07-19T16:47:22.088+0000] {dag.py:3508} INFO - Setting next_dagrun for example_short_circuit_decorator to 2023-07-18T16:47:22.088633+00:00, run_after=2023-07-19T16:47:22.088633+00:00
[2023-07-19T16:47:22.097+0000] {processor.py:179} INFO - Processing /home/airflow/.local/lib/python3.7/site-packages/airflow/example_dags/example_short_circuit_decorator.py took 0.051 seconds
[2023-07-19T16:47:53.852+0000] {processor.py:157} INFO - Started process (PID=1667) to work on /home/airflow/.local/lib/python3.7/site-packages/airflow/example_dags/example_short_circuit_decorator.py
[2023-07-19T16:47:53.857+0000] {processor.py:826} INFO - Processing file /home/airflow/.local/lib/python3.7/site-packages/airflow/example_dags/example_short_circuit_decorator.py for tasks to queue
[2023-07-19T16:47:53.857+0000] {logging_mixin.py:150} INFO - [2023-07-19T16:47:53.857+0000] {dagbag.py:541} INFO - Filling up the DagBag from /home/airflow/.local/lib/python3.7/site-packages/airflow/example_dags/example_short_circuit_decorator.py
[2023-07-19T16:47:53.863+0000] {processor.py:836} INFO - DAG(s) dict_keys(['example_short_circuit_decorator']) retrieved from /home/airflow/.local/lib/python3.7/site-packages/airflow/example_dags/example_short_circuit_decorator.py
[2023-07-19T16:47:53.880+0000] {logging_mixin.py:150} INFO - [2023-07-19T16:47:53.880+0000] {dag.py:2742} INFO - Sync 1 DAGs
[2023-07-19T16:47:53.894+0000] {logging_mixin.py:150} INFO - [2023-07-19T16:47:53.894+0000] {dag.py:3508} INFO - Setting next_dagrun for example_short_circuit_decorator to 2023-07-18T16:47:53.894390+00:00, run_after=2023-07-19T16:47:53.894390+00:00
[2023-07-19T16:47:53.905+0000] {processor.py:179} INFO - Processing /home/airflow/.local/lib/python3.7/site-packages/airflow/example_dags/example_short_circuit_decorator.py took 0.055 seconds
[2023-07-19T16:48:24.549+0000] {processor.py:157} INFO - Started process (PID=1722) to work on /home/airflow/.local/lib/python3.7/site-packages/airflow/example_dags/example_short_circuit_decorator.py
[2023-07-19T16:48:24.557+0000] {processor.py:826} INFO - Processing file /home/airflow/.local/lib/python3.7/site-packages/airflow/example_dags/example_short_circuit_decorator.py for tasks to queue
[2023-07-19T16:48:24.557+0000] {logging_mixin.py:150} INFO - [2023-07-19T16:48:24.557+0000] {dagbag.py:541} INFO - Filling up the DagBag from /home/airflow/.local/lib/python3.7/site-packages/airflow/example_dags/example_short_circuit_decorator.py
[2023-07-19T16:48:24.567+0000] {processor.py:836} INFO - DAG(s) dict_keys(['example_short_circuit_decorator']) retrieved from /home/airflow/.local/lib/python3.7/site-packages/airflow/example_dags/example_short_circuit_decorator.py
[2023-07-19T16:48:24.592+0000] {logging_mixin.py:150} INFO - [2023-07-19T16:48:24.592+0000] {dag.py:2742} INFO - Sync 1 DAGs
[2023-07-19T16:48:24.604+0000] {logging_mixin.py:150} INFO - [2023-07-19T16:48:24.604+0000] {dag.py:3508} INFO - Setting next_dagrun for example_short_circuit_decorator to 2023-07-18T16:48:24.603891+00:00, run_after=2023-07-19T16:48:24.603891+00:00
[2023-07-19T16:48:24.612+0000] {processor.py:179} INFO - Processing /home/airflow/.local/lib/python3.7/site-packages/airflow/example_dags/example_short_circuit_decorator.py took 0.065 seconds
[2023-07-19T16:48:55.486+0000] {processor.py:157} INFO - Started process (PID=1777) to work on /home/airflow/.local/lib/python3.7/site-packages/airflow/example_dags/example_short_circuit_decorator.py
[2023-07-19T16:48:55.486+0000] {processor.py:826} INFO - Processing file /home/airflow/.local/lib/python3.7/site-packages/airflow/example_dags/example_short_circuit_decorator.py for tasks to queue
[2023-07-19T16:48:55.487+0000] {logging_mixin.py:150} INFO - [2023-07-19T16:48:55.487+0000] {dagbag.py:541} INFO - Filling up the DagBag from /home/airflow/.local/lib/python3.7/site-packages/airflow/example_dags/example_short_circuit_decorator.py
[2023-07-19T16:48:55.497+0000] {processor.py:836} INFO - DAG(s) dict_keys(['example_short_circuit_decorator']) retrieved from /home/airflow/.local/lib/python3.7/site-packages/airflow/example_dags/example_short_circuit_decorator.py
[2023-07-19T16:48:55.540+0000] {logging_mixin.py:150} INFO - [2023-07-19T16:48:55.540+0000] {dag.py:2742} INFO - Sync 1 DAGs
[2023-07-19T16:48:55.562+0000] {logging_mixin.py:150} INFO - [2023-07-19T16:48:55.562+0000] {dag.py:3508} INFO - Setting next_dagrun for example_short_circuit_decorator to 2023-07-18T16:48:55.562319+00:00, run_after=2023-07-19T16:48:55.562319+00:00
[2023-07-19T16:48:55.571+0000] {processor.py:179} INFO - Processing /home/airflow/.local/lib/python3.7/site-packages/airflow/example_dags/example_short_circuit_decorator.py took 0.088 seconds
[2023-07-19T16:49:26.173+0000] {processor.py:157} INFO - Started process (PID=1832) to work on /home/airflow/.local/lib/python3.7/site-packages/airflow/example_dags/example_short_circuit_decorator.py
[2023-07-19T16:49:26.173+0000] {processor.py:826} INFO - Processing file /home/airflow/.local/lib/python3.7/site-packages/airflow/example_dags/example_short_circuit_decorator.py for tasks to queue
[2023-07-19T16:49:26.174+0000] {logging_mixin.py:150} INFO - [2023-07-19T16:49:26.174+0000] {dagbag.py:541} INFO - Filling up the DagBag from /home/airflow/.local/lib/python3.7/site-packages/airflow/example_dags/example_short_circuit_decorator.py
[2023-07-19T16:49:26.184+0000] {processor.py:836} INFO - DAG(s) dict_keys(['example_short_circuit_decorator']) retrieved from /home/airflow/.local/lib/python3.7/site-packages/airflow/example_dags/example_short_circuit_decorator.py
[2023-07-19T16:49:26.204+0000] {logging_mixin.py:150} INFO - [2023-07-19T16:49:26.204+0000] {dag.py:2742} INFO - Sync 1 DAGs
[2023-07-19T16:49:26.229+0000] {logging_mixin.py:150} INFO - [2023-07-19T16:49:26.229+0000] {dag.py:3508} INFO - Setting next_dagrun for example_short_circuit_decorator to 2023-07-18T16:49:26.229274+00:00, run_after=2023-07-19T16:49:26.229274+00:00
[2023-07-19T16:49:26.240+0000] {processor.py:179} INFO - Processing /home/airflow/.local/lib/python3.7/site-packages/airflow/example_dags/example_short_circuit_decorator.py took 0.070 seconds
[2023-07-19T16:49:57.291+0000] {processor.py:157} INFO - Started process (PID=1887) to work on /home/airflow/.local/lib/python3.7/site-packages/airflow/example_dags/example_short_circuit_decorator.py
[2023-07-19T16:49:57.292+0000] {processor.py:826} INFO - Processing file /home/airflow/.local/lib/python3.7/site-packages/airflow/example_dags/example_short_circuit_decorator.py for tasks to queue
[2023-07-19T16:49:57.293+0000] {logging_mixin.py:150} INFO - [2023-07-19T16:49:57.293+0000] {dagbag.py:541} INFO - Filling up the DagBag from /home/airflow/.local/lib/python3.7/site-packages/airflow/example_dags/example_short_circuit_decorator.py
[2023-07-19T16:49:57.301+0000] {processor.py:836} INFO - DAG(s) dict_keys(['example_short_circuit_decorator']) retrieved from /home/airflow/.local/lib/python3.7/site-packages/airflow/example_dags/example_short_circuit_decorator.py
[2023-07-19T16:49:57.328+0000] {logging_mixin.py:150} INFO - [2023-07-19T16:49:57.328+0000] {dag.py:2742} INFO - Sync 1 DAGs
[2023-07-19T16:49:57.349+0000] {logging_mixin.py:150} INFO - [2023-07-19T16:49:57.349+0000] {dag.py:3508} INFO - Setting next_dagrun for example_short_circuit_decorator to 2023-07-18T16:49:57.348996+00:00, run_after=2023-07-19T16:49:57.348996+00:00
[2023-07-19T16:49:57.365+0000] {processor.py:179} INFO - Processing /home/airflow/.local/lib/python3.7/site-packages/airflow/example_dags/example_short_circuit_decorator.py took 0.078 seconds
[2023-07-19T16:50:27.690+0000] {processor.py:157} INFO - Started process (PID=1942) to work on /home/airflow/.local/lib/python3.7/site-packages/airflow/example_dags/example_short_circuit_decorator.py
[2023-07-19T16:50:27.691+0000] {processor.py:826} INFO - Processing file /home/airflow/.local/lib/python3.7/site-packages/airflow/example_dags/example_short_circuit_decorator.py for tasks to queue
[2023-07-19T16:50:27.692+0000] {logging_mixin.py:150} INFO - [2023-07-19T16:50:27.691+0000] {dagbag.py:541} INFO - Filling up the DagBag from /home/airflow/.local/lib/python3.7/site-packages/airflow/example_dags/example_short_circuit_decorator.py
[2023-07-19T16:50:27.699+0000] {processor.py:836} INFO - DAG(s) dict_keys(['example_short_circuit_decorator']) retrieved from /home/airflow/.local/lib/python3.7/site-packages/airflow/example_dags/example_short_circuit_decorator.py
[2023-07-19T16:50:27.715+0000] {logging_mixin.py:150} INFO - [2023-07-19T16:50:27.715+0000] {dag.py:2742} INFO - Sync 1 DAGs
[2023-07-19T16:50:27.729+0000] {logging_mixin.py:150} INFO - [2023-07-19T16:50:27.728+0000] {dag.py:3508} INFO - Setting next_dagrun for example_short_circuit_decorator to 2023-07-18T16:50:27.728800+00:00, run_after=2023-07-19T16:50:27.728800+00:00
[2023-07-19T16:50:27.790+0000] {processor.py:179} INFO - Processing /home/airflow/.local/lib/python3.7/site-packages/airflow/example_dags/example_short_circuit_decorator.py took 0.104 seconds
[2023-07-19T16:50:58.868+0000] {processor.py:157} INFO - Started process (PID=1997) to work on /home/airflow/.local/lib/python3.7/site-packages/airflow/example_dags/example_short_circuit_decorator.py
[2023-07-19T16:50:58.869+0000] {processor.py:826} INFO - Processing file /home/airflow/.local/lib/python3.7/site-packages/airflow/example_dags/example_short_circuit_decorator.py for tasks to queue
[2023-07-19T16:50:58.869+0000] {logging_mixin.py:150} INFO - [2023-07-19T16:50:58.869+0000] {dagbag.py:541} INFO - Filling up the DagBag from /home/airflow/.local/lib/python3.7/site-packages/airflow/example_dags/example_short_circuit_decorator.py
[2023-07-19T16:50:58.875+0000] {processor.py:836} INFO - DAG(s) dict_keys(['example_short_circuit_decorator']) retrieved from /home/airflow/.local/lib/python3.7/site-packages/airflow/example_dags/example_short_circuit_decorator.py
[2023-07-19T16:50:58.891+0000] {logging_mixin.py:150} INFO - [2023-07-19T16:50:58.891+0000] {dag.py:2742} INFO - Sync 1 DAGs
[2023-07-19T16:50:58.905+0000] {logging_mixin.py:150} INFO - [2023-07-19T16:50:58.905+0000] {dag.py:3508} INFO - Setting next_dagrun for example_short_circuit_decorator to 2023-07-18T16:50:58.905176+00:00, run_after=2023-07-19T16:50:58.905176+00:00
[2023-07-19T16:50:58.913+0000] {processor.py:179} INFO - Processing /home/airflow/.local/lib/python3.7/site-packages/airflow/example_dags/example_short_circuit_decorator.py took 0.046 seconds
