[2023-07-19T16:32:51.840+0000] {processor.py:157} INFO - Started process (PID=60) to work on /home/airflow/.local/lib/python3.7/site-packages/airflow/example_dags/example_skip_dag.py
[2023-07-19T16:32:51.840+0000] {processor.py:826} INFO - Processing file /home/airflow/.local/lib/python3.7/site-packages/airflow/example_dags/example_skip_dag.py for tasks to queue
[2023-07-19T16:32:51.841+0000] {logging_mixin.py:150} INFO - [2023-07-19T16:32:51.841+0000] {dagbag.py:541} INFO - Filling up the DagBag from /home/airflow/.local/lib/python3.7/site-packages/airflow/example_dags/example_skip_dag.py
[2023-07-19T16:32:51.848+0000] {processor.py:836} INFO - DAG(s) dict_keys(['example_skip_dag']) retrieved from /home/airflow/.local/lib/python3.7/site-packages/airflow/example_dags/example_skip_dag.py
[2023-07-19T16:32:51.956+0000] {logging_mixin.py:150} INFO - [2023-07-19T16:32:51.956+0000] {dag.py:2742} INFO - Sync 1 DAGs
[2023-07-19T16:32:51.991+0000] {logging_mixin.py:150} INFO - [2023-07-19T16:32:51.991+0000] {dag.py:3508} INFO - Setting next_dagrun for example_skip_dag to 2023-07-18T16:32:51.991138+00:00, run_after=2023-07-19T16:32:51.991138+00:00
[2023-07-19T16:32:52.028+0000] {processor.py:179} INFO - Processing /home/airflow/.local/lib/python3.7/site-packages/airflow/example_dags/example_skip_dag.py took 0.192 seconds
[2023-07-19T16:33:22.704+0000] {processor.py:157} INFO - Started process (PID=114) to work on /home/airflow/.local/lib/python3.7/site-packages/airflow/example_dags/example_skip_dag.py
[2023-07-19T16:33:22.705+0000] {processor.py:826} INFO - Processing file /home/airflow/.local/lib/python3.7/site-packages/airflow/example_dags/example_skip_dag.py for tasks to queue
[2023-07-19T16:33:22.706+0000] {logging_mixin.py:150} INFO - [2023-07-19T16:33:22.705+0000] {dagbag.py:541} INFO - Filling up the DagBag from /home/airflow/.local/lib/python3.7/site-packages/airflow/example_dags/example_skip_dag.py
[2023-07-19T16:33:22.710+0000] {processor.py:836} INFO - DAG(s) dict_keys(['example_skip_dag']) retrieved from /home/airflow/.local/lib/python3.7/site-packages/airflow/example_dags/example_skip_dag.py
[2023-07-19T16:33:22.726+0000] {logging_mixin.py:150} INFO - [2023-07-19T16:33:22.725+0000] {dag.py:2742} INFO - Sync 1 DAGs
[2023-07-19T16:33:22.750+0000] {logging_mixin.py:150} INFO - [2023-07-19T16:33:22.750+0000] {dag.py:3508} INFO - Setting next_dagrun for example_skip_dag to 2023-07-18T16:33:22.750478+00:00, run_after=2023-07-19T16:33:22.750478+00:00
[2023-07-19T16:33:22.785+0000] {processor.py:179} INFO - Processing /home/airflow/.local/lib/python3.7/site-packages/airflow/example_dags/example_skip_dag.py took 0.085 seconds
[2023-07-19T16:33:53.499+0000] {processor.py:157} INFO - Started process (PID=170) to work on /home/airflow/.local/lib/python3.7/site-packages/airflow/example_dags/example_skip_dag.py
[2023-07-19T16:33:53.500+0000] {processor.py:826} INFO - Processing file /home/airflow/.local/lib/python3.7/site-packages/airflow/example_dags/example_skip_dag.py for tasks to queue
[2023-07-19T16:33:53.500+0000] {logging_mixin.py:150} INFO - [2023-07-19T16:33:53.500+0000] {dagbag.py:541} INFO - Filling up the DagBag from /home/airflow/.local/lib/python3.7/site-packages/airflow/example_dags/example_skip_dag.py
[2023-07-19T16:33:53.504+0000] {processor.py:836} INFO - DAG(s) dict_keys(['example_skip_dag']) retrieved from /home/airflow/.local/lib/python3.7/site-packages/airflow/example_dags/example_skip_dag.py
[2023-07-19T16:33:53.518+0000] {logging_mixin.py:150} INFO - [2023-07-19T16:33:53.518+0000] {dag.py:2742} INFO - Sync 1 DAGs
[2023-07-19T16:33:53.530+0000] {logging_mixin.py:150} INFO - [2023-07-19T16:33:53.530+0000] {dag.py:3508} INFO - Setting next_dagrun for example_skip_dag to 2023-07-18T16:33:53.530387+00:00, run_after=2023-07-19T16:33:53.530387+00:00
[2023-07-19T16:33:53.538+0000] {processor.py:179} INFO - Processing /home/airflow/.local/lib/python3.7/site-packages/airflow/example_dags/example_skip_dag.py took 0.041 seconds
[2023-07-19T16:34:23.924+0000] {processor.py:157} INFO - Started process (PID=224) to work on /home/airflow/.local/lib/python3.7/site-packages/airflow/example_dags/example_skip_dag.py
[2023-07-19T16:34:23.924+0000] {processor.py:826} INFO - Processing file /home/airflow/.local/lib/python3.7/site-packages/airflow/example_dags/example_skip_dag.py for tasks to queue
[2023-07-19T16:34:23.925+0000] {logging_mixin.py:150} INFO - [2023-07-19T16:34:23.924+0000] {dagbag.py:541} INFO - Filling up the DagBag from /home/airflow/.local/lib/python3.7/site-packages/airflow/example_dags/example_skip_dag.py
[2023-07-19T16:34:23.931+0000] {processor.py:836} INFO - DAG(s) dict_keys(['example_skip_dag']) retrieved from /home/airflow/.local/lib/python3.7/site-packages/airflow/example_dags/example_skip_dag.py
[2023-07-19T16:34:23.966+0000] {logging_mixin.py:150} INFO - [2023-07-19T16:34:23.965+0000] {dag.py:2742} INFO - Sync 1 DAGs
[2023-07-19T16:34:23.995+0000] {logging_mixin.py:150} INFO - [2023-07-19T16:34:23.995+0000] {dag.py:3508} INFO - Setting next_dagrun for example_skip_dag to 2023-07-18T16:34:23.995023+00:00, run_after=2023-07-19T16:34:23.995023+00:00
[2023-07-19T16:34:24.006+0000] {processor.py:179} INFO - Processing /home/airflow/.local/lib/python3.7/site-packages/airflow/example_dags/example_skip_dag.py took 0.089 seconds
[2023-07-19T16:34:54.240+0000] {processor.py:157} INFO - Started process (PID=279) to work on /home/airflow/.local/lib/python3.7/site-packages/airflow/example_dags/example_skip_dag.py
[2023-07-19T16:34:54.240+0000] {processor.py:826} INFO - Processing file /home/airflow/.local/lib/python3.7/site-packages/airflow/example_dags/example_skip_dag.py for tasks to queue
[2023-07-19T16:34:54.241+0000] {logging_mixin.py:150} INFO - [2023-07-19T16:34:54.240+0000] {dagbag.py:541} INFO - Filling up the DagBag from /home/airflow/.local/lib/python3.7/site-packages/airflow/example_dags/example_skip_dag.py
[2023-07-19T16:34:54.244+0000] {processor.py:836} INFO - DAG(s) dict_keys(['example_skip_dag']) retrieved from /home/airflow/.local/lib/python3.7/site-packages/airflow/example_dags/example_skip_dag.py
[2023-07-19T16:34:54.261+0000] {logging_mixin.py:150} INFO - [2023-07-19T16:34:54.260+0000] {dag.py:2742} INFO - Sync 1 DAGs
[2023-07-19T16:34:54.278+0000] {logging_mixin.py:150} INFO - [2023-07-19T16:34:54.278+0000] {dag.py:3508} INFO - Setting next_dagrun for example_skip_dag to 2023-07-18T16:34:54.278364+00:00, run_after=2023-07-19T16:34:54.278364+00:00
[2023-07-19T16:34:54.288+0000] {processor.py:179} INFO - Processing /home/airflow/.local/lib/python3.7/site-packages/airflow/example_dags/example_skip_dag.py took 0.050 seconds
[2023-07-19T16:35:24.851+0000] {processor.py:157} INFO - Started process (PID=334) to work on /home/airflow/.local/lib/python3.7/site-packages/airflow/example_dags/example_skip_dag.py
[2023-07-19T16:35:24.851+0000] {processor.py:826} INFO - Processing file /home/airflow/.local/lib/python3.7/site-packages/airflow/example_dags/example_skip_dag.py for tasks to queue
[2023-07-19T16:35:24.851+0000] {logging_mixin.py:150} INFO - [2023-07-19T16:35:24.851+0000] {dagbag.py:541} INFO - Filling up the DagBag from /home/airflow/.local/lib/python3.7/site-packages/airflow/example_dags/example_skip_dag.py
[2023-07-19T16:35:24.857+0000] {processor.py:836} INFO - DAG(s) dict_keys(['example_skip_dag']) retrieved from /home/airflow/.local/lib/python3.7/site-packages/airflow/example_dags/example_skip_dag.py
[2023-07-19T16:35:24.865+0000] {logging_mixin.py:150} INFO - [2023-07-19T16:35:24.865+0000] {dag.py:2742} INFO - Sync 1 DAGs
[2023-07-19T16:35:24.888+0000] {logging_mixin.py:150} INFO - [2023-07-19T16:35:24.888+0000] {dag.py:3508} INFO - Setting next_dagrun for example_skip_dag to 2023-07-18T16:35:24.888368+00:00, run_after=2023-07-19T16:35:24.888368+00:00
[2023-07-19T16:35:24.897+0000] {processor.py:179} INFO - Processing /home/airflow/.local/lib/python3.7/site-packages/airflow/example_dags/example_skip_dag.py took 0.048 seconds
[2023-07-19T16:35:55.797+0000] {processor.py:157} INFO - Started process (PID=390) to work on /home/airflow/.local/lib/python3.7/site-packages/airflow/example_dags/example_skip_dag.py
[2023-07-19T16:35:55.798+0000] {processor.py:826} INFO - Processing file /home/airflow/.local/lib/python3.7/site-packages/airflow/example_dags/example_skip_dag.py for tasks to queue
[2023-07-19T16:35:55.798+0000] {logging_mixin.py:150} INFO - [2023-07-19T16:35:55.798+0000] {dagbag.py:541} INFO - Filling up the DagBag from /home/airflow/.local/lib/python3.7/site-packages/airflow/example_dags/example_skip_dag.py
[2023-07-19T16:35:55.802+0000] {processor.py:836} INFO - DAG(s) dict_keys(['example_skip_dag']) retrieved from /home/airflow/.local/lib/python3.7/site-packages/airflow/example_dags/example_skip_dag.py
[2023-07-19T16:35:55.827+0000] {logging_mixin.py:150} INFO - [2023-07-19T16:35:55.827+0000] {dag.py:2742} INFO - Sync 1 DAGs
[2023-07-19T16:35:55.843+0000] {logging_mixin.py:150} INFO - [2023-07-19T16:35:55.843+0000] {dag.py:3508} INFO - Setting next_dagrun for example_skip_dag to 2023-07-18T16:35:55.843166+00:00, run_after=2023-07-19T16:35:55.843166+00:00
[2023-07-19T16:35:55.851+0000] {processor.py:179} INFO - Processing /home/airflow/.local/lib/python3.7/site-packages/airflow/example_dags/example_skip_dag.py took 0.058 seconds
[2023-07-19T16:36:26.498+0000] {processor.py:157} INFO - Started process (PID=445) to work on /home/airflow/.local/lib/python3.7/site-packages/airflow/example_dags/example_skip_dag.py
[2023-07-19T16:36:26.498+0000] {processor.py:826} INFO - Processing file /home/airflow/.local/lib/python3.7/site-packages/airflow/example_dags/example_skip_dag.py for tasks to queue
[2023-07-19T16:36:26.499+0000] {logging_mixin.py:150} INFO - [2023-07-19T16:36:26.499+0000] {dagbag.py:541} INFO - Filling up the DagBag from /home/airflow/.local/lib/python3.7/site-packages/airflow/example_dags/example_skip_dag.py
[2023-07-19T16:36:26.503+0000] {processor.py:836} INFO - DAG(s) dict_keys(['example_skip_dag']) retrieved from /home/airflow/.local/lib/python3.7/site-packages/airflow/example_dags/example_skip_dag.py
[2023-07-19T16:36:26.517+0000] {logging_mixin.py:150} INFO - [2023-07-19T16:36:26.517+0000] {dag.py:2742} INFO - Sync 1 DAGs
[2023-07-19T16:36:26.530+0000] {logging_mixin.py:150} INFO - [2023-07-19T16:36:26.530+0000] {dag.py:3508} INFO - Setting next_dagrun for example_skip_dag to 2023-07-18T16:36:26.530500+00:00, run_after=2023-07-19T16:36:26.530500+00:00
[2023-07-19T16:36:26.539+0000] {processor.py:179} INFO - Processing /home/airflow/.local/lib/python3.7/site-packages/airflow/example_dags/example_skip_dag.py took 0.042 seconds
[2023-07-19T16:36:57.496+0000] {processor.py:157} INFO - Started process (PID=500) to work on /home/airflow/.local/lib/python3.7/site-packages/airflow/example_dags/example_skip_dag.py
[2023-07-19T16:36:57.496+0000] {processor.py:826} INFO - Processing file /home/airflow/.local/lib/python3.7/site-packages/airflow/example_dags/example_skip_dag.py for tasks to queue
[2023-07-19T16:36:57.497+0000] {logging_mixin.py:150} INFO - [2023-07-19T16:36:57.497+0000] {dagbag.py:541} INFO - Filling up the DagBag from /home/airflow/.local/lib/python3.7/site-packages/airflow/example_dags/example_skip_dag.py
[2023-07-19T16:36:57.500+0000] {processor.py:836} INFO - DAG(s) dict_keys(['example_skip_dag']) retrieved from /home/airflow/.local/lib/python3.7/site-packages/airflow/example_dags/example_skip_dag.py
[2023-07-19T16:36:57.514+0000] {logging_mixin.py:150} INFO - [2023-07-19T16:36:57.514+0000] {dag.py:2742} INFO - Sync 1 DAGs
[2023-07-19T16:36:57.526+0000] {logging_mixin.py:150} INFO - [2023-07-19T16:36:57.526+0000] {dag.py:3508} INFO - Setting next_dagrun for example_skip_dag to 2023-07-18T16:36:57.526018+00:00, run_after=2023-07-19T16:36:57.526018+00:00
[2023-07-19T16:36:57.533+0000] {processor.py:179} INFO - Processing /home/airflow/.local/lib/python3.7/site-packages/airflow/example_dags/example_skip_dag.py took 0.039 seconds
[2023-07-19T16:37:29.180+0000] {processor.py:157} INFO - Started process (PID=555) to work on /home/airflow/.local/lib/python3.7/site-packages/airflow/example_dags/example_skip_dag.py
[2023-07-19T16:37:29.193+0000] {processor.py:826} INFO - Processing file /home/airflow/.local/lib/python3.7/site-packages/airflow/example_dags/example_skip_dag.py for tasks to queue
[2023-07-19T16:37:29.198+0000] {logging_mixin.py:150} INFO - [2023-07-19T16:37:29.193+0000] {dagbag.py:541} INFO - Filling up the DagBag from /home/airflow/.local/lib/python3.7/site-packages/airflow/example_dags/example_skip_dag.py
[2023-07-19T16:37:29.204+0000] {processor.py:836} INFO - DAG(s) dict_keys(['example_skip_dag']) retrieved from /home/airflow/.local/lib/python3.7/site-packages/airflow/example_dags/example_skip_dag.py
[2023-07-19T16:37:29.309+0000] {logging_mixin.py:150} INFO - [2023-07-19T16:37:29.309+0000] {dag.py:2742} INFO - Sync 1 DAGs
[2023-07-19T16:37:29.372+0000] {logging_mixin.py:150} INFO - [2023-07-19T16:37:29.372+0000] {dag.py:3508} INFO - Setting next_dagrun for example_skip_dag to 2023-07-18T16:37:29.372075+00:00, run_after=2023-07-19T16:37:29.372075+00:00
[2023-07-19T16:37:29.395+0000] {processor.py:179} INFO - Processing /home/airflow/.local/lib/python3.7/site-packages/airflow/example_dags/example_skip_dag.py took 0.218 seconds
[2023-07-19T16:38:00.423+0000] {processor.py:157} INFO - Started process (PID=611) to work on /home/airflow/.local/lib/python3.7/site-packages/airflow/example_dags/example_skip_dag.py
[2023-07-19T16:38:00.437+0000] {processor.py:826} INFO - Processing file /home/airflow/.local/lib/python3.7/site-packages/airflow/example_dags/example_skip_dag.py for tasks to queue
[2023-07-19T16:38:00.438+0000] {logging_mixin.py:150} INFO - [2023-07-19T16:38:00.438+0000] {dagbag.py:541} INFO - Filling up the DagBag from /home/airflow/.local/lib/python3.7/site-packages/airflow/example_dags/example_skip_dag.py
[2023-07-19T16:38:00.453+0000] {processor.py:836} INFO - DAG(s) dict_keys(['example_skip_dag']) retrieved from /home/airflow/.local/lib/python3.7/site-packages/airflow/example_dags/example_skip_dag.py
[2023-07-19T16:38:00.532+0000] {logging_mixin.py:150} INFO - [2023-07-19T16:38:00.532+0000] {dag.py:2742} INFO - Sync 1 DAGs
[2023-07-19T16:38:00.571+0000] {logging_mixin.py:150} INFO - [2023-07-19T16:38:00.571+0000] {dag.py:3508} INFO - Setting next_dagrun for example_skip_dag to 2023-07-18T16:38:00.570398+00:00, run_after=2023-07-19T16:38:00.570398+00:00
[2023-07-19T16:38:00.601+0000] {processor.py:179} INFO - Processing /home/airflow/.local/lib/python3.7/site-packages/airflow/example_dags/example_skip_dag.py took 0.327 seconds
[2023-07-19T16:38:31.147+0000] {processor.py:157} INFO - Started process (PID=665) to work on /home/airflow/.local/lib/python3.7/site-packages/airflow/example_dags/example_skip_dag.py
[2023-07-19T16:38:31.148+0000] {processor.py:826} INFO - Processing file /home/airflow/.local/lib/python3.7/site-packages/airflow/example_dags/example_skip_dag.py for tasks to queue
[2023-07-19T16:38:31.148+0000] {logging_mixin.py:150} INFO - [2023-07-19T16:38:31.148+0000] {dagbag.py:541} INFO - Filling up the DagBag from /home/airflow/.local/lib/python3.7/site-packages/airflow/example_dags/example_skip_dag.py
[2023-07-19T16:38:31.159+0000] {processor.py:836} INFO - DAG(s) dict_keys(['example_skip_dag']) retrieved from /home/airflow/.local/lib/python3.7/site-packages/airflow/example_dags/example_skip_dag.py
[2023-07-19T16:38:31.276+0000] {logging_mixin.py:150} INFO - [2023-07-19T16:38:31.275+0000] {dag.py:2742} INFO - Sync 1 DAGs
[2023-07-19T16:38:31.556+0000] {logging_mixin.py:150} INFO - [2023-07-19T16:38:31.555+0000] {dag.py:3508} INFO - Setting next_dagrun for example_skip_dag to 2023-07-18T16:38:31.549907+00:00, run_after=2023-07-19T16:38:31.549907+00:00
[2023-07-19T16:38:31.635+0000] {processor.py:179} INFO - Processing /home/airflow/.local/lib/python3.7/site-packages/airflow/example_dags/example_skip_dag.py took 0.498 seconds
[2023-07-19T16:39:01.887+0000] {processor.py:157} INFO - Started process (PID=720) to work on /home/airflow/.local/lib/python3.7/site-packages/airflow/example_dags/example_skip_dag.py
[2023-07-19T16:39:01.909+0000] {processor.py:826} INFO - Processing file /home/airflow/.local/lib/python3.7/site-packages/airflow/example_dags/example_skip_dag.py for tasks to queue
[2023-07-19T16:39:01.910+0000] {logging_mixin.py:150} INFO - [2023-07-19T16:39:01.910+0000] {dagbag.py:541} INFO - Filling up the DagBag from /home/airflow/.local/lib/python3.7/site-packages/airflow/example_dags/example_skip_dag.py
[2023-07-19T16:39:01.943+0000] {processor.py:836} INFO - DAG(s) dict_keys(['example_skip_dag']) retrieved from /home/airflow/.local/lib/python3.7/site-packages/airflow/example_dags/example_skip_dag.py
[2023-07-19T16:39:02.058+0000] {logging_mixin.py:150} INFO - [2023-07-19T16:39:02.058+0000] {dag.py:2742} INFO - Sync 1 DAGs
[2023-07-19T16:39:02.115+0000] {logging_mixin.py:150} INFO - [2023-07-19T16:39:02.115+0000] {dag.py:3508} INFO - Setting next_dagrun for example_skip_dag to 2023-07-18T16:39:02.115543+00:00, run_after=2023-07-19T16:39:02.115543+00:00
[2023-07-19T16:39:02.186+0000] {processor.py:179} INFO - Processing /home/airflow/.local/lib/python3.7/site-packages/airflow/example_dags/example_skip_dag.py took 0.302 seconds
[2023-07-19T16:39:32.873+0000] {processor.py:157} INFO - Started process (PID=775) to work on /home/airflow/.local/lib/python3.7/site-packages/airflow/example_dags/example_skip_dag.py
[2023-07-19T16:39:32.874+0000] {processor.py:826} INFO - Processing file /home/airflow/.local/lib/python3.7/site-packages/airflow/example_dags/example_skip_dag.py for tasks to queue
[2023-07-19T16:39:32.875+0000] {logging_mixin.py:150} INFO - [2023-07-19T16:39:32.874+0000] {dagbag.py:541} INFO - Filling up the DagBag from /home/airflow/.local/lib/python3.7/site-packages/airflow/example_dags/example_skip_dag.py
[2023-07-19T16:39:32.883+0000] {processor.py:836} INFO - DAG(s) dict_keys(['example_skip_dag']) retrieved from /home/airflow/.local/lib/python3.7/site-packages/airflow/example_dags/example_skip_dag.py
[2023-07-19T16:39:32.903+0000] {logging_mixin.py:150} INFO - [2023-07-19T16:39:32.903+0000] {dag.py:2742} INFO - Sync 1 DAGs
[2023-07-19T16:39:32.918+0000] {logging_mixin.py:150} INFO - [2023-07-19T16:39:32.918+0000] {dag.py:3508} INFO - Setting next_dagrun for example_skip_dag to 2023-07-18T16:39:32.918247+00:00, run_after=2023-07-19T16:39:32.918247+00:00
[2023-07-19T16:39:32.926+0000] {processor.py:179} INFO - Processing /home/airflow/.local/lib/python3.7/site-packages/airflow/example_dags/example_skip_dag.py took 0.058 seconds
[2023-07-19T16:40:12.578+0000] {processor.py:157} INFO - Started process (PID=831) to work on /home/airflow/.local/lib/python3.7/site-packages/airflow/example_dags/example_skip_dag.py
[2023-07-19T16:40:12.587+0000] {processor.py:826} INFO - Processing file /home/airflow/.local/lib/python3.7/site-packages/airflow/example_dags/example_skip_dag.py for tasks to queue
[2023-07-19T16:40:12.589+0000] {logging_mixin.py:150} INFO - [2023-07-19T16:40:12.588+0000] {dagbag.py:541} INFO - Filling up the DagBag from /home/airflow/.local/lib/python3.7/site-packages/airflow/example_dags/example_skip_dag.py
[2023-07-19T16:40:12.616+0000] {processor.py:836} INFO - DAG(s) dict_keys(['example_skip_dag']) retrieved from /home/airflow/.local/lib/python3.7/site-packages/airflow/example_dags/example_skip_dag.py
[2023-07-19T16:40:12.731+0000] {logging_mixin.py:150} INFO - [2023-07-19T16:40:12.730+0000] {dag.py:2742} INFO - Sync 1 DAGs
[2023-07-19T16:40:12.818+0000] {logging_mixin.py:150} INFO - [2023-07-19T16:40:12.818+0000] {dag.py:3508} INFO - Setting next_dagrun for example_skip_dag to 2023-07-18T16:40:12.817663+00:00, run_after=2023-07-19T16:40:12.817663+00:00
[2023-07-19T16:40:12.897+0000] {processor.py:179} INFO - Processing /home/airflow/.local/lib/python3.7/site-packages/airflow/example_dags/example_skip_dag.py took 0.332 seconds
[2023-07-19T16:40:43.642+0000] {processor.py:157} INFO - Started process (PID=886) to work on /home/airflow/.local/lib/python3.7/site-packages/airflow/example_dags/example_skip_dag.py
[2023-07-19T16:40:43.645+0000] {processor.py:826} INFO - Processing file /home/airflow/.local/lib/python3.7/site-packages/airflow/example_dags/example_skip_dag.py for tasks to queue
[2023-07-19T16:40:43.646+0000] {logging_mixin.py:150} INFO - [2023-07-19T16:40:43.645+0000] {dagbag.py:541} INFO - Filling up the DagBag from /home/airflow/.local/lib/python3.7/site-packages/airflow/example_dags/example_skip_dag.py
[2023-07-19T16:40:43.654+0000] {processor.py:836} INFO - DAG(s) dict_keys(['example_skip_dag']) retrieved from /home/airflow/.local/lib/python3.7/site-packages/airflow/example_dags/example_skip_dag.py
[2023-07-19T16:40:43.674+0000] {logging_mixin.py:150} INFO - [2023-07-19T16:40:43.674+0000] {dag.py:2742} INFO - Sync 1 DAGs
[2023-07-19T16:40:43.689+0000] {logging_mixin.py:150} INFO - [2023-07-19T16:40:43.689+0000] {dag.py:3508} INFO - Setting next_dagrun for example_skip_dag to 2023-07-18T16:40:43.689515+00:00, run_after=2023-07-19T16:40:43.689515+00:00
[2023-07-19T16:40:43.699+0000] {processor.py:179} INFO - Processing /home/airflow/.local/lib/python3.7/site-packages/airflow/example_dags/example_skip_dag.py took 0.061 seconds
[2023-07-19T16:41:13.779+0000] {processor.py:157} INFO - Started process (PID=940) to work on /home/airflow/.local/lib/python3.7/site-packages/airflow/example_dags/example_skip_dag.py
[2023-07-19T16:41:13.785+0000] {processor.py:826} INFO - Processing file /home/airflow/.local/lib/python3.7/site-packages/airflow/example_dags/example_skip_dag.py for tasks to queue
[2023-07-19T16:41:13.785+0000] {logging_mixin.py:150} INFO - [2023-07-19T16:41:13.785+0000] {dagbag.py:541} INFO - Filling up the DagBag from /home/airflow/.local/lib/python3.7/site-packages/airflow/example_dags/example_skip_dag.py
[2023-07-19T16:41:13.794+0000] {processor.py:836} INFO - DAG(s) dict_keys(['example_skip_dag']) retrieved from /home/airflow/.local/lib/python3.7/site-packages/airflow/example_dags/example_skip_dag.py
[2023-07-19T16:41:13.829+0000] {logging_mixin.py:150} INFO - [2023-07-19T16:41:13.829+0000] {dag.py:2742} INFO - Sync 1 DAGs
[2023-07-19T16:41:13.856+0000] {logging_mixin.py:150} INFO - [2023-07-19T16:41:13.856+0000] {dag.py:3508} INFO - Setting next_dagrun for example_skip_dag to 2023-07-18T16:41:13.856170+00:00, run_after=2023-07-19T16:41:13.856170+00:00
[2023-07-19T16:41:13.910+0000] {processor.py:179} INFO - Processing /home/airflow/.local/lib/python3.7/site-packages/airflow/example_dags/example_skip_dag.py took 0.144 seconds
[2023-07-19T16:41:44.372+0000] {processor.py:157} INFO - Started process (PID=995) to work on /home/airflow/.local/lib/python3.7/site-packages/airflow/example_dags/example_skip_dag.py
[2023-07-19T16:41:44.373+0000] {processor.py:826} INFO - Processing file /home/airflow/.local/lib/python3.7/site-packages/airflow/example_dags/example_skip_dag.py for tasks to queue
[2023-07-19T16:41:44.374+0000] {logging_mixin.py:150} INFO - [2023-07-19T16:41:44.374+0000] {dagbag.py:541} INFO - Filling up the DagBag from /home/airflow/.local/lib/python3.7/site-packages/airflow/example_dags/example_skip_dag.py
[2023-07-19T16:41:44.381+0000] {processor.py:836} INFO - DAG(s) dict_keys(['example_skip_dag']) retrieved from /home/airflow/.local/lib/python3.7/site-packages/airflow/example_dags/example_skip_dag.py
[2023-07-19T16:41:44.402+0000] {logging_mixin.py:150} INFO - [2023-07-19T16:41:44.402+0000] {dag.py:2742} INFO - Sync 1 DAGs
[2023-07-19T16:41:44.417+0000] {logging_mixin.py:150} INFO - [2023-07-19T16:41:44.417+0000] {dag.py:3508} INFO - Setting next_dagrun for example_skip_dag to 2023-07-18T16:41:44.417292+00:00, run_after=2023-07-19T16:41:44.417292+00:00
[2023-07-19T16:41:44.426+0000] {processor.py:179} INFO - Processing /home/airflow/.local/lib/python3.7/site-packages/airflow/example_dags/example_skip_dag.py took 0.058 seconds
[2023-07-19T16:42:14.638+0000] {processor.py:157} INFO - Started process (PID=1050) to work on /home/airflow/.local/lib/python3.7/site-packages/airflow/example_dags/example_skip_dag.py
[2023-07-19T16:42:14.638+0000] {processor.py:826} INFO - Processing file /home/airflow/.local/lib/python3.7/site-packages/airflow/example_dags/example_skip_dag.py for tasks to queue
[2023-07-19T16:42:14.639+0000] {logging_mixin.py:150} INFO - [2023-07-19T16:42:14.639+0000] {dagbag.py:541} INFO - Filling up the DagBag from /home/airflow/.local/lib/python3.7/site-packages/airflow/example_dags/example_skip_dag.py
[2023-07-19T16:42:14.654+0000] {processor.py:836} INFO - DAG(s) dict_keys(['example_skip_dag']) retrieved from /home/airflow/.local/lib/python3.7/site-packages/airflow/example_dags/example_skip_dag.py
[2023-07-19T16:42:14.677+0000] {logging_mixin.py:150} INFO - [2023-07-19T16:42:14.677+0000] {dag.py:2742} INFO - Sync 1 DAGs
[2023-07-19T16:42:14.688+0000] {logging_mixin.py:150} INFO - [2023-07-19T16:42:14.688+0000] {dag.py:3508} INFO - Setting next_dagrun for example_skip_dag to 2023-07-18T16:42:14.688446+00:00, run_after=2023-07-19T16:42:14.688446+00:00
[2023-07-19T16:42:14.696+0000] {processor.py:179} INFO - Processing /home/airflow/.local/lib/python3.7/site-packages/airflow/example_dags/example_skip_dag.py took 0.060 seconds
[2023-07-19T16:42:45.065+0000] {processor.py:157} INFO - Started process (PID=1104) to work on /home/airflow/.local/lib/python3.7/site-packages/airflow/example_dags/example_skip_dag.py
[2023-07-19T16:42:45.066+0000] {processor.py:826} INFO - Processing file /home/airflow/.local/lib/python3.7/site-packages/airflow/example_dags/example_skip_dag.py for tasks to queue
[2023-07-19T16:42:45.066+0000] {logging_mixin.py:150} INFO - [2023-07-19T16:42:45.066+0000] {dagbag.py:541} INFO - Filling up the DagBag from /home/airflow/.local/lib/python3.7/site-packages/airflow/example_dags/example_skip_dag.py
[2023-07-19T16:42:45.072+0000] {processor.py:836} INFO - DAG(s) dict_keys(['example_skip_dag']) retrieved from /home/airflow/.local/lib/python3.7/site-packages/airflow/example_dags/example_skip_dag.py
[2023-07-19T16:42:45.089+0000] {logging_mixin.py:150} INFO - [2023-07-19T16:42:45.089+0000] {dag.py:2742} INFO - Sync 1 DAGs
[2023-07-19T16:42:45.102+0000] {logging_mixin.py:150} INFO - [2023-07-19T16:42:45.102+0000] {dag.py:3508} INFO - Setting next_dagrun for example_skip_dag to 2023-07-18T16:42:45.102022+00:00, run_after=2023-07-19T16:42:45.102022+00:00
[2023-07-19T16:42:45.116+0000] {processor.py:179} INFO - Processing /home/airflow/.local/lib/python3.7/site-packages/airflow/example_dags/example_skip_dag.py took 0.053 seconds
[2023-07-19T16:43:15.746+0000] {processor.py:157} INFO - Started process (PID=1167) to work on /home/airflow/.local/lib/python3.7/site-packages/airflow/example_dags/example_skip_dag.py
[2023-07-19T16:43:15.752+0000] {processor.py:826} INFO - Processing file /home/airflow/.local/lib/python3.7/site-packages/airflow/example_dags/example_skip_dag.py for tasks to queue
[2023-07-19T16:43:15.764+0000] {logging_mixin.py:150} INFO - [2023-07-19T16:43:15.763+0000] {dagbag.py:541} INFO - Filling up the DagBag from /home/airflow/.local/lib/python3.7/site-packages/airflow/example_dags/example_skip_dag.py
[2023-07-19T16:43:15.780+0000] {processor.py:836} INFO - DAG(s) dict_keys(['example_skip_dag']) retrieved from /home/airflow/.local/lib/python3.7/site-packages/airflow/example_dags/example_skip_dag.py
[2023-07-19T16:43:15.862+0000] {logging_mixin.py:150} INFO - [2023-07-19T16:43:15.861+0000] {dag.py:2742} INFO - Sync 1 DAGs
[2023-07-19T16:43:15.942+0000] {logging_mixin.py:150} INFO - [2023-07-19T16:43:15.941+0000] {dag.py:3508} INFO - Setting next_dagrun for example_skip_dag to 2023-07-18T16:43:15.941653+00:00, run_after=2023-07-19T16:43:15.941653+00:00
[2023-07-19T16:43:16.007+0000] {processor.py:179} INFO - Processing /home/airflow/.local/lib/python3.7/site-packages/airflow/example_dags/example_skip_dag.py took 0.281 seconds
[2023-07-19T16:43:46.476+0000] {processor.py:157} INFO - Started process (PID=1222) to work on /home/airflow/.local/lib/python3.7/site-packages/airflow/example_dags/example_skip_dag.py
[2023-07-19T16:43:46.477+0000] {processor.py:826} INFO - Processing file /home/airflow/.local/lib/python3.7/site-packages/airflow/example_dags/example_skip_dag.py for tasks to queue
[2023-07-19T16:43:46.478+0000] {logging_mixin.py:150} INFO - [2023-07-19T16:43:46.478+0000] {dagbag.py:541} INFO - Filling up the DagBag from /home/airflow/.local/lib/python3.7/site-packages/airflow/example_dags/example_skip_dag.py
[2023-07-19T16:43:46.489+0000] {processor.py:836} INFO - DAG(s) dict_keys(['example_skip_dag']) retrieved from /home/airflow/.local/lib/python3.7/site-packages/airflow/example_dags/example_skip_dag.py
[2023-07-19T16:43:46.513+0000] {logging_mixin.py:150} INFO - [2023-07-19T16:43:46.513+0000] {dag.py:2742} INFO - Sync 1 DAGs
[2023-07-19T16:43:46.526+0000] {logging_mixin.py:150} INFO - [2023-07-19T16:43:46.526+0000] {dag.py:3508} INFO - Setting next_dagrun for example_skip_dag to 2023-07-18T16:43:46.526600+00:00, run_after=2023-07-19T16:43:46.526600+00:00
[2023-07-19T16:43:46.536+0000] {processor.py:179} INFO - Processing /home/airflow/.local/lib/python3.7/site-packages/airflow/example_dags/example_skip_dag.py took 0.065 seconds
[2023-07-19T16:44:17.456+0000] {processor.py:157} INFO - Started process (PID=1277) to work on /home/airflow/.local/lib/python3.7/site-packages/airflow/example_dags/example_skip_dag.py
[2023-07-19T16:44:17.461+0000] {processor.py:826} INFO - Processing file /home/airflow/.local/lib/python3.7/site-packages/airflow/example_dags/example_skip_dag.py for tasks to queue
[2023-07-19T16:44:17.462+0000] {logging_mixin.py:150} INFO - [2023-07-19T16:44:17.461+0000] {dagbag.py:541} INFO - Filling up the DagBag from /home/airflow/.local/lib/python3.7/site-packages/airflow/example_dags/example_skip_dag.py
[2023-07-19T16:44:17.467+0000] {processor.py:836} INFO - DAG(s) dict_keys(['example_skip_dag']) retrieved from /home/airflow/.local/lib/python3.7/site-packages/airflow/example_dags/example_skip_dag.py
[2023-07-19T16:44:17.504+0000] {logging_mixin.py:150} INFO - [2023-07-19T16:44:17.504+0000] {dag.py:2742} INFO - Sync 1 DAGs
[2023-07-19T16:44:17.520+0000] {logging_mixin.py:150} INFO - [2023-07-19T16:44:17.520+0000] {dag.py:3508} INFO - Setting next_dagrun for example_skip_dag to 2023-07-18T16:44:17.520492+00:00, run_after=2023-07-19T16:44:17.520492+00:00
[2023-07-19T16:44:17.532+0000] {processor.py:179} INFO - Processing /home/airflow/.local/lib/python3.7/site-packages/airflow/example_dags/example_skip_dag.py took 0.079 seconds
[2023-07-19T16:44:48.155+0000] {processor.py:157} INFO - Started process (PID=1332) to work on /home/airflow/.local/lib/python3.7/site-packages/airflow/example_dags/example_skip_dag.py
[2023-07-19T16:44:48.156+0000] {processor.py:826} INFO - Processing file /home/airflow/.local/lib/python3.7/site-packages/airflow/example_dags/example_skip_dag.py for tasks to queue
[2023-07-19T16:44:48.156+0000] {logging_mixin.py:150} INFO - [2023-07-19T16:44:48.156+0000] {dagbag.py:541} INFO - Filling up the DagBag from /home/airflow/.local/lib/python3.7/site-packages/airflow/example_dags/example_skip_dag.py
[2023-07-19T16:44:48.161+0000] {processor.py:836} INFO - DAG(s) dict_keys(['example_skip_dag']) retrieved from /home/airflow/.local/lib/python3.7/site-packages/airflow/example_dags/example_skip_dag.py
[2023-07-19T16:44:48.189+0000] {logging_mixin.py:150} INFO - [2023-07-19T16:44:48.189+0000] {dag.py:2742} INFO - Sync 1 DAGs
[2023-07-19T16:44:48.203+0000] {logging_mixin.py:150} INFO - [2023-07-19T16:44:48.203+0000] {dag.py:3508} INFO - Setting next_dagrun for example_skip_dag to 2023-07-18T16:44:48.203004+00:00, run_after=2023-07-19T16:44:48.203004+00:00
[2023-07-19T16:44:48.211+0000] {processor.py:179} INFO - Processing /home/airflow/.local/lib/python3.7/site-packages/airflow/example_dags/example_skip_dag.py took 0.059 seconds
[2023-07-19T16:45:18.690+0000] {processor.py:157} INFO - Started process (PID=1387) to work on /home/airflow/.local/lib/python3.7/site-packages/airflow/example_dags/example_skip_dag.py
[2023-07-19T16:45:18.694+0000] {processor.py:826} INFO - Processing file /home/airflow/.local/lib/python3.7/site-packages/airflow/example_dags/example_skip_dag.py for tasks to queue
[2023-07-19T16:45:18.701+0000] {logging_mixin.py:150} INFO - [2023-07-19T16:45:18.694+0000] {dagbag.py:541} INFO - Filling up the DagBag from /home/airflow/.local/lib/python3.7/site-packages/airflow/example_dags/example_skip_dag.py
[2023-07-19T16:45:18.747+0000] {processor.py:836} INFO - DAG(s) dict_keys(['example_skip_dag']) retrieved from /home/airflow/.local/lib/python3.7/site-packages/airflow/example_dags/example_skip_dag.py
[2023-07-19T16:45:18.790+0000] {logging_mixin.py:150} INFO - [2023-07-19T16:45:18.790+0000] {dag.py:2742} INFO - Sync 1 DAGs
[2023-07-19T16:45:18.833+0000] {logging_mixin.py:150} INFO - [2023-07-19T16:45:18.832+0000] {dag.py:3508} INFO - Setting next_dagrun for example_skip_dag to 2023-07-18T16:45:18.831903+00:00, run_after=2023-07-19T16:45:18.831903+00:00
[2023-07-19T16:45:18.950+0000] {processor.py:179} INFO - Processing /home/airflow/.local/lib/python3.7/site-packages/airflow/example_dags/example_skip_dag.py took 0.277 seconds
[2023-07-19T16:45:49.546+0000] {processor.py:157} INFO - Started process (PID=1442) to work on /home/airflow/.local/lib/python3.7/site-packages/airflow/example_dags/example_skip_dag.py
[2023-07-19T16:45:49.546+0000] {processor.py:826} INFO - Processing file /home/airflow/.local/lib/python3.7/site-packages/airflow/example_dags/example_skip_dag.py for tasks to queue
[2023-07-19T16:45:49.547+0000] {logging_mixin.py:150} INFO - [2023-07-19T16:45:49.547+0000] {dagbag.py:541} INFO - Filling up the DagBag from /home/airflow/.local/lib/python3.7/site-packages/airflow/example_dags/example_skip_dag.py
[2023-07-19T16:45:49.555+0000] {processor.py:836} INFO - DAG(s) dict_keys(['example_skip_dag']) retrieved from /home/airflow/.local/lib/python3.7/site-packages/airflow/example_dags/example_skip_dag.py
[2023-07-19T16:45:49.575+0000] {logging_mixin.py:150} INFO - [2023-07-19T16:45:49.575+0000] {dag.py:2742} INFO - Sync 1 DAGs
[2023-07-19T16:45:49.593+0000] {logging_mixin.py:150} INFO - [2023-07-19T16:45:49.593+0000] {dag.py:3508} INFO - Setting next_dagrun for example_skip_dag to 2023-07-18T16:45:49.592770+00:00, run_after=2023-07-19T16:45:49.592770+00:00
[2023-07-19T16:45:49.602+0000] {processor.py:179} INFO - Processing /home/airflow/.local/lib/python3.7/site-packages/airflow/example_dags/example_skip_dag.py took 0.060 seconds
[2023-07-19T16:46:20.336+0000] {processor.py:157} INFO - Started process (PID=1497) to work on /home/airflow/.local/lib/python3.7/site-packages/airflow/example_dags/example_skip_dag.py
[2023-07-19T16:46:20.337+0000] {processor.py:826} INFO - Processing file /home/airflow/.local/lib/python3.7/site-packages/airflow/example_dags/example_skip_dag.py for tasks to queue
[2023-07-19T16:46:20.337+0000] {logging_mixin.py:150} INFO - [2023-07-19T16:46:20.337+0000] {dagbag.py:541} INFO - Filling up the DagBag from /home/airflow/.local/lib/python3.7/site-packages/airflow/example_dags/example_skip_dag.py
[2023-07-19T16:46:20.342+0000] {processor.py:836} INFO - DAG(s) dict_keys(['example_skip_dag']) retrieved from /home/airflow/.local/lib/python3.7/site-packages/airflow/example_dags/example_skip_dag.py
[2023-07-19T16:46:20.371+0000] {logging_mixin.py:150} INFO - [2023-07-19T16:46:20.371+0000] {dag.py:2742} INFO - Sync 1 DAGs
[2023-07-19T16:46:20.423+0000] {logging_mixin.py:150} INFO - [2023-07-19T16:46:20.422+0000] {dag.py:3508} INFO - Setting next_dagrun for example_skip_dag to 2023-07-18T16:46:20.421772+00:00, run_after=2023-07-19T16:46:20.421772+00:00
[2023-07-19T16:46:20.439+0000] {processor.py:179} INFO - Processing /home/airflow/.local/lib/python3.7/site-packages/airflow/example_dags/example_skip_dag.py took 0.105 seconds
[2023-07-19T16:46:50.814+0000] {processor.py:157} INFO - Started process (PID=1551) to work on /home/airflow/.local/lib/python3.7/site-packages/airflow/example_dags/example_skip_dag.py
[2023-07-19T16:46:50.815+0000] {processor.py:826} INFO - Processing file /home/airflow/.local/lib/python3.7/site-packages/airflow/example_dags/example_skip_dag.py for tasks to queue
[2023-07-19T16:46:50.815+0000] {logging_mixin.py:150} INFO - [2023-07-19T16:46:50.815+0000] {dagbag.py:541} INFO - Filling up the DagBag from /home/airflow/.local/lib/python3.7/site-packages/airflow/example_dags/example_skip_dag.py
[2023-07-19T16:46:50.819+0000] {processor.py:836} INFO - DAG(s) dict_keys(['example_skip_dag']) retrieved from /home/airflow/.local/lib/python3.7/site-packages/airflow/example_dags/example_skip_dag.py
[2023-07-19T16:46:50.833+0000] {logging_mixin.py:150} INFO - [2023-07-19T16:46:50.833+0000] {dag.py:2742} INFO - Sync 1 DAGs
[2023-07-19T16:46:50.845+0000] {logging_mixin.py:150} INFO - [2023-07-19T16:46:50.845+0000] {dag.py:3508} INFO - Setting next_dagrun for example_skip_dag to 2023-07-18T16:46:50.845312+00:00, run_after=2023-07-19T16:46:50.845312+00:00
[2023-07-19T16:46:50.853+0000] {processor.py:179} INFO - Processing /home/airflow/.local/lib/python3.7/site-packages/airflow/example_dags/example_skip_dag.py took 0.040 seconds
[2023-07-19T16:47:21.785+0000] {processor.py:157} INFO - Started process (PID=1606) to work on /home/airflow/.local/lib/python3.7/site-packages/airflow/example_dags/example_skip_dag.py
[2023-07-19T16:47:21.786+0000] {processor.py:826} INFO - Processing file /home/airflow/.local/lib/python3.7/site-packages/airflow/example_dags/example_skip_dag.py for tasks to queue
[2023-07-19T16:47:21.786+0000] {logging_mixin.py:150} INFO - [2023-07-19T16:47:21.786+0000] {dagbag.py:541} INFO - Filling up the DagBag from /home/airflow/.local/lib/python3.7/site-packages/airflow/example_dags/example_skip_dag.py
[2023-07-19T16:47:21.790+0000] {processor.py:836} INFO - DAG(s) dict_keys(['example_skip_dag']) retrieved from /home/airflow/.local/lib/python3.7/site-packages/airflow/example_dags/example_skip_dag.py
[2023-07-19T16:47:21.804+0000] {logging_mixin.py:150} INFO - [2023-07-19T16:47:21.804+0000] {dag.py:2742} INFO - Sync 1 DAGs
[2023-07-19T16:47:21.820+0000] {logging_mixin.py:150} INFO - [2023-07-19T16:47:21.820+0000] {dag.py:3508} INFO - Setting next_dagrun for example_skip_dag to 2023-07-18T16:47:21.820039+00:00, run_after=2023-07-19T16:47:21.820039+00:00
[2023-07-19T16:47:21.828+0000] {processor.py:179} INFO - Processing /home/airflow/.local/lib/python3.7/site-packages/airflow/example_dags/example_skip_dag.py took 0.044 seconds
[2023-07-19T16:47:52.980+0000] {processor.py:157} INFO - Started process (PID=1661) to work on /home/airflow/.local/lib/python3.7/site-packages/airflow/example_dags/example_skip_dag.py
[2023-07-19T16:47:52.980+0000] {processor.py:826} INFO - Processing file /home/airflow/.local/lib/python3.7/site-packages/airflow/example_dags/example_skip_dag.py for tasks to queue
[2023-07-19T16:47:52.981+0000] {logging_mixin.py:150} INFO - [2023-07-19T16:47:52.981+0000] {dagbag.py:541} INFO - Filling up the DagBag from /home/airflow/.local/lib/python3.7/site-packages/airflow/example_dags/example_skip_dag.py
[2023-07-19T16:47:52.986+0000] {processor.py:836} INFO - DAG(s) dict_keys(['example_skip_dag']) retrieved from /home/airflow/.local/lib/python3.7/site-packages/airflow/example_dags/example_skip_dag.py
[2023-07-19T16:47:53.025+0000] {logging_mixin.py:150} INFO - [2023-07-19T16:47:53.025+0000] {dag.py:2742} INFO - Sync 1 DAGs
[2023-07-19T16:47:53.063+0000] {logging_mixin.py:150} INFO - [2023-07-19T16:47:53.063+0000] {dag.py:3508} INFO - Setting next_dagrun for example_skip_dag to 2023-07-18T16:47:53.063136+00:00, run_after=2023-07-19T16:47:53.063136+00:00
[2023-07-19T16:47:53.093+0000] {processor.py:179} INFO - Processing /home/airflow/.local/lib/python3.7/site-packages/airflow/example_dags/example_skip_dag.py took 0.116 seconds
[2023-07-19T16:48:24.019+0000] {processor.py:157} INFO - Started process (PID=1716) to work on /home/airflow/.local/lib/python3.7/site-packages/airflow/example_dags/example_skip_dag.py
[2023-07-19T16:48:24.020+0000] {processor.py:826} INFO - Processing file /home/airflow/.local/lib/python3.7/site-packages/airflow/example_dags/example_skip_dag.py for tasks to queue
[2023-07-19T16:48:24.020+0000] {logging_mixin.py:150} INFO - [2023-07-19T16:48:24.020+0000] {dagbag.py:541} INFO - Filling up the DagBag from /home/airflow/.local/lib/python3.7/site-packages/airflow/example_dags/example_skip_dag.py
[2023-07-19T16:48:24.025+0000] {processor.py:836} INFO - DAG(s) dict_keys(['example_skip_dag']) retrieved from /home/airflow/.local/lib/python3.7/site-packages/airflow/example_dags/example_skip_dag.py
[2023-07-19T16:48:24.055+0000] {logging_mixin.py:150} INFO - [2023-07-19T16:48:24.054+0000] {dag.py:2742} INFO - Sync 1 DAGs
[2023-07-19T16:48:24.077+0000] {logging_mixin.py:150} INFO - [2023-07-19T16:48:24.077+0000] {dag.py:3508} INFO - Setting next_dagrun for example_skip_dag to 2023-07-18T16:48:24.077075+00:00, run_after=2023-07-19T16:48:24.077075+00:00
[2023-07-19T16:48:24.087+0000] {processor.py:179} INFO - Processing /home/airflow/.local/lib/python3.7/site-packages/airflow/example_dags/example_skip_dag.py took 0.071 seconds
[2023-07-19T16:48:54.904+0000] {processor.py:157} INFO - Started process (PID=1771) to work on /home/airflow/.local/lib/python3.7/site-packages/airflow/example_dags/example_skip_dag.py
[2023-07-19T16:48:54.904+0000] {processor.py:826} INFO - Processing file /home/airflow/.local/lib/python3.7/site-packages/airflow/example_dags/example_skip_dag.py for tasks to queue
[2023-07-19T16:48:54.905+0000] {logging_mixin.py:150} INFO - [2023-07-19T16:48:54.905+0000] {dagbag.py:541} INFO - Filling up the DagBag from /home/airflow/.local/lib/python3.7/site-packages/airflow/example_dags/example_skip_dag.py
[2023-07-19T16:48:54.910+0000] {processor.py:836} INFO - DAG(s) dict_keys(['example_skip_dag']) retrieved from /home/airflow/.local/lib/python3.7/site-packages/airflow/example_dags/example_skip_dag.py
[2023-07-19T16:48:54.929+0000] {logging_mixin.py:150} INFO - [2023-07-19T16:48:54.929+0000] {dag.py:2742} INFO - Sync 1 DAGs
[2023-07-19T16:48:54.953+0000] {logging_mixin.py:150} INFO - [2023-07-19T16:48:54.953+0000] {dag.py:3508} INFO - Setting next_dagrun for example_skip_dag to 2023-07-18T16:48:54.953387+00:00, run_after=2023-07-19T16:48:54.953387+00:00
[2023-07-19T16:48:54.965+0000] {processor.py:179} INFO - Processing /home/airflow/.local/lib/python3.7/site-packages/airflow/example_dags/example_skip_dag.py took 0.063 seconds
[2023-07-19T16:49:25.811+0000] {processor.py:157} INFO - Started process (PID=1826) to work on /home/airflow/.local/lib/python3.7/site-packages/airflow/example_dags/example_skip_dag.py
[2023-07-19T16:49:25.812+0000] {processor.py:826} INFO - Processing file /home/airflow/.local/lib/python3.7/site-packages/airflow/example_dags/example_skip_dag.py for tasks to queue
[2023-07-19T16:49:25.812+0000] {logging_mixin.py:150} INFO - [2023-07-19T16:49:25.812+0000] {dagbag.py:541} INFO - Filling up the DagBag from /home/airflow/.local/lib/python3.7/site-packages/airflow/example_dags/example_skip_dag.py
[2023-07-19T16:49:25.817+0000] {processor.py:836} INFO - DAG(s) dict_keys(['example_skip_dag']) retrieved from /home/airflow/.local/lib/python3.7/site-packages/airflow/example_dags/example_skip_dag.py
[2023-07-19T16:49:25.843+0000] {logging_mixin.py:150} INFO - [2023-07-19T16:49:25.842+0000] {dag.py:2742} INFO - Sync 1 DAGs
[2023-07-19T16:49:25.861+0000] {logging_mixin.py:150} INFO - [2023-07-19T16:49:25.861+0000] {dag.py:3508} INFO - Setting next_dagrun for example_skip_dag to 2023-07-18T16:49:25.860990+00:00, run_after=2023-07-19T16:49:25.860990+00:00
[2023-07-19T16:49:25.873+0000] {processor.py:179} INFO - Processing /home/airflow/.local/lib/python3.7/site-packages/airflow/example_dags/example_skip_dag.py took 0.064 seconds
[2023-07-19T16:49:56.304+0000] {processor.py:157} INFO - Started process (PID=1881) to work on /home/airflow/.local/lib/python3.7/site-packages/airflow/example_dags/example_skip_dag.py
[2023-07-19T16:49:56.312+0000] {processor.py:826} INFO - Processing file /home/airflow/.local/lib/python3.7/site-packages/airflow/example_dags/example_skip_dag.py for tasks to queue
[2023-07-19T16:49:56.312+0000] {logging_mixin.py:150} INFO - [2023-07-19T16:49:56.312+0000] {dagbag.py:541} INFO - Filling up the DagBag from /home/airflow/.local/lib/python3.7/site-packages/airflow/example_dags/example_skip_dag.py
[2023-07-19T16:49:56.333+0000] {processor.py:836} INFO - DAG(s) dict_keys(['example_skip_dag']) retrieved from /home/airflow/.local/lib/python3.7/site-packages/airflow/example_dags/example_skip_dag.py
[2023-07-19T16:49:56.378+0000] {logging_mixin.py:150} INFO - [2023-07-19T16:49:56.378+0000] {dag.py:2742} INFO - Sync 1 DAGs
[2023-07-19T16:49:56.400+0000] {logging_mixin.py:150} INFO - [2023-07-19T16:49:56.399+0000] {dag.py:3508} INFO - Setting next_dagrun for example_skip_dag to 2023-07-18T16:49:56.399559+00:00, run_after=2023-07-19T16:49:56.399559+00:00
[2023-07-19T16:49:56.418+0000] {processor.py:179} INFO - Processing /home/airflow/.local/lib/python3.7/site-packages/airflow/example_dags/example_skip_dag.py took 0.116 seconds
[2023-07-19T16:50:27.220+0000] {processor.py:157} INFO - Started process (PID=1935) to work on /home/airflow/.local/lib/python3.7/site-packages/airflow/example_dags/example_skip_dag.py
[2023-07-19T16:50:27.222+0000] {processor.py:826} INFO - Processing file /home/airflow/.local/lib/python3.7/site-packages/airflow/example_dags/example_skip_dag.py for tasks to queue
[2023-07-19T16:50:27.223+0000] {logging_mixin.py:150} INFO - [2023-07-19T16:50:27.223+0000] {dagbag.py:541} INFO - Filling up the DagBag from /home/airflow/.local/lib/python3.7/site-packages/airflow/example_dags/example_skip_dag.py
[2023-07-19T16:50:27.247+0000] {processor.py:836} INFO - DAG(s) dict_keys(['example_skip_dag']) retrieved from /home/airflow/.local/lib/python3.7/site-packages/airflow/example_dags/example_skip_dag.py
[2023-07-19T16:50:27.334+0000] {logging_mixin.py:150} INFO - [2023-07-19T16:50:27.334+0000] {dag.py:2742} INFO - Sync 1 DAGs
[2023-07-19T16:50:27.360+0000] {logging_mixin.py:150} INFO - [2023-07-19T16:50:27.360+0000] {dag.py:3508} INFO - Setting next_dagrun for example_skip_dag to 2023-07-18T16:50:27.359765+00:00, run_after=2023-07-19T16:50:27.359765+00:00
[2023-07-19T16:50:27.372+0000] {processor.py:179} INFO - Processing /home/airflow/.local/lib/python3.7/site-packages/airflow/example_dags/example_skip_dag.py took 0.171 seconds
[2023-07-19T16:50:58.390+0000] {processor.py:157} INFO - Started process (PID=1991) to work on /home/airflow/.local/lib/python3.7/site-packages/airflow/example_dags/example_skip_dag.py
[2023-07-19T16:50:58.391+0000] {processor.py:826} INFO - Processing file /home/airflow/.local/lib/python3.7/site-packages/airflow/example_dags/example_skip_dag.py for tasks to queue
[2023-07-19T16:50:58.391+0000] {logging_mixin.py:150} INFO - [2023-07-19T16:50:58.391+0000] {dagbag.py:541} INFO - Filling up the DagBag from /home/airflow/.local/lib/python3.7/site-packages/airflow/example_dags/example_skip_dag.py
[2023-07-19T16:50:58.397+0000] {processor.py:836} INFO - DAG(s) dict_keys(['example_skip_dag']) retrieved from /home/airflow/.local/lib/python3.7/site-packages/airflow/example_dags/example_skip_dag.py
[2023-07-19T16:50:58.415+0000] {logging_mixin.py:150} INFO - [2023-07-19T16:50:58.415+0000] {dag.py:2742} INFO - Sync 1 DAGs
[2023-07-19T16:50:58.432+0000] {logging_mixin.py:150} INFO - [2023-07-19T16:50:58.432+0000] {dag.py:3508} INFO - Setting next_dagrun for example_skip_dag to 2023-07-18T16:50:58.431734+00:00, run_after=2023-07-19T16:50:58.431734+00:00
[2023-07-19T16:50:58.440+0000] {processor.py:179} INFO - Processing /home/airflow/.local/lib/python3.7/site-packages/airflow/example_dags/example_skip_dag.py took 0.053 seconds
[2023-07-19T16:51:28.822+0000] {processor.py:157} INFO - Started process (PID=2045) to work on /home/airflow/.local/lib/python3.7/site-packages/airflow/example_dags/example_skip_dag.py
[2023-07-19T16:51:28.824+0000] {processor.py:826} INFO - Processing file /home/airflow/.local/lib/python3.7/site-packages/airflow/example_dags/example_skip_dag.py for tasks to queue
[2023-07-19T16:51:28.825+0000] {logging_mixin.py:150} INFO - [2023-07-19T16:51:28.825+0000] {dagbag.py:541} INFO - Filling up the DagBag from /home/airflow/.local/lib/python3.7/site-packages/airflow/example_dags/example_skip_dag.py
[2023-07-19T16:51:28.832+0000] {processor.py:836} INFO - DAG(s) dict_keys(['example_skip_dag']) retrieved from /home/airflow/.local/lib/python3.7/site-packages/airflow/example_dags/example_skip_dag.py
[2023-07-19T16:51:28.854+0000] {logging_mixin.py:150} INFO - [2023-07-19T16:51:28.854+0000] {dag.py:2742} INFO - Sync 1 DAGs
[2023-07-19T16:51:28.868+0000] {logging_mixin.py:150} INFO - [2023-07-19T16:51:28.868+0000] {dag.py:3508} INFO - Setting next_dagrun for example_skip_dag to 2023-07-18T16:51:28.868340+00:00, run_after=2023-07-19T16:51:28.868340+00:00
[2023-07-19T16:51:28.877+0000] {processor.py:179} INFO - Processing /home/airflow/.local/lib/python3.7/site-packages/airflow/example_dags/example_skip_dag.py took 0.059 seconds
