[2023-07-19T16:32:50.372+0000] {processor.py:157} INFO - Started process (PID=49) to work on /home/airflow/.local/lib/python3.7/site-packages/airflow/example_dags/example_dag_decorator.py
[2023-07-19T16:32:50.373+0000] {processor.py:826} INFO - Processing file /home/airflow/.local/lib/python3.7/site-packages/airflow/example_dags/example_dag_decorator.py for tasks to queue
[2023-07-19T16:32:50.373+0000] {logging_mixin.py:150} INFO - [2023-07-19T16:32:50.373+0000] {dagbag.py:541} INFO - Filling up the DagBag from /home/airflow/.local/lib/python3.7/site-packages/airflow/example_dags/example_dag_decorator.py
[2023-07-19T16:32:50.388+0000] {processor.py:836} INFO - DAG(s) dict_keys(['example_dag_decorator']) retrieved from /home/airflow/.local/lib/python3.7/site-packages/airflow/example_dags/example_dag_decorator.py
[2023-07-19T16:32:50.404+0000] {logging_mixin.py:150} INFO - [2023-07-19T16:32:50.404+0000] {dag.py:2742} INFO - Sync 1 DAGs
[2023-07-19T16:32:50.434+0000] {logging_mixin.py:150} INFO - [2023-07-19T16:32:50.434+0000] {dag.py:3508} INFO - Setting next_dagrun for example_dag_decorator to None, run_after=None
[2023-07-19T16:32:50.452+0000] {processor.py:179} INFO - Processing /home/airflow/.local/lib/python3.7/site-packages/airflow/example_dags/example_dag_decorator.py took 0.082 seconds
[2023-07-19T16:33:20.981+0000] {processor.py:157} INFO - Started process (PID=104) to work on /home/airflow/.local/lib/python3.7/site-packages/airflow/example_dags/example_dag_decorator.py
[2023-07-19T16:33:20.989+0000] {processor.py:826} INFO - Processing file /home/airflow/.local/lib/python3.7/site-packages/airflow/example_dags/example_dag_decorator.py for tasks to queue
[2023-07-19T16:33:20.990+0000] {logging_mixin.py:150} INFO - [2023-07-19T16:33:20.990+0000] {dagbag.py:541} INFO - Filling up the DagBag from /home/airflow/.local/lib/python3.7/site-packages/airflow/example_dags/example_dag_decorator.py
[2023-07-19T16:33:21.014+0000] {processor.py:836} INFO - DAG(s) dict_keys(['example_dag_decorator']) retrieved from /home/airflow/.local/lib/python3.7/site-packages/airflow/example_dags/example_dag_decorator.py
[2023-07-19T16:33:21.343+0000] {logging_mixin.py:150} INFO - [2023-07-19T16:33:21.342+0000] {dag.py:2742} INFO - Sync 1 DAGs
[2023-07-19T16:33:21.357+0000] {logging_mixin.py:150} INFO - [2023-07-19T16:33:21.357+0000] {dag.py:3508} INFO - Setting next_dagrun for example_dag_decorator to None, run_after=None
[2023-07-19T16:33:21.369+0000] {processor.py:179} INFO - Processing /home/airflow/.local/lib/python3.7/site-packages/airflow/example_dags/example_dag_decorator.py took 0.398 seconds
[2023-07-19T16:33:52.058+0000] {processor.py:157} INFO - Started process (PID=160) to work on /home/airflow/.local/lib/python3.7/site-packages/airflow/example_dags/example_dag_decorator.py
[2023-07-19T16:33:52.059+0000] {processor.py:826} INFO - Processing file /home/airflow/.local/lib/python3.7/site-packages/airflow/example_dags/example_dag_decorator.py for tasks to queue
[2023-07-19T16:33:52.060+0000] {logging_mixin.py:150} INFO - [2023-07-19T16:33:52.059+0000] {dagbag.py:541} INFO - Filling up the DagBag from /home/airflow/.local/lib/python3.7/site-packages/airflow/example_dags/example_dag_decorator.py
[2023-07-19T16:33:52.073+0000] {processor.py:836} INFO - DAG(s) dict_keys(['example_dag_decorator']) retrieved from /home/airflow/.local/lib/python3.7/site-packages/airflow/example_dags/example_dag_decorator.py
[2023-07-19T16:33:52.200+0000] {logging_mixin.py:150} INFO - [2023-07-19T16:33:52.199+0000] {dag.py:2742} INFO - Sync 1 DAGs
[2023-07-19T16:33:52.214+0000] {logging_mixin.py:150} INFO - [2023-07-19T16:33:52.214+0000] {dag.py:3508} INFO - Setting next_dagrun for example_dag_decorator to None, run_after=None
[2023-07-19T16:33:52.224+0000] {processor.py:179} INFO - Processing /home/airflow/.local/lib/python3.7/site-packages/airflow/example_dags/example_dag_decorator.py took 0.172 seconds
[2023-07-19T16:34:23.032+0000] {processor.py:157} INFO - Started process (PID=214) to work on /home/airflow/.local/lib/python3.7/site-packages/airflow/example_dags/example_dag_decorator.py
[2023-07-19T16:34:23.035+0000] {processor.py:826} INFO - Processing file /home/airflow/.local/lib/python3.7/site-packages/airflow/example_dags/example_dag_decorator.py for tasks to queue
[2023-07-19T16:34:23.035+0000] {logging_mixin.py:150} INFO - [2023-07-19T16:34:23.035+0000] {dagbag.py:541} INFO - Filling up the DagBag from /home/airflow/.local/lib/python3.7/site-packages/airflow/example_dags/example_dag_decorator.py
[2023-07-19T16:34:23.057+0000] {processor.py:836} INFO - DAG(s) dict_keys(['example_dag_decorator']) retrieved from /home/airflow/.local/lib/python3.7/site-packages/airflow/example_dags/example_dag_decorator.py
[2023-07-19T16:34:23.301+0000] {logging_mixin.py:150} INFO - [2023-07-19T16:34:23.300+0000] {dag.py:2742} INFO - Sync 1 DAGs
[2023-07-19T16:34:23.341+0000] {logging_mixin.py:150} INFO - [2023-07-19T16:34:23.341+0000] {dag.py:3508} INFO - Setting next_dagrun for example_dag_decorator to None, run_after=None
[2023-07-19T16:34:23.371+0000] {processor.py:179} INFO - Processing /home/airflow/.local/lib/python3.7/site-packages/airflow/example_dags/example_dag_decorator.py took 0.342 seconds
[2023-07-19T16:34:53.813+0000] {processor.py:157} INFO - Started process (PID=269) to work on /home/airflow/.local/lib/python3.7/site-packages/airflow/example_dags/example_dag_decorator.py
[2023-07-19T16:34:53.814+0000] {processor.py:826} INFO - Processing file /home/airflow/.local/lib/python3.7/site-packages/airflow/example_dags/example_dag_decorator.py for tasks to queue
[2023-07-19T16:34:53.815+0000] {logging_mixin.py:150} INFO - [2023-07-19T16:34:53.815+0000] {dagbag.py:541} INFO - Filling up the DagBag from /home/airflow/.local/lib/python3.7/site-packages/airflow/example_dags/example_dag_decorator.py
[2023-07-19T16:34:53.825+0000] {processor.py:836} INFO - DAG(s) dict_keys(['example_dag_decorator']) retrieved from /home/airflow/.local/lib/python3.7/site-packages/airflow/example_dags/example_dag_decorator.py
[2023-07-19T16:34:53.903+0000] {logging_mixin.py:150} INFO - [2023-07-19T16:34:53.902+0000] {dag.py:2742} INFO - Sync 1 DAGs
[2023-07-19T16:34:53.925+0000] {logging_mixin.py:150} INFO - [2023-07-19T16:34:53.924+0000] {dag.py:3508} INFO - Setting next_dagrun for example_dag_decorator to None, run_after=None
[2023-07-19T16:34:53.960+0000] {processor.py:179} INFO - Processing /home/airflow/.local/lib/python3.7/site-packages/airflow/example_dags/example_dag_decorator.py took 0.150 seconds
[2023-07-19T16:35:24.170+0000] {processor.py:157} INFO - Started process (PID=324) to work on /home/airflow/.local/lib/python3.7/site-packages/airflow/example_dags/example_dag_decorator.py
[2023-07-19T16:35:24.185+0000] {processor.py:826} INFO - Processing file /home/airflow/.local/lib/python3.7/site-packages/airflow/example_dags/example_dag_decorator.py for tasks to queue
[2023-07-19T16:35:24.185+0000] {logging_mixin.py:150} INFO - [2023-07-19T16:35:24.185+0000] {dagbag.py:541} INFO - Filling up the DagBag from /home/airflow/.local/lib/python3.7/site-packages/airflow/example_dags/example_dag_decorator.py
[2023-07-19T16:35:24.202+0000] {processor.py:836} INFO - DAG(s) dict_keys(['example_dag_decorator']) retrieved from /home/airflow/.local/lib/python3.7/site-packages/airflow/example_dags/example_dag_decorator.py
[2023-07-19T16:35:24.221+0000] {logging_mixin.py:150} INFO - [2023-07-19T16:35:24.221+0000] {dag.py:2742} INFO - Sync 1 DAGs
[2023-07-19T16:35:24.263+0000] {logging_mixin.py:150} INFO - [2023-07-19T16:35:24.263+0000] {dag.py:3508} INFO - Setting next_dagrun for example_dag_decorator to None, run_after=None
[2023-07-19T16:35:24.292+0000] {processor.py:179} INFO - Processing /home/airflow/.local/lib/python3.7/site-packages/airflow/example_dags/example_dag_decorator.py took 0.125 seconds
[2023-07-19T16:35:54.365+0000] {processor.py:157} INFO - Started process (PID=380) to work on /home/airflow/.local/lib/python3.7/site-packages/airflow/example_dags/example_dag_decorator.py
[2023-07-19T16:35:54.365+0000] {processor.py:826} INFO - Processing file /home/airflow/.local/lib/python3.7/site-packages/airflow/example_dags/example_dag_decorator.py for tasks to queue
[2023-07-19T16:35:54.366+0000] {logging_mixin.py:150} INFO - [2023-07-19T16:35:54.365+0000] {dagbag.py:541} INFO - Filling up the DagBag from /home/airflow/.local/lib/python3.7/site-packages/airflow/example_dags/example_dag_decorator.py
[2023-07-19T16:35:54.373+0000] {processor.py:836} INFO - DAG(s) dict_keys(['example_dag_decorator']) retrieved from /home/airflow/.local/lib/python3.7/site-packages/airflow/example_dags/example_dag_decorator.py
[2023-07-19T16:35:54.478+0000] {logging_mixin.py:150} INFO - [2023-07-19T16:35:54.478+0000] {dag.py:2742} INFO - Sync 1 DAGs
[2023-07-19T16:35:54.490+0000] {logging_mixin.py:150} INFO - [2023-07-19T16:35:54.490+0000] {dag.py:3508} INFO - Setting next_dagrun for example_dag_decorator to None, run_after=None
[2023-07-19T16:35:54.499+0000] {processor.py:179} INFO - Processing /home/airflow/.local/lib/python3.7/site-packages/airflow/example_dags/example_dag_decorator.py took 0.137 seconds
[2023-07-19T16:36:25.061+0000] {processor.py:157} INFO - Started process (PID=435) to work on /home/airflow/.local/lib/python3.7/site-packages/airflow/example_dags/example_dag_decorator.py
[2023-07-19T16:36:25.061+0000] {processor.py:826} INFO - Processing file /home/airflow/.local/lib/python3.7/site-packages/airflow/example_dags/example_dag_decorator.py for tasks to queue
[2023-07-19T16:36:25.062+0000] {logging_mixin.py:150} INFO - [2023-07-19T16:36:25.062+0000] {dagbag.py:541} INFO - Filling up the DagBag from /home/airflow/.local/lib/python3.7/site-packages/airflow/example_dags/example_dag_decorator.py
[2023-07-19T16:36:25.069+0000] {processor.py:836} INFO - DAG(s) dict_keys(['example_dag_decorator']) retrieved from /home/airflow/.local/lib/python3.7/site-packages/airflow/example_dags/example_dag_decorator.py
[2023-07-19T16:36:25.173+0000] {logging_mixin.py:150} INFO - [2023-07-19T16:36:25.173+0000] {dag.py:2742} INFO - Sync 1 DAGs
[2023-07-19T16:36:25.185+0000] {logging_mixin.py:150} INFO - [2023-07-19T16:36:25.185+0000] {dag.py:3508} INFO - Setting next_dagrun for example_dag_decorator to None, run_after=None
[2023-07-19T16:36:25.197+0000] {processor.py:179} INFO - Processing /home/airflow/.local/lib/python3.7/site-packages/airflow/example_dags/example_dag_decorator.py took 0.138 seconds
[2023-07-19T16:36:55.928+0000] {processor.py:157} INFO - Started process (PID=490) to work on /home/airflow/.local/lib/python3.7/site-packages/airflow/example_dags/example_dag_decorator.py
[2023-07-19T16:36:55.928+0000] {processor.py:826} INFO - Processing file /home/airflow/.local/lib/python3.7/site-packages/airflow/example_dags/example_dag_decorator.py for tasks to queue
[2023-07-19T16:36:55.928+0000] {logging_mixin.py:150} INFO - [2023-07-19T16:36:55.928+0000] {dagbag.py:541} INFO - Filling up the DagBag from /home/airflow/.local/lib/python3.7/site-packages/airflow/example_dags/example_dag_decorator.py
[2023-07-19T16:36:55.984+0000] {processor.py:836} INFO - DAG(s) dict_keys(['example_dag_decorator']) retrieved from /home/airflow/.local/lib/python3.7/site-packages/airflow/example_dags/example_dag_decorator.py
[2023-07-19T16:36:56.174+0000] {logging_mixin.py:150} INFO - [2023-07-19T16:36:56.174+0000] {dag.py:2742} INFO - Sync 1 DAGs
[2023-07-19T16:36:56.185+0000] {logging_mixin.py:150} INFO - [2023-07-19T16:36:56.185+0000] {dag.py:3508} INFO - Setting next_dagrun for example_dag_decorator to None, run_after=None
[2023-07-19T16:36:56.215+0000] {processor.py:179} INFO - Processing /home/airflow/.local/lib/python3.7/site-packages/airflow/example_dags/example_dag_decorator.py took 0.291 seconds
[2023-07-19T16:37:26.531+0000] {processor.py:157} INFO - Started process (PID=545) to work on /home/airflow/.local/lib/python3.7/site-packages/airflow/example_dags/example_dag_decorator.py
[2023-07-19T16:37:26.532+0000] {processor.py:826} INFO - Processing file /home/airflow/.local/lib/python3.7/site-packages/airflow/example_dags/example_dag_decorator.py for tasks to queue
[2023-07-19T16:37:26.532+0000] {logging_mixin.py:150} INFO - [2023-07-19T16:37:26.532+0000] {dagbag.py:541} INFO - Filling up the DagBag from /home/airflow/.local/lib/python3.7/site-packages/airflow/example_dags/example_dag_decorator.py
[2023-07-19T16:37:26.540+0000] {processor.py:836} INFO - DAG(s) dict_keys(['example_dag_decorator']) retrieved from /home/airflow/.local/lib/python3.7/site-packages/airflow/example_dags/example_dag_decorator.py
[2023-07-19T16:37:26.643+0000] {logging_mixin.py:150} INFO - [2023-07-19T16:37:26.643+0000] {dag.py:2742} INFO - Sync 1 DAGs
[2023-07-19T16:37:26.655+0000] {logging_mixin.py:150} INFO - [2023-07-19T16:37:26.655+0000] {dag.py:3508} INFO - Setting next_dagrun for example_dag_decorator to None, run_after=None
[2023-07-19T16:37:26.664+0000] {processor.py:179} INFO - Processing /home/airflow/.local/lib/python3.7/site-packages/airflow/example_dags/example_dag_decorator.py took 0.141 seconds
[2023-07-19T16:37:56.733+0000] {processor.py:157} INFO - Started process (PID=600) to work on /home/airflow/.local/lib/python3.7/site-packages/airflow/example_dags/example_dag_decorator.py
[2023-07-19T16:37:56.737+0000] {processor.py:826} INFO - Processing file /home/airflow/.local/lib/python3.7/site-packages/airflow/example_dags/example_dag_decorator.py for tasks to queue
[2023-07-19T16:37:56.738+0000] {logging_mixin.py:150} INFO - [2023-07-19T16:37:56.737+0000] {dagbag.py:541} INFO - Filling up the DagBag from /home/airflow/.local/lib/python3.7/site-packages/airflow/example_dags/example_dag_decorator.py
[2023-07-19T16:37:56.747+0000] {processor.py:836} INFO - DAG(s) dict_keys(['example_dag_decorator']) retrieved from /home/airflow/.local/lib/python3.7/site-packages/airflow/example_dags/example_dag_decorator.py
[2023-07-19T16:37:56.819+0000] {logging_mixin.py:150} INFO - [2023-07-19T16:37:56.819+0000] {dag.py:2742} INFO - Sync 1 DAGs
[2023-07-19T16:37:56.831+0000] {logging_mixin.py:150} INFO - [2023-07-19T16:37:56.830+0000] {dag.py:3508} INFO - Setting next_dagrun for example_dag_decorator to None, run_after=None
[2023-07-19T16:37:56.849+0000] {processor.py:179} INFO - Processing /home/airflow/.local/lib/python3.7/site-packages/airflow/example_dags/example_dag_decorator.py took 0.117 seconds
[2023-07-19T16:38:27.042+0000] {processor.py:157} INFO - Started process (PID=655) to work on /home/airflow/.local/lib/python3.7/site-packages/airflow/example_dags/example_dag_decorator.py
[2023-07-19T16:38:27.042+0000] {processor.py:826} INFO - Processing file /home/airflow/.local/lib/python3.7/site-packages/airflow/example_dags/example_dag_decorator.py for tasks to queue
[2023-07-19T16:38:27.042+0000] {logging_mixin.py:150} INFO - [2023-07-19T16:38:27.042+0000] {dagbag.py:541} INFO - Filling up the DagBag from /home/airflow/.local/lib/python3.7/site-packages/airflow/example_dags/example_dag_decorator.py
[2023-07-19T16:38:27.049+0000] {processor.py:836} INFO - DAG(s) dict_keys(['example_dag_decorator']) retrieved from /home/airflow/.local/lib/python3.7/site-packages/airflow/example_dags/example_dag_decorator.py
[2023-07-19T16:38:27.116+0000] {logging_mixin.py:150} INFO - [2023-07-19T16:38:27.116+0000] {dag.py:2742} INFO - Sync 1 DAGs
[2023-07-19T16:38:27.126+0000] {logging_mixin.py:150} INFO - [2023-07-19T16:38:27.126+0000] {dag.py:3508} INFO - Setting next_dagrun for example_dag_decorator to None, run_after=None
[2023-07-19T16:38:27.133+0000] {processor.py:179} INFO - Processing /home/airflow/.local/lib/python3.7/site-packages/airflow/example_dags/example_dag_decorator.py took 0.094 seconds
[2023-07-19T16:38:57.391+0000] {processor.py:157} INFO - Started process (PID=710) to work on /home/airflow/.local/lib/python3.7/site-packages/airflow/example_dags/example_dag_decorator.py
[2023-07-19T16:38:57.394+0000] {processor.py:826} INFO - Processing file /home/airflow/.local/lib/python3.7/site-packages/airflow/example_dags/example_dag_decorator.py for tasks to queue
[2023-07-19T16:38:57.394+0000] {logging_mixin.py:150} INFO - [2023-07-19T16:38:57.394+0000] {dagbag.py:541} INFO - Filling up the DagBag from /home/airflow/.local/lib/python3.7/site-packages/airflow/example_dags/example_dag_decorator.py
[2023-07-19T16:38:57.404+0000] {processor.py:836} INFO - DAG(s) dict_keys(['example_dag_decorator']) retrieved from /home/airflow/.local/lib/python3.7/site-packages/airflow/example_dags/example_dag_decorator.py
[2023-07-19T16:38:57.525+0000] {logging_mixin.py:150} INFO - [2023-07-19T16:38:57.525+0000] {dag.py:2742} INFO - Sync 1 DAGs
[2023-07-19T16:38:57.544+0000] {logging_mixin.py:150} INFO - [2023-07-19T16:38:57.544+0000] {dag.py:3508} INFO - Setting next_dagrun for example_dag_decorator to None, run_after=None
[2023-07-19T16:38:57.557+0000] {processor.py:179} INFO - Processing /home/airflow/.local/lib/python3.7/site-packages/airflow/example_dags/example_dag_decorator.py took 0.168 seconds
[2023-07-19T16:39:28.466+0000] {processor.py:157} INFO - Started process (PID=765) to work on /home/airflow/.local/lib/python3.7/site-packages/airflow/example_dags/example_dag_decorator.py
[2023-07-19T16:39:28.467+0000] {processor.py:826} INFO - Processing file /home/airflow/.local/lib/python3.7/site-packages/airflow/example_dags/example_dag_decorator.py for tasks to queue
[2023-07-19T16:39:28.467+0000] {logging_mixin.py:150} INFO - [2023-07-19T16:39:28.467+0000] {dagbag.py:541} INFO - Filling up the DagBag from /home/airflow/.local/lib/python3.7/site-packages/airflow/example_dags/example_dag_decorator.py
[2023-07-19T16:39:28.480+0000] {processor.py:836} INFO - DAG(s) dict_keys(['example_dag_decorator']) retrieved from /home/airflow/.local/lib/python3.7/site-packages/airflow/example_dags/example_dag_decorator.py
[2023-07-19T16:39:28.551+0000] {logging_mixin.py:150} INFO - [2023-07-19T16:39:28.551+0000] {dag.py:2742} INFO - Sync 1 DAGs
[2023-07-19T16:39:28.564+0000] {logging_mixin.py:150} INFO - [2023-07-19T16:39:28.564+0000] {dag.py:3508} INFO - Setting next_dagrun for example_dag_decorator to None, run_after=None
[2023-07-19T16:39:28.573+0000] {processor.py:179} INFO - Processing /home/airflow/.local/lib/python3.7/site-packages/airflow/example_dags/example_dag_decorator.py took 0.110 seconds
[2023-07-19T16:40:08.070+0000] {processor.py:157} INFO - Started process (PID=820) to work on /home/airflow/.local/lib/python3.7/site-packages/airflow/example_dags/example_dag_decorator.py
[2023-07-19T16:40:08.094+0000] {processor.py:826} INFO - Processing file /home/airflow/.local/lib/python3.7/site-packages/airflow/example_dags/example_dag_decorator.py for tasks to queue
[2023-07-19T16:40:08.096+0000] {logging_mixin.py:150} INFO - [2023-07-19T16:40:08.094+0000] {dagbag.py:541} INFO - Filling up the DagBag from /home/airflow/.local/lib/python3.7/site-packages/airflow/example_dags/example_dag_decorator.py
[2023-07-19T16:40:08.263+0000] {processor.py:836} INFO - DAG(s) dict_keys(['example_dag_decorator']) retrieved from /home/airflow/.local/lib/python3.7/site-packages/airflow/example_dags/example_dag_decorator.py
[2023-07-19T16:40:09.304+0000] {logging_mixin.py:150} INFO - [2023-07-19T16:40:09.303+0000] {dag.py:2742} INFO - Sync 1 DAGs
[2023-07-19T16:40:09.598+0000] {logging_mixin.py:150} INFO - [2023-07-19T16:40:09.597+0000] {dag.py:3508} INFO - Setting next_dagrun for example_dag_decorator to None, run_after=None
[2023-07-19T16:40:09.838+0000] {processor.py:179} INFO - Processing /home/airflow/.local/lib/python3.7/site-packages/airflow/example_dags/example_dag_decorator.py took 1.782 seconds
[2023-07-19T16:40:40.165+0000] {processor.py:157} INFO - Started process (PID=875) to work on /home/airflow/.local/lib/python3.7/site-packages/airflow/example_dags/example_dag_decorator.py
[2023-07-19T16:40:40.167+0000] {processor.py:826} INFO - Processing file /home/airflow/.local/lib/python3.7/site-packages/airflow/example_dags/example_dag_decorator.py for tasks to queue
[2023-07-19T16:40:40.168+0000] {logging_mixin.py:150} INFO - [2023-07-19T16:40:40.168+0000] {dagbag.py:541} INFO - Filling up the DagBag from /home/airflow/.local/lib/python3.7/site-packages/airflow/example_dags/example_dag_decorator.py
[2023-07-19T16:40:40.184+0000] {processor.py:836} INFO - DAG(s) dict_keys(['example_dag_decorator']) retrieved from /home/airflow/.local/lib/python3.7/site-packages/airflow/example_dags/example_dag_decorator.py
[2023-07-19T16:40:40.258+0000] {logging_mixin.py:150} INFO - [2023-07-19T16:40:40.257+0000] {dag.py:2742} INFO - Sync 1 DAGs
[2023-07-19T16:40:40.268+0000] {logging_mixin.py:150} INFO - [2023-07-19T16:40:40.268+0000] {dag.py:3508} INFO - Setting next_dagrun for example_dag_decorator to None, run_after=None
[2023-07-19T16:40:40.276+0000] {processor.py:179} INFO - Processing /home/airflow/.local/lib/python3.7/site-packages/airflow/example_dags/example_dag_decorator.py took 0.116 seconds
[2023-07-19T16:41:10.328+0000] {processor.py:157} INFO - Started process (PID=929) to work on /home/airflow/.local/lib/python3.7/site-packages/airflow/example_dags/example_dag_decorator.py
[2023-07-19T16:41:10.330+0000] {processor.py:826} INFO - Processing file /home/airflow/.local/lib/python3.7/site-packages/airflow/example_dags/example_dag_decorator.py for tasks to queue
[2023-07-19T16:41:10.331+0000] {logging_mixin.py:150} INFO - [2023-07-19T16:41:10.330+0000] {dagbag.py:541} INFO - Filling up the DagBag from /home/airflow/.local/lib/python3.7/site-packages/airflow/example_dags/example_dag_decorator.py
[2023-07-19T16:41:10.354+0000] {processor.py:836} INFO - DAG(s) dict_keys(['example_dag_decorator']) retrieved from /home/airflow/.local/lib/python3.7/site-packages/airflow/example_dags/example_dag_decorator.py
[2023-07-19T16:41:10.443+0000] {logging_mixin.py:150} INFO - [2023-07-19T16:41:10.443+0000] {dag.py:2742} INFO - Sync 1 DAGs
[2023-07-19T16:41:10.454+0000] {logging_mixin.py:150} INFO - [2023-07-19T16:41:10.454+0000] {dag.py:3508} INFO - Setting next_dagrun for example_dag_decorator to None, run_after=None
[2023-07-19T16:41:10.464+0000] {processor.py:179} INFO - Processing /home/airflow/.local/lib/python3.7/site-packages/airflow/example_dags/example_dag_decorator.py took 0.142 seconds
[2023-07-19T16:41:40.614+0000] {processor.py:157} INFO - Started process (PID=984) to work on /home/airflow/.local/lib/python3.7/site-packages/airflow/example_dags/example_dag_decorator.py
[2023-07-19T16:41:40.617+0000] {processor.py:826} INFO - Processing file /home/airflow/.local/lib/python3.7/site-packages/airflow/example_dags/example_dag_decorator.py for tasks to queue
[2023-07-19T16:41:40.620+0000] {logging_mixin.py:150} INFO - [2023-07-19T16:41:40.619+0000] {dagbag.py:541} INFO - Filling up the DagBag from /home/airflow/.local/lib/python3.7/site-packages/airflow/example_dags/example_dag_decorator.py
[2023-07-19T16:41:40.653+0000] {processor.py:836} INFO - DAG(s) dict_keys(['example_dag_decorator']) retrieved from /home/airflow/.local/lib/python3.7/site-packages/airflow/example_dags/example_dag_decorator.py
[2023-07-19T16:41:40.748+0000] {logging_mixin.py:150} INFO - [2023-07-19T16:41:40.748+0000] {dag.py:2742} INFO - Sync 1 DAGs
[2023-07-19T16:41:40.760+0000] {logging_mixin.py:150} INFO - [2023-07-19T16:41:40.760+0000] {dag.py:3508} INFO - Setting next_dagrun for example_dag_decorator to None, run_after=None
[2023-07-19T16:41:40.792+0000] {processor.py:179} INFO - Processing /home/airflow/.local/lib/python3.7/site-packages/airflow/example_dags/example_dag_decorator.py took 0.190 seconds
[2023-07-19T16:42:11.180+0000] {processor.py:157} INFO - Started process (PID=1039) to work on /home/airflow/.local/lib/python3.7/site-packages/airflow/example_dags/example_dag_decorator.py
[2023-07-19T16:42:11.181+0000] {processor.py:826} INFO - Processing file /home/airflow/.local/lib/python3.7/site-packages/airflow/example_dags/example_dag_decorator.py for tasks to queue
[2023-07-19T16:42:11.182+0000] {logging_mixin.py:150} INFO - [2023-07-19T16:42:11.182+0000] {dagbag.py:541} INFO - Filling up the DagBag from /home/airflow/.local/lib/python3.7/site-packages/airflow/example_dags/example_dag_decorator.py
[2023-07-19T16:42:11.203+0000] {processor.py:836} INFO - DAG(s) dict_keys(['example_dag_decorator']) retrieved from /home/airflow/.local/lib/python3.7/site-packages/airflow/example_dags/example_dag_decorator.py
[2023-07-19T16:42:11.287+0000] {logging_mixin.py:150} INFO - [2023-07-19T16:42:11.287+0000] {dag.py:2742} INFO - Sync 1 DAGs
[2023-07-19T16:42:11.300+0000] {logging_mixin.py:150} INFO - [2023-07-19T16:42:11.300+0000] {dag.py:3508} INFO - Setting next_dagrun for example_dag_decorator to None, run_after=None
[2023-07-19T16:42:11.316+0000] {processor.py:179} INFO - Processing /home/airflow/.local/lib/python3.7/site-packages/airflow/example_dags/example_dag_decorator.py took 0.141 seconds
[2023-07-19T16:42:41.563+0000] {processor.py:157} INFO - Started process (PID=1093) to work on /home/airflow/.local/lib/python3.7/site-packages/airflow/example_dags/example_dag_decorator.py
[2023-07-19T16:42:41.565+0000] {processor.py:826} INFO - Processing file /home/airflow/.local/lib/python3.7/site-packages/airflow/example_dags/example_dag_decorator.py for tasks to queue
[2023-07-19T16:42:41.565+0000] {logging_mixin.py:150} INFO - [2023-07-19T16:42:41.565+0000] {dagbag.py:541} INFO - Filling up the DagBag from /home/airflow/.local/lib/python3.7/site-packages/airflow/example_dags/example_dag_decorator.py
[2023-07-19T16:42:41.578+0000] {processor.py:836} INFO - DAG(s) dict_keys(['example_dag_decorator']) retrieved from /home/airflow/.local/lib/python3.7/site-packages/airflow/example_dags/example_dag_decorator.py
[2023-07-19T16:42:41.658+0000] {logging_mixin.py:150} INFO - [2023-07-19T16:42:41.658+0000] {dag.py:2742} INFO - Sync 1 DAGs
[2023-07-19T16:42:41.674+0000] {logging_mixin.py:150} INFO - [2023-07-19T16:42:41.674+0000] {dag.py:3508} INFO - Setting next_dagrun for example_dag_decorator to None, run_after=None
[2023-07-19T16:42:41.689+0000] {processor.py:179} INFO - Processing /home/airflow/.local/lib/python3.7/site-packages/airflow/example_dags/example_dag_decorator.py took 0.131 seconds
[2023-07-19T16:43:12.225+0000] {processor.py:157} INFO - Started process (PID=1148) to work on /home/airflow/.local/lib/python3.7/site-packages/airflow/example_dags/example_dag_decorator.py
[2023-07-19T16:43:12.226+0000] {processor.py:826} INFO - Processing file /home/airflow/.local/lib/python3.7/site-packages/airflow/example_dags/example_dag_decorator.py for tasks to queue
[2023-07-19T16:43:12.227+0000] {logging_mixin.py:150} INFO - [2023-07-19T16:43:12.226+0000] {dagbag.py:541} INFO - Filling up the DagBag from /home/airflow/.local/lib/python3.7/site-packages/airflow/example_dags/example_dag_decorator.py
[2023-07-19T16:43:12.240+0000] {processor.py:836} INFO - DAG(s) dict_keys(['example_dag_decorator']) retrieved from /home/airflow/.local/lib/python3.7/site-packages/airflow/example_dags/example_dag_decorator.py
[2023-07-19T16:43:12.320+0000] {logging_mixin.py:150} INFO - [2023-07-19T16:43:12.320+0000] {dag.py:2742} INFO - Sync 1 DAGs
[2023-07-19T16:43:12.330+0000] {logging_mixin.py:150} INFO - [2023-07-19T16:43:12.330+0000] {dag.py:3508} INFO - Setting next_dagrun for example_dag_decorator to None, run_after=None
[2023-07-19T16:43:12.337+0000] {processor.py:179} INFO - Processing /home/airflow/.local/lib/python3.7/site-packages/airflow/example_dags/example_dag_decorator.py took 0.117 seconds
[2023-07-19T16:43:42.945+0000] {processor.py:157} INFO - Started process (PID=1204) to work on /home/airflow/.local/lib/python3.7/site-packages/airflow/example_dags/example_dag_decorator.py
[2023-07-19T16:43:42.949+0000] {processor.py:826} INFO - Processing file /home/airflow/.local/lib/python3.7/site-packages/airflow/example_dags/example_dag_decorator.py for tasks to queue
[2023-07-19T16:43:42.949+0000] {logging_mixin.py:150} INFO - [2023-07-19T16:43:42.949+0000] {dagbag.py:541} INFO - Filling up the DagBag from /home/airflow/.local/lib/python3.7/site-packages/airflow/example_dags/example_dag_decorator.py
[2023-07-19T16:43:42.980+0000] {processor.py:836} INFO - DAG(s) dict_keys(['example_dag_decorator']) retrieved from /home/airflow/.local/lib/python3.7/site-packages/airflow/example_dags/example_dag_decorator.py
[2023-07-19T16:43:43.138+0000] {logging_mixin.py:150} INFO - [2023-07-19T16:43:43.138+0000] {dag.py:2742} INFO - Sync 1 DAGs
[2023-07-19T16:43:43.151+0000] {logging_mixin.py:150} INFO - [2023-07-19T16:43:43.151+0000] {dag.py:3508} INFO - Setting next_dagrun for example_dag_decorator to None, run_after=None
[2023-07-19T16:43:43.161+0000] {processor.py:179} INFO - Processing /home/airflow/.local/lib/python3.7/site-packages/airflow/example_dags/example_dag_decorator.py took 0.218 seconds
[2023-07-19T16:44:13.708+0000] {processor.py:157} INFO - Started process (PID=1259) to work on /home/airflow/.local/lib/python3.7/site-packages/airflow/example_dags/example_dag_decorator.py
[2023-07-19T16:44:13.709+0000] {processor.py:826} INFO - Processing file /home/airflow/.local/lib/python3.7/site-packages/airflow/example_dags/example_dag_decorator.py for tasks to queue
[2023-07-19T16:44:13.710+0000] {logging_mixin.py:150} INFO - [2023-07-19T16:44:13.710+0000] {dagbag.py:541} INFO - Filling up the DagBag from /home/airflow/.local/lib/python3.7/site-packages/airflow/example_dags/example_dag_decorator.py
[2023-07-19T16:44:13.726+0000] {processor.py:836} INFO - DAG(s) dict_keys(['example_dag_decorator']) retrieved from /home/airflow/.local/lib/python3.7/site-packages/airflow/example_dags/example_dag_decorator.py
[2023-07-19T16:44:13.807+0000] {logging_mixin.py:150} INFO - [2023-07-19T16:44:13.807+0000] {dag.py:2742} INFO - Sync 1 DAGs
[2023-07-19T16:44:13.819+0000] {logging_mixin.py:150} INFO - [2023-07-19T16:44:13.818+0000] {dag.py:3508} INFO - Setting next_dagrun for example_dag_decorator to None, run_after=None
[2023-07-19T16:44:13.827+0000] {processor.py:179} INFO - Processing /home/airflow/.local/lib/python3.7/site-packages/airflow/example_dags/example_dag_decorator.py took 0.124 seconds
[2023-07-19T16:44:44.607+0000] {processor.py:157} INFO - Started process (PID=1314) to work on /home/airflow/.local/lib/python3.7/site-packages/airflow/example_dags/example_dag_decorator.py
[2023-07-19T16:44:44.609+0000] {processor.py:826} INFO - Processing file /home/airflow/.local/lib/python3.7/site-packages/airflow/example_dags/example_dag_decorator.py for tasks to queue
[2023-07-19T16:44:44.610+0000] {logging_mixin.py:150} INFO - [2023-07-19T16:44:44.609+0000] {dagbag.py:541} INFO - Filling up the DagBag from /home/airflow/.local/lib/python3.7/site-packages/airflow/example_dags/example_dag_decorator.py
[2023-07-19T16:44:44.625+0000] {processor.py:836} INFO - DAG(s) dict_keys(['example_dag_decorator']) retrieved from /home/airflow/.local/lib/python3.7/site-packages/airflow/example_dags/example_dag_decorator.py
[2023-07-19T16:44:44.699+0000] {logging_mixin.py:150} INFO - [2023-07-19T16:44:44.699+0000] {dag.py:2742} INFO - Sync 1 DAGs
[2023-07-19T16:44:44.710+0000] {logging_mixin.py:150} INFO - [2023-07-19T16:44:44.710+0000] {dag.py:3508} INFO - Setting next_dagrun for example_dag_decorator to None, run_after=None
[2023-07-19T16:44:44.721+0000] {processor.py:179} INFO - Processing /home/airflow/.local/lib/python3.7/site-packages/airflow/example_dags/example_dag_decorator.py took 0.119 seconds
[2023-07-19T16:45:15.139+0000] {processor.py:157} INFO - Started process (PID=1369) to work on /home/airflow/.local/lib/python3.7/site-packages/airflow/example_dags/example_dag_decorator.py
[2023-07-19T16:45:15.145+0000] {processor.py:826} INFO - Processing file /home/airflow/.local/lib/python3.7/site-packages/airflow/example_dags/example_dag_decorator.py for tasks to queue
[2023-07-19T16:45:15.148+0000] {logging_mixin.py:150} INFO - [2023-07-19T16:45:15.146+0000] {dagbag.py:541} INFO - Filling up the DagBag from /home/airflow/.local/lib/python3.7/site-packages/airflow/example_dags/example_dag_decorator.py
[2023-07-19T16:45:15.200+0000] {processor.py:836} INFO - DAG(s) dict_keys(['example_dag_decorator']) retrieved from /home/airflow/.local/lib/python3.7/site-packages/airflow/example_dags/example_dag_decorator.py
[2023-07-19T16:45:15.617+0000] {logging_mixin.py:150} INFO - [2023-07-19T16:45:15.617+0000] {dag.py:2742} INFO - Sync 1 DAGs
[2023-07-19T16:45:15.664+0000] {logging_mixin.py:150} INFO - [2023-07-19T16:45:15.664+0000] {dag.py:3508} INFO - Setting next_dagrun for example_dag_decorator to None, run_after=None
[2023-07-19T16:45:15.688+0000] {processor.py:179} INFO - Processing /home/airflow/.local/lib/python3.7/site-packages/airflow/example_dags/example_dag_decorator.py took 0.566 seconds
[2023-07-19T16:45:45.742+0000] {processor.py:157} INFO - Started process (PID=1425) to work on /home/airflow/.local/lib/python3.7/site-packages/airflow/example_dags/example_dag_decorator.py
[2023-07-19T16:45:45.743+0000] {processor.py:826} INFO - Processing file /home/airflow/.local/lib/python3.7/site-packages/airflow/example_dags/example_dag_decorator.py for tasks to queue
[2023-07-19T16:45:45.743+0000] {logging_mixin.py:150} INFO - [2023-07-19T16:45:45.743+0000] {dagbag.py:541} INFO - Filling up the DagBag from /home/airflow/.local/lib/python3.7/site-packages/airflow/example_dags/example_dag_decorator.py
[2023-07-19T16:45:45.751+0000] {processor.py:836} INFO - DAG(s) dict_keys(['example_dag_decorator']) retrieved from /home/airflow/.local/lib/python3.7/site-packages/airflow/example_dags/example_dag_decorator.py
[2023-07-19T16:45:45.843+0000] {logging_mixin.py:150} INFO - [2023-07-19T16:45:45.843+0000] {dag.py:2742} INFO - Sync 1 DAGs
[2023-07-19T16:45:45.856+0000] {logging_mixin.py:150} INFO - [2023-07-19T16:45:45.855+0000] {dag.py:3508} INFO - Setting next_dagrun for example_dag_decorator to None, run_after=None
[2023-07-19T16:45:45.865+0000] {processor.py:179} INFO - Processing /home/airflow/.local/lib/python3.7/site-packages/airflow/example_dags/example_dag_decorator.py took 0.124 seconds
[2023-07-19T16:46:16.690+0000] {processor.py:157} INFO - Started process (PID=1486) to work on /home/airflow/.local/lib/python3.7/site-packages/airflow/example_dags/example_dag_decorator.py
[2023-07-19T16:46:16.691+0000] {processor.py:826} INFO - Processing file /home/airflow/.local/lib/python3.7/site-packages/airflow/example_dags/example_dag_decorator.py for tasks to queue
[2023-07-19T16:46:16.691+0000] {logging_mixin.py:150} INFO - [2023-07-19T16:46:16.691+0000] {dagbag.py:541} INFO - Filling up the DagBag from /home/airflow/.local/lib/python3.7/site-packages/airflow/example_dags/example_dag_decorator.py
[2023-07-19T16:46:16.710+0000] {processor.py:836} INFO - DAG(s) dict_keys(['example_dag_decorator']) retrieved from /home/airflow/.local/lib/python3.7/site-packages/airflow/example_dags/example_dag_decorator.py
[2023-07-19T16:46:16.822+0000] {logging_mixin.py:150} INFO - [2023-07-19T16:46:16.822+0000] {dag.py:2742} INFO - Sync 1 DAGs
[2023-07-19T16:46:16.833+0000] {logging_mixin.py:150} INFO - [2023-07-19T16:46:16.833+0000] {dag.py:3508} INFO - Setting next_dagrun for example_dag_decorator to None, run_after=None
[2023-07-19T16:46:16.841+0000] {processor.py:179} INFO - Processing /home/airflow/.local/lib/python3.7/site-packages/airflow/example_dags/example_dag_decorator.py took 0.155 seconds
[2023-07-19T16:46:47.359+0000] {processor.py:157} INFO - Started process (PID=1541) to work on /home/airflow/.local/lib/python3.7/site-packages/airflow/example_dags/example_dag_decorator.py
[2023-07-19T16:46:47.362+0000] {processor.py:826} INFO - Processing file /home/airflow/.local/lib/python3.7/site-packages/airflow/example_dags/example_dag_decorator.py for tasks to queue
[2023-07-19T16:46:47.363+0000] {logging_mixin.py:150} INFO - [2023-07-19T16:46:47.362+0000] {dagbag.py:541} INFO - Filling up the DagBag from /home/airflow/.local/lib/python3.7/site-packages/airflow/example_dags/example_dag_decorator.py
[2023-07-19T16:46:47.386+0000] {processor.py:836} INFO - DAG(s) dict_keys(['example_dag_decorator']) retrieved from /home/airflow/.local/lib/python3.7/site-packages/airflow/example_dags/example_dag_decorator.py
[2023-07-19T16:46:47.487+0000] {logging_mixin.py:150} INFO - [2023-07-19T16:46:47.487+0000] {dag.py:2742} INFO - Sync 1 DAGs
[2023-07-19T16:46:47.497+0000] {logging_mixin.py:150} INFO - [2023-07-19T16:46:47.497+0000] {dag.py:3508} INFO - Setting next_dagrun for example_dag_decorator to None, run_after=None
[2023-07-19T16:46:47.507+0000] {processor.py:179} INFO - Processing /home/airflow/.local/lib/python3.7/site-packages/airflow/example_dags/example_dag_decorator.py took 0.153 seconds
[2023-07-19T16:47:18.324+0000] {processor.py:157} INFO - Started process (PID=1595) to work on /home/airflow/.local/lib/python3.7/site-packages/airflow/example_dags/example_dag_decorator.py
[2023-07-19T16:47:18.325+0000] {processor.py:826} INFO - Processing file /home/airflow/.local/lib/python3.7/site-packages/airflow/example_dags/example_dag_decorator.py for tasks to queue
[2023-07-19T16:47:18.326+0000] {logging_mixin.py:150} INFO - [2023-07-19T16:47:18.326+0000] {dagbag.py:541} INFO - Filling up the DagBag from /home/airflow/.local/lib/python3.7/site-packages/airflow/example_dags/example_dag_decorator.py
[2023-07-19T16:47:18.348+0000] {processor.py:836} INFO - DAG(s) dict_keys(['example_dag_decorator']) retrieved from /home/airflow/.local/lib/python3.7/site-packages/airflow/example_dags/example_dag_decorator.py
[2023-07-19T16:47:18.456+0000] {logging_mixin.py:150} INFO - [2023-07-19T16:47:18.456+0000] {dag.py:2742} INFO - Sync 1 DAGs
[2023-07-19T16:47:18.466+0000] {logging_mixin.py:150} INFO - [2023-07-19T16:47:18.466+0000] {dag.py:3508} INFO - Setting next_dagrun for example_dag_decorator to None, run_after=None
[2023-07-19T16:47:18.473+0000] {processor.py:179} INFO - Processing /home/airflow/.local/lib/python3.7/site-packages/airflow/example_dags/example_dag_decorator.py took 0.154 seconds
[2023-07-19T16:47:49.272+0000] {processor.py:157} INFO - Started process (PID=1650) to work on /home/airflow/.local/lib/python3.7/site-packages/airflow/example_dags/example_dag_decorator.py
[2023-07-19T16:47:49.273+0000] {processor.py:826} INFO - Processing file /home/airflow/.local/lib/python3.7/site-packages/airflow/example_dags/example_dag_decorator.py for tasks to queue
[2023-07-19T16:47:49.275+0000] {logging_mixin.py:150} INFO - [2023-07-19T16:47:49.274+0000] {dagbag.py:541} INFO - Filling up the DagBag from /home/airflow/.local/lib/python3.7/site-packages/airflow/example_dags/example_dag_decorator.py
[2023-07-19T16:47:49.293+0000] {processor.py:836} INFO - DAG(s) dict_keys(['example_dag_decorator']) retrieved from /home/airflow/.local/lib/python3.7/site-packages/airflow/example_dags/example_dag_decorator.py
[2023-07-19T16:47:49.370+0000] {logging_mixin.py:150} INFO - [2023-07-19T16:47:49.370+0000] {dag.py:2742} INFO - Sync 1 DAGs
[2023-07-19T16:47:49.380+0000] {logging_mixin.py:150} INFO - [2023-07-19T16:47:49.380+0000] {dag.py:3508} INFO - Setting next_dagrun for example_dag_decorator to None, run_after=None
[2023-07-19T16:47:49.388+0000] {processor.py:179} INFO - Processing /home/airflow/.local/lib/python3.7/site-packages/airflow/example_dags/example_dag_decorator.py took 0.123 seconds
[2023-07-19T16:48:19.666+0000] {processor.py:157} INFO - Started process (PID=1705) to work on /home/airflow/.local/lib/python3.7/site-packages/airflow/example_dags/example_dag_decorator.py
[2023-07-19T16:48:19.667+0000] {processor.py:826} INFO - Processing file /home/airflow/.local/lib/python3.7/site-packages/airflow/example_dags/example_dag_decorator.py for tasks to queue
[2023-07-19T16:48:19.668+0000] {logging_mixin.py:150} INFO - [2023-07-19T16:48:19.668+0000] {dagbag.py:541} INFO - Filling up the DagBag from /home/airflow/.local/lib/python3.7/site-packages/airflow/example_dags/example_dag_decorator.py
[2023-07-19T16:48:19.686+0000] {processor.py:836} INFO - DAG(s) dict_keys(['example_dag_decorator']) retrieved from /home/airflow/.local/lib/python3.7/site-packages/airflow/example_dags/example_dag_decorator.py
[2023-07-19T16:48:19.780+0000] {logging_mixin.py:150} INFO - [2023-07-19T16:48:19.780+0000] {dag.py:2742} INFO - Sync 1 DAGs
[2023-07-19T16:48:19.794+0000] {logging_mixin.py:150} INFO - [2023-07-19T16:48:19.794+0000] {dag.py:3508} INFO - Setting next_dagrun for example_dag_decorator to None, run_after=None
[2023-07-19T16:48:19.805+0000] {processor.py:179} INFO - Processing /home/airflow/.local/lib/python3.7/site-packages/airflow/example_dags/example_dag_decorator.py took 0.146 seconds
[2023-07-19T16:48:50.216+0000] {processor.py:157} INFO - Started process (PID=1760) to work on /home/airflow/.local/lib/python3.7/site-packages/airflow/example_dags/example_dag_decorator.py
[2023-07-19T16:48:50.217+0000] {processor.py:826} INFO - Processing file /home/airflow/.local/lib/python3.7/site-packages/airflow/example_dags/example_dag_decorator.py for tasks to queue
[2023-07-19T16:48:50.218+0000] {logging_mixin.py:150} INFO - [2023-07-19T16:48:50.218+0000] {dagbag.py:541} INFO - Filling up the DagBag from /home/airflow/.local/lib/python3.7/site-packages/airflow/example_dags/example_dag_decorator.py
[2023-07-19T16:48:50.245+0000] {processor.py:836} INFO - DAG(s) dict_keys(['example_dag_decorator']) retrieved from /home/airflow/.local/lib/python3.7/site-packages/airflow/example_dags/example_dag_decorator.py
[2023-07-19T16:48:50.377+0000] {logging_mixin.py:150} INFO - [2023-07-19T16:48:50.377+0000] {dag.py:2742} INFO - Sync 1 DAGs
[2023-07-19T16:48:50.393+0000] {logging_mixin.py:150} INFO - [2023-07-19T16:48:50.393+0000] {dag.py:3508} INFO - Setting next_dagrun for example_dag_decorator to None, run_after=None
[2023-07-19T16:48:50.417+0000] {processor.py:179} INFO - Processing /home/airflow/.local/lib/python3.7/site-packages/airflow/example_dags/example_dag_decorator.py took 0.206 seconds
[2023-07-19T16:49:21.373+0000] {processor.py:157} INFO - Started process (PID=1816) to work on /home/airflow/.local/lib/python3.7/site-packages/airflow/example_dags/example_dag_decorator.py
[2023-07-19T16:49:21.374+0000] {processor.py:826} INFO - Processing file /home/airflow/.local/lib/python3.7/site-packages/airflow/example_dags/example_dag_decorator.py for tasks to queue
[2023-07-19T16:49:21.374+0000] {logging_mixin.py:150} INFO - [2023-07-19T16:49:21.374+0000] {dagbag.py:541} INFO - Filling up the DagBag from /home/airflow/.local/lib/python3.7/site-packages/airflow/example_dags/example_dag_decorator.py
[2023-07-19T16:49:21.387+0000] {processor.py:836} INFO - DAG(s) dict_keys(['example_dag_decorator']) retrieved from /home/airflow/.local/lib/python3.7/site-packages/airflow/example_dags/example_dag_decorator.py
[2023-07-19T16:49:21.526+0000] {logging_mixin.py:150} INFO - [2023-07-19T16:49:21.525+0000] {dag.py:2742} INFO - Sync 1 DAGs
[2023-07-19T16:49:21.541+0000] {logging_mixin.py:150} INFO - [2023-07-19T16:49:21.541+0000] {dag.py:3508} INFO - Setting next_dagrun for example_dag_decorator to None, run_after=None
[2023-07-19T16:49:21.553+0000] {processor.py:179} INFO - Processing /home/airflow/.local/lib/python3.7/site-packages/airflow/example_dags/example_dag_decorator.py took 0.184 seconds
[2023-07-19T16:49:51.793+0000] {processor.py:157} INFO - Started process (PID=1871) to work on /home/airflow/.local/lib/python3.7/site-packages/airflow/example_dags/example_dag_decorator.py
[2023-07-19T16:49:51.794+0000] {processor.py:826} INFO - Processing file /home/airflow/.local/lib/python3.7/site-packages/airflow/example_dags/example_dag_decorator.py for tasks to queue
[2023-07-19T16:49:51.795+0000] {logging_mixin.py:150} INFO - [2023-07-19T16:49:51.795+0000] {dagbag.py:541} INFO - Filling up the DagBag from /home/airflow/.local/lib/python3.7/site-packages/airflow/example_dags/example_dag_decorator.py
[2023-07-19T16:49:51.822+0000] {processor.py:836} INFO - DAG(s) dict_keys(['example_dag_decorator']) retrieved from /home/airflow/.local/lib/python3.7/site-packages/airflow/example_dags/example_dag_decorator.py
[2023-07-19T16:49:51.935+0000] {logging_mixin.py:150} INFO - [2023-07-19T16:49:51.935+0000] {dag.py:2742} INFO - Sync 1 DAGs
[2023-07-19T16:49:51.947+0000] {logging_mixin.py:150} INFO - [2023-07-19T16:49:51.947+0000] {dag.py:3508} INFO - Setting next_dagrun for example_dag_decorator to None, run_after=None
[2023-07-19T16:49:51.957+0000] {processor.py:179} INFO - Processing /home/airflow/.local/lib/python3.7/site-packages/airflow/example_dags/example_dag_decorator.py took 0.171 seconds
[2023-07-19T16:50:22.477+0000] {processor.py:157} INFO - Started process (PID=1926) to work on /home/airflow/.local/lib/python3.7/site-packages/airflow/example_dags/example_dag_decorator.py
[2023-07-19T16:50:22.480+0000] {processor.py:826} INFO - Processing file /home/airflow/.local/lib/python3.7/site-packages/airflow/example_dags/example_dag_decorator.py for tasks to queue
[2023-07-19T16:50:22.481+0000] {logging_mixin.py:150} INFO - [2023-07-19T16:50:22.480+0000] {dagbag.py:541} INFO - Filling up the DagBag from /home/airflow/.local/lib/python3.7/site-packages/airflow/example_dags/example_dag_decorator.py
[2023-07-19T16:50:22.493+0000] {processor.py:836} INFO - DAG(s) dict_keys(['example_dag_decorator']) retrieved from /home/airflow/.local/lib/python3.7/site-packages/airflow/example_dags/example_dag_decorator.py
[2023-07-19T16:50:22.612+0000] {logging_mixin.py:150} INFO - [2023-07-19T16:50:22.611+0000] {dag.py:2742} INFO - Sync 1 DAGs
[2023-07-19T16:50:22.625+0000] {logging_mixin.py:150} INFO - [2023-07-19T16:50:22.625+0000] {dag.py:3508} INFO - Setting next_dagrun for example_dag_decorator to None, run_after=None
[2023-07-19T16:50:22.633+0000] {processor.py:179} INFO - Processing /home/airflow/.local/lib/python3.7/site-packages/airflow/example_dags/example_dag_decorator.py took 0.159 seconds
[2023-07-19T16:50:52.794+0000] {processor.py:157} INFO - Started process (PID=1981) to work on /home/airflow/.local/lib/python3.7/site-packages/airflow/example_dags/example_dag_decorator.py
[2023-07-19T16:50:52.796+0000] {processor.py:826} INFO - Processing file /home/airflow/.local/lib/python3.7/site-packages/airflow/example_dags/example_dag_decorator.py for tasks to queue
[2023-07-19T16:50:52.796+0000] {logging_mixin.py:150} INFO - [2023-07-19T16:50:52.796+0000] {dagbag.py:541} INFO - Filling up the DagBag from /home/airflow/.local/lib/python3.7/site-packages/airflow/example_dags/example_dag_decorator.py
[2023-07-19T16:50:52.811+0000] {processor.py:836} INFO - DAG(s) dict_keys(['example_dag_decorator']) retrieved from /home/airflow/.local/lib/python3.7/site-packages/airflow/example_dags/example_dag_decorator.py
[2023-07-19T16:50:52.907+0000] {logging_mixin.py:150} INFO - [2023-07-19T16:50:52.907+0000] {dag.py:2742} INFO - Sync 1 DAGs
[2023-07-19T16:50:52.928+0000] {logging_mixin.py:150} INFO - [2023-07-19T16:50:52.928+0000] {dag.py:3508} INFO - Setting next_dagrun for example_dag_decorator to None, run_after=None
[2023-07-19T16:50:52.939+0000] {processor.py:179} INFO - Processing /home/airflow/.local/lib/python3.7/site-packages/airflow/example_dags/example_dag_decorator.py took 0.148 seconds
[2023-07-19T16:51:23.368+0000] {processor.py:157} INFO - Started process (PID=2036) to work on /home/airflow/.local/lib/python3.7/site-packages/airflow/example_dags/example_dag_decorator.py
[2023-07-19T16:51:23.368+0000] {processor.py:826} INFO - Processing file /home/airflow/.local/lib/python3.7/site-packages/airflow/example_dags/example_dag_decorator.py for tasks to queue
[2023-07-19T16:51:23.369+0000] {logging_mixin.py:150} INFO - [2023-07-19T16:51:23.369+0000] {dagbag.py:541} INFO - Filling up the DagBag from /home/airflow/.local/lib/python3.7/site-packages/airflow/example_dags/example_dag_decorator.py
[2023-07-19T16:51:23.390+0000] {processor.py:836} INFO - DAG(s) dict_keys(['example_dag_decorator']) retrieved from /home/airflow/.local/lib/python3.7/site-packages/airflow/example_dags/example_dag_decorator.py
[2023-07-19T16:51:23.542+0000] {logging_mixin.py:150} INFO - [2023-07-19T16:51:23.542+0000] {dag.py:2742} INFO - Sync 1 DAGs
[2023-07-19T16:51:23.553+0000] {logging_mixin.py:150} INFO - [2023-07-19T16:51:23.553+0000] {dag.py:3508} INFO - Setting next_dagrun for example_dag_decorator to None, run_after=None
[2023-07-19T16:51:23.562+0000] {processor.py:179} INFO - Processing /home/airflow/.local/lib/python3.7/site-packages/airflow/example_dags/example_dag_decorator.py took 0.197 seconds
[2023-07-19T16:51:53.734+0000] {processor.py:157} INFO - Started process (PID=2091) to work on /home/airflow/.local/lib/python3.7/site-packages/airflow/example_dags/example_dag_decorator.py
[2023-07-19T16:51:53.735+0000] {processor.py:826} INFO - Processing file /home/airflow/.local/lib/python3.7/site-packages/airflow/example_dags/example_dag_decorator.py for tasks to queue
[2023-07-19T16:51:53.736+0000] {logging_mixin.py:150} INFO - [2023-07-19T16:51:53.735+0000] {dagbag.py:541} INFO - Filling up the DagBag from /home/airflow/.local/lib/python3.7/site-packages/airflow/example_dags/example_dag_decorator.py
[2023-07-19T16:51:53.748+0000] {processor.py:836} INFO - DAG(s) dict_keys(['example_dag_decorator']) retrieved from /home/airflow/.local/lib/python3.7/site-packages/airflow/example_dags/example_dag_decorator.py
[2023-07-19T16:51:53.855+0000] {logging_mixin.py:150} INFO - [2023-07-19T16:51:53.855+0000] {dag.py:2742} INFO - Sync 1 DAGs
[2023-07-19T16:51:53.904+0000] {logging_mixin.py:150} INFO - [2023-07-19T16:51:53.904+0000] {dag.py:3508} INFO - Setting next_dagrun for example_dag_decorator to None, run_after=None
[2023-07-19T16:51:53.914+0000] {processor.py:179} INFO - Processing /home/airflow/.local/lib/python3.7/site-packages/airflow/example_dags/example_dag_decorator.py took 0.183 seconds
[2023-07-19T16:52:23.962+0000] {processor.py:157} INFO - Started process (PID=2146) to work on /home/airflow/.local/lib/python3.7/site-packages/airflow/example_dags/example_dag_decorator.py
[2023-07-19T16:52:23.963+0000] {processor.py:826} INFO - Processing file /home/airflow/.local/lib/python3.7/site-packages/airflow/example_dags/example_dag_decorator.py for tasks to queue
[2023-07-19T16:52:23.964+0000] {logging_mixin.py:150} INFO - [2023-07-19T16:52:23.964+0000] {dagbag.py:541} INFO - Filling up the DagBag from /home/airflow/.local/lib/python3.7/site-packages/airflow/example_dags/example_dag_decorator.py
[2023-07-19T16:52:23.997+0000] {processor.py:836} INFO - DAG(s) dict_keys(['example_dag_decorator']) retrieved from /home/airflow/.local/lib/python3.7/site-packages/airflow/example_dags/example_dag_decorator.py
[2023-07-19T16:52:24.120+0000] {logging_mixin.py:150} INFO - [2023-07-19T16:52:24.119+0000] {dag.py:2742} INFO - Sync 1 DAGs
[2023-07-19T16:52:24.133+0000] {logging_mixin.py:150} INFO - [2023-07-19T16:52:24.133+0000] {dag.py:3508} INFO - Setting next_dagrun for example_dag_decorator to None, run_after=None
[2023-07-19T16:52:24.143+0000] {processor.py:179} INFO - Processing /home/airflow/.local/lib/python3.7/site-packages/airflow/example_dags/example_dag_decorator.py took 0.185 seconds
[2023-07-19T16:52:54.514+0000] {processor.py:157} INFO - Started process (PID=2200) to work on /home/airflow/.local/lib/python3.7/site-packages/airflow/example_dags/example_dag_decorator.py
[2023-07-19T16:52:54.515+0000] {processor.py:826} INFO - Processing file /home/airflow/.local/lib/python3.7/site-packages/airflow/example_dags/example_dag_decorator.py for tasks to queue
[2023-07-19T16:52:54.516+0000] {logging_mixin.py:150} INFO - [2023-07-19T16:52:54.516+0000] {dagbag.py:541} INFO - Filling up the DagBag from /home/airflow/.local/lib/python3.7/site-packages/airflow/example_dags/example_dag_decorator.py
[2023-07-19T16:52:54.555+0000] {processor.py:836} INFO - DAG(s) dict_keys(['example_dag_decorator']) retrieved from /home/airflow/.local/lib/python3.7/site-packages/airflow/example_dags/example_dag_decorator.py
[2023-07-19T16:52:54.781+0000] {logging_mixin.py:150} INFO - [2023-07-19T16:52:54.778+0000] {dag.py:2742} INFO - Sync 1 DAGs
[2023-07-19T16:52:54.796+0000] {logging_mixin.py:150} INFO - [2023-07-19T16:52:54.796+0000] {dag.py:3508} INFO - Setting next_dagrun for example_dag_decorator to None, run_after=None
[2023-07-19T16:52:54.819+0000] {processor.py:179} INFO - Processing /home/airflow/.local/lib/python3.7/site-packages/airflow/example_dags/example_dag_decorator.py took 0.314 seconds
