[2023-07-19T16:32:50.050+0000] {processor.py:157} INFO - Started process (PID=41) to work on /home/airflow/.local/lib/python3.7/site-packages/airflow/example_dags/example_task_group_decorator.py
[2023-07-19T16:32:50.050+0000] {processor.py:826} INFO - Processing file /home/airflow/.local/lib/python3.7/site-packages/airflow/example_dags/example_task_group_decorator.py for tasks to queue
[2023-07-19T16:32:50.050+0000] {logging_mixin.py:150} INFO - [2023-07-19T16:32:50.050+0000] {dagbag.py:541} INFO - Filling up the DagBag from /home/airflow/.local/lib/python3.7/site-packages/airflow/example_dags/example_task_group_decorator.py
[2023-07-19T16:32:50.068+0000] {processor.py:836} INFO - DAG(s) dict_keys(['example_task_group_decorator']) retrieved from /home/airflow/.local/lib/python3.7/site-packages/airflow/example_dags/example_task_group_decorator.py
[2023-07-19T16:32:50.076+0000] {logging_mixin.py:150} INFO - [2023-07-19T16:32:50.076+0000] {dag.py:2742} INFO - Sync 1 DAGs
[2023-07-19T16:32:50.088+0000] {logging_mixin.py:150} INFO - [2023-07-19T16:32:50.088+0000] {dag.py:3508} INFO - Setting next_dagrun for example_task_group_decorator to 2023-07-18T16:32:50.088275+00:00, run_after=2023-07-19T16:32:50.088275+00:00
[2023-07-19T16:32:50.099+0000] {processor.py:179} INFO - Processing /home/airflow/.local/lib/python3.7/site-packages/airflow/example_dags/example_task_group_decorator.py took 0.054 seconds
[2023-07-19T16:33:20.375+0000] {processor.py:157} INFO - Started process (PID=96) to work on /home/airflow/.local/lib/python3.7/site-packages/airflow/example_dags/example_task_group_decorator.py
[2023-07-19T16:33:20.376+0000] {processor.py:826} INFO - Processing file /home/airflow/.local/lib/python3.7/site-packages/airflow/example_dags/example_task_group_decorator.py for tasks to queue
[2023-07-19T16:33:20.376+0000] {logging_mixin.py:150} INFO - [2023-07-19T16:33:20.376+0000] {dagbag.py:541} INFO - Filling up the DagBag from /home/airflow/.local/lib/python3.7/site-packages/airflow/example_dags/example_task_group_decorator.py
[2023-07-19T16:33:20.395+0000] {processor.py:836} INFO - DAG(s) dict_keys(['example_task_group_decorator']) retrieved from /home/airflow/.local/lib/python3.7/site-packages/airflow/example_dags/example_task_group_decorator.py
[2023-07-19T16:33:20.428+0000] {logging_mixin.py:150} INFO - [2023-07-19T16:33:20.428+0000] {dag.py:2742} INFO - Sync 1 DAGs
[2023-07-19T16:33:20.452+0000] {logging_mixin.py:150} INFO - [2023-07-19T16:33:20.452+0000] {dag.py:3508} INFO - Setting next_dagrun for example_task_group_decorator to 2023-07-18T16:33:20.451979+00:00, run_after=2023-07-19T16:33:20.451979+00:00
[2023-07-19T16:33:20.464+0000] {processor.py:179} INFO - Processing /home/airflow/.local/lib/python3.7/site-packages/airflow/example_dags/example_task_group_decorator.py took 0.093 seconds
[2023-07-19T16:33:50.800+0000] {processor.py:157} INFO - Started process (PID=152) to work on /home/airflow/.local/lib/python3.7/site-packages/airflow/example_dags/example_task_group_decorator.py
[2023-07-19T16:33:50.801+0000] {processor.py:826} INFO - Processing file /home/airflow/.local/lib/python3.7/site-packages/airflow/example_dags/example_task_group_decorator.py for tasks to queue
[2023-07-19T16:33:50.801+0000] {logging_mixin.py:150} INFO - [2023-07-19T16:33:50.801+0000] {dagbag.py:541} INFO - Filling up the DagBag from /home/airflow/.local/lib/python3.7/site-packages/airflow/example_dags/example_task_group_decorator.py
[2023-07-19T16:33:50.811+0000] {processor.py:836} INFO - DAG(s) dict_keys(['example_task_group_decorator']) retrieved from /home/airflow/.local/lib/python3.7/site-packages/airflow/example_dags/example_task_group_decorator.py
[2023-07-19T16:33:50.833+0000] {logging_mixin.py:150} INFO - [2023-07-19T16:33:50.833+0000] {dag.py:2742} INFO - Sync 1 DAGs
[2023-07-19T16:33:50.848+0000] {logging_mixin.py:150} INFO - [2023-07-19T16:33:50.847+0000] {dag.py:3508} INFO - Setting next_dagrun for example_task_group_decorator to 2023-07-18T16:33:50.847735+00:00, run_after=2023-07-19T16:33:50.847735+00:00
[2023-07-19T16:33:50.859+0000] {processor.py:179} INFO - Processing /home/airflow/.local/lib/python3.7/site-packages/airflow/example_dags/example_task_group_decorator.py took 0.061 seconds
[2023-07-19T16:34:21.814+0000] {processor.py:157} INFO - Started process (PID=206) to work on /home/airflow/.local/lib/python3.7/site-packages/airflow/example_dags/example_task_group_decorator.py
[2023-07-19T16:34:21.814+0000] {processor.py:826} INFO - Processing file /home/airflow/.local/lib/python3.7/site-packages/airflow/example_dags/example_task_group_decorator.py for tasks to queue
[2023-07-19T16:34:21.815+0000] {logging_mixin.py:150} INFO - [2023-07-19T16:34:21.815+0000] {dagbag.py:541} INFO - Filling up the DagBag from /home/airflow/.local/lib/python3.7/site-packages/airflow/example_dags/example_task_group_decorator.py
[2023-07-19T16:34:21.823+0000] {processor.py:836} INFO - DAG(s) dict_keys(['example_task_group_decorator']) retrieved from /home/airflow/.local/lib/python3.7/site-packages/airflow/example_dags/example_task_group_decorator.py
[2023-07-19T16:34:21.840+0000] {logging_mixin.py:150} INFO - [2023-07-19T16:34:21.840+0000] {dag.py:2742} INFO - Sync 1 DAGs
[2023-07-19T16:34:21.865+0000] {logging_mixin.py:150} INFO - [2023-07-19T16:34:21.865+0000] {dag.py:3508} INFO - Setting next_dagrun for example_task_group_decorator to 2023-07-18T16:34:21.865226+00:00, run_after=2023-07-19T16:34:21.865226+00:00
[2023-07-19T16:34:21.878+0000] {processor.py:179} INFO - Processing /home/airflow/.local/lib/python3.7/site-packages/airflow/example_dags/example_task_group_decorator.py took 0.067 seconds
[2023-07-19T16:34:52.579+0000] {processor.py:157} INFO - Started process (PID=261) to work on /home/airflow/.local/lib/python3.7/site-packages/airflow/example_dags/example_task_group_decorator.py
[2023-07-19T16:34:52.580+0000] {processor.py:826} INFO - Processing file /home/airflow/.local/lib/python3.7/site-packages/airflow/example_dags/example_task_group_decorator.py for tasks to queue
[2023-07-19T16:34:52.580+0000] {logging_mixin.py:150} INFO - [2023-07-19T16:34:52.580+0000] {dagbag.py:541} INFO - Filling up the DagBag from /home/airflow/.local/lib/python3.7/site-packages/airflow/example_dags/example_task_group_decorator.py
[2023-07-19T16:34:52.593+0000] {processor.py:836} INFO - DAG(s) dict_keys(['example_task_group_decorator']) retrieved from /home/airflow/.local/lib/python3.7/site-packages/airflow/example_dags/example_task_group_decorator.py
[2023-07-19T16:34:52.610+0000] {logging_mixin.py:150} INFO - [2023-07-19T16:34:52.610+0000] {dag.py:2742} INFO - Sync 1 DAGs
[2023-07-19T16:34:52.623+0000] {logging_mixin.py:150} INFO - [2023-07-19T16:34:52.623+0000] {dag.py:3508} INFO - Setting next_dagrun for example_task_group_decorator to 2023-07-18T16:34:52.623523+00:00, run_after=2023-07-19T16:34:52.623523+00:00
[2023-07-19T16:34:52.631+0000] {processor.py:179} INFO - Processing /home/airflow/.local/lib/python3.7/site-packages/airflow/example_dags/example_task_group_decorator.py took 0.054 seconds
[2023-07-19T16:35:23.763+0000] {processor.py:157} INFO - Started process (PID=316) to work on /home/airflow/.local/lib/python3.7/site-packages/airflow/example_dags/example_task_group_decorator.py
[2023-07-19T16:35:23.764+0000] {processor.py:826} INFO - Processing file /home/airflow/.local/lib/python3.7/site-packages/airflow/example_dags/example_task_group_decorator.py for tasks to queue
[2023-07-19T16:35:23.767+0000] {logging_mixin.py:150} INFO - [2023-07-19T16:35:23.767+0000] {dagbag.py:541} INFO - Filling up the DagBag from /home/airflow/.local/lib/python3.7/site-packages/airflow/example_dags/example_task_group_decorator.py
[2023-07-19T16:35:23.796+0000] {processor.py:836} INFO - DAG(s) dict_keys(['example_task_group_decorator']) retrieved from /home/airflow/.local/lib/python3.7/site-packages/airflow/example_dags/example_task_group_decorator.py
[2023-07-19T16:35:23.821+0000] {logging_mixin.py:150} INFO - [2023-07-19T16:35:23.818+0000] {dag.py:2742} INFO - Sync 1 DAGs
[2023-07-19T16:35:23.848+0000] {logging_mixin.py:150} INFO - [2023-07-19T16:35:23.848+0000] {dag.py:3508} INFO - Setting next_dagrun for example_task_group_decorator to 2023-07-18T16:35:23.848068+00:00, run_after=2023-07-19T16:35:23.848068+00:00
[2023-07-19T16:35:23.857+0000] {processor.py:179} INFO - Processing /home/airflow/.local/lib/python3.7/site-packages/airflow/example_dags/example_task_group_decorator.py took 0.107 seconds
[2023-07-19T16:35:54.100+0000] {processor.py:157} INFO - Started process (PID=372) to work on /home/airflow/.local/lib/python3.7/site-packages/airflow/example_dags/example_task_group_decorator.py
[2023-07-19T16:35:54.101+0000] {processor.py:826} INFO - Processing file /home/airflow/.local/lib/python3.7/site-packages/airflow/example_dags/example_task_group_decorator.py for tasks to queue
[2023-07-19T16:35:54.101+0000] {logging_mixin.py:150} INFO - [2023-07-19T16:35:54.101+0000] {dagbag.py:541} INFO - Filling up the DagBag from /home/airflow/.local/lib/python3.7/site-packages/airflow/example_dags/example_task_group_decorator.py
[2023-07-19T16:35:54.110+0000] {processor.py:836} INFO - DAG(s) dict_keys(['example_task_group_decorator']) retrieved from /home/airflow/.local/lib/python3.7/site-packages/airflow/example_dags/example_task_group_decorator.py
[2023-07-19T16:35:54.126+0000] {logging_mixin.py:150} INFO - [2023-07-19T16:35:54.126+0000] {dag.py:2742} INFO - Sync 1 DAGs
[2023-07-19T16:35:54.141+0000] {logging_mixin.py:150} INFO - [2023-07-19T16:35:54.141+0000] {dag.py:3508} INFO - Setting next_dagrun for example_task_group_decorator to 2023-07-18T16:35:54.141200+00:00, run_after=2023-07-19T16:35:54.141200+00:00
[2023-07-19T16:35:54.149+0000] {processor.py:179} INFO - Processing /home/airflow/.local/lib/python3.7/site-packages/airflow/example_dags/example_task_group_decorator.py took 0.050 seconds
[2023-07-19T16:36:24.742+0000] {processor.py:157} INFO - Started process (PID=427) to work on /home/airflow/.local/lib/python3.7/site-packages/airflow/example_dags/example_task_group_decorator.py
[2023-07-19T16:36:24.743+0000] {processor.py:826} INFO - Processing file /home/airflow/.local/lib/python3.7/site-packages/airflow/example_dags/example_task_group_decorator.py for tasks to queue
[2023-07-19T16:36:24.743+0000] {logging_mixin.py:150} INFO - [2023-07-19T16:36:24.743+0000] {dagbag.py:541} INFO - Filling up the DagBag from /home/airflow/.local/lib/python3.7/site-packages/airflow/example_dags/example_task_group_decorator.py
[2023-07-19T16:36:24.762+0000] {processor.py:836} INFO - DAG(s) dict_keys(['example_task_group_decorator']) retrieved from /home/airflow/.local/lib/python3.7/site-packages/airflow/example_dags/example_task_group_decorator.py
[2023-07-19T16:36:24.782+0000] {logging_mixin.py:150} INFO - [2023-07-19T16:36:24.781+0000] {dag.py:2742} INFO - Sync 1 DAGs
[2023-07-19T16:36:24.807+0000] {logging_mixin.py:150} INFO - [2023-07-19T16:36:24.806+0000] {dag.py:3508} INFO - Setting next_dagrun for example_task_group_decorator to 2023-07-18T16:36:24.806671+00:00, run_after=2023-07-19T16:36:24.806671+00:00
[2023-07-19T16:36:24.815+0000] {processor.py:179} INFO - Processing /home/airflow/.local/lib/python3.7/site-packages/airflow/example_dags/example_task_group_decorator.py took 0.075 seconds
[2023-07-19T16:36:55.146+0000] {processor.py:157} INFO - Started process (PID=482) to work on /home/airflow/.local/lib/python3.7/site-packages/airflow/example_dags/example_task_group_decorator.py
[2023-07-19T16:36:55.146+0000] {processor.py:826} INFO - Processing file /home/airflow/.local/lib/python3.7/site-packages/airflow/example_dags/example_task_group_decorator.py for tasks to queue
[2023-07-19T16:36:55.147+0000] {logging_mixin.py:150} INFO - [2023-07-19T16:36:55.147+0000] {dagbag.py:541} INFO - Filling up the DagBag from /home/airflow/.local/lib/python3.7/site-packages/airflow/example_dags/example_task_group_decorator.py
[2023-07-19T16:36:55.160+0000] {processor.py:836} INFO - DAG(s) dict_keys(['example_task_group_decorator']) retrieved from /home/airflow/.local/lib/python3.7/site-packages/airflow/example_dags/example_task_group_decorator.py
[2023-07-19T16:36:55.183+0000] {logging_mixin.py:150} INFO - [2023-07-19T16:36:55.183+0000] {dag.py:2742} INFO - Sync 1 DAGs
[2023-07-19T16:36:55.201+0000] {logging_mixin.py:150} INFO - [2023-07-19T16:36:55.201+0000] {dag.py:3508} INFO - Setting next_dagrun for example_task_group_decorator to 2023-07-18T16:36:55.201191+00:00, run_after=2023-07-19T16:36:55.201191+00:00
[2023-07-19T16:36:55.209+0000] {processor.py:179} INFO - Processing /home/airflow/.local/lib/python3.7/site-packages/airflow/example_dags/example_task_group_decorator.py took 0.065 seconds
[2023-07-19T16:37:26.087+0000] {processor.py:157} INFO - Started process (PID=537) to work on /home/airflow/.local/lib/python3.7/site-packages/airflow/example_dags/example_task_group_decorator.py
[2023-07-19T16:37:26.093+0000] {processor.py:826} INFO - Processing file /home/airflow/.local/lib/python3.7/site-packages/airflow/example_dags/example_task_group_decorator.py for tasks to queue
[2023-07-19T16:37:26.093+0000] {logging_mixin.py:150} INFO - [2023-07-19T16:37:26.093+0000] {dagbag.py:541} INFO - Filling up the DagBag from /home/airflow/.local/lib/python3.7/site-packages/airflow/example_dags/example_task_group_decorator.py
[2023-07-19T16:37:26.109+0000] {processor.py:836} INFO - DAG(s) dict_keys(['example_task_group_decorator']) retrieved from /home/airflow/.local/lib/python3.7/site-packages/airflow/example_dags/example_task_group_decorator.py
[2023-07-19T16:37:26.157+0000] {logging_mixin.py:150} INFO - [2023-07-19T16:37:26.157+0000] {dag.py:2742} INFO - Sync 1 DAGs
[2023-07-19T16:37:26.185+0000] {logging_mixin.py:150} INFO - [2023-07-19T16:37:26.185+0000] {dag.py:3508} INFO - Setting next_dagrun for example_task_group_decorator to 2023-07-18T16:37:26.185103+00:00, run_after=2023-07-19T16:37:26.185103+00:00
[2023-07-19T16:37:26.212+0000] {processor.py:179} INFO - Processing /home/airflow/.local/lib/python3.7/site-packages/airflow/example_dags/example_task_group_decorator.py took 0.126 seconds
[2023-07-19T16:37:56.486+0000] {processor.py:157} INFO - Started process (PID=592) to work on /home/airflow/.local/lib/python3.7/site-packages/airflow/example_dags/example_task_group_decorator.py
[2023-07-19T16:37:56.487+0000] {processor.py:826} INFO - Processing file /home/airflow/.local/lib/python3.7/site-packages/airflow/example_dags/example_task_group_decorator.py for tasks to queue
[2023-07-19T16:37:56.487+0000] {logging_mixin.py:150} INFO - [2023-07-19T16:37:56.487+0000] {dagbag.py:541} INFO - Filling up the DagBag from /home/airflow/.local/lib/python3.7/site-packages/airflow/example_dags/example_task_group_decorator.py
[2023-07-19T16:37:56.496+0000] {processor.py:836} INFO - DAG(s) dict_keys(['example_task_group_decorator']) retrieved from /home/airflow/.local/lib/python3.7/site-packages/airflow/example_dags/example_task_group_decorator.py
[2023-07-19T16:37:56.512+0000] {logging_mixin.py:150} INFO - [2023-07-19T16:37:56.512+0000] {dag.py:2742} INFO - Sync 1 DAGs
[2023-07-19T16:37:56.530+0000] {logging_mixin.py:150} INFO - [2023-07-19T16:37:56.530+0000] {dag.py:3508} INFO - Setting next_dagrun for example_task_group_decorator to 2023-07-18T16:37:56.530373+00:00, run_after=2023-07-19T16:37:56.530373+00:00
[2023-07-19T16:37:56.540+0000] {processor.py:179} INFO - Processing /home/airflow/.local/lib/python3.7/site-packages/airflow/example_dags/example_task_group_decorator.py took 0.060 seconds
[2023-07-19T16:38:26.678+0000] {processor.py:157} INFO - Started process (PID=647) to work on /home/airflow/.local/lib/python3.7/site-packages/airflow/example_dags/example_task_group_decorator.py
[2023-07-19T16:38:26.689+0000] {processor.py:826} INFO - Processing file /home/airflow/.local/lib/python3.7/site-packages/airflow/example_dags/example_task_group_decorator.py for tasks to queue
[2023-07-19T16:38:26.690+0000] {logging_mixin.py:150} INFO - [2023-07-19T16:38:26.690+0000] {dagbag.py:541} INFO - Filling up the DagBag from /home/airflow/.local/lib/python3.7/site-packages/airflow/example_dags/example_task_group_decorator.py
[2023-07-19T16:38:26.707+0000] {processor.py:836} INFO - DAG(s) dict_keys(['example_task_group_decorator']) retrieved from /home/airflow/.local/lib/python3.7/site-packages/airflow/example_dags/example_task_group_decorator.py
[2023-07-19T16:38:26.746+0000] {logging_mixin.py:150} INFO - [2023-07-19T16:38:26.746+0000] {dag.py:2742} INFO - Sync 1 DAGs
[2023-07-19T16:38:26.785+0000] {logging_mixin.py:150} INFO - [2023-07-19T16:38:26.785+0000] {dag.py:3508} INFO - Setting next_dagrun for example_task_group_decorator to 2023-07-18T16:38:26.785509+00:00, run_after=2023-07-19T16:38:26.785509+00:00
[2023-07-19T16:38:26.798+0000] {processor.py:179} INFO - Processing /home/airflow/.local/lib/python3.7/site-packages/airflow/example_dags/example_task_group_decorator.py took 0.129 seconds
[2023-07-19T16:38:56.866+0000] {processor.py:157} INFO - Started process (PID=702) to work on /home/airflow/.local/lib/python3.7/site-packages/airflow/example_dags/example_task_group_decorator.py
[2023-07-19T16:38:56.867+0000] {processor.py:826} INFO - Processing file /home/airflow/.local/lib/python3.7/site-packages/airflow/example_dags/example_task_group_decorator.py for tasks to queue
[2023-07-19T16:38:56.867+0000] {logging_mixin.py:150} INFO - [2023-07-19T16:38:56.867+0000] {dagbag.py:541} INFO - Filling up the DagBag from /home/airflow/.local/lib/python3.7/site-packages/airflow/example_dags/example_task_group_decorator.py
[2023-07-19T16:38:56.877+0000] {processor.py:836} INFO - DAG(s) dict_keys(['example_task_group_decorator']) retrieved from /home/airflow/.local/lib/python3.7/site-packages/airflow/example_dags/example_task_group_decorator.py
[2023-07-19T16:38:56.902+0000] {logging_mixin.py:150} INFO - [2023-07-19T16:38:56.902+0000] {dag.py:2742} INFO - Sync 1 DAGs
[2023-07-19T16:38:56.923+0000] {logging_mixin.py:150} INFO - [2023-07-19T16:38:56.923+0000] {dag.py:3508} INFO - Setting next_dagrun for example_task_group_decorator to 2023-07-18T16:38:56.923048+00:00, run_after=2023-07-19T16:38:56.923048+00:00
[2023-07-19T16:38:56.941+0000] {processor.py:179} INFO - Processing /home/airflow/.local/lib/python3.7/site-packages/airflow/example_dags/example_task_group_decorator.py took 0.078 seconds
[2023-07-19T16:39:27.185+0000] {processor.py:157} INFO - Started process (PID=757) to work on /home/airflow/.local/lib/python3.7/site-packages/airflow/example_dags/example_task_group_decorator.py
[2023-07-19T16:39:27.185+0000] {processor.py:826} INFO - Processing file /home/airflow/.local/lib/python3.7/site-packages/airflow/example_dags/example_task_group_decorator.py for tasks to queue
[2023-07-19T16:39:27.186+0000] {logging_mixin.py:150} INFO - [2023-07-19T16:39:27.185+0000] {dagbag.py:541} INFO - Filling up the DagBag from /home/airflow/.local/lib/python3.7/site-packages/airflow/example_dags/example_task_group_decorator.py
[2023-07-19T16:39:27.193+0000] {processor.py:836} INFO - DAG(s) dict_keys(['example_task_group_decorator']) retrieved from /home/airflow/.local/lib/python3.7/site-packages/airflow/example_dags/example_task_group_decorator.py
[2023-07-19T16:39:27.212+0000] {logging_mixin.py:150} INFO - [2023-07-19T16:39:27.212+0000] {dag.py:2742} INFO - Sync 1 DAGs
[2023-07-19T16:39:27.228+0000] {logging_mixin.py:150} INFO - [2023-07-19T16:39:27.228+0000] {dag.py:3508} INFO - Setting next_dagrun for example_task_group_decorator to 2023-07-18T16:39:27.228332+00:00, run_after=2023-07-19T16:39:27.228332+00:00
[2023-07-19T16:39:27.236+0000] {processor.py:179} INFO - Processing /home/airflow/.local/lib/python3.7/site-packages/airflow/example_dags/example_task_group_decorator.py took 0.054 seconds
[2023-07-19T16:40:04.441+0000] {processor.py:157} INFO - Started process (PID=812) to work on /home/airflow/.local/lib/python3.7/site-packages/airflow/example_dags/example_task_group_decorator.py
[2023-07-19T16:40:04.466+0000] {processor.py:826} INFO - Processing file /home/airflow/.local/lib/python3.7/site-packages/airflow/example_dags/example_task_group_decorator.py for tasks to queue
[2023-07-19T16:40:04.466+0000] {logging_mixin.py:150} INFO - [2023-07-19T16:40:04.466+0000] {dagbag.py:541} INFO - Filling up the DagBag from /home/airflow/.local/lib/python3.7/site-packages/airflow/example_dags/example_task_group_decorator.py
[2023-07-19T16:40:04.603+0000] {processor.py:836} INFO - DAG(s) dict_keys(['example_task_group_decorator']) retrieved from /home/airflow/.local/lib/python3.7/site-packages/airflow/example_dags/example_task_group_decorator.py
[2023-07-19T16:40:04.777+0000] {logging_mixin.py:150} INFO - [2023-07-19T16:40:04.771+0000] {dag.py:2742} INFO - Sync 1 DAGs
[2023-07-19T16:40:04.870+0000] {logging_mixin.py:150} INFO - [2023-07-19T16:40:04.869+0000] {dag.py:3508} INFO - Setting next_dagrun for example_task_group_decorator to 2023-07-18T16:40:04.856524+00:00, run_after=2023-07-19T16:40:04.856524+00:00
[2023-07-19T16:40:04.997+0000] {processor.py:179} INFO - Processing /home/airflow/.local/lib/python3.7/site-packages/airflow/example_dags/example_task_group_decorator.py took 0.616 seconds
[2023-07-19T16:40:35.707+0000] {processor.py:157} INFO - Started process (PID=867) to work on /home/airflow/.local/lib/python3.7/site-packages/airflow/example_dags/example_task_group_decorator.py
[2023-07-19T16:40:35.709+0000] {processor.py:826} INFO - Processing file /home/airflow/.local/lib/python3.7/site-packages/airflow/example_dags/example_task_group_decorator.py for tasks to queue
[2023-07-19T16:40:35.709+0000] {logging_mixin.py:150} INFO - [2023-07-19T16:40:35.709+0000] {dagbag.py:541} INFO - Filling up the DagBag from /home/airflow/.local/lib/python3.7/site-packages/airflow/example_dags/example_task_group_decorator.py
[2023-07-19T16:40:35.752+0000] {processor.py:836} INFO - DAG(s) dict_keys(['example_task_group_decorator']) retrieved from /home/airflow/.local/lib/python3.7/site-packages/airflow/example_dags/example_task_group_decorator.py
[2023-07-19T16:40:35.834+0000] {logging_mixin.py:150} INFO - [2023-07-19T16:40:35.833+0000] {dag.py:2742} INFO - Sync 1 DAGs
[2023-07-19T16:40:35.885+0000] {logging_mixin.py:150} INFO - [2023-07-19T16:40:35.885+0000] {dag.py:3508} INFO - Setting next_dagrun for example_task_group_decorator to 2023-07-18T16:40:35.884848+00:00, run_after=2023-07-19T16:40:35.884848+00:00
[2023-07-19T16:40:35.910+0000] {processor.py:179} INFO - Processing /home/airflow/.local/lib/python3.7/site-packages/airflow/example_dags/example_task_group_decorator.py took 0.205 seconds
[2023-07-19T16:41:05.982+0000] {processor.py:157} INFO - Started process (PID=921) to work on /home/airflow/.local/lib/python3.7/site-packages/airflow/example_dags/example_task_group_decorator.py
[2023-07-19T16:41:05.983+0000] {processor.py:826} INFO - Processing file /home/airflow/.local/lib/python3.7/site-packages/airflow/example_dags/example_task_group_decorator.py for tasks to queue
[2023-07-19T16:41:05.983+0000] {logging_mixin.py:150} INFO - [2023-07-19T16:41:05.983+0000] {dagbag.py:541} INFO - Filling up the DagBag from /home/airflow/.local/lib/python3.7/site-packages/airflow/example_dags/example_task_group_decorator.py
[2023-07-19T16:41:05.997+0000] {processor.py:836} INFO - DAG(s) dict_keys(['example_task_group_decorator']) retrieved from /home/airflow/.local/lib/python3.7/site-packages/airflow/example_dags/example_task_group_decorator.py
[2023-07-19T16:41:06.018+0000] {logging_mixin.py:150} INFO - [2023-07-19T16:41:06.018+0000] {dag.py:2742} INFO - Sync 1 DAGs
[2023-07-19T16:41:06.035+0000] {logging_mixin.py:150} INFO - [2023-07-19T16:41:06.035+0000] {dag.py:3508} INFO - Setting next_dagrun for example_task_group_decorator to 2023-07-18T16:41:06.034762+00:00, run_after=2023-07-19T16:41:06.034762+00:00
[2023-07-19T16:41:06.045+0000] {processor.py:179} INFO - Processing /home/airflow/.local/lib/python3.7/site-packages/airflow/example_dags/example_task_group_decorator.py took 0.066 seconds
[2023-07-19T16:41:36.303+0000] {processor.py:157} INFO - Started process (PID=976) to work on /home/airflow/.local/lib/python3.7/site-packages/airflow/example_dags/example_task_group_decorator.py
[2023-07-19T16:41:36.304+0000] {processor.py:826} INFO - Processing file /home/airflow/.local/lib/python3.7/site-packages/airflow/example_dags/example_task_group_decorator.py for tasks to queue
[2023-07-19T16:41:36.304+0000] {logging_mixin.py:150} INFO - [2023-07-19T16:41:36.304+0000] {dagbag.py:541} INFO - Filling up the DagBag from /home/airflow/.local/lib/python3.7/site-packages/airflow/example_dags/example_task_group_decorator.py
[2023-07-19T16:41:36.315+0000] {processor.py:836} INFO - DAG(s) dict_keys(['example_task_group_decorator']) retrieved from /home/airflow/.local/lib/python3.7/site-packages/airflow/example_dags/example_task_group_decorator.py
[2023-07-19T16:41:36.345+0000] {logging_mixin.py:150} INFO - [2023-07-19T16:41:36.345+0000] {dag.py:2742} INFO - Sync 1 DAGs
[2023-07-19T16:41:36.366+0000] {logging_mixin.py:150} INFO - [2023-07-19T16:41:36.365+0000] {dag.py:3508} INFO - Setting next_dagrun for example_task_group_decorator to 2023-07-18T16:41:36.365767+00:00, run_after=2023-07-19T16:41:36.365767+00:00
[2023-07-19T16:41:36.374+0000] {processor.py:179} INFO - Processing /home/airflow/.local/lib/python3.7/site-packages/airflow/example_dags/example_task_group_decorator.py took 0.073 seconds
[2023-07-19T16:42:06.951+0000] {processor.py:157} INFO - Started process (PID=1031) to work on /home/airflow/.local/lib/python3.7/site-packages/airflow/example_dags/example_task_group_decorator.py
[2023-07-19T16:42:06.951+0000] {processor.py:826} INFO - Processing file /home/airflow/.local/lib/python3.7/site-packages/airflow/example_dags/example_task_group_decorator.py for tasks to queue
[2023-07-19T16:42:06.952+0000] {logging_mixin.py:150} INFO - [2023-07-19T16:42:06.952+0000] {dagbag.py:541} INFO - Filling up the DagBag from /home/airflow/.local/lib/python3.7/site-packages/airflow/example_dags/example_task_group_decorator.py
[2023-07-19T16:42:06.963+0000] {processor.py:836} INFO - DAG(s) dict_keys(['example_task_group_decorator']) retrieved from /home/airflow/.local/lib/python3.7/site-packages/airflow/example_dags/example_task_group_decorator.py
[2023-07-19T16:42:06.989+0000] {logging_mixin.py:150} INFO - [2023-07-19T16:42:06.989+0000] {dag.py:2742} INFO - Sync 1 DAGs
[2023-07-19T16:42:07.008+0000] {logging_mixin.py:150} INFO - [2023-07-19T16:42:07.008+0000] {dag.py:3508} INFO - Setting next_dagrun for example_task_group_decorator to 2023-07-18T16:42:07.007901+00:00, run_after=2023-07-19T16:42:07.007901+00:00
[2023-07-19T16:42:07.015+0000] {processor.py:179} INFO - Processing /home/airflow/.local/lib/python3.7/site-packages/airflow/example_dags/example_task_group_decorator.py took 0.067 seconds
[2023-07-19T16:42:37.291+0000] {processor.py:157} INFO - Started process (PID=1085) to work on /home/airflow/.local/lib/python3.7/site-packages/airflow/example_dags/example_task_group_decorator.py
[2023-07-19T16:42:37.292+0000] {processor.py:826} INFO - Processing file /home/airflow/.local/lib/python3.7/site-packages/airflow/example_dags/example_task_group_decorator.py for tasks to queue
[2023-07-19T16:42:37.293+0000] {logging_mixin.py:150} INFO - [2023-07-19T16:42:37.292+0000] {dagbag.py:541} INFO - Filling up the DagBag from /home/airflow/.local/lib/python3.7/site-packages/airflow/example_dags/example_task_group_decorator.py
[2023-07-19T16:42:37.301+0000] {processor.py:836} INFO - DAG(s) dict_keys(['example_task_group_decorator']) retrieved from /home/airflow/.local/lib/python3.7/site-packages/airflow/example_dags/example_task_group_decorator.py
[2023-07-19T16:42:37.315+0000] {logging_mixin.py:150} INFO - [2023-07-19T16:42:37.315+0000] {dag.py:2742} INFO - Sync 1 DAGs
[2023-07-19T16:42:37.328+0000] {logging_mixin.py:150} INFO - [2023-07-19T16:42:37.328+0000] {dag.py:3508} INFO - Setting next_dagrun for example_task_group_decorator to 2023-07-18T16:42:37.328153+00:00, run_after=2023-07-19T16:42:37.328153+00:00
[2023-07-19T16:42:37.336+0000] {processor.py:179} INFO - Processing /home/airflow/.local/lib/python3.7/site-packages/airflow/example_dags/example_task_group_decorator.py took 0.047 seconds
[2023-07-19T16:43:07.955+0000] {processor.py:157} INFO - Started process (PID=1140) to work on /home/airflow/.local/lib/python3.7/site-packages/airflow/example_dags/example_task_group_decorator.py
[2023-07-19T16:43:07.955+0000] {processor.py:826} INFO - Processing file /home/airflow/.local/lib/python3.7/site-packages/airflow/example_dags/example_task_group_decorator.py for tasks to queue
[2023-07-19T16:43:07.955+0000] {logging_mixin.py:150} INFO - [2023-07-19T16:43:07.955+0000] {dagbag.py:541} INFO - Filling up the DagBag from /home/airflow/.local/lib/python3.7/site-packages/airflow/example_dags/example_task_group_decorator.py
[2023-07-19T16:43:07.970+0000] {processor.py:836} INFO - DAG(s) dict_keys(['example_task_group_decorator']) retrieved from /home/airflow/.local/lib/python3.7/site-packages/airflow/example_dags/example_task_group_decorator.py
[2023-07-19T16:43:07.996+0000] {logging_mixin.py:150} INFO - [2023-07-19T16:43:07.996+0000] {dag.py:2742} INFO - Sync 1 DAGs
[2023-07-19T16:43:08.008+0000] {logging_mixin.py:150} INFO - [2023-07-19T16:43:08.008+0000] {dag.py:3508} INFO - Setting next_dagrun for example_task_group_decorator to 2023-07-18T16:43:08.008411+00:00, run_after=2023-07-19T16:43:08.008411+00:00
[2023-07-19T16:43:08.016+0000] {processor.py:179} INFO - Processing /home/airflow/.local/lib/python3.7/site-packages/airflow/example_dags/example_task_group_decorator.py took 0.064 seconds
[2023-07-19T16:43:38.484+0000] {processor.py:157} INFO - Started process (PID=1196) to work on /home/airflow/.local/lib/python3.7/site-packages/airflow/example_dags/example_task_group_decorator.py
[2023-07-19T16:43:38.484+0000] {processor.py:826} INFO - Processing file /home/airflow/.local/lib/python3.7/site-packages/airflow/example_dags/example_task_group_decorator.py for tasks to queue
[2023-07-19T16:43:38.485+0000] {logging_mixin.py:150} INFO - [2023-07-19T16:43:38.485+0000] {dagbag.py:541} INFO - Filling up the DagBag from /home/airflow/.local/lib/python3.7/site-packages/airflow/example_dags/example_task_group_decorator.py
[2023-07-19T16:43:38.493+0000] {processor.py:836} INFO - DAG(s) dict_keys(['example_task_group_decorator']) retrieved from /home/airflow/.local/lib/python3.7/site-packages/airflow/example_dags/example_task_group_decorator.py
[2023-07-19T16:43:38.507+0000] {logging_mixin.py:150} INFO - [2023-07-19T16:43:38.507+0000] {dag.py:2742} INFO - Sync 1 DAGs
[2023-07-19T16:43:38.520+0000] {logging_mixin.py:150} INFO - [2023-07-19T16:43:38.520+0000] {dag.py:3508} INFO - Setting next_dagrun for example_task_group_decorator to 2023-07-18T16:43:38.520086+00:00, run_after=2023-07-19T16:43:38.520086+00:00
[2023-07-19T16:43:38.527+0000] {processor.py:179} INFO - Processing /home/airflow/.local/lib/python3.7/site-packages/airflow/example_dags/example_task_group_decorator.py took 0.045 seconds
[2023-07-19T16:44:08.859+0000] {processor.py:157} INFO - Started process (PID=1251) to work on /home/airflow/.local/lib/python3.7/site-packages/airflow/example_dags/example_task_group_decorator.py
[2023-07-19T16:44:08.865+0000] {processor.py:826} INFO - Processing file /home/airflow/.local/lib/python3.7/site-packages/airflow/example_dags/example_task_group_decorator.py for tasks to queue
[2023-07-19T16:44:08.865+0000] {logging_mixin.py:150} INFO - [2023-07-19T16:44:08.865+0000] {dagbag.py:541} INFO - Filling up the DagBag from /home/airflow/.local/lib/python3.7/site-packages/airflow/example_dags/example_task_group_decorator.py
[2023-07-19T16:44:08.879+0000] {processor.py:836} INFO - DAG(s) dict_keys(['example_task_group_decorator']) retrieved from /home/airflow/.local/lib/python3.7/site-packages/airflow/example_dags/example_task_group_decorator.py
[2023-07-19T16:44:08.908+0000] {logging_mixin.py:150} INFO - [2023-07-19T16:44:08.908+0000] {dag.py:2742} INFO - Sync 1 DAGs
[2023-07-19T16:44:08.933+0000] {logging_mixin.py:150} INFO - [2023-07-19T16:44:08.933+0000] {dag.py:3508} INFO - Setting next_dagrun for example_task_group_decorator to 2023-07-18T16:44:08.932891+00:00, run_after=2023-07-19T16:44:08.932891+00:00
[2023-07-19T16:44:08.957+0000] {processor.py:179} INFO - Processing /home/airflow/.local/lib/python3.7/site-packages/airflow/example_dags/example_task_group_decorator.py took 0.100 seconds
[2023-07-19T16:44:39.207+0000] {processor.py:157} INFO - Started process (PID=1306) to work on /home/airflow/.local/lib/python3.7/site-packages/airflow/example_dags/example_task_group_decorator.py
[2023-07-19T16:44:39.211+0000] {processor.py:826} INFO - Processing file /home/airflow/.local/lib/python3.7/site-packages/airflow/example_dags/example_task_group_decorator.py for tasks to queue
[2023-07-19T16:44:39.211+0000] {logging_mixin.py:150} INFO - [2023-07-19T16:44:39.211+0000] {dagbag.py:541} INFO - Filling up the DagBag from /home/airflow/.local/lib/python3.7/site-packages/airflow/example_dags/example_task_group_decorator.py
[2023-07-19T16:44:39.220+0000] {processor.py:836} INFO - DAG(s) dict_keys(['example_task_group_decorator']) retrieved from /home/airflow/.local/lib/python3.7/site-packages/airflow/example_dags/example_task_group_decorator.py
[2023-07-19T16:44:39.248+0000] {logging_mixin.py:150} INFO - [2023-07-19T16:44:39.248+0000] {dag.py:2742} INFO - Sync 1 DAGs
[2023-07-19T16:44:39.260+0000] {logging_mixin.py:150} INFO - [2023-07-19T16:44:39.260+0000] {dag.py:3508} INFO - Setting next_dagrun for example_task_group_decorator to 2023-07-18T16:44:39.259840+00:00, run_after=2023-07-19T16:44:39.259840+00:00
[2023-07-19T16:44:39.269+0000] {processor.py:179} INFO - Processing /home/airflow/.local/lib/python3.7/site-packages/airflow/example_dags/example_task_group_decorator.py took 0.064 seconds
[2023-07-19T16:45:09.667+0000] {processor.py:157} INFO - Started process (PID=1361) to work on /home/airflow/.local/lib/python3.7/site-packages/airflow/example_dags/example_task_group_decorator.py
[2023-07-19T16:45:09.668+0000] {processor.py:826} INFO - Processing file /home/airflow/.local/lib/python3.7/site-packages/airflow/example_dags/example_task_group_decorator.py for tasks to queue
[2023-07-19T16:45:09.668+0000] {logging_mixin.py:150} INFO - [2023-07-19T16:45:09.668+0000] {dagbag.py:541} INFO - Filling up the DagBag from /home/airflow/.local/lib/python3.7/site-packages/airflow/example_dags/example_task_group_decorator.py
[2023-07-19T16:45:09.684+0000] {processor.py:836} INFO - DAG(s) dict_keys(['example_task_group_decorator']) retrieved from /home/airflow/.local/lib/python3.7/site-packages/airflow/example_dags/example_task_group_decorator.py
[2023-07-19T16:45:09.716+0000] {logging_mixin.py:150} INFO - [2023-07-19T16:45:09.716+0000] {dag.py:2742} INFO - Sync 1 DAGs
[2023-07-19T16:45:09.752+0000] {logging_mixin.py:150} INFO - [2023-07-19T16:45:09.752+0000] {dag.py:3508} INFO - Setting next_dagrun for example_task_group_decorator to 2023-07-18T16:45:09.752375+00:00, run_after=2023-07-19T16:45:09.752375+00:00
[2023-07-19T16:45:09.764+0000] {processor.py:179} INFO - Processing /home/airflow/.local/lib/python3.7/site-packages/airflow/example_dags/example_task_group_decorator.py took 0.105 seconds
[2023-07-19T16:45:40.264+0000] {processor.py:157} INFO - Started process (PID=1416) to work on /home/airflow/.local/lib/python3.7/site-packages/airflow/example_dags/example_task_group_decorator.py
[2023-07-19T16:45:40.264+0000] {processor.py:826} INFO - Processing file /home/airflow/.local/lib/python3.7/site-packages/airflow/example_dags/example_task_group_decorator.py for tasks to queue
[2023-07-19T16:45:40.265+0000] {logging_mixin.py:150} INFO - [2023-07-19T16:45:40.265+0000] {dagbag.py:541} INFO - Filling up the DagBag from /home/airflow/.local/lib/python3.7/site-packages/airflow/example_dags/example_task_group_decorator.py
[2023-07-19T16:45:40.277+0000] {processor.py:836} INFO - DAG(s) dict_keys(['example_task_group_decorator']) retrieved from /home/airflow/.local/lib/python3.7/site-packages/airflow/example_dags/example_task_group_decorator.py
[2023-07-19T16:45:40.296+0000] {logging_mixin.py:150} INFO - [2023-07-19T16:45:40.296+0000] {dag.py:2742} INFO - Sync 1 DAGs
[2023-07-19T16:45:40.313+0000] {logging_mixin.py:150} INFO - [2023-07-19T16:45:40.313+0000] {dag.py:3508} INFO - Setting next_dagrun for example_task_group_decorator to 2023-07-18T16:45:40.310751+00:00, run_after=2023-07-19T16:45:40.310751+00:00
[2023-07-19T16:45:40.320+0000] {processor.py:179} INFO - Processing /home/airflow/.local/lib/python3.7/site-packages/airflow/example_dags/example_task_group_decorator.py took 0.058 seconds
[2023-07-19T16:46:11.071+0000] {processor.py:157} INFO - Started process (PID=1471) to work on /home/airflow/.local/lib/python3.7/site-packages/airflow/example_dags/example_task_group_decorator.py
[2023-07-19T16:46:11.071+0000] {processor.py:826} INFO - Processing file /home/airflow/.local/lib/python3.7/site-packages/airflow/example_dags/example_task_group_decorator.py for tasks to queue
[2023-07-19T16:46:11.072+0000] {logging_mixin.py:150} INFO - [2023-07-19T16:46:11.072+0000] {dagbag.py:541} INFO - Filling up the DagBag from /home/airflow/.local/lib/python3.7/site-packages/airflow/example_dags/example_task_group_decorator.py
[2023-07-19T16:46:11.086+0000] {processor.py:836} INFO - DAG(s) dict_keys(['example_task_group_decorator']) retrieved from /home/airflow/.local/lib/python3.7/site-packages/airflow/example_dags/example_task_group_decorator.py
[2023-07-19T16:46:11.108+0000] {logging_mixin.py:150} INFO - [2023-07-19T16:46:11.108+0000] {dag.py:2742} INFO - Sync 1 DAGs
[2023-07-19T16:46:11.121+0000] {logging_mixin.py:150} INFO - [2023-07-19T16:46:11.121+0000] {dag.py:3508} INFO - Setting next_dagrun for example_task_group_decorator to 2023-07-18T16:46:11.121257+00:00, run_after=2023-07-19T16:46:11.121257+00:00
[2023-07-19T16:46:11.133+0000] {processor.py:179} INFO - Processing /home/airflow/.local/lib/python3.7/site-packages/airflow/example_dags/example_task_group_decorator.py took 0.066 seconds
[2023-07-19T16:46:41.982+0000] {processor.py:157} INFO - Started process (PID=1526) to work on /home/airflow/.local/lib/python3.7/site-packages/airflow/example_dags/example_task_group_decorator.py
[2023-07-19T16:46:41.983+0000] {processor.py:826} INFO - Processing file /home/airflow/.local/lib/python3.7/site-packages/airflow/example_dags/example_task_group_decorator.py for tasks to queue
[2023-07-19T16:46:41.983+0000] {logging_mixin.py:150} INFO - [2023-07-19T16:46:41.983+0000] {dagbag.py:541} INFO - Filling up the DagBag from /home/airflow/.local/lib/python3.7/site-packages/airflow/example_dags/example_task_group_decorator.py
[2023-07-19T16:46:41.998+0000] {processor.py:836} INFO - DAG(s) dict_keys(['example_task_group_decorator']) retrieved from /home/airflow/.local/lib/python3.7/site-packages/airflow/example_dags/example_task_group_decorator.py
[2023-07-19T16:46:42.016+0000] {logging_mixin.py:150} INFO - [2023-07-19T16:46:42.016+0000] {dag.py:2742} INFO - Sync 1 DAGs
[2023-07-19T16:46:42.029+0000] {logging_mixin.py:150} INFO - [2023-07-19T16:46:42.029+0000] {dag.py:3508} INFO - Setting next_dagrun for example_task_group_decorator to 2023-07-18T16:46:42.029245+00:00, run_after=2023-07-19T16:46:42.029245+00:00
[2023-07-19T16:46:42.039+0000] {processor.py:179} INFO - Processing /home/airflow/.local/lib/python3.7/site-packages/airflow/example_dags/example_task_group_decorator.py took 0.059 seconds
[2023-07-19T16:47:12.758+0000] {processor.py:157} INFO - Started process (PID=1581) to work on /home/airflow/.local/lib/python3.7/site-packages/airflow/example_dags/example_task_group_decorator.py
[2023-07-19T16:47:12.758+0000] {processor.py:826} INFO - Processing file /home/airflow/.local/lib/python3.7/site-packages/airflow/example_dags/example_task_group_decorator.py for tasks to queue
[2023-07-19T16:47:12.759+0000] {logging_mixin.py:150} INFO - [2023-07-19T16:47:12.759+0000] {dagbag.py:541} INFO - Filling up the DagBag from /home/airflow/.local/lib/python3.7/site-packages/airflow/example_dags/example_task_group_decorator.py
[2023-07-19T16:47:12.767+0000] {processor.py:836} INFO - DAG(s) dict_keys(['example_task_group_decorator']) retrieved from /home/airflow/.local/lib/python3.7/site-packages/airflow/example_dags/example_task_group_decorator.py
[2023-07-19T16:47:12.783+0000] {logging_mixin.py:150} INFO - [2023-07-19T16:47:12.783+0000] {dag.py:2742} INFO - Sync 1 DAGs
[2023-07-19T16:47:12.795+0000] {logging_mixin.py:150} INFO - [2023-07-19T16:47:12.795+0000] {dag.py:3508} INFO - Setting next_dagrun for example_task_group_decorator to 2023-07-18T16:47:12.795101+00:00, run_after=2023-07-19T16:47:12.795101+00:00
[2023-07-19T16:47:12.803+0000] {processor.py:179} INFO - Processing /home/airflow/.local/lib/python3.7/site-packages/airflow/example_dags/example_task_group_decorator.py took 0.046 seconds
[2023-07-19T16:47:42.889+0000] {processor.py:157} INFO - Started process (PID=1635) to work on /home/airflow/.local/lib/python3.7/site-packages/airflow/example_dags/example_task_group_decorator.py
[2023-07-19T16:47:42.890+0000] {processor.py:826} INFO - Processing file /home/airflow/.local/lib/python3.7/site-packages/airflow/example_dags/example_task_group_decorator.py for tasks to queue
[2023-07-19T16:47:42.890+0000] {logging_mixin.py:150} INFO - [2023-07-19T16:47:42.890+0000] {dagbag.py:541} INFO - Filling up the DagBag from /home/airflow/.local/lib/python3.7/site-packages/airflow/example_dags/example_task_group_decorator.py
[2023-07-19T16:47:42.902+0000] {processor.py:836} INFO - DAG(s) dict_keys(['example_task_group_decorator']) retrieved from /home/airflow/.local/lib/python3.7/site-packages/airflow/example_dags/example_task_group_decorator.py
[2023-07-19T16:47:42.920+0000] {logging_mixin.py:150} INFO - [2023-07-19T16:47:42.920+0000] {dag.py:2742} INFO - Sync 1 DAGs
[2023-07-19T16:47:42.933+0000] {logging_mixin.py:150} INFO - [2023-07-19T16:47:42.933+0000] {dag.py:3508} INFO - Setting next_dagrun for example_task_group_decorator to 2023-07-18T16:47:42.933619+00:00, run_after=2023-07-19T16:47:42.933619+00:00
[2023-07-19T16:47:42.944+0000] {processor.py:179} INFO - Processing /home/airflow/.local/lib/python3.7/site-packages/airflow/example_dags/example_task_group_decorator.py took 0.057 seconds
[2023-07-19T16:48:13.305+0000] {processor.py:157} INFO - Started process (PID=1690) to work on /home/airflow/.local/lib/python3.7/site-packages/airflow/example_dags/example_task_group_decorator.py
[2023-07-19T16:48:13.306+0000] {processor.py:826} INFO - Processing file /home/airflow/.local/lib/python3.7/site-packages/airflow/example_dags/example_task_group_decorator.py for tasks to queue
[2023-07-19T16:48:13.306+0000] {logging_mixin.py:150} INFO - [2023-07-19T16:48:13.306+0000] {dagbag.py:541} INFO - Filling up the DagBag from /home/airflow/.local/lib/python3.7/site-packages/airflow/example_dags/example_task_group_decorator.py
[2023-07-19T16:48:13.320+0000] {processor.py:836} INFO - DAG(s) dict_keys(['example_task_group_decorator']) retrieved from /home/airflow/.local/lib/python3.7/site-packages/airflow/example_dags/example_task_group_decorator.py
[2023-07-19T16:48:13.336+0000] {logging_mixin.py:150} INFO - [2023-07-19T16:48:13.336+0000] {dag.py:2742} INFO - Sync 1 DAGs
[2023-07-19T16:48:13.350+0000] {logging_mixin.py:150} INFO - [2023-07-19T16:48:13.349+0000] {dag.py:3508} INFO - Setting next_dagrun for example_task_group_decorator to 2023-07-18T16:48:13.349761+00:00, run_after=2023-07-19T16:48:13.349761+00:00
[2023-07-19T16:48:13.366+0000] {processor.py:179} INFO - Processing /home/airflow/.local/lib/python3.7/site-packages/airflow/example_dags/example_task_group_decorator.py took 0.064 seconds
[2023-07-19T16:48:43.677+0000] {processor.py:157} INFO - Started process (PID=1745) to work on /home/airflow/.local/lib/python3.7/site-packages/airflow/example_dags/example_task_group_decorator.py
[2023-07-19T16:48:43.678+0000] {processor.py:826} INFO - Processing file /home/airflow/.local/lib/python3.7/site-packages/airflow/example_dags/example_task_group_decorator.py for tasks to queue
[2023-07-19T16:48:43.678+0000] {logging_mixin.py:150} INFO - [2023-07-19T16:48:43.678+0000] {dagbag.py:541} INFO - Filling up the DagBag from /home/airflow/.local/lib/python3.7/site-packages/airflow/example_dags/example_task_group_decorator.py
[2023-07-19T16:48:43.696+0000] {processor.py:836} INFO - DAG(s) dict_keys(['example_task_group_decorator']) retrieved from /home/airflow/.local/lib/python3.7/site-packages/airflow/example_dags/example_task_group_decorator.py
[2023-07-19T16:48:43.741+0000] {logging_mixin.py:150} INFO - [2023-07-19T16:48:43.740+0000] {dag.py:2742} INFO - Sync 1 DAGs
[2023-07-19T16:48:43.780+0000] {logging_mixin.py:150} INFO - [2023-07-19T16:48:43.780+0000] {dag.py:3508} INFO - Setting next_dagrun for example_task_group_decorator to 2023-07-18T16:48:43.780245+00:00, run_after=2023-07-19T16:48:43.780245+00:00
[2023-07-19T16:48:43.837+0000] {processor.py:179} INFO - Processing /home/airflow/.local/lib/python3.7/site-packages/airflow/example_dags/example_task_group_decorator.py took 0.163 seconds
[2023-07-19T16:49:13.883+0000] {processor.py:157} INFO - Started process (PID=1800) to work on /home/airflow/.local/lib/python3.7/site-packages/airflow/example_dags/example_task_group_decorator.py
[2023-07-19T16:49:13.883+0000] {processor.py:826} INFO - Processing file /home/airflow/.local/lib/python3.7/site-packages/airflow/example_dags/example_task_group_decorator.py for tasks to queue
[2023-07-19T16:49:13.884+0000] {logging_mixin.py:150} INFO - [2023-07-19T16:49:13.883+0000] {dagbag.py:541} INFO - Filling up the DagBag from /home/airflow/.local/lib/python3.7/site-packages/airflow/example_dags/example_task_group_decorator.py
[2023-07-19T16:49:13.898+0000] {processor.py:836} INFO - DAG(s) dict_keys(['example_task_group_decorator']) retrieved from /home/airflow/.local/lib/python3.7/site-packages/airflow/example_dags/example_task_group_decorator.py
[2023-07-19T16:49:13.920+0000] {logging_mixin.py:150} INFO - [2023-07-19T16:49:13.920+0000] {dag.py:2742} INFO - Sync 1 DAGs
[2023-07-19T16:49:13.935+0000] {logging_mixin.py:150} INFO - [2023-07-19T16:49:13.935+0000] {dag.py:3508} INFO - Setting next_dagrun for example_task_group_decorator to 2023-07-18T16:49:13.935022+00:00, run_after=2023-07-19T16:49:13.935022+00:00
[2023-07-19T16:49:13.976+0000] {processor.py:179} INFO - Processing /home/airflow/.local/lib/python3.7/site-packages/airflow/example_dags/example_task_group_decorator.py took 0.096 seconds
[2023-07-19T16:49:44.279+0000] {processor.py:157} INFO - Started process (PID=1855) to work on /home/airflow/.local/lib/python3.7/site-packages/airflow/example_dags/example_task_group_decorator.py
[2023-07-19T16:49:44.279+0000] {processor.py:826} INFO - Processing file /home/airflow/.local/lib/python3.7/site-packages/airflow/example_dags/example_task_group_decorator.py for tasks to queue
[2023-07-19T16:49:44.280+0000] {logging_mixin.py:150} INFO - [2023-07-19T16:49:44.279+0000] {dagbag.py:541} INFO - Filling up the DagBag from /home/airflow/.local/lib/python3.7/site-packages/airflow/example_dags/example_task_group_decorator.py
[2023-07-19T16:49:44.287+0000] {processor.py:836} INFO - DAG(s) dict_keys(['example_task_group_decorator']) retrieved from /home/airflow/.local/lib/python3.7/site-packages/airflow/example_dags/example_task_group_decorator.py
[2023-07-19T16:49:44.302+0000] {logging_mixin.py:150} INFO - [2023-07-19T16:49:44.302+0000] {dag.py:2742} INFO - Sync 1 DAGs
[2023-07-19T16:49:44.316+0000] {logging_mixin.py:150} INFO - [2023-07-19T16:49:44.316+0000] {dag.py:3508} INFO - Setting next_dagrun for example_task_group_decorator to 2023-07-18T16:49:44.316514+00:00, run_after=2023-07-19T16:49:44.316514+00:00
[2023-07-19T16:49:44.327+0000] {processor.py:179} INFO - Processing /home/airflow/.local/lib/python3.7/site-packages/airflow/example_dags/example_task_group_decorator.py took 0.051 seconds
[2023-07-19T16:50:14.762+0000] {processor.py:157} INFO - Started process (PID=1910) to work on /home/airflow/.local/lib/python3.7/site-packages/airflow/example_dags/example_task_group_decorator.py
[2023-07-19T16:50:14.764+0000] {processor.py:826} INFO - Processing file /home/airflow/.local/lib/python3.7/site-packages/airflow/example_dags/example_task_group_decorator.py for tasks to queue
[2023-07-19T16:50:14.764+0000] {logging_mixin.py:150} INFO - [2023-07-19T16:50:14.764+0000] {dagbag.py:541} INFO - Filling up the DagBag from /home/airflow/.local/lib/python3.7/site-packages/airflow/example_dags/example_task_group_decorator.py
[2023-07-19T16:50:14.815+0000] {processor.py:836} INFO - DAG(s) dict_keys(['example_task_group_decorator']) retrieved from /home/airflow/.local/lib/python3.7/site-packages/airflow/example_dags/example_task_group_decorator.py
[2023-07-19T16:50:14.881+0000] {logging_mixin.py:150} INFO - [2023-07-19T16:50:14.881+0000] {dag.py:2742} INFO - Sync 1 DAGs
[2023-07-19T16:50:14.916+0000] {logging_mixin.py:150} INFO - [2023-07-19T16:50:14.916+0000] {dag.py:3508} INFO - Setting next_dagrun for example_task_group_decorator to 2023-07-18T16:50:14.916255+00:00, run_after=2023-07-19T16:50:14.916255+00:00
[2023-07-19T16:50:14.934+0000] {processor.py:179} INFO - Processing /home/airflow/.local/lib/python3.7/site-packages/airflow/example_dags/example_task_group_decorator.py took 0.175 seconds
[2023-07-19T16:50:45.318+0000] {processor.py:157} INFO - Started process (PID=1965) to work on /home/airflow/.local/lib/python3.7/site-packages/airflow/example_dags/example_task_group_decorator.py
[2023-07-19T16:50:45.326+0000] {processor.py:826} INFO - Processing file /home/airflow/.local/lib/python3.7/site-packages/airflow/example_dags/example_task_group_decorator.py for tasks to queue
[2023-07-19T16:50:45.326+0000] {logging_mixin.py:150} INFO - [2023-07-19T16:50:45.326+0000] {dagbag.py:541} INFO - Filling up the DagBag from /home/airflow/.local/lib/python3.7/site-packages/airflow/example_dags/example_task_group_decorator.py
[2023-07-19T16:50:45.337+0000] {processor.py:836} INFO - DAG(s) dict_keys(['example_task_group_decorator']) retrieved from /home/airflow/.local/lib/python3.7/site-packages/airflow/example_dags/example_task_group_decorator.py
[2023-07-19T16:50:45.390+0000] {logging_mixin.py:150} INFO - [2023-07-19T16:50:45.390+0000] {dag.py:2742} INFO - Sync 1 DAGs
[2023-07-19T16:50:45.402+0000] {logging_mixin.py:150} INFO - [2023-07-19T16:50:45.402+0000] {dag.py:3508} INFO - Setting next_dagrun for example_task_group_decorator to 2023-07-18T16:50:45.402530+00:00, run_after=2023-07-19T16:50:45.402530+00:00
[2023-07-19T16:50:45.414+0000] {processor.py:179} INFO - Processing /home/airflow/.local/lib/python3.7/site-packages/airflow/example_dags/example_task_group_decorator.py took 0.098 seconds
[2023-07-19T16:51:15.862+0000] {processor.py:157} INFO - Started process (PID=2020) to work on /home/airflow/.local/lib/python3.7/site-packages/airflow/example_dags/example_task_group_decorator.py
[2023-07-19T16:51:15.868+0000] {processor.py:826} INFO - Processing file /home/airflow/.local/lib/python3.7/site-packages/airflow/example_dags/example_task_group_decorator.py for tasks to queue
[2023-07-19T16:51:15.869+0000] {logging_mixin.py:150} INFO - [2023-07-19T16:51:15.868+0000] {dagbag.py:541} INFO - Filling up the DagBag from /home/airflow/.local/lib/python3.7/site-packages/airflow/example_dags/example_task_group_decorator.py
[2023-07-19T16:51:15.880+0000] {processor.py:836} INFO - DAG(s) dict_keys(['example_task_group_decorator']) retrieved from /home/airflow/.local/lib/python3.7/site-packages/airflow/example_dags/example_task_group_decorator.py
[2023-07-19T16:51:15.911+0000] {logging_mixin.py:150} INFO - [2023-07-19T16:51:15.909+0000] {dag.py:2742} INFO - Sync 1 DAGs
[2023-07-19T16:51:15.939+0000] {logging_mixin.py:150} INFO - [2023-07-19T16:51:15.939+0000] {dag.py:3508} INFO - Setting next_dagrun for example_task_group_decorator to 2023-07-18T16:51:15.939679+00:00, run_after=2023-07-19T16:51:15.939679+00:00
[2023-07-19T16:51:15.955+0000] {processor.py:179} INFO - Processing /home/airflow/.local/lib/python3.7/site-packages/airflow/example_dags/example_task_group_decorator.py took 0.104 seconds
