[2023-07-19T16:32:49.583+0000] {processor.py:157} INFO - Started process (PID=32) to work on /home/airflow/.local/lib/python3.7/site-packages/airflow/example_dags/example_dynamic_task_mapping_with_no_taskflow_operators.py
[2023-07-19T16:32:49.584+0000] {processor.py:826} INFO - Processing file /home/airflow/.local/lib/python3.7/site-packages/airflow/example_dags/example_dynamic_task_mapping_with_no_taskflow_operators.py for tasks to queue
[2023-07-19T16:32:49.584+0000] {logging_mixin.py:150} INFO - [2023-07-19T16:32:49.584+0000] {dagbag.py:541} INFO - Filling up the DagBag from /home/airflow/.local/lib/python3.7/site-packages/airflow/example_dags/example_dynamic_task_mapping_with_no_taskflow_operators.py
[2023-07-19T16:32:49.620+0000] {processor.py:836} INFO - DAG(s) dict_keys(['example_dynamic_task_mapping_with_no_taskflow_operators']) retrieved from /home/airflow/.local/lib/python3.7/site-packages/airflow/example_dags/example_dynamic_task_mapping_with_no_taskflow_operators.py
[2023-07-19T16:32:49.677+0000] {logging_mixin.py:150} INFO - [2023-07-19T16:32:49.677+0000] {dag.py:2742} INFO - Sync 1 DAGs
[2023-07-19T16:32:49.715+0000] {logging_mixin.py:150} INFO - [2023-07-19T16:32:49.714+0000] {dag.py:3508} INFO - Setting next_dagrun for example_dynamic_task_mapping_with_no_taskflow_operators to 2023-07-18T16:32:49.714681+00:00, run_after=2023-07-19T16:32:49.714681+00:00
[2023-07-19T16:32:49.731+0000] {processor.py:179} INFO - Processing /home/airflow/.local/lib/python3.7/site-packages/airflow/example_dags/example_dynamic_task_mapping_with_no_taskflow_operators.py took 0.164 seconds
[2023-07-19T16:33:19.809+0000] {processor.py:157} INFO - Started process (PID=87) to work on /home/airflow/.local/lib/python3.7/site-packages/airflow/example_dags/example_dynamic_task_mapping_with_no_taskflow_operators.py
[2023-07-19T16:33:19.814+0000] {processor.py:826} INFO - Processing file /home/airflow/.local/lib/python3.7/site-packages/airflow/example_dags/example_dynamic_task_mapping_with_no_taskflow_operators.py for tasks to queue
[2023-07-19T16:33:19.825+0000] {logging_mixin.py:150} INFO - [2023-07-19T16:33:19.817+0000] {dagbag.py:541} INFO - Filling up the DagBag from /home/airflow/.local/lib/python3.7/site-packages/airflow/example_dags/example_dynamic_task_mapping_with_no_taskflow_operators.py
[2023-07-19T16:33:19.859+0000] {processor.py:836} INFO - DAG(s) dict_keys(['example_dynamic_task_mapping_with_no_taskflow_operators']) retrieved from /home/airflow/.local/lib/python3.7/site-packages/airflow/example_dags/example_dynamic_task_mapping_with_no_taskflow_operators.py
[2023-07-19T16:33:19.923+0000] {logging_mixin.py:150} INFO - [2023-07-19T16:33:19.923+0000] {dag.py:2742} INFO - Sync 1 DAGs
[2023-07-19T16:33:19.976+0000] {logging_mixin.py:150} INFO - [2023-07-19T16:33:19.976+0000] {dag.py:3508} INFO - Setting next_dagrun for example_dynamic_task_mapping_with_no_taskflow_operators to 2023-07-18T16:33:19.975000+00:00, run_after=2023-07-19T16:33:19.975000+00:00
[2023-07-19T16:33:19.992+0000] {processor.py:179} INFO - Processing /home/airflow/.local/lib/python3.7/site-packages/airflow/example_dags/example_dynamic_task_mapping_with_no_taskflow_operators.py took 0.201 seconds
[2023-07-19T16:33:50.402+0000] {processor.py:157} INFO - Started process (PID=143) to work on /home/airflow/.local/lib/python3.7/site-packages/airflow/example_dags/example_dynamic_task_mapping_with_no_taskflow_operators.py
[2023-07-19T16:33:50.403+0000] {processor.py:826} INFO - Processing file /home/airflow/.local/lib/python3.7/site-packages/airflow/example_dags/example_dynamic_task_mapping_with_no_taskflow_operators.py for tasks to queue
[2023-07-19T16:33:50.405+0000] {logging_mixin.py:150} INFO - [2023-07-19T16:33:50.405+0000] {dagbag.py:541} INFO - Filling up the DagBag from /home/airflow/.local/lib/python3.7/site-packages/airflow/example_dags/example_dynamic_task_mapping_with_no_taskflow_operators.py
[2023-07-19T16:33:50.440+0000] {processor.py:836} INFO - DAG(s) dict_keys(['example_dynamic_task_mapping_with_no_taskflow_operators']) retrieved from /home/airflow/.local/lib/python3.7/site-packages/airflow/example_dags/example_dynamic_task_mapping_with_no_taskflow_operators.py
[2023-07-19T16:33:50.498+0000] {logging_mixin.py:150} INFO - [2023-07-19T16:33:50.497+0000] {dag.py:2742} INFO - Sync 1 DAGs
[2023-07-19T16:33:50.530+0000] {logging_mixin.py:150} INFO - [2023-07-19T16:33:50.530+0000] {dag.py:3508} INFO - Setting next_dagrun for example_dynamic_task_mapping_with_no_taskflow_operators to 2023-07-18T16:33:50.529494+00:00, run_after=2023-07-19T16:33:50.529494+00:00
[2023-07-19T16:33:50.546+0000] {processor.py:179} INFO - Processing /home/airflow/.local/lib/python3.7/site-packages/airflow/example_dags/example_dynamic_task_mapping_with_no_taskflow_operators.py took 0.155 seconds
[2023-07-19T16:34:21.392+0000] {processor.py:157} INFO - Started process (PID=197) to work on /home/airflow/.local/lib/python3.7/site-packages/airflow/example_dags/example_dynamic_task_mapping_with_no_taskflow_operators.py
[2023-07-19T16:34:21.393+0000] {processor.py:826} INFO - Processing file /home/airflow/.local/lib/python3.7/site-packages/airflow/example_dags/example_dynamic_task_mapping_with_no_taskflow_operators.py for tasks to queue
[2023-07-19T16:34:21.394+0000] {logging_mixin.py:150} INFO - [2023-07-19T16:34:21.394+0000] {dagbag.py:541} INFO - Filling up the DagBag from /home/airflow/.local/lib/python3.7/site-packages/airflow/example_dags/example_dynamic_task_mapping_with_no_taskflow_operators.py
[2023-07-19T16:34:21.403+0000] {processor.py:836} INFO - DAG(s) dict_keys(['example_dynamic_task_mapping_with_no_taskflow_operators']) retrieved from /home/airflow/.local/lib/python3.7/site-packages/airflow/example_dags/example_dynamic_task_mapping_with_no_taskflow_operators.py
[2023-07-19T16:34:21.454+0000] {logging_mixin.py:150} INFO - [2023-07-19T16:34:21.454+0000] {dag.py:2742} INFO - Sync 1 DAGs
[2023-07-19T16:34:21.483+0000] {logging_mixin.py:150} INFO - [2023-07-19T16:34:21.483+0000] {dag.py:3508} INFO - Setting next_dagrun for example_dynamic_task_mapping_with_no_taskflow_operators to 2023-07-18T16:34:21.482942+00:00, run_after=2023-07-19T16:34:21.482942+00:00
[2023-07-19T16:34:21.498+0000] {processor.py:179} INFO - Processing /home/airflow/.local/lib/python3.7/site-packages/airflow/example_dags/example_dynamic_task_mapping_with_no_taskflow_operators.py took 0.113 seconds
[2023-07-19T16:34:52.288+0000] {processor.py:157} INFO - Started process (PID=252) to work on /home/airflow/.local/lib/python3.7/site-packages/airflow/example_dags/example_dynamic_task_mapping_with_no_taskflow_operators.py
[2023-07-19T16:34:52.289+0000] {processor.py:826} INFO - Processing file /home/airflow/.local/lib/python3.7/site-packages/airflow/example_dags/example_dynamic_task_mapping_with_no_taskflow_operators.py for tasks to queue
[2023-07-19T16:34:52.290+0000] {logging_mixin.py:150} INFO - [2023-07-19T16:34:52.289+0000] {dagbag.py:541} INFO - Filling up the DagBag from /home/airflow/.local/lib/python3.7/site-packages/airflow/example_dags/example_dynamic_task_mapping_with_no_taskflow_operators.py
[2023-07-19T16:34:52.300+0000] {processor.py:836} INFO - DAG(s) dict_keys(['example_dynamic_task_mapping_with_no_taskflow_operators']) retrieved from /home/airflow/.local/lib/python3.7/site-packages/airflow/example_dags/example_dynamic_task_mapping_with_no_taskflow_operators.py
[2023-07-19T16:34:52.324+0000] {logging_mixin.py:150} INFO - [2023-07-19T16:34:52.324+0000] {dag.py:2742} INFO - Sync 1 DAGs
[2023-07-19T16:34:52.344+0000] {logging_mixin.py:150} INFO - [2023-07-19T16:34:52.344+0000] {dag.py:3508} INFO - Setting next_dagrun for example_dynamic_task_mapping_with_no_taskflow_operators to 2023-07-18T16:34:52.344135+00:00, run_after=2023-07-19T16:34:52.344135+00:00
[2023-07-19T16:34:52.354+0000] {processor.py:179} INFO - Processing /home/airflow/.local/lib/python3.7/site-packages/airflow/example_dags/example_dynamic_task_mapping_with_no_taskflow_operators.py took 0.076 seconds
[2023-07-19T16:35:23.272+0000] {processor.py:157} INFO - Started process (PID=307) to work on /home/airflow/.local/lib/python3.7/site-packages/airflow/example_dags/example_dynamic_task_mapping_with_no_taskflow_operators.py
[2023-07-19T16:35:23.275+0000] {processor.py:826} INFO - Processing file /home/airflow/.local/lib/python3.7/site-packages/airflow/example_dags/example_dynamic_task_mapping_with_no_taskflow_operators.py for tasks to queue
[2023-07-19T16:35:23.278+0000] {logging_mixin.py:150} INFO - [2023-07-19T16:35:23.276+0000] {dagbag.py:541} INFO - Filling up the DagBag from /home/airflow/.local/lib/python3.7/site-packages/airflow/example_dags/example_dynamic_task_mapping_with_no_taskflow_operators.py
[2023-07-19T16:35:23.331+0000] {processor.py:836} INFO - DAG(s) dict_keys(['example_dynamic_task_mapping_with_no_taskflow_operators']) retrieved from /home/airflow/.local/lib/python3.7/site-packages/airflow/example_dags/example_dynamic_task_mapping_with_no_taskflow_operators.py
[2023-07-19T16:35:23.358+0000] {logging_mixin.py:150} INFO - [2023-07-19T16:35:23.357+0000] {dag.py:2742} INFO - Sync 1 DAGs
[2023-07-19T16:35:23.404+0000] {logging_mixin.py:150} INFO - [2023-07-19T16:35:23.404+0000] {dag.py:3508} INFO - Setting next_dagrun for example_dynamic_task_mapping_with_no_taskflow_operators to 2023-07-18T16:35:23.403619+00:00, run_after=2023-07-19T16:35:23.403619+00:00
[2023-07-19T16:35:23.446+0000] {processor.py:179} INFO - Processing /home/airflow/.local/lib/python3.7/site-packages/airflow/example_dags/example_dynamic_task_mapping_with_no_taskflow_operators.py took 0.187 seconds
[2023-07-19T16:35:53.779+0000] {processor.py:157} INFO - Started process (PID=363) to work on /home/airflow/.local/lib/python3.7/site-packages/airflow/example_dags/example_dynamic_task_mapping_with_no_taskflow_operators.py
[2023-07-19T16:35:53.781+0000] {processor.py:826} INFO - Processing file /home/airflow/.local/lib/python3.7/site-packages/airflow/example_dags/example_dynamic_task_mapping_with_no_taskflow_operators.py for tasks to queue
[2023-07-19T16:35:53.789+0000] {logging_mixin.py:150} INFO - [2023-07-19T16:35:53.789+0000] {dagbag.py:541} INFO - Filling up the DagBag from /home/airflow/.local/lib/python3.7/site-packages/airflow/example_dags/example_dynamic_task_mapping_with_no_taskflow_operators.py
[2023-07-19T16:35:53.798+0000] {processor.py:836} INFO - DAG(s) dict_keys(['example_dynamic_task_mapping_with_no_taskflow_operators']) retrieved from /home/airflow/.local/lib/python3.7/site-packages/airflow/example_dags/example_dynamic_task_mapping_with_no_taskflow_operators.py
[2023-07-19T16:35:53.834+0000] {logging_mixin.py:150} INFO - [2023-07-19T16:35:53.834+0000] {dag.py:2742} INFO - Sync 1 DAGs
[2023-07-19T16:35:53.863+0000] {logging_mixin.py:150} INFO - [2023-07-19T16:35:53.863+0000] {dag.py:3508} INFO - Setting next_dagrun for example_dynamic_task_mapping_with_no_taskflow_operators to 2023-07-18T16:35:53.862881+00:00, run_after=2023-07-19T16:35:53.862881+00:00
[2023-07-19T16:35:53.873+0000] {processor.py:179} INFO - Processing /home/airflow/.local/lib/python3.7/site-packages/airflow/example_dags/example_dynamic_task_mapping_with_no_taskflow_operators.py took 0.100 seconds
[2023-07-19T16:36:24.092+0000] {processor.py:157} INFO - Started process (PID=418) to work on /home/airflow/.local/lib/python3.7/site-packages/airflow/example_dags/example_dynamic_task_mapping_with_no_taskflow_operators.py
[2023-07-19T16:36:24.101+0000] {processor.py:826} INFO - Processing file /home/airflow/.local/lib/python3.7/site-packages/airflow/example_dags/example_dynamic_task_mapping_with_no_taskflow_operators.py for tasks to queue
[2023-07-19T16:36:24.102+0000] {logging_mixin.py:150} INFO - [2023-07-19T16:36:24.101+0000] {dagbag.py:541} INFO - Filling up the DagBag from /home/airflow/.local/lib/python3.7/site-packages/airflow/example_dags/example_dynamic_task_mapping_with_no_taskflow_operators.py
[2023-07-19T16:36:24.146+0000] {processor.py:836} INFO - DAG(s) dict_keys(['example_dynamic_task_mapping_with_no_taskflow_operators']) retrieved from /home/airflow/.local/lib/python3.7/site-packages/airflow/example_dags/example_dynamic_task_mapping_with_no_taskflow_operators.py
[2023-07-19T16:36:24.235+0000] {logging_mixin.py:150} INFO - [2023-07-19T16:36:24.235+0000] {dag.py:2742} INFO - Sync 1 DAGs
[2023-07-19T16:36:24.292+0000] {logging_mixin.py:150} INFO - [2023-07-19T16:36:24.292+0000] {dag.py:3508} INFO - Setting next_dagrun for example_dynamic_task_mapping_with_no_taskflow_operators to 2023-07-18T16:36:24.292497+00:00, run_after=2023-07-19T16:36:24.292497+00:00
[2023-07-19T16:36:24.319+0000] {processor.py:179} INFO - Processing /home/airflow/.local/lib/python3.7/site-packages/airflow/example_dags/example_dynamic_task_mapping_with_no_taskflow_operators.py took 0.243 seconds
[2023-07-19T16:36:54.455+0000] {processor.py:157} INFO - Started process (PID=474) to work on /home/airflow/.local/lib/python3.7/site-packages/airflow/example_dags/example_dynamic_task_mapping_with_no_taskflow_operators.py
[2023-07-19T16:36:54.455+0000] {processor.py:826} INFO - Processing file /home/airflow/.local/lib/python3.7/site-packages/airflow/example_dags/example_dynamic_task_mapping_with_no_taskflow_operators.py for tasks to queue
[2023-07-19T16:36:54.456+0000] {logging_mixin.py:150} INFO - [2023-07-19T16:36:54.456+0000] {dagbag.py:541} INFO - Filling up the DagBag from /home/airflow/.local/lib/python3.7/site-packages/airflow/example_dags/example_dynamic_task_mapping_with_no_taskflow_operators.py
[2023-07-19T16:36:54.470+0000] {processor.py:836} INFO - DAG(s) dict_keys(['example_dynamic_task_mapping_with_no_taskflow_operators']) retrieved from /home/airflow/.local/lib/python3.7/site-packages/airflow/example_dags/example_dynamic_task_mapping_with_no_taskflow_operators.py
[2023-07-19T16:36:54.502+0000] {logging_mixin.py:150} INFO - [2023-07-19T16:36:54.501+0000] {dag.py:2742} INFO - Sync 1 DAGs
[2023-07-19T16:36:54.524+0000] {logging_mixin.py:150} INFO - [2023-07-19T16:36:54.523+0000] {dag.py:3508} INFO - Setting next_dagrun for example_dynamic_task_mapping_with_no_taskflow_operators to 2023-07-18T16:36:54.523607+00:00, run_after=2023-07-19T16:36:54.523607+00:00
[2023-07-19T16:36:54.542+0000] {processor.py:179} INFO - Processing /home/airflow/.local/lib/python3.7/site-packages/airflow/example_dags/example_dynamic_task_mapping_with_no_taskflow_operators.py took 0.090 seconds
[2023-07-19T16:37:24.684+0000] {processor.py:157} INFO - Started process (PID=529) to work on /home/airflow/.local/lib/python3.7/site-packages/airflow/example_dags/example_dynamic_task_mapping_with_no_taskflow_operators.py
[2023-07-19T16:37:24.689+0000] {processor.py:826} INFO - Processing file /home/airflow/.local/lib/python3.7/site-packages/airflow/example_dags/example_dynamic_task_mapping_with_no_taskflow_operators.py for tasks to queue
[2023-07-19T16:37:24.690+0000] {logging_mixin.py:150} INFO - [2023-07-19T16:37:24.689+0000] {dagbag.py:541} INFO - Filling up the DagBag from /home/airflow/.local/lib/python3.7/site-packages/airflow/example_dags/example_dynamic_task_mapping_with_no_taskflow_operators.py
[2023-07-19T16:37:24.704+0000] {processor.py:836} INFO - DAG(s) dict_keys(['example_dynamic_task_mapping_with_no_taskflow_operators']) retrieved from /home/airflow/.local/lib/python3.7/site-packages/airflow/example_dags/example_dynamic_task_mapping_with_no_taskflow_operators.py
[2023-07-19T16:37:24.725+0000] {logging_mixin.py:150} INFO - [2023-07-19T16:37:24.725+0000] {dag.py:2742} INFO - Sync 1 DAGs
[2023-07-19T16:37:24.743+0000] {logging_mixin.py:150} INFO - [2023-07-19T16:37:24.743+0000] {dag.py:3508} INFO - Setting next_dagrun for example_dynamic_task_mapping_with_no_taskflow_operators to 2023-07-18T16:37:24.743224+00:00, run_after=2023-07-19T16:37:24.743224+00:00
[2023-07-19T16:37:24.754+0000] {processor.py:179} INFO - Processing /home/airflow/.local/lib/python3.7/site-packages/airflow/example_dags/example_dynamic_task_mapping_with_no_taskflow_operators.py took 0.071 seconds
[2023-07-19T16:37:55.119+0000] {processor.py:157} INFO - Started process (PID=583) to work on /home/airflow/.local/lib/python3.7/site-packages/airflow/example_dags/example_dynamic_task_mapping_with_no_taskflow_operators.py
[2023-07-19T16:37:55.120+0000] {processor.py:826} INFO - Processing file /home/airflow/.local/lib/python3.7/site-packages/airflow/example_dags/example_dynamic_task_mapping_with_no_taskflow_operators.py for tasks to queue
[2023-07-19T16:37:55.121+0000] {logging_mixin.py:150} INFO - [2023-07-19T16:37:55.120+0000] {dagbag.py:541} INFO - Filling up the DagBag from /home/airflow/.local/lib/python3.7/site-packages/airflow/example_dags/example_dynamic_task_mapping_with_no_taskflow_operators.py
[2023-07-19T16:37:55.131+0000] {processor.py:836} INFO - DAG(s) dict_keys(['example_dynamic_task_mapping_with_no_taskflow_operators']) retrieved from /home/airflow/.local/lib/python3.7/site-packages/airflow/example_dags/example_dynamic_task_mapping_with_no_taskflow_operators.py
[2023-07-19T16:37:55.168+0000] {logging_mixin.py:150} INFO - [2023-07-19T16:37:55.168+0000] {dag.py:2742} INFO - Sync 1 DAGs
[2023-07-19T16:37:55.197+0000] {logging_mixin.py:150} INFO - [2023-07-19T16:37:55.196+0000] {dag.py:3508} INFO - Setting next_dagrun for example_dynamic_task_mapping_with_no_taskflow_operators to 2023-07-18T16:37:55.196639+00:00, run_after=2023-07-19T16:37:55.196639+00:00
[2023-07-19T16:37:55.205+0000] {processor.py:179} INFO - Processing /home/airflow/.local/lib/python3.7/site-packages/airflow/example_dags/example_dynamic_task_mapping_with_no_taskflow_operators.py took 0.090 seconds
[2023-07-19T16:38:25.264+0000] {processor.py:157} INFO - Started process (PID=638) to work on /home/airflow/.local/lib/python3.7/site-packages/airflow/example_dags/example_dynamic_task_mapping_with_no_taskflow_operators.py
[2023-07-19T16:38:25.265+0000] {processor.py:826} INFO - Processing file /home/airflow/.local/lib/python3.7/site-packages/airflow/example_dags/example_dynamic_task_mapping_with_no_taskflow_operators.py for tasks to queue
[2023-07-19T16:38:25.266+0000] {logging_mixin.py:150} INFO - [2023-07-19T16:38:25.266+0000] {dagbag.py:541} INFO - Filling up the DagBag from /home/airflow/.local/lib/python3.7/site-packages/airflow/example_dags/example_dynamic_task_mapping_with_no_taskflow_operators.py
[2023-07-19T16:38:25.281+0000] {processor.py:836} INFO - DAG(s) dict_keys(['example_dynamic_task_mapping_with_no_taskflow_operators']) retrieved from /home/airflow/.local/lib/python3.7/site-packages/airflow/example_dags/example_dynamic_task_mapping_with_no_taskflow_operators.py
[2023-07-19T16:38:25.307+0000] {logging_mixin.py:150} INFO - [2023-07-19T16:38:25.307+0000] {dag.py:2742} INFO - Sync 1 DAGs
[2023-07-19T16:38:25.336+0000] {logging_mixin.py:150} INFO - [2023-07-19T16:38:25.336+0000] {dag.py:3508} INFO - Setting next_dagrun for example_dynamic_task_mapping_with_no_taskflow_operators to 2023-07-18T16:38:25.336171+00:00, run_after=2023-07-19T16:38:25.336171+00:00
[2023-07-19T16:38:25.350+0000] {processor.py:179} INFO - Processing /home/airflow/.local/lib/python3.7/site-packages/airflow/example_dags/example_dynamic_task_mapping_with_no_taskflow_operators.py took 0.090 seconds
[2023-07-19T16:38:55.376+0000] {processor.py:157} INFO - Started process (PID=693) to work on /home/airflow/.local/lib/python3.7/site-packages/airflow/example_dags/example_dynamic_task_mapping_with_no_taskflow_operators.py
[2023-07-19T16:38:55.385+0000] {processor.py:826} INFO - Processing file /home/airflow/.local/lib/python3.7/site-packages/airflow/example_dags/example_dynamic_task_mapping_with_no_taskflow_operators.py for tasks to queue
[2023-07-19T16:38:55.386+0000] {logging_mixin.py:150} INFO - [2023-07-19T16:38:55.385+0000] {dagbag.py:541} INFO - Filling up the DagBag from /home/airflow/.local/lib/python3.7/site-packages/airflow/example_dags/example_dynamic_task_mapping_with_no_taskflow_operators.py
[2023-07-19T16:38:55.403+0000] {processor.py:836} INFO - DAG(s) dict_keys(['example_dynamic_task_mapping_with_no_taskflow_operators']) retrieved from /home/airflow/.local/lib/python3.7/site-packages/airflow/example_dags/example_dynamic_task_mapping_with_no_taskflow_operators.py
[2023-07-19T16:38:55.439+0000] {logging_mixin.py:150} INFO - [2023-07-19T16:38:55.439+0000] {dag.py:2742} INFO - Sync 1 DAGs
[2023-07-19T16:38:55.488+0000] {logging_mixin.py:150} INFO - [2023-07-19T16:38:55.487+0000] {dag.py:3508} INFO - Setting next_dagrun for example_dynamic_task_mapping_with_no_taskflow_operators to 2023-07-18T16:38:55.487482+00:00, run_after=2023-07-19T16:38:55.487482+00:00
[2023-07-19T16:38:55.508+0000] {processor.py:179} INFO - Processing /home/airflow/.local/lib/python3.7/site-packages/airflow/example_dags/example_dynamic_task_mapping_with_no_taskflow_operators.py took 0.135 seconds
[2023-07-19T16:39:25.796+0000] {processor.py:157} INFO - Started process (PID=748) to work on /home/airflow/.local/lib/python3.7/site-packages/airflow/example_dags/example_dynamic_task_mapping_with_no_taskflow_operators.py
[2023-07-19T16:39:25.802+0000] {processor.py:826} INFO - Processing file /home/airflow/.local/lib/python3.7/site-packages/airflow/example_dags/example_dynamic_task_mapping_with_no_taskflow_operators.py for tasks to queue
[2023-07-19T16:39:25.803+0000] {logging_mixin.py:150} INFO - [2023-07-19T16:39:25.803+0000] {dagbag.py:541} INFO - Filling up the DagBag from /home/airflow/.local/lib/python3.7/site-packages/airflow/example_dags/example_dynamic_task_mapping_with_no_taskflow_operators.py
[2023-07-19T16:39:25.825+0000] {processor.py:836} INFO - DAG(s) dict_keys(['example_dynamic_task_mapping_with_no_taskflow_operators']) retrieved from /home/airflow/.local/lib/python3.7/site-packages/airflow/example_dags/example_dynamic_task_mapping_with_no_taskflow_operators.py
[2023-07-19T16:39:25.865+0000] {logging_mixin.py:150} INFO - [2023-07-19T16:39:25.865+0000] {dag.py:2742} INFO - Sync 1 DAGs
[2023-07-19T16:39:25.899+0000] {logging_mixin.py:150} INFO - [2023-07-19T16:39:25.899+0000] {dag.py:3508} INFO - Setting next_dagrun for example_dynamic_task_mapping_with_no_taskflow_operators to 2023-07-18T16:39:25.899313+00:00, run_after=2023-07-19T16:39:25.899313+00:00
[2023-07-19T16:39:25.912+0000] {processor.py:179} INFO - Processing /home/airflow/.local/lib/python3.7/site-packages/airflow/example_dags/example_dynamic_task_mapping_with_no_taskflow_operators.py took 0.120 seconds
[2023-07-19T16:39:56.805+0000] {processor.py:157} INFO - Started process (PID=803) to work on /home/airflow/.local/lib/python3.7/site-packages/airflow/example_dags/example_dynamic_task_mapping_with_no_taskflow_operators.py
[2023-07-19T16:39:56.818+0000] {processor.py:826} INFO - Processing file /home/airflow/.local/lib/python3.7/site-packages/airflow/example_dags/example_dynamic_task_mapping_with_no_taskflow_operators.py for tasks to queue
[2023-07-19T16:39:56.830+0000] {logging_mixin.py:150} INFO - [2023-07-19T16:39:56.819+0000] {dagbag.py:541} INFO - Filling up the DagBag from /home/airflow/.local/lib/python3.7/site-packages/airflow/example_dags/example_dynamic_task_mapping_with_no_taskflow_operators.py
[2023-07-19T16:39:56.896+0000] {processor.py:836} INFO - DAG(s) dict_keys(['example_dynamic_task_mapping_with_no_taskflow_operators']) retrieved from /home/airflow/.local/lib/python3.7/site-packages/airflow/example_dags/example_dynamic_task_mapping_with_no_taskflow_operators.py
[2023-07-19T16:39:57.023+0000] {logging_mixin.py:150} INFO - [2023-07-19T16:39:57.023+0000] {dag.py:2742} INFO - Sync 1 DAGs
[2023-07-19T16:39:57.193+0000] {logging_mixin.py:150} INFO - [2023-07-19T16:39:57.193+0000] {dag.py:3508} INFO - Setting next_dagrun for example_dynamic_task_mapping_with_no_taskflow_operators to 2023-07-18T16:39:57.193322+00:00, run_after=2023-07-19T16:39:57.193322+00:00
[2023-07-19T16:39:57.279+0000] {processor.py:179} INFO - Processing /home/airflow/.local/lib/python3.7/site-packages/airflow/example_dags/example_dynamic_task_mapping_with_no_taskflow_operators.py took 0.488 seconds
[2023-07-19T16:40:27.327+0000] {processor.py:157} INFO - Started process (PID=858) to work on /home/airflow/.local/lib/python3.7/site-packages/airflow/example_dags/example_dynamic_task_mapping_with_no_taskflow_operators.py
[2023-07-19T16:40:27.330+0000] {processor.py:826} INFO - Processing file /home/airflow/.local/lib/python3.7/site-packages/airflow/example_dags/example_dynamic_task_mapping_with_no_taskflow_operators.py for tasks to queue
[2023-07-19T16:40:27.333+0000] {logging_mixin.py:150} INFO - [2023-07-19T16:40:27.332+0000] {dagbag.py:541} INFO - Filling up the DagBag from /home/airflow/.local/lib/python3.7/site-packages/airflow/example_dags/example_dynamic_task_mapping_with_no_taskflow_operators.py
[2023-07-19T16:40:27.359+0000] {processor.py:836} INFO - DAG(s) dict_keys(['example_dynamic_task_mapping_with_no_taskflow_operators']) retrieved from /home/airflow/.local/lib/python3.7/site-packages/airflow/example_dags/example_dynamic_task_mapping_with_no_taskflow_operators.py
[2023-07-19T16:40:27.387+0000] {logging_mixin.py:150} INFO - [2023-07-19T16:40:27.387+0000] {dag.py:2742} INFO - Sync 1 DAGs
[2023-07-19T16:40:27.408+0000] {logging_mixin.py:150} INFO - [2023-07-19T16:40:27.408+0000] {dag.py:3508} INFO - Setting next_dagrun for example_dynamic_task_mapping_with_no_taskflow_operators to 2023-07-18T16:40:27.407650+00:00, run_after=2023-07-19T16:40:27.407650+00:00
[2023-07-19T16:40:27.420+0000] {processor.py:179} INFO - Processing /home/airflow/.local/lib/python3.7/site-packages/airflow/example_dags/example_dynamic_task_mapping_with_no_taskflow_operators.py took 0.104 seconds
[2023-07-19T16:40:57.628+0000] {processor.py:157} INFO - Started process (PID=912) to work on /home/airflow/.local/lib/python3.7/site-packages/airflow/example_dags/example_dynamic_task_mapping_with_no_taskflow_operators.py
[2023-07-19T16:40:57.630+0000] {processor.py:826} INFO - Processing file /home/airflow/.local/lib/python3.7/site-packages/airflow/example_dags/example_dynamic_task_mapping_with_no_taskflow_operators.py for tasks to queue
[2023-07-19T16:40:57.633+0000] {logging_mixin.py:150} INFO - [2023-07-19T16:40:57.630+0000] {dagbag.py:541} INFO - Filling up the DagBag from /home/airflow/.local/lib/python3.7/site-packages/airflow/example_dags/example_dynamic_task_mapping_with_no_taskflow_operators.py
[2023-07-19T16:40:57.673+0000] {processor.py:836} INFO - DAG(s) dict_keys(['example_dynamic_task_mapping_with_no_taskflow_operators']) retrieved from /home/airflow/.local/lib/python3.7/site-packages/airflow/example_dags/example_dynamic_task_mapping_with_no_taskflow_operators.py
[2023-07-19T16:40:57.720+0000] {logging_mixin.py:150} INFO - [2023-07-19T16:40:57.719+0000] {dag.py:2742} INFO - Sync 1 DAGs
[2023-07-19T16:40:57.765+0000] {logging_mixin.py:150} INFO - [2023-07-19T16:40:57.764+0000] {dag.py:3508} INFO - Setting next_dagrun for example_dynamic_task_mapping_with_no_taskflow_operators to 2023-07-18T16:40:57.764476+00:00, run_after=2023-07-19T16:40:57.764476+00:00
[2023-07-19T16:40:57.794+0000] {processor.py:179} INFO - Processing /home/airflow/.local/lib/python3.7/site-packages/airflow/example_dags/example_dynamic_task_mapping_with_no_taskflow_operators.py took 0.175 seconds
[2023-07-19T16:41:28.609+0000] {processor.py:157} INFO - Started process (PID=967) to work on /home/airflow/.local/lib/python3.7/site-packages/airflow/example_dags/example_dynamic_task_mapping_with_no_taskflow_operators.py
[2023-07-19T16:41:28.610+0000] {processor.py:826} INFO - Processing file /home/airflow/.local/lib/python3.7/site-packages/airflow/example_dags/example_dynamic_task_mapping_with_no_taskflow_operators.py for tasks to queue
[2023-07-19T16:41:28.611+0000] {logging_mixin.py:150} INFO - [2023-07-19T16:41:28.610+0000] {dagbag.py:541} INFO - Filling up the DagBag from /home/airflow/.local/lib/python3.7/site-packages/airflow/example_dags/example_dynamic_task_mapping_with_no_taskflow_operators.py
[2023-07-19T16:41:28.627+0000] {processor.py:836} INFO - DAG(s) dict_keys(['example_dynamic_task_mapping_with_no_taskflow_operators']) retrieved from /home/airflow/.local/lib/python3.7/site-packages/airflow/example_dags/example_dynamic_task_mapping_with_no_taskflow_operators.py
[2023-07-19T16:41:28.681+0000] {logging_mixin.py:150} INFO - [2023-07-19T16:41:28.681+0000] {dag.py:2742} INFO - Sync 1 DAGs
[2023-07-19T16:41:28.702+0000] {logging_mixin.py:150} INFO - [2023-07-19T16:41:28.702+0000] {dag.py:3508} INFO - Setting next_dagrun for example_dynamic_task_mapping_with_no_taskflow_operators to 2023-07-18T16:41:28.702246+00:00, run_after=2023-07-19T16:41:28.702246+00:00
[2023-07-19T16:41:28.721+0000] {processor.py:179} INFO - Processing /home/airflow/.local/lib/python3.7/site-packages/airflow/example_dags/example_dynamic_task_mapping_with_no_taskflow_operators.py took 0.133 seconds
[2023-07-19T16:41:59.335+0000] {processor.py:157} INFO - Started process (PID=1022) to work on /home/airflow/.local/lib/python3.7/site-packages/airflow/example_dags/example_dynamic_task_mapping_with_no_taskflow_operators.py
[2023-07-19T16:41:59.336+0000] {processor.py:826} INFO - Processing file /home/airflow/.local/lib/python3.7/site-packages/airflow/example_dags/example_dynamic_task_mapping_with_no_taskflow_operators.py for tasks to queue
[2023-07-19T16:41:59.344+0000] {logging_mixin.py:150} INFO - [2023-07-19T16:41:59.337+0000] {dagbag.py:541} INFO - Filling up the DagBag from /home/airflow/.local/lib/python3.7/site-packages/airflow/example_dags/example_dynamic_task_mapping_with_no_taskflow_operators.py
[2023-07-19T16:41:59.363+0000] {processor.py:836} INFO - DAG(s) dict_keys(['example_dynamic_task_mapping_with_no_taskflow_operators']) retrieved from /home/airflow/.local/lib/python3.7/site-packages/airflow/example_dags/example_dynamic_task_mapping_with_no_taskflow_operators.py
[2023-07-19T16:41:59.415+0000] {logging_mixin.py:150} INFO - [2023-07-19T16:41:59.415+0000] {dag.py:2742} INFO - Sync 1 DAGs
[2023-07-19T16:41:59.446+0000] {logging_mixin.py:150} INFO - [2023-07-19T16:41:59.446+0000] {dag.py:3508} INFO - Setting next_dagrun for example_dynamic_task_mapping_with_no_taskflow_operators to 2023-07-18T16:41:59.446241+00:00, run_after=2023-07-19T16:41:59.446241+00:00
[2023-07-19T16:41:59.467+0000] {processor.py:179} INFO - Processing /home/airflow/.local/lib/python3.7/site-packages/airflow/example_dags/example_dynamic_task_mapping_with_no_taskflow_operators.py took 0.155 seconds
[2023-07-19T16:42:29.770+0000] {processor.py:157} INFO - Started process (PID=1076) to work on /home/airflow/.local/lib/python3.7/site-packages/airflow/example_dags/example_dynamic_task_mapping_with_no_taskflow_operators.py
[2023-07-19T16:42:29.771+0000] {processor.py:826} INFO - Processing file /home/airflow/.local/lib/python3.7/site-packages/airflow/example_dags/example_dynamic_task_mapping_with_no_taskflow_operators.py for tasks to queue
[2023-07-19T16:42:29.772+0000] {logging_mixin.py:150} INFO - [2023-07-19T16:42:29.771+0000] {dagbag.py:541} INFO - Filling up the DagBag from /home/airflow/.local/lib/python3.7/site-packages/airflow/example_dags/example_dynamic_task_mapping_with_no_taskflow_operators.py
[2023-07-19T16:42:29.830+0000] {processor.py:836} INFO - DAG(s) dict_keys(['example_dynamic_task_mapping_with_no_taskflow_operators']) retrieved from /home/airflow/.local/lib/python3.7/site-packages/airflow/example_dags/example_dynamic_task_mapping_with_no_taskflow_operators.py
[2023-07-19T16:42:29.899+0000] {logging_mixin.py:150} INFO - [2023-07-19T16:42:29.899+0000] {dag.py:2742} INFO - Sync 1 DAGs
[2023-07-19T16:42:29.974+0000] {logging_mixin.py:150} INFO - [2023-07-19T16:42:29.974+0000] {dag.py:3508} INFO - Setting next_dagrun for example_dynamic_task_mapping_with_no_taskflow_operators to 2023-07-18T16:42:29.973911+00:00, run_after=2023-07-19T16:42:29.973911+00:00
[2023-07-19T16:42:30.009+0000] {processor.py:179} INFO - Processing /home/airflow/.local/lib/python3.7/site-packages/airflow/example_dags/example_dynamic_task_mapping_with_no_taskflow_operators.py took 0.246 seconds
[2023-07-19T16:43:00.407+0000] {processor.py:157} INFO - Started process (PID=1131) to work on /home/airflow/.local/lib/python3.7/site-packages/airflow/example_dags/example_dynamic_task_mapping_with_no_taskflow_operators.py
[2023-07-19T16:43:00.409+0000] {processor.py:826} INFO - Processing file /home/airflow/.local/lib/python3.7/site-packages/airflow/example_dags/example_dynamic_task_mapping_with_no_taskflow_operators.py for tasks to queue
[2023-07-19T16:43:00.410+0000] {logging_mixin.py:150} INFO - [2023-07-19T16:43:00.409+0000] {dagbag.py:541} INFO - Filling up the DagBag from /home/airflow/.local/lib/python3.7/site-packages/airflow/example_dags/example_dynamic_task_mapping_with_no_taskflow_operators.py
[2023-07-19T16:43:00.424+0000] {processor.py:836} INFO - DAG(s) dict_keys(['example_dynamic_task_mapping_with_no_taskflow_operators']) retrieved from /home/airflow/.local/lib/python3.7/site-packages/airflow/example_dags/example_dynamic_task_mapping_with_no_taskflow_operators.py
[2023-07-19T16:43:00.458+0000] {logging_mixin.py:150} INFO - [2023-07-19T16:43:00.457+0000] {dag.py:2742} INFO - Sync 1 DAGs
[2023-07-19T16:43:00.479+0000] {logging_mixin.py:150} INFO - [2023-07-19T16:43:00.479+0000] {dag.py:3508} INFO - Setting next_dagrun for example_dynamic_task_mapping_with_no_taskflow_operators to 2023-07-18T16:43:00.479439+00:00, run_after=2023-07-19T16:43:00.479439+00:00
[2023-07-19T16:43:00.490+0000] {processor.py:179} INFO - Processing /home/airflow/.local/lib/python3.7/site-packages/airflow/example_dags/example_dynamic_task_mapping_with_no_taskflow_operators.py took 0.092 seconds
[2023-07-19T16:43:31.027+0000] {processor.py:157} INFO - Started process (PID=1187) to work on /home/airflow/.local/lib/python3.7/site-packages/airflow/example_dags/example_dynamic_task_mapping_with_no_taskflow_operators.py
[2023-07-19T16:43:31.028+0000] {processor.py:826} INFO - Processing file /home/airflow/.local/lib/python3.7/site-packages/airflow/example_dags/example_dynamic_task_mapping_with_no_taskflow_operators.py for tasks to queue
[2023-07-19T16:43:31.029+0000] {logging_mixin.py:150} INFO - [2023-07-19T16:43:31.029+0000] {dagbag.py:541} INFO - Filling up the DagBag from /home/airflow/.local/lib/python3.7/site-packages/airflow/example_dags/example_dynamic_task_mapping_with_no_taskflow_operators.py
[2023-07-19T16:43:31.049+0000] {processor.py:836} INFO - DAG(s) dict_keys(['example_dynamic_task_mapping_with_no_taskflow_operators']) retrieved from /home/airflow/.local/lib/python3.7/site-packages/airflow/example_dags/example_dynamic_task_mapping_with_no_taskflow_operators.py
[2023-07-19T16:43:31.114+0000] {logging_mixin.py:150} INFO - [2023-07-19T16:43:31.113+0000] {dag.py:2742} INFO - Sync 1 DAGs
[2023-07-19T16:43:31.139+0000] {logging_mixin.py:150} INFO - [2023-07-19T16:43:31.138+0000] {dag.py:3508} INFO - Setting next_dagrun for example_dynamic_task_mapping_with_no_taskflow_operators to 2023-07-18T16:43:31.138385+00:00, run_after=2023-07-19T16:43:31.138385+00:00
[2023-07-19T16:43:31.154+0000] {processor.py:179} INFO - Processing /home/airflow/.local/lib/python3.7/site-packages/airflow/example_dags/example_dynamic_task_mapping_with_no_taskflow_operators.py took 0.132 seconds
[2023-07-19T16:44:01.374+0000] {processor.py:157} INFO - Started process (PID=1242) to work on /home/airflow/.local/lib/python3.7/site-packages/airflow/example_dags/example_dynamic_task_mapping_with_no_taskflow_operators.py
[2023-07-19T16:44:01.378+0000] {processor.py:826} INFO - Processing file /home/airflow/.local/lib/python3.7/site-packages/airflow/example_dags/example_dynamic_task_mapping_with_no_taskflow_operators.py for tasks to queue
[2023-07-19T16:44:01.379+0000] {logging_mixin.py:150} INFO - [2023-07-19T16:44:01.379+0000] {dagbag.py:541} INFO - Filling up the DagBag from /home/airflow/.local/lib/python3.7/site-packages/airflow/example_dags/example_dynamic_task_mapping_with_no_taskflow_operators.py
[2023-07-19T16:44:01.394+0000] {processor.py:836} INFO - DAG(s) dict_keys(['example_dynamic_task_mapping_with_no_taskflow_operators']) retrieved from /home/airflow/.local/lib/python3.7/site-packages/airflow/example_dags/example_dynamic_task_mapping_with_no_taskflow_operators.py
[2023-07-19T16:44:01.436+0000] {logging_mixin.py:150} INFO - [2023-07-19T16:44:01.436+0000] {dag.py:2742} INFO - Sync 1 DAGs
[2023-07-19T16:44:01.460+0000] {logging_mixin.py:150} INFO - [2023-07-19T16:44:01.460+0000] {dag.py:3508} INFO - Setting next_dagrun for example_dynamic_task_mapping_with_no_taskflow_operators to 2023-07-18T16:44:01.459272+00:00, run_after=2023-07-19T16:44:01.459272+00:00
[2023-07-19T16:44:01.472+0000] {processor.py:179} INFO - Processing /home/airflow/.local/lib/python3.7/site-packages/airflow/example_dags/example_dynamic_task_mapping_with_no_taskflow_operators.py took 0.113 seconds
[2023-07-19T16:44:31.793+0000] {processor.py:157} INFO - Started process (PID=1297) to work on /home/airflow/.local/lib/python3.7/site-packages/airflow/example_dags/example_dynamic_task_mapping_with_no_taskflow_operators.py
[2023-07-19T16:44:31.794+0000] {processor.py:826} INFO - Processing file /home/airflow/.local/lib/python3.7/site-packages/airflow/example_dags/example_dynamic_task_mapping_with_no_taskflow_operators.py for tasks to queue
[2023-07-19T16:44:31.794+0000] {logging_mixin.py:150} INFO - [2023-07-19T16:44:31.794+0000] {dagbag.py:541} INFO - Filling up the DagBag from /home/airflow/.local/lib/python3.7/site-packages/airflow/example_dags/example_dynamic_task_mapping_with_no_taskflow_operators.py
[2023-07-19T16:44:31.821+0000] {processor.py:836} INFO - DAG(s) dict_keys(['example_dynamic_task_mapping_with_no_taskflow_operators']) retrieved from /home/airflow/.local/lib/python3.7/site-packages/airflow/example_dags/example_dynamic_task_mapping_with_no_taskflow_operators.py
[2023-07-19T16:44:31.870+0000] {logging_mixin.py:150} INFO - [2023-07-19T16:44:31.870+0000] {dag.py:2742} INFO - Sync 1 DAGs
[2023-07-19T16:44:31.908+0000] {logging_mixin.py:150} INFO - [2023-07-19T16:44:31.908+0000] {dag.py:3508} INFO - Setting next_dagrun for example_dynamic_task_mapping_with_no_taskflow_operators to 2023-07-18T16:44:31.908240+00:00, run_after=2023-07-19T16:44:31.908240+00:00
[2023-07-19T16:44:31.934+0000] {processor.py:179} INFO - Processing /home/airflow/.local/lib/python3.7/site-packages/airflow/example_dags/example_dynamic_task_mapping_with_no_taskflow_operators.py took 0.156 seconds
[2023-07-19T16:45:02.225+0000] {processor.py:157} INFO - Started process (PID=1352) to work on /home/airflow/.local/lib/python3.7/site-packages/airflow/example_dags/example_dynamic_task_mapping_with_no_taskflow_operators.py
[2023-07-19T16:45:02.227+0000] {processor.py:826} INFO - Processing file /home/airflow/.local/lib/python3.7/site-packages/airflow/example_dags/example_dynamic_task_mapping_with_no_taskflow_operators.py for tasks to queue
[2023-07-19T16:45:02.228+0000] {logging_mixin.py:150} INFO - [2023-07-19T16:45:02.227+0000] {dagbag.py:541} INFO - Filling up the DagBag from /home/airflow/.local/lib/python3.7/site-packages/airflow/example_dags/example_dynamic_task_mapping_with_no_taskflow_operators.py
[2023-07-19T16:45:02.236+0000] {processor.py:836} INFO - DAG(s) dict_keys(['example_dynamic_task_mapping_with_no_taskflow_operators']) retrieved from /home/airflow/.local/lib/python3.7/site-packages/airflow/example_dags/example_dynamic_task_mapping_with_no_taskflow_operators.py
[2023-07-19T16:45:02.282+0000] {logging_mixin.py:150} INFO - [2023-07-19T16:45:02.282+0000] {dag.py:2742} INFO - Sync 1 DAGs
[2023-07-19T16:45:02.304+0000] {logging_mixin.py:150} INFO - [2023-07-19T16:45:02.303+0000] {dag.py:3508} INFO - Setting next_dagrun for example_dynamic_task_mapping_with_no_taskflow_operators to 2023-07-18T16:45:02.303113+00:00, run_after=2023-07-19T16:45:02.303113+00:00
[2023-07-19T16:45:02.318+0000] {processor.py:179} INFO - Processing /home/airflow/.local/lib/python3.7/site-packages/airflow/example_dags/example_dynamic_task_mapping_with_no_taskflow_operators.py took 0.099 seconds
[2023-07-19T16:45:32.886+0000] {processor.py:157} INFO - Started process (PID=1407) to work on /home/airflow/.local/lib/python3.7/site-packages/airflow/example_dags/example_dynamic_task_mapping_with_no_taskflow_operators.py
[2023-07-19T16:45:32.887+0000] {processor.py:826} INFO - Processing file /home/airflow/.local/lib/python3.7/site-packages/airflow/example_dags/example_dynamic_task_mapping_with_no_taskflow_operators.py for tasks to queue
[2023-07-19T16:45:32.889+0000] {logging_mixin.py:150} INFO - [2023-07-19T16:45:32.889+0000] {dagbag.py:541} INFO - Filling up the DagBag from /home/airflow/.local/lib/python3.7/site-packages/airflow/example_dags/example_dynamic_task_mapping_with_no_taskflow_operators.py
[2023-07-19T16:45:32.904+0000] {processor.py:836} INFO - DAG(s) dict_keys(['example_dynamic_task_mapping_with_no_taskflow_operators']) retrieved from /home/airflow/.local/lib/python3.7/site-packages/airflow/example_dags/example_dynamic_task_mapping_with_no_taskflow_operators.py
[2023-07-19T16:45:32.928+0000] {logging_mixin.py:150} INFO - [2023-07-19T16:45:32.928+0000] {dag.py:2742} INFO - Sync 1 DAGs
[2023-07-19T16:45:32.962+0000] {logging_mixin.py:150} INFO - [2023-07-19T16:45:32.962+0000] {dag.py:3508} INFO - Setting next_dagrun for example_dynamic_task_mapping_with_no_taskflow_operators to 2023-07-18T16:45:32.961885+00:00, run_after=2023-07-19T16:45:32.961885+00:00
[2023-07-19T16:45:32.974+0000] {processor.py:179} INFO - Processing /home/airflow/.local/lib/python3.7/site-packages/airflow/example_dags/example_dynamic_task_mapping_with_no_taskflow_operators.py took 0.093 seconds
[2023-07-19T16:46:03.207+0000] {processor.py:157} INFO - Started process (PID=1462) to work on /home/airflow/.local/lib/python3.7/site-packages/airflow/example_dags/example_dynamic_task_mapping_with_no_taskflow_operators.py
[2023-07-19T16:46:03.217+0000] {processor.py:826} INFO - Processing file /home/airflow/.local/lib/python3.7/site-packages/airflow/example_dags/example_dynamic_task_mapping_with_no_taskflow_operators.py for tasks to queue
[2023-07-19T16:46:03.218+0000] {logging_mixin.py:150} INFO - [2023-07-19T16:46:03.218+0000] {dagbag.py:541} INFO - Filling up the DagBag from /home/airflow/.local/lib/python3.7/site-packages/airflow/example_dags/example_dynamic_task_mapping_with_no_taskflow_operators.py
[2023-07-19T16:46:03.232+0000] {processor.py:836} INFO - DAG(s) dict_keys(['example_dynamic_task_mapping_with_no_taskflow_operators']) retrieved from /home/airflow/.local/lib/python3.7/site-packages/airflow/example_dags/example_dynamic_task_mapping_with_no_taskflow_operators.py
[2023-07-19T16:46:03.289+0000] {logging_mixin.py:150} INFO - [2023-07-19T16:46:03.285+0000] {dag.py:2742} INFO - Sync 1 DAGs
[2023-07-19T16:46:03.317+0000] {logging_mixin.py:150} INFO - [2023-07-19T16:46:03.317+0000] {dag.py:3508} INFO - Setting next_dagrun for example_dynamic_task_mapping_with_no_taskflow_operators to 2023-07-18T16:46:03.316820+00:00, run_after=2023-07-19T16:46:03.316820+00:00
[2023-07-19T16:46:03.356+0000] {processor.py:179} INFO - Processing /home/airflow/.local/lib/python3.7/site-packages/airflow/example_dags/example_dynamic_task_mapping_with_no_taskflow_operators.py took 0.155 seconds
[2023-07-19T16:46:33.415+0000] {processor.py:157} INFO - Started process (PID=1517) to work on /home/airflow/.local/lib/python3.7/site-packages/airflow/example_dags/example_dynamic_task_mapping_with_no_taskflow_operators.py
[2023-07-19T16:46:33.424+0000] {processor.py:826} INFO - Processing file /home/airflow/.local/lib/python3.7/site-packages/airflow/example_dags/example_dynamic_task_mapping_with_no_taskflow_operators.py for tasks to queue
[2023-07-19T16:46:33.426+0000] {logging_mixin.py:150} INFO - [2023-07-19T16:46:33.425+0000] {dagbag.py:541} INFO - Filling up the DagBag from /home/airflow/.local/lib/python3.7/site-packages/airflow/example_dags/example_dynamic_task_mapping_with_no_taskflow_operators.py
[2023-07-19T16:46:33.456+0000] {processor.py:836} INFO - DAG(s) dict_keys(['example_dynamic_task_mapping_with_no_taskflow_operators']) retrieved from /home/airflow/.local/lib/python3.7/site-packages/airflow/example_dags/example_dynamic_task_mapping_with_no_taskflow_operators.py
[2023-07-19T16:46:33.523+0000] {logging_mixin.py:150} INFO - [2023-07-19T16:46:33.523+0000] {dag.py:2742} INFO - Sync 1 DAGs
[2023-07-19T16:46:33.552+0000] {logging_mixin.py:150} INFO - [2023-07-19T16:46:33.552+0000] {dag.py:3508} INFO - Setting next_dagrun for example_dynamic_task_mapping_with_no_taskflow_operators to 2023-07-18T16:46:33.551171+00:00, run_after=2023-07-19T16:46:33.551171+00:00
[2023-07-19T16:46:33.579+0000] {processor.py:179} INFO - Processing /home/airflow/.local/lib/python3.7/site-packages/airflow/example_dags/example_dynamic_task_mapping_with_no_taskflow_operators.py took 0.179 seconds
[2023-07-19T16:47:04.291+0000] {processor.py:157} INFO - Started process (PID=1572) to work on /home/airflow/.local/lib/python3.7/site-packages/airflow/example_dags/example_dynamic_task_mapping_with_no_taskflow_operators.py
[2023-07-19T16:47:04.291+0000] {processor.py:826} INFO - Processing file /home/airflow/.local/lib/python3.7/site-packages/airflow/example_dags/example_dynamic_task_mapping_with_no_taskflow_operators.py for tasks to queue
[2023-07-19T16:47:04.292+0000] {logging_mixin.py:150} INFO - [2023-07-19T16:47:04.291+0000] {dagbag.py:541} INFO - Filling up the DagBag from /home/airflow/.local/lib/python3.7/site-packages/airflow/example_dags/example_dynamic_task_mapping_with_no_taskflow_operators.py
[2023-07-19T16:47:04.300+0000] {processor.py:836} INFO - DAG(s) dict_keys(['example_dynamic_task_mapping_with_no_taskflow_operators']) retrieved from /home/airflow/.local/lib/python3.7/site-packages/airflow/example_dags/example_dynamic_task_mapping_with_no_taskflow_operators.py
[2023-07-19T16:47:04.335+0000] {logging_mixin.py:150} INFO - [2023-07-19T16:47:04.335+0000] {dag.py:2742} INFO - Sync 1 DAGs
[2023-07-19T16:47:04.369+0000] {logging_mixin.py:150} INFO - [2023-07-19T16:47:04.369+0000] {dag.py:3508} INFO - Setting next_dagrun for example_dynamic_task_mapping_with_no_taskflow_operators to 2023-07-18T16:47:04.369553+00:00, run_after=2023-07-19T16:47:04.369553+00:00
[2023-07-19T16:47:04.387+0000] {processor.py:179} INFO - Processing /home/airflow/.local/lib/python3.7/site-packages/airflow/example_dags/example_dynamic_task_mapping_with_no_taskflow_operators.py took 0.098 seconds
[2023-07-19T16:47:34.455+0000] {processor.py:157} INFO - Started process (PID=1626) to work on /home/airflow/.local/lib/python3.7/site-packages/airflow/example_dags/example_dynamic_task_mapping_with_no_taskflow_operators.py
[2023-07-19T16:47:34.456+0000] {processor.py:826} INFO - Processing file /home/airflow/.local/lib/python3.7/site-packages/airflow/example_dags/example_dynamic_task_mapping_with_no_taskflow_operators.py for tasks to queue
[2023-07-19T16:47:34.457+0000] {logging_mixin.py:150} INFO - [2023-07-19T16:47:34.457+0000] {dagbag.py:541} INFO - Filling up the DagBag from /home/airflow/.local/lib/python3.7/site-packages/airflow/example_dags/example_dynamic_task_mapping_with_no_taskflow_operators.py
[2023-07-19T16:47:34.465+0000] {processor.py:836} INFO - DAG(s) dict_keys(['example_dynamic_task_mapping_with_no_taskflow_operators']) retrieved from /home/airflow/.local/lib/python3.7/site-packages/airflow/example_dags/example_dynamic_task_mapping_with_no_taskflow_operators.py
[2023-07-19T16:47:34.484+0000] {logging_mixin.py:150} INFO - [2023-07-19T16:47:34.484+0000] {dag.py:2742} INFO - Sync 1 DAGs
[2023-07-19T16:47:34.502+0000] {logging_mixin.py:150} INFO - [2023-07-19T16:47:34.502+0000] {dag.py:3508} INFO - Setting next_dagrun for example_dynamic_task_mapping_with_no_taskflow_operators to 2023-07-18T16:47:34.502026+00:00, run_after=2023-07-19T16:47:34.502026+00:00
[2023-07-19T16:47:34.510+0000] {processor.py:179} INFO - Processing /home/airflow/.local/lib/python3.7/site-packages/airflow/example_dags/example_dynamic_task_mapping_with_no_taskflow_operators.py took 0.061 seconds
[2023-07-19T16:48:04.690+0000] {processor.py:157} INFO - Started process (PID=1680) to work on /home/airflow/.local/lib/python3.7/site-packages/airflow/example_dags/example_dynamic_task_mapping_with_no_taskflow_operators.py
[2023-07-19T16:48:04.690+0000] {processor.py:826} INFO - Processing file /home/airflow/.local/lib/python3.7/site-packages/airflow/example_dags/example_dynamic_task_mapping_with_no_taskflow_operators.py for tasks to queue
[2023-07-19T16:48:04.691+0000] {logging_mixin.py:150} INFO - [2023-07-19T16:48:04.691+0000] {dagbag.py:541} INFO - Filling up the DagBag from /home/airflow/.local/lib/python3.7/site-packages/airflow/example_dags/example_dynamic_task_mapping_with_no_taskflow_operators.py
[2023-07-19T16:48:04.701+0000] {processor.py:836} INFO - DAG(s) dict_keys(['example_dynamic_task_mapping_with_no_taskflow_operators']) retrieved from /home/airflow/.local/lib/python3.7/site-packages/airflow/example_dags/example_dynamic_task_mapping_with_no_taskflow_operators.py
[2023-07-19T16:48:04.729+0000] {logging_mixin.py:150} INFO - [2023-07-19T16:48:04.729+0000] {dag.py:2742} INFO - Sync 1 DAGs
[2023-07-19T16:48:04.748+0000] {logging_mixin.py:150} INFO - [2023-07-19T16:48:04.748+0000] {dag.py:3508} INFO - Setting next_dagrun for example_dynamic_task_mapping_with_no_taskflow_operators to 2023-07-18T16:48:04.747626+00:00, run_after=2023-07-19T16:48:04.747626+00:00
[2023-07-19T16:48:04.765+0000] {processor.py:179} INFO - Processing /home/airflow/.local/lib/python3.7/site-packages/airflow/example_dags/example_dynamic_task_mapping_with_no_taskflow_operators.py took 0.078 seconds
[2023-07-19T16:48:34.989+0000] {processor.py:157} INFO - Started process (PID=1733) to work on /home/airflow/.local/lib/python3.7/site-packages/airflow/example_dags/example_dynamic_task_mapping_with_no_taskflow_operators.py
[2023-07-19T16:48:34.991+0000] {processor.py:826} INFO - Processing file /home/airflow/.local/lib/python3.7/site-packages/airflow/example_dags/example_dynamic_task_mapping_with_no_taskflow_operators.py for tasks to queue
[2023-07-19T16:48:34.992+0000] {logging_mixin.py:150} INFO - [2023-07-19T16:48:34.992+0000] {dagbag.py:541} INFO - Filling up the DagBag from /home/airflow/.local/lib/python3.7/site-packages/airflow/example_dags/example_dynamic_task_mapping_with_no_taskflow_operators.py
[2023-07-19T16:48:35.002+0000] {processor.py:836} INFO - DAG(s) dict_keys(['example_dynamic_task_mapping_with_no_taskflow_operators']) retrieved from /home/airflow/.local/lib/python3.7/site-packages/airflow/example_dags/example_dynamic_task_mapping_with_no_taskflow_operators.py
[2023-07-19T16:48:35.029+0000] {logging_mixin.py:150} INFO - [2023-07-19T16:48:35.029+0000] {dag.py:2742} INFO - Sync 1 DAGs
[2023-07-19T16:48:35.045+0000] {logging_mixin.py:150} INFO - [2023-07-19T16:48:35.045+0000] {dag.py:3508} INFO - Setting next_dagrun for example_dynamic_task_mapping_with_no_taskflow_operators to 2023-07-18T16:48:35.044827+00:00, run_after=2023-07-19T16:48:35.044827+00:00
[2023-07-19T16:48:35.055+0000] {processor.py:179} INFO - Processing /home/airflow/.local/lib/python3.7/site-packages/airflow/example_dags/example_dynamic_task_mapping_with_no_taskflow_operators.py took 0.072 seconds
[2023-07-19T16:49:05.257+0000] {processor.py:157} INFO - Started process (PID=1788) to work on /home/airflow/.local/lib/python3.7/site-packages/airflow/example_dags/example_dynamic_task_mapping_with_no_taskflow_operators.py
[2023-07-19T16:49:05.259+0000] {processor.py:826} INFO - Processing file /home/airflow/.local/lib/python3.7/site-packages/airflow/example_dags/example_dynamic_task_mapping_with_no_taskflow_operators.py for tasks to queue
[2023-07-19T16:49:05.260+0000] {logging_mixin.py:150} INFO - [2023-07-19T16:49:05.259+0000] {dagbag.py:541} INFO - Filling up the DagBag from /home/airflow/.local/lib/python3.7/site-packages/airflow/example_dags/example_dynamic_task_mapping_with_no_taskflow_operators.py
[2023-07-19T16:49:05.272+0000] {processor.py:836} INFO - DAG(s) dict_keys(['example_dynamic_task_mapping_with_no_taskflow_operators']) retrieved from /home/airflow/.local/lib/python3.7/site-packages/airflow/example_dags/example_dynamic_task_mapping_with_no_taskflow_operators.py
[2023-07-19T16:49:05.339+0000] {logging_mixin.py:150} INFO - [2023-07-19T16:49:05.339+0000] {dag.py:2742} INFO - Sync 1 DAGs
[2023-07-19T16:49:05.357+0000] {logging_mixin.py:150} INFO - [2023-07-19T16:49:05.357+0000] {dag.py:3508} INFO - Setting next_dagrun for example_dynamic_task_mapping_with_no_taskflow_operators to 2023-07-18T16:49:05.356919+00:00, run_after=2023-07-19T16:49:05.356919+00:00
[2023-07-19T16:49:05.366+0000] {processor.py:179} INFO - Processing /home/airflow/.local/lib/python3.7/site-packages/airflow/example_dags/example_dynamic_task_mapping_with_no_taskflow_operators.py took 0.115 seconds
[2023-07-19T16:49:35.670+0000] {processor.py:157} INFO - Started process (PID=1843) to work on /home/airflow/.local/lib/python3.7/site-packages/airflow/example_dags/example_dynamic_task_mapping_with_no_taskflow_operators.py
[2023-07-19T16:49:35.671+0000] {processor.py:826} INFO - Processing file /home/airflow/.local/lib/python3.7/site-packages/airflow/example_dags/example_dynamic_task_mapping_with_no_taskflow_operators.py for tasks to queue
[2023-07-19T16:49:35.671+0000] {logging_mixin.py:150} INFO - [2023-07-19T16:49:35.671+0000] {dagbag.py:541} INFO - Filling up the DagBag from /home/airflow/.local/lib/python3.7/site-packages/airflow/example_dags/example_dynamic_task_mapping_with_no_taskflow_operators.py
[2023-07-19T16:49:35.702+0000] {processor.py:836} INFO - DAG(s) dict_keys(['example_dynamic_task_mapping_with_no_taskflow_operators']) retrieved from /home/airflow/.local/lib/python3.7/site-packages/airflow/example_dags/example_dynamic_task_mapping_with_no_taskflow_operators.py
[2023-07-19T16:49:35.753+0000] {logging_mixin.py:150} INFO - [2023-07-19T16:49:35.753+0000] {dag.py:2742} INFO - Sync 1 DAGs
[2023-07-19T16:49:35.807+0000] {logging_mixin.py:150} INFO - [2023-07-19T16:49:35.807+0000] {dag.py:3508} INFO - Setting next_dagrun for example_dynamic_task_mapping_with_no_taskflow_operators to 2023-07-18T16:49:35.806782+00:00, run_after=2023-07-19T16:49:35.806782+00:00
[2023-07-19T16:49:35.828+0000] {processor.py:179} INFO - Processing /home/airflow/.local/lib/python3.7/site-packages/airflow/example_dags/example_dynamic_task_mapping_with_no_taskflow_operators.py took 0.165 seconds
[2023-07-19T16:50:06.358+0000] {processor.py:157} INFO - Started process (PID=1898) to work on /home/airflow/.local/lib/python3.7/site-packages/airflow/example_dags/example_dynamic_task_mapping_with_no_taskflow_operators.py
[2023-07-19T16:50:06.360+0000] {processor.py:826} INFO - Processing file /home/airflow/.local/lib/python3.7/site-packages/airflow/example_dags/example_dynamic_task_mapping_with_no_taskflow_operators.py for tasks to queue
[2023-07-19T16:50:06.363+0000] {logging_mixin.py:150} INFO - [2023-07-19T16:50:06.361+0000] {dagbag.py:541} INFO - Filling up the DagBag from /home/airflow/.local/lib/python3.7/site-packages/airflow/example_dags/example_dynamic_task_mapping_with_no_taskflow_operators.py
[2023-07-19T16:50:06.383+0000] {processor.py:836} INFO - DAG(s) dict_keys(['example_dynamic_task_mapping_with_no_taskflow_operators']) retrieved from /home/airflow/.local/lib/python3.7/site-packages/airflow/example_dags/example_dynamic_task_mapping_with_no_taskflow_operators.py
[2023-07-19T16:50:06.435+0000] {logging_mixin.py:150} INFO - [2023-07-19T16:50:06.435+0000] {dag.py:2742} INFO - Sync 1 DAGs
[2023-07-19T16:50:06.509+0000] {logging_mixin.py:150} INFO - [2023-07-19T16:50:06.509+0000] {dag.py:3508} INFO - Setting next_dagrun for example_dynamic_task_mapping_with_no_taskflow_operators to 2023-07-18T16:50:06.508908+00:00, run_after=2023-07-19T16:50:06.508908+00:00
[2023-07-19T16:50:06.566+0000] {processor.py:179} INFO - Processing /home/airflow/.local/lib/python3.7/site-packages/airflow/example_dags/example_dynamic_task_mapping_with_no_taskflow_operators.py took 0.224 seconds
[2023-07-19T16:50:36.806+0000] {processor.py:157} INFO - Started process (PID=1953) to work on /home/airflow/.local/lib/python3.7/site-packages/airflow/example_dags/example_dynamic_task_mapping_with_no_taskflow_operators.py
[2023-07-19T16:50:36.811+0000] {processor.py:826} INFO - Processing file /home/airflow/.local/lib/python3.7/site-packages/airflow/example_dags/example_dynamic_task_mapping_with_no_taskflow_operators.py for tasks to queue
[2023-07-19T16:50:36.812+0000] {logging_mixin.py:150} INFO - [2023-07-19T16:50:36.811+0000] {dagbag.py:541} INFO - Filling up the DagBag from /home/airflow/.local/lib/python3.7/site-packages/airflow/example_dags/example_dynamic_task_mapping_with_no_taskflow_operators.py
[2023-07-19T16:50:36.842+0000] {processor.py:836} INFO - DAG(s) dict_keys(['example_dynamic_task_mapping_with_no_taskflow_operators']) retrieved from /home/airflow/.local/lib/python3.7/site-packages/airflow/example_dags/example_dynamic_task_mapping_with_no_taskflow_operators.py
[2023-07-19T16:50:36.911+0000] {logging_mixin.py:150} INFO - [2023-07-19T16:50:36.911+0000] {dag.py:2742} INFO - Sync 1 DAGs
[2023-07-19T16:50:36.962+0000] {logging_mixin.py:150} INFO - [2023-07-19T16:50:36.961+0000] {dag.py:3508} INFO - Setting next_dagrun for example_dynamic_task_mapping_with_no_taskflow_operators to 2023-07-18T16:50:36.961529+00:00, run_after=2023-07-19T16:50:36.961529+00:00
[2023-07-19T16:50:36.983+0000] {processor.py:179} INFO - Processing /home/airflow/.local/lib/python3.7/site-packages/airflow/example_dags/example_dynamic_task_mapping_with_no_taskflow_operators.py took 0.190 seconds
[2023-07-19T16:51:07.243+0000] {processor.py:157} INFO - Started process (PID=2008) to work on /home/airflow/.local/lib/python3.7/site-packages/airflow/example_dags/example_dynamic_task_mapping_with_no_taskflow_operators.py
[2023-07-19T16:51:07.248+0000] {processor.py:826} INFO - Processing file /home/airflow/.local/lib/python3.7/site-packages/airflow/example_dags/example_dynamic_task_mapping_with_no_taskflow_operators.py for tasks to queue
[2023-07-19T16:51:07.253+0000] {logging_mixin.py:150} INFO - [2023-07-19T16:51:07.253+0000] {dagbag.py:541} INFO - Filling up the DagBag from /home/airflow/.local/lib/python3.7/site-packages/airflow/example_dags/example_dynamic_task_mapping_with_no_taskflow_operators.py
[2023-07-19T16:51:07.288+0000] {processor.py:836} INFO - DAG(s) dict_keys(['example_dynamic_task_mapping_with_no_taskflow_operators']) retrieved from /home/airflow/.local/lib/python3.7/site-packages/airflow/example_dags/example_dynamic_task_mapping_with_no_taskflow_operators.py
[2023-07-19T16:51:07.365+0000] {logging_mixin.py:150} INFO - [2023-07-19T16:51:07.365+0000] {dag.py:2742} INFO - Sync 1 DAGs
[2023-07-19T16:51:07.392+0000] {logging_mixin.py:150} INFO - [2023-07-19T16:51:07.392+0000] {dag.py:3508} INFO - Setting next_dagrun for example_dynamic_task_mapping_with_no_taskflow_operators to 2023-07-18T16:51:07.392004+00:00, run_after=2023-07-19T16:51:07.392004+00:00
[2023-07-19T16:51:07.405+0000] {processor.py:179} INFO - Processing /home/airflow/.local/lib/python3.7/site-packages/airflow/example_dags/example_dynamic_task_mapping_with_no_taskflow_operators.py took 0.192 seconds
[2023-07-19T16:51:37.456+0000] {processor.py:157} INFO - Started process (PID=2063) to work on /home/airflow/.local/lib/python3.7/site-packages/airflow/example_dags/example_dynamic_task_mapping_with_no_taskflow_operators.py
[2023-07-19T16:51:37.457+0000] {processor.py:826} INFO - Processing file /home/airflow/.local/lib/python3.7/site-packages/airflow/example_dags/example_dynamic_task_mapping_with_no_taskflow_operators.py for tasks to queue
[2023-07-19T16:51:37.458+0000] {logging_mixin.py:150} INFO - [2023-07-19T16:51:37.458+0000] {dagbag.py:541} INFO - Filling up the DagBag from /home/airflow/.local/lib/python3.7/site-packages/airflow/example_dags/example_dynamic_task_mapping_with_no_taskflow_operators.py
[2023-07-19T16:51:37.476+0000] {processor.py:836} INFO - DAG(s) dict_keys(['example_dynamic_task_mapping_with_no_taskflow_operators']) retrieved from /home/airflow/.local/lib/python3.7/site-packages/airflow/example_dags/example_dynamic_task_mapping_with_no_taskflow_operators.py
[2023-07-19T16:51:37.553+0000] {logging_mixin.py:150} INFO - [2023-07-19T16:51:37.553+0000] {dag.py:2742} INFO - Sync 1 DAGs
[2023-07-19T16:51:37.588+0000] {logging_mixin.py:150} INFO - [2023-07-19T16:51:37.588+0000] {dag.py:3508} INFO - Setting next_dagrun for example_dynamic_task_mapping_with_no_taskflow_operators to 2023-07-18T16:51:37.588097+00:00, run_after=2023-07-19T16:51:37.588097+00:00
[2023-07-19T16:51:37.603+0000] {processor.py:179} INFO - Processing /home/airflow/.local/lib/python3.7/site-packages/airflow/example_dags/example_dynamic_task_mapping_with_no_taskflow_operators.py took 0.162 seconds
