[2023-07-19T16:32:52.067+0000] {processor.py:157} INFO - Started process (PID=61) to work on /home/airflow/.local/lib/python3.7/site-packages/airflow/example_dags/example_xcomargs.py
[2023-07-19T16:32:52.067+0000] {processor.py:826} INFO - Processing file /home/airflow/.local/lib/python3.7/site-packages/airflow/example_dags/example_xcomargs.py for tasks to queue
[2023-07-19T16:32:52.068+0000] {logging_mixin.py:150} INFO - [2023-07-19T16:32:52.068+0000] {dagbag.py:541} INFO - Filling up the DagBag from /home/airflow/.local/lib/python3.7/site-packages/airflow/example_dags/example_xcomargs.py
[2023-07-19T16:32:52.088+0000] {processor.py:836} INFO - DAG(s) dict_keys(['example_xcom_args_with_operators', 'example_xcom_args']) retrieved from /home/airflow/.local/lib/python3.7/site-packages/airflow/example_dags/example_xcomargs.py
[2023-07-19T16:32:52.135+0000] {logging_mixin.py:150} INFO - [2023-07-19T16:32:52.134+0000] {dag.py:2742} INFO - Sync 2 DAGs
[2023-07-19T16:32:52.154+0000] {logging_mixin.py:150} INFO - [2023-07-19T16:32:52.154+0000] {dag.py:3508} INFO - Setting next_dagrun for example_xcom_args to None, run_after=None
[2023-07-19T16:32:52.156+0000] {logging_mixin.py:150} INFO - [2023-07-19T16:32:52.156+0000] {dag.py:3508} INFO - Setting next_dagrun for example_xcom_args_with_operators to None, run_after=None
[2023-07-19T16:32:52.164+0000] {processor.py:179} INFO - Processing /home/airflow/.local/lib/python3.7/site-packages/airflow/example_dags/example_xcomargs.py took 0.100 seconds
[2023-07-19T16:33:22.712+0000] {processor.py:157} INFO - Started process (PID=115) to work on /home/airflow/.local/lib/python3.7/site-packages/airflow/example_dags/example_xcomargs.py
[2023-07-19T16:33:22.715+0000] {processor.py:826} INFO - Processing file /home/airflow/.local/lib/python3.7/site-packages/airflow/example_dags/example_xcomargs.py for tasks to queue
[2023-07-19T16:33:22.716+0000] {logging_mixin.py:150} INFO - [2023-07-19T16:33:22.715+0000] {dagbag.py:541} INFO - Filling up the DagBag from /home/airflow/.local/lib/python3.7/site-packages/airflow/example_dags/example_xcomargs.py
[2023-07-19T16:33:22.720+0000] {processor.py:836} INFO - DAG(s) dict_keys(['example_xcom_args', 'example_xcom_args_with_operators']) retrieved from /home/airflow/.local/lib/python3.7/site-packages/airflow/example_dags/example_xcomargs.py
[2023-07-19T16:33:22.755+0000] {logging_mixin.py:150} INFO - [2023-07-19T16:33:22.755+0000] {dag.py:2742} INFO - Sync 2 DAGs
[2023-07-19T16:33:22.778+0000] {logging_mixin.py:150} INFO - [2023-07-19T16:33:22.778+0000] {dag.py:3508} INFO - Setting next_dagrun for example_xcom_args to None, run_after=None
[2023-07-19T16:33:22.785+0000] {logging_mixin.py:150} INFO - [2023-07-19T16:33:22.785+0000] {dag.py:3508} INFO - Setting next_dagrun for example_xcom_args_with_operators to None, run_after=None
[2023-07-19T16:33:22.819+0000] {processor.py:179} INFO - Processing /home/airflow/.local/lib/python3.7/site-packages/airflow/example_dags/example_xcomargs.py took 0.110 seconds
[2023-07-19T16:33:53.547+0000] {processor.py:157} INFO - Started process (PID=171) to work on /home/airflow/.local/lib/python3.7/site-packages/airflow/example_dags/example_xcomargs.py
[2023-07-19T16:33:53.548+0000] {processor.py:826} INFO - Processing file /home/airflow/.local/lib/python3.7/site-packages/airflow/example_dags/example_xcomargs.py for tasks to queue
[2023-07-19T16:33:53.548+0000] {logging_mixin.py:150} INFO - [2023-07-19T16:33:53.548+0000] {dagbag.py:541} INFO - Filling up the DagBag from /home/airflow/.local/lib/python3.7/site-packages/airflow/example_dags/example_xcomargs.py
[2023-07-19T16:33:53.552+0000] {processor.py:836} INFO - DAG(s) dict_keys(['example_xcom_args', 'example_xcom_args_with_operators']) retrieved from /home/airflow/.local/lib/python3.7/site-packages/airflow/example_dags/example_xcomargs.py
[2023-07-19T16:33:53.581+0000] {logging_mixin.py:150} INFO - [2023-07-19T16:33:53.581+0000] {dag.py:2742} INFO - Sync 2 DAGs
[2023-07-19T16:33:53.594+0000] {logging_mixin.py:150} INFO - [2023-07-19T16:33:53.594+0000] {dag.py:3508} INFO - Setting next_dagrun for example_xcom_args to None, run_after=None
[2023-07-19T16:33:53.596+0000] {logging_mixin.py:150} INFO - [2023-07-19T16:33:53.596+0000] {dag.py:3508} INFO - Setting next_dagrun for example_xcom_args_with_operators to None, run_after=None
[2023-07-19T16:33:53.604+0000] {processor.py:179} INFO - Processing /home/airflow/.local/lib/python3.7/site-packages/airflow/example_dags/example_xcomargs.py took 0.059 seconds
[2023-07-19T16:34:23.931+0000] {processor.py:157} INFO - Started process (PID=225) to work on /home/airflow/.local/lib/python3.7/site-packages/airflow/example_dags/example_xcomargs.py
[2023-07-19T16:34:23.932+0000] {processor.py:826} INFO - Processing file /home/airflow/.local/lib/python3.7/site-packages/airflow/example_dags/example_xcomargs.py for tasks to queue
[2023-07-19T16:34:23.933+0000] {logging_mixin.py:150} INFO - [2023-07-19T16:34:23.933+0000] {dagbag.py:541} INFO - Filling up the DagBag from /home/airflow/.local/lib/python3.7/site-packages/airflow/example_dags/example_xcomargs.py
[2023-07-19T16:34:23.941+0000] {processor.py:836} INFO - DAG(s) dict_keys(['example_xcom_args_with_operators', 'example_xcom_args']) retrieved from /home/airflow/.local/lib/python3.7/site-packages/airflow/example_dags/example_xcomargs.py
[2023-07-19T16:34:23.970+0000] {logging_mixin.py:150} INFO - [2023-07-19T16:34:23.970+0000] {dag.py:2742} INFO - Sync 2 DAGs
[2023-07-19T16:34:23.994+0000] {logging_mixin.py:150} INFO - [2023-07-19T16:34:23.994+0000] {dag.py:3508} INFO - Setting next_dagrun for example_xcom_args to None, run_after=None
[2023-07-19T16:34:23.996+0000] {logging_mixin.py:150} INFO - [2023-07-19T16:34:23.996+0000] {dag.py:3508} INFO - Setting next_dagrun for example_xcom_args_with_operators to None, run_after=None
[2023-07-19T16:34:24.010+0000] {processor.py:179} INFO - Processing /home/airflow/.local/lib/python3.7/site-packages/airflow/example_dags/example_xcomargs.py took 0.081 seconds
[2023-07-19T16:34:54.242+0000] {processor.py:157} INFO - Started process (PID=280) to work on /home/airflow/.local/lib/python3.7/site-packages/airflow/example_dags/example_xcomargs.py
[2023-07-19T16:34:54.242+0000] {processor.py:826} INFO - Processing file /home/airflow/.local/lib/python3.7/site-packages/airflow/example_dags/example_xcomargs.py for tasks to queue
[2023-07-19T16:34:54.243+0000] {logging_mixin.py:150} INFO - [2023-07-19T16:34:54.243+0000] {dagbag.py:541} INFO - Filling up the DagBag from /home/airflow/.local/lib/python3.7/site-packages/airflow/example_dags/example_xcomargs.py
[2023-07-19T16:34:54.249+0000] {processor.py:836} INFO - DAG(s) dict_keys(['example_xcom_args', 'example_xcom_args_with_operators']) retrieved from /home/airflow/.local/lib/python3.7/site-packages/airflow/example_dags/example_xcomargs.py
[2023-07-19T16:34:54.270+0000] {logging_mixin.py:150} INFO - [2023-07-19T16:34:54.270+0000] {dag.py:2742} INFO - Sync 2 DAGs
[2023-07-19T16:34:54.283+0000] {logging_mixin.py:150} INFO - [2023-07-19T16:34:54.283+0000] {dag.py:3508} INFO - Setting next_dagrun for example_xcom_args to None, run_after=None
[2023-07-19T16:34:54.286+0000] {logging_mixin.py:150} INFO - [2023-07-19T16:34:54.285+0000] {dag.py:3508} INFO - Setting next_dagrun for example_xcom_args_with_operators to None, run_after=None
[2023-07-19T16:34:54.299+0000] {processor.py:179} INFO - Processing /home/airflow/.local/lib/python3.7/site-packages/airflow/example_dags/example_xcomargs.py took 0.059 seconds
[2023-07-19T16:35:24.880+0000] {processor.py:157} INFO - Started process (PID=335) to work on /home/airflow/.local/lib/python3.7/site-packages/airflow/example_dags/example_xcomargs.py
[2023-07-19T16:35:24.886+0000] {processor.py:826} INFO - Processing file /home/airflow/.local/lib/python3.7/site-packages/airflow/example_dags/example_xcomargs.py for tasks to queue
[2023-07-19T16:35:24.887+0000] {logging_mixin.py:150} INFO - [2023-07-19T16:35:24.887+0000] {dagbag.py:541} INFO - Filling up the DagBag from /home/airflow/.local/lib/python3.7/site-packages/airflow/example_dags/example_xcomargs.py
[2023-07-19T16:35:24.898+0000] {processor.py:836} INFO - DAG(s) dict_keys(['example_xcom_args_with_operators', 'example_xcom_args']) retrieved from /home/airflow/.local/lib/python3.7/site-packages/airflow/example_dags/example_xcomargs.py
[2023-07-19T16:35:24.921+0000] {logging_mixin.py:150} INFO - [2023-07-19T16:35:24.921+0000] {dag.py:2742} INFO - Sync 2 DAGs
[2023-07-19T16:35:24.939+0000] {logging_mixin.py:150} INFO - [2023-07-19T16:35:24.939+0000] {dag.py:3508} INFO - Setting next_dagrun for example_xcom_args to None, run_after=None
[2023-07-19T16:35:24.941+0000] {logging_mixin.py:150} INFO - [2023-07-19T16:35:24.941+0000] {dag.py:3508} INFO - Setting next_dagrun for example_xcom_args_with_operators to None, run_after=None
[2023-07-19T16:35:24.959+0000] {processor.py:179} INFO - Processing /home/airflow/.local/lib/python3.7/site-packages/airflow/example_dags/example_xcomargs.py took 0.080 seconds
[2023-07-19T16:35:55.805+0000] {processor.py:157} INFO - Started process (PID=391) to work on /home/airflow/.local/lib/python3.7/site-packages/airflow/example_dags/example_xcomargs.py
[2023-07-19T16:35:55.805+0000] {processor.py:826} INFO - Processing file /home/airflow/.local/lib/python3.7/site-packages/airflow/example_dags/example_xcomargs.py for tasks to queue
[2023-07-19T16:35:55.806+0000] {logging_mixin.py:150} INFO - [2023-07-19T16:35:55.806+0000] {dagbag.py:541} INFO - Filling up the DagBag from /home/airflow/.local/lib/python3.7/site-packages/airflow/example_dags/example_xcomargs.py
[2023-07-19T16:35:55.810+0000] {processor.py:836} INFO - DAG(s) dict_keys(['example_xcom_args_with_operators', 'example_xcom_args']) retrieved from /home/airflow/.local/lib/python3.7/site-packages/airflow/example_dags/example_xcomargs.py
[2023-07-19T16:35:55.825+0000] {logging_mixin.py:150} INFO - [2023-07-19T16:35:55.825+0000] {dag.py:2742} INFO - Sync 2 DAGs
[2023-07-19T16:35:55.837+0000] {logging_mixin.py:150} INFO - [2023-07-19T16:35:55.837+0000] {dag.py:3508} INFO - Setting next_dagrun for example_xcom_args to None, run_after=None
[2023-07-19T16:35:55.839+0000] {logging_mixin.py:150} INFO - [2023-07-19T16:35:55.839+0000] {dag.py:3508} INFO - Setting next_dagrun for example_xcom_args_with_operators to None, run_after=None
[2023-07-19T16:35:55.846+0000] {processor.py:179} INFO - Processing /home/airflow/.local/lib/python3.7/site-packages/airflow/example_dags/example_xcomargs.py took 0.043 seconds
[2023-07-19T16:36:26.531+0000] {processor.py:157} INFO - Started process (PID=446) to work on /home/airflow/.local/lib/python3.7/site-packages/airflow/example_dags/example_xcomargs.py
[2023-07-19T16:36:26.532+0000] {processor.py:826} INFO - Processing file /home/airflow/.local/lib/python3.7/site-packages/airflow/example_dags/example_xcomargs.py for tasks to queue
[2023-07-19T16:36:26.532+0000] {logging_mixin.py:150} INFO - [2023-07-19T16:36:26.532+0000] {dagbag.py:541} INFO - Filling up the DagBag from /home/airflow/.local/lib/python3.7/site-packages/airflow/example_dags/example_xcomargs.py
[2023-07-19T16:36:26.536+0000] {processor.py:836} INFO - DAG(s) dict_keys(['example_xcom_args_with_operators', 'example_xcom_args']) retrieved from /home/airflow/.local/lib/python3.7/site-packages/airflow/example_dags/example_xcomargs.py
[2023-07-19T16:36:26.552+0000] {logging_mixin.py:150} INFO - [2023-07-19T16:36:26.552+0000] {dag.py:2742} INFO - Sync 2 DAGs
[2023-07-19T16:36:26.573+0000] {logging_mixin.py:150} INFO - [2023-07-19T16:36:26.573+0000] {dag.py:3508} INFO - Setting next_dagrun for example_xcom_args to None, run_after=None
[2023-07-19T16:36:26.576+0000] {logging_mixin.py:150} INFO - [2023-07-19T16:36:26.576+0000] {dag.py:3508} INFO - Setting next_dagrun for example_xcom_args_with_operators to None, run_after=None
[2023-07-19T16:36:26.584+0000] {processor.py:179} INFO - Processing /home/airflow/.local/lib/python3.7/site-packages/airflow/example_dags/example_xcomargs.py took 0.054 seconds
[2023-07-19T16:36:57.535+0000] {processor.py:157} INFO - Started process (PID=501) to work on /home/airflow/.local/lib/python3.7/site-packages/airflow/example_dags/example_xcomargs.py
[2023-07-19T16:36:57.535+0000] {processor.py:826} INFO - Processing file /home/airflow/.local/lib/python3.7/site-packages/airflow/example_dags/example_xcomargs.py for tasks to queue
[2023-07-19T16:36:57.535+0000] {logging_mixin.py:150} INFO - [2023-07-19T16:36:57.535+0000] {dagbag.py:541} INFO - Filling up the DagBag from /home/airflow/.local/lib/python3.7/site-packages/airflow/example_dags/example_xcomargs.py
[2023-07-19T16:36:57.544+0000] {processor.py:836} INFO - DAG(s) dict_keys(['example_xcom_args_with_operators', 'example_xcom_args']) retrieved from /home/airflow/.local/lib/python3.7/site-packages/airflow/example_dags/example_xcomargs.py
[2023-07-19T16:36:57.562+0000] {logging_mixin.py:150} INFO - [2023-07-19T16:36:57.562+0000] {dag.py:2742} INFO - Sync 2 DAGs
[2023-07-19T16:36:57.578+0000] {logging_mixin.py:150} INFO - [2023-07-19T16:36:57.578+0000] {dag.py:3508} INFO - Setting next_dagrun for example_xcom_args to None, run_after=None
[2023-07-19T16:36:57.580+0000] {logging_mixin.py:150} INFO - [2023-07-19T16:36:57.580+0000] {dag.py:3508} INFO - Setting next_dagrun for example_xcom_args_with_operators to None, run_after=None
[2023-07-19T16:36:57.587+0000] {processor.py:179} INFO - Processing /home/airflow/.local/lib/python3.7/site-packages/airflow/example_dags/example_xcomargs.py took 0.054 seconds
[2023-07-19T16:37:29.237+0000] {processor.py:157} INFO - Started process (PID=556) to work on /home/airflow/.local/lib/python3.7/site-packages/airflow/example_dags/example_xcomargs.py
[2023-07-19T16:37:29.241+0000] {processor.py:826} INFO - Processing file /home/airflow/.local/lib/python3.7/site-packages/airflow/example_dags/example_xcomargs.py for tasks to queue
[2023-07-19T16:37:29.241+0000] {logging_mixin.py:150} INFO - [2023-07-19T16:37:29.241+0000] {dagbag.py:541} INFO - Filling up the DagBag from /home/airflow/.local/lib/python3.7/site-packages/airflow/example_dags/example_xcomargs.py
[2023-07-19T16:37:29.278+0000] {processor.py:836} INFO - DAG(s) dict_keys(['example_xcom_args', 'example_xcom_args_with_operators']) retrieved from /home/airflow/.local/lib/python3.7/site-packages/airflow/example_dags/example_xcomargs.py
[2023-07-19T16:37:29.358+0000] {logging_mixin.py:150} INFO - [2023-07-19T16:37:29.357+0000] {dag.py:2742} INFO - Sync 2 DAGs
[2023-07-19T16:37:29.409+0000] {logging_mixin.py:150} INFO - [2023-07-19T16:37:29.409+0000] {dag.py:3508} INFO - Setting next_dagrun for example_xcom_args to None, run_after=None
[2023-07-19T16:37:29.410+0000] {logging_mixin.py:150} INFO - [2023-07-19T16:37:29.410+0000] {dag.py:3508} INFO - Setting next_dagrun for example_xcom_args_with_operators to None, run_after=None
[2023-07-19T16:37:29.442+0000] {processor.py:179} INFO - Processing /home/airflow/.local/lib/python3.7/site-packages/airflow/example_dags/example_xcomargs.py took 0.219 seconds
[2023-07-19T16:38:00.630+0000] {processor.py:157} INFO - Started process (PID=612) to work on /home/airflow/.local/lib/python3.7/site-packages/airflow/example_dags/example_xcomargs.py
[2023-07-19T16:38:00.634+0000] {processor.py:826} INFO - Processing file /home/airflow/.local/lib/python3.7/site-packages/airflow/example_dags/example_xcomargs.py for tasks to queue
[2023-07-19T16:38:00.636+0000] {logging_mixin.py:150} INFO - [2023-07-19T16:38:00.635+0000] {dagbag.py:541} INFO - Filling up the DagBag from /home/airflow/.local/lib/python3.7/site-packages/airflow/example_dags/example_xcomargs.py
[2023-07-19T16:38:00.674+0000] {processor.py:836} INFO - DAG(s) dict_keys(['example_xcom_args', 'example_xcom_args_with_operators']) retrieved from /home/airflow/.local/lib/python3.7/site-packages/airflow/example_dags/example_xcomargs.py
[2023-07-19T16:38:00.801+0000] {logging_mixin.py:150} INFO - [2023-07-19T16:38:00.801+0000] {dag.py:2742} INFO - Sync 2 DAGs
[2023-07-19T16:38:00.868+0000] {logging_mixin.py:150} INFO - [2023-07-19T16:38:00.868+0000] {dag.py:3508} INFO - Setting next_dagrun for example_xcom_args to None, run_after=None
[2023-07-19T16:38:00.870+0000] {logging_mixin.py:150} INFO - [2023-07-19T16:38:00.870+0000] {dag.py:3508} INFO - Setting next_dagrun for example_xcom_args_with_operators to None, run_after=None
[2023-07-19T16:38:00.886+0000] {processor.py:179} INFO - Processing /home/airflow/.local/lib/python3.7/site-packages/airflow/example_dags/example_xcomargs.py took 0.268 seconds
[2023-07-19T16:38:31.143+0000] {processor.py:157} INFO - Started process (PID=666) to work on /home/airflow/.local/lib/python3.7/site-packages/airflow/example_dags/example_xcomargs.py
[2023-07-19T16:38:31.144+0000] {processor.py:826} INFO - Processing file /home/airflow/.local/lib/python3.7/site-packages/airflow/example_dags/example_xcomargs.py for tasks to queue
[2023-07-19T16:38:31.148+0000] {logging_mixin.py:150} INFO - [2023-07-19T16:38:31.144+0000] {dagbag.py:541} INFO - Filling up the DagBag from /home/airflow/.local/lib/python3.7/site-packages/airflow/example_dags/example_xcomargs.py
[2023-07-19T16:38:31.164+0000] {processor.py:836} INFO - DAG(s) dict_keys(['example_xcom_args_with_operators', 'example_xcom_args']) retrieved from /home/airflow/.local/lib/python3.7/site-packages/airflow/example_dags/example_xcomargs.py
[2023-07-19T16:38:31.224+0000] {logging_mixin.py:150} INFO - [2023-07-19T16:38:31.223+0000] {dag.py:2742} INFO - Sync 2 DAGs
[2023-07-19T16:38:31.535+0000] {logging_mixin.py:150} INFO - [2023-07-19T16:38:31.534+0000] {dag.py:3508} INFO - Setting next_dagrun for example_xcom_args to None, run_after=None
[2023-07-19T16:38:31.548+0000] {logging_mixin.py:150} INFO - [2023-07-19T16:38:31.548+0000] {dag.py:3508} INFO - Setting next_dagrun for example_xcom_args_with_operators to None, run_after=None
[2023-07-19T16:38:31.605+0000] {processor.py:179} INFO - Processing /home/airflow/.local/lib/python3.7/site-packages/airflow/example_dags/example_xcomargs.py took 0.464 seconds
[2023-07-19T16:39:01.903+0000] {processor.py:157} INFO - Started process (PID=721) to work on /home/airflow/.local/lib/python3.7/site-packages/airflow/example_dags/example_xcomargs.py
[2023-07-19T16:39:01.913+0000] {processor.py:826} INFO - Processing file /home/airflow/.local/lib/python3.7/site-packages/airflow/example_dags/example_xcomargs.py for tasks to queue
[2023-07-19T16:39:01.913+0000] {logging_mixin.py:150} INFO - [2023-07-19T16:39:01.913+0000] {dagbag.py:541} INFO - Filling up the DagBag from /home/airflow/.local/lib/python3.7/site-packages/airflow/example_dags/example_xcomargs.py
[2023-07-19T16:39:01.947+0000] {processor.py:836} INFO - DAG(s) dict_keys(['example_xcom_args_with_operators', 'example_xcom_args']) retrieved from /home/airflow/.local/lib/python3.7/site-packages/airflow/example_dags/example_xcomargs.py
[2023-07-19T16:39:02.087+0000] {logging_mixin.py:150} INFO - [2023-07-19T16:39:02.087+0000] {dag.py:2742} INFO - Sync 2 DAGs
[2023-07-19T16:39:02.169+0000] {logging_mixin.py:150} INFO - [2023-07-19T16:39:02.168+0000] {dag.py:3508} INFO - Setting next_dagrun for example_xcom_args to None, run_after=None
[2023-07-19T16:39:02.178+0000] {logging_mixin.py:150} INFO - [2023-07-19T16:39:02.178+0000] {dag.py:3508} INFO - Setting next_dagrun for example_xcom_args_with_operators to None, run_after=None
[2023-07-19T16:39:02.221+0000] {processor.py:179} INFO - Processing /home/airflow/.local/lib/python3.7/site-packages/airflow/example_dags/example_xcomargs.py took 0.344 seconds
[2023-07-19T16:39:32.878+0000] {processor.py:157} INFO - Started process (PID=776) to work on /home/airflow/.local/lib/python3.7/site-packages/airflow/example_dags/example_xcomargs.py
[2023-07-19T16:39:32.878+0000] {processor.py:826} INFO - Processing file /home/airflow/.local/lib/python3.7/site-packages/airflow/example_dags/example_xcomargs.py for tasks to queue
[2023-07-19T16:39:32.879+0000] {logging_mixin.py:150} INFO - [2023-07-19T16:39:32.879+0000] {dagbag.py:541} INFO - Filling up the DagBag from /home/airflow/.local/lib/python3.7/site-packages/airflow/example_dags/example_xcomargs.py
[2023-07-19T16:39:32.890+0000] {processor.py:836} INFO - DAG(s) dict_keys(['example_xcom_args', 'example_xcom_args_with_operators']) retrieved from /home/airflow/.local/lib/python3.7/site-packages/airflow/example_dags/example_xcomargs.py
[2023-07-19T16:39:32.908+0000] {logging_mixin.py:150} INFO - [2023-07-19T16:39:32.908+0000] {dag.py:2742} INFO - Sync 2 DAGs
[2023-07-19T16:39:32.921+0000] {logging_mixin.py:150} INFO - [2023-07-19T16:39:32.921+0000] {dag.py:3508} INFO - Setting next_dagrun for example_xcom_args to None, run_after=None
[2023-07-19T16:39:32.923+0000] {logging_mixin.py:150} INFO - [2023-07-19T16:39:32.923+0000] {dag.py:3508} INFO - Setting next_dagrun for example_xcom_args_with_operators to None, run_after=None
[2023-07-19T16:39:32.930+0000] {processor.py:179} INFO - Processing /home/airflow/.local/lib/python3.7/site-packages/airflow/example_dags/example_xcomargs.py took 0.056 seconds
[2023-07-19T16:40:12.846+0000] {processor.py:157} INFO - Started process (PID=832) to work on /home/airflow/.local/lib/python3.7/site-packages/airflow/example_dags/example_xcomargs.py
[2023-07-19T16:40:12.849+0000] {processor.py:826} INFO - Processing file /home/airflow/.local/lib/python3.7/site-packages/airflow/example_dags/example_xcomargs.py for tasks to queue
[2023-07-19T16:40:12.850+0000] {logging_mixin.py:150} INFO - [2023-07-19T16:40:12.850+0000] {dagbag.py:541} INFO - Filling up the DagBag from /home/airflow/.local/lib/python3.7/site-packages/airflow/example_dags/example_xcomargs.py
[2023-07-19T16:40:12.876+0000] {processor.py:836} INFO - DAG(s) dict_keys(['example_xcom_args', 'example_xcom_args_with_operators']) retrieved from /home/airflow/.local/lib/python3.7/site-packages/airflow/example_dags/example_xcomargs.py
[2023-07-19T16:40:12.982+0000] {logging_mixin.py:150} INFO - [2023-07-19T16:40:12.977+0000] {dag.py:2742} INFO - Sync 2 DAGs
[2023-07-19T16:40:13.049+0000] {logging_mixin.py:150} INFO - [2023-07-19T16:40:13.049+0000] {dag.py:3508} INFO - Setting next_dagrun for example_xcom_args to None, run_after=None
[2023-07-19T16:40:13.061+0000] {logging_mixin.py:150} INFO - [2023-07-19T16:40:13.061+0000] {dag.py:3508} INFO - Setting next_dagrun for example_xcom_args_with_operators to None, run_after=None
[2023-07-19T16:40:13.092+0000] {processor.py:179} INFO - Processing /home/airflow/.local/lib/python3.7/site-packages/airflow/example_dags/example_xcomargs.py took 0.256 seconds
[2023-07-19T16:40:43.711+0000] {processor.py:157} INFO - Started process (PID=887) to work on /home/airflow/.local/lib/python3.7/site-packages/airflow/example_dags/example_xcomargs.py
[2023-07-19T16:40:43.711+0000] {processor.py:826} INFO - Processing file /home/airflow/.local/lib/python3.7/site-packages/airflow/example_dags/example_xcomargs.py for tasks to queue
[2023-07-19T16:40:43.711+0000] {logging_mixin.py:150} INFO - [2023-07-19T16:40:43.711+0000] {dagbag.py:541} INFO - Filling up the DagBag from /home/airflow/.local/lib/python3.7/site-packages/airflow/example_dags/example_xcomargs.py
[2023-07-19T16:40:43.716+0000] {processor.py:836} INFO - DAG(s) dict_keys(['example_xcom_args', 'example_xcom_args_with_operators']) retrieved from /home/airflow/.local/lib/python3.7/site-packages/airflow/example_dags/example_xcomargs.py
[2023-07-19T16:40:43.756+0000] {logging_mixin.py:150} INFO - [2023-07-19T16:40:43.755+0000] {dag.py:2742} INFO - Sync 2 DAGs
[2023-07-19T16:40:43.780+0000] {logging_mixin.py:150} INFO - [2023-07-19T16:40:43.780+0000] {dag.py:3508} INFO - Setting next_dagrun for example_xcom_args to None, run_after=None
[2023-07-19T16:40:43.782+0000] {logging_mixin.py:150} INFO - [2023-07-19T16:40:43.781+0000] {dag.py:3508} INFO - Setting next_dagrun for example_xcom_args_with_operators to None, run_after=None
[2023-07-19T16:40:43.795+0000] {processor.py:179} INFO - Processing /home/airflow/.local/lib/python3.7/site-packages/airflow/example_dags/example_xcomargs.py took 0.086 seconds
[2023-07-19T16:41:13.875+0000] {processor.py:157} INFO - Started process (PID=941) to work on /home/airflow/.local/lib/python3.7/site-packages/airflow/example_dags/example_xcomargs.py
[2023-07-19T16:41:13.879+0000] {processor.py:826} INFO - Processing file /home/airflow/.local/lib/python3.7/site-packages/airflow/example_dags/example_xcomargs.py for tasks to queue
[2023-07-19T16:41:13.880+0000] {logging_mixin.py:150} INFO - [2023-07-19T16:41:13.880+0000] {dagbag.py:541} INFO - Filling up the DagBag from /home/airflow/.local/lib/python3.7/site-packages/airflow/example_dags/example_xcomargs.py
[2023-07-19T16:41:13.884+0000] {processor.py:836} INFO - DAG(s) dict_keys(['example_xcom_args_with_operators', 'example_xcom_args']) retrieved from /home/airflow/.local/lib/python3.7/site-packages/airflow/example_dags/example_xcomargs.py
[2023-07-19T16:41:13.922+0000] {logging_mixin.py:150} INFO - [2023-07-19T16:41:13.922+0000] {dag.py:2742} INFO - Sync 2 DAGs
[2023-07-19T16:41:13.936+0000] {logging_mixin.py:150} INFO - [2023-07-19T16:41:13.936+0000] {dag.py:3508} INFO - Setting next_dagrun for example_xcom_args to None, run_after=None
[2023-07-19T16:41:13.937+0000] {logging_mixin.py:150} INFO - [2023-07-19T16:41:13.937+0000] {dag.py:3508} INFO - Setting next_dagrun for example_xcom_args_with_operators to None, run_after=None
[2023-07-19T16:41:13.956+0000] {processor.py:179} INFO - Processing /home/airflow/.local/lib/python3.7/site-packages/airflow/example_dags/example_xcomargs.py took 0.083 seconds
[2023-07-19T16:41:44.439+0000] {processor.py:157} INFO - Started process (PID=996) to work on /home/airflow/.local/lib/python3.7/site-packages/airflow/example_dags/example_xcomargs.py
[2023-07-19T16:41:44.440+0000] {processor.py:826} INFO - Processing file /home/airflow/.local/lib/python3.7/site-packages/airflow/example_dags/example_xcomargs.py for tasks to queue
[2023-07-19T16:41:44.442+0000] {logging_mixin.py:150} INFO - [2023-07-19T16:41:44.441+0000] {dagbag.py:541} INFO - Filling up the DagBag from /home/airflow/.local/lib/python3.7/site-packages/airflow/example_dags/example_xcomargs.py
[2023-07-19T16:41:44.462+0000] {processor.py:836} INFO - DAG(s) dict_keys(['example_xcom_args', 'example_xcom_args_with_operators']) retrieved from /home/airflow/.local/lib/python3.7/site-packages/airflow/example_dags/example_xcomargs.py
[2023-07-19T16:41:44.496+0000] {logging_mixin.py:150} INFO - [2023-07-19T16:41:44.495+0000] {dag.py:2742} INFO - Sync 2 DAGs
[2023-07-19T16:41:44.529+0000] {logging_mixin.py:150} INFO - [2023-07-19T16:41:44.529+0000] {dag.py:3508} INFO - Setting next_dagrun for example_xcom_args to None, run_after=None
[2023-07-19T16:41:44.531+0000] {logging_mixin.py:150} INFO - [2023-07-19T16:41:44.531+0000] {dag.py:3508} INFO - Setting next_dagrun for example_xcom_args_with_operators to None, run_after=None
[2023-07-19T16:41:44.543+0000] {processor.py:179} INFO - Processing /home/airflow/.local/lib/python3.7/site-packages/airflow/example_dags/example_xcomargs.py took 0.106 seconds
[2023-07-19T16:42:14.701+0000] {processor.py:157} INFO - Started process (PID=1051) to work on /home/airflow/.local/lib/python3.7/site-packages/airflow/example_dags/example_xcomargs.py
[2023-07-19T16:42:14.702+0000] {processor.py:826} INFO - Processing file /home/airflow/.local/lib/python3.7/site-packages/airflow/example_dags/example_xcomargs.py for tasks to queue
[2023-07-19T16:42:14.702+0000] {logging_mixin.py:150} INFO - [2023-07-19T16:42:14.702+0000] {dagbag.py:541} INFO - Filling up the DagBag from /home/airflow/.local/lib/python3.7/site-packages/airflow/example_dags/example_xcomargs.py
[2023-07-19T16:42:14.707+0000] {processor.py:836} INFO - DAG(s) dict_keys(['example_xcom_args_with_operators', 'example_xcom_args']) retrieved from /home/airflow/.local/lib/python3.7/site-packages/airflow/example_dags/example_xcomargs.py
[2023-07-19T16:42:14.722+0000] {logging_mixin.py:150} INFO - [2023-07-19T16:42:14.721+0000] {dag.py:2742} INFO - Sync 2 DAGs
[2023-07-19T16:42:14.733+0000] {logging_mixin.py:150} INFO - [2023-07-19T16:42:14.733+0000] {dag.py:3508} INFO - Setting next_dagrun for example_xcom_args to None, run_after=None
[2023-07-19T16:42:14.735+0000] {logging_mixin.py:150} INFO - [2023-07-19T16:42:14.735+0000] {dag.py:3508} INFO - Setting next_dagrun for example_xcom_args_with_operators to None, run_after=None
[2023-07-19T16:42:14.741+0000] {processor.py:179} INFO - Processing /home/airflow/.local/lib/python3.7/site-packages/airflow/example_dags/example_xcomargs.py took 0.043 seconds
[2023-07-19T16:42:45.180+0000] {processor.py:157} INFO - Started process (PID=1111) to work on /home/airflow/.local/lib/python3.7/site-packages/airflow/example_dags/example_xcomargs.py
[2023-07-19T16:42:45.181+0000] {processor.py:826} INFO - Processing file /home/airflow/.local/lib/python3.7/site-packages/airflow/example_dags/example_xcomargs.py for tasks to queue
[2023-07-19T16:42:45.182+0000] {logging_mixin.py:150} INFO - [2023-07-19T16:42:45.181+0000] {dagbag.py:541} INFO - Filling up the DagBag from /home/airflow/.local/lib/python3.7/site-packages/airflow/example_dags/example_xcomargs.py
[2023-07-19T16:42:45.186+0000] {processor.py:836} INFO - DAG(s) dict_keys(['example_xcom_args_with_operators', 'example_xcom_args']) retrieved from /home/airflow/.local/lib/python3.7/site-packages/airflow/example_dags/example_xcomargs.py
[2023-07-19T16:42:45.201+0000] {logging_mixin.py:150} INFO - [2023-07-19T16:42:45.201+0000] {dag.py:2742} INFO - Sync 2 DAGs
[2023-07-19T16:42:45.212+0000] {logging_mixin.py:150} INFO - [2023-07-19T16:42:45.212+0000] {dag.py:3508} INFO - Setting next_dagrun for example_xcom_args to None, run_after=None
[2023-07-19T16:42:45.214+0000] {logging_mixin.py:150} INFO - [2023-07-19T16:42:45.214+0000] {dag.py:3508} INFO - Setting next_dagrun for example_xcom_args_with_operators to None, run_after=None
[2023-07-19T16:42:45.221+0000] {processor.py:179} INFO - Processing /home/airflow/.local/lib/python3.7/site-packages/airflow/example_dags/example_xcomargs.py took 0.047 seconds
[2023-07-19T16:43:16.109+0000] {processor.py:157} INFO - Started process (PID=1168) to work on /home/airflow/.local/lib/python3.7/site-packages/airflow/example_dags/example_xcomargs.py
[2023-07-19T16:43:16.110+0000] {processor.py:826} INFO - Processing file /home/airflow/.local/lib/python3.7/site-packages/airflow/example_dags/example_xcomargs.py for tasks to queue
[2023-07-19T16:43:16.111+0000] {logging_mixin.py:150} INFO - [2023-07-19T16:43:16.111+0000] {dagbag.py:541} INFO - Filling up the DagBag from /home/airflow/.local/lib/python3.7/site-packages/airflow/example_dags/example_xcomargs.py
[2023-07-19T16:43:16.180+0000] {processor.py:836} INFO - DAG(s) dict_keys(['example_xcom_args', 'example_xcom_args_with_operators']) retrieved from /home/airflow/.local/lib/python3.7/site-packages/airflow/example_dags/example_xcomargs.py
[2023-07-19T16:43:16.316+0000] {logging_mixin.py:150} INFO - [2023-07-19T16:43:16.316+0000] {dag.py:2742} INFO - Sync 2 DAGs
[2023-07-19T16:43:16.379+0000] {logging_mixin.py:150} INFO - [2023-07-19T16:43:16.379+0000] {dag.py:3508} INFO - Setting next_dagrun for example_xcom_args to None, run_after=None
[2023-07-19T16:43:16.384+0000] {logging_mixin.py:150} INFO - [2023-07-19T16:43:16.384+0000] {dag.py:3508} INFO - Setting next_dagrun for example_xcom_args_with_operators to None, run_after=None
[2023-07-19T16:43:16.411+0000] {processor.py:179} INFO - Processing /home/airflow/.local/lib/python3.7/site-packages/airflow/example_dags/example_xcomargs.py took 0.339 seconds
[2023-07-19T16:43:46.545+0000] {processor.py:157} INFO - Started process (PID=1223) to work on /home/airflow/.local/lib/python3.7/site-packages/airflow/example_dags/example_xcomargs.py
[2023-07-19T16:43:46.545+0000] {processor.py:826} INFO - Processing file /home/airflow/.local/lib/python3.7/site-packages/airflow/example_dags/example_xcomargs.py for tasks to queue
[2023-07-19T16:43:46.546+0000] {logging_mixin.py:150} INFO - [2023-07-19T16:43:46.546+0000] {dagbag.py:541} INFO - Filling up the DagBag from /home/airflow/.local/lib/python3.7/site-packages/airflow/example_dags/example_xcomargs.py
[2023-07-19T16:43:46.551+0000] {processor.py:836} INFO - DAG(s) dict_keys(['example_xcom_args', 'example_xcom_args_with_operators']) retrieved from /home/airflow/.local/lib/python3.7/site-packages/airflow/example_dags/example_xcomargs.py
[2023-07-19T16:43:46.569+0000] {logging_mixin.py:150} INFO - [2023-07-19T16:43:46.569+0000] {dag.py:2742} INFO - Sync 2 DAGs
[2023-07-19T16:43:46.581+0000] {logging_mixin.py:150} INFO - [2023-07-19T16:43:46.581+0000] {dag.py:3508} INFO - Setting next_dagrun for example_xcom_args to None, run_after=None
[2023-07-19T16:43:46.582+0000] {logging_mixin.py:150} INFO - [2023-07-19T16:43:46.582+0000] {dag.py:3508} INFO - Setting next_dagrun for example_xcom_args_with_operators to None, run_after=None
[2023-07-19T16:43:46.590+0000] {processor.py:179} INFO - Processing /home/airflow/.local/lib/python3.7/site-packages/airflow/example_dags/example_xcomargs.py took 0.047 seconds
[2023-07-19T16:44:17.540+0000] {processor.py:157} INFO - Started process (PID=1278) to work on /home/airflow/.local/lib/python3.7/site-packages/airflow/example_dags/example_xcomargs.py
[2023-07-19T16:44:17.540+0000] {processor.py:826} INFO - Processing file /home/airflow/.local/lib/python3.7/site-packages/airflow/example_dags/example_xcomargs.py for tasks to queue
[2023-07-19T16:44:17.540+0000] {logging_mixin.py:150} INFO - [2023-07-19T16:44:17.540+0000] {dagbag.py:541} INFO - Filling up the DagBag from /home/airflow/.local/lib/python3.7/site-packages/airflow/example_dags/example_xcomargs.py
[2023-07-19T16:44:17.545+0000] {processor.py:836} INFO - DAG(s) dict_keys(['example_xcom_args_with_operators', 'example_xcom_args']) retrieved from /home/airflow/.local/lib/python3.7/site-packages/airflow/example_dags/example_xcomargs.py
[2023-07-19T16:44:17.560+0000] {logging_mixin.py:150} INFO - [2023-07-19T16:44:17.560+0000] {dag.py:2742} INFO - Sync 2 DAGs
[2023-07-19T16:44:17.572+0000] {logging_mixin.py:150} INFO - [2023-07-19T16:44:17.572+0000] {dag.py:3508} INFO - Setting next_dagrun for example_xcom_args to None, run_after=None
[2023-07-19T16:44:17.573+0000] {logging_mixin.py:150} INFO - [2023-07-19T16:44:17.573+0000] {dag.py:3508} INFO - Setting next_dagrun for example_xcom_args_with_operators to None, run_after=None
[2023-07-19T16:44:17.580+0000] {processor.py:179} INFO - Processing /home/airflow/.local/lib/python3.7/site-packages/airflow/example_dags/example_xcomargs.py took 0.042 seconds
[2023-07-19T16:44:48.220+0000] {processor.py:157} INFO - Started process (PID=1333) to work on /home/airflow/.local/lib/python3.7/site-packages/airflow/example_dags/example_xcomargs.py
[2023-07-19T16:44:48.220+0000] {processor.py:826} INFO - Processing file /home/airflow/.local/lib/python3.7/site-packages/airflow/example_dags/example_xcomargs.py for tasks to queue
[2023-07-19T16:44:48.221+0000] {logging_mixin.py:150} INFO - [2023-07-19T16:44:48.220+0000] {dagbag.py:541} INFO - Filling up the DagBag from /home/airflow/.local/lib/python3.7/site-packages/airflow/example_dags/example_xcomargs.py
[2023-07-19T16:44:48.226+0000] {processor.py:836} INFO - DAG(s) dict_keys(['example_xcom_args_with_operators', 'example_xcom_args']) retrieved from /home/airflow/.local/lib/python3.7/site-packages/airflow/example_dags/example_xcomargs.py
[2023-07-19T16:44:48.257+0000] {logging_mixin.py:150} INFO - [2023-07-19T16:44:48.256+0000] {dag.py:2742} INFO - Sync 2 DAGs
[2023-07-19T16:44:48.276+0000] {logging_mixin.py:150} INFO - [2023-07-19T16:44:48.276+0000] {dag.py:3508} INFO - Setting next_dagrun for example_xcom_args to None, run_after=None
[2023-07-19T16:44:48.278+0000] {logging_mixin.py:150} INFO - [2023-07-19T16:44:48.278+0000] {dag.py:3508} INFO - Setting next_dagrun for example_xcom_args_with_operators to None, run_after=None
[2023-07-19T16:44:48.285+0000] {processor.py:179} INFO - Processing /home/airflow/.local/lib/python3.7/site-packages/airflow/example_dags/example_xcomargs.py took 0.067 seconds
[2023-07-19T16:45:18.811+0000] {processor.py:157} INFO - Started process (PID=1388) to work on /home/airflow/.local/lib/python3.7/site-packages/airflow/example_dags/example_xcomargs.py
[2023-07-19T16:45:18.821+0000] {processor.py:826} INFO - Processing file /home/airflow/.local/lib/python3.7/site-packages/airflow/example_dags/example_xcomargs.py for tasks to queue
[2023-07-19T16:45:18.822+0000] {logging_mixin.py:150} INFO - [2023-07-19T16:45:18.821+0000] {dagbag.py:541} INFO - Filling up the DagBag from /home/airflow/.local/lib/python3.7/site-packages/airflow/example_dags/example_xcomargs.py
[2023-07-19T16:45:18.873+0000] {processor.py:836} INFO - DAG(s) dict_keys(['example_xcom_args', 'example_xcom_args_with_operators']) retrieved from /home/airflow/.local/lib/python3.7/site-packages/airflow/example_dags/example_xcomargs.py
[2023-07-19T16:45:19.138+0000] {logging_mixin.py:150} INFO - [2023-07-19T16:45:19.137+0000] {dag.py:2742} INFO - Sync 2 DAGs
[2023-07-19T16:45:19.269+0000] {logging_mixin.py:150} INFO - [2023-07-19T16:45:19.268+0000] {dag.py:3508} INFO - Setting next_dagrun for example_xcom_args to None, run_after=None
[2023-07-19T16:45:19.272+0000] {logging_mixin.py:150} INFO - [2023-07-19T16:45:19.272+0000] {dag.py:3508} INFO - Setting next_dagrun for example_xcom_args_with_operators to None, run_after=None
[2023-07-19T16:45:19.287+0000] {processor.py:179} INFO - Processing /home/airflow/.local/lib/python3.7/site-packages/airflow/example_dags/example_xcomargs.py took 0.486 seconds
[2023-07-19T16:45:49.620+0000] {processor.py:157} INFO - Started process (PID=1443) to work on /home/airflow/.local/lib/python3.7/site-packages/airflow/example_dags/example_xcomargs.py
[2023-07-19T16:45:49.621+0000] {processor.py:826} INFO - Processing file /home/airflow/.local/lib/python3.7/site-packages/airflow/example_dags/example_xcomargs.py for tasks to queue
[2023-07-19T16:45:49.621+0000] {logging_mixin.py:150} INFO - [2023-07-19T16:45:49.621+0000] {dagbag.py:541} INFO - Filling up the DagBag from /home/airflow/.local/lib/python3.7/site-packages/airflow/example_dags/example_xcomargs.py
[2023-07-19T16:45:49.630+0000] {processor.py:836} INFO - DAG(s) dict_keys(['example_xcom_args_with_operators', 'example_xcom_args']) retrieved from /home/airflow/.local/lib/python3.7/site-packages/airflow/example_dags/example_xcomargs.py
[2023-07-19T16:45:49.656+0000] {logging_mixin.py:150} INFO - [2023-07-19T16:45:49.656+0000] {dag.py:2742} INFO - Sync 2 DAGs
[2023-07-19T16:45:49.674+0000] {logging_mixin.py:150} INFO - [2023-07-19T16:45:49.674+0000] {dag.py:3508} INFO - Setting next_dagrun for example_xcom_args to None, run_after=None
[2023-07-19T16:45:49.677+0000] {logging_mixin.py:150} INFO - [2023-07-19T16:45:49.677+0000] {dag.py:3508} INFO - Setting next_dagrun for example_xcom_args_with_operators to None, run_after=None
[2023-07-19T16:45:49.690+0000] {processor.py:179} INFO - Processing /home/airflow/.local/lib/python3.7/site-packages/airflow/example_dags/example_xcomargs.py took 0.073 seconds
[2023-07-19T16:46:20.453+0000] {processor.py:157} INFO - Started process (PID=1498) to work on /home/airflow/.local/lib/python3.7/site-packages/airflow/example_dags/example_xcomargs.py
[2023-07-19T16:46:20.454+0000] {processor.py:826} INFO - Processing file /home/airflow/.local/lib/python3.7/site-packages/airflow/example_dags/example_xcomargs.py for tasks to queue
[2023-07-19T16:46:20.455+0000] {logging_mixin.py:150} INFO - [2023-07-19T16:46:20.455+0000] {dagbag.py:541} INFO - Filling up the DagBag from /home/airflow/.local/lib/python3.7/site-packages/airflow/example_dags/example_xcomargs.py
[2023-07-19T16:46:20.462+0000] {processor.py:836} INFO - DAG(s) dict_keys(['example_xcom_args_with_operators', 'example_xcom_args']) retrieved from /home/airflow/.local/lib/python3.7/site-packages/airflow/example_dags/example_xcomargs.py
[2023-07-19T16:46:20.522+0000] {logging_mixin.py:150} INFO - [2023-07-19T16:46:20.522+0000] {dag.py:2742} INFO - Sync 2 DAGs
[2023-07-19T16:46:20.550+0000] {logging_mixin.py:150} INFO - [2023-07-19T16:46:20.550+0000] {dag.py:3508} INFO - Setting next_dagrun for example_xcom_args to None, run_after=None
[2023-07-19T16:46:20.553+0000] {logging_mixin.py:150} INFO - [2023-07-19T16:46:20.552+0000] {dag.py:3508} INFO - Setting next_dagrun for example_xcom_args_with_operators to None, run_after=None
[2023-07-19T16:46:20.583+0000] {processor.py:179} INFO - Processing /home/airflow/.local/lib/python3.7/site-packages/airflow/example_dags/example_xcomargs.py took 0.132 seconds
[2023-07-19T16:46:50.814+0000] {processor.py:157} INFO - Started process (PID=1552) to work on /home/airflow/.local/lib/python3.7/site-packages/airflow/example_dags/example_xcomargs.py
[2023-07-19T16:46:50.815+0000] {processor.py:826} INFO - Processing file /home/airflow/.local/lib/python3.7/site-packages/airflow/example_dags/example_xcomargs.py for tasks to queue
[2023-07-19T16:46:50.816+0000] {logging_mixin.py:150} INFO - [2023-07-19T16:46:50.816+0000] {dagbag.py:541} INFO - Filling up the DagBag from /home/airflow/.local/lib/python3.7/site-packages/airflow/example_dags/example_xcomargs.py
[2023-07-19T16:46:50.820+0000] {processor.py:836} INFO - DAG(s) dict_keys(['example_xcom_args_with_operators', 'example_xcom_args']) retrieved from /home/airflow/.local/lib/python3.7/site-packages/airflow/example_dags/example_xcomargs.py
[2023-07-19T16:46:50.835+0000] {logging_mixin.py:150} INFO - [2023-07-19T16:46:50.834+0000] {dag.py:2742} INFO - Sync 2 DAGs
[2023-07-19T16:46:50.846+0000] {logging_mixin.py:150} INFO - [2023-07-19T16:46:50.845+0000] {dag.py:3508} INFO - Setting next_dagrun for example_xcom_args to None, run_after=None
[2023-07-19T16:46:50.847+0000] {logging_mixin.py:150} INFO - [2023-07-19T16:46:50.847+0000] {dag.py:3508} INFO - Setting next_dagrun for example_xcom_args_with_operators to None, run_after=None
[2023-07-19T16:46:50.853+0000] {processor.py:179} INFO - Processing /home/airflow/.local/lib/python3.7/site-packages/airflow/example_dags/example_xcomargs.py took 0.041 seconds
[2023-07-19T16:47:21.844+0000] {processor.py:157} INFO - Started process (PID=1607) to work on /home/airflow/.local/lib/python3.7/site-packages/airflow/example_dags/example_xcomargs.py
[2023-07-19T16:47:21.845+0000] {processor.py:826} INFO - Processing file /home/airflow/.local/lib/python3.7/site-packages/airflow/example_dags/example_xcomargs.py for tasks to queue
[2023-07-19T16:47:21.846+0000] {logging_mixin.py:150} INFO - [2023-07-19T16:47:21.845+0000] {dagbag.py:541} INFO - Filling up the DagBag from /home/airflow/.local/lib/python3.7/site-packages/airflow/example_dags/example_xcomargs.py
[2023-07-19T16:47:21.855+0000] {processor.py:836} INFO - DAG(s) dict_keys(['example_xcom_args', 'example_xcom_args_with_operators']) retrieved from /home/airflow/.local/lib/python3.7/site-packages/airflow/example_dags/example_xcomargs.py
[2023-07-19T16:47:21.878+0000] {logging_mixin.py:150} INFO - [2023-07-19T16:47:21.878+0000] {dag.py:2742} INFO - Sync 2 DAGs
[2023-07-19T16:47:21.892+0000] {logging_mixin.py:150} INFO - [2023-07-19T16:47:21.892+0000] {dag.py:3508} INFO - Setting next_dagrun for example_xcom_args to None, run_after=None
[2023-07-19T16:47:21.893+0000] {logging_mixin.py:150} INFO - [2023-07-19T16:47:21.893+0000] {dag.py:3508} INFO - Setting next_dagrun for example_xcom_args_with_operators to None, run_after=None
[2023-07-19T16:47:21.902+0000] {processor.py:179} INFO - Processing /home/airflow/.local/lib/python3.7/site-packages/airflow/example_dags/example_xcomargs.py took 0.060 seconds
[2023-07-19T16:47:53.120+0000] {processor.py:157} INFO - Started process (PID=1662) to work on /home/airflow/.local/lib/python3.7/site-packages/airflow/example_dags/example_xcomargs.py
[2023-07-19T16:47:53.124+0000] {processor.py:826} INFO - Processing file /home/airflow/.local/lib/python3.7/site-packages/airflow/example_dags/example_xcomargs.py for tasks to queue
[2023-07-19T16:47:53.125+0000] {logging_mixin.py:150} INFO - [2023-07-19T16:47:53.125+0000] {dagbag.py:541} INFO - Filling up the DagBag from /home/airflow/.local/lib/python3.7/site-packages/airflow/example_dags/example_xcomargs.py
[2023-07-19T16:47:53.131+0000] {processor.py:836} INFO - DAG(s) dict_keys(['example_xcom_args', 'example_xcom_args_with_operators']) retrieved from /home/airflow/.local/lib/python3.7/site-packages/airflow/example_dags/example_xcomargs.py
[2023-07-19T16:47:53.161+0000] {logging_mixin.py:150} INFO - [2023-07-19T16:47:53.161+0000] {dag.py:2742} INFO - Sync 2 DAGs
[2023-07-19T16:47:53.251+0000] {logging_mixin.py:150} INFO - [2023-07-19T16:47:53.251+0000] {dag.py:3508} INFO - Setting next_dagrun for example_xcom_args to None, run_after=None
[2023-07-19T16:47:53.262+0000] {logging_mixin.py:150} INFO - [2023-07-19T16:47:53.262+0000] {dag.py:3508} INFO - Setting next_dagrun for example_xcom_args_with_operators to None, run_after=None
[2023-07-19T16:47:53.305+0000] {processor.py:179} INFO - Processing /home/airflow/.local/lib/python3.7/site-packages/airflow/example_dags/example_xcomargs.py took 0.188 seconds
[2023-07-19T16:48:24.096+0000] {processor.py:157} INFO - Started process (PID=1717) to work on /home/airflow/.local/lib/python3.7/site-packages/airflow/example_dags/example_xcomargs.py
[2023-07-19T16:48:24.097+0000] {processor.py:826} INFO - Processing file /home/airflow/.local/lib/python3.7/site-packages/airflow/example_dags/example_xcomargs.py for tasks to queue
[2023-07-19T16:48:24.097+0000] {logging_mixin.py:150} INFO - [2023-07-19T16:48:24.097+0000] {dagbag.py:541} INFO - Filling up the DagBag from /home/airflow/.local/lib/python3.7/site-packages/airflow/example_dags/example_xcomargs.py
[2023-07-19T16:48:24.102+0000] {processor.py:836} INFO - DAG(s) dict_keys(['example_xcom_args', 'example_xcom_args_with_operators']) retrieved from /home/airflow/.local/lib/python3.7/site-packages/airflow/example_dags/example_xcomargs.py
[2023-07-19T16:48:24.124+0000] {logging_mixin.py:150} INFO - [2023-07-19T16:48:24.124+0000] {dag.py:2742} INFO - Sync 2 DAGs
[2023-07-19T16:48:24.142+0000] {logging_mixin.py:150} INFO - [2023-07-19T16:48:24.142+0000] {dag.py:3508} INFO - Setting next_dagrun for example_xcom_args to None, run_after=None
[2023-07-19T16:48:24.144+0000] {logging_mixin.py:150} INFO - [2023-07-19T16:48:24.144+0000] {dag.py:3508} INFO - Setting next_dagrun for example_xcom_args_with_operators to None, run_after=None
[2023-07-19T16:48:24.156+0000] {processor.py:179} INFO - Processing /home/airflow/.local/lib/python3.7/site-packages/airflow/example_dags/example_xcomargs.py took 0.062 seconds
[2023-07-19T16:48:54.983+0000] {processor.py:157} INFO - Started process (PID=1772) to work on /home/airflow/.local/lib/python3.7/site-packages/airflow/example_dags/example_xcomargs.py
[2023-07-19T16:48:54.984+0000] {processor.py:826} INFO - Processing file /home/airflow/.local/lib/python3.7/site-packages/airflow/example_dags/example_xcomargs.py for tasks to queue
[2023-07-19T16:48:54.985+0000] {logging_mixin.py:150} INFO - [2023-07-19T16:48:54.984+0000] {dagbag.py:541} INFO - Filling up the DagBag from /home/airflow/.local/lib/python3.7/site-packages/airflow/example_dags/example_xcomargs.py
[2023-07-19T16:48:54.990+0000] {processor.py:836} INFO - DAG(s) dict_keys(['example_xcom_args_with_operators', 'example_xcom_args']) retrieved from /home/airflow/.local/lib/python3.7/site-packages/airflow/example_dags/example_xcomargs.py
[2023-07-19T16:48:55.011+0000] {logging_mixin.py:150} INFO - [2023-07-19T16:48:55.011+0000] {dag.py:2742} INFO - Sync 2 DAGs
[2023-07-19T16:48:55.030+0000] {logging_mixin.py:150} INFO - [2023-07-19T16:48:55.029+0000] {dag.py:3508} INFO - Setting next_dagrun for example_xcom_args to None, run_after=None
[2023-07-19T16:48:55.032+0000] {logging_mixin.py:150} INFO - [2023-07-19T16:48:55.032+0000] {dag.py:3508} INFO - Setting next_dagrun for example_xcom_args_with_operators to None, run_after=None
[2023-07-19T16:48:55.040+0000] {processor.py:179} INFO - Processing /home/airflow/.local/lib/python3.7/site-packages/airflow/example_dags/example_xcomargs.py took 0.059 seconds
[2023-07-19T16:49:25.885+0000] {processor.py:157} INFO - Started process (PID=1827) to work on /home/airflow/.local/lib/python3.7/site-packages/airflow/example_dags/example_xcomargs.py
[2023-07-19T16:49:25.885+0000] {processor.py:826} INFO - Processing file /home/airflow/.local/lib/python3.7/site-packages/airflow/example_dags/example_xcomargs.py for tasks to queue
[2023-07-19T16:49:25.886+0000] {logging_mixin.py:150} INFO - [2023-07-19T16:49:25.886+0000] {dagbag.py:541} INFO - Filling up the DagBag from /home/airflow/.local/lib/python3.7/site-packages/airflow/example_dags/example_xcomargs.py
[2023-07-19T16:49:25.892+0000] {processor.py:836} INFO - DAG(s) dict_keys(['example_xcom_args_with_operators', 'example_xcom_args']) retrieved from /home/airflow/.local/lib/python3.7/site-packages/airflow/example_dags/example_xcomargs.py
[2023-07-19T16:49:25.910+0000] {logging_mixin.py:150} INFO - [2023-07-19T16:49:25.910+0000] {dag.py:2742} INFO - Sync 2 DAGs
[2023-07-19T16:49:25.929+0000] {logging_mixin.py:150} INFO - [2023-07-19T16:49:25.928+0000] {dag.py:3508} INFO - Setting next_dagrun for example_xcom_args to None, run_after=None
[2023-07-19T16:49:25.932+0000] {logging_mixin.py:150} INFO - [2023-07-19T16:49:25.932+0000] {dag.py:3508} INFO - Setting next_dagrun for example_xcom_args_with_operators to None, run_after=None
[2023-07-19T16:49:25.953+0000] {processor.py:179} INFO - Processing /home/airflow/.local/lib/python3.7/site-packages/airflow/example_dags/example_xcomargs.py took 0.070 seconds
[2023-07-19T16:49:56.444+0000] {processor.py:157} INFO - Started process (PID=1882) to work on /home/airflow/.local/lib/python3.7/site-packages/airflow/example_dags/example_xcomargs.py
[2023-07-19T16:49:56.445+0000] {processor.py:826} INFO - Processing file /home/airflow/.local/lib/python3.7/site-packages/airflow/example_dags/example_xcomargs.py for tasks to queue
[2023-07-19T16:49:56.445+0000] {logging_mixin.py:150} INFO - [2023-07-19T16:49:56.445+0000] {dagbag.py:541} INFO - Filling up the DagBag from /home/airflow/.local/lib/python3.7/site-packages/airflow/example_dags/example_xcomargs.py
[2023-07-19T16:49:56.460+0000] {processor.py:836} INFO - DAG(s) dict_keys(['example_xcom_args_with_operators', 'example_xcom_args']) retrieved from /home/airflow/.local/lib/python3.7/site-packages/airflow/example_dags/example_xcomargs.py
[2023-07-19T16:49:56.521+0000] {logging_mixin.py:150} INFO - [2023-07-19T16:49:56.521+0000] {dag.py:2742} INFO - Sync 2 DAGs
[2023-07-19T16:49:56.547+0000] {logging_mixin.py:150} INFO - [2023-07-19T16:49:56.547+0000] {dag.py:3508} INFO - Setting next_dagrun for example_xcom_args to None, run_after=None
[2023-07-19T16:49:56.552+0000] {logging_mixin.py:150} INFO - [2023-07-19T16:49:56.552+0000] {dag.py:3508} INFO - Setting next_dagrun for example_xcom_args_with_operators to None, run_after=None
[2023-07-19T16:49:56.568+0000] {processor.py:179} INFO - Processing /home/airflow/.local/lib/python3.7/site-packages/airflow/example_dags/example_xcomargs.py took 0.126 seconds
[2023-07-19T16:50:27.220+0000] {processor.py:157} INFO - Started process (PID=1936) to work on /home/airflow/.local/lib/python3.7/site-packages/airflow/example_dags/example_xcomargs.py
[2023-07-19T16:50:27.229+0000] {processor.py:826} INFO - Processing file /home/airflow/.local/lib/python3.7/site-packages/airflow/example_dags/example_xcomargs.py for tasks to queue
[2023-07-19T16:50:27.229+0000] {logging_mixin.py:150} INFO - [2023-07-19T16:50:27.229+0000] {dagbag.py:541} INFO - Filling up the DagBag from /home/airflow/.local/lib/python3.7/site-packages/airflow/example_dags/example_xcomargs.py
[2023-07-19T16:50:27.253+0000] {processor.py:836} INFO - DAG(s) dict_keys(['example_xcom_args_with_operators', 'example_xcom_args']) retrieved from /home/airflow/.local/lib/python3.7/site-packages/airflow/example_dags/example_xcomargs.py
[2023-07-19T16:50:27.340+0000] {logging_mixin.py:150} INFO - [2023-07-19T16:50:27.340+0000] {dag.py:2742} INFO - Sync 2 DAGs
[2023-07-19T16:50:27.360+0000] {logging_mixin.py:150} INFO - [2023-07-19T16:50:27.360+0000] {dag.py:3508} INFO - Setting next_dagrun for example_xcom_args to None, run_after=None
[2023-07-19T16:50:27.362+0000] {logging_mixin.py:150} INFO - [2023-07-19T16:50:27.362+0000] {dag.py:3508} INFO - Setting next_dagrun for example_xcom_args_with_operators to None, run_after=None
[2023-07-19T16:50:27.372+0000] {processor.py:179} INFO - Processing /home/airflow/.local/lib/python3.7/site-packages/airflow/example_dags/example_xcomargs.py took 0.173 seconds
[2023-07-19T16:50:58.449+0000] {processor.py:157} INFO - Started process (PID=1992) to work on /home/airflow/.local/lib/python3.7/site-packages/airflow/example_dags/example_xcomargs.py
[2023-07-19T16:50:58.450+0000] {processor.py:826} INFO - Processing file /home/airflow/.local/lib/python3.7/site-packages/airflow/example_dags/example_xcomargs.py for tasks to queue
[2023-07-19T16:50:58.450+0000] {logging_mixin.py:150} INFO - [2023-07-19T16:50:58.450+0000] {dagbag.py:541} INFO - Filling up the DagBag from /home/airflow/.local/lib/python3.7/site-packages/airflow/example_dags/example_xcomargs.py
[2023-07-19T16:50:58.455+0000] {processor.py:836} INFO - DAG(s) dict_keys(['example_xcom_args_with_operators', 'example_xcom_args']) retrieved from /home/airflow/.local/lib/python3.7/site-packages/airflow/example_dags/example_xcomargs.py
[2023-07-19T16:50:58.475+0000] {logging_mixin.py:150} INFO - [2023-07-19T16:50:58.474+0000] {dag.py:2742} INFO - Sync 2 DAGs
[2023-07-19T16:50:58.492+0000] {logging_mixin.py:150} INFO - [2023-07-19T16:50:58.492+0000] {dag.py:3508} INFO - Setting next_dagrun for example_xcom_args to None, run_after=None
[2023-07-19T16:50:58.494+0000] {logging_mixin.py:150} INFO - [2023-07-19T16:50:58.494+0000] {dag.py:3508} INFO - Setting next_dagrun for example_xcom_args_with_operators to None, run_after=None
[2023-07-19T16:50:58.502+0000] {processor.py:179} INFO - Processing /home/airflow/.local/lib/python3.7/site-packages/airflow/example_dags/example_xcomargs.py took 0.055 seconds
[2023-07-19T16:51:28.834+0000] {processor.py:157} INFO - Started process (PID=2046) to work on /home/airflow/.local/lib/python3.7/site-packages/airflow/example_dags/example_xcomargs.py
[2023-07-19T16:51:28.835+0000] {processor.py:826} INFO - Processing file /home/airflow/.local/lib/python3.7/site-packages/airflow/example_dags/example_xcomargs.py for tasks to queue
[2023-07-19T16:51:28.835+0000] {logging_mixin.py:150} INFO - [2023-07-19T16:51:28.835+0000] {dagbag.py:541} INFO - Filling up the DagBag from /home/airflow/.local/lib/python3.7/site-packages/airflow/example_dags/example_xcomargs.py
[2023-07-19T16:51:28.842+0000] {processor.py:836} INFO - DAG(s) dict_keys(['example_xcom_args_with_operators', 'example_xcom_args']) retrieved from /home/airflow/.local/lib/python3.7/site-packages/airflow/example_dags/example_xcomargs.py
[2023-07-19T16:51:28.860+0000] {logging_mixin.py:150} INFO - [2023-07-19T16:51:28.860+0000] {dag.py:2742} INFO - Sync 2 DAGs
[2023-07-19T16:51:28.872+0000] {logging_mixin.py:150} INFO - [2023-07-19T16:51:28.872+0000] {dag.py:3508} INFO - Setting next_dagrun for example_xcom_args to None, run_after=None
[2023-07-19T16:51:28.873+0000] {logging_mixin.py:150} INFO - [2023-07-19T16:51:28.873+0000] {dag.py:3508} INFO - Setting next_dagrun for example_xcom_args_with_operators to None, run_after=None
[2023-07-19T16:51:28.880+0000] {processor.py:179} INFO - Processing /home/airflow/.local/lib/python3.7/site-packages/airflow/example_dags/example_xcomargs.py took 0.050 seconds
[2023-07-19T16:51:59.244+0000] {processor.py:157} INFO - Started process (PID=2101) to work on /home/airflow/.local/lib/python3.7/site-packages/airflow/example_dags/example_xcomargs.py
[2023-07-19T16:51:59.251+0000] {processor.py:826} INFO - Processing file /home/airflow/.local/lib/python3.7/site-packages/airflow/example_dags/example_xcomargs.py for tasks to queue
[2023-07-19T16:51:59.253+0000] {logging_mixin.py:150} INFO - [2023-07-19T16:51:59.252+0000] {dagbag.py:541} INFO - Filling up the DagBag from /home/airflow/.local/lib/python3.7/site-packages/airflow/example_dags/example_xcomargs.py
[2023-07-19T16:51:59.278+0000] {processor.py:836} INFO - DAG(s) dict_keys(['example_xcom_args', 'example_xcom_args_with_operators']) retrieved from /home/airflow/.local/lib/python3.7/site-packages/airflow/example_dags/example_xcomargs.py
[2023-07-19T16:51:59.331+0000] {logging_mixin.py:150} INFO - [2023-07-19T16:51:59.331+0000] {dag.py:2742} INFO - Sync 2 DAGs
[2023-07-19T16:51:59.370+0000] {logging_mixin.py:150} INFO - [2023-07-19T16:51:59.370+0000] {dag.py:3508} INFO - Setting next_dagrun for example_xcom_args to None, run_after=None
[2023-07-19T16:51:59.377+0000] {logging_mixin.py:150} INFO - [2023-07-19T16:51:59.375+0000] {dag.py:3508} INFO - Setting next_dagrun for example_xcom_args_with_operators to None, run_after=None
[2023-07-19T16:51:59.390+0000] {processor.py:179} INFO - Processing /home/airflow/.local/lib/python3.7/site-packages/airflow/example_dags/example_xcomargs.py took 0.158 seconds
[2023-07-19T16:52:29.761+0000] {processor.py:157} INFO - Started process (PID=2155) to work on /home/airflow/.local/lib/python3.7/site-packages/airflow/example_dags/example_xcomargs.py
[2023-07-19T16:52:29.762+0000] {processor.py:826} INFO - Processing file /home/airflow/.local/lib/python3.7/site-packages/airflow/example_dags/example_xcomargs.py for tasks to queue
[2023-07-19T16:52:29.762+0000] {logging_mixin.py:150} INFO - [2023-07-19T16:52:29.762+0000] {dagbag.py:541} INFO - Filling up the DagBag from /home/airflow/.local/lib/python3.7/site-packages/airflow/example_dags/example_xcomargs.py
[2023-07-19T16:52:29.769+0000] {processor.py:836} INFO - DAG(s) dict_keys(['example_xcom_args', 'example_xcom_args_with_operators']) retrieved from /home/airflow/.local/lib/python3.7/site-packages/airflow/example_dags/example_xcomargs.py
[2023-07-19T16:52:29.787+0000] {logging_mixin.py:150} INFO - [2023-07-19T16:52:29.787+0000] {dag.py:2742} INFO - Sync 2 DAGs
[2023-07-19T16:52:29.799+0000] {logging_mixin.py:150} INFO - [2023-07-19T16:52:29.799+0000] {dag.py:3508} INFO - Setting next_dagrun for example_xcom_args to None, run_after=None
[2023-07-19T16:52:29.801+0000] {logging_mixin.py:150} INFO - [2023-07-19T16:52:29.801+0000] {dag.py:3508} INFO - Setting next_dagrun for example_xcom_args_with_operators to None, run_after=None
[2023-07-19T16:52:29.808+0000] {processor.py:179} INFO - Processing /home/airflow/.local/lib/python3.7/site-packages/airflow/example_dags/example_xcomargs.py took 0.050 seconds
[2023-07-19T16:53:00.369+0000] {processor.py:157} INFO - Started process (PID=2210) to work on /home/airflow/.local/lib/python3.7/site-packages/airflow/example_dags/example_xcomargs.py
[2023-07-19T16:53:00.402+0000] {processor.py:826} INFO - Processing file /home/airflow/.local/lib/python3.7/site-packages/airflow/example_dags/example_xcomargs.py for tasks to queue
[2023-07-19T16:53:00.415+0000] {logging_mixin.py:150} INFO - [2023-07-19T16:53:00.408+0000] {dagbag.py:541} INFO - Filling up the DagBag from /home/airflow/.local/lib/python3.7/site-packages/airflow/example_dags/example_xcomargs.py
[2023-07-19T16:53:00.505+0000] {processor.py:836} INFO - DAG(s) dict_keys(['example_xcom_args_with_operators', 'example_xcom_args']) retrieved from /home/airflow/.local/lib/python3.7/site-packages/airflow/example_dags/example_xcomargs.py
[2023-07-19T16:53:00.573+0000] {logging_mixin.py:150} INFO - [2023-07-19T16:53:00.573+0000] {dag.py:2742} INFO - Sync 2 DAGs
[2023-07-19T16:53:00.606+0000] {logging_mixin.py:150} INFO - [2023-07-19T16:53:00.606+0000] {dag.py:3508} INFO - Setting next_dagrun for example_xcom_args to None, run_after=None
[2023-07-19T16:53:00.609+0000] {logging_mixin.py:150} INFO - [2023-07-19T16:53:00.609+0000] {dag.py:3508} INFO - Setting next_dagrun for example_xcom_args_with_operators to None, run_after=None
[2023-07-19T16:53:00.636+0000] {processor.py:179} INFO - Processing /home/airflow/.local/lib/python3.7/site-packages/airflow/example_dags/example_xcomargs.py took 0.298 seconds
