[2023-07-19T16:32:52.468+0000] {processor.py:157} INFO - Started process (PID=63) to work on /home/airflow/.local/lib/python3.7/site-packages/airflow/example_dags/example_branch_python_dop_operator_3.py
[2023-07-19T16:32:52.469+0000] {processor.py:826} INFO - Processing file /home/airflow/.local/lib/python3.7/site-packages/airflow/example_dags/example_branch_python_dop_operator_3.py for tasks to queue
[2023-07-19T16:32:52.469+0000] {logging_mixin.py:150} INFO - [2023-07-19T16:32:52.469+0000] {dagbag.py:541} INFO - Filling up the DagBag from /home/airflow/.local/lib/python3.7/site-packages/airflow/example_dags/example_branch_python_dop_operator_3.py
[2023-07-19T16:32:52.477+0000] {processor.py:836} INFO - DAG(s) dict_keys(['example_branch_dop_operator_v3']) retrieved from /home/airflow/.local/lib/python3.7/site-packages/airflow/example_dags/example_branch_python_dop_operator_3.py
[2023-07-19T16:32:52.498+0000] {logging_mixin.py:150} INFO - [2023-07-19T16:32:52.498+0000] {dag.py:2742} INFO - Sync 1 DAGs
[2023-07-19T16:32:52.561+0000] {logging_mixin.py:150} INFO - [2023-07-19T16:32:52.560+0000] {dag.py:3508} INFO - Setting next_dagrun for example_branch_dop_operator_v3 to 2023-07-19T16:31:00+00:00, run_after=2023-07-19T16:32:00+00:00
[2023-07-19T16:32:52.570+0000] {processor.py:179} INFO - Processing /home/airflow/.local/lib/python3.7/site-packages/airflow/example_dags/example_branch_python_dop_operator_3.py took 0.115 seconds
[2023-07-19T16:33:22.837+0000] {processor.py:157} INFO - Started process (PID=117) to work on /home/airflow/.local/lib/python3.7/site-packages/airflow/example_dags/example_branch_python_dop_operator_3.py
[2023-07-19T16:33:22.841+0000] {processor.py:826} INFO - Processing file /home/airflow/.local/lib/python3.7/site-packages/airflow/example_dags/example_branch_python_dop_operator_3.py for tasks to queue
[2023-07-19T16:33:22.841+0000] {logging_mixin.py:150} INFO - [2023-07-19T16:33:22.841+0000] {dagbag.py:541} INFO - Filling up the DagBag from /home/airflow/.local/lib/python3.7/site-packages/airflow/example_dags/example_branch_python_dop_operator_3.py
[2023-07-19T16:33:22.846+0000] {processor.py:836} INFO - DAG(s) dict_keys(['example_branch_dop_operator_v3']) retrieved from /home/airflow/.local/lib/python3.7/site-packages/airflow/example_dags/example_branch_python_dop_operator_3.py
[2023-07-19T16:33:22.876+0000] {logging_mixin.py:150} INFO - [2023-07-19T16:33:22.876+0000] {dag.py:2742} INFO - Sync 1 DAGs
[2023-07-19T16:33:22.910+0000] {logging_mixin.py:150} INFO - [2023-07-19T16:33:22.910+0000] {dag.py:3508} INFO - Setting next_dagrun for example_branch_dop_operator_v3 to 2023-07-19T16:32:00+00:00, run_after=2023-07-19T16:33:00+00:00
[2023-07-19T16:33:22.928+0000] {processor.py:179} INFO - Processing /home/airflow/.local/lib/python3.7/site-packages/airflow/example_dags/example_branch_python_dop_operator_3.py took 0.097 seconds
[2023-07-19T16:33:53.615+0000] {processor.py:157} INFO - Started process (PID=173) to work on /home/airflow/.local/lib/python3.7/site-packages/airflow/example_dags/example_branch_python_dop_operator_3.py
[2023-07-19T16:33:53.617+0000] {processor.py:826} INFO - Processing file /home/airflow/.local/lib/python3.7/site-packages/airflow/example_dags/example_branch_python_dop_operator_3.py for tasks to queue
[2023-07-19T16:33:53.617+0000] {logging_mixin.py:150} INFO - [2023-07-19T16:33:53.617+0000] {dagbag.py:541} INFO - Filling up the DagBag from /home/airflow/.local/lib/python3.7/site-packages/airflow/example_dags/example_branch_python_dop_operator_3.py
[2023-07-19T16:33:53.621+0000] {processor.py:836} INFO - DAG(s) dict_keys(['example_branch_dop_operator_v3']) retrieved from /home/airflow/.local/lib/python3.7/site-packages/airflow/example_dags/example_branch_python_dop_operator_3.py
[2023-07-19T16:33:53.634+0000] {logging_mixin.py:150} INFO - [2023-07-19T16:33:53.634+0000] {dag.py:2742} INFO - Sync 1 DAGs
[2023-07-19T16:33:53.649+0000] {logging_mixin.py:150} INFO - [2023-07-19T16:33:53.648+0000] {dag.py:3508} INFO - Setting next_dagrun for example_branch_dop_operator_v3 to 2023-07-19T16:32:00+00:00, run_after=2023-07-19T16:33:00+00:00
[2023-07-19T16:33:53.657+0000] {processor.py:179} INFO - Processing /home/airflow/.local/lib/python3.7/site-packages/airflow/example_dags/example_branch_python_dop_operator_3.py took 0.044 seconds
[2023-07-19T16:34:24.037+0000] {processor.py:157} INFO - Started process (PID=227) to work on /home/airflow/.local/lib/python3.7/site-packages/airflow/example_dags/example_branch_python_dop_operator_3.py
[2023-07-19T16:34:24.037+0000] {processor.py:826} INFO - Processing file /home/airflow/.local/lib/python3.7/site-packages/airflow/example_dags/example_branch_python_dop_operator_3.py for tasks to queue
[2023-07-19T16:34:24.038+0000] {logging_mixin.py:150} INFO - [2023-07-19T16:34:24.038+0000] {dagbag.py:541} INFO - Filling up the DagBag from /home/airflow/.local/lib/python3.7/site-packages/airflow/example_dags/example_branch_python_dop_operator_3.py
[2023-07-19T16:34:24.047+0000] {processor.py:836} INFO - DAG(s) dict_keys(['example_branch_dop_operator_v3']) retrieved from /home/airflow/.local/lib/python3.7/site-packages/airflow/example_dags/example_branch_python_dop_operator_3.py
[2023-07-19T16:34:24.077+0000] {logging_mixin.py:150} INFO - [2023-07-19T16:34:24.077+0000] {dag.py:2742} INFO - Sync 1 DAGs
[2023-07-19T16:34:24.118+0000] {logging_mixin.py:150} INFO - [2023-07-19T16:34:24.118+0000] {dag.py:3508} INFO - Setting next_dagrun for example_branch_dop_operator_v3 to 2023-07-19T16:33:00+00:00, run_after=2023-07-19T16:34:00+00:00
[2023-07-19T16:34:24.140+0000] {processor.py:179} INFO - Processing /home/airflow/.local/lib/python3.7/site-packages/airflow/example_dags/example_branch_python_dop_operator_3.py took 0.109 seconds
[2023-07-19T16:34:54.328+0000] {processor.py:157} INFO - Started process (PID=282) to work on /home/airflow/.local/lib/python3.7/site-packages/airflow/example_dags/example_branch_python_dop_operator_3.py
[2023-07-19T16:34:54.336+0000] {processor.py:826} INFO - Processing file /home/airflow/.local/lib/python3.7/site-packages/airflow/example_dags/example_branch_python_dop_operator_3.py for tasks to queue
[2023-07-19T16:34:54.336+0000] {logging_mixin.py:150} INFO - [2023-07-19T16:34:54.336+0000] {dagbag.py:541} INFO - Filling up the DagBag from /home/airflow/.local/lib/python3.7/site-packages/airflow/example_dags/example_branch_python_dop_operator_3.py
[2023-07-19T16:34:54.344+0000] {processor.py:836} INFO - DAG(s) dict_keys(['example_branch_dop_operator_v3']) retrieved from /home/airflow/.local/lib/python3.7/site-packages/airflow/example_dags/example_branch_python_dop_operator_3.py
[2023-07-19T16:34:54.361+0000] {logging_mixin.py:150} INFO - [2023-07-19T16:34:54.361+0000] {dag.py:2742} INFO - Sync 1 DAGs
[2023-07-19T16:34:54.377+0000] {logging_mixin.py:150} INFO - [2023-07-19T16:34:54.376+0000] {dag.py:3508} INFO - Setting next_dagrun for example_branch_dop_operator_v3 to 2023-07-19T16:33:00+00:00, run_after=2023-07-19T16:34:00+00:00
[2023-07-19T16:34:54.386+0000] {processor.py:179} INFO - Processing /home/airflow/.local/lib/python3.7/site-packages/airflow/example_dags/example_branch_python_dop_operator_3.py took 0.059 seconds
[2023-07-19T16:35:25.030+0000] {processor.py:157} INFO - Started process (PID=337) to work on /home/airflow/.local/lib/python3.7/site-packages/airflow/example_dags/example_branch_python_dop_operator_3.py
[2023-07-19T16:35:25.035+0000] {processor.py:826} INFO - Processing file /home/airflow/.local/lib/python3.7/site-packages/airflow/example_dags/example_branch_python_dop_operator_3.py for tasks to queue
[2023-07-19T16:35:25.052+0000] {logging_mixin.py:150} INFO - [2023-07-19T16:35:25.037+0000] {dagbag.py:541} INFO - Filling up the DagBag from /home/airflow/.local/lib/python3.7/site-packages/airflow/example_dags/example_branch_python_dop_operator_3.py
[2023-07-19T16:35:25.057+0000] {processor.py:836} INFO - DAG(s) dict_keys(['example_branch_dop_operator_v3']) retrieved from /home/airflow/.local/lib/python3.7/site-packages/airflow/example_dags/example_branch_python_dop_operator_3.py
[2023-07-19T16:35:25.066+0000] {logging_mixin.py:150} INFO - [2023-07-19T16:35:25.066+0000] {dag.py:2742} INFO - Sync 1 DAGs
[2023-07-19T16:35:25.083+0000] {logging_mixin.py:150} INFO - [2023-07-19T16:35:25.083+0000] {dag.py:3508} INFO - Setting next_dagrun for example_branch_dop_operator_v3 to 2023-07-19T16:34:00+00:00, run_after=2023-07-19T16:35:00+00:00
[2023-07-19T16:35:25.101+0000] {processor.py:179} INFO - Processing /home/airflow/.local/lib/python3.7/site-packages/airflow/example_dags/example_branch_python_dop_operator_3.py took 0.082 seconds
[2023-07-19T16:35:55.863+0000] {processor.py:157} INFO - Started process (PID=393) to work on /home/airflow/.local/lib/python3.7/site-packages/airflow/example_dags/example_branch_python_dop_operator_3.py
[2023-07-19T16:35:55.863+0000] {processor.py:826} INFO - Processing file /home/airflow/.local/lib/python3.7/site-packages/airflow/example_dags/example_branch_python_dop_operator_3.py for tasks to queue
[2023-07-19T16:35:55.863+0000] {logging_mixin.py:150} INFO - [2023-07-19T16:35:55.863+0000] {dagbag.py:541} INFO - Filling up the DagBag from /home/airflow/.local/lib/python3.7/site-packages/airflow/example_dags/example_branch_python_dop_operator_3.py
[2023-07-19T16:35:55.867+0000] {processor.py:836} INFO - DAG(s) dict_keys(['example_branch_dop_operator_v3']) retrieved from /home/airflow/.local/lib/python3.7/site-packages/airflow/example_dags/example_branch_python_dop_operator_3.py
[2023-07-19T16:35:55.880+0000] {logging_mixin.py:150} INFO - [2023-07-19T16:35:55.880+0000] {dag.py:2742} INFO - Sync 1 DAGs
[2023-07-19T16:35:55.894+0000] {logging_mixin.py:150} INFO - [2023-07-19T16:35:55.894+0000] {dag.py:3508} INFO - Setting next_dagrun for example_branch_dop_operator_v3 to 2023-07-19T16:34:00+00:00, run_after=2023-07-19T16:35:00+00:00
[2023-07-19T16:35:55.904+0000] {processor.py:179} INFO - Processing /home/airflow/.local/lib/python3.7/site-packages/airflow/example_dags/example_branch_python_dop_operator_3.py took 0.043 seconds
[2023-07-19T16:36:26.594+0000] {processor.py:157} INFO - Started process (PID=448) to work on /home/airflow/.local/lib/python3.7/site-packages/airflow/example_dags/example_branch_python_dop_operator_3.py
[2023-07-19T16:36:26.594+0000] {processor.py:826} INFO - Processing file /home/airflow/.local/lib/python3.7/site-packages/airflow/example_dags/example_branch_python_dop_operator_3.py for tasks to queue
[2023-07-19T16:36:26.594+0000] {logging_mixin.py:150} INFO - [2023-07-19T16:36:26.594+0000] {dagbag.py:541} INFO - Filling up the DagBag from /home/airflow/.local/lib/python3.7/site-packages/airflow/example_dags/example_branch_python_dop_operator_3.py
[2023-07-19T16:36:26.599+0000] {processor.py:836} INFO - DAG(s) dict_keys(['example_branch_dop_operator_v3']) retrieved from /home/airflow/.local/lib/python3.7/site-packages/airflow/example_dags/example_branch_python_dop_operator_3.py
[2023-07-19T16:36:26.616+0000] {logging_mixin.py:150} INFO - [2023-07-19T16:36:26.616+0000] {dag.py:2742} INFO - Sync 1 DAGs
[2023-07-19T16:36:26.630+0000] {logging_mixin.py:150} INFO - [2023-07-19T16:36:26.630+0000] {dag.py:3508} INFO - Setting next_dagrun for example_branch_dop_operator_v3 to 2023-07-19T16:35:00+00:00, run_after=2023-07-19T16:36:00+00:00
[2023-07-19T16:36:26.638+0000] {processor.py:179} INFO - Processing /home/airflow/.local/lib/python3.7/site-packages/airflow/example_dags/example_branch_python_dop_operator_3.py took 0.046 seconds
[2023-07-19T16:36:57.597+0000] {processor.py:157} INFO - Started process (PID=503) to work on /home/airflow/.local/lib/python3.7/site-packages/airflow/example_dags/example_branch_python_dop_operator_3.py
[2023-07-19T16:36:57.598+0000] {processor.py:826} INFO - Processing file /home/airflow/.local/lib/python3.7/site-packages/airflow/example_dags/example_branch_python_dop_operator_3.py for tasks to queue
[2023-07-19T16:36:57.598+0000] {logging_mixin.py:150} INFO - [2023-07-19T16:36:57.598+0000] {dagbag.py:541} INFO - Filling up the DagBag from /home/airflow/.local/lib/python3.7/site-packages/airflow/example_dags/example_branch_python_dop_operator_3.py
[2023-07-19T16:36:57.602+0000] {processor.py:836} INFO - DAG(s) dict_keys(['example_branch_dop_operator_v3']) retrieved from /home/airflow/.local/lib/python3.7/site-packages/airflow/example_dags/example_branch_python_dop_operator_3.py
[2023-07-19T16:36:57.625+0000] {logging_mixin.py:150} INFO - [2023-07-19T16:36:57.625+0000] {dag.py:2742} INFO - Sync 1 DAGs
[2023-07-19T16:36:57.642+0000] {logging_mixin.py:150} INFO - [2023-07-19T16:36:57.642+0000] {dag.py:3508} INFO - Setting next_dagrun for example_branch_dop_operator_v3 to 2023-07-19T16:35:00+00:00, run_after=2023-07-19T16:36:00+00:00
[2023-07-19T16:36:57.650+0000] {processor.py:179} INFO - Processing /home/airflow/.local/lib/python3.7/site-packages/airflow/example_dags/example_branch_python_dop_operator_3.py took 0.054 seconds
[2023-07-19T16:37:29.489+0000] {processor.py:157} INFO - Started process (PID=558) to work on /home/airflow/.local/lib/python3.7/site-packages/airflow/example_dags/example_branch_python_dop_operator_3.py
[2023-07-19T16:37:29.490+0000] {processor.py:826} INFO - Processing file /home/airflow/.local/lib/python3.7/site-packages/airflow/example_dags/example_branch_python_dop_operator_3.py for tasks to queue
[2023-07-19T16:37:29.490+0000] {logging_mixin.py:150} INFO - [2023-07-19T16:37:29.490+0000] {dagbag.py:541} INFO - Filling up the DagBag from /home/airflow/.local/lib/python3.7/site-packages/airflow/example_dags/example_branch_python_dop_operator_3.py
[2023-07-19T16:37:29.496+0000] {processor.py:836} INFO - DAG(s) dict_keys(['example_branch_dop_operator_v3']) retrieved from /home/airflow/.local/lib/python3.7/site-packages/airflow/example_dags/example_branch_python_dop_operator_3.py
[2023-07-19T16:37:29.521+0000] {logging_mixin.py:150} INFO - [2023-07-19T16:37:29.521+0000] {dag.py:2742} INFO - Sync 1 DAGs
[2023-07-19T16:37:29.543+0000] {logging_mixin.py:150} INFO - [2023-07-19T16:37:29.543+0000] {dag.py:3508} INFO - Setting next_dagrun for example_branch_dop_operator_v3 to 2023-07-19T16:36:00+00:00, run_after=2023-07-19T16:37:00+00:00
[2023-07-19T16:37:29.557+0000] {processor.py:179} INFO - Processing /home/airflow/.local/lib/python3.7/site-packages/airflow/example_dags/example_branch_python_dop_operator_3.py took 0.073 seconds
[2023-07-19T16:38:01.284+0000] {processor.py:157} INFO - Started process (PID=614) to work on /home/airflow/.local/lib/python3.7/site-packages/airflow/example_dags/example_branch_python_dop_operator_3.py
[2023-07-19T16:38:01.284+0000] {processor.py:826} INFO - Processing file /home/airflow/.local/lib/python3.7/site-packages/airflow/example_dags/example_branch_python_dop_operator_3.py for tasks to queue
[2023-07-19T16:38:01.285+0000] {logging_mixin.py:150} INFO - [2023-07-19T16:38:01.285+0000] {dagbag.py:541} INFO - Filling up the DagBag from /home/airflow/.local/lib/python3.7/site-packages/airflow/example_dags/example_branch_python_dop_operator_3.py
[2023-07-19T16:38:01.293+0000] {processor.py:836} INFO - DAG(s) dict_keys(['example_branch_dop_operator_v3']) retrieved from /home/airflow/.local/lib/python3.7/site-packages/airflow/example_dags/example_branch_python_dop_operator_3.py
[2023-07-19T16:38:01.315+0000] {logging_mixin.py:150} INFO - [2023-07-19T16:38:01.315+0000] {dag.py:2742} INFO - Sync 1 DAGs
[2023-07-19T16:38:01.333+0000] {logging_mixin.py:150} INFO - [2023-07-19T16:38:01.333+0000] {dag.py:3508} INFO - Setting next_dagrun for example_branch_dop_operator_v3 to 2023-07-19T16:37:00+00:00, run_after=2023-07-19T16:38:00+00:00
[2023-07-19T16:38:01.342+0000] {processor.py:179} INFO - Processing /home/airflow/.local/lib/python3.7/site-packages/airflow/example_dags/example_branch_python_dop_operator_3.py took 0.061 seconds
[2023-07-19T16:38:32.059+0000] {processor.py:157} INFO - Started process (PID=669) to work on /home/airflow/.local/lib/python3.7/site-packages/airflow/example_dags/example_branch_python_dop_operator_3.py
[2023-07-19T16:38:32.065+0000] {processor.py:826} INFO - Processing file /home/airflow/.local/lib/python3.7/site-packages/airflow/example_dags/example_branch_python_dop_operator_3.py for tasks to queue
[2023-07-19T16:38:32.065+0000] {logging_mixin.py:150} INFO - [2023-07-19T16:38:32.065+0000] {dagbag.py:541} INFO - Filling up the DagBag from /home/airflow/.local/lib/python3.7/site-packages/airflow/example_dags/example_branch_python_dop_operator_3.py
[2023-07-19T16:38:32.082+0000] {processor.py:836} INFO - DAG(s) dict_keys(['example_branch_dop_operator_v3']) retrieved from /home/airflow/.local/lib/python3.7/site-packages/airflow/example_dags/example_branch_python_dop_operator_3.py
[2023-07-19T16:38:32.159+0000] {logging_mixin.py:150} INFO - [2023-07-19T16:38:32.159+0000] {dag.py:2742} INFO - Sync 1 DAGs
[2023-07-19T16:38:32.486+0000] {logging_mixin.py:150} INFO - [2023-07-19T16:38:32.486+0000] {dag.py:3508} INFO - Setting next_dagrun for example_branch_dop_operator_v3 to 2023-07-19T16:37:00+00:00, run_after=2023-07-19T16:38:00+00:00
[2023-07-19T16:38:32.533+0000] {processor.py:179} INFO - Processing /home/airflow/.local/lib/python3.7/site-packages/airflow/example_dags/example_branch_python_dop_operator_3.py took 0.485 seconds
[2023-07-19T16:39:03.252+0000] {processor.py:157} INFO - Started process (PID=723) to work on /home/airflow/.local/lib/python3.7/site-packages/airflow/example_dags/example_branch_python_dop_operator_3.py
[2023-07-19T16:39:03.253+0000] {processor.py:826} INFO - Processing file /home/airflow/.local/lib/python3.7/site-packages/airflow/example_dags/example_branch_python_dop_operator_3.py for tasks to queue
[2023-07-19T16:39:03.253+0000] {logging_mixin.py:150} INFO - [2023-07-19T16:39:03.253+0000] {dagbag.py:541} INFO - Filling up the DagBag from /home/airflow/.local/lib/python3.7/site-packages/airflow/example_dags/example_branch_python_dop_operator_3.py
[2023-07-19T16:39:03.285+0000] {processor.py:836} INFO - DAG(s) dict_keys(['example_branch_dop_operator_v3']) retrieved from /home/airflow/.local/lib/python3.7/site-packages/airflow/example_dags/example_branch_python_dop_operator_3.py
[2023-07-19T16:39:03.319+0000] {logging_mixin.py:150} INFO - [2023-07-19T16:39:03.319+0000] {dag.py:2742} INFO - Sync 1 DAGs
[2023-07-19T16:39:03.341+0000] {logging_mixin.py:150} INFO - [2023-07-19T16:39:03.341+0000] {dag.py:3508} INFO - Setting next_dagrun for example_branch_dop_operator_v3 to 2023-07-19T16:38:00+00:00, run_after=2023-07-19T16:39:00+00:00
[2023-07-19T16:39:03.360+0000] {processor.py:179} INFO - Processing /home/airflow/.local/lib/python3.7/site-packages/airflow/example_dags/example_branch_python_dop_operator_3.py took 0.111 seconds
[2023-07-19T16:39:33.969+0000] {processor.py:157} INFO - Started process (PID=779) to work on /home/airflow/.local/lib/python3.7/site-packages/airflow/example_dags/example_branch_python_dop_operator_3.py
[2023-07-19T16:39:33.970+0000] {processor.py:826} INFO - Processing file /home/airflow/.local/lib/python3.7/site-packages/airflow/example_dags/example_branch_python_dop_operator_3.py for tasks to queue
[2023-07-19T16:39:33.970+0000] {logging_mixin.py:150} INFO - [2023-07-19T16:39:33.970+0000] {dagbag.py:541} INFO - Filling up the DagBag from /home/airflow/.local/lib/python3.7/site-packages/airflow/example_dags/example_branch_python_dop_operator_3.py
[2023-07-19T16:39:33.978+0000] {processor.py:836} INFO - DAG(s) dict_keys(['example_branch_dop_operator_v3']) retrieved from /home/airflow/.local/lib/python3.7/site-packages/airflow/example_dags/example_branch_python_dop_operator_3.py
[2023-07-19T16:39:34.001+0000] {logging_mixin.py:150} INFO - [2023-07-19T16:39:34.001+0000] {dag.py:2742} INFO - Sync 1 DAGs
[2023-07-19T16:39:34.047+0000] {logging_mixin.py:150} INFO - [2023-07-19T16:39:34.047+0000] {dag.py:3508} INFO - Setting next_dagrun for example_branch_dop_operator_v3 to 2023-07-19T16:38:00+00:00, run_after=2023-07-19T16:39:00+00:00
[2023-07-19T16:39:34.098+0000] {processor.py:179} INFO - Processing /home/airflow/.local/lib/python3.7/site-packages/airflow/example_dags/example_branch_python_dop_operator_3.py took 0.133 seconds
[2023-07-19T16:40:13.121+0000] {processor.py:157} INFO - Started process (PID=834) to work on /home/airflow/.local/lib/python3.7/site-packages/airflow/example_dags/example_branch_python_dop_operator_3.py
[2023-07-19T16:40:13.121+0000] {processor.py:826} INFO - Processing file /home/airflow/.local/lib/python3.7/site-packages/airflow/example_dags/example_branch_python_dop_operator_3.py for tasks to queue
[2023-07-19T16:40:13.122+0000] {logging_mixin.py:150} INFO - [2023-07-19T16:40:13.122+0000] {dagbag.py:541} INFO - Filling up the DagBag from /home/airflow/.local/lib/python3.7/site-packages/airflow/example_dags/example_branch_python_dop_operator_3.py
[2023-07-19T16:40:13.128+0000] {processor.py:836} INFO - DAG(s) dict_keys(['example_branch_dop_operator_v3']) retrieved from /home/airflow/.local/lib/python3.7/site-packages/airflow/example_dags/example_branch_python_dop_operator_3.py
[2023-07-19T16:40:13.144+0000] {logging_mixin.py:150} INFO - [2023-07-19T16:40:13.144+0000] {dag.py:2742} INFO - Sync 1 DAGs
[2023-07-19T16:40:13.160+0000] {logging_mixin.py:150} INFO - [2023-07-19T16:40:13.160+0000] {dag.py:3508} INFO - Setting next_dagrun for example_branch_dop_operator_v3 to 2023-07-19T16:39:00+00:00, run_after=2023-07-19T16:40:00+00:00
[2023-07-19T16:40:13.169+0000] {processor.py:179} INFO - Processing /home/airflow/.local/lib/python3.7/site-packages/airflow/example_dags/example_branch_python_dop_operator_3.py took 0.051 seconds
[2023-07-19T16:40:43.811+0000] {processor.py:157} INFO - Started process (PID=889) to work on /home/airflow/.local/lib/python3.7/site-packages/airflow/example_dags/example_branch_python_dop_operator_3.py
[2023-07-19T16:40:43.811+0000] {processor.py:826} INFO - Processing file /home/airflow/.local/lib/python3.7/site-packages/airflow/example_dags/example_branch_python_dop_operator_3.py for tasks to queue
[2023-07-19T16:40:43.811+0000] {logging_mixin.py:150} INFO - [2023-07-19T16:40:43.811+0000] {dagbag.py:541} INFO - Filling up the DagBag from /home/airflow/.local/lib/python3.7/site-packages/airflow/example_dags/example_branch_python_dop_operator_3.py
[2023-07-19T16:40:43.824+0000] {processor.py:836} INFO - DAG(s) dict_keys(['example_branch_dop_operator_v3']) retrieved from /home/airflow/.local/lib/python3.7/site-packages/airflow/example_dags/example_branch_python_dop_operator_3.py
[2023-07-19T16:40:43.853+0000] {logging_mixin.py:150} INFO - [2023-07-19T16:40:43.853+0000] {dag.py:2742} INFO - Sync 1 DAGs
[2023-07-19T16:40:43.870+0000] {logging_mixin.py:150} INFO - [2023-07-19T16:40:43.870+0000] {dag.py:3508} INFO - Setting next_dagrun for example_branch_dop_operator_v3 to 2023-07-19T16:39:00+00:00, run_after=2023-07-19T16:40:00+00:00
[2023-07-19T16:40:43.878+0000] {processor.py:179} INFO - Processing /home/airflow/.local/lib/python3.7/site-packages/airflow/example_dags/example_branch_python_dop_operator_3.py took 0.069 seconds
[2023-07-19T16:41:13.968+0000] {processor.py:157} INFO - Started process (PID=943) to work on /home/airflow/.local/lib/python3.7/site-packages/airflow/example_dags/example_branch_python_dop_operator_3.py
[2023-07-19T16:41:13.969+0000] {processor.py:826} INFO - Processing file /home/airflow/.local/lib/python3.7/site-packages/airflow/example_dags/example_branch_python_dop_operator_3.py for tasks to queue
[2023-07-19T16:41:13.969+0000] {logging_mixin.py:150} INFO - [2023-07-19T16:41:13.969+0000] {dagbag.py:541} INFO - Filling up the DagBag from /home/airflow/.local/lib/python3.7/site-packages/airflow/example_dags/example_branch_python_dop_operator_3.py
[2023-07-19T16:41:13.974+0000] {processor.py:836} INFO - DAG(s) dict_keys(['example_branch_dop_operator_v3']) retrieved from /home/airflow/.local/lib/python3.7/site-packages/airflow/example_dags/example_branch_python_dop_operator_3.py
[2023-07-19T16:41:13.990+0000] {logging_mixin.py:150} INFO - [2023-07-19T16:41:13.990+0000] {dag.py:2742} INFO - Sync 1 DAGs
[2023-07-19T16:41:14.008+0000] {logging_mixin.py:150} INFO - [2023-07-19T16:41:14.008+0000] {dag.py:3508} INFO - Setting next_dagrun for example_branch_dop_operator_v3 to 2023-07-19T16:40:00+00:00, run_after=2023-07-19T16:41:00+00:00
[2023-07-19T16:41:14.017+0000] {processor.py:179} INFO - Processing /home/airflow/.local/lib/python3.7/site-packages/airflow/example_dags/example_branch_python_dop_operator_3.py took 0.051 seconds
[2023-07-19T16:41:44.571+0000] {processor.py:157} INFO - Started process (PID=998) to work on /home/airflow/.local/lib/python3.7/site-packages/airflow/example_dags/example_branch_python_dop_operator_3.py
[2023-07-19T16:41:44.571+0000] {processor.py:826} INFO - Processing file /home/airflow/.local/lib/python3.7/site-packages/airflow/example_dags/example_branch_python_dop_operator_3.py for tasks to queue
[2023-07-19T16:41:44.572+0000] {logging_mixin.py:150} INFO - [2023-07-19T16:41:44.571+0000] {dagbag.py:541} INFO - Filling up the DagBag from /home/airflow/.local/lib/python3.7/site-packages/airflow/example_dags/example_branch_python_dop_operator_3.py
[2023-07-19T16:41:44.578+0000] {processor.py:836} INFO - DAG(s) dict_keys(['example_branch_dop_operator_v3']) retrieved from /home/airflow/.local/lib/python3.7/site-packages/airflow/example_dags/example_branch_python_dop_operator_3.py
[2023-07-19T16:41:44.599+0000] {logging_mixin.py:150} INFO - [2023-07-19T16:41:44.599+0000] {dag.py:2742} INFO - Sync 1 DAGs
[2023-07-19T16:41:44.613+0000] {logging_mixin.py:150} INFO - [2023-07-19T16:41:44.613+0000] {dag.py:3508} INFO - Setting next_dagrun for example_branch_dop_operator_v3 to 2023-07-19T16:40:00+00:00, run_after=2023-07-19T16:41:00+00:00
[2023-07-19T16:41:44.621+0000] {processor.py:179} INFO - Processing /home/airflow/.local/lib/python3.7/site-packages/airflow/example_dags/example_branch_python_dop_operator_3.py took 0.053 seconds
[2023-07-19T16:42:14.751+0000] {processor.py:157} INFO - Started process (PID=1053) to work on /home/airflow/.local/lib/python3.7/site-packages/airflow/example_dags/example_branch_python_dop_operator_3.py
[2023-07-19T16:42:14.752+0000] {processor.py:826} INFO - Processing file /home/airflow/.local/lib/python3.7/site-packages/airflow/example_dags/example_branch_python_dop_operator_3.py for tasks to queue
[2023-07-19T16:42:14.752+0000] {logging_mixin.py:150} INFO - [2023-07-19T16:42:14.752+0000] {dagbag.py:541} INFO - Filling up the DagBag from /home/airflow/.local/lib/python3.7/site-packages/airflow/example_dags/example_branch_python_dop_operator_3.py
[2023-07-19T16:42:14.756+0000] {processor.py:836} INFO - DAG(s) dict_keys(['example_branch_dop_operator_v3']) retrieved from /home/airflow/.local/lib/python3.7/site-packages/airflow/example_dags/example_branch_python_dop_operator_3.py
[2023-07-19T16:42:14.769+0000] {logging_mixin.py:150} INFO - [2023-07-19T16:42:14.769+0000] {dag.py:2742} INFO - Sync 1 DAGs
[2023-07-19T16:42:14.801+0000] {logging_mixin.py:150} INFO - [2023-07-19T16:42:14.800+0000] {dag.py:3508} INFO - Setting next_dagrun for example_branch_dop_operator_v3 to 2023-07-19T16:41:00+00:00, run_after=2023-07-19T16:42:00+00:00
[2023-07-19T16:42:14.821+0000] {processor.py:179} INFO - Processing /home/airflow/.local/lib/python3.7/site-packages/airflow/example_dags/example_branch_python_dop_operator_3.py took 0.071 seconds
[2023-07-19T16:42:45.230+0000] {processor.py:157} INFO - Started process (PID=1114) to work on /home/airflow/.local/lib/python3.7/site-packages/airflow/example_dags/example_branch_python_dop_operator_3.py
[2023-07-19T16:42:45.230+0000] {processor.py:826} INFO - Processing file /home/airflow/.local/lib/python3.7/site-packages/airflow/example_dags/example_branch_python_dop_operator_3.py for tasks to queue
[2023-07-19T16:42:45.231+0000] {logging_mixin.py:150} INFO - [2023-07-19T16:42:45.231+0000] {dagbag.py:541} INFO - Filling up the DagBag from /home/airflow/.local/lib/python3.7/site-packages/airflow/example_dags/example_branch_python_dop_operator_3.py
[2023-07-19T16:42:45.235+0000] {processor.py:836} INFO - DAG(s) dict_keys(['example_branch_dop_operator_v3']) retrieved from /home/airflow/.local/lib/python3.7/site-packages/airflow/example_dags/example_branch_python_dop_operator_3.py
[2023-07-19T16:42:45.250+0000] {logging_mixin.py:150} INFO - [2023-07-19T16:42:45.250+0000] {dag.py:2742} INFO - Sync 1 DAGs
[2023-07-19T16:42:45.264+0000] {logging_mixin.py:150} INFO - [2023-07-19T16:42:45.264+0000] {dag.py:3508} INFO - Setting next_dagrun for example_branch_dop_operator_v3 to 2023-07-19T16:41:00+00:00, run_after=2023-07-19T16:42:00+00:00
[2023-07-19T16:42:45.271+0000] {processor.py:179} INFO - Processing /home/airflow/.local/lib/python3.7/site-packages/airflow/example_dags/example_branch_python_dop_operator_3.py took 0.043 seconds
[2023-07-19T16:43:16.454+0000] {processor.py:157} INFO - Started process (PID=1170) to work on /home/airflow/.local/lib/python3.7/site-packages/airflow/example_dags/example_branch_python_dop_operator_3.py
[2023-07-19T16:43:16.455+0000] {processor.py:826} INFO - Processing file /home/airflow/.local/lib/python3.7/site-packages/airflow/example_dags/example_branch_python_dop_operator_3.py for tasks to queue
[2023-07-19T16:43:16.456+0000] {logging_mixin.py:150} INFO - [2023-07-19T16:43:16.455+0000] {dagbag.py:541} INFO - Filling up the DagBag from /home/airflow/.local/lib/python3.7/site-packages/airflow/example_dags/example_branch_python_dop_operator_3.py
[2023-07-19T16:43:16.470+0000] {processor.py:836} INFO - DAG(s) dict_keys(['example_branch_dop_operator_v3']) retrieved from /home/airflow/.local/lib/python3.7/site-packages/airflow/example_dags/example_branch_python_dop_operator_3.py
[2023-07-19T16:43:16.506+0000] {logging_mixin.py:150} INFO - [2023-07-19T16:43:16.506+0000] {dag.py:2742} INFO - Sync 1 DAGs
[2023-07-19T16:43:16.541+0000] {logging_mixin.py:150} INFO - [2023-07-19T16:43:16.541+0000] {dag.py:3508} INFO - Setting next_dagrun for example_branch_dop_operator_v3 to 2023-07-19T16:42:00+00:00, run_after=2023-07-19T16:43:00+00:00
[2023-07-19T16:43:16.554+0000] {processor.py:179} INFO - Processing /home/airflow/.local/lib/python3.7/site-packages/airflow/example_dags/example_branch_python_dop_operator_3.py took 0.110 seconds
[2023-07-19T16:43:46.603+0000] {processor.py:157} INFO - Started process (PID=1225) to work on /home/airflow/.local/lib/python3.7/site-packages/airflow/example_dags/example_branch_python_dop_operator_3.py
[2023-07-19T16:43:46.604+0000] {processor.py:826} INFO - Processing file /home/airflow/.local/lib/python3.7/site-packages/airflow/example_dags/example_branch_python_dop_operator_3.py for tasks to queue
[2023-07-19T16:43:46.604+0000] {logging_mixin.py:150} INFO - [2023-07-19T16:43:46.604+0000] {dagbag.py:541} INFO - Filling up the DagBag from /home/airflow/.local/lib/python3.7/site-packages/airflow/example_dags/example_branch_python_dop_operator_3.py
[2023-07-19T16:43:46.611+0000] {processor.py:836} INFO - DAG(s) dict_keys(['example_branch_dop_operator_v3']) retrieved from /home/airflow/.local/lib/python3.7/site-packages/airflow/example_dags/example_branch_python_dop_operator_3.py
[2023-07-19T16:43:46.629+0000] {logging_mixin.py:150} INFO - [2023-07-19T16:43:46.629+0000] {dag.py:2742} INFO - Sync 1 DAGs
[2023-07-19T16:43:46.645+0000] {logging_mixin.py:150} INFO - [2023-07-19T16:43:46.645+0000] {dag.py:3508} INFO - Setting next_dagrun for example_branch_dop_operator_v3 to 2023-07-19T16:42:00+00:00, run_after=2023-07-19T16:43:00+00:00
[2023-07-19T16:43:46.660+0000] {processor.py:179} INFO - Processing /home/airflow/.local/lib/python3.7/site-packages/airflow/example_dags/example_branch_python_dop_operator_3.py took 0.058 seconds
[2023-07-19T16:44:17.591+0000] {processor.py:157} INFO - Started process (PID=1280) to work on /home/airflow/.local/lib/python3.7/site-packages/airflow/example_dags/example_branch_python_dop_operator_3.py
[2023-07-19T16:44:17.593+0000] {processor.py:826} INFO - Processing file /home/airflow/.local/lib/python3.7/site-packages/airflow/example_dags/example_branch_python_dop_operator_3.py for tasks to queue
[2023-07-19T16:44:17.593+0000] {logging_mixin.py:150} INFO - [2023-07-19T16:44:17.593+0000] {dagbag.py:541} INFO - Filling up the DagBag from /home/airflow/.local/lib/python3.7/site-packages/airflow/example_dags/example_branch_python_dop_operator_3.py
[2023-07-19T16:44:17.598+0000] {processor.py:836} INFO - DAG(s) dict_keys(['example_branch_dop_operator_v3']) retrieved from /home/airflow/.local/lib/python3.7/site-packages/airflow/example_dags/example_branch_python_dop_operator_3.py
[2023-07-19T16:44:17.611+0000] {logging_mixin.py:150} INFO - [2023-07-19T16:44:17.611+0000] {dag.py:2742} INFO - Sync 1 DAGs
[2023-07-19T16:44:17.625+0000] {logging_mixin.py:150} INFO - [2023-07-19T16:44:17.625+0000] {dag.py:3508} INFO - Setting next_dagrun for example_branch_dop_operator_v3 to 2023-07-19T16:43:00+00:00, run_after=2023-07-19T16:44:00+00:00
[2023-07-19T16:44:17.633+0000] {processor.py:179} INFO - Processing /home/airflow/.local/lib/python3.7/site-packages/airflow/example_dags/example_branch_python_dop_operator_3.py took 0.043 seconds
[2023-07-19T16:44:48.298+0000] {processor.py:157} INFO - Started process (PID=1335) to work on /home/airflow/.local/lib/python3.7/site-packages/airflow/example_dags/example_branch_python_dop_operator_3.py
[2023-07-19T16:44:48.298+0000] {processor.py:826} INFO - Processing file /home/airflow/.local/lib/python3.7/site-packages/airflow/example_dags/example_branch_python_dop_operator_3.py for tasks to queue
[2023-07-19T16:44:48.299+0000] {logging_mixin.py:150} INFO - [2023-07-19T16:44:48.298+0000] {dagbag.py:541} INFO - Filling up the DagBag from /home/airflow/.local/lib/python3.7/site-packages/airflow/example_dags/example_branch_python_dop_operator_3.py
[2023-07-19T16:44:48.304+0000] {processor.py:836} INFO - DAG(s) dict_keys(['example_branch_dop_operator_v3']) retrieved from /home/airflow/.local/lib/python3.7/site-packages/airflow/example_dags/example_branch_python_dop_operator_3.py
[2023-07-19T16:44:48.319+0000] {logging_mixin.py:150} INFO - [2023-07-19T16:44:48.319+0000] {dag.py:2742} INFO - Sync 1 DAGs
[2023-07-19T16:44:48.334+0000] {logging_mixin.py:150} INFO - [2023-07-19T16:44:48.334+0000] {dag.py:3508} INFO - Setting next_dagrun for example_branch_dop_operator_v3 to 2023-07-19T16:43:00+00:00, run_after=2023-07-19T16:44:00+00:00
[2023-07-19T16:44:48.343+0000] {processor.py:179} INFO - Processing /home/airflow/.local/lib/python3.7/site-packages/airflow/example_dags/example_branch_python_dop_operator_3.py took 0.047 seconds
[2023-07-19T16:45:19.340+0000] {processor.py:157} INFO - Started process (PID=1390) to work on /home/airflow/.local/lib/python3.7/site-packages/airflow/example_dags/example_branch_python_dop_operator_3.py
[2023-07-19T16:45:19.342+0000] {processor.py:826} INFO - Processing file /home/airflow/.local/lib/python3.7/site-packages/airflow/example_dags/example_branch_python_dop_operator_3.py for tasks to queue
[2023-07-19T16:45:19.342+0000] {logging_mixin.py:150} INFO - [2023-07-19T16:45:19.342+0000] {dagbag.py:541} INFO - Filling up the DagBag from /home/airflow/.local/lib/python3.7/site-packages/airflow/example_dags/example_branch_python_dop_operator_3.py
[2023-07-19T16:45:19.358+0000] {processor.py:836} INFO - DAG(s) dict_keys(['example_branch_dop_operator_v3']) retrieved from /home/airflow/.local/lib/python3.7/site-packages/airflow/example_dags/example_branch_python_dop_operator_3.py
[2023-07-19T16:45:19.400+0000] {logging_mixin.py:150} INFO - [2023-07-19T16:45:19.400+0000] {dag.py:2742} INFO - Sync 1 DAGs
[2023-07-19T16:45:19.438+0000] {logging_mixin.py:150} INFO - [2023-07-19T16:45:19.438+0000] {dag.py:3508} INFO - Setting next_dagrun for example_branch_dop_operator_v3 to 2023-07-19T16:44:00+00:00, run_after=2023-07-19T16:45:00+00:00
[2023-07-19T16:45:19.450+0000] {processor.py:179} INFO - Processing /home/airflow/.local/lib/python3.7/site-packages/airflow/example_dags/example_branch_python_dop_operator_3.py took 0.122 seconds
[2023-07-19T16:45:49.848+0000] {processor.py:157} INFO - Started process (PID=1445) to work on /home/airflow/.local/lib/python3.7/site-packages/airflow/example_dags/example_branch_python_dop_operator_3.py
[2023-07-19T16:45:49.849+0000] {processor.py:826} INFO - Processing file /home/airflow/.local/lib/python3.7/site-packages/airflow/example_dags/example_branch_python_dop_operator_3.py for tasks to queue
[2023-07-19T16:45:49.849+0000] {logging_mixin.py:150} INFO - [2023-07-19T16:45:49.849+0000] {dagbag.py:541} INFO - Filling up the DagBag from /home/airflow/.local/lib/python3.7/site-packages/airflow/example_dags/example_branch_python_dop_operator_3.py
[2023-07-19T16:45:49.860+0000] {processor.py:836} INFO - DAG(s) dict_keys(['example_branch_dop_operator_v3']) retrieved from /home/airflow/.local/lib/python3.7/site-packages/airflow/example_dags/example_branch_python_dop_operator_3.py
[2023-07-19T16:45:49.883+0000] {logging_mixin.py:150} INFO - [2023-07-19T16:45:49.883+0000] {dag.py:2742} INFO - Sync 1 DAGs
[2023-07-19T16:45:49.912+0000] {logging_mixin.py:150} INFO - [2023-07-19T16:45:49.911+0000] {dag.py:3508} INFO - Setting next_dagrun for example_branch_dop_operator_v3 to 2023-07-19T16:44:00+00:00, run_after=2023-07-19T16:45:00+00:00
[2023-07-19T16:45:49.920+0000] {processor.py:179} INFO - Processing /home/airflow/.local/lib/python3.7/site-packages/airflow/example_dags/example_branch_python_dop_operator_3.py took 0.075 seconds
[2023-07-19T16:46:20.724+0000] {processor.py:157} INFO - Started process (PID=1500) to work on /home/airflow/.local/lib/python3.7/site-packages/airflow/example_dags/example_branch_python_dop_operator_3.py
[2023-07-19T16:46:20.725+0000] {processor.py:826} INFO - Processing file /home/airflow/.local/lib/python3.7/site-packages/airflow/example_dags/example_branch_python_dop_operator_3.py for tasks to queue
[2023-07-19T16:46:20.726+0000] {logging_mixin.py:150} INFO - [2023-07-19T16:46:20.725+0000] {dagbag.py:541} INFO - Filling up the DagBag from /home/airflow/.local/lib/python3.7/site-packages/airflow/example_dags/example_branch_python_dop_operator_3.py
[2023-07-19T16:46:20.733+0000] {processor.py:836} INFO - DAG(s) dict_keys(['example_branch_dop_operator_v3']) retrieved from /home/airflow/.local/lib/python3.7/site-packages/airflow/example_dags/example_branch_python_dop_operator_3.py
[2023-07-19T16:46:20.757+0000] {logging_mixin.py:150} INFO - [2023-07-19T16:46:20.757+0000] {dag.py:2742} INFO - Sync 1 DAGs
[2023-07-19T16:46:20.787+0000] {logging_mixin.py:150} INFO - [2023-07-19T16:46:20.787+0000] {dag.py:3508} INFO - Setting next_dagrun for example_branch_dop_operator_v3 to 2023-07-19T16:45:00+00:00, run_after=2023-07-19T16:46:00+00:00
[2023-07-19T16:46:20.800+0000] {processor.py:179} INFO - Processing /home/airflow/.local/lib/python3.7/site-packages/airflow/example_dags/example_branch_python_dop_operator_3.py took 0.078 seconds
[2023-07-19T16:46:51.326+0000] {processor.py:157} INFO - Started process (PID=1555) to work on /home/airflow/.local/lib/python3.7/site-packages/airflow/example_dags/example_branch_python_dop_operator_3.py
[2023-07-19T16:46:51.327+0000] {processor.py:826} INFO - Processing file /home/airflow/.local/lib/python3.7/site-packages/airflow/example_dags/example_branch_python_dop_operator_3.py for tasks to queue
[2023-07-19T16:46:51.327+0000] {logging_mixin.py:150} INFO - [2023-07-19T16:46:51.327+0000] {dagbag.py:541} INFO - Filling up the DagBag from /home/airflow/.local/lib/python3.7/site-packages/airflow/example_dags/example_branch_python_dop_operator_3.py
[2023-07-19T16:46:51.336+0000] {processor.py:836} INFO - DAG(s) dict_keys(['example_branch_dop_operator_v3']) retrieved from /home/airflow/.local/lib/python3.7/site-packages/airflow/example_dags/example_branch_python_dop_operator_3.py
[2023-07-19T16:46:51.353+0000] {logging_mixin.py:150} INFO - [2023-07-19T16:46:51.353+0000] {dag.py:2742} INFO - Sync 1 DAGs
[2023-07-19T16:46:51.369+0000] {logging_mixin.py:150} INFO - [2023-07-19T16:46:51.369+0000] {dag.py:3508} INFO - Setting next_dagrun for example_branch_dop_operator_v3 to 2023-07-19T16:45:00+00:00, run_after=2023-07-19T16:46:00+00:00
[2023-07-19T16:46:51.378+0000] {processor.py:179} INFO - Processing /home/airflow/.local/lib/python3.7/site-packages/airflow/example_dags/example_branch_python_dop_operator_3.py took 0.055 seconds
[2023-07-19T16:47:21.919+0000] {processor.py:157} INFO - Started process (PID=1609) to work on /home/airflow/.local/lib/python3.7/site-packages/airflow/example_dags/example_branch_python_dop_operator_3.py
[2023-07-19T16:47:21.919+0000] {processor.py:826} INFO - Processing file /home/airflow/.local/lib/python3.7/site-packages/airflow/example_dags/example_branch_python_dop_operator_3.py for tasks to queue
[2023-07-19T16:47:21.919+0000] {logging_mixin.py:150} INFO - [2023-07-19T16:47:21.919+0000] {dagbag.py:541} INFO - Filling up the DagBag from /home/airflow/.local/lib/python3.7/site-packages/airflow/example_dags/example_branch_python_dop_operator_3.py
[2023-07-19T16:47:21.924+0000] {processor.py:836} INFO - DAG(s) dict_keys(['example_branch_dop_operator_v3']) retrieved from /home/airflow/.local/lib/python3.7/site-packages/airflow/example_dags/example_branch_python_dop_operator_3.py
[2023-07-19T16:47:21.941+0000] {logging_mixin.py:150} INFO - [2023-07-19T16:47:21.941+0000] {dag.py:2742} INFO - Sync 1 DAGs
[2023-07-19T16:47:21.958+0000] {logging_mixin.py:150} INFO - [2023-07-19T16:47:21.958+0000] {dag.py:3508} INFO - Setting next_dagrun for example_branch_dop_operator_v3 to 2023-07-19T16:46:00+00:00, run_after=2023-07-19T16:47:00+00:00
[2023-07-19T16:47:21.967+0000] {processor.py:179} INFO - Processing /home/airflow/.local/lib/python3.7/site-packages/airflow/example_dags/example_branch_python_dop_operator_3.py took 0.056 seconds
[2023-07-19T16:47:53.564+0000] {processor.py:157} INFO - Started process (PID=1664) to work on /home/airflow/.local/lib/python3.7/site-packages/airflow/example_dags/example_branch_python_dop_operator_3.py
[2023-07-19T16:47:53.573+0000] {processor.py:826} INFO - Processing file /home/airflow/.local/lib/python3.7/site-packages/airflow/example_dags/example_branch_python_dop_operator_3.py for tasks to queue
[2023-07-19T16:47:53.574+0000] {logging_mixin.py:150} INFO - [2023-07-19T16:47:53.573+0000] {dagbag.py:541} INFO - Filling up the DagBag from /home/airflow/.local/lib/python3.7/site-packages/airflow/example_dags/example_branch_python_dop_operator_3.py
[2023-07-19T16:47:53.579+0000] {processor.py:836} INFO - DAG(s) dict_keys(['example_branch_dop_operator_v3']) retrieved from /home/airflow/.local/lib/python3.7/site-packages/airflow/example_dags/example_branch_python_dop_operator_3.py
[2023-07-19T16:47:53.617+0000] {logging_mixin.py:150} INFO - [2023-07-19T16:47:53.617+0000] {dag.py:2742} INFO - Sync 1 DAGs
[2023-07-19T16:47:53.645+0000] {logging_mixin.py:150} INFO - [2023-07-19T16:47:53.645+0000] {dag.py:3508} INFO - Setting next_dagrun for example_branch_dop_operator_v3 to 2023-07-19T16:46:00+00:00, run_after=2023-07-19T16:47:00+00:00
[2023-07-19T16:47:53.662+0000] {processor.py:179} INFO - Processing /home/airflow/.local/lib/python3.7/site-packages/airflow/example_dags/example_branch_python_dop_operator_3.py took 0.110 seconds
[2023-07-19T16:48:24.266+0000] {processor.py:157} INFO - Started process (PID=1719) to work on /home/airflow/.local/lib/python3.7/site-packages/airflow/example_dags/example_branch_python_dop_operator_3.py
[2023-07-19T16:48:24.267+0000] {processor.py:826} INFO - Processing file /home/airflow/.local/lib/python3.7/site-packages/airflow/example_dags/example_branch_python_dop_operator_3.py for tasks to queue
[2023-07-19T16:48:24.268+0000] {logging_mixin.py:150} INFO - [2023-07-19T16:48:24.267+0000] {dagbag.py:541} INFO - Filling up the DagBag from /home/airflow/.local/lib/python3.7/site-packages/airflow/example_dags/example_branch_python_dop_operator_3.py
[2023-07-19T16:48:24.275+0000] {processor.py:836} INFO - DAG(s) dict_keys(['example_branch_dop_operator_v3']) retrieved from /home/airflow/.local/lib/python3.7/site-packages/airflow/example_dags/example_branch_python_dop_operator_3.py
[2023-07-19T16:48:24.300+0000] {logging_mixin.py:150} INFO - [2023-07-19T16:48:24.300+0000] {dag.py:2742} INFO - Sync 1 DAGs
[2023-07-19T16:48:24.321+0000] {logging_mixin.py:150} INFO - [2023-07-19T16:48:24.321+0000] {dag.py:3508} INFO - Setting next_dagrun for example_branch_dop_operator_v3 to 2023-07-19T16:47:00+00:00, run_after=2023-07-19T16:48:00+00:00
[2023-07-19T16:48:24.409+0000] {processor.py:179} INFO - Processing /home/airflow/.local/lib/python3.7/site-packages/airflow/example_dags/example_branch_python_dop_operator_3.py took 0.146 seconds
[2023-07-19T16:48:55.138+0000] {processor.py:157} INFO - Started process (PID=1774) to work on /home/airflow/.local/lib/python3.7/site-packages/airflow/example_dags/example_branch_python_dop_operator_3.py
[2023-07-19T16:48:55.139+0000] {processor.py:826} INFO - Processing file /home/airflow/.local/lib/python3.7/site-packages/airflow/example_dags/example_branch_python_dop_operator_3.py for tasks to queue
[2023-07-19T16:48:55.140+0000] {logging_mixin.py:150} INFO - [2023-07-19T16:48:55.140+0000] {dagbag.py:541} INFO - Filling up the DagBag from /home/airflow/.local/lib/python3.7/site-packages/airflow/example_dags/example_branch_python_dop_operator_3.py
[2023-07-19T16:48:55.150+0000] {processor.py:836} INFO - DAG(s) dict_keys(['example_branch_dop_operator_v3']) retrieved from /home/airflow/.local/lib/python3.7/site-packages/airflow/example_dags/example_branch_python_dop_operator_3.py
[2023-07-19T16:48:55.173+0000] {logging_mixin.py:150} INFO - [2023-07-19T16:48:55.173+0000] {dag.py:2742} INFO - Sync 1 DAGs
[2023-07-19T16:48:55.195+0000] {logging_mixin.py:150} INFO - [2023-07-19T16:48:55.195+0000] {dag.py:3508} INFO - Setting next_dagrun for example_branch_dop_operator_v3 to 2023-07-19T16:47:00+00:00, run_after=2023-07-19T16:48:00+00:00
[2023-07-19T16:48:55.207+0000] {processor.py:179} INFO - Processing /home/airflow/.local/lib/python3.7/site-packages/airflow/example_dags/example_branch_python_dop_operator_3.py took 0.072 seconds
[2023-07-19T16:49:26.048+0000] {processor.py:157} INFO - Started process (PID=1829) to work on /home/airflow/.local/lib/python3.7/site-packages/airflow/example_dags/example_branch_python_dop_operator_3.py
[2023-07-19T16:49:26.048+0000] {processor.py:826} INFO - Processing file /home/airflow/.local/lib/python3.7/site-packages/airflow/example_dags/example_branch_python_dop_operator_3.py for tasks to queue
[2023-07-19T16:49:26.049+0000] {logging_mixin.py:150} INFO - [2023-07-19T16:49:26.048+0000] {dagbag.py:541} INFO - Filling up the DagBag from /home/airflow/.local/lib/python3.7/site-packages/airflow/example_dags/example_branch_python_dop_operator_3.py
[2023-07-19T16:49:26.054+0000] {processor.py:836} INFO - DAG(s) dict_keys(['example_branch_dop_operator_v3']) retrieved from /home/airflow/.local/lib/python3.7/site-packages/airflow/example_dags/example_branch_python_dop_operator_3.py
[2023-07-19T16:49:26.068+0000] {logging_mixin.py:150} INFO - [2023-07-19T16:49:26.068+0000] {dag.py:2742} INFO - Sync 1 DAGs
[2023-07-19T16:49:26.082+0000] {logging_mixin.py:150} INFO - [2023-07-19T16:49:26.082+0000] {dag.py:3508} INFO - Setting next_dagrun for example_branch_dop_operator_v3 to 2023-07-19T16:48:00+00:00, run_after=2023-07-19T16:49:00+00:00
[2023-07-19T16:49:26.090+0000] {processor.py:179} INFO - Processing /home/airflow/.local/lib/python3.7/site-packages/airflow/example_dags/example_branch_python_dop_operator_3.py took 0.044 seconds
[2023-07-19T16:49:56.754+0000] {processor.py:157} INFO - Started process (PID=1884) to work on /home/airflow/.local/lib/python3.7/site-packages/airflow/example_dags/example_branch_python_dop_operator_3.py
[2023-07-19T16:49:56.768+0000] {processor.py:826} INFO - Processing file /home/airflow/.local/lib/python3.7/site-packages/airflow/example_dags/example_branch_python_dop_operator_3.py for tasks to queue
[2023-07-19T16:49:56.772+0000] {logging_mixin.py:150} INFO - [2023-07-19T16:49:56.769+0000] {dagbag.py:541} INFO - Filling up the DagBag from /home/airflow/.local/lib/python3.7/site-packages/airflow/example_dags/example_branch_python_dop_operator_3.py
[2023-07-19T16:49:56.799+0000] {processor.py:836} INFO - DAG(s) dict_keys(['example_branch_dop_operator_v3']) retrieved from /home/airflow/.local/lib/python3.7/site-packages/airflow/example_dags/example_branch_python_dop_operator_3.py
[2023-07-19T16:49:56.892+0000] {logging_mixin.py:150} INFO - [2023-07-19T16:49:56.892+0000] {dag.py:2742} INFO - Sync 1 DAGs
[2023-07-19T16:49:56.984+0000] {logging_mixin.py:150} INFO - [2023-07-19T16:49:56.983+0000] {dag.py:3508} INFO - Setting next_dagrun for example_branch_dop_operator_v3 to 2023-07-19T16:48:00+00:00, run_after=2023-07-19T16:49:00+00:00
[2023-07-19T16:49:57.045+0000] {processor.py:179} INFO - Processing /home/airflow/.local/lib/python3.7/site-packages/airflow/example_dags/example_branch_python_dop_operator_3.py took 0.293 seconds
[2023-07-19T16:50:27.438+0000] {processor.py:157} INFO - Started process (PID=1938) to work on /home/airflow/.local/lib/python3.7/site-packages/airflow/example_dags/example_branch_python_dop_operator_3.py
[2023-07-19T16:50:27.439+0000] {processor.py:826} INFO - Processing file /home/airflow/.local/lib/python3.7/site-packages/airflow/example_dags/example_branch_python_dop_operator_3.py for tasks to queue
[2023-07-19T16:50:27.439+0000] {logging_mixin.py:150} INFO - [2023-07-19T16:50:27.439+0000] {dagbag.py:541} INFO - Filling up the DagBag from /home/airflow/.local/lib/python3.7/site-packages/airflow/example_dags/example_branch_python_dop_operator_3.py
[2023-07-19T16:50:27.444+0000] {processor.py:836} INFO - DAG(s) dict_keys(['example_branch_dop_operator_v3']) retrieved from /home/airflow/.local/lib/python3.7/site-packages/airflow/example_dags/example_branch_python_dop_operator_3.py
[2023-07-19T16:50:27.459+0000] {logging_mixin.py:150} INFO - [2023-07-19T16:50:27.459+0000] {dag.py:2742} INFO - Sync 1 DAGs
[2023-07-19T16:50:27.474+0000] {logging_mixin.py:150} INFO - [2023-07-19T16:50:27.474+0000] {dag.py:3508} INFO - Setting next_dagrun for example_branch_dop_operator_v3 to 2023-07-19T16:49:00+00:00, run_after=2023-07-19T16:50:00+00:00
[2023-07-19T16:50:27.484+0000] {processor.py:179} INFO - Processing /home/airflow/.local/lib/python3.7/site-packages/airflow/example_dags/example_branch_python_dop_operator_3.py took 0.048 seconds
[2023-07-19T16:50:58.594+0000] {processor.py:157} INFO - Started process (PID=1994) to work on /home/airflow/.local/lib/python3.7/site-packages/airflow/example_dags/example_branch_python_dop_operator_3.py
[2023-07-19T16:50:58.595+0000] {processor.py:826} INFO - Processing file /home/airflow/.local/lib/python3.7/site-packages/airflow/example_dags/example_branch_python_dop_operator_3.py for tasks to queue
[2023-07-19T16:50:58.596+0000] {logging_mixin.py:150} INFO - [2023-07-19T16:50:58.595+0000] {dagbag.py:541} INFO - Filling up the DagBag from /home/airflow/.local/lib/python3.7/site-packages/airflow/example_dags/example_branch_python_dop_operator_3.py
[2023-07-19T16:50:58.604+0000] {processor.py:836} INFO - DAG(s) dict_keys(['example_branch_dop_operator_v3']) retrieved from /home/airflow/.local/lib/python3.7/site-packages/airflow/example_dags/example_branch_python_dop_operator_3.py
[2023-07-19T16:50:58.624+0000] {logging_mixin.py:150} INFO - [2023-07-19T16:50:58.624+0000] {dag.py:2742} INFO - Sync 1 DAGs
[2023-07-19T16:50:58.646+0000] {logging_mixin.py:150} INFO - [2023-07-19T16:50:58.646+0000] {dag.py:3508} INFO - Setting next_dagrun for example_branch_dop_operator_v3 to 2023-07-19T16:49:00+00:00, run_after=2023-07-19T16:50:00+00:00
[2023-07-19T16:50:58.669+0000] {processor.py:179} INFO - Processing /home/airflow/.local/lib/python3.7/site-packages/airflow/example_dags/example_branch_python_dop_operator_3.py took 0.079 seconds
[2023-07-19T16:51:28.934+0000] {processor.py:157} INFO - Started process (PID=2048) to work on /home/airflow/.local/lib/python3.7/site-packages/airflow/example_dags/example_branch_python_dop_operator_3.py
[2023-07-19T16:51:28.935+0000] {processor.py:826} INFO - Processing file /home/airflow/.local/lib/python3.7/site-packages/airflow/example_dags/example_branch_python_dop_operator_3.py for tasks to queue
[2023-07-19T16:51:28.935+0000] {logging_mixin.py:150} INFO - [2023-07-19T16:51:28.935+0000] {dagbag.py:541} INFO - Filling up the DagBag from /home/airflow/.local/lib/python3.7/site-packages/airflow/example_dags/example_branch_python_dop_operator_3.py
[2023-07-19T16:51:28.941+0000] {processor.py:836} INFO - DAG(s) dict_keys(['example_branch_dop_operator_v3']) retrieved from /home/airflow/.local/lib/python3.7/site-packages/airflow/example_dags/example_branch_python_dop_operator_3.py
[2023-07-19T16:51:28.955+0000] {logging_mixin.py:150} INFO - [2023-07-19T16:51:28.955+0000] {dag.py:2742} INFO - Sync 1 DAGs
[2023-07-19T16:51:28.969+0000] {logging_mixin.py:150} INFO - [2023-07-19T16:51:28.969+0000] {dag.py:3508} INFO - Setting next_dagrun for example_branch_dop_operator_v3 to 2023-07-19T16:50:00+00:00, run_after=2023-07-19T16:51:00+00:00
[2023-07-19T16:51:28.976+0000] {processor.py:179} INFO - Processing /home/airflow/.local/lib/python3.7/site-packages/airflow/example_dags/example_branch_python_dop_operator_3.py took 0.044 seconds
[2023-07-19T16:51:59.459+0000] {processor.py:157} INFO - Started process (PID=2103) to work on /home/airflow/.local/lib/python3.7/site-packages/airflow/example_dags/example_branch_python_dop_operator_3.py
[2023-07-19T16:51:59.460+0000] {processor.py:826} INFO - Processing file /home/airflow/.local/lib/python3.7/site-packages/airflow/example_dags/example_branch_python_dop_operator_3.py for tasks to queue
[2023-07-19T16:51:59.460+0000] {logging_mixin.py:150} INFO - [2023-07-19T16:51:59.460+0000] {dagbag.py:541} INFO - Filling up the DagBag from /home/airflow/.local/lib/python3.7/site-packages/airflow/example_dags/example_branch_python_dop_operator_3.py
[2023-07-19T16:51:59.466+0000] {processor.py:836} INFO - DAG(s) dict_keys(['example_branch_dop_operator_v3']) retrieved from /home/airflow/.local/lib/python3.7/site-packages/airflow/example_dags/example_branch_python_dop_operator_3.py
[2023-07-19T16:51:59.481+0000] {logging_mixin.py:150} INFO - [2023-07-19T16:51:59.481+0000] {dag.py:2742} INFO - Sync 1 DAGs
[2023-07-19T16:51:59.496+0000] {logging_mixin.py:150} INFO - [2023-07-19T16:51:59.496+0000] {dag.py:3508} INFO - Setting next_dagrun for example_branch_dop_operator_v3 to 2023-07-19T16:50:00+00:00, run_after=2023-07-19T16:51:00+00:00
[2023-07-19T16:51:59.504+0000] {processor.py:179} INFO - Processing /home/airflow/.local/lib/python3.7/site-packages/airflow/example_dags/example_branch_python_dop_operator_3.py took 0.047 seconds
