[2023-07-19T16:32:54.022+0000] {processor.py:157} INFO - Started process (PID=73) to work on /home/airflow/.local/lib/python3.7/site-packages/airflow/example_dags/example_setup_teardown.py
[2023-07-19T16:32:54.023+0000] {processor.py:826} INFO - Processing file /home/airflow/.local/lib/python3.7/site-packages/airflow/example_dags/example_setup_teardown.py for tasks to queue
[2023-07-19T16:32:54.253+0000] {logging_mixin.py:150} INFO - [2023-07-19T16:32:54.027+0000] {dagbag.py:541} INFO - Filling up the DagBag from /home/airflow/.local/lib/python3.7/site-packages/airflow/example_dags/example_setup_teardown.py
[2023-07-19T16:32:54.263+0000] {processor.py:838} WARNING - No viable dags retrieved from /home/airflow/.local/lib/python3.7/site-packages/airflow/example_dags/example_setup_teardown.py
[2023-07-19T16:32:54.290+0000] {processor.py:179} INFO - Processing /home/airflow/.local/lib/python3.7/site-packages/airflow/example_dags/example_setup_teardown.py took 0.283 seconds
[2023-07-19T16:33:24.520+0000] {processor.py:157} INFO - Started process (PID=127) to work on /home/airflow/.local/lib/python3.7/site-packages/airflow/example_dags/example_setup_teardown.py
[2023-07-19T16:33:24.521+0000] {processor.py:826} INFO - Processing file /home/airflow/.local/lib/python3.7/site-packages/airflow/example_dags/example_setup_teardown.py for tasks to queue
[2023-07-19T16:33:24.521+0000] {logging_mixin.py:150} INFO - [2023-07-19T16:33:24.521+0000] {dagbag.py:541} INFO - Filling up the DagBag from /home/airflow/.local/lib/python3.7/site-packages/airflow/example_dags/example_setup_teardown.py
[2023-07-19T16:33:24.522+0000] {processor.py:838} WARNING - No viable dags retrieved from /home/airflow/.local/lib/python3.7/site-packages/airflow/example_dags/example_setup_teardown.py
[2023-07-19T16:33:24.530+0000] {processor.py:179} INFO - Processing /home/airflow/.local/lib/python3.7/site-packages/airflow/example_dags/example_setup_teardown.py took 0.012 seconds
[2023-07-19T16:33:54.983+0000] {processor.py:157} INFO - Started process (PID=183) to work on /home/airflow/.local/lib/python3.7/site-packages/airflow/example_dags/example_setup_teardown.py
[2023-07-19T16:33:54.984+0000] {processor.py:826} INFO - Processing file /home/airflow/.local/lib/python3.7/site-packages/airflow/example_dags/example_setup_teardown.py for tasks to queue
[2023-07-19T16:33:54.984+0000] {logging_mixin.py:150} INFO - [2023-07-19T16:33:54.984+0000] {dagbag.py:541} INFO - Filling up the DagBag from /home/airflow/.local/lib/python3.7/site-packages/airflow/example_dags/example_setup_teardown.py
[2023-07-19T16:33:54.985+0000] {processor.py:838} WARNING - No viable dags retrieved from /home/airflow/.local/lib/python3.7/site-packages/airflow/example_dags/example_setup_teardown.py
[2023-07-19T16:33:55.005+0000] {processor.py:179} INFO - Processing /home/airflow/.local/lib/python3.7/site-packages/airflow/example_dags/example_setup_teardown.py took 0.025 seconds
[2023-07-19T16:34:25.873+0000] {processor.py:157} INFO - Started process (PID=237) to work on /home/airflow/.local/lib/python3.7/site-packages/airflow/example_dags/example_setup_teardown.py
[2023-07-19T16:34:25.873+0000] {processor.py:826} INFO - Processing file /home/airflow/.local/lib/python3.7/site-packages/airflow/example_dags/example_setup_teardown.py for tasks to queue
[2023-07-19T16:34:25.874+0000] {logging_mixin.py:150} INFO - [2023-07-19T16:34:25.873+0000] {dagbag.py:541} INFO - Filling up the DagBag from /home/airflow/.local/lib/python3.7/site-packages/airflow/example_dags/example_setup_teardown.py
[2023-07-19T16:34:25.878+0000] {processor.py:838} WARNING - No viable dags retrieved from /home/airflow/.local/lib/python3.7/site-packages/airflow/example_dags/example_setup_teardown.py
[2023-07-19T16:34:25.901+0000] {processor.py:179} INFO - Processing /home/airflow/.local/lib/python3.7/site-packages/airflow/example_dags/example_setup_teardown.py took 0.030 seconds
[2023-07-19T16:34:56.854+0000] {processor.py:157} INFO - Started process (PID=292) to work on /home/airflow/.local/lib/python3.7/site-packages/airflow/example_dags/example_setup_teardown.py
[2023-07-19T16:34:56.855+0000] {processor.py:826} INFO - Processing file /home/airflow/.local/lib/python3.7/site-packages/airflow/example_dags/example_setup_teardown.py for tasks to queue
[2023-07-19T16:34:56.855+0000] {logging_mixin.py:150} INFO - [2023-07-19T16:34:56.855+0000] {dagbag.py:541} INFO - Filling up the DagBag from /home/airflow/.local/lib/python3.7/site-packages/airflow/example_dags/example_setup_teardown.py
[2023-07-19T16:34:56.856+0000] {processor.py:838} WARNING - No viable dags retrieved from /home/airflow/.local/lib/python3.7/site-packages/airflow/example_dags/example_setup_teardown.py
[2023-07-19T16:34:56.864+0000] {processor.py:179} INFO - Processing /home/airflow/.local/lib/python3.7/site-packages/airflow/example_dags/example_setup_teardown.py took 0.011 seconds
[2023-07-19T16:35:27.991+0000] {processor.py:157} INFO - Started process (PID=347) to work on /home/airflow/.local/lib/python3.7/site-packages/airflow/example_dags/example_setup_teardown.py
[2023-07-19T16:35:27.992+0000] {processor.py:826} INFO - Processing file /home/airflow/.local/lib/python3.7/site-packages/airflow/example_dags/example_setup_teardown.py for tasks to queue
[2023-07-19T16:35:27.994+0000] {logging_mixin.py:150} INFO - [2023-07-19T16:35:27.994+0000] {dagbag.py:541} INFO - Filling up the DagBag from /home/airflow/.local/lib/python3.7/site-packages/airflow/example_dags/example_setup_teardown.py
[2023-07-19T16:35:27.996+0000] {processor.py:838} WARNING - No viable dags retrieved from /home/airflow/.local/lib/python3.7/site-packages/airflow/example_dags/example_setup_teardown.py
[2023-07-19T16:35:28.007+0000] {processor.py:179} INFO - Processing /home/airflow/.local/lib/python3.7/site-packages/airflow/example_dags/example_setup_teardown.py took 0.032 seconds
[2023-07-19T16:35:58.459+0000] {processor.py:157} INFO - Started process (PID=403) to work on /home/airflow/.local/lib/python3.7/site-packages/airflow/example_dags/example_setup_teardown.py
[2023-07-19T16:35:58.461+0000] {processor.py:826} INFO - Processing file /home/airflow/.local/lib/python3.7/site-packages/airflow/example_dags/example_setup_teardown.py for tasks to queue
[2023-07-19T16:35:58.461+0000] {logging_mixin.py:150} INFO - [2023-07-19T16:35:58.461+0000] {dagbag.py:541} INFO - Filling up the DagBag from /home/airflow/.local/lib/python3.7/site-packages/airflow/example_dags/example_setup_teardown.py
[2023-07-19T16:35:58.462+0000] {processor.py:838} WARNING - No viable dags retrieved from /home/airflow/.local/lib/python3.7/site-packages/airflow/example_dags/example_setup_teardown.py
[2023-07-19T16:35:58.473+0000] {processor.py:179} INFO - Processing /home/airflow/.local/lib/python3.7/site-packages/airflow/example_dags/example_setup_teardown.py took 0.017 seconds
[2023-07-19T16:36:29.070+0000] {processor.py:157} INFO - Started process (PID=459) to work on /home/airflow/.local/lib/python3.7/site-packages/airflow/example_dags/example_setup_teardown.py
[2023-07-19T16:36:29.071+0000] {processor.py:826} INFO - Processing file /home/airflow/.local/lib/python3.7/site-packages/airflow/example_dags/example_setup_teardown.py for tasks to queue
[2023-07-19T16:36:29.071+0000] {logging_mixin.py:150} INFO - [2023-07-19T16:36:29.071+0000] {dagbag.py:541} INFO - Filling up the DagBag from /home/airflow/.local/lib/python3.7/site-packages/airflow/example_dags/example_setup_teardown.py
[2023-07-19T16:36:29.072+0000] {processor.py:838} WARNING - No viable dags retrieved from /home/airflow/.local/lib/python3.7/site-packages/airflow/example_dags/example_setup_teardown.py
[2023-07-19T16:36:29.082+0000] {processor.py:179} INFO - Processing /home/airflow/.local/lib/python3.7/site-packages/airflow/example_dags/example_setup_teardown.py took 0.014 seconds
[2023-07-19T16:36:59.712+0000] {processor.py:157} INFO - Started process (PID=514) to work on /home/airflow/.local/lib/python3.7/site-packages/airflow/example_dags/example_setup_teardown.py
[2023-07-19T16:36:59.714+0000] {processor.py:826} INFO - Processing file /home/airflow/.local/lib/python3.7/site-packages/airflow/example_dags/example_setup_teardown.py for tasks to queue
[2023-07-19T16:36:59.714+0000] {logging_mixin.py:150} INFO - [2023-07-19T16:36:59.714+0000] {dagbag.py:541} INFO - Filling up the DagBag from /home/airflow/.local/lib/python3.7/site-packages/airflow/example_dags/example_setup_teardown.py
[2023-07-19T16:36:59.716+0000] {processor.py:838} WARNING - No viable dags retrieved from /home/airflow/.local/lib/python3.7/site-packages/airflow/example_dags/example_setup_teardown.py
[2023-07-19T16:36:59.745+0000] {processor.py:179} INFO - Processing /home/airflow/.local/lib/python3.7/site-packages/airflow/example_dags/example_setup_teardown.py took 0.038 seconds
[2023-07-19T16:37:30.265+0000] {processor.py:157} INFO - Started process (PID=569) to work on /home/airflow/.local/lib/python3.7/site-packages/airflow/example_dags/example_setup_teardown.py
[2023-07-19T16:37:30.266+0000] {processor.py:826} INFO - Processing file /home/airflow/.local/lib/python3.7/site-packages/airflow/example_dags/example_setup_teardown.py for tasks to queue
[2023-07-19T16:37:30.271+0000] {logging_mixin.py:150} INFO - [2023-07-19T16:37:30.266+0000] {dagbag.py:541} INFO - Filling up the DagBag from /home/airflow/.local/lib/python3.7/site-packages/airflow/example_dags/example_setup_teardown.py
[2023-07-19T16:37:30.273+0000] {processor.py:838} WARNING - No viable dags retrieved from /home/airflow/.local/lib/python3.7/site-packages/airflow/example_dags/example_setup_teardown.py
[2023-07-19T16:37:30.296+0000] {processor.py:179} INFO - Processing /home/airflow/.local/lib/python3.7/site-packages/airflow/example_dags/example_setup_teardown.py took 0.034 seconds
[2023-07-19T16:38:01.840+0000] {processor.py:157} INFO - Started process (PID=624) to work on /home/airflow/.local/lib/python3.7/site-packages/airflow/example_dags/example_setup_teardown.py
[2023-07-19T16:38:01.840+0000] {processor.py:826} INFO - Processing file /home/airflow/.local/lib/python3.7/site-packages/airflow/example_dags/example_setup_teardown.py for tasks to queue
[2023-07-19T16:38:01.840+0000] {logging_mixin.py:150} INFO - [2023-07-19T16:38:01.840+0000] {dagbag.py:541} INFO - Filling up the DagBag from /home/airflow/.local/lib/python3.7/site-packages/airflow/example_dags/example_setup_teardown.py
[2023-07-19T16:38:01.842+0000] {processor.py:838} WARNING - No viable dags retrieved from /home/airflow/.local/lib/python3.7/site-packages/airflow/example_dags/example_setup_teardown.py
[2023-07-19T16:38:01.854+0000] {processor.py:179} INFO - Processing /home/airflow/.local/lib/python3.7/site-packages/airflow/example_dags/example_setup_teardown.py took 0.017 seconds
[2023-07-19T16:38:35.026+0000] {processor.py:157} INFO - Started process (PID=679) to work on /home/airflow/.local/lib/python3.7/site-packages/airflow/example_dags/example_setup_teardown.py
[2023-07-19T16:38:35.029+0000] {processor.py:826} INFO - Processing file /home/airflow/.local/lib/python3.7/site-packages/airflow/example_dags/example_setup_teardown.py for tasks to queue
[2023-07-19T16:38:35.030+0000] {logging_mixin.py:150} INFO - [2023-07-19T16:38:35.029+0000] {dagbag.py:541} INFO - Filling up the DagBag from /home/airflow/.local/lib/python3.7/site-packages/airflow/example_dags/example_setup_teardown.py
[2023-07-19T16:38:35.035+0000] {processor.py:838} WARNING - No viable dags retrieved from /home/airflow/.local/lib/python3.7/site-packages/airflow/example_dags/example_setup_teardown.py
[2023-07-19T16:38:35.067+0000] {processor.py:179} INFO - Processing /home/airflow/.local/lib/python3.7/site-packages/airflow/example_dags/example_setup_teardown.py took 0.066 seconds
[2023-07-19T16:39:05.190+0000] {processor.py:157} INFO - Started process (PID=733) to work on /home/airflow/.local/lib/python3.7/site-packages/airflow/example_dags/example_setup_teardown.py
[2023-07-19T16:39:05.190+0000] {processor.py:826} INFO - Processing file /home/airflow/.local/lib/python3.7/site-packages/airflow/example_dags/example_setup_teardown.py for tasks to queue
[2023-07-19T16:39:05.191+0000] {logging_mixin.py:150} INFO - [2023-07-19T16:39:05.190+0000] {dagbag.py:541} INFO - Filling up the DagBag from /home/airflow/.local/lib/python3.7/site-packages/airflow/example_dags/example_setup_teardown.py
[2023-07-19T16:39:05.192+0000] {processor.py:838} WARNING - No viable dags retrieved from /home/airflow/.local/lib/python3.7/site-packages/airflow/example_dags/example_setup_teardown.py
[2023-07-19T16:39:05.223+0000] {processor.py:179} INFO - Processing /home/airflow/.local/lib/python3.7/site-packages/airflow/example_dags/example_setup_teardown.py took 0.042 seconds
[2023-07-19T16:39:35.437+0000] {processor.py:157} INFO - Started process (PID=788) to work on /home/airflow/.local/lib/python3.7/site-packages/airflow/example_dags/example_setup_teardown.py
[2023-07-19T16:39:35.437+0000] {processor.py:826} INFO - Processing file /home/airflow/.local/lib/python3.7/site-packages/airflow/example_dags/example_setup_teardown.py for tasks to queue
[2023-07-19T16:39:35.438+0000] {logging_mixin.py:150} INFO - [2023-07-19T16:39:35.437+0000] {dagbag.py:541} INFO - Filling up the DagBag from /home/airflow/.local/lib/python3.7/site-packages/airflow/example_dags/example_setup_teardown.py
[2023-07-19T16:39:35.439+0000] {processor.py:838} WARNING - No viable dags retrieved from /home/airflow/.local/lib/python3.7/site-packages/airflow/example_dags/example_setup_teardown.py
[2023-07-19T16:39:35.448+0000] {processor.py:179} INFO - Processing /home/airflow/.local/lib/python3.7/site-packages/airflow/example_dags/example_setup_teardown.py took 0.013 seconds
[2023-07-19T16:40:15.039+0000] {processor.py:157} INFO - Started process (PID=851) to work on /home/airflow/.local/lib/python3.7/site-packages/airflow/example_dags/example_setup_teardown.py
[2023-07-19T16:40:15.053+0000] {processor.py:826} INFO - Processing file /home/airflow/.local/lib/python3.7/site-packages/airflow/example_dags/example_setup_teardown.py for tasks to queue
[2023-07-19T16:40:15.054+0000] {logging_mixin.py:150} INFO - [2023-07-19T16:40:15.053+0000] {dagbag.py:541} INFO - Filling up the DagBag from /home/airflow/.local/lib/python3.7/site-packages/airflow/example_dags/example_setup_teardown.py
[2023-07-19T16:40:15.069+0000] {processor.py:838} WARNING - No viable dags retrieved from /home/airflow/.local/lib/python3.7/site-packages/airflow/example_dags/example_setup_teardown.py
[2023-07-19T16:40:15.132+0000] {processor.py:179} INFO - Processing /home/airflow/.local/lib/python3.7/site-packages/airflow/example_dags/example_setup_teardown.py took 0.108 seconds
[2023-07-19T16:40:45.332+0000] {processor.py:157} INFO - Started process (PID=905) to work on /home/airflow/.local/lib/python3.7/site-packages/airflow/example_dags/example_setup_teardown.py
[2023-07-19T16:40:45.332+0000] {processor.py:826} INFO - Processing file /home/airflow/.local/lib/python3.7/site-packages/airflow/example_dags/example_setup_teardown.py for tasks to queue
[2023-07-19T16:40:45.333+0000] {logging_mixin.py:150} INFO - [2023-07-19T16:40:45.333+0000] {dagbag.py:541} INFO - Filling up the DagBag from /home/airflow/.local/lib/python3.7/site-packages/airflow/example_dags/example_setup_teardown.py
[2023-07-19T16:40:45.334+0000] {processor.py:838} WARNING - No viable dags retrieved from /home/airflow/.local/lib/python3.7/site-packages/airflow/example_dags/example_setup_teardown.py
[2023-07-19T16:40:45.342+0000] {processor.py:179} INFO - Processing /home/airflow/.local/lib/python3.7/site-packages/airflow/example_dags/example_setup_teardown.py took 0.012 seconds
[2023-07-19T16:41:15.367+0000] {processor.py:157} INFO - Started process (PID=959) to work on /home/airflow/.local/lib/python3.7/site-packages/airflow/example_dags/example_setup_teardown.py
[2023-07-19T16:41:15.367+0000] {processor.py:826} INFO - Processing file /home/airflow/.local/lib/python3.7/site-packages/airflow/example_dags/example_setup_teardown.py for tasks to queue
[2023-07-19T16:41:15.368+0000] {logging_mixin.py:150} INFO - [2023-07-19T16:41:15.368+0000] {dagbag.py:541} INFO - Filling up the DagBag from /home/airflow/.local/lib/python3.7/site-packages/airflow/example_dags/example_setup_teardown.py
[2023-07-19T16:41:15.369+0000] {processor.py:838} WARNING - No viable dags retrieved from /home/airflow/.local/lib/python3.7/site-packages/airflow/example_dags/example_setup_teardown.py
[2023-07-19T16:41:15.380+0000] {processor.py:179} INFO - Processing /home/airflow/.local/lib/python3.7/site-packages/airflow/example_dags/example_setup_teardown.py took 0.015 seconds
[2023-07-19T16:41:45.978+0000] {processor.py:157} INFO - Started process (PID=1014) to work on /home/airflow/.local/lib/python3.7/site-packages/airflow/example_dags/example_setup_teardown.py
[2023-07-19T16:41:45.979+0000] {processor.py:826} INFO - Processing file /home/airflow/.local/lib/python3.7/site-packages/airflow/example_dags/example_setup_teardown.py for tasks to queue
[2023-07-19T16:41:45.979+0000] {logging_mixin.py:150} INFO - [2023-07-19T16:41:45.979+0000] {dagbag.py:541} INFO - Filling up the DagBag from /home/airflow/.local/lib/python3.7/site-packages/airflow/example_dags/example_setup_teardown.py
[2023-07-19T16:41:45.980+0000] {processor.py:838} WARNING - No viable dags retrieved from /home/airflow/.local/lib/python3.7/site-packages/airflow/example_dags/example_setup_teardown.py
[2023-07-19T16:41:45.991+0000] {processor.py:179} INFO - Processing /home/airflow/.local/lib/python3.7/site-packages/airflow/example_dags/example_setup_teardown.py took 0.015 seconds
[2023-07-19T16:42:16.128+0000] {processor.py:157} INFO - Started process (PID=1068) to work on /home/airflow/.local/lib/python3.7/site-packages/airflow/example_dags/example_setup_teardown.py
[2023-07-19T16:42:16.128+0000] {processor.py:826} INFO - Processing file /home/airflow/.local/lib/python3.7/site-packages/airflow/example_dags/example_setup_teardown.py for tasks to queue
[2023-07-19T16:42:16.129+0000] {logging_mixin.py:150} INFO - [2023-07-19T16:42:16.129+0000] {dagbag.py:541} INFO - Filling up the DagBag from /home/airflow/.local/lib/python3.7/site-packages/airflow/example_dags/example_setup_teardown.py
[2023-07-19T16:42:16.130+0000] {processor.py:838} WARNING - No viable dags retrieved from /home/airflow/.local/lib/python3.7/site-packages/airflow/example_dags/example_setup_teardown.py
[2023-07-19T16:42:16.138+0000] {processor.py:179} INFO - Processing /home/airflow/.local/lib/python3.7/site-packages/airflow/example_dags/example_setup_teardown.py took 0.012 seconds
[2023-07-19T16:42:46.548+0000] {processor.py:157} INFO - Started process (PID=1123) to work on /home/airflow/.local/lib/python3.7/site-packages/airflow/example_dags/example_setup_teardown.py
[2023-07-19T16:42:46.548+0000] {processor.py:826} INFO - Processing file /home/airflow/.local/lib/python3.7/site-packages/airflow/example_dags/example_setup_teardown.py for tasks to queue
[2023-07-19T16:42:46.549+0000] {logging_mixin.py:150} INFO - [2023-07-19T16:42:46.549+0000] {dagbag.py:541} INFO - Filling up the DagBag from /home/airflow/.local/lib/python3.7/site-packages/airflow/example_dags/example_setup_teardown.py
[2023-07-19T16:42:46.550+0000] {processor.py:838} WARNING - No viable dags retrieved from /home/airflow/.local/lib/python3.7/site-packages/airflow/example_dags/example_setup_teardown.py
[2023-07-19T16:42:46.558+0000] {processor.py:179} INFO - Processing /home/airflow/.local/lib/python3.7/site-packages/airflow/example_dags/example_setup_teardown.py took 0.012 seconds
[2023-07-19T16:43:17.503+0000] {processor.py:157} INFO - Started process (PID=1179) to work on /home/airflow/.local/lib/python3.7/site-packages/airflow/example_dags/example_setup_teardown.py
[2023-07-19T16:43:17.503+0000] {processor.py:826} INFO - Processing file /home/airflow/.local/lib/python3.7/site-packages/airflow/example_dags/example_setup_teardown.py for tasks to queue
[2023-07-19T16:43:17.504+0000] {logging_mixin.py:150} INFO - [2023-07-19T16:43:17.503+0000] {dagbag.py:541} INFO - Filling up the DagBag from /home/airflow/.local/lib/python3.7/site-packages/airflow/example_dags/example_setup_teardown.py
[2023-07-19T16:43:17.505+0000] {processor.py:838} WARNING - No viable dags retrieved from /home/airflow/.local/lib/python3.7/site-packages/airflow/example_dags/example_setup_teardown.py
[2023-07-19T16:43:17.516+0000] {processor.py:179} INFO - Processing /home/airflow/.local/lib/python3.7/site-packages/airflow/example_dags/example_setup_teardown.py took 0.015 seconds
[2023-07-19T16:43:48.109+0000] {processor.py:157} INFO - Started process (PID=1234) to work on /home/airflow/.local/lib/python3.7/site-packages/airflow/example_dags/example_setup_teardown.py
[2023-07-19T16:43:48.110+0000] {processor.py:826} INFO - Processing file /home/airflow/.local/lib/python3.7/site-packages/airflow/example_dags/example_setup_teardown.py for tasks to queue
[2023-07-19T16:43:48.110+0000] {logging_mixin.py:150} INFO - [2023-07-19T16:43:48.110+0000] {dagbag.py:541} INFO - Filling up the DagBag from /home/airflow/.local/lib/python3.7/site-packages/airflow/example_dags/example_setup_teardown.py
[2023-07-19T16:43:48.112+0000] {processor.py:838} WARNING - No viable dags retrieved from /home/airflow/.local/lib/python3.7/site-packages/airflow/example_dags/example_setup_teardown.py
[2023-07-19T16:43:48.120+0000] {processor.py:179} INFO - Processing /home/airflow/.local/lib/python3.7/site-packages/airflow/example_dags/example_setup_teardown.py took 0.013 seconds
[2023-07-19T16:44:19.066+0000] {processor.py:157} INFO - Started process (PID=1289) to work on /home/airflow/.local/lib/python3.7/site-packages/airflow/example_dags/example_setup_teardown.py
[2023-07-19T16:44:19.069+0000] {processor.py:826} INFO - Processing file /home/airflow/.local/lib/python3.7/site-packages/airflow/example_dags/example_setup_teardown.py for tasks to queue
[2023-07-19T16:44:19.070+0000] {logging_mixin.py:150} INFO - [2023-07-19T16:44:19.069+0000] {dagbag.py:541} INFO - Filling up the DagBag from /home/airflow/.local/lib/python3.7/site-packages/airflow/example_dags/example_setup_teardown.py
[2023-07-19T16:44:19.071+0000] {processor.py:838} WARNING - No viable dags retrieved from /home/airflow/.local/lib/python3.7/site-packages/airflow/example_dags/example_setup_teardown.py
[2023-07-19T16:44:19.079+0000] {processor.py:179} INFO - Processing /home/airflow/.local/lib/python3.7/site-packages/airflow/example_dags/example_setup_teardown.py took 0.016 seconds
[2023-07-19T16:44:49.656+0000] {processor.py:157} INFO - Started process (PID=1344) to work on /home/airflow/.local/lib/python3.7/site-packages/airflow/example_dags/example_setup_teardown.py
[2023-07-19T16:44:49.656+0000] {processor.py:826} INFO - Processing file /home/airflow/.local/lib/python3.7/site-packages/airflow/example_dags/example_setup_teardown.py for tasks to queue
[2023-07-19T16:44:49.656+0000] {logging_mixin.py:150} INFO - [2023-07-19T16:44:49.656+0000] {dagbag.py:541} INFO - Filling up the DagBag from /home/airflow/.local/lib/python3.7/site-packages/airflow/example_dags/example_setup_teardown.py
[2023-07-19T16:44:49.657+0000] {processor.py:838} WARNING - No viable dags retrieved from /home/airflow/.local/lib/python3.7/site-packages/airflow/example_dags/example_setup_teardown.py
[2023-07-19T16:44:49.666+0000] {processor.py:179} INFO - Processing /home/airflow/.local/lib/python3.7/site-packages/airflow/example_dags/example_setup_teardown.py took 0.012 seconds
[2023-07-19T16:45:19.795+0000] {processor.py:157} INFO - Started process (PID=1399) to work on /home/airflow/.local/lib/python3.7/site-packages/airflow/example_dags/example_setup_teardown.py
[2023-07-19T16:45:19.796+0000] {processor.py:826} INFO - Processing file /home/airflow/.local/lib/python3.7/site-packages/airflow/example_dags/example_setup_teardown.py for tasks to queue
[2023-07-19T16:45:19.796+0000] {logging_mixin.py:150} INFO - [2023-07-19T16:45:19.796+0000] {dagbag.py:541} INFO - Filling up the DagBag from /home/airflow/.local/lib/python3.7/site-packages/airflow/example_dags/example_setup_teardown.py
[2023-07-19T16:45:19.797+0000] {processor.py:838} WARNING - No viable dags retrieved from /home/airflow/.local/lib/python3.7/site-packages/airflow/example_dags/example_setup_teardown.py
[2023-07-19T16:45:19.805+0000] {processor.py:179} INFO - Processing /home/airflow/.local/lib/python3.7/site-packages/airflow/example_dags/example_setup_teardown.py took 0.012 seconds
[2023-07-19T16:45:50.376+0000] {processor.py:157} INFO - Started process (PID=1454) to work on /home/airflow/.local/lib/python3.7/site-packages/airflow/example_dags/example_setup_teardown.py
[2023-07-19T16:45:50.376+0000] {processor.py:826} INFO - Processing file /home/airflow/.local/lib/python3.7/site-packages/airflow/example_dags/example_setup_teardown.py for tasks to queue
[2023-07-19T16:45:50.377+0000] {logging_mixin.py:150} INFO - [2023-07-19T16:45:50.376+0000] {dagbag.py:541} INFO - Filling up the DagBag from /home/airflow/.local/lib/python3.7/site-packages/airflow/example_dags/example_setup_teardown.py
[2023-07-19T16:45:50.378+0000] {processor.py:838} WARNING - No viable dags retrieved from /home/airflow/.local/lib/python3.7/site-packages/airflow/example_dags/example_setup_teardown.py
[2023-07-19T16:45:50.389+0000] {processor.py:179} INFO - Processing /home/airflow/.local/lib/python3.7/site-packages/airflow/example_dags/example_setup_teardown.py took 0.015 seconds
[2023-07-19T16:46:21.268+0000] {processor.py:157} INFO - Started process (PID=1509) to work on /home/airflow/.local/lib/python3.7/site-packages/airflow/example_dags/example_setup_teardown.py
[2023-07-19T16:46:21.273+0000] {processor.py:826} INFO - Processing file /home/airflow/.local/lib/python3.7/site-packages/airflow/example_dags/example_setup_teardown.py for tasks to queue
[2023-07-19T16:46:21.273+0000] {logging_mixin.py:150} INFO - [2023-07-19T16:46:21.273+0000] {dagbag.py:541} INFO - Filling up the DagBag from /home/airflow/.local/lib/python3.7/site-packages/airflow/example_dags/example_setup_teardown.py
[2023-07-19T16:46:21.275+0000] {processor.py:838} WARNING - No viable dags retrieved from /home/airflow/.local/lib/python3.7/site-packages/airflow/example_dags/example_setup_teardown.py
[2023-07-19T16:46:21.287+0000] {processor.py:179} INFO - Processing /home/airflow/.local/lib/python3.7/site-packages/airflow/example_dags/example_setup_teardown.py took 0.022 seconds
[2023-07-19T16:46:51.660+0000] {processor.py:157} INFO - Started process (PID=1564) to work on /home/airflow/.local/lib/python3.7/site-packages/airflow/example_dags/example_setup_teardown.py
[2023-07-19T16:46:51.661+0000] {processor.py:826} INFO - Processing file /home/airflow/.local/lib/python3.7/site-packages/airflow/example_dags/example_setup_teardown.py for tasks to queue
[2023-07-19T16:46:51.661+0000] {logging_mixin.py:150} INFO - [2023-07-19T16:46:51.661+0000] {dagbag.py:541} INFO - Filling up the DagBag from /home/airflow/.local/lib/python3.7/site-packages/airflow/example_dags/example_setup_teardown.py
[2023-07-19T16:46:51.662+0000] {processor.py:838} WARNING - No viable dags retrieved from /home/airflow/.local/lib/python3.7/site-packages/airflow/example_dags/example_setup_teardown.py
[2023-07-19T16:46:51.670+0000] {processor.py:179} INFO - Processing /home/airflow/.local/lib/python3.7/site-packages/airflow/example_dags/example_setup_teardown.py took 0.011 seconds
[2023-07-19T16:47:22.263+0000] {processor.py:157} INFO - Started process (PID=1618) to work on /home/airflow/.local/lib/python3.7/site-packages/airflow/example_dags/example_setup_teardown.py
[2023-07-19T16:47:22.264+0000] {processor.py:826} INFO - Processing file /home/airflow/.local/lib/python3.7/site-packages/airflow/example_dags/example_setup_teardown.py for tasks to queue
[2023-07-19T16:47:22.264+0000] {logging_mixin.py:150} INFO - [2023-07-19T16:47:22.264+0000] {dagbag.py:541} INFO - Filling up the DagBag from /home/airflow/.local/lib/python3.7/site-packages/airflow/example_dags/example_setup_teardown.py
[2023-07-19T16:47:22.265+0000] {processor.py:838} WARNING - No viable dags retrieved from /home/airflow/.local/lib/python3.7/site-packages/airflow/example_dags/example_setup_teardown.py
[2023-07-19T16:47:22.274+0000] {processor.py:179} INFO - Processing /home/airflow/.local/lib/python3.7/site-packages/airflow/example_dags/example_setup_teardown.py took 0.012 seconds
[2023-07-19T16:47:54.357+0000] {processor.py:157} INFO - Started process (PID=1673) to work on /home/airflow/.local/lib/python3.7/site-packages/airflow/example_dags/example_setup_teardown.py
[2023-07-19T16:47:54.359+0000] {processor.py:826} INFO - Processing file /home/airflow/.local/lib/python3.7/site-packages/airflow/example_dags/example_setup_teardown.py for tasks to queue
[2023-07-19T16:47:54.359+0000] {logging_mixin.py:150} INFO - [2023-07-19T16:47:54.359+0000] {dagbag.py:541} INFO - Filling up the DagBag from /home/airflow/.local/lib/python3.7/site-packages/airflow/example_dags/example_setup_teardown.py
[2023-07-19T16:47:54.360+0000] {processor.py:838} WARNING - No viable dags retrieved from /home/airflow/.local/lib/python3.7/site-packages/airflow/example_dags/example_setup_teardown.py
[2023-07-19T16:47:54.371+0000] {processor.py:179} INFO - Processing /home/airflow/.local/lib/python3.7/site-packages/airflow/example_dags/example_setup_teardown.py took 0.015 seconds
[2023-07-19T16:48:24.782+0000] {processor.py:157} INFO - Started process (PID=1728) to work on /home/airflow/.local/lib/python3.7/site-packages/airflow/example_dags/example_setup_teardown.py
[2023-07-19T16:48:24.783+0000] {processor.py:826} INFO - Processing file /home/airflow/.local/lib/python3.7/site-packages/airflow/example_dags/example_setup_teardown.py for tasks to queue
[2023-07-19T16:48:24.783+0000] {logging_mixin.py:150} INFO - [2023-07-19T16:48:24.783+0000] {dagbag.py:541} INFO - Filling up the DagBag from /home/airflow/.local/lib/python3.7/site-packages/airflow/example_dags/example_setup_teardown.py
[2023-07-19T16:48:24.784+0000] {processor.py:838} WARNING - No viable dags retrieved from /home/airflow/.local/lib/python3.7/site-packages/airflow/example_dags/example_setup_teardown.py
[2023-07-19T16:48:24.797+0000] {processor.py:179} INFO - Processing /home/airflow/.local/lib/python3.7/site-packages/airflow/example_dags/example_setup_teardown.py took 0.017 seconds
[2023-07-19T16:48:55.781+0000] {processor.py:157} INFO - Started process (PID=1783) to work on /home/airflow/.local/lib/python3.7/site-packages/airflow/example_dags/example_setup_teardown.py
[2023-07-19T16:48:55.781+0000] {processor.py:826} INFO - Processing file /home/airflow/.local/lib/python3.7/site-packages/airflow/example_dags/example_setup_teardown.py for tasks to queue
[2023-07-19T16:48:55.782+0000] {logging_mixin.py:150} INFO - [2023-07-19T16:48:55.782+0000] {dagbag.py:541} INFO - Filling up the DagBag from /home/airflow/.local/lib/python3.7/site-packages/airflow/example_dags/example_setup_teardown.py
[2023-07-19T16:48:55.783+0000] {processor.py:838} WARNING - No viable dags retrieved from /home/airflow/.local/lib/python3.7/site-packages/airflow/example_dags/example_setup_teardown.py
[2023-07-19T16:48:55.795+0000] {processor.py:179} INFO - Processing /home/airflow/.local/lib/python3.7/site-packages/airflow/example_dags/example_setup_teardown.py took 0.017 seconds
[2023-07-19T16:49:26.450+0000] {processor.py:157} INFO - Started process (PID=1838) to work on /home/airflow/.local/lib/python3.7/site-packages/airflow/example_dags/example_setup_teardown.py
[2023-07-19T16:49:26.451+0000] {processor.py:826} INFO - Processing file /home/airflow/.local/lib/python3.7/site-packages/airflow/example_dags/example_setup_teardown.py for tasks to queue
[2023-07-19T16:49:26.451+0000] {logging_mixin.py:150} INFO - [2023-07-19T16:49:26.451+0000] {dagbag.py:541} INFO - Filling up the DagBag from /home/airflow/.local/lib/python3.7/site-packages/airflow/example_dags/example_setup_teardown.py
[2023-07-19T16:49:26.452+0000] {processor.py:838} WARNING - No viable dags retrieved from /home/airflow/.local/lib/python3.7/site-packages/airflow/example_dags/example_setup_teardown.py
[2023-07-19T16:49:26.466+0000] {processor.py:179} INFO - Processing /home/airflow/.local/lib/python3.7/site-packages/airflow/example_dags/example_setup_teardown.py took 0.018 seconds
[2023-07-19T16:49:57.626+0000] {processor.py:157} INFO - Started process (PID=1893) to work on /home/airflow/.local/lib/python3.7/site-packages/airflow/example_dags/example_setup_teardown.py
[2023-07-19T16:49:57.628+0000] {processor.py:826} INFO - Processing file /home/airflow/.local/lib/python3.7/site-packages/airflow/example_dags/example_setup_teardown.py for tasks to queue
[2023-07-19T16:49:57.628+0000] {logging_mixin.py:150} INFO - [2023-07-19T16:49:57.628+0000] {dagbag.py:541} INFO - Filling up the DagBag from /home/airflow/.local/lib/python3.7/site-packages/airflow/example_dags/example_setup_teardown.py
[2023-07-19T16:49:57.631+0000] {processor.py:838} WARNING - No viable dags retrieved from /home/airflow/.local/lib/python3.7/site-packages/airflow/example_dags/example_setup_teardown.py
[2023-07-19T16:49:57.646+0000] {processor.py:179} INFO - Processing /home/airflow/.local/lib/python3.7/site-packages/airflow/example_dags/example_setup_teardown.py took 0.022 seconds
[2023-07-19T16:50:28.558+0000] {processor.py:157} INFO - Started process (PID=1948) to work on /home/airflow/.local/lib/python3.7/site-packages/airflow/example_dags/example_setup_teardown.py
[2023-07-19T16:50:28.563+0000] {processor.py:826} INFO - Processing file /home/airflow/.local/lib/python3.7/site-packages/airflow/example_dags/example_setup_teardown.py for tasks to queue
[2023-07-19T16:50:28.566+0000] {logging_mixin.py:150} INFO - [2023-07-19T16:50:28.565+0000] {dagbag.py:541} INFO - Filling up the DagBag from /home/airflow/.local/lib/python3.7/site-packages/airflow/example_dags/example_setup_teardown.py
[2023-07-19T16:50:28.572+0000] {processor.py:838} WARNING - No viable dags retrieved from /home/airflow/.local/lib/python3.7/site-packages/airflow/example_dags/example_setup_teardown.py
[2023-07-19T16:50:28.601+0000] {processor.py:179} INFO - Processing /home/airflow/.local/lib/python3.7/site-packages/airflow/example_dags/example_setup_teardown.py took 0.075 seconds
[2023-07-19T16:50:59.045+0000] {processor.py:157} INFO - Started process (PID=2003) to work on /home/airflow/.local/lib/python3.7/site-packages/airflow/example_dags/example_setup_teardown.py
[2023-07-19T16:50:59.046+0000] {processor.py:826} INFO - Processing file /home/airflow/.local/lib/python3.7/site-packages/airflow/example_dags/example_setup_teardown.py for tasks to queue
[2023-07-19T16:50:59.046+0000] {logging_mixin.py:150} INFO - [2023-07-19T16:50:59.046+0000] {dagbag.py:541} INFO - Filling up the DagBag from /home/airflow/.local/lib/python3.7/site-packages/airflow/example_dags/example_setup_teardown.py
[2023-07-19T16:50:59.048+0000] {processor.py:838} WARNING - No viable dags retrieved from /home/airflow/.local/lib/python3.7/site-packages/airflow/example_dags/example_setup_teardown.py
[2023-07-19T16:50:59.055+0000] {processor.py:179} INFO - Processing /home/airflow/.local/lib/python3.7/site-packages/airflow/example_dags/example_setup_teardown.py took 0.012 seconds
[2023-07-19T16:51:30.164+0000] {processor.py:157} INFO - Started process (PID=2058) to work on /home/airflow/.local/lib/python3.7/site-packages/airflow/example_dags/example_setup_teardown.py
[2023-07-19T16:51:30.166+0000] {processor.py:826} INFO - Processing file /home/airflow/.local/lib/python3.7/site-packages/airflow/example_dags/example_setup_teardown.py for tasks to queue
[2023-07-19T16:51:30.167+0000] {logging_mixin.py:150} INFO - [2023-07-19T16:51:30.167+0000] {dagbag.py:541} INFO - Filling up the DagBag from /home/airflow/.local/lib/python3.7/site-packages/airflow/example_dags/example_setup_teardown.py
[2023-07-19T16:51:30.168+0000] {processor.py:838} WARNING - No viable dags retrieved from /home/airflow/.local/lib/python3.7/site-packages/airflow/example_dags/example_setup_teardown.py
[2023-07-19T16:51:30.205+0000] {processor.py:179} INFO - Processing /home/airflow/.local/lib/python3.7/site-packages/airflow/example_dags/example_setup_teardown.py took 0.046 seconds
[2023-07-19T16:52:01.654+0000] {processor.py:157} INFO - Started process (PID=2113) to work on /home/airflow/.local/lib/python3.7/site-packages/airflow/example_dags/example_setup_teardown.py
[2023-07-19T16:52:01.656+0000] {processor.py:826} INFO - Processing file /home/airflow/.local/lib/python3.7/site-packages/airflow/example_dags/example_setup_teardown.py for tasks to queue
[2023-07-19T16:52:01.656+0000] {logging_mixin.py:150} INFO - [2023-07-19T16:52:01.656+0000] {dagbag.py:541} INFO - Filling up the DagBag from /home/airflow/.local/lib/python3.7/site-packages/airflow/example_dags/example_setup_teardown.py
[2023-07-19T16:52:01.686+0000] {processor.py:838} WARNING - No viable dags retrieved from /home/airflow/.local/lib/python3.7/site-packages/airflow/example_dags/example_setup_teardown.py
[2023-07-19T16:52:01.741+0000] {processor.py:179} INFO - Processing /home/airflow/.local/lib/python3.7/site-packages/airflow/example_dags/example_setup_teardown.py took 0.094 seconds
