[2023-07-19T16:32:53.054+0000] {processor.py:157} INFO - Started process (PID=70) to work on /home/airflow/.local/lib/python3.7/site-packages/airflow/example_dags/example_branch_labels.py
[2023-07-19T16:32:53.054+0000] {processor.py:826} INFO - Processing file /home/airflow/.local/lib/python3.7/site-packages/airflow/example_dags/example_branch_labels.py for tasks to queue
[2023-07-19T16:32:53.055+0000] {logging_mixin.py:150} INFO - [2023-07-19T16:32:53.055+0000] {dagbag.py:541} INFO - Filling up the DagBag from /home/airflow/.local/lib/python3.7/site-packages/airflow/example_dags/example_branch_labels.py
[2023-07-19T16:32:53.097+0000] {processor.py:836} INFO - DAG(s) dict_keys(['example_branch_labels']) retrieved from /home/airflow/.local/lib/python3.7/site-packages/airflow/example_dags/example_branch_labels.py
[2023-07-19T16:32:53.498+0000] {logging_mixin.py:150} INFO - [2023-07-19T16:32:53.498+0000] {dag.py:2742} INFO - Sync 1 DAGs
[2023-07-19T16:32:53.551+0000] {logging_mixin.py:150} INFO - [2023-07-19T16:32:53.550+0000] {dag.py:3508} INFO - Setting next_dagrun for example_branch_labels to 2023-07-18T00:00:00+00:00, run_after=2023-07-19T00:00:00+00:00
[2023-07-19T16:32:53.566+0000] {processor.py:179} INFO - Processing /home/airflow/.local/lib/python3.7/site-packages/airflow/example_dags/example_branch_labels.py took 0.527 seconds
[2023-07-19T16:33:24.417+0000] {processor.py:157} INFO - Started process (PID=125) to work on /home/airflow/.local/lib/python3.7/site-packages/airflow/example_dags/example_branch_labels.py
[2023-07-19T16:33:24.417+0000] {processor.py:826} INFO - Processing file /home/airflow/.local/lib/python3.7/site-packages/airflow/example_dags/example_branch_labels.py for tasks to queue
[2023-07-19T16:33:24.418+0000] {logging_mixin.py:150} INFO - [2023-07-19T16:33:24.418+0000] {dagbag.py:541} INFO - Filling up the DagBag from /home/airflow/.local/lib/python3.7/site-packages/airflow/example_dags/example_branch_labels.py
[2023-07-19T16:33:24.426+0000] {processor.py:836} INFO - DAG(s) dict_keys(['example_branch_labels']) retrieved from /home/airflow/.local/lib/python3.7/site-packages/airflow/example_dags/example_branch_labels.py
[2023-07-19T16:33:24.450+0000] {logging_mixin.py:150} INFO - [2023-07-19T16:33:24.449+0000] {dag.py:2742} INFO - Sync 1 DAGs
[2023-07-19T16:33:24.466+0000] {logging_mixin.py:150} INFO - [2023-07-19T16:33:24.466+0000] {dag.py:3508} INFO - Setting next_dagrun for example_branch_labels to 2023-07-18T00:00:00+00:00, run_after=2023-07-19T00:00:00+00:00
[2023-07-19T16:33:24.474+0000] {processor.py:179} INFO - Processing /home/airflow/.local/lib/python3.7/site-packages/airflow/example_dags/example_branch_labels.py took 0.061 seconds
[2023-07-19T16:33:54.870+0000] {processor.py:157} INFO - Started process (PID=181) to work on /home/airflow/.local/lib/python3.7/site-packages/airflow/example_dags/example_branch_labels.py
[2023-07-19T16:33:54.871+0000] {processor.py:826} INFO - Processing file /home/airflow/.local/lib/python3.7/site-packages/airflow/example_dags/example_branch_labels.py for tasks to queue
[2023-07-19T16:33:54.872+0000] {logging_mixin.py:150} INFO - [2023-07-19T16:33:54.871+0000] {dagbag.py:541} INFO - Filling up the DagBag from /home/airflow/.local/lib/python3.7/site-packages/airflow/example_dags/example_branch_labels.py
[2023-07-19T16:33:54.879+0000] {processor.py:836} INFO - DAG(s) dict_keys(['example_branch_labels']) retrieved from /home/airflow/.local/lib/python3.7/site-packages/airflow/example_dags/example_branch_labels.py
[2023-07-19T16:33:54.901+0000] {logging_mixin.py:150} INFO - [2023-07-19T16:33:54.901+0000] {dag.py:2742} INFO - Sync 1 DAGs
[2023-07-19T16:33:54.918+0000] {logging_mixin.py:150} INFO - [2023-07-19T16:33:54.917+0000] {dag.py:3508} INFO - Setting next_dagrun for example_branch_labels to 2023-07-18T00:00:00+00:00, run_after=2023-07-19T00:00:00+00:00
[2023-07-19T16:33:54.926+0000] {processor.py:179} INFO - Processing /home/airflow/.local/lib/python3.7/site-packages/airflow/example_dags/example_branch_labels.py took 0.059 seconds
[2023-07-19T16:34:25.694+0000] {processor.py:157} INFO - Started process (PID=235) to work on /home/airflow/.local/lib/python3.7/site-packages/airflow/example_dags/example_branch_labels.py
[2023-07-19T16:34:25.695+0000] {processor.py:826} INFO - Processing file /home/airflow/.local/lib/python3.7/site-packages/airflow/example_dags/example_branch_labels.py for tasks to queue
[2023-07-19T16:34:25.696+0000] {logging_mixin.py:150} INFO - [2023-07-19T16:34:25.696+0000] {dagbag.py:541} INFO - Filling up the DagBag from /home/airflow/.local/lib/python3.7/site-packages/airflow/example_dags/example_branch_labels.py
[2023-07-19T16:34:25.705+0000] {processor.py:836} INFO - DAG(s) dict_keys(['example_branch_labels']) retrieved from /home/airflow/.local/lib/python3.7/site-packages/airflow/example_dags/example_branch_labels.py
[2023-07-19T16:34:25.728+0000] {logging_mixin.py:150} INFO - [2023-07-19T16:34:25.728+0000] {dag.py:2742} INFO - Sync 1 DAGs
[2023-07-19T16:34:25.766+0000] {logging_mixin.py:150} INFO - [2023-07-19T16:34:25.766+0000] {dag.py:3508} INFO - Setting next_dagrun for example_branch_labels to 2023-07-18T00:00:00+00:00, run_after=2023-07-19T00:00:00+00:00
[2023-07-19T16:34:25.789+0000] {processor.py:179} INFO - Processing /home/airflow/.local/lib/python3.7/site-packages/airflow/example_dags/example_branch_labels.py took 0.098 seconds
[2023-07-19T16:34:56.742+0000] {processor.py:157} INFO - Started process (PID=290) to work on /home/airflow/.local/lib/python3.7/site-packages/airflow/example_dags/example_branch_labels.py
[2023-07-19T16:34:56.743+0000] {processor.py:826} INFO - Processing file /home/airflow/.local/lib/python3.7/site-packages/airflow/example_dags/example_branch_labels.py for tasks to queue
[2023-07-19T16:34:56.743+0000] {logging_mixin.py:150} INFO - [2023-07-19T16:34:56.743+0000] {dagbag.py:541} INFO - Filling up the DagBag from /home/airflow/.local/lib/python3.7/site-packages/airflow/example_dags/example_branch_labels.py
[2023-07-19T16:34:56.749+0000] {processor.py:836} INFO - DAG(s) dict_keys(['example_branch_labels']) retrieved from /home/airflow/.local/lib/python3.7/site-packages/airflow/example_dags/example_branch_labels.py
[2023-07-19T16:34:56.767+0000] {logging_mixin.py:150} INFO - [2023-07-19T16:34:56.767+0000] {dag.py:2742} INFO - Sync 1 DAGs
[2023-07-19T16:34:56.797+0000] {logging_mixin.py:150} INFO - [2023-07-19T16:34:56.797+0000] {dag.py:3508} INFO - Setting next_dagrun for example_branch_labels to 2023-07-18T00:00:00+00:00, run_after=2023-07-19T00:00:00+00:00
[2023-07-19T16:34:56.810+0000] {processor.py:179} INFO - Processing /home/airflow/.local/lib/python3.7/site-packages/airflow/example_dags/example_branch_labels.py took 0.071 seconds
[2023-07-19T16:35:27.627+0000] {processor.py:157} INFO - Started process (PID=345) to work on /home/airflow/.local/lib/python3.7/site-packages/airflow/example_dags/example_branch_labels.py
[2023-07-19T16:35:27.635+0000] {processor.py:826} INFO - Processing file /home/airflow/.local/lib/python3.7/site-packages/airflow/example_dags/example_branch_labels.py for tasks to queue
[2023-07-19T16:35:27.635+0000] {logging_mixin.py:150} INFO - [2023-07-19T16:35:27.635+0000] {dagbag.py:541} INFO - Filling up the DagBag from /home/airflow/.local/lib/python3.7/site-packages/airflow/example_dags/example_branch_labels.py
[2023-07-19T16:35:27.673+0000] {processor.py:836} INFO - DAG(s) dict_keys(['example_branch_labels']) retrieved from /home/airflow/.local/lib/python3.7/site-packages/airflow/example_dags/example_branch_labels.py
[2023-07-19T16:35:27.765+0000] {logging_mixin.py:150} INFO - [2023-07-19T16:35:27.764+0000] {dag.py:2742} INFO - Sync 1 DAGs
[2023-07-19T16:35:27.904+0000] {logging_mixin.py:150} INFO - [2023-07-19T16:35:27.904+0000] {dag.py:3508} INFO - Setting next_dagrun for example_branch_labels to 2023-07-18T00:00:00+00:00, run_after=2023-07-19T00:00:00+00:00
[2023-07-19T16:35:27.941+0000] {processor.py:179} INFO - Processing /home/airflow/.local/lib/python3.7/site-packages/airflow/example_dags/example_branch_labels.py took 0.316 seconds
[2023-07-19T16:35:58.268+0000] {processor.py:157} INFO - Started process (PID=401) to work on /home/airflow/.local/lib/python3.7/site-packages/airflow/example_dags/example_branch_labels.py
[2023-07-19T16:35:58.273+0000] {processor.py:826} INFO - Processing file /home/airflow/.local/lib/python3.7/site-packages/airflow/example_dags/example_branch_labels.py for tasks to queue
[2023-07-19T16:35:58.273+0000] {logging_mixin.py:150} INFO - [2023-07-19T16:35:58.273+0000] {dagbag.py:541} INFO - Filling up the DagBag from /home/airflow/.local/lib/python3.7/site-packages/airflow/example_dags/example_branch_labels.py
[2023-07-19T16:35:58.278+0000] {processor.py:836} INFO - DAG(s) dict_keys(['example_branch_labels']) retrieved from /home/airflow/.local/lib/python3.7/site-packages/airflow/example_dags/example_branch_labels.py
[2023-07-19T16:35:58.315+0000] {logging_mixin.py:150} INFO - [2023-07-19T16:35:58.315+0000] {dag.py:2742} INFO - Sync 1 DAGs
[2023-07-19T16:35:58.337+0000] {logging_mixin.py:150} INFO - [2023-07-19T16:35:58.337+0000] {dag.py:3508} INFO - Setting next_dagrun for example_branch_labels to 2023-07-18T00:00:00+00:00, run_after=2023-07-19T00:00:00+00:00
[2023-07-19T16:35:58.362+0000] {processor.py:179} INFO - Processing /home/airflow/.local/lib/python3.7/site-packages/airflow/example_dags/example_branch_labels.py took 0.102 seconds
[2023-07-19T16:36:28.909+0000] {processor.py:157} INFO - Started process (PID=456) to work on /home/airflow/.local/lib/python3.7/site-packages/airflow/example_dags/example_branch_labels.py
[2023-07-19T16:36:28.909+0000] {processor.py:826} INFO - Processing file /home/airflow/.local/lib/python3.7/site-packages/airflow/example_dags/example_branch_labels.py for tasks to queue
[2023-07-19T16:36:28.910+0000] {logging_mixin.py:150} INFO - [2023-07-19T16:36:28.910+0000] {dagbag.py:541} INFO - Filling up the DagBag from /home/airflow/.local/lib/python3.7/site-packages/airflow/example_dags/example_branch_labels.py
[2023-07-19T16:36:28.919+0000] {processor.py:836} INFO - DAG(s) dict_keys(['example_branch_labels']) retrieved from /home/airflow/.local/lib/python3.7/site-packages/airflow/example_dags/example_branch_labels.py
[2023-07-19T16:36:28.939+0000] {logging_mixin.py:150} INFO - [2023-07-19T16:36:28.939+0000] {dag.py:2742} INFO - Sync 1 DAGs
[2023-07-19T16:36:28.958+0000] {logging_mixin.py:150} INFO - [2023-07-19T16:36:28.958+0000] {dag.py:3508} INFO - Setting next_dagrun for example_branch_labels to 2023-07-18T00:00:00+00:00, run_after=2023-07-19T00:00:00+00:00
[2023-07-19T16:36:28.966+0000] {processor.py:179} INFO - Processing /home/airflow/.local/lib/python3.7/site-packages/airflow/example_dags/example_branch_labels.py took 0.061 seconds
[2023-07-19T16:36:59.061+0000] {processor.py:157} INFO - Started process (PID=511) to work on /home/airflow/.local/lib/python3.7/site-packages/airflow/example_dags/example_branch_labels.py
[2023-07-19T16:36:59.061+0000] {processor.py:826} INFO - Processing file /home/airflow/.local/lib/python3.7/site-packages/airflow/example_dags/example_branch_labels.py for tasks to queue
[2023-07-19T16:36:59.062+0000] {logging_mixin.py:150} INFO - [2023-07-19T16:36:59.062+0000] {dagbag.py:541} INFO - Filling up the DagBag from /home/airflow/.local/lib/python3.7/site-packages/airflow/example_dags/example_branch_labels.py
[2023-07-19T16:36:59.070+0000] {processor.py:836} INFO - DAG(s) dict_keys(['example_branch_labels']) retrieved from /home/airflow/.local/lib/python3.7/site-packages/airflow/example_dags/example_branch_labels.py
[2023-07-19T16:36:59.118+0000] {logging_mixin.py:150} INFO - [2023-07-19T16:36:59.117+0000] {dag.py:2742} INFO - Sync 1 DAGs
[2023-07-19T16:36:59.171+0000] {logging_mixin.py:150} INFO - [2023-07-19T16:36:59.170+0000] {dag.py:3508} INFO - Setting next_dagrun for example_branch_labels to 2023-07-18T00:00:00+00:00, run_after=2023-07-19T00:00:00+00:00
[2023-07-19T16:36:59.249+0000] {processor.py:179} INFO - Processing /home/airflow/.local/lib/python3.7/site-packages/airflow/example_dags/example_branch_labels.py took 0.194 seconds
[2023-07-19T16:37:30.045+0000] {processor.py:157} INFO - Started process (PID=566) to work on /home/airflow/.local/lib/python3.7/site-packages/airflow/example_dags/example_branch_labels.py
[2023-07-19T16:37:30.046+0000] {processor.py:826} INFO - Processing file /home/airflow/.local/lib/python3.7/site-packages/airflow/example_dags/example_branch_labels.py for tasks to queue
[2023-07-19T16:37:30.046+0000] {logging_mixin.py:150} INFO - [2023-07-19T16:37:30.046+0000] {dagbag.py:541} INFO - Filling up the DagBag from /home/airflow/.local/lib/python3.7/site-packages/airflow/example_dags/example_branch_labels.py
[2023-07-19T16:37:30.055+0000] {processor.py:836} INFO - DAG(s) dict_keys(['example_branch_labels']) retrieved from /home/airflow/.local/lib/python3.7/site-packages/airflow/example_dags/example_branch_labels.py
[2023-07-19T16:37:30.076+0000] {logging_mixin.py:150} INFO - [2023-07-19T16:37:30.076+0000] {dag.py:2742} INFO - Sync 1 DAGs
[2023-07-19T16:37:30.097+0000] {logging_mixin.py:150} INFO - [2023-07-19T16:37:30.096+0000] {dag.py:3508} INFO - Setting next_dagrun for example_branch_labels to 2023-07-18T00:00:00+00:00, run_after=2023-07-19T00:00:00+00:00
[2023-07-19T16:37:30.109+0000] {processor.py:179} INFO - Processing /home/airflow/.local/lib/python3.7/site-packages/airflow/example_dags/example_branch_labels.py took 0.066 seconds
[2023-07-19T16:38:01.544+0000] {processor.py:157} INFO - Started process (PID=621) to work on /home/airflow/.local/lib/python3.7/site-packages/airflow/example_dags/example_branch_labels.py
[2023-07-19T16:38:01.548+0000] {processor.py:826} INFO - Processing file /home/airflow/.local/lib/python3.7/site-packages/airflow/example_dags/example_branch_labels.py for tasks to queue
[2023-07-19T16:38:01.548+0000] {logging_mixin.py:150} INFO - [2023-07-19T16:38:01.548+0000] {dagbag.py:541} INFO - Filling up the DagBag from /home/airflow/.local/lib/python3.7/site-packages/airflow/example_dags/example_branch_labels.py
[2023-07-19T16:38:01.552+0000] {processor.py:836} INFO - DAG(s) dict_keys(['example_branch_labels']) retrieved from /home/airflow/.local/lib/python3.7/site-packages/airflow/example_dags/example_branch_labels.py
[2023-07-19T16:38:01.573+0000] {logging_mixin.py:150} INFO - [2023-07-19T16:38:01.573+0000] {dag.py:2742} INFO - Sync 1 DAGs
[2023-07-19T16:38:01.586+0000] {logging_mixin.py:150} INFO - [2023-07-19T16:38:01.586+0000] {dag.py:3508} INFO - Setting next_dagrun for example_branch_labels to 2023-07-18T00:00:00+00:00, run_after=2023-07-19T00:00:00+00:00
[2023-07-19T16:38:01.597+0000] {processor.py:179} INFO - Processing /home/airflow/.local/lib/python3.7/site-packages/airflow/example_dags/example_branch_labels.py took 0.055 seconds
[2023-07-19T16:38:34.123+0000] {processor.py:157} INFO - Started process (PID=675) to work on /home/airflow/.local/lib/python3.7/site-packages/airflow/example_dags/example_branch_labels.py
[2023-07-19T16:38:34.124+0000] {processor.py:826} INFO - Processing file /home/airflow/.local/lib/python3.7/site-packages/airflow/example_dags/example_branch_labels.py for tasks to queue
[2023-07-19T16:38:34.131+0000] {logging_mixin.py:150} INFO - [2023-07-19T16:38:34.131+0000] {dagbag.py:541} INFO - Filling up the DagBag from /home/airflow/.local/lib/python3.7/site-packages/airflow/example_dags/example_branch_labels.py
[2023-07-19T16:38:34.151+0000] {processor.py:836} INFO - DAG(s) dict_keys(['example_branch_labels']) retrieved from /home/airflow/.local/lib/python3.7/site-packages/airflow/example_dags/example_branch_labels.py
[2023-07-19T16:38:34.213+0000] {logging_mixin.py:150} INFO - [2023-07-19T16:38:34.212+0000] {dag.py:2742} INFO - Sync 1 DAGs
[2023-07-19T16:38:34.286+0000] {logging_mixin.py:150} INFO - [2023-07-19T16:38:34.286+0000] {dag.py:3508} INFO - Setting next_dagrun for example_branch_labels to 2023-07-18T00:00:00+00:00, run_after=2023-07-19T00:00:00+00:00
[2023-07-19T16:38:34.325+0000] {processor.py:179} INFO - Processing /home/airflow/.local/lib/python3.7/site-packages/airflow/example_dags/example_branch_labels.py took 0.208 seconds
[2023-07-19T16:39:04.884+0000] {processor.py:157} INFO - Started process (PID=731) to work on /home/airflow/.local/lib/python3.7/site-packages/airflow/example_dags/example_branch_labels.py
[2023-07-19T16:39:04.885+0000] {processor.py:826} INFO - Processing file /home/airflow/.local/lib/python3.7/site-packages/airflow/example_dags/example_branch_labels.py for tasks to queue
[2023-07-19T16:39:04.885+0000] {logging_mixin.py:150} INFO - [2023-07-19T16:39:04.885+0000] {dagbag.py:541} INFO - Filling up the DagBag from /home/airflow/.local/lib/python3.7/site-packages/airflow/example_dags/example_branch_labels.py
[2023-07-19T16:39:04.899+0000] {processor.py:836} INFO - DAG(s) dict_keys(['example_branch_labels']) retrieved from /home/airflow/.local/lib/python3.7/site-packages/airflow/example_dags/example_branch_labels.py
[2023-07-19T16:39:04.928+0000] {logging_mixin.py:150} INFO - [2023-07-19T16:39:04.928+0000] {dag.py:2742} INFO - Sync 1 DAGs
[2023-07-19T16:39:04.950+0000] {logging_mixin.py:150} INFO - [2023-07-19T16:39:04.950+0000] {dag.py:3508} INFO - Setting next_dagrun for example_branch_labels to 2023-07-18T00:00:00+00:00, run_after=2023-07-19T00:00:00+00:00
[2023-07-19T16:39:04.963+0000] {processor.py:179} INFO - Processing /home/airflow/.local/lib/python3.7/site-packages/airflow/example_dags/example_branch_labels.py took 0.081 seconds
[2023-07-19T16:39:35.341+0000] {processor.py:157} INFO - Started process (PID=786) to work on /home/airflow/.local/lib/python3.7/site-packages/airflow/example_dags/example_branch_labels.py
[2023-07-19T16:39:35.341+0000] {processor.py:826} INFO - Processing file /home/airflow/.local/lib/python3.7/site-packages/airflow/example_dags/example_branch_labels.py for tasks to queue
[2023-07-19T16:39:35.341+0000] {logging_mixin.py:150} INFO - [2023-07-19T16:39:35.341+0000] {dagbag.py:541} INFO - Filling up the DagBag from /home/airflow/.local/lib/python3.7/site-packages/airflow/example_dags/example_branch_labels.py
[2023-07-19T16:39:35.345+0000] {processor.py:836} INFO - DAG(s) dict_keys(['example_branch_labels']) retrieved from /home/airflow/.local/lib/python3.7/site-packages/airflow/example_dags/example_branch_labels.py
[2023-07-19T16:39:35.359+0000] {logging_mixin.py:150} INFO - [2023-07-19T16:39:35.359+0000] {dag.py:2742} INFO - Sync 1 DAGs
[2023-07-19T16:39:35.371+0000] {logging_mixin.py:150} INFO - [2023-07-19T16:39:35.371+0000] {dag.py:3508} INFO - Setting next_dagrun for example_branch_labels to 2023-07-18T00:00:00+00:00, run_after=2023-07-19T00:00:00+00:00
[2023-07-19T16:39:35.377+0000] {processor.py:179} INFO - Processing /home/airflow/.local/lib/python3.7/site-packages/airflow/example_dags/example_branch_labels.py took 0.039 seconds
[2023-07-19T16:40:14.654+0000] {processor.py:157} INFO - Started process (PID=847) to work on /home/airflow/.local/lib/python3.7/site-packages/airflow/example_dags/example_branch_labels.py
[2023-07-19T16:40:14.673+0000] {processor.py:826} INFO - Processing file /home/airflow/.local/lib/python3.7/site-packages/airflow/example_dags/example_branch_labels.py for tasks to queue
[2023-07-19T16:40:14.674+0000] {logging_mixin.py:150} INFO - [2023-07-19T16:40:14.673+0000] {dagbag.py:541} INFO - Filling up the DagBag from /home/airflow/.local/lib/python3.7/site-packages/airflow/example_dags/example_branch_labels.py
[2023-07-19T16:40:14.701+0000] {processor.py:836} INFO - DAG(s) dict_keys(['example_branch_labels']) retrieved from /home/airflow/.local/lib/python3.7/site-packages/airflow/example_dags/example_branch_labels.py
[2023-07-19T16:40:14.770+0000] {logging_mixin.py:150} INFO - [2023-07-19T16:40:14.770+0000] {dag.py:2742} INFO - Sync 1 DAGs
[2023-07-19T16:40:14.799+0000] {logging_mixin.py:150} INFO - [2023-07-19T16:40:14.799+0000] {dag.py:3508} INFO - Setting next_dagrun for example_branch_labels to 2023-07-18T00:00:00+00:00, run_after=2023-07-19T00:00:00+00:00
[2023-07-19T16:40:14.811+0000] {processor.py:179} INFO - Processing /home/airflow/.local/lib/python3.7/site-packages/airflow/example_dags/example_branch_labels.py took 0.175 seconds
[2023-07-19T16:40:45.158+0000] {processor.py:157} INFO - Started process (PID=902) to work on /home/airflow/.local/lib/python3.7/site-packages/airflow/example_dags/example_branch_labels.py
[2023-07-19T16:40:45.158+0000] {processor.py:826} INFO - Processing file /home/airflow/.local/lib/python3.7/site-packages/airflow/example_dags/example_branch_labels.py for tasks to queue
[2023-07-19T16:40:45.158+0000] {logging_mixin.py:150} INFO - [2023-07-19T16:40:45.158+0000] {dagbag.py:541} INFO - Filling up the DagBag from /home/airflow/.local/lib/python3.7/site-packages/airflow/example_dags/example_branch_labels.py
[2023-07-19T16:40:45.163+0000] {processor.py:836} INFO - DAG(s) dict_keys(['example_branch_labels']) retrieved from /home/airflow/.local/lib/python3.7/site-packages/airflow/example_dags/example_branch_labels.py
[2023-07-19T16:40:45.177+0000] {logging_mixin.py:150} INFO - [2023-07-19T16:40:45.177+0000] {dag.py:2742} INFO - Sync 1 DAGs
[2023-07-19T16:40:45.191+0000] {logging_mixin.py:150} INFO - [2023-07-19T16:40:45.191+0000] {dag.py:3508} INFO - Setting next_dagrun for example_branch_labels to 2023-07-18T00:00:00+00:00, run_after=2023-07-19T00:00:00+00:00
[2023-07-19T16:40:45.207+0000] {processor.py:179} INFO - Processing /home/airflow/.local/lib/python3.7/site-packages/airflow/example_dags/example_branch_labels.py took 0.052 seconds
[2023-07-19T16:41:15.222+0000] {processor.py:157} INFO - Started process (PID=956) to work on /home/airflow/.local/lib/python3.7/site-packages/airflow/example_dags/example_branch_labels.py
[2023-07-19T16:41:15.222+0000] {processor.py:826} INFO - Processing file /home/airflow/.local/lib/python3.7/site-packages/airflow/example_dags/example_branch_labels.py for tasks to queue
[2023-07-19T16:41:15.223+0000] {logging_mixin.py:150} INFO - [2023-07-19T16:41:15.222+0000] {dagbag.py:541} INFO - Filling up the DagBag from /home/airflow/.local/lib/python3.7/site-packages/airflow/example_dags/example_branch_labels.py
[2023-07-19T16:41:15.227+0000] {processor.py:836} INFO - DAG(s) dict_keys(['example_branch_labels']) retrieved from /home/airflow/.local/lib/python3.7/site-packages/airflow/example_dags/example_branch_labels.py
[2023-07-19T16:41:15.248+0000] {logging_mixin.py:150} INFO - [2023-07-19T16:41:15.248+0000] {dag.py:2742} INFO - Sync 1 DAGs
[2023-07-19T16:41:15.260+0000] {logging_mixin.py:150} INFO - [2023-07-19T16:41:15.260+0000] {dag.py:3508} INFO - Setting next_dagrun for example_branch_labels to 2023-07-18T00:00:00+00:00, run_after=2023-07-19T00:00:00+00:00
[2023-07-19T16:41:15.270+0000] {processor.py:179} INFO - Processing /home/airflow/.local/lib/python3.7/site-packages/airflow/example_dags/example_branch_labels.py took 0.050 seconds
[2023-07-19T16:41:45.872+0000] {processor.py:157} INFO - Started process (PID=1012) to work on /home/airflow/.local/lib/python3.7/site-packages/airflow/example_dags/example_branch_labels.py
[2023-07-19T16:41:45.877+0000] {processor.py:826} INFO - Processing file /home/airflow/.local/lib/python3.7/site-packages/airflow/example_dags/example_branch_labels.py for tasks to queue
[2023-07-19T16:41:45.877+0000] {logging_mixin.py:150} INFO - [2023-07-19T16:41:45.877+0000] {dagbag.py:541} INFO - Filling up the DagBag from /home/airflow/.local/lib/python3.7/site-packages/airflow/example_dags/example_branch_labels.py
[2023-07-19T16:41:45.887+0000] {processor.py:836} INFO - DAG(s) dict_keys(['example_branch_labels']) retrieved from /home/airflow/.local/lib/python3.7/site-packages/airflow/example_dags/example_branch_labels.py
[2023-07-19T16:41:45.913+0000] {logging_mixin.py:150} INFO - [2023-07-19T16:41:45.913+0000] {dag.py:2742} INFO - Sync 1 DAGs
[2023-07-19T16:41:45.930+0000] {logging_mixin.py:150} INFO - [2023-07-19T16:41:45.930+0000] {dag.py:3508} INFO - Setting next_dagrun for example_branch_labels to 2023-07-18T00:00:00+00:00, run_after=2023-07-19T00:00:00+00:00
[2023-07-19T16:41:45.938+0000] {processor.py:179} INFO - Processing /home/airflow/.local/lib/python3.7/site-packages/airflow/example_dags/example_branch_labels.py took 0.067 seconds
[2023-07-19T16:42:16.067+0000] {processor.py:157} INFO - Started process (PID=1066) to work on /home/airflow/.local/lib/python3.7/site-packages/airflow/example_dags/example_branch_labels.py
[2023-07-19T16:42:16.067+0000] {processor.py:826} INFO - Processing file /home/airflow/.local/lib/python3.7/site-packages/airflow/example_dags/example_branch_labels.py for tasks to queue
[2023-07-19T16:42:16.068+0000] {logging_mixin.py:150} INFO - [2023-07-19T16:42:16.068+0000] {dagbag.py:541} INFO - Filling up the DagBag from /home/airflow/.local/lib/python3.7/site-packages/airflow/example_dags/example_branch_labels.py
[2023-07-19T16:42:16.072+0000] {processor.py:836} INFO - DAG(s) dict_keys(['example_branch_labels']) retrieved from /home/airflow/.local/lib/python3.7/site-packages/airflow/example_dags/example_branch_labels.py
[2023-07-19T16:42:16.091+0000] {logging_mixin.py:150} INFO - [2023-07-19T16:42:16.091+0000] {dag.py:2742} INFO - Sync 1 DAGs
[2023-07-19T16:42:16.110+0000] {logging_mixin.py:150} INFO - [2023-07-19T16:42:16.110+0000] {dag.py:3508} INFO - Setting next_dagrun for example_branch_labels to 2023-07-18T00:00:00+00:00, run_after=2023-07-19T00:00:00+00:00
[2023-07-19T16:42:16.118+0000] {processor.py:179} INFO - Processing /home/airflow/.local/lib/python3.7/site-packages/airflow/example_dags/example_branch_labels.py took 0.053 seconds
[2023-07-19T16:42:46.495+0000] {processor.py:157} INFO - Started process (PID=1121) to work on /home/airflow/.local/lib/python3.7/site-packages/airflow/example_dags/example_branch_labels.py
[2023-07-19T16:42:46.495+0000] {processor.py:826} INFO - Processing file /home/airflow/.local/lib/python3.7/site-packages/airflow/example_dags/example_branch_labels.py for tasks to queue
[2023-07-19T16:42:46.495+0000] {logging_mixin.py:150} INFO - [2023-07-19T16:42:46.495+0000] {dagbag.py:541} INFO - Filling up the DagBag from /home/airflow/.local/lib/python3.7/site-packages/airflow/example_dags/example_branch_labels.py
[2023-07-19T16:42:46.499+0000] {processor.py:836} INFO - DAG(s) dict_keys(['example_branch_labels']) retrieved from /home/airflow/.local/lib/python3.7/site-packages/airflow/example_dags/example_branch_labels.py
[2023-07-19T16:42:46.513+0000] {logging_mixin.py:150} INFO - [2023-07-19T16:42:46.513+0000] {dag.py:2742} INFO - Sync 1 DAGs
[2023-07-19T16:42:46.529+0000] {logging_mixin.py:150} INFO - [2023-07-19T16:42:46.529+0000] {dag.py:3508} INFO - Setting next_dagrun for example_branch_labels to 2023-07-18T00:00:00+00:00, run_after=2023-07-19T00:00:00+00:00
[2023-07-19T16:42:46.536+0000] {processor.py:179} INFO - Processing /home/airflow/.local/lib/python3.7/site-packages/airflow/example_dags/example_branch_labels.py took 0.043 seconds
[2023-07-19T16:43:17.010+0000] {processor.py:157} INFO - Started process (PID=1177) to work on /home/airflow/.local/lib/python3.7/site-packages/airflow/example_dags/example_branch_labels.py
[2023-07-19T16:43:17.011+0000] {processor.py:826} INFO - Processing file /home/airflow/.local/lib/python3.7/site-packages/airflow/example_dags/example_branch_labels.py for tasks to queue
[2023-07-19T16:43:17.012+0000] {logging_mixin.py:150} INFO - [2023-07-19T16:43:17.012+0000] {dagbag.py:541} INFO - Filling up the DagBag from /home/airflow/.local/lib/python3.7/site-packages/airflow/example_dags/example_branch_labels.py
[2023-07-19T16:43:17.032+0000] {processor.py:836} INFO - DAG(s) dict_keys(['example_branch_labels']) retrieved from /home/airflow/.local/lib/python3.7/site-packages/airflow/example_dags/example_branch_labels.py
[2023-07-19T16:43:17.141+0000] {logging_mixin.py:150} INFO - [2023-07-19T16:43:17.141+0000] {dag.py:2742} INFO - Sync 1 DAGs
[2023-07-19T16:43:17.258+0000] {logging_mixin.py:150} INFO - [2023-07-19T16:43:17.257+0000] {dag.py:3508} INFO - Setting next_dagrun for example_branch_labels to 2023-07-18T00:00:00+00:00, run_after=2023-07-19T00:00:00+00:00
[2023-07-19T16:43:17.356+0000] {processor.py:179} INFO - Processing /home/airflow/.local/lib/python3.7/site-packages/airflow/example_dags/example_branch_labels.py took 0.351 seconds
[2023-07-19T16:43:48.039+0000] {processor.py:157} INFO - Started process (PID=1232) to work on /home/airflow/.local/lib/python3.7/site-packages/airflow/example_dags/example_branch_labels.py
[2023-07-19T16:43:48.039+0000] {processor.py:826} INFO - Processing file /home/airflow/.local/lib/python3.7/site-packages/airflow/example_dags/example_branch_labels.py for tasks to queue
[2023-07-19T16:43:48.039+0000] {logging_mixin.py:150} INFO - [2023-07-19T16:43:48.039+0000] {dagbag.py:541} INFO - Filling up the DagBag from /home/airflow/.local/lib/python3.7/site-packages/airflow/example_dags/example_branch_labels.py
[2023-07-19T16:43:48.046+0000] {processor.py:836} INFO - DAG(s) dict_keys(['example_branch_labels']) retrieved from /home/airflow/.local/lib/python3.7/site-packages/airflow/example_dags/example_branch_labels.py
[2023-07-19T16:43:48.063+0000] {logging_mixin.py:150} INFO - [2023-07-19T16:43:48.063+0000] {dag.py:2742} INFO - Sync 1 DAGs
[2023-07-19T16:43:48.077+0000] {logging_mixin.py:150} INFO - [2023-07-19T16:43:48.077+0000] {dag.py:3508} INFO - Setting next_dagrun for example_branch_labels to 2023-07-18T00:00:00+00:00, run_after=2023-07-19T00:00:00+00:00
[2023-07-19T16:43:48.087+0000] {processor.py:179} INFO - Processing /home/airflow/.local/lib/python3.7/site-packages/airflow/example_dags/example_branch_labels.py took 0.050 seconds
[2023-07-19T16:44:18.845+0000] {processor.py:157} INFO - Started process (PID=1287) to work on /home/airflow/.local/lib/python3.7/site-packages/airflow/example_dags/example_branch_labels.py
[2023-07-19T16:44:18.845+0000] {processor.py:826} INFO - Processing file /home/airflow/.local/lib/python3.7/site-packages/airflow/example_dags/example_branch_labels.py for tasks to queue
[2023-07-19T16:44:18.846+0000] {logging_mixin.py:150} INFO - [2023-07-19T16:44:18.845+0000] {dagbag.py:541} INFO - Filling up the DagBag from /home/airflow/.local/lib/python3.7/site-packages/airflow/example_dags/example_branch_labels.py
[2023-07-19T16:44:18.850+0000] {processor.py:836} INFO - DAG(s) dict_keys(['example_branch_labels']) retrieved from /home/airflow/.local/lib/python3.7/site-packages/airflow/example_dags/example_branch_labels.py
[2023-07-19T16:44:18.866+0000] {logging_mixin.py:150} INFO - [2023-07-19T16:44:18.865+0000] {dag.py:2742} INFO - Sync 1 DAGs
[2023-07-19T16:44:18.895+0000] {logging_mixin.py:150} INFO - [2023-07-19T16:44:18.895+0000] {dag.py:3508} INFO - Setting next_dagrun for example_branch_labels to 2023-07-18T00:00:00+00:00, run_after=2023-07-19T00:00:00+00:00
[2023-07-19T16:44:18.932+0000] {processor.py:179} INFO - Processing /home/airflow/.local/lib/python3.7/site-packages/airflow/example_dags/example_branch_labels.py took 0.090 seconds
[2023-07-19T16:44:49.569+0000] {processor.py:157} INFO - Started process (PID=1342) to work on /home/airflow/.local/lib/python3.7/site-packages/airflow/example_dags/example_branch_labels.py
[2023-07-19T16:44:49.569+0000] {processor.py:826} INFO - Processing file /home/airflow/.local/lib/python3.7/site-packages/airflow/example_dags/example_branch_labels.py for tasks to queue
[2023-07-19T16:44:49.569+0000] {logging_mixin.py:150} INFO - [2023-07-19T16:44:49.569+0000] {dagbag.py:541} INFO - Filling up the DagBag from /home/airflow/.local/lib/python3.7/site-packages/airflow/example_dags/example_branch_labels.py
[2023-07-19T16:44:49.573+0000] {processor.py:836} INFO - DAG(s) dict_keys(['example_branch_labels']) retrieved from /home/airflow/.local/lib/python3.7/site-packages/airflow/example_dags/example_branch_labels.py
[2023-07-19T16:44:49.587+0000] {logging_mixin.py:150} INFO - [2023-07-19T16:44:49.587+0000] {dag.py:2742} INFO - Sync 1 DAGs
[2023-07-19T16:44:49.602+0000] {logging_mixin.py:150} INFO - [2023-07-19T16:44:49.602+0000] {dag.py:3508} INFO - Setting next_dagrun for example_branch_labels to 2023-07-18T00:00:00+00:00, run_after=2023-07-19T00:00:00+00:00
[2023-07-19T16:44:49.610+0000] {processor.py:179} INFO - Processing /home/airflow/.local/lib/python3.7/site-packages/airflow/example_dags/example_branch_labels.py took 0.043 seconds
[2023-07-19T16:45:19.716+0000] {processor.py:157} INFO - Started process (PID=1397) to work on /home/airflow/.local/lib/python3.7/site-packages/airflow/example_dags/example_branch_labels.py
[2023-07-19T16:45:19.717+0000] {processor.py:826} INFO - Processing file /home/airflow/.local/lib/python3.7/site-packages/airflow/example_dags/example_branch_labels.py for tasks to queue
[2023-07-19T16:45:19.717+0000] {logging_mixin.py:150} INFO - [2023-07-19T16:45:19.717+0000] {dagbag.py:541} INFO - Filling up the DagBag from /home/airflow/.local/lib/python3.7/site-packages/airflow/example_dags/example_branch_labels.py
[2023-07-19T16:45:19.721+0000] {processor.py:836} INFO - DAG(s) dict_keys(['example_branch_labels']) retrieved from /home/airflow/.local/lib/python3.7/site-packages/airflow/example_dags/example_branch_labels.py
[2023-07-19T16:45:19.736+0000] {logging_mixin.py:150} INFO - [2023-07-19T16:45:19.736+0000] {dag.py:2742} INFO - Sync 1 DAGs
[2023-07-19T16:45:19.748+0000] {logging_mixin.py:150} INFO - [2023-07-19T16:45:19.748+0000] {dag.py:3508} INFO - Setting next_dagrun for example_branch_labels to 2023-07-18T00:00:00+00:00, run_after=2023-07-19T00:00:00+00:00
[2023-07-19T16:45:19.755+0000] {processor.py:179} INFO - Processing /home/airflow/.local/lib/python3.7/site-packages/airflow/example_dags/example_branch_labels.py took 0.040 seconds
[2023-07-19T16:45:50.319+0000] {processor.py:157} INFO - Started process (PID=1452) to work on /home/airflow/.local/lib/python3.7/site-packages/airflow/example_dags/example_branch_labels.py
[2023-07-19T16:45:50.320+0000] {processor.py:826} INFO - Processing file /home/airflow/.local/lib/python3.7/site-packages/airflow/example_dags/example_branch_labels.py for tasks to queue
[2023-07-19T16:45:50.320+0000] {logging_mixin.py:150} INFO - [2023-07-19T16:45:50.320+0000] {dagbag.py:541} INFO - Filling up the DagBag from /home/airflow/.local/lib/python3.7/site-packages/airflow/example_dags/example_branch_labels.py
[2023-07-19T16:45:50.324+0000] {processor.py:836} INFO - DAG(s) dict_keys(['example_branch_labels']) retrieved from /home/airflow/.local/lib/python3.7/site-packages/airflow/example_dags/example_branch_labels.py
[2023-07-19T16:45:50.342+0000] {logging_mixin.py:150} INFO - [2023-07-19T16:45:50.342+0000] {dag.py:2742} INFO - Sync 1 DAGs
[2023-07-19T16:45:50.357+0000] {logging_mixin.py:150} INFO - [2023-07-19T16:45:50.357+0000] {dag.py:3508} INFO - Setting next_dagrun for example_branch_labels to 2023-07-18T00:00:00+00:00, run_after=2023-07-19T00:00:00+00:00
[2023-07-19T16:45:50.367+0000] {processor.py:179} INFO - Processing /home/airflow/.local/lib/python3.7/site-packages/airflow/example_dags/example_branch_labels.py took 0.049 seconds
[2023-07-19T16:46:21.083+0000] {processor.py:157} INFO - Started process (PID=1507) to work on /home/airflow/.local/lib/python3.7/site-packages/airflow/example_dags/example_branch_labels.py
[2023-07-19T16:46:21.084+0000] {processor.py:826} INFO - Processing file /home/airflow/.local/lib/python3.7/site-packages/airflow/example_dags/example_branch_labels.py for tasks to queue
[2023-07-19T16:46:21.084+0000] {logging_mixin.py:150} INFO - [2023-07-19T16:46:21.084+0000] {dagbag.py:541} INFO - Filling up the DagBag from /home/airflow/.local/lib/python3.7/site-packages/airflow/example_dags/example_branch_labels.py
[2023-07-19T16:46:21.099+0000] {processor.py:836} INFO - DAG(s) dict_keys(['example_branch_labels']) retrieved from /home/airflow/.local/lib/python3.7/site-packages/airflow/example_dags/example_branch_labels.py
[2023-07-19T16:46:21.145+0000] {logging_mixin.py:150} INFO - [2023-07-19T16:46:21.145+0000] {dag.py:2742} INFO - Sync 1 DAGs
[2023-07-19T16:46:21.184+0000] {logging_mixin.py:150} INFO - [2023-07-19T16:46:21.184+0000] {dag.py:3508} INFO - Setting next_dagrun for example_branch_labels to 2023-07-18T00:00:00+00:00, run_after=2023-07-19T00:00:00+00:00
[2023-07-19T16:46:21.200+0000] {processor.py:179} INFO - Processing /home/airflow/.local/lib/python3.7/site-packages/airflow/example_dags/example_branch_labels.py took 0.124 seconds
[2023-07-19T16:46:51.588+0000] {processor.py:157} INFO - Started process (PID=1562) to work on /home/airflow/.local/lib/python3.7/site-packages/airflow/example_dags/example_branch_labels.py
[2023-07-19T16:46:51.588+0000] {processor.py:826} INFO - Processing file /home/airflow/.local/lib/python3.7/site-packages/airflow/example_dags/example_branch_labels.py for tasks to queue
[2023-07-19T16:46:51.589+0000] {logging_mixin.py:150} INFO - [2023-07-19T16:46:51.588+0000] {dagbag.py:541} INFO - Filling up the DagBag from /home/airflow/.local/lib/python3.7/site-packages/airflow/example_dags/example_branch_labels.py
[2023-07-19T16:46:51.593+0000] {processor.py:836} INFO - DAG(s) dict_keys(['example_branch_labels']) retrieved from /home/airflow/.local/lib/python3.7/site-packages/airflow/example_dags/example_branch_labels.py
[2023-07-19T16:46:51.611+0000] {logging_mixin.py:150} INFO - [2023-07-19T16:46:51.611+0000] {dag.py:2742} INFO - Sync 1 DAGs
[2023-07-19T16:46:51.624+0000] {logging_mixin.py:150} INFO - [2023-07-19T16:46:51.624+0000] {dag.py:3508} INFO - Setting next_dagrun for example_branch_labels to 2023-07-18T00:00:00+00:00, run_after=2023-07-19T00:00:00+00:00
[2023-07-19T16:46:51.631+0000] {processor.py:179} INFO - Processing /home/airflow/.local/lib/python3.7/site-packages/airflow/example_dags/example_branch_labels.py took 0.045 seconds
[2023-07-19T16:47:22.161+0000] {processor.py:157} INFO - Started process (PID=1615) to work on /home/airflow/.local/lib/python3.7/site-packages/airflow/example_dags/example_branch_labels.py
[2023-07-19T16:47:22.162+0000] {processor.py:826} INFO - Processing file /home/airflow/.local/lib/python3.7/site-packages/airflow/example_dags/example_branch_labels.py for tasks to queue
[2023-07-19T16:47:22.162+0000] {logging_mixin.py:150} INFO - [2023-07-19T16:47:22.162+0000] {dagbag.py:541} INFO - Filling up the DagBag from /home/airflow/.local/lib/python3.7/site-packages/airflow/example_dags/example_branch_labels.py
[2023-07-19T16:47:22.166+0000] {processor.py:836} INFO - DAG(s) dict_keys(['example_branch_labels']) retrieved from /home/airflow/.local/lib/python3.7/site-packages/airflow/example_dags/example_branch_labels.py
[2023-07-19T16:47:22.180+0000] {logging_mixin.py:150} INFO - [2023-07-19T16:47:22.180+0000] {dag.py:2742} INFO - Sync 1 DAGs
[2023-07-19T16:47:22.192+0000] {logging_mixin.py:150} INFO - [2023-07-19T16:47:22.192+0000] {dag.py:3508} INFO - Setting next_dagrun for example_branch_labels to 2023-07-18T00:00:00+00:00, run_after=2023-07-19T00:00:00+00:00
[2023-07-19T16:47:22.200+0000] {processor.py:179} INFO - Processing /home/airflow/.local/lib/python3.7/site-packages/airflow/example_dags/example_branch_labels.py took 0.040 seconds
[2023-07-19T16:47:54.128+0000] {processor.py:157} INFO - Started process (PID=1671) to work on /home/airflow/.local/lib/python3.7/site-packages/airflow/example_dags/example_branch_labels.py
[2023-07-19T16:47:54.137+0000] {processor.py:826} INFO - Processing file /home/airflow/.local/lib/python3.7/site-packages/airflow/example_dags/example_branch_labels.py for tasks to queue
[2023-07-19T16:47:54.138+0000] {logging_mixin.py:150} INFO - [2023-07-19T16:47:54.137+0000] {dagbag.py:541} INFO - Filling up the DagBag from /home/airflow/.local/lib/python3.7/site-packages/airflow/example_dags/example_branch_labels.py
[2023-07-19T16:47:54.156+0000] {processor.py:836} INFO - DAG(s) dict_keys(['example_branch_labels']) retrieved from /home/airflow/.local/lib/python3.7/site-packages/airflow/example_dags/example_branch_labels.py
[2023-07-19T16:47:54.201+0000] {logging_mixin.py:150} INFO - [2023-07-19T16:47:54.201+0000] {dag.py:2742} INFO - Sync 1 DAGs
[2023-07-19T16:47:54.238+0000] {logging_mixin.py:150} INFO - [2023-07-19T16:47:54.238+0000] {dag.py:3508} INFO - Setting next_dagrun for example_branch_labels to 2023-07-18T00:00:00+00:00, run_after=2023-07-19T00:00:00+00:00
[2023-07-19T16:47:54.269+0000] {processor.py:179} INFO - Processing /home/airflow/.local/lib/python3.7/site-packages/airflow/example_dags/example_branch_labels.py took 0.145 seconds
[2023-07-19T16:48:24.682+0000] {processor.py:157} INFO - Started process (PID=1726) to work on /home/airflow/.local/lib/python3.7/site-packages/airflow/example_dags/example_branch_labels.py
[2023-07-19T16:48:24.682+0000] {processor.py:826} INFO - Processing file /home/airflow/.local/lib/python3.7/site-packages/airflow/example_dags/example_branch_labels.py for tasks to queue
[2023-07-19T16:48:24.682+0000] {logging_mixin.py:150} INFO - [2023-07-19T16:48:24.682+0000] {dagbag.py:541} INFO - Filling up the DagBag from /home/airflow/.local/lib/python3.7/site-packages/airflow/example_dags/example_branch_labels.py
[2023-07-19T16:48:24.687+0000] {processor.py:836} INFO - DAG(s) dict_keys(['example_branch_labels']) retrieved from /home/airflow/.local/lib/python3.7/site-packages/airflow/example_dags/example_branch_labels.py
[2023-07-19T16:48:24.701+0000] {logging_mixin.py:150} INFO - [2023-07-19T16:48:24.701+0000] {dag.py:2742} INFO - Sync 1 DAGs
[2023-07-19T16:48:24.716+0000] {logging_mixin.py:150} INFO - [2023-07-19T16:48:24.716+0000] {dag.py:3508} INFO - Setting next_dagrun for example_branch_labels to 2023-07-18T00:00:00+00:00, run_after=2023-07-19T00:00:00+00:00
[2023-07-19T16:48:24.741+0000] {processor.py:179} INFO - Processing /home/airflow/.local/lib/python3.7/site-packages/airflow/example_dags/example_branch_labels.py took 0.061 seconds
[2023-07-19T16:48:55.665+0000] {processor.py:157} INFO - Started process (PID=1781) to work on /home/airflow/.local/lib/python3.7/site-packages/airflow/example_dags/example_branch_labels.py
[2023-07-19T16:48:55.666+0000] {processor.py:826} INFO - Processing file /home/airflow/.local/lib/python3.7/site-packages/airflow/example_dags/example_branch_labels.py for tasks to queue
[2023-07-19T16:48:55.666+0000] {logging_mixin.py:150} INFO - [2023-07-19T16:48:55.666+0000] {dagbag.py:541} INFO - Filling up the DagBag from /home/airflow/.local/lib/python3.7/site-packages/airflow/example_dags/example_branch_labels.py
[2023-07-19T16:48:55.671+0000] {processor.py:836} INFO - DAG(s) dict_keys(['example_branch_labels']) retrieved from /home/airflow/.local/lib/python3.7/site-packages/airflow/example_dags/example_branch_labels.py
[2023-07-19T16:48:55.687+0000] {logging_mixin.py:150} INFO - [2023-07-19T16:48:55.687+0000] {dag.py:2742} INFO - Sync 1 DAGs
[2023-07-19T16:48:55.702+0000] {logging_mixin.py:150} INFO - [2023-07-19T16:48:55.702+0000] {dag.py:3508} INFO - Setting next_dagrun for example_branch_labels to 2023-07-18T00:00:00+00:00, run_after=2023-07-19T00:00:00+00:00
[2023-07-19T16:48:55.710+0000] {processor.py:179} INFO - Processing /home/airflow/.local/lib/python3.7/site-packages/airflow/example_dags/example_branch_labels.py took 0.047 seconds
[2023-07-19T16:49:26.330+0000] {processor.py:157} INFO - Started process (PID=1836) to work on /home/airflow/.local/lib/python3.7/site-packages/airflow/example_dags/example_branch_labels.py
[2023-07-19T16:49:26.331+0000] {processor.py:826} INFO - Processing file /home/airflow/.local/lib/python3.7/site-packages/airflow/example_dags/example_branch_labels.py for tasks to queue
[2023-07-19T16:49:26.331+0000] {logging_mixin.py:150} INFO - [2023-07-19T16:49:26.331+0000] {dagbag.py:541} INFO - Filling up the DagBag from /home/airflow/.local/lib/python3.7/site-packages/airflow/example_dags/example_branch_labels.py
[2023-07-19T16:49:26.335+0000] {processor.py:836} INFO - DAG(s) dict_keys(['example_branch_labels']) retrieved from /home/airflow/.local/lib/python3.7/site-packages/airflow/example_dags/example_branch_labels.py
[2023-07-19T16:49:26.375+0000] {logging_mixin.py:150} INFO - [2023-07-19T16:49:26.375+0000] {dag.py:2742} INFO - Sync 1 DAGs
[2023-07-19T16:49:26.404+0000] {logging_mixin.py:150} INFO - [2023-07-19T16:49:26.404+0000] {dag.py:3508} INFO - Setting next_dagrun for example_branch_labels to 2023-07-18T00:00:00+00:00, run_after=2023-07-19T00:00:00+00:00
[2023-07-19T16:49:26.415+0000] {processor.py:179} INFO - Processing /home/airflow/.local/lib/python3.7/site-packages/airflow/example_dags/example_branch_labels.py took 0.087 seconds
[2023-07-19T16:49:57.480+0000] {processor.py:157} INFO - Started process (PID=1891) to work on /home/airflow/.local/lib/python3.7/site-packages/airflow/example_dags/example_branch_labels.py
[2023-07-19T16:49:57.480+0000] {processor.py:826} INFO - Processing file /home/airflow/.local/lib/python3.7/site-packages/airflow/example_dags/example_branch_labels.py for tasks to queue
[2023-07-19T16:49:57.481+0000] {logging_mixin.py:150} INFO - [2023-07-19T16:49:57.481+0000] {dagbag.py:541} INFO - Filling up the DagBag from /home/airflow/.local/lib/python3.7/site-packages/airflow/example_dags/example_branch_labels.py
[2023-07-19T16:49:57.492+0000] {processor.py:836} INFO - DAG(s) dict_keys(['example_branch_labels']) retrieved from /home/airflow/.local/lib/python3.7/site-packages/airflow/example_dags/example_branch_labels.py
[2023-07-19T16:49:57.566+0000] {logging_mixin.py:150} INFO - [2023-07-19T16:49:57.566+0000] {dag.py:2742} INFO - Sync 1 DAGs
[2023-07-19T16:49:57.590+0000] {logging_mixin.py:150} INFO - [2023-07-19T16:49:57.590+0000] {dag.py:3508} INFO - Setting next_dagrun for example_branch_labels to 2023-07-18T00:00:00+00:00, run_after=2023-07-19T00:00:00+00:00
[2023-07-19T16:49:57.601+0000] {processor.py:179} INFO - Processing /home/airflow/.local/lib/python3.7/site-packages/airflow/example_dags/example_branch_labels.py took 0.124 seconds
[2023-07-19T16:50:28.198+0000] {processor.py:157} INFO - Started process (PID=1946) to work on /home/airflow/.local/lib/python3.7/site-packages/airflow/example_dags/example_branch_labels.py
[2023-07-19T16:50:28.205+0000] {processor.py:826} INFO - Processing file /home/airflow/.local/lib/python3.7/site-packages/airflow/example_dags/example_branch_labels.py for tasks to queue
[2023-07-19T16:50:28.206+0000] {logging_mixin.py:150} INFO - [2023-07-19T16:50:28.206+0000] {dagbag.py:541} INFO - Filling up the DagBag from /home/airflow/.local/lib/python3.7/site-packages/airflow/example_dags/example_branch_labels.py
[2023-07-19T16:50:28.223+0000] {processor.py:836} INFO - DAG(s) dict_keys(['example_branch_labels']) retrieved from /home/airflow/.local/lib/python3.7/site-packages/airflow/example_dags/example_branch_labels.py
[2023-07-19T16:50:28.288+0000] {logging_mixin.py:150} INFO - [2023-07-19T16:50:28.288+0000] {dag.py:2742} INFO - Sync 1 DAGs
[2023-07-19T16:50:28.408+0000] {logging_mixin.py:150} INFO - [2023-07-19T16:50:28.407+0000] {dag.py:3508} INFO - Setting next_dagrun for example_branch_labels to 2023-07-18T00:00:00+00:00, run_after=2023-07-19T00:00:00+00:00
[2023-07-19T16:50:28.442+0000] {processor.py:179} INFO - Processing /home/airflow/.local/lib/python3.7/site-packages/airflow/example_dags/example_branch_labels.py took 0.252 seconds
[2023-07-19T16:50:58.979+0000] {processor.py:157} INFO - Started process (PID=2001) to work on /home/airflow/.local/lib/python3.7/site-packages/airflow/example_dags/example_branch_labels.py
[2023-07-19T16:50:58.980+0000] {processor.py:826} INFO - Processing file /home/airflow/.local/lib/python3.7/site-packages/airflow/example_dags/example_branch_labels.py for tasks to queue
[2023-07-19T16:50:58.980+0000] {logging_mixin.py:150} INFO - [2023-07-19T16:50:58.980+0000] {dagbag.py:541} INFO - Filling up the DagBag from /home/airflow/.local/lib/python3.7/site-packages/airflow/example_dags/example_branch_labels.py
[2023-07-19T16:50:58.987+0000] {processor.py:836} INFO - DAG(s) dict_keys(['example_branch_labels']) retrieved from /home/airflow/.local/lib/python3.7/site-packages/airflow/example_dags/example_branch_labels.py
[2023-07-19T16:50:59.002+0000] {logging_mixin.py:150} INFO - [2023-07-19T16:50:59.002+0000] {dag.py:2742} INFO - Sync 1 DAGs
[2023-07-19T16:50:59.014+0000] {logging_mixin.py:150} INFO - [2023-07-19T16:50:59.014+0000] {dag.py:3508} INFO - Setting next_dagrun for example_branch_labels to 2023-07-18T00:00:00+00:00, run_after=2023-07-19T00:00:00+00:00
[2023-07-19T16:50:59.022+0000] {processor.py:179} INFO - Processing /home/airflow/.local/lib/python3.7/site-packages/airflow/example_dags/example_branch_labels.py took 0.045 seconds
[2023-07-19T16:51:30.003+0000] {processor.py:157} INFO - Started process (PID=2056) to work on /home/airflow/.local/lib/python3.7/site-packages/airflow/example_dags/example_branch_labels.py
[2023-07-19T16:51:30.005+0000] {processor.py:826} INFO - Processing file /home/airflow/.local/lib/python3.7/site-packages/airflow/example_dags/example_branch_labels.py for tasks to queue
[2023-07-19T16:51:30.006+0000] {logging_mixin.py:150} INFO - [2023-07-19T16:51:30.005+0000] {dagbag.py:541} INFO - Filling up the DagBag from /home/airflow/.local/lib/python3.7/site-packages/airflow/example_dags/example_branch_labels.py
[2023-07-19T16:51:30.025+0000] {processor.py:836} INFO - DAG(s) dict_keys(['example_branch_labels']) retrieved from /home/airflow/.local/lib/python3.7/site-packages/airflow/example_dags/example_branch_labels.py
[2023-07-19T16:51:30.069+0000] {logging_mixin.py:150} INFO - [2023-07-19T16:51:30.069+0000] {dag.py:2742} INFO - Sync 1 DAGs
[2023-07-19T16:51:30.102+0000] {logging_mixin.py:150} INFO - [2023-07-19T16:51:30.102+0000] {dag.py:3508} INFO - Setting next_dagrun for example_branch_labels to 2023-07-18T00:00:00+00:00, run_after=2023-07-19T00:00:00+00:00
[2023-07-19T16:51:30.117+0000] {processor.py:179} INFO - Processing /home/airflow/.local/lib/python3.7/site-packages/airflow/example_dags/example_branch_labels.py took 0.131 seconds
[2023-07-19T16:52:01.450+0000] {processor.py:157} INFO - Started process (PID=2111) to work on /home/airflow/.local/lib/python3.7/site-packages/airflow/example_dags/example_branch_labels.py
[2023-07-19T16:52:01.463+0000] {processor.py:826} INFO - Processing file /home/airflow/.local/lib/python3.7/site-packages/airflow/example_dags/example_branch_labels.py for tasks to queue
[2023-07-19T16:52:01.464+0000] {logging_mixin.py:150} INFO - [2023-07-19T16:52:01.464+0000] {dagbag.py:541} INFO - Filling up the DagBag from /home/airflow/.local/lib/python3.7/site-packages/airflow/example_dags/example_branch_labels.py
[2023-07-19T16:52:01.488+0000] {processor.py:836} INFO - DAG(s) dict_keys(['example_branch_labels']) retrieved from /home/airflow/.local/lib/python3.7/site-packages/airflow/example_dags/example_branch_labels.py
[2023-07-19T16:52:01.543+0000] {logging_mixin.py:150} INFO - [2023-07-19T16:52:01.543+0000] {dag.py:2742} INFO - Sync 1 DAGs
[2023-07-19T16:52:01.607+0000] {logging_mixin.py:150} INFO - [2023-07-19T16:52:01.607+0000] {dag.py:3508} INFO - Setting next_dagrun for example_branch_labels to 2023-07-18T00:00:00+00:00, run_after=2023-07-19T00:00:00+00:00
[2023-07-19T16:52:01.629+0000] {processor.py:179} INFO - Processing /home/airflow/.local/lib/python3.7/site-packages/airflow/example_dags/example_branch_labels.py took 0.182 seconds
[2023-07-19T16:52:32.550+0000] {processor.py:157} INFO - Started process (PID=2165) to work on /home/airflow/.local/lib/python3.7/site-packages/airflow/example_dags/example_branch_labels.py
[2023-07-19T16:52:32.551+0000] {processor.py:826} INFO - Processing file /home/airflow/.local/lib/python3.7/site-packages/airflow/example_dags/example_branch_labels.py for tasks to queue
[2023-07-19T16:52:32.552+0000] {logging_mixin.py:150} INFO - [2023-07-19T16:52:32.552+0000] {dagbag.py:541} INFO - Filling up the DagBag from /home/airflow/.local/lib/python3.7/site-packages/airflow/example_dags/example_branch_labels.py
[2023-07-19T16:52:32.560+0000] {processor.py:836} INFO - DAG(s) dict_keys(['example_branch_labels']) retrieved from /home/airflow/.local/lib/python3.7/site-packages/airflow/example_dags/example_branch_labels.py
[2023-07-19T16:52:32.589+0000] {logging_mixin.py:150} INFO - [2023-07-19T16:52:32.589+0000] {dag.py:2742} INFO - Sync 1 DAGs
[2023-07-19T16:52:32.615+0000] {logging_mixin.py:150} INFO - [2023-07-19T16:52:32.614+0000] {dag.py:3508} INFO - Setting next_dagrun for example_branch_labels to 2023-07-18T00:00:00+00:00, run_after=2023-07-19T00:00:00+00:00
[2023-07-19T16:52:32.648+0000] {processor.py:179} INFO - Processing /home/airflow/.local/lib/python3.7/site-packages/airflow/example_dags/example_branch_labels.py took 0.102 seconds
