[2023-07-19T16:32:51.213+0000] {processor.py:157} INFO - Started process (PID=57) to work on /home/airflow/.local/lib/python3.7/site-packages/airflow/example_dags/example_complex.py
[2023-07-19T16:32:51.213+0000] {processor.py:826} INFO - Processing file /home/airflow/.local/lib/python3.7/site-packages/airflow/example_dags/example_complex.py for tasks to queue
[2023-07-19T16:32:51.214+0000] {logging_mixin.py:150} INFO - [2023-07-19T16:32:51.214+0000] {dagbag.py:541} INFO - Filling up the DagBag from /home/airflow/.local/lib/python3.7/site-packages/airflow/example_dags/example_complex.py
[2023-07-19T16:32:51.253+0000] {processor.py:836} INFO - DAG(s) dict_keys(['example_complex']) retrieved from /home/airflow/.local/lib/python3.7/site-packages/airflow/example_dags/example_complex.py
[2023-07-19T16:32:51.282+0000] {logging_mixin.py:150} INFO - [2023-07-19T16:32:51.282+0000] {dag.py:2742} INFO - Sync 1 DAGs
[2023-07-19T16:32:51.373+0000] {logging_mixin.py:150} INFO - [2023-07-19T16:32:51.373+0000] {dag.py:3508} INFO - Setting next_dagrun for example_complex to None, run_after=None
[2023-07-19T16:32:51.463+0000] {processor.py:179} INFO - Processing /home/airflow/.local/lib/python3.7/site-packages/airflow/example_dags/example_complex.py took 0.268 seconds
[2023-07-19T16:33:21.545+0000] {processor.py:157} INFO - Started process (PID=111) to work on /home/airflow/.local/lib/python3.7/site-packages/airflow/example_dags/example_complex.py
[2023-07-19T16:33:21.545+0000] {processor.py:826} INFO - Processing file /home/airflow/.local/lib/python3.7/site-packages/airflow/example_dags/example_complex.py for tasks to queue
[2023-07-19T16:33:21.545+0000] {logging_mixin.py:150} INFO - [2023-07-19T16:33:21.545+0000] {dagbag.py:541} INFO - Filling up the DagBag from /home/airflow/.local/lib/python3.7/site-packages/airflow/example_dags/example_complex.py
[2023-07-19T16:33:21.553+0000] {processor.py:836} INFO - DAG(s) dict_keys(['example_complex']) retrieved from /home/airflow/.local/lib/python3.7/site-packages/airflow/example_dags/example_complex.py
[2023-07-19T16:33:21.571+0000] {logging_mixin.py:150} INFO - [2023-07-19T16:33:21.571+0000] {dag.py:2742} INFO - Sync 1 DAGs
[2023-07-19T16:33:21.583+0000] {logging_mixin.py:150} INFO - [2023-07-19T16:33:21.583+0000] {dag.py:3508} INFO - Setting next_dagrun for example_complex to None, run_after=None
[2023-07-19T16:33:21.590+0000] {processor.py:179} INFO - Processing /home/airflow/.local/lib/python3.7/site-packages/airflow/example_dags/example_complex.py took 0.054 seconds
[2023-07-19T16:33:52.398+0000] {processor.py:157} INFO - Started process (PID=167) to work on /home/airflow/.local/lib/python3.7/site-packages/airflow/example_dags/example_complex.py
[2023-07-19T16:33:52.398+0000] {processor.py:826} INFO - Processing file /home/airflow/.local/lib/python3.7/site-packages/airflow/example_dags/example_complex.py for tasks to queue
[2023-07-19T16:33:52.399+0000] {logging_mixin.py:150} INFO - [2023-07-19T16:33:52.399+0000] {dagbag.py:541} INFO - Filling up the DagBag from /home/airflow/.local/lib/python3.7/site-packages/airflow/example_dags/example_complex.py
[2023-07-19T16:33:52.404+0000] {processor.py:836} INFO - DAG(s) dict_keys(['example_complex']) retrieved from /home/airflow/.local/lib/python3.7/site-packages/airflow/example_dags/example_complex.py
[2023-07-19T16:33:52.422+0000] {logging_mixin.py:150} INFO - [2023-07-19T16:33:52.421+0000] {dag.py:2742} INFO - Sync 1 DAGs
[2023-07-19T16:33:52.433+0000] {logging_mixin.py:150} INFO - [2023-07-19T16:33:52.433+0000] {dag.py:3508} INFO - Setting next_dagrun for example_complex to None, run_after=None
[2023-07-19T16:33:52.441+0000] {processor.py:179} INFO - Processing /home/airflow/.local/lib/python3.7/site-packages/airflow/example_dags/example_complex.py took 0.044 seconds
[2023-07-19T16:34:23.696+0000] {processor.py:157} INFO - Started process (PID=221) to work on /home/airflow/.local/lib/python3.7/site-packages/airflow/example_dags/example_complex.py
[2023-07-19T16:34:23.697+0000] {processor.py:826} INFO - Processing file /home/airflow/.local/lib/python3.7/site-packages/airflow/example_dags/example_complex.py for tasks to queue
[2023-07-19T16:34:23.697+0000] {logging_mixin.py:150} INFO - [2023-07-19T16:34:23.697+0000] {dagbag.py:541} INFO - Filling up the DagBag from /home/airflow/.local/lib/python3.7/site-packages/airflow/example_dags/example_complex.py
[2023-07-19T16:34:23.716+0000] {processor.py:836} INFO - DAG(s) dict_keys(['example_complex']) retrieved from /home/airflow/.local/lib/python3.7/site-packages/airflow/example_dags/example_complex.py
[2023-07-19T16:34:23.772+0000] {logging_mixin.py:150} INFO - [2023-07-19T16:34:23.772+0000] {dag.py:2742} INFO - Sync 1 DAGs
[2023-07-19T16:34:23.805+0000] {logging_mixin.py:150} INFO - [2023-07-19T16:34:23.805+0000] {dag.py:3508} INFO - Setting next_dagrun for example_complex to None, run_after=None
[2023-07-19T16:34:23.819+0000] {processor.py:179} INFO - Processing /home/airflow/.local/lib/python3.7/site-packages/airflow/example_dags/example_complex.py took 0.125 seconds
[2023-07-19T16:34:54.128+0000] {processor.py:157} INFO - Started process (PID=276) to work on /home/airflow/.local/lib/python3.7/site-packages/airflow/example_dags/example_complex.py
[2023-07-19T16:34:54.129+0000] {processor.py:826} INFO - Processing file /home/airflow/.local/lib/python3.7/site-packages/airflow/example_dags/example_complex.py for tasks to queue
[2023-07-19T16:34:54.129+0000] {logging_mixin.py:150} INFO - [2023-07-19T16:34:54.129+0000] {dagbag.py:541} INFO - Filling up the DagBag from /home/airflow/.local/lib/python3.7/site-packages/airflow/example_dags/example_complex.py
[2023-07-19T16:34:54.136+0000] {processor.py:836} INFO - DAG(s) dict_keys(['example_complex']) retrieved from /home/airflow/.local/lib/python3.7/site-packages/airflow/example_dags/example_complex.py
[2023-07-19T16:34:54.154+0000] {logging_mixin.py:150} INFO - [2023-07-19T16:34:54.154+0000] {dag.py:2742} INFO - Sync 1 DAGs
[2023-07-19T16:34:54.165+0000] {logging_mixin.py:150} INFO - [2023-07-19T16:34:54.165+0000] {dag.py:3508} INFO - Setting next_dagrun for example_complex to None, run_after=None
[2023-07-19T16:34:54.173+0000] {processor.py:179} INFO - Processing /home/airflow/.local/lib/python3.7/site-packages/airflow/example_dags/example_complex.py took 0.046 seconds
[2023-07-19T16:35:24.698+0000] {processor.py:157} INFO - Started process (PID=331) to work on /home/airflow/.local/lib/python3.7/site-packages/airflow/example_dags/example_complex.py
[2023-07-19T16:35:24.704+0000] {processor.py:826} INFO - Processing file /home/airflow/.local/lib/python3.7/site-packages/airflow/example_dags/example_complex.py for tasks to queue
[2023-07-19T16:35:24.706+0000] {logging_mixin.py:150} INFO - [2023-07-19T16:35:24.706+0000] {dagbag.py:541} INFO - Filling up the DagBag from /home/airflow/.local/lib/python3.7/site-packages/airflow/example_dags/example_complex.py
[2023-07-19T16:35:24.745+0000] {processor.py:836} INFO - DAG(s) dict_keys(['example_complex']) retrieved from /home/airflow/.local/lib/python3.7/site-packages/airflow/example_dags/example_complex.py
[2023-07-19T16:35:24.773+0000] {logging_mixin.py:150} INFO - [2023-07-19T16:35:24.773+0000] {dag.py:2742} INFO - Sync 1 DAGs
[2023-07-19T16:35:24.841+0000] {logging_mixin.py:150} INFO - [2023-07-19T16:35:24.837+0000] {dag.py:3508} INFO - Setting next_dagrun for example_complex to None, run_after=None
[2023-07-19T16:35:24.869+0000] {processor.py:179} INFO - Processing /home/airflow/.local/lib/python3.7/site-packages/airflow/example_dags/example_complex.py took 0.172 seconds
[2023-07-19T16:35:55.655+0000] {processor.py:157} INFO - Started process (PID=387) to work on /home/airflow/.local/lib/python3.7/site-packages/airflow/example_dags/example_complex.py
[2023-07-19T16:35:55.656+0000] {processor.py:826} INFO - Processing file /home/airflow/.local/lib/python3.7/site-packages/airflow/example_dags/example_complex.py for tasks to queue
[2023-07-19T16:35:55.656+0000] {logging_mixin.py:150} INFO - [2023-07-19T16:35:55.656+0000] {dagbag.py:541} INFO - Filling up the DagBag from /home/airflow/.local/lib/python3.7/site-packages/airflow/example_dags/example_complex.py
[2023-07-19T16:35:55.662+0000] {processor.py:836} INFO - DAG(s) dict_keys(['example_complex']) retrieved from /home/airflow/.local/lib/python3.7/site-packages/airflow/example_dags/example_complex.py
[2023-07-19T16:35:55.682+0000] {logging_mixin.py:150} INFO - [2023-07-19T16:35:55.682+0000] {dag.py:2742} INFO - Sync 1 DAGs
[2023-07-19T16:35:55.698+0000] {logging_mixin.py:150} INFO - [2023-07-19T16:35:55.697+0000] {dag.py:3508} INFO - Setting next_dagrun for example_complex to None, run_after=None
[2023-07-19T16:35:55.707+0000] {processor.py:179} INFO - Processing /home/airflow/.local/lib/python3.7/site-packages/airflow/example_dags/example_complex.py took 0.054 seconds
[2023-07-19T16:36:26.397+0000] {processor.py:157} INFO - Started process (PID=442) to work on /home/airflow/.local/lib/python3.7/site-packages/airflow/example_dags/example_complex.py
[2023-07-19T16:36:26.397+0000] {processor.py:826} INFO - Processing file /home/airflow/.local/lib/python3.7/site-packages/airflow/example_dags/example_complex.py for tasks to queue
[2023-07-19T16:36:26.398+0000] {logging_mixin.py:150} INFO - [2023-07-19T16:36:26.398+0000] {dagbag.py:541} INFO - Filling up the DagBag from /home/airflow/.local/lib/python3.7/site-packages/airflow/example_dags/example_complex.py
[2023-07-19T16:36:26.407+0000] {processor.py:836} INFO - DAG(s) dict_keys(['example_complex']) retrieved from /home/airflow/.local/lib/python3.7/site-packages/airflow/example_dags/example_complex.py
[2023-07-19T16:36:26.431+0000] {logging_mixin.py:150} INFO - [2023-07-19T16:36:26.431+0000] {dag.py:2742} INFO - Sync 1 DAGs
[2023-07-19T16:36:26.450+0000] {logging_mixin.py:150} INFO - [2023-07-19T16:36:26.450+0000] {dag.py:3508} INFO - Setting next_dagrun for example_complex to None, run_after=None
[2023-07-19T16:36:26.462+0000] {processor.py:179} INFO - Processing /home/airflow/.local/lib/python3.7/site-packages/airflow/example_dags/example_complex.py took 0.068 seconds
[2023-07-19T16:36:57.409+0000] {processor.py:157} INFO - Started process (PID=497) to work on /home/airflow/.local/lib/python3.7/site-packages/airflow/example_dags/example_complex.py
[2023-07-19T16:36:57.410+0000] {processor.py:826} INFO - Processing file /home/airflow/.local/lib/python3.7/site-packages/airflow/example_dags/example_complex.py for tasks to queue
[2023-07-19T16:36:57.410+0000] {logging_mixin.py:150} INFO - [2023-07-19T16:36:57.410+0000] {dagbag.py:541} INFO - Filling up the DagBag from /home/airflow/.local/lib/python3.7/site-packages/airflow/example_dags/example_complex.py
[2023-07-19T16:36:57.417+0000] {processor.py:836} INFO - DAG(s) dict_keys(['example_complex']) retrieved from /home/airflow/.local/lib/python3.7/site-packages/airflow/example_dags/example_complex.py
[2023-07-19T16:36:57.441+0000] {logging_mixin.py:150} INFO - [2023-07-19T16:36:57.441+0000] {dag.py:2742} INFO - Sync 1 DAGs
[2023-07-19T16:36:57.460+0000] {logging_mixin.py:150} INFO - [2023-07-19T16:36:57.460+0000] {dag.py:3508} INFO - Setting next_dagrun for example_complex to None, run_after=None
[2023-07-19T16:36:57.473+0000] {processor.py:179} INFO - Processing /home/airflow/.local/lib/python3.7/site-packages/airflow/example_dags/example_complex.py took 0.065 seconds
[2023-07-19T16:37:28.551+0000] {processor.py:157} INFO - Started process (PID=552) to work on /home/airflow/.local/lib/python3.7/site-packages/airflow/example_dags/example_complex.py
[2023-07-19T16:37:28.561+0000] {processor.py:826} INFO - Processing file /home/airflow/.local/lib/python3.7/site-packages/airflow/example_dags/example_complex.py for tasks to queue
[2023-07-19T16:37:28.562+0000] {logging_mixin.py:150} INFO - [2023-07-19T16:37:28.562+0000] {dagbag.py:541} INFO - Filling up the DagBag from /home/airflow/.local/lib/python3.7/site-packages/airflow/example_dags/example_complex.py
[2023-07-19T16:37:28.584+0000] {processor.py:836} INFO - DAG(s) dict_keys(['example_complex']) retrieved from /home/airflow/.local/lib/python3.7/site-packages/airflow/example_dags/example_complex.py
[2023-07-19T16:37:28.759+0000] {logging_mixin.py:150} INFO - [2023-07-19T16:37:28.758+0000] {dag.py:2742} INFO - Sync 1 DAGs
[2023-07-19T16:37:28.820+0000] {logging_mixin.py:150} INFO - [2023-07-19T16:37:28.819+0000] {dag.py:3508} INFO - Setting next_dagrun for example_complex to None, run_after=None
[2023-07-19T16:37:28.851+0000] {processor.py:179} INFO - Processing /home/airflow/.local/lib/python3.7/site-packages/airflow/example_dags/example_complex.py took 0.311 seconds
[2023-07-19T16:37:59.053+0000] {processor.py:157} INFO - Started process (PID=607) to work on /home/airflow/.local/lib/python3.7/site-packages/airflow/example_dags/example_complex.py
[2023-07-19T16:37:59.061+0000] {processor.py:826} INFO - Processing file /home/airflow/.local/lib/python3.7/site-packages/airflow/example_dags/example_complex.py for tasks to queue
[2023-07-19T16:37:59.061+0000] {logging_mixin.py:150} INFO - [2023-07-19T16:37:59.061+0000] {dagbag.py:541} INFO - Filling up the DagBag from /home/airflow/.local/lib/python3.7/site-packages/airflow/example_dags/example_complex.py
[2023-07-19T16:37:59.076+0000] {processor.py:836} INFO - DAG(s) dict_keys(['example_complex']) retrieved from /home/airflow/.local/lib/python3.7/site-packages/airflow/example_dags/example_complex.py
[2023-07-19T16:37:59.120+0000] {logging_mixin.py:150} INFO - [2023-07-19T16:37:59.120+0000] {dag.py:2742} INFO - Sync 1 DAGs
[2023-07-19T16:37:59.135+0000] {logging_mixin.py:150} INFO - [2023-07-19T16:37:59.135+0000] {dag.py:3508} INFO - Setting next_dagrun for example_complex to None, run_after=None
[2023-07-19T16:37:59.147+0000] {processor.py:179} INFO - Processing /home/airflow/.local/lib/python3.7/site-packages/airflow/example_dags/example_complex.py took 0.096 seconds
[2023-07-19T16:38:29.610+0000] {processor.py:157} INFO - Started process (PID=662) to work on /home/airflow/.local/lib/python3.7/site-packages/airflow/example_dags/example_complex.py
[2023-07-19T16:38:29.618+0000] {processor.py:826} INFO - Processing file /home/airflow/.local/lib/python3.7/site-packages/airflow/example_dags/example_complex.py for tasks to queue
[2023-07-19T16:38:29.619+0000] {logging_mixin.py:150} INFO - [2023-07-19T16:38:29.619+0000] {dagbag.py:541} INFO - Filling up the DagBag from /home/airflow/.local/lib/python3.7/site-packages/airflow/example_dags/example_complex.py
[2023-07-19T16:38:29.645+0000] {processor.py:836} INFO - DAG(s) dict_keys(['example_complex']) retrieved from /home/airflow/.local/lib/python3.7/site-packages/airflow/example_dags/example_complex.py
[2023-07-19T16:38:29.734+0000] {logging_mixin.py:150} INFO - [2023-07-19T16:38:29.734+0000] {dag.py:2742} INFO - Sync 1 DAGs
[2023-07-19T16:38:29.773+0000] {logging_mixin.py:150} INFO - [2023-07-19T16:38:29.773+0000] {dag.py:3508} INFO - Setting next_dagrun for example_complex to None, run_after=None
[2023-07-19T16:38:29.799+0000] {processor.py:179} INFO - Processing /home/airflow/.local/lib/python3.7/site-packages/airflow/example_dags/example_complex.py took 0.191 seconds
[2023-07-19T16:39:00.709+0000] {processor.py:157} INFO - Started process (PID=717) to work on /home/airflow/.local/lib/python3.7/site-packages/airflow/example_dags/example_complex.py
[2023-07-19T16:39:00.710+0000] {processor.py:826} INFO - Processing file /home/airflow/.local/lib/python3.7/site-packages/airflow/example_dags/example_complex.py for tasks to queue
[2023-07-19T16:39:00.710+0000] {logging_mixin.py:150} INFO - [2023-07-19T16:39:00.710+0000] {dagbag.py:541} INFO - Filling up the DagBag from /home/airflow/.local/lib/python3.7/site-packages/airflow/example_dags/example_complex.py
[2023-07-19T16:39:00.730+0000] {processor.py:836} INFO - DAG(s) dict_keys(['example_complex']) retrieved from /home/airflow/.local/lib/python3.7/site-packages/airflow/example_dags/example_complex.py
[2023-07-19T16:39:00.779+0000] {logging_mixin.py:150} INFO - [2023-07-19T16:39:00.779+0000] {dag.py:2742} INFO - Sync 1 DAGs
[2023-07-19T16:39:00.800+0000] {logging_mixin.py:150} INFO - [2023-07-19T16:39:00.800+0000] {dag.py:3508} INFO - Setting next_dagrun for example_complex to None, run_after=None
[2023-07-19T16:39:00.831+0000] {processor.py:179} INFO - Processing /home/airflow/.local/lib/python3.7/site-packages/airflow/example_dags/example_complex.py took 0.124 seconds
[2023-07-19T16:39:31.777+0000] {processor.py:157} INFO - Started process (PID=772) to work on /home/airflow/.local/lib/python3.7/site-packages/airflow/example_dags/example_complex.py
[2023-07-19T16:39:31.778+0000] {processor.py:826} INFO - Processing file /home/airflow/.local/lib/python3.7/site-packages/airflow/example_dags/example_complex.py for tasks to queue
[2023-07-19T16:39:31.779+0000] {logging_mixin.py:150} INFO - [2023-07-19T16:39:31.778+0000] {dagbag.py:541} INFO - Filling up the DagBag from /home/airflow/.local/lib/python3.7/site-packages/airflow/example_dags/example_complex.py
[2023-07-19T16:39:31.789+0000] {processor.py:836} INFO - DAG(s) dict_keys(['example_complex']) retrieved from /home/airflow/.local/lib/python3.7/site-packages/airflow/example_dags/example_complex.py
[2023-07-19T16:39:31.814+0000] {logging_mixin.py:150} INFO - [2023-07-19T16:39:31.814+0000] {dag.py:2742} INFO - Sync 1 DAGs
[2023-07-19T16:39:31.828+0000] {logging_mixin.py:150} INFO - [2023-07-19T16:39:31.828+0000] {dag.py:3508} INFO - Setting next_dagrun for example_complex to None, run_after=None
[2023-07-19T16:39:31.836+0000] {processor.py:179} INFO - Processing /home/airflow/.local/lib/python3.7/site-packages/airflow/example_dags/example_complex.py took 0.063 seconds
[2023-07-19T16:40:11.935+0000] {processor.py:157} INFO - Started process (PID=828) to work on /home/airflow/.local/lib/python3.7/site-packages/airflow/example_dags/example_complex.py
[2023-07-19T16:40:11.940+0000] {processor.py:826} INFO - Processing file /home/airflow/.local/lib/python3.7/site-packages/airflow/example_dags/example_complex.py for tasks to queue
[2023-07-19T16:40:11.948+0000] {logging_mixin.py:150} INFO - [2023-07-19T16:40:11.948+0000] {dagbag.py:541} INFO - Filling up the DagBag from /home/airflow/.local/lib/python3.7/site-packages/airflow/example_dags/example_complex.py
[2023-07-19T16:40:12.001+0000] {processor.py:836} INFO - DAG(s) dict_keys(['example_complex']) retrieved from /home/airflow/.local/lib/python3.7/site-packages/airflow/example_dags/example_complex.py
[2023-07-19T16:40:12.132+0000] {logging_mixin.py:150} INFO - [2023-07-19T16:40:12.132+0000] {dag.py:2742} INFO - Sync 1 DAGs
[2023-07-19T16:40:12.236+0000] {logging_mixin.py:150} INFO - [2023-07-19T16:40:12.236+0000] {dag.py:3508} INFO - Setting next_dagrun for example_complex to None, run_after=None
[2023-07-19T16:40:12.314+0000] {processor.py:179} INFO - Processing /home/airflow/.local/lib/python3.7/site-packages/airflow/example_dags/example_complex.py took 0.387 seconds
[2023-07-19T16:40:42.491+0000] {processor.py:157} INFO - Started process (PID=883) to work on /home/airflow/.local/lib/python3.7/site-packages/airflow/example_dags/example_complex.py
[2023-07-19T16:40:42.492+0000] {processor.py:826} INFO - Processing file /home/airflow/.local/lib/python3.7/site-packages/airflow/example_dags/example_complex.py for tasks to queue
[2023-07-19T16:40:42.493+0000] {logging_mixin.py:150} INFO - [2023-07-19T16:40:42.492+0000] {dagbag.py:541} INFO - Filling up the DagBag from /home/airflow/.local/lib/python3.7/site-packages/airflow/example_dags/example_complex.py
[2023-07-19T16:40:42.502+0000] {processor.py:836} INFO - DAG(s) dict_keys(['example_complex']) retrieved from /home/airflow/.local/lib/python3.7/site-packages/airflow/example_dags/example_complex.py
[2023-07-19T16:40:42.526+0000] {logging_mixin.py:150} INFO - [2023-07-19T16:40:42.526+0000] {dag.py:2742} INFO - Sync 1 DAGs
[2023-07-19T16:40:42.540+0000] {logging_mixin.py:150} INFO - [2023-07-19T16:40:42.540+0000] {dag.py:3508} INFO - Setting next_dagrun for example_complex to None, run_after=None
[2023-07-19T16:40:42.548+0000] {processor.py:179} INFO - Processing /home/airflow/.local/lib/python3.7/site-packages/airflow/example_dags/example_complex.py took 0.060 seconds
[2023-07-19T16:41:12.646+0000] {processor.py:157} INFO - Started process (PID=936) to work on /home/airflow/.local/lib/python3.7/site-packages/airflow/example_dags/example_complex.py
[2023-07-19T16:41:12.652+0000] {processor.py:826} INFO - Processing file /home/airflow/.local/lib/python3.7/site-packages/airflow/example_dags/example_complex.py for tasks to queue
[2023-07-19T16:41:12.653+0000] {logging_mixin.py:150} INFO - [2023-07-19T16:41:12.652+0000] {dagbag.py:541} INFO - Filling up the DagBag from /home/airflow/.local/lib/python3.7/site-packages/airflow/example_dags/example_complex.py
[2023-07-19T16:41:12.668+0000] {processor.py:836} INFO - DAG(s) dict_keys(['example_complex']) retrieved from /home/airflow/.local/lib/python3.7/site-packages/airflow/example_dags/example_complex.py
[2023-07-19T16:41:12.694+0000] {logging_mixin.py:150} INFO - [2023-07-19T16:41:12.694+0000] {dag.py:2742} INFO - Sync 1 DAGs
[2023-07-19T16:41:12.706+0000] {logging_mixin.py:150} INFO - [2023-07-19T16:41:12.706+0000] {dag.py:3508} INFO - Setting next_dagrun for example_complex to None, run_after=None
[2023-07-19T16:41:12.720+0000] {processor.py:179} INFO - Processing /home/airflow/.local/lib/python3.7/site-packages/airflow/example_dags/example_complex.py took 0.081 seconds
[2023-07-19T16:41:43.202+0000] {processor.py:157} INFO - Started process (PID=992) to work on /home/airflow/.local/lib/python3.7/site-packages/airflow/example_dags/example_complex.py
[2023-07-19T16:41:43.203+0000] {processor.py:826} INFO - Processing file /home/airflow/.local/lib/python3.7/site-packages/airflow/example_dags/example_complex.py for tasks to queue
[2023-07-19T16:41:43.204+0000] {logging_mixin.py:150} INFO - [2023-07-19T16:41:43.204+0000] {dagbag.py:541} INFO - Filling up the DagBag from /home/airflow/.local/lib/python3.7/site-packages/airflow/example_dags/example_complex.py
[2023-07-19T16:41:43.215+0000] {processor.py:836} INFO - DAG(s) dict_keys(['example_complex']) retrieved from /home/airflow/.local/lib/python3.7/site-packages/airflow/example_dags/example_complex.py
[2023-07-19T16:41:43.242+0000] {logging_mixin.py:150} INFO - [2023-07-19T16:41:43.242+0000] {dag.py:2742} INFO - Sync 1 DAGs
[2023-07-19T16:41:43.256+0000] {logging_mixin.py:150} INFO - [2023-07-19T16:41:43.256+0000] {dag.py:3508} INFO - Setting next_dagrun for example_complex to None, run_after=None
[2023-07-19T16:41:43.264+0000] {processor.py:179} INFO - Processing /home/airflow/.local/lib/python3.7/site-packages/airflow/example_dags/example_complex.py took 0.065 seconds
[2023-07-19T16:42:13.497+0000] {processor.py:157} INFO - Started process (PID=1047) to work on /home/airflow/.local/lib/python3.7/site-packages/airflow/example_dags/example_complex.py
[2023-07-19T16:42:13.498+0000] {processor.py:826} INFO - Processing file /home/airflow/.local/lib/python3.7/site-packages/airflow/example_dags/example_complex.py for tasks to queue
[2023-07-19T16:42:13.499+0000] {logging_mixin.py:150} INFO - [2023-07-19T16:42:13.499+0000] {dagbag.py:541} INFO - Filling up the DagBag from /home/airflow/.local/lib/python3.7/site-packages/airflow/example_dags/example_complex.py
[2023-07-19T16:42:13.508+0000] {processor.py:836} INFO - DAG(s) dict_keys(['example_complex']) retrieved from /home/airflow/.local/lib/python3.7/site-packages/airflow/example_dags/example_complex.py
[2023-07-19T16:42:13.537+0000] {logging_mixin.py:150} INFO - [2023-07-19T16:42:13.537+0000] {dag.py:2742} INFO - Sync 1 DAGs
[2023-07-19T16:42:13.550+0000] {logging_mixin.py:150} INFO - [2023-07-19T16:42:13.550+0000] {dag.py:3508} INFO - Setting next_dagrun for example_complex to None, run_after=None
[2023-07-19T16:42:13.559+0000] {processor.py:179} INFO - Processing /home/airflow/.local/lib/python3.7/site-packages/airflow/example_dags/example_complex.py took 0.065 seconds
[2023-07-19T16:42:43.928+0000] {processor.py:157} INFO - Started process (PID=1101) to work on /home/airflow/.local/lib/python3.7/site-packages/airflow/example_dags/example_complex.py
[2023-07-19T16:42:43.929+0000] {processor.py:826} INFO - Processing file /home/airflow/.local/lib/python3.7/site-packages/airflow/example_dags/example_complex.py for tasks to queue
[2023-07-19T16:42:43.929+0000] {logging_mixin.py:150} INFO - [2023-07-19T16:42:43.929+0000] {dagbag.py:541} INFO - Filling up the DagBag from /home/airflow/.local/lib/python3.7/site-packages/airflow/example_dags/example_complex.py
[2023-07-19T16:42:43.938+0000] {processor.py:836} INFO - DAG(s) dict_keys(['example_complex']) retrieved from /home/airflow/.local/lib/python3.7/site-packages/airflow/example_dags/example_complex.py
[2023-07-19T16:42:43.965+0000] {logging_mixin.py:150} INFO - [2023-07-19T16:42:43.965+0000] {dag.py:2742} INFO - Sync 1 DAGs
[2023-07-19T16:42:43.979+0000] {logging_mixin.py:150} INFO - [2023-07-19T16:42:43.979+0000] {dag.py:3508} INFO - Setting next_dagrun for example_complex to None, run_after=None
[2023-07-19T16:42:43.988+0000] {processor.py:179} INFO - Processing /home/airflow/.local/lib/python3.7/site-packages/airflow/example_dags/example_complex.py took 0.062 seconds
[2023-07-19T16:43:14.536+0000] {processor.py:157} INFO - Started process (PID=1156) to work on /home/airflow/.local/lib/python3.7/site-packages/airflow/example_dags/example_complex.py
[2023-07-19T16:43:14.537+0000] {processor.py:826} INFO - Processing file /home/airflow/.local/lib/python3.7/site-packages/airflow/example_dags/example_complex.py for tasks to queue
[2023-07-19T16:43:14.537+0000] {logging_mixin.py:150} INFO - [2023-07-19T16:43:14.537+0000] {dagbag.py:541} INFO - Filling up the DagBag from /home/airflow/.local/lib/python3.7/site-packages/airflow/example_dags/example_complex.py
[2023-07-19T16:43:14.548+0000] {processor.py:836} INFO - DAG(s) dict_keys(['example_complex']) retrieved from /home/airflow/.local/lib/python3.7/site-packages/airflow/example_dags/example_complex.py
[2023-07-19T16:43:14.574+0000] {logging_mixin.py:150} INFO - [2023-07-19T16:43:14.574+0000] {dag.py:2742} INFO - Sync 1 DAGs
[2023-07-19T16:43:14.588+0000] {logging_mixin.py:150} INFO - [2023-07-19T16:43:14.588+0000] {dag.py:3508} INFO - Setting next_dagrun for example_complex to None, run_after=None
[2023-07-19T16:43:14.596+0000] {processor.py:179} INFO - Processing /home/airflow/.local/lib/python3.7/site-packages/airflow/example_dags/example_complex.py took 0.063 seconds
[2023-07-19T16:43:45.257+0000] {processor.py:157} INFO - Started process (PID=1212) to work on /home/airflow/.local/lib/python3.7/site-packages/airflow/example_dags/example_complex.py
[2023-07-19T16:43:45.258+0000] {processor.py:826} INFO - Processing file /home/airflow/.local/lib/python3.7/site-packages/airflow/example_dags/example_complex.py for tasks to queue
[2023-07-19T16:43:45.259+0000] {logging_mixin.py:150} INFO - [2023-07-19T16:43:45.258+0000] {dagbag.py:541} INFO - Filling up the DagBag from /home/airflow/.local/lib/python3.7/site-packages/airflow/example_dags/example_complex.py
[2023-07-19T16:43:45.268+0000] {processor.py:836} INFO - DAG(s) dict_keys(['example_complex']) retrieved from /home/airflow/.local/lib/python3.7/site-packages/airflow/example_dags/example_complex.py
[2023-07-19T16:43:45.296+0000] {logging_mixin.py:150} INFO - [2023-07-19T16:43:45.296+0000] {dag.py:2742} INFO - Sync 1 DAGs
[2023-07-19T16:43:45.311+0000] {logging_mixin.py:150} INFO - [2023-07-19T16:43:45.311+0000] {dag.py:3508} INFO - Setting next_dagrun for example_complex to None, run_after=None
[2023-07-19T16:43:45.339+0000] {processor.py:179} INFO - Processing /home/airflow/.local/lib/python3.7/site-packages/airflow/example_dags/example_complex.py took 0.085 seconds
[2023-07-19T16:44:16.226+0000] {processor.py:157} INFO - Started process (PID=1274) to work on /home/airflow/.local/lib/python3.7/site-packages/airflow/example_dags/example_complex.py
[2023-07-19T16:44:16.237+0000] {processor.py:826} INFO - Processing file /home/airflow/.local/lib/python3.7/site-packages/airflow/example_dags/example_complex.py for tasks to queue
[2023-07-19T16:44:16.237+0000] {logging_mixin.py:150} INFO - [2023-07-19T16:44:16.237+0000] {dagbag.py:541} INFO - Filling up the DagBag from /home/airflow/.local/lib/python3.7/site-packages/airflow/example_dags/example_complex.py
[2023-07-19T16:44:16.256+0000] {processor.py:836} INFO - DAG(s) dict_keys(['example_complex']) retrieved from /home/airflow/.local/lib/python3.7/site-packages/airflow/example_dags/example_complex.py
[2023-07-19T16:44:16.287+0000] {logging_mixin.py:150} INFO - [2023-07-19T16:44:16.287+0000] {dag.py:2742} INFO - Sync 1 DAGs
[2023-07-19T16:44:16.301+0000] {logging_mixin.py:150} INFO - [2023-07-19T16:44:16.301+0000] {dag.py:3508} INFO - Setting next_dagrun for example_complex to None, run_after=None
[2023-07-19T16:44:16.309+0000] {processor.py:179} INFO - Processing /home/airflow/.local/lib/python3.7/site-packages/airflow/example_dags/example_complex.py took 0.086 seconds
[2023-07-19T16:44:46.930+0000] {processor.py:157} INFO - Started process (PID=1329) to work on /home/airflow/.local/lib/python3.7/site-packages/airflow/example_dags/example_complex.py
[2023-07-19T16:44:46.931+0000] {processor.py:826} INFO - Processing file /home/airflow/.local/lib/python3.7/site-packages/airflow/example_dags/example_complex.py for tasks to queue
[2023-07-19T16:44:46.931+0000] {logging_mixin.py:150} INFO - [2023-07-19T16:44:46.931+0000] {dagbag.py:541} INFO - Filling up the DagBag from /home/airflow/.local/lib/python3.7/site-packages/airflow/example_dags/example_complex.py
[2023-07-19T16:44:46.950+0000] {processor.py:836} INFO - DAG(s) dict_keys(['example_complex']) retrieved from /home/airflow/.local/lib/python3.7/site-packages/airflow/example_dags/example_complex.py
[2023-07-19T16:44:46.993+0000] {logging_mixin.py:150} INFO - [2023-07-19T16:44:46.993+0000] {dag.py:2742} INFO - Sync 1 DAGs
[2023-07-19T16:44:47.019+0000] {logging_mixin.py:150} INFO - [2023-07-19T16:44:47.019+0000] {dag.py:3508} INFO - Setting next_dagrun for example_complex to None, run_after=None
[2023-07-19T16:44:47.037+0000] {processor.py:179} INFO - Processing /home/airflow/.local/lib/python3.7/site-packages/airflow/example_dags/example_complex.py took 0.118 seconds
[2023-07-19T16:45:17.916+0000] {processor.py:157} INFO - Started process (PID=1384) to work on /home/airflow/.local/lib/python3.7/site-packages/airflow/example_dags/example_complex.py
[2023-07-19T16:45:17.925+0000] {processor.py:826} INFO - Processing file /home/airflow/.local/lib/python3.7/site-packages/airflow/example_dags/example_complex.py for tasks to queue
[2023-07-19T16:45:17.926+0000] {logging_mixin.py:150} INFO - [2023-07-19T16:45:17.926+0000] {dagbag.py:541} INFO - Filling up the DagBag from /home/airflow/.local/lib/python3.7/site-packages/airflow/example_dags/example_complex.py
[2023-07-19T16:45:17.951+0000] {processor.py:836} INFO - DAG(s) dict_keys(['example_complex']) retrieved from /home/airflow/.local/lib/python3.7/site-packages/airflow/example_dags/example_complex.py
[2023-07-19T16:45:18.043+0000] {logging_mixin.py:150} INFO - [2023-07-19T16:45:18.042+0000] {dag.py:2742} INFO - Sync 1 DAGs
[2023-07-19T16:45:18.105+0000] {logging_mixin.py:150} INFO - [2023-07-19T16:45:18.105+0000] {dag.py:3508} INFO - Setting next_dagrun for example_complex to None, run_after=None
[2023-07-19T16:45:18.138+0000] {processor.py:179} INFO - Processing /home/airflow/.local/lib/python3.7/site-packages/airflow/example_dags/example_complex.py took 0.226 seconds
[2023-07-19T16:45:48.215+0000] {processor.py:157} INFO - Started process (PID=1438) to work on /home/airflow/.local/lib/python3.7/site-packages/airflow/example_dags/example_complex.py
[2023-07-19T16:45:48.217+0000] {processor.py:826} INFO - Processing file /home/airflow/.local/lib/python3.7/site-packages/airflow/example_dags/example_complex.py for tasks to queue
[2023-07-19T16:45:48.225+0000] {logging_mixin.py:150} INFO - [2023-07-19T16:45:48.217+0000] {dagbag.py:541} INFO - Filling up the DagBag from /home/airflow/.local/lib/python3.7/site-packages/airflow/example_dags/example_complex.py
[2023-07-19T16:45:48.239+0000] {processor.py:836} INFO - DAG(s) dict_keys(['example_complex']) retrieved from /home/airflow/.local/lib/python3.7/site-packages/airflow/example_dags/example_complex.py
[2023-07-19T16:45:48.290+0000] {logging_mixin.py:150} INFO - [2023-07-19T16:45:48.290+0000] {dag.py:2742} INFO - Sync 1 DAGs
[2023-07-19T16:45:48.308+0000] {logging_mixin.py:150} INFO - [2023-07-19T16:45:48.307+0000] {dag.py:3508} INFO - Setting next_dagrun for example_complex to None, run_after=None
[2023-07-19T16:45:48.318+0000] {processor.py:179} INFO - Processing /home/airflow/.local/lib/python3.7/site-packages/airflow/example_dags/example_complex.py took 0.112 seconds
[2023-07-19T16:46:19.052+0000] {processor.py:157} INFO - Started process (PID=1493) to work on /home/airflow/.local/lib/python3.7/site-packages/airflow/example_dags/example_complex.py
[2023-07-19T16:46:19.057+0000] {processor.py:826} INFO - Processing file /home/airflow/.local/lib/python3.7/site-packages/airflow/example_dags/example_complex.py for tasks to queue
[2023-07-19T16:46:19.057+0000] {logging_mixin.py:150} INFO - [2023-07-19T16:46:19.057+0000] {dagbag.py:541} INFO - Filling up the DagBag from /home/airflow/.local/lib/python3.7/site-packages/airflow/example_dags/example_complex.py
[2023-07-19T16:46:19.065+0000] {processor.py:836} INFO - DAG(s) dict_keys(['example_complex']) retrieved from /home/airflow/.local/lib/python3.7/site-packages/airflow/example_dags/example_complex.py
[2023-07-19T16:46:19.095+0000] {logging_mixin.py:150} INFO - [2023-07-19T16:46:19.095+0000] {dag.py:2742} INFO - Sync 1 DAGs
[2023-07-19T16:46:19.109+0000] {logging_mixin.py:150} INFO - [2023-07-19T16:46:19.109+0000] {dag.py:3508} INFO - Setting next_dagrun for example_complex to None, run_after=None
[2023-07-19T16:46:19.118+0000] {processor.py:179} INFO - Processing /home/airflow/.local/lib/python3.7/site-packages/airflow/example_dags/example_complex.py took 0.068 seconds
[2023-07-19T16:46:49.692+0000] {processor.py:157} INFO - Started process (PID=1548) to work on /home/airflow/.local/lib/python3.7/site-packages/airflow/example_dags/example_complex.py
[2023-07-19T16:46:49.694+0000] {processor.py:826} INFO - Processing file /home/airflow/.local/lib/python3.7/site-packages/airflow/example_dags/example_complex.py for tasks to queue
[2023-07-19T16:46:49.696+0000] {logging_mixin.py:150} INFO - [2023-07-19T16:46:49.695+0000] {dagbag.py:541} INFO - Filling up the DagBag from /home/airflow/.local/lib/python3.7/site-packages/airflow/example_dags/example_complex.py
[2023-07-19T16:46:49.711+0000] {processor.py:836} INFO - DAG(s) dict_keys(['example_complex']) retrieved from /home/airflow/.local/lib/python3.7/site-packages/airflow/example_dags/example_complex.py
[2023-07-19T16:46:49.739+0000] {logging_mixin.py:150} INFO - [2023-07-19T16:46:49.738+0000] {dag.py:2742} INFO - Sync 1 DAGs
[2023-07-19T16:46:49.751+0000] {logging_mixin.py:150} INFO - [2023-07-19T16:46:49.751+0000] {dag.py:3508} INFO - Setting next_dagrun for example_complex to None, run_after=None
[2023-07-19T16:46:49.760+0000] {processor.py:179} INFO - Processing /home/airflow/.local/lib/python3.7/site-packages/airflow/example_dags/example_complex.py took 0.076 seconds
[2023-07-19T16:47:20.627+0000] {processor.py:157} INFO - Started process (PID=1602) to work on /home/airflow/.local/lib/python3.7/site-packages/airflow/example_dags/example_complex.py
[2023-07-19T16:47:20.628+0000] {processor.py:826} INFO - Processing file /home/airflow/.local/lib/python3.7/site-packages/airflow/example_dags/example_complex.py for tasks to queue
[2023-07-19T16:47:20.628+0000] {logging_mixin.py:150} INFO - [2023-07-19T16:47:20.628+0000] {dagbag.py:541} INFO - Filling up the DagBag from /home/airflow/.local/lib/python3.7/site-packages/airflow/example_dags/example_complex.py
[2023-07-19T16:47:20.636+0000] {processor.py:836} INFO - DAG(s) dict_keys(['example_complex']) retrieved from /home/airflow/.local/lib/python3.7/site-packages/airflow/example_dags/example_complex.py
[2023-07-19T16:47:20.657+0000] {logging_mixin.py:150} INFO - [2023-07-19T16:47:20.657+0000] {dag.py:2742} INFO - Sync 1 DAGs
[2023-07-19T16:47:20.669+0000] {logging_mixin.py:150} INFO - [2023-07-19T16:47:20.669+0000] {dag.py:3508} INFO - Setting next_dagrun for example_complex to None, run_after=None
[2023-07-19T16:47:20.678+0000] {processor.py:179} INFO - Processing /home/airflow/.local/lib/python3.7/site-packages/airflow/example_dags/example_complex.py took 0.052 seconds
[2023-07-19T16:47:51.593+0000] {processor.py:157} INFO - Started process (PID=1657) to work on /home/airflow/.local/lib/python3.7/site-packages/airflow/example_dags/example_complex.py
[2023-07-19T16:47:51.594+0000] {processor.py:826} INFO - Processing file /home/airflow/.local/lib/python3.7/site-packages/airflow/example_dags/example_complex.py for tasks to queue
[2023-07-19T16:47:51.595+0000] {logging_mixin.py:150} INFO - [2023-07-19T16:47:51.595+0000] {dagbag.py:541} INFO - Filling up the DagBag from /home/airflow/.local/lib/python3.7/site-packages/airflow/example_dags/example_complex.py
[2023-07-19T16:47:51.607+0000] {processor.py:836} INFO - DAG(s) dict_keys(['example_complex']) retrieved from /home/airflow/.local/lib/python3.7/site-packages/airflow/example_dags/example_complex.py
[2023-07-19T16:47:51.651+0000] {logging_mixin.py:150} INFO - [2023-07-19T16:47:51.651+0000] {dag.py:2742} INFO - Sync 1 DAGs
[2023-07-19T16:47:51.686+0000] {logging_mixin.py:150} INFO - [2023-07-19T16:47:51.686+0000] {dag.py:3508} INFO - Setting next_dagrun for example_complex to None, run_after=None
[2023-07-19T16:47:51.703+0000] {processor.py:179} INFO - Processing /home/airflow/.local/lib/python3.7/site-packages/airflow/example_dags/example_complex.py took 0.117 seconds
[2023-07-19T16:48:21.920+0000] {processor.py:157} INFO - Started process (PID=1712) to work on /home/airflow/.local/lib/python3.7/site-packages/airflow/example_dags/example_complex.py
[2023-07-19T16:48:21.921+0000] {processor.py:826} INFO - Processing file /home/airflow/.local/lib/python3.7/site-packages/airflow/example_dags/example_complex.py for tasks to queue
[2023-07-19T16:48:21.922+0000] {logging_mixin.py:150} INFO - [2023-07-19T16:48:21.921+0000] {dagbag.py:541} INFO - Filling up the DagBag from /home/airflow/.local/lib/python3.7/site-packages/airflow/example_dags/example_complex.py
[2023-07-19T16:48:21.934+0000] {processor.py:836} INFO - DAG(s) dict_keys(['example_complex']) retrieved from /home/airflow/.local/lib/python3.7/site-packages/airflow/example_dags/example_complex.py
[2023-07-19T16:48:21.962+0000] {logging_mixin.py:150} INFO - [2023-07-19T16:48:21.962+0000] {dag.py:2742} INFO - Sync 1 DAGs
[2023-07-19T16:48:21.978+0000] {logging_mixin.py:150} INFO - [2023-07-19T16:48:21.978+0000] {dag.py:3508} INFO - Setting next_dagrun for example_complex to None, run_after=None
[2023-07-19T16:48:21.988+0000] {processor.py:179} INFO - Processing /home/airflow/.local/lib/python3.7/site-packages/airflow/example_dags/example_complex.py took 0.073 seconds
[2023-07-19T16:48:52.787+0000] {processor.py:157} INFO - Started process (PID=1767) to work on /home/airflow/.local/lib/python3.7/site-packages/airflow/example_dags/example_complex.py
[2023-07-19T16:48:52.788+0000] {processor.py:826} INFO - Processing file /home/airflow/.local/lib/python3.7/site-packages/airflow/example_dags/example_complex.py for tasks to queue
[2023-07-19T16:48:52.788+0000] {logging_mixin.py:150} INFO - [2023-07-19T16:48:52.788+0000] {dagbag.py:541} INFO - Filling up the DagBag from /home/airflow/.local/lib/python3.7/site-packages/airflow/example_dags/example_complex.py
[2023-07-19T16:48:52.798+0000] {processor.py:836} INFO - DAG(s) dict_keys(['example_complex']) retrieved from /home/airflow/.local/lib/python3.7/site-packages/airflow/example_dags/example_complex.py
[2023-07-19T16:48:52.840+0000] {logging_mixin.py:150} INFO - [2023-07-19T16:48:52.840+0000] {dag.py:2742} INFO - Sync 1 DAGs
[2023-07-19T16:48:52.873+0000] {logging_mixin.py:150} INFO - [2023-07-19T16:48:52.873+0000] {dag.py:3508} INFO - Setting next_dagrun for example_complex to None, run_after=None
[2023-07-19T16:48:52.885+0000] {processor.py:179} INFO - Processing /home/airflow/.local/lib/python3.7/site-packages/airflow/example_dags/example_complex.py took 0.101 seconds
[2023-07-19T16:49:23.697+0000] {processor.py:157} INFO - Started process (PID=1822) to work on /home/airflow/.local/lib/python3.7/site-packages/airflow/example_dags/example_complex.py
[2023-07-19T16:49:23.699+0000] {processor.py:826} INFO - Processing file /home/airflow/.local/lib/python3.7/site-packages/airflow/example_dags/example_complex.py for tasks to queue
[2023-07-19T16:49:23.700+0000] {logging_mixin.py:150} INFO - [2023-07-19T16:49:23.699+0000] {dagbag.py:541} INFO - Filling up the DagBag from /home/airflow/.local/lib/python3.7/site-packages/airflow/example_dags/example_complex.py
[2023-07-19T16:49:23.707+0000] {processor.py:836} INFO - DAG(s) dict_keys(['example_complex']) retrieved from /home/airflow/.local/lib/python3.7/site-packages/airflow/example_dags/example_complex.py
[2023-07-19T16:49:23.728+0000] {logging_mixin.py:150} INFO - [2023-07-19T16:49:23.728+0000] {dag.py:2742} INFO - Sync 1 DAGs
[2023-07-19T16:49:23.743+0000] {logging_mixin.py:150} INFO - [2023-07-19T16:49:23.743+0000] {dag.py:3508} INFO - Setting next_dagrun for example_complex to None, run_after=None
[2023-07-19T16:49:23.752+0000] {processor.py:179} INFO - Processing /home/airflow/.local/lib/python3.7/site-packages/airflow/example_dags/example_complex.py took 0.058 seconds
[2023-07-19T16:49:54.090+0000] {processor.py:157} INFO - Started process (PID=1877) to work on /home/airflow/.local/lib/python3.7/site-packages/airflow/example_dags/example_complex.py
[2023-07-19T16:49:54.091+0000] {processor.py:826} INFO - Processing file /home/airflow/.local/lib/python3.7/site-packages/airflow/example_dags/example_complex.py for tasks to queue
[2023-07-19T16:49:54.091+0000] {logging_mixin.py:150} INFO - [2023-07-19T16:49:54.091+0000] {dagbag.py:541} INFO - Filling up the DagBag from /home/airflow/.local/lib/python3.7/site-packages/airflow/example_dags/example_complex.py
[2023-07-19T16:49:54.104+0000] {processor.py:836} INFO - DAG(s) dict_keys(['example_complex']) retrieved from /home/airflow/.local/lib/python3.7/site-packages/airflow/example_dags/example_complex.py
[2023-07-19T16:49:54.134+0000] {logging_mixin.py:150} INFO - [2023-07-19T16:49:54.133+0000] {dag.py:2742} INFO - Sync 1 DAGs
[2023-07-19T16:49:54.154+0000] {logging_mixin.py:150} INFO - [2023-07-19T16:49:54.154+0000] {dag.py:3508} INFO - Setting next_dagrun for example_complex to None, run_after=None
[2023-07-19T16:49:54.178+0000] {processor.py:179} INFO - Processing /home/airflow/.local/lib/python3.7/site-packages/airflow/example_dags/example_complex.py took 0.096 seconds
[2023-07-19T16:50:24.806+0000] {processor.py:157} INFO - Started process (PID=1932) to work on /home/airflow/.local/lib/python3.7/site-packages/airflow/example_dags/example_complex.py
[2023-07-19T16:50:24.809+0000] {processor.py:826} INFO - Processing file /home/airflow/.local/lib/python3.7/site-packages/airflow/example_dags/example_complex.py for tasks to queue
[2023-07-19T16:50:24.810+0000] {logging_mixin.py:150} INFO - [2023-07-19T16:50:24.809+0000] {dagbag.py:541} INFO - Filling up the DagBag from /home/airflow/.local/lib/python3.7/site-packages/airflow/example_dags/example_complex.py
[2023-07-19T16:50:24.822+0000] {processor.py:836} INFO - DAG(s) dict_keys(['example_complex']) retrieved from /home/airflow/.local/lib/python3.7/site-packages/airflow/example_dags/example_complex.py
[2023-07-19T16:50:24.857+0000] {logging_mixin.py:150} INFO - [2023-07-19T16:50:24.857+0000] {dag.py:2742} INFO - Sync 1 DAGs
[2023-07-19T16:50:24.877+0000] {logging_mixin.py:150} INFO - [2023-07-19T16:50:24.877+0000] {dag.py:3508} INFO - Setting next_dagrun for example_complex to None, run_after=None
[2023-07-19T16:50:24.888+0000] {processor.py:179} INFO - Processing /home/airflow/.local/lib/python3.7/site-packages/airflow/example_dags/example_complex.py took 0.104 seconds
[2023-07-19T16:50:55.233+0000] {processor.py:157} INFO - Started process (PID=1987) to work on /home/airflow/.local/lib/python3.7/site-packages/airflow/example_dags/example_complex.py
[2023-07-19T16:50:55.234+0000] {processor.py:826} INFO - Processing file /home/airflow/.local/lib/python3.7/site-packages/airflow/example_dags/example_complex.py for tasks to queue
[2023-07-19T16:50:55.235+0000] {logging_mixin.py:150} INFO - [2023-07-19T16:50:55.234+0000] {dagbag.py:541} INFO - Filling up the DagBag from /home/airflow/.local/lib/python3.7/site-packages/airflow/example_dags/example_complex.py
[2023-07-19T16:50:55.241+0000] {processor.py:836} INFO - DAG(s) dict_keys(['example_complex']) retrieved from /home/airflow/.local/lib/python3.7/site-packages/airflow/example_dags/example_complex.py
[2023-07-19T16:50:55.266+0000] {logging_mixin.py:150} INFO - [2023-07-19T16:50:55.266+0000] {dag.py:2742} INFO - Sync 1 DAGs
[2023-07-19T16:50:55.284+0000] {logging_mixin.py:150} INFO - [2023-07-19T16:50:55.284+0000] {dag.py:3508} INFO - Setting next_dagrun for example_complex to None, run_after=None
[2023-07-19T16:50:55.294+0000] {processor.py:179} INFO - Processing /home/airflow/.local/lib/python3.7/site-packages/airflow/example_dags/example_complex.py took 0.064 seconds
[2023-07-19T16:51:25.682+0000] {processor.py:157} INFO - Started process (PID=2042) to work on /home/airflow/.local/lib/python3.7/site-packages/airflow/example_dags/example_complex.py
[2023-07-19T16:51:25.683+0000] {processor.py:826} INFO - Processing file /home/airflow/.local/lib/python3.7/site-packages/airflow/example_dags/example_complex.py for tasks to queue
[2023-07-19T16:51:25.683+0000] {logging_mixin.py:150} INFO - [2023-07-19T16:51:25.683+0000] {dagbag.py:541} INFO - Filling up the DagBag from /home/airflow/.local/lib/python3.7/site-packages/airflow/example_dags/example_complex.py
[2023-07-19T16:51:25.697+0000] {processor.py:836} INFO - DAG(s) dict_keys(['example_complex']) retrieved from /home/airflow/.local/lib/python3.7/site-packages/airflow/example_dags/example_complex.py
[2023-07-19T16:51:25.739+0000] {logging_mixin.py:150} INFO - [2023-07-19T16:51:25.738+0000] {dag.py:2742} INFO - Sync 1 DAGs
[2023-07-19T16:51:25.762+0000] {logging_mixin.py:150} INFO - [2023-07-19T16:51:25.762+0000] {dag.py:3508} INFO - Setting next_dagrun for example_complex to None, run_after=None
[2023-07-19T16:51:25.773+0000] {processor.py:179} INFO - Processing /home/airflow/.local/lib/python3.7/site-packages/airflow/example_dags/example_complex.py took 0.096 seconds
