[2023-07-19T16:32:50.737+0000] {processor.py:157} INFO - Started process (PID=54) to work on /home/airflow/.local/lib/python3.7/site-packages/airflow/example_dags/example_latest_only_with_trigger.py
[2023-07-19T16:32:50.738+0000] {processor.py:826} INFO - Processing file /home/airflow/.local/lib/python3.7/site-packages/airflow/example_dags/example_latest_only_with_trigger.py for tasks to queue
[2023-07-19T16:32:50.738+0000] {logging_mixin.py:150} INFO - [2023-07-19T16:32:50.738+0000] {dagbag.py:541} INFO - Filling up the DagBag from /home/airflow/.local/lib/python3.7/site-packages/airflow/example_dags/example_latest_only_with_trigger.py
[2023-07-19T16:32:50.746+0000] {processor.py:836} INFO - DAG(s) dict_keys(['latest_only_with_trigger']) retrieved from /home/airflow/.local/lib/python3.7/site-packages/airflow/example_dags/example_latest_only_with_trigger.py
[2023-07-19T16:32:50.772+0000] {logging_mixin.py:150} INFO - [2023-07-19T16:32:50.772+0000] {dag.py:2742} INFO - Sync 1 DAGs
[2023-07-19T16:32:50.844+0000] {logging_mixin.py:150} INFO - [2023-07-19T16:32:50.844+0000] {dag.py:3508} INFO - Setting next_dagrun for latest_only_with_trigger to 2023-07-19T12:32:50.844630+00:00, run_after=2023-07-19T16:32:50.844630+00:00
[2023-07-19T16:32:50.898+0000] {processor.py:179} INFO - Processing /home/airflow/.local/lib/python3.7/site-packages/airflow/example_dags/example_latest_only_with_trigger.py took 0.166 seconds
[2023-07-19T16:33:21.450+0000] {processor.py:157} INFO - Started process (PID=109) to work on /home/airflow/.local/lib/python3.7/site-packages/airflow/example_dags/example_latest_only_with_trigger.py
[2023-07-19T16:33:21.450+0000] {processor.py:826} INFO - Processing file /home/airflow/.local/lib/python3.7/site-packages/airflow/example_dags/example_latest_only_with_trigger.py for tasks to queue
[2023-07-19T16:33:21.450+0000] {logging_mixin.py:150} INFO - [2023-07-19T16:33:21.450+0000] {dagbag.py:541} INFO - Filling up the DagBag from /home/airflow/.local/lib/python3.7/site-packages/airflow/example_dags/example_latest_only_with_trigger.py
[2023-07-19T16:33:21.455+0000] {processor.py:836} INFO - DAG(s) dict_keys(['latest_only_with_trigger']) retrieved from /home/airflow/.local/lib/python3.7/site-packages/airflow/example_dags/example_latest_only_with_trigger.py
[2023-07-19T16:33:21.469+0000] {logging_mixin.py:150} INFO - [2023-07-19T16:33:21.468+0000] {dag.py:2742} INFO - Sync 1 DAGs
[2023-07-19T16:33:21.497+0000] {logging_mixin.py:150} INFO - [2023-07-19T16:33:21.497+0000] {dag.py:3508} INFO - Setting next_dagrun for latest_only_with_trigger to 2023-07-19T12:33:21.497083+00:00, run_after=2023-07-19T16:33:21.497083+00:00
[2023-07-19T16:33:21.512+0000] {processor.py:179} INFO - Processing /home/airflow/.local/lib/python3.7/site-packages/airflow/example_dags/example_latest_only_with_trigger.py took 0.064 seconds
[2023-07-19T16:33:52.344+0000] {processor.py:157} INFO - Started process (PID=165) to work on /home/airflow/.local/lib/python3.7/site-packages/airflow/example_dags/example_latest_only_with_trigger.py
[2023-07-19T16:33:52.345+0000] {processor.py:826} INFO - Processing file /home/airflow/.local/lib/python3.7/site-packages/airflow/example_dags/example_latest_only_with_trigger.py for tasks to queue
[2023-07-19T16:33:52.345+0000] {logging_mixin.py:150} INFO - [2023-07-19T16:33:52.345+0000] {dagbag.py:541} INFO - Filling up the DagBag from /home/airflow/.local/lib/python3.7/site-packages/airflow/example_dags/example_latest_only_with_trigger.py
[2023-07-19T16:33:52.350+0000] {processor.py:836} INFO - DAG(s) dict_keys(['latest_only_with_trigger']) retrieved from /home/airflow/.local/lib/python3.7/site-packages/airflow/example_dags/example_latest_only_with_trigger.py
[2023-07-19T16:33:52.365+0000] {logging_mixin.py:150} INFO - [2023-07-19T16:33:52.365+0000] {dag.py:2742} INFO - Sync 1 DAGs
[2023-07-19T16:33:52.377+0000] {logging_mixin.py:150} INFO - [2023-07-19T16:33:52.377+0000] {dag.py:3508} INFO - Setting next_dagrun for latest_only_with_trigger to 2023-07-19T12:33:52.377029+00:00, run_after=2023-07-19T16:33:52.377029+00:00
[2023-07-19T16:33:52.385+0000] {processor.py:179} INFO - Processing /home/airflow/.local/lib/python3.7/site-packages/airflow/example_dags/example_latest_only_with_trigger.py took 0.042 seconds
[2023-07-19T16:34:23.555+0000] {processor.py:157} INFO - Started process (PID=219) to work on /home/airflow/.local/lib/python3.7/site-packages/airflow/example_dags/example_latest_only_with_trigger.py
[2023-07-19T16:34:23.556+0000] {processor.py:826} INFO - Processing file /home/airflow/.local/lib/python3.7/site-packages/airflow/example_dags/example_latest_only_with_trigger.py for tasks to queue
[2023-07-19T16:34:23.556+0000] {logging_mixin.py:150} INFO - [2023-07-19T16:34:23.556+0000] {dagbag.py:541} INFO - Filling up the DagBag from /home/airflow/.local/lib/python3.7/site-packages/airflow/example_dags/example_latest_only_with_trigger.py
[2023-07-19T16:34:23.567+0000] {processor.py:836} INFO - DAG(s) dict_keys(['latest_only_with_trigger']) retrieved from /home/airflow/.local/lib/python3.7/site-packages/airflow/example_dags/example_latest_only_with_trigger.py
[2023-07-19T16:34:23.612+0000] {logging_mixin.py:150} INFO - [2023-07-19T16:34:23.612+0000] {dag.py:2742} INFO - Sync 1 DAGs
[2023-07-19T16:34:23.633+0000] {logging_mixin.py:150} INFO - [2023-07-19T16:34:23.633+0000] {dag.py:3508} INFO - Setting next_dagrun for latest_only_with_trigger to 2023-07-19T12:34:23.633344+00:00, run_after=2023-07-19T16:34:23.633344+00:00
[2023-07-19T16:34:23.670+0000] {processor.py:179} INFO - Processing /home/airflow/.local/lib/python3.7/site-packages/airflow/example_dags/example_latest_only_with_trigger.py took 0.116 seconds
[2023-07-19T16:34:54.075+0000] {processor.py:157} INFO - Started process (PID=274) to work on /home/airflow/.local/lib/python3.7/site-packages/airflow/example_dags/example_latest_only_with_trigger.py
[2023-07-19T16:34:54.076+0000] {processor.py:826} INFO - Processing file /home/airflow/.local/lib/python3.7/site-packages/airflow/example_dags/example_latest_only_with_trigger.py for tasks to queue
[2023-07-19T16:34:54.076+0000] {logging_mixin.py:150} INFO - [2023-07-19T16:34:54.076+0000] {dagbag.py:541} INFO - Filling up the DagBag from /home/airflow/.local/lib/python3.7/site-packages/airflow/example_dags/example_latest_only_with_trigger.py
[2023-07-19T16:34:54.081+0000] {processor.py:836} INFO - DAG(s) dict_keys(['latest_only_with_trigger']) retrieved from /home/airflow/.local/lib/python3.7/site-packages/airflow/example_dags/example_latest_only_with_trigger.py
[2023-07-19T16:34:54.096+0000] {logging_mixin.py:150} INFO - [2023-07-19T16:34:54.096+0000] {dag.py:2742} INFO - Sync 1 DAGs
[2023-07-19T16:34:54.108+0000] {logging_mixin.py:150} INFO - [2023-07-19T16:34:54.108+0000] {dag.py:3508} INFO - Setting next_dagrun for latest_only_with_trigger to 2023-07-19T12:34:54.108611+00:00, run_after=2023-07-19T16:34:54.108611+00:00
[2023-07-19T16:34:54.118+0000] {processor.py:179} INFO - Processing /home/airflow/.local/lib/python3.7/site-packages/airflow/example_dags/example_latest_only_with_trigger.py took 0.046 seconds
[2023-07-19T16:35:24.568+0000] {processor.py:157} INFO - Started process (PID=329) to work on /home/airflow/.local/lib/python3.7/site-packages/airflow/example_dags/example_latest_only_with_trigger.py
[2023-07-19T16:35:24.572+0000] {processor.py:826} INFO - Processing file /home/airflow/.local/lib/python3.7/site-packages/airflow/example_dags/example_latest_only_with_trigger.py for tasks to queue
[2023-07-19T16:35:24.577+0000] {logging_mixin.py:150} INFO - [2023-07-19T16:35:24.577+0000] {dagbag.py:541} INFO - Filling up the DagBag from /home/airflow/.local/lib/python3.7/site-packages/airflow/example_dags/example_latest_only_with_trigger.py
[2023-07-19T16:35:24.580+0000] {processor.py:836} INFO - DAG(s) dict_keys(['latest_only_with_trigger']) retrieved from /home/airflow/.local/lib/python3.7/site-packages/airflow/example_dags/example_latest_only_with_trigger.py
[2023-07-19T16:35:24.617+0000] {logging_mixin.py:150} INFO - [2023-07-19T16:35:24.617+0000] {dag.py:2742} INFO - Sync 1 DAGs
[2023-07-19T16:35:24.646+0000] {logging_mixin.py:150} INFO - [2023-07-19T16:35:24.645+0000] {dag.py:3508} INFO - Setting next_dagrun for latest_only_with_trigger to 2023-07-19T12:35:24.645296+00:00, run_after=2023-07-19T16:35:24.645296+00:00
[2023-07-19T16:35:24.685+0000] {processor.py:179} INFO - Processing /home/airflow/.local/lib/python3.7/site-packages/airflow/example_dags/example_latest_only_with_trigger.py took 0.119 seconds
[2023-07-19T16:35:55.592+0000] {processor.py:157} INFO - Started process (PID=385) to work on /home/airflow/.local/lib/python3.7/site-packages/airflow/example_dags/example_latest_only_with_trigger.py
[2023-07-19T16:35:55.593+0000] {processor.py:826} INFO - Processing file /home/airflow/.local/lib/python3.7/site-packages/airflow/example_dags/example_latest_only_with_trigger.py for tasks to queue
[2023-07-19T16:35:55.593+0000] {logging_mixin.py:150} INFO - [2023-07-19T16:35:55.593+0000] {dagbag.py:541} INFO - Filling up the DagBag from /home/airflow/.local/lib/python3.7/site-packages/airflow/example_dags/example_latest_only_with_trigger.py
[2023-07-19T16:35:55.599+0000] {processor.py:836} INFO - DAG(s) dict_keys(['latest_only_with_trigger']) retrieved from /home/airflow/.local/lib/python3.7/site-packages/airflow/example_dags/example_latest_only_with_trigger.py
[2023-07-19T16:35:55.620+0000] {logging_mixin.py:150} INFO - [2023-07-19T16:35:55.620+0000] {dag.py:2742} INFO - Sync 1 DAGs
[2023-07-19T16:35:55.636+0000] {logging_mixin.py:150} INFO - [2023-07-19T16:35:55.636+0000] {dag.py:3508} INFO - Setting next_dagrun for latest_only_with_trigger to 2023-07-19T12:35:55.636232+00:00, run_after=2023-07-19T16:35:55.636232+00:00
[2023-07-19T16:35:55.645+0000] {processor.py:179} INFO - Processing /home/airflow/.local/lib/python3.7/site-packages/airflow/example_dags/example_latest_only_with_trigger.py took 0.054 seconds
[2023-07-19T16:36:26.320+0000] {processor.py:157} INFO - Started process (PID=440) to work on /home/airflow/.local/lib/python3.7/site-packages/airflow/example_dags/example_latest_only_with_trigger.py
[2023-07-19T16:36:26.327+0000] {processor.py:826} INFO - Processing file /home/airflow/.local/lib/python3.7/site-packages/airflow/example_dags/example_latest_only_with_trigger.py for tasks to queue
[2023-07-19T16:36:26.327+0000] {logging_mixin.py:150} INFO - [2023-07-19T16:36:26.327+0000] {dagbag.py:541} INFO - Filling up the DagBag from /home/airflow/.local/lib/python3.7/site-packages/airflow/example_dags/example_latest_only_with_trigger.py
[2023-07-19T16:36:26.333+0000] {processor.py:836} INFO - DAG(s) dict_keys(['latest_only_with_trigger']) retrieved from /home/airflow/.local/lib/python3.7/site-packages/airflow/example_dags/example_latest_only_with_trigger.py
[2023-07-19T16:36:26.356+0000] {logging_mixin.py:150} INFO - [2023-07-19T16:36:26.356+0000] {dag.py:2742} INFO - Sync 1 DAGs
[2023-07-19T16:36:26.373+0000] {logging_mixin.py:150} INFO - [2023-07-19T16:36:26.373+0000] {dag.py:3508} INFO - Setting next_dagrun for latest_only_with_trigger to 2023-07-19T12:36:26.373012+00:00, run_after=2023-07-19T16:36:26.373012+00:00
[2023-07-19T16:36:26.381+0000] {processor.py:179} INFO - Processing /home/airflow/.local/lib/python3.7/site-packages/airflow/example_dags/example_latest_only_with_trigger.py took 0.063 seconds
[2023-07-19T16:36:57.346+0000] {processor.py:157} INFO - Started process (PID=495) to work on /home/airflow/.local/lib/python3.7/site-packages/airflow/example_dags/example_latest_only_with_trigger.py
[2023-07-19T16:36:57.346+0000] {processor.py:826} INFO - Processing file /home/airflow/.local/lib/python3.7/site-packages/airflow/example_dags/example_latest_only_with_trigger.py for tasks to queue
[2023-07-19T16:36:57.346+0000] {logging_mixin.py:150} INFO - [2023-07-19T16:36:57.346+0000] {dagbag.py:541} INFO - Filling up the DagBag from /home/airflow/.local/lib/python3.7/site-packages/airflow/example_dags/example_latest_only_with_trigger.py
[2023-07-19T16:36:57.350+0000] {processor.py:836} INFO - DAG(s) dict_keys(['latest_only_with_trigger']) retrieved from /home/airflow/.local/lib/python3.7/site-packages/airflow/example_dags/example_latest_only_with_trigger.py
[2023-07-19T16:36:57.364+0000] {logging_mixin.py:150} INFO - [2023-07-19T16:36:57.364+0000] {dag.py:2742} INFO - Sync 1 DAGs
[2023-07-19T16:36:57.377+0000] {logging_mixin.py:150} INFO - [2023-07-19T16:36:57.377+0000] {dag.py:3508} INFO - Setting next_dagrun for latest_only_with_trigger to 2023-07-19T12:36:57.377472+00:00, run_after=2023-07-19T16:36:57.377472+00:00
[2023-07-19T16:36:57.397+0000] {processor.py:179} INFO - Processing /home/airflow/.local/lib/python3.7/site-packages/airflow/example_dags/example_latest_only_with_trigger.py took 0.053 seconds
[2023-07-19T16:37:28.372+0000] {processor.py:157} INFO - Started process (PID=550) to work on /home/airflow/.local/lib/python3.7/site-packages/airflow/example_dags/example_latest_only_with_trigger.py
[2023-07-19T16:37:28.375+0000] {processor.py:826} INFO - Processing file /home/airflow/.local/lib/python3.7/site-packages/airflow/example_dags/example_latest_only_with_trigger.py for tasks to queue
[2023-07-19T16:37:28.378+0000] {logging_mixin.py:150} INFO - [2023-07-19T16:37:28.378+0000] {dagbag.py:541} INFO - Filling up the DagBag from /home/airflow/.local/lib/python3.7/site-packages/airflow/example_dags/example_latest_only_with_trigger.py
[2023-07-19T16:37:28.397+0000] {processor.py:836} INFO - DAG(s) dict_keys(['latest_only_with_trigger']) retrieved from /home/airflow/.local/lib/python3.7/site-packages/airflow/example_dags/example_latest_only_with_trigger.py
[2023-07-19T16:37:28.435+0000] {logging_mixin.py:150} INFO - [2023-07-19T16:37:28.434+0000] {dag.py:2742} INFO - Sync 1 DAGs
[2023-07-19T16:37:28.472+0000] {logging_mixin.py:150} INFO - [2023-07-19T16:37:28.472+0000] {dag.py:3508} INFO - Setting next_dagrun for latest_only_with_trigger to 2023-07-19T12:37:28.465981+00:00, run_after=2023-07-19T16:37:28.465981+00:00
[2023-07-19T16:37:28.497+0000] {processor.py:179} INFO - Processing /home/airflow/.local/lib/python3.7/site-packages/airflow/example_dags/example_latest_only_with_trigger.py took 0.127 seconds
[2023-07-19T16:37:58.938+0000] {processor.py:157} INFO - Started process (PID=605) to work on /home/airflow/.local/lib/python3.7/site-packages/airflow/example_dags/example_latest_only_with_trigger.py
[2023-07-19T16:37:58.942+0000] {processor.py:826} INFO - Processing file /home/airflow/.local/lib/python3.7/site-packages/airflow/example_dags/example_latest_only_with_trigger.py for tasks to queue
[2023-07-19T16:37:58.944+0000] {logging_mixin.py:150} INFO - [2023-07-19T16:37:58.942+0000] {dagbag.py:541} INFO - Filling up the DagBag from /home/airflow/.local/lib/python3.7/site-packages/airflow/example_dags/example_latest_only_with_trigger.py
[2023-07-19T16:37:58.947+0000] {processor.py:836} INFO - DAG(s) dict_keys(['latest_only_with_trigger']) retrieved from /home/airflow/.local/lib/python3.7/site-packages/airflow/example_dags/example_latest_only_with_trigger.py
[2023-07-19T16:37:58.981+0000] {logging_mixin.py:150} INFO - [2023-07-19T16:37:58.980+0000] {dag.py:2742} INFO - Sync 1 DAGs
[2023-07-19T16:37:59.002+0000] {logging_mixin.py:150} INFO - [2023-07-19T16:37:59.002+0000] {dag.py:3508} INFO - Setting next_dagrun for latest_only_with_trigger to 2023-07-19T12:37:59.002003+00:00, run_after=2023-07-19T16:37:59.002003+00:00
[2023-07-19T16:37:59.029+0000] {processor.py:179} INFO - Processing /home/airflow/.local/lib/python3.7/site-packages/airflow/example_dags/example_latest_only_with_trigger.py took 0.096 seconds
[2023-07-19T16:38:29.411+0000] {processor.py:157} INFO - Started process (PID=660) to work on /home/airflow/.local/lib/python3.7/site-packages/airflow/example_dags/example_latest_only_with_trigger.py
[2023-07-19T16:38:29.412+0000] {processor.py:826} INFO - Processing file /home/airflow/.local/lib/python3.7/site-packages/airflow/example_dags/example_latest_only_with_trigger.py for tasks to queue
[2023-07-19T16:38:29.417+0000] {logging_mixin.py:150} INFO - [2023-07-19T16:38:29.416+0000] {dagbag.py:541} INFO - Filling up the DagBag from /home/airflow/.local/lib/python3.7/site-packages/airflow/example_dags/example_latest_only_with_trigger.py
[2023-07-19T16:38:29.424+0000] {processor.py:836} INFO - DAG(s) dict_keys(['latest_only_with_trigger']) retrieved from /home/airflow/.local/lib/python3.7/site-packages/airflow/example_dags/example_latest_only_with_trigger.py
[2023-07-19T16:38:29.473+0000] {logging_mixin.py:150} INFO - [2023-07-19T16:38:29.473+0000] {dag.py:2742} INFO - Sync 1 DAGs
[2023-07-19T16:38:29.511+0000] {logging_mixin.py:150} INFO - [2023-07-19T16:38:29.510+0000] {dag.py:3508} INFO - Setting next_dagrun for latest_only_with_trigger to 2023-07-19T12:38:29.510655+00:00, run_after=2023-07-19T16:38:29.510655+00:00
[2023-07-19T16:38:29.583+0000] {processor.py:179} INFO - Processing /home/airflow/.local/lib/python3.7/site-packages/airflow/example_dags/example_latest_only_with_trigger.py took 0.174 seconds
[2023-07-19T16:38:59.619+0000] {processor.py:157} INFO - Started process (PID=715) to work on /home/airflow/.local/lib/python3.7/site-packages/airflow/example_dags/example_latest_only_with_trigger.py
[2023-07-19T16:38:59.625+0000] {processor.py:826} INFO - Processing file /home/airflow/.local/lib/python3.7/site-packages/airflow/example_dags/example_latest_only_with_trigger.py for tasks to queue
[2023-07-19T16:38:59.625+0000] {logging_mixin.py:150} INFO - [2023-07-19T16:38:59.625+0000] {dagbag.py:541} INFO - Filling up the DagBag from /home/airflow/.local/lib/python3.7/site-packages/airflow/example_dags/example_latest_only_with_trigger.py
[2023-07-19T16:38:59.629+0000] {processor.py:836} INFO - DAG(s) dict_keys(['latest_only_with_trigger']) retrieved from /home/airflow/.local/lib/python3.7/site-packages/airflow/example_dags/example_latest_only_with_trigger.py
[2023-07-19T16:38:59.658+0000] {logging_mixin.py:150} INFO - [2023-07-19T16:38:59.658+0000] {dag.py:2742} INFO - Sync 1 DAGs
[2023-07-19T16:38:59.672+0000] {logging_mixin.py:150} INFO - [2023-07-19T16:38:59.672+0000] {dag.py:3508} INFO - Setting next_dagrun for latest_only_with_trigger to 2023-07-19T12:38:59.672443+00:00, run_after=2023-07-19T16:38:59.672443+00:00
[2023-07-19T16:38:59.693+0000] {processor.py:179} INFO - Processing /home/airflow/.local/lib/python3.7/site-packages/airflow/example_dags/example_latest_only_with_trigger.py took 0.075 seconds
[2023-07-19T16:39:29.706+0000] {processor.py:157} INFO - Started process (PID=770) to work on /home/airflow/.local/lib/python3.7/site-packages/airflow/example_dags/example_latest_only_with_trigger.py
[2023-07-19T16:39:29.706+0000] {processor.py:826} INFO - Processing file /home/airflow/.local/lib/python3.7/site-packages/airflow/example_dags/example_latest_only_with_trigger.py for tasks to queue
[2023-07-19T16:39:29.707+0000] {logging_mixin.py:150} INFO - [2023-07-19T16:39:29.707+0000] {dagbag.py:541} INFO - Filling up the DagBag from /home/airflow/.local/lib/python3.7/site-packages/airflow/example_dags/example_latest_only_with_trigger.py
[2023-07-19T16:39:29.710+0000] {processor.py:836} INFO - DAG(s) dict_keys(['latest_only_with_trigger']) retrieved from /home/airflow/.local/lib/python3.7/site-packages/airflow/example_dags/example_latest_only_with_trigger.py
[2023-07-19T16:39:29.723+0000] {logging_mixin.py:150} INFO - [2023-07-19T16:39:29.723+0000] {dag.py:2742} INFO - Sync 1 DAGs
[2023-07-19T16:39:29.735+0000] {logging_mixin.py:150} INFO - [2023-07-19T16:39:29.735+0000] {dag.py:3508} INFO - Setting next_dagrun for latest_only_with_trigger to 2023-07-19T12:39:29.734852+00:00, run_after=2023-07-19T16:39:29.734852+00:00
[2023-07-19T16:39:29.743+0000] {processor.py:179} INFO - Processing /home/airflow/.local/lib/python3.7/site-packages/airflow/example_dags/example_latest_only_with_trigger.py took 0.038 seconds
[2023-07-19T16:40:10.848+0000] {processor.py:157} INFO - Started process (PID=825) to work on /home/airflow/.local/lib/python3.7/site-packages/airflow/example_dags/example_latest_only_with_trigger.py
[2023-07-19T16:40:10.889+0000] {processor.py:826} INFO - Processing file /home/airflow/.local/lib/python3.7/site-packages/airflow/example_dags/example_latest_only_with_trigger.py for tasks to queue
[2023-07-19T16:40:10.890+0000] {logging_mixin.py:150} INFO - [2023-07-19T16:40:10.890+0000] {dagbag.py:541} INFO - Filling up the DagBag from /home/airflow/.local/lib/python3.7/site-packages/airflow/example_dags/example_latest_only_with_trigger.py
[2023-07-19T16:40:10.928+0000] {processor.py:836} INFO - DAG(s) dict_keys(['latest_only_with_trigger']) retrieved from /home/airflow/.local/lib/python3.7/site-packages/airflow/example_dags/example_latest_only_with_trigger.py
[2023-07-19T16:40:11.128+0000] {logging_mixin.py:150} INFO - [2023-07-19T16:40:11.128+0000] {dag.py:2742} INFO - Sync 1 DAGs
[2023-07-19T16:40:11.276+0000] {logging_mixin.py:150} INFO - [2023-07-19T16:40:11.276+0000] {dag.py:3508} INFO - Setting next_dagrun for latest_only_with_trigger to 2023-07-19T12:40:11.275676+00:00, run_after=2023-07-19T16:40:11.275676+00:00
[2023-07-19T16:40:11.339+0000] {processor.py:179} INFO - Processing /home/airflow/.local/lib/python3.7/site-packages/airflow/example_dags/example_latest_only_with_trigger.py took 0.494 seconds
[2023-07-19T16:40:41.421+0000] {processor.py:157} INFO - Started process (PID=881) to work on /home/airflow/.local/lib/python3.7/site-packages/airflow/example_dags/example_latest_only_with_trigger.py
[2023-07-19T16:40:41.421+0000] {processor.py:826} INFO - Processing file /home/airflow/.local/lib/python3.7/site-packages/airflow/example_dags/example_latest_only_with_trigger.py for tasks to queue
[2023-07-19T16:40:41.422+0000] {logging_mixin.py:150} INFO - [2023-07-19T16:40:41.422+0000] {dagbag.py:541} INFO - Filling up the DagBag from /home/airflow/.local/lib/python3.7/site-packages/airflow/example_dags/example_latest_only_with_trigger.py
[2023-07-19T16:40:41.426+0000] {processor.py:836} INFO - DAG(s) dict_keys(['latest_only_with_trigger']) retrieved from /home/airflow/.local/lib/python3.7/site-packages/airflow/example_dags/example_latest_only_with_trigger.py
[2023-07-19T16:40:41.441+0000] {logging_mixin.py:150} INFO - [2023-07-19T16:40:41.441+0000] {dag.py:2742} INFO - Sync 1 DAGs
[2023-07-19T16:40:41.455+0000] {logging_mixin.py:150} INFO - [2023-07-19T16:40:41.455+0000] {dag.py:3508} INFO - Setting next_dagrun for latest_only_with_trigger to 2023-07-19T12:40:41.454458+00:00, run_after=2023-07-19T16:40:41.454458+00:00
[2023-07-19T16:40:41.463+0000] {processor.py:179} INFO - Processing /home/airflow/.local/lib/python3.7/site-packages/airflow/example_dags/example_latest_only_with_trigger.py took 0.045 seconds
[2023-07-19T16:41:11.564+0000] {processor.py:157} INFO - Started process (PID=934) to work on /home/airflow/.local/lib/python3.7/site-packages/airflow/example_dags/example_latest_only_with_trigger.py
[2023-07-19T16:41:11.564+0000] {processor.py:826} INFO - Processing file /home/airflow/.local/lib/python3.7/site-packages/airflow/example_dags/example_latest_only_with_trigger.py for tasks to queue
[2023-07-19T16:41:11.565+0000] {logging_mixin.py:150} INFO - [2023-07-19T16:41:11.564+0000] {dagbag.py:541} INFO - Filling up the DagBag from /home/airflow/.local/lib/python3.7/site-packages/airflow/example_dags/example_latest_only_with_trigger.py
[2023-07-19T16:41:11.568+0000] {processor.py:836} INFO - DAG(s) dict_keys(['latest_only_with_trigger']) retrieved from /home/airflow/.local/lib/python3.7/site-packages/airflow/example_dags/example_latest_only_with_trigger.py
[2023-07-19T16:41:11.583+0000] {logging_mixin.py:150} INFO - [2023-07-19T16:41:11.582+0000] {dag.py:2742} INFO - Sync 1 DAGs
[2023-07-19T16:41:11.596+0000] {logging_mixin.py:150} INFO - [2023-07-19T16:41:11.596+0000] {dag.py:3508} INFO - Setting next_dagrun for latest_only_with_trigger to 2023-07-19T12:41:11.595855+00:00, run_after=2023-07-19T16:41:11.595855+00:00
[2023-07-19T16:41:11.604+0000] {processor.py:179} INFO - Processing /home/airflow/.local/lib/python3.7/site-packages/airflow/example_dags/example_latest_only_with_trigger.py took 0.042 seconds
[2023-07-19T16:41:42.118+0000] {processor.py:157} INFO - Started process (PID=989) to work on /home/airflow/.local/lib/python3.7/site-packages/airflow/example_dags/example_latest_only_with_trigger.py
[2023-07-19T16:41:42.118+0000] {processor.py:826} INFO - Processing file /home/airflow/.local/lib/python3.7/site-packages/airflow/example_dags/example_latest_only_with_trigger.py for tasks to queue
[2023-07-19T16:41:42.119+0000] {logging_mixin.py:150} INFO - [2023-07-19T16:41:42.119+0000] {dagbag.py:541} INFO - Filling up the DagBag from /home/airflow/.local/lib/python3.7/site-packages/airflow/example_dags/example_latest_only_with_trigger.py
[2023-07-19T16:41:42.123+0000] {processor.py:836} INFO - DAG(s) dict_keys(['latest_only_with_trigger']) retrieved from /home/airflow/.local/lib/python3.7/site-packages/airflow/example_dags/example_latest_only_with_trigger.py
[2023-07-19T16:41:42.140+0000] {logging_mixin.py:150} INFO - [2023-07-19T16:41:42.140+0000] {dag.py:2742} INFO - Sync 1 DAGs
[2023-07-19T16:41:42.154+0000] {logging_mixin.py:150} INFO - [2023-07-19T16:41:42.154+0000] {dag.py:3508} INFO - Setting next_dagrun for latest_only_with_trigger to 2023-07-19T12:41:42.154129+00:00, run_after=2023-07-19T16:41:42.154129+00:00
[2023-07-19T16:41:42.163+0000] {processor.py:179} INFO - Processing /home/airflow/.local/lib/python3.7/site-packages/airflow/example_dags/example_latest_only_with_trigger.py took 0.047 seconds
[2023-07-19T16:42:12.402+0000] {processor.py:157} INFO - Started process (PID=1044) to work on /home/airflow/.local/lib/python3.7/site-packages/airflow/example_dags/example_latest_only_with_trigger.py
[2023-07-19T16:42:12.403+0000] {processor.py:826} INFO - Processing file /home/airflow/.local/lib/python3.7/site-packages/airflow/example_dags/example_latest_only_with_trigger.py for tasks to queue
[2023-07-19T16:42:12.403+0000] {logging_mixin.py:150} INFO - [2023-07-19T16:42:12.403+0000] {dagbag.py:541} INFO - Filling up the DagBag from /home/airflow/.local/lib/python3.7/site-packages/airflow/example_dags/example_latest_only_with_trigger.py
[2023-07-19T16:42:12.407+0000] {processor.py:836} INFO - DAG(s) dict_keys(['latest_only_with_trigger']) retrieved from /home/airflow/.local/lib/python3.7/site-packages/airflow/example_dags/example_latest_only_with_trigger.py
[2023-07-19T16:42:12.424+0000] {logging_mixin.py:150} INFO - [2023-07-19T16:42:12.424+0000] {dag.py:2742} INFO - Sync 1 DAGs
[2023-07-19T16:42:12.440+0000] {logging_mixin.py:150} INFO - [2023-07-19T16:42:12.440+0000] {dag.py:3508} INFO - Setting next_dagrun for latest_only_with_trigger to 2023-07-19T12:42:12.440493+00:00, run_after=2023-07-19T16:42:12.440493+00:00
[2023-07-19T16:42:12.449+0000] {processor.py:179} INFO - Processing /home/airflow/.local/lib/python3.7/site-packages/airflow/example_dags/example_latest_only_with_trigger.py took 0.049 seconds
[2023-07-19T16:42:42.779+0000] {processor.py:157} INFO - Started process (PID=1098) to work on /home/airflow/.local/lib/python3.7/site-packages/airflow/example_dags/example_latest_only_with_trigger.py
[2023-07-19T16:42:42.780+0000] {processor.py:826} INFO - Processing file /home/airflow/.local/lib/python3.7/site-packages/airflow/example_dags/example_latest_only_with_trigger.py for tasks to queue
[2023-07-19T16:42:42.780+0000] {logging_mixin.py:150} INFO - [2023-07-19T16:42:42.780+0000] {dagbag.py:541} INFO - Filling up the DagBag from /home/airflow/.local/lib/python3.7/site-packages/airflow/example_dags/example_latest_only_with_trigger.py
[2023-07-19T16:42:42.784+0000] {processor.py:836} INFO - DAG(s) dict_keys(['latest_only_with_trigger']) retrieved from /home/airflow/.local/lib/python3.7/site-packages/airflow/example_dags/example_latest_only_with_trigger.py
[2023-07-19T16:42:42.829+0000] {logging_mixin.py:150} INFO - [2023-07-19T16:42:42.829+0000] {dag.py:2742} INFO - Sync 1 DAGs
[2023-07-19T16:42:42.859+0000] {logging_mixin.py:150} INFO - [2023-07-19T16:42:42.859+0000] {dag.py:3508} INFO - Setting next_dagrun for latest_only_with_trigger to 2023-07-19T12:42:42.859140+00:00, run_after=2023-07-19T16:42:42.859140+00:00
[2023-07-19T16:42:42.906+0000] {processor.py:179} INFO - Processing /home/airflow/.local/lib/python3.7/site-packages/airflow/example_dags/example_latest_only_with_trigger.py took 0.128 seconds
[2023-07-19T16:43:13.443+0000] {processor.py:157} INFO - Started process (PID=1153) to work on /home/airflow/.local/lib/python3.7/site-packages/airflow/example_dags/example_latest_only_with_trigger.py
[2023-07-19T16:43:13.443+0000] {processor.py:826} INFO - Processing file /home/airflow/.local/lib/python3.7/site-packages/airflow/example_dags/example_latest_only_with_trigger.py for tasks to queue
[2023-07-19T16:43:13.444+0000] {logging_mixin.py:150} INFO - [2023-07-19T16:43:13.443+0000] {dagbag.py:541} INFO - Filling up the DagBag from /home/airflow/.local/lib/python3.7/site-packages/airflow/example_dags/example_latest_only_with_trigger.py
[2023-07-19T16:43:13.447+0000] {processor.py:836} INFO - DAG(s) dict_keys(['latest_only_with_trigger']) retrieved from /home/airflow/.local/lib/python3.7/site-packages/airflow/example_dags/example_latest_only_with_trigger.py
[2023-07-19T16:43:13.461+0000] {logging_mixin.py:150} INFO - [2023-07-19T16:43:13.461+0000] {dag.py:2742} INFO - Sync 1 DAGs
[2023-07-19T16:43:13.473+0000] {logging_mixin.py:150} INFO - [2023-07-19T16:43:13.473+0000] {dag.py:3508} INFO - Setting next_dagrun for latest_only_with_trigger to 2023-07-19T12:43:13.473300+00:00, run_after=2023-07-19T16:43:13.473300+00:00
[2023-07-19T16:43:13.480+0000] {processor.py:179} INFO - Processing /home/airflow/.local/lib/python3.7/site-packages/airflow/example_dags/example_latest_only_with_trigger.py took 0.039 seconds
[2023-07-19T16:43:44.179+0000] {processor.py:157} INFO - Started process (PID=1209) to work on /home/airflow/.local/lib/python3.7/site-packages/airflow/example_dags/example_latest_only_with_trigger.py
[2023-07-19T16:43:44.179+0000] {processor.py:826} INFO - Processing file /home/airflow/.local/lib/python3.7/site-packages/airflow/example_dags/example_latest_only_with_trigger.py for tasks to queue
[2023-07-19T16:43:44.180+0000] {logging_mixin.py:150} INFO - [2023-07-19T16:43:44.180+0000] {dagbag.py:541} INFO - Filling up the DagBag from /home/airflow/.local/lib/python3.7/site-packages/airflow/example_dags/example_latest_only_with_trigger.py
[2023-07-19T16:43:44.184+0000] {processor.py:836} INFO - DAG(s) dict_keys(['latest_only_with_trigger']) retrieved from /home/airflow/.local/lib/python3.7/site-packages/airflow/example_dags/example_latest_only_with_trigger.py
[2023-07-19T16:43:44.200+0000] {logging_mixin.py:150} INFO - [2023-07-19T16:43:44.200+0000] {dag.py:2742} INFO - Sync 1 DAGs
[2023-07-19T16:43:44.212+0000] {logging_mixin.py:150} INFO - [2023-07-19T16:43:44.212+0000] {dag.py:3508} INFO - Setting next_dagrun for latest_only_with_trigger to 2023-07-19T12:43:44.212704+00:00, run_after=2023-07-19T16:43:44.212704+00:00
[2023-07-19T16:43:44.221+0000] {processor.py:179} INFO - Processing /home/airflow/.local/lib/python3.7/site-packages/airflow/example_dags/example_latest_only_with_trigger.py took 0.043 seconds
[2023-07-19T16:44:15.080+0000] {processor.py:157} INFO - Started process (PID=1264) to work on /home/airflow/.local/lib/python3.7/site-packages/airflow/example_dags/example_latest_only_with_trigger.py
[2023-07-19T16:44:15.081+0000] {processor.py:826} INFO - Processing file /home/airflow/.local/lib/python3.7/site-packages/airflow/example_dags/example_latest_only_with_trigger.py for tasks to queue
[2023-07-19T16:44:15.093+0000] {logging_mixin.py:150} INFO - [2023-07-19T16:44:15.089+0000] {dagbag.py:541} INFO - Filling up the DagBag from /home/airflow/.local/lib/python3.7/site-packages/airflow/example_dags/example_latest_only_with_trigger.py
[2023-07-19T16:44:15.116+0000] {processor.py:836} INFO - DAG(s) dict_keys(['latest_only_with_trigger']) retrieved from /home/airflow/.local/lib/python3.7/site-packages/airflow/example_dags/example_latest_only_with_trigger.py
[2023-07-19T16:44:15.156+0000] {logging_mixin.py:150} INFO - [2023-07-19T16:44:15.156+0000] {dag.py:2742} INFO - Sync 1 DAGs
[2023-07-19T16:44:15.179+0000] {logging_mixin.py:150} INFO - [2023-07-19T16:44:15.179+0000] {dag.py:3508} INFO - Setting next_dagrun for latest_only_with_trigger to 2023-07-19T12:44:15.179630+00:00, run_after=2023-07-19T16:44:15.179630+00:00
[2023-07-19T16:44:15.201+0000] {processor.py:179} INFO - Processing /home/airflow/.local/lib/python3.7/site-packages/airflow/example_dags/example_latest_only_with_trigger.py took 0.126 seconds
[2023-07-19T16:44:45.824+0000] {processor.py:157} INFO - Started process (PID=1326) to work on /home/airflow/.local/lib/python3.7/site-packages/airflow/example_dags/example_latest_only_with_trigger.py
[2023-07-19T16:44:45.824+0000] {processor.py:826} INFO - Processing file /home/airflow/.local/lib/python3.7/site-packages/airflow/example_dags/example_latest_only_with_trigger.py for tasks to queue
[2023-07-19T16:44:45.825+0000] {logging_mixin.py:150} INFO - [2023-07-19T16:44:45.824+0000] {dagbag.py:541} INFO - Filling up the DagBag from /home/airflow/.local/lib/python3.7/site-packages/airflow/example_dags/example_latest_only_with_trigger.py
[2023-07-19T16:44:45.828+0000] {processor.py:836} INFO - DAG(s) dict_keys(['latest_only_with_trigger']) retrieved from /home/airflow/.local/lib/python3.7/site-packages/airflow/example_dags/example_latest_only_with_trigger.py
[2023-07-19T16:44:45.845+0000] {logging_mixin.py:150} INFO - [2023-07-19T16:44:45.845+0000] {dag.py:2742} INFO - Sync 1 DAGs
[2023-07-19T16:44:45.857+0000] {logging_mixin.py:150} INFO - [2023-07-19T16:44:45.857+0000] {dag.py:3508} INFO - Setting next_dagrun for latest_only_with_trigger to 2023-07-19T12:44:45.857343+00:00, run_after=2023-07-19T16:44:45.857343+00:00
[2023-07-19T16:44:45.866+0000] {processor.py:179} INFO - Processing /home/airflow/.local/lib/python3.7/site-packages/airflow/example_dags/example_latest_only_with_trigger.py took 0.044 seconds
[2023-07-19T16:45:16.810+0000] {processor.py:157} INFO - Started process (PID=1381) to work on /home/airflow/.local/lib/python3.7/site-packages/airflow/example_dags/example_latest_only_with_trigger.py
[2023-07-19T16:45:16.811+0000] {processor.py:826} INFO - Processing file /home/airflow/.local/lib/python3.7/site-packages/airflow/example_dags/example_latest_only_with_trigger.py for tasks to queue
[2023-07-19T16:45:16.811+0000] {logging_mixin.py:150} INFO - [2023-07-19T16:45:16.811+0000] {dagbag.py:541} INFO - Filling up the DagBag from /home/airflow/.local/lib/python3.7/site-packages/airflow/example_dags/example_latest_only_with_trigger.py
[2023-07-19T16:45:16.816+0000] {processor.py:836} INFO - DAG(s) dict_keys(['latest_only_with_trigger']) retrieved from /home/airflow/.local/lib/python3.7/site-packages/airflow/example_dags/example_latest_only_with_trigger.py
[2023-07-19T16:45:16.841+0000] {logging_mixin.py:150} INFO - [2023-07-19T16:45:16.841+0000] {dag.py:2742} INFO - Sync 1 DAGs
[2023-07-19T16:45:16.859+0000] {logging_mixin.py:150} INFO - [2023-07-19T16:45:16.859+0000] {dag.py:3508} INFO - Setting next_dagrun for latest_only_with_trigger to 2023-07-19T12:45:16.859507+00:00, run_after=2023-07-19T16:45:16.859507+00:00
[2023-07-19T16:45:16.868+0000] {processor.py:179} INFO - Processing /home/airflow/.local/lib/python3.7/site-packages/airflow/example_dags/example_latest_only_with_trigger.py took 0.059 seconds
[2023-07-19T16:45:47.049+0000] {processor.py:157} INFO - Started process (PID=1436) to work on /home/airflow/.local/lib/python3.7/site-packages/airflow/example_dags/example_latest_only_with_trigger.py
[2023-07-19T16:45:47.050+0000] {processor.py:826} INFO - Processing file /home/airflow/.local/lib/python3.7/site-packages/airflow/example_dags/example_latest_only_with_trigger.py for tasks to queue
[2023-07-19T16:45:47.050+0000] {logging_mixin.py:150} INFO - [2023-07-19T16:45:47.050+0000] {dagbag.py:541} INFO - Filling up the DagBag from /home/airflow/.local/lib/python3.7/site-packages/airflow/example_dags/example_latest_only_with_trigger.py
[2023-07-19T16:45:47.060+0000] {processor.py:836} INFO - DAG(s) dict_keys(['latest_only_with_trigger']) retrieved from /home/airflow/.local/lib/python3.7/site-packages/airflow/example_dags/example_latest_only_with_trigger.py
[2023-07-19T16:45:47.109+0000] {logging_mixin.py:150} INFO - [2023-07-19T16:45:47.109+0000] {dag.py:2742} INFO - Sync 1 DAGs
[2023-07-19T16:45:47.126+0000] {logging_mixin.py:150} INFO - [2023-07-19T16:45:47.123+0000] {dag.py:3508} INFO - Setting next_dagrun for latest_only_with_trigger to 2023-07-19T12:45:47.123605+00:00, run_after=2023-07-19T16:45:47.123605+00:00
[2023-07-19T16:45:47.163+0000] {processor.py:179} INFO - Processing /home/airflow/.local/lib/python3.7/site-packages/airflow/example_dags/example_latest_only_with_trigger.py took 0.149 seconds
[2023-07-19T16:46:17.988+0000] {processor.py:157} INFO - Started process (PID=1491) to work on /home/airflow/.local/lib/python3.7/site-packages/airflow/example_dags/example_latest_only_with_trigger.py
[2023-07-19T16:46:17.988+0000] {processor.py:826} INFO - Processing file /home/airflow/.local/lib/python3.7/site-packages/airflow/example_dags/example_latest_only_with_trigger.py for tasks to queue
[2023-07-19T16:46:17.989+0000] {logging_mixin.py:150} INFO - [2023-07-19T16:46:17.989+0000] {dagbag.py:541} INFO - Filling up the DagBag from /home/airflow/.local/lib/python3.7/site-packages/airflow/example_dags/example_latest_only_with_trigger.py
[2023-07-19T16:46:17.993+0000] {processor.py:836} INFO - DAG(s) dict_keys(['latest_only_with_trigger']) retrieved from /home/airflow/.local/lib/python3.7/site-packages/airflow/example_dags/example_latest_only_with_trigger.py
[2023-07-19T16:46:18.010+0000] {logging_mixin.py:150} INFO - [2023-07-19T16:46:18.010+0000] {dag.py:2742} INFO - Sync 1 DAGs
[2023-07-19T16:46:18.024+0000] {logging_mixin.py:150} INFO - [2023-07-19T16:46:18.024+0000] {dag.py:3508} INFO - Setting next_dagrun for latest_only_with_trigger to 2023-07-19T12:46:18.023874+00:00, run_after=2023-07-19T16:46:18.023874+00:00
[2023-07-19T16:46:18.033+0000] {processor.py:179} INFO - Processing /home/airflow/.local/lib/python3.7/site-packages/airflow/example_dags/example_latest_only_with_trigger.py took 0.046 seconds
[2023-07-19T16:46:48.603+0000] {processor.py:157} INFO - Started process (PID=1546) to work on /home/airflow/.local/lib/python3.7/site-packages/airflow/example_dags/example_latest_only_with_trigger.py
[2023-07-19T16:46:48.603+0000] {processor.py:826} INFO - Processing file /home/airflow/.local/lib/python3.7/site-packages/airflow/example_dags/example_latest_only_with_trigger.py for tasks to queue
[2023-07-19T16:46:48.604+0000] {logging_mixin.py:150} INFO - [2023-07-19T16:46:48.604+0000] {dagbag.py:541} INFO - Filling up the DagBag from /home/airflow/.local/lib/python3.7/site-packages/airflow/example_dags/example_latest_only_with_trigger.py
[2023-07-19T16:46:48.608+0000] {processor.py:836} INFO - DAG(s) dict_keys(['latest_only_with_trigger']) retrieved from /home/airflow/.local/lib/python3.7/site-packages/airflow/example_dags/example_latest_only_with_trigger.py
[2023-07-19T16:46:48.623+0000] {logging_mixin.py:150} INFO - [2023-07-19T16:46:48.623+0000] {dag.py:2742} INFO - Sync 1 DAGs
[2023-07-19T16:46:48.635+0000] {logging_mixin.py:150} INFO - [2023-07-19T16:46:48.634+0000] {dag.py:3508} INFO - Setting next_dagrun for latest_only_with_trigger to 2023-07-19T12:46:48.634781+00:00, run_after=2023-07-19T16:46:48.634781+00:00
[2023-07-19T16:46:48.642+0000] {processor.py:179} INFO - Processing /home/airflow/.local/lib/python3.7/site-packages/airflow/example_dags/example_latest_only_with_trigger.py took 0.045 seconds
[2023-07-19T16:47:19.557+0000] {processor.py:157} INFO - Started process (PID=1600) to work on /home/airflow/.local/lib/python3.7/site-packages/airflow/example_dags/example_latest_only_with_trigger.py
[2023-07-19T16:47:19.558+0000] {processor.py:826} INFO - Processing file /home/airflow/.local/lib/python3.7/site-packages/airflow/example_dags/example_latest_only_with_trigger.py for tasks to queue
[2023-07-19T16:47:19.559+0000] {logging_mixin.py:150} INFO - [2023-07-19T16:47:19.559+0000] {dagbag.py:541} INFO - Filling up the DagBag from /home/airflow/.local/lib/python3.7/site-packages/airflow/example_dags/example_latest_only_with_trigger.py
[2023-07-19T16:47:19.569+0000] {processor.py:836} INFO - DAG(s) dict_keys(['latest_only_with_trigger']) retrieved from /home/airflow/.local/lib/python3.7/site-packages/airflow/example_dags/example_latest_only_with_trigger.py
[2023-07-19T16:47:19.586+0000] {logging_mixin.py:150} INFO - [2023-07-19T16:47:19.586+0000] {dag.py:2742} INFO - Sync 1 DAGs
[2023-07-19T16:47:19.599+0000] {logging_mixin.py:150} INFO - [2023-07-19T16:47:19.599+0000] {dag.py:3508} INFO - Setting next_dagrun for latest_only_with_trigger to 2023-07-19T12:47:19.599332+00:00, run_after=2023-07-19T16:47:19.599332+00:00
[2023-07-19T16:47:19.607+0000] {processor.py:179} INFO - Processing /home/airflow/.local/lib/python3.7/site-packages/airflow/example_dags/example_latest_only_with_trigger.py took 0.055 seconds
[2023-07-19T16:47:50.500+0000] {processor.py:157} INFO - Started process (PID=1655) to work on /home/airflow/.local/lib/python3.7/site-packages/airflow/example_dags/example_latest_only_with_trigger.py
[2023-07-19T16:47:50.501+0000] {processor.py:826} INFO - Processing file /home/airflow/.local/lib/python3.7/site-packages/airflow/example_dags/example_latest_only_with_trigger.py for tasks to queue
[2023-07-19T16:47:50.502+0000] {logging_mixin.py:150} INFO - [2023-07-19T16:47:50.502+0000] {dagbag.py:541} INFO - Filling up the DagBag from /home/airflow/.local/lib/python3.7/site-packages/airflow/example_dags/example_latest_only_with_trigger.py
[2023-07-19T16:47:50.505+0000] {processor.py:836} INFO - DAG(s) dict_keys(['latest_only_with_trigger']) retrieved from /home/airflow/.local/lib/python3.7/site-packages/airflow/example_dags/example_latest_only_with_trigger.py
[2023-07-19T16:47:50.520+0000] {logging_mixin.py:150} INFO - [2023-07-19T16:47:50.520+0000] {dag.py:2742} INFO - Sync 1 DAGs
[2023-07-19T16:47:50.532+0000] {logging_mixin.py:150} INFO - [2023-07-19T16:47:50.532+0000] {dag.py:3508} INFO - Setting next_dagrun for latest_only_with_trigger to 2023-07-19T12:47:50.532654+00:00, run_after=2023-07-19T16:47:50.532654+00:00
[2023-07-19T16:47:50.541+0000] {processor.py:179} INFO - Processing /home/airflow/.local/lib/python3.7/site-packages/airflow/example_dags/example_latest_only_with_trigger.py took 0.042 seconds
[2023-07-19T16:48:20.844+0000] {processor.py:157} INFO - Started process (PID=1710) to work on /home/airflow/.local/lib/python3.7/site-packages/airflow/example_dags/example_latest_only_with_trigger.py
[2023-07-19T16:48:20.845+0000] {processor.py:826} INFO - Processing file /home/airflow/.local/lib/python3.7/site-packages/airflow/example_dags/example_latest_only_with_trigger.py for tasks to queue
[2023-07-19T16:48:20.845+0000] {logging_mixin.py:150} INFO - [2023-07-19T16:48:20.845+0000] {dagbag.py:541} INFO - Filling up the DagBag from /home/airflow/.local/lib/python3.7/site-packages/airflow/example_dags/example_latest_only_with_trigger.py
[2023-07-19T16:48:20.849+0000] {processor.py:836} INFO - DAG(s) dict_keys(['latest_only_with_trigger']) retrieved from /home/airflow/.local/lib/python3.7/site-packages/airflow/example_dags/example_latest_only_with_trigger.py
[2023-07-19T16:48:20.863+0000] {logging_mixin.py:150} INFO - [2023-07-19T16:48:20.863+0000] {dag.py:2742} INFO - Sync 1 DAGs
[2023-07-19T16:48:20.875+0000] {logging_mixin.py:150} INFO - [2023-07-19T16:48:20.875+0000] {dag.py:3508} INFO - Setting next_dagrun for latest_only_with_trigger to 2023-07-19T12:48:20.875720+00:00, run_after=2023-07-19T16:48:20.875720+00:00
[2023-07-19T16:48:20.883+0000] {processor.py:179} INFO - Processing /home/airflow/.local/lib/python3.7/site-packages/airflow/example_dags/example_latest_only_with_trigger.py took 0.041 seconds
[2023-07-19T16:48:51.689+0000] {processor.py:157} INFO - Started process (PID=1765) to work on /home/airflow/.local/lib/python3.7/site-packages/airflow/example_dags/example_latest_only_with_trigger.py
[2023-07-19T16:48:51.690+0000] {processor.py:826} INFO - Processing file /home/airflow/.local/lib/python3.7/site-packages/airflow/example_dags/example_latest_only_with_trigger.py for tasks to queue
[2023-07-19T16:48:51.690+0000] {logging_mixin.py:150} INFO - [2023-07-19T16:48:51.690+0000] {dagbag.py:541} INFO - Filling up the DagBag from /home/airflow/.local/lib/python3.7/site-packages/airflow/example_dags/example_latest_only_with_trigger.py
[2023-07-19T16:48:51.696+0000] {processor.py:836} INFO - DAG(s) dict_keys(['latest_only_with_trigger']) retrieved from /home/airflow/.local/lib/python3.7/site-packages/airflow/example_dags/example_latest_only_with_trigger.py
[2023-07-19T16:48:51.711+0000] {logging_mixin.py:150} INFO - [2023-07-19T16:48:51.711+0000] {dag.py:2742} INFO - Sync 1 DAGs
[2023-07-19T16:48:51.732+0000] {logging_mixin.py:150} INFO - [2023-07-19T16:48:51.732+0000] {dag.py:3508} INFO - Setting next_dagrun for latest_only_with_trigger to 2023-07-19T12:48:51.732392+00:00, run_after=2023-07-19T16:48:51.732392+00:00
[2023-07-19T16:48:51.750+0000] {processor.py:179} INFO - Processing /home/airflow/.local/lib/python3.7/site-packages/airflow/example_dags/example_latest_only_with_trigger.py took 0.063 seconds
[2023-07-19T16:49:22.624+0000] {processor.py:157} INFO - Started process (PID=1820) to work on /home/airflow/.local/lib/python3.7/site-packages/airflow/example_dags/example_latest_only_with_trigger.py
[2023-07-19T16:49:22.624+0000] {processor.py:826} INFO - Processing file /home/airflow/.local/lib/python3.7/site-packages/airflow/example_dags/example_latest_only_with_trigger.py for tasks to queue
[2023-07-19T16:49:22.625+0000] {logging_mixin.py:150} INFO - [2023-07-19T16:49:22.625+0000] {dagbag.py:541} INFO - Filling up the DagBag from /home/airflow/.local/lib/python3.7/site-packages/airflow/example_dags/example_latest_only_with_trigger.py
[2023-07-19T16:49:22.629+0000] {processor.py:836} INFO - DAG(s) dict_keys(['latest_only_with_trigger']) retrieved from /home/airflow/.local/lib/python3.7/site-packages/airflow/example_dags/example_latest_only_with_trigger.py
[2023-07-19T16:49:22.651+0000] {logging_mixin.py:150} INFO - [2023-07-19T16:49:22.651+0000] {dag.py:2742} INFO - Sync 1 DAGs
[2023-07-19T16:49:22.666+0000] {logging_mixin.py:150} INFO - [2023-07-19T16:49:22.666+0000] {dag.py:3508} INFO - Setting next_dagrun for latest_only_with_trigger to 2023-07-19T12:49:22.666226+00:00, run_after=2023-07-19T16:49:22.666226+00:00
[2023-07-19T16:49:22.678+0000] {processor.py:179} INFO - Processing /home/airflow/.local/lib/python3.7/site-packages/airflow/example_dags/example_latest_only_with_trigger.py took 0.057 seconds
[2023-07-19T16:49:53.007+0000] {processor.py:157} INFO - Started process (PID=1875) to work on /home/airflow/.local/lib/python3.7/site-packages/airflow/example_dags/example_latest_only_with_trigger.py
[2023-07-19T16:49:53.008+0000] {processor.py:826} INFO - Processing file /home/airflow/.local/lib/python3.7/site-packages/airflow/example_dags/example_latest_only_with_trigger.py for tasks to queue
[2023-07-19T16:49:53.008+0000] {logging_mixin.py:150} INFO - [2023-07-19T16:49:53.008+0000] {dagbag.py:541} INFO - Filling up the DagBag from /home/airflow/.local/lib/python3.7/site-packages/airflow/example_dags/example_latest_only_with_trigger.py
[2023-07-19T16:49:53.013+0000] {processor.py:836} INFO - DAG(s) dict_keys(['latest_only_with_trigger']) retrieved from /home/airflow/.local/lib/python3.7/site-packages/airflow/example_dags/example_latest_only_with_trigger.py
[2023-07-19T16:49:53.029+0000] {logging_mixin.py:150} INFO - [2023-07-19T16:49:53.029+0000] {dag.py:2742} INFO - Sync 1 DAGs
[2023-07-19T16:49:53.043+0000] {logging_mixin.py:150} INFO - [2023-07-19T16:49:53.043+0000] {dag.py:3508} INFO - Setting next_dagrun for latest_only_with_trigger to 2023-07-19T12:49:53.043302+00:00, run_after=2023-07-19T16:49:53.043302+00:00
[2023-07-19T16:49:53.052+0000] {processor.py:179} INFO - Processing /home/airflow/.local/lib/python3.7/site-packages/airflow/example_dags/example_latest_only_with_trigger.py took 0.046 seconds
[2023-07-19T16:50:23.690+0000] {processor.py:157} INFO - Started process (PID=1930) to work on /home/airflow/.local/lib/python3.7/site-packages/airflow/example_dags/example_latest_only_with_trigger.py
[2023-07-19T16:50:23.691+0000] {processor.py:826} INFO - Processing file /home/airflow/.local/lib/python3.7/site-packages/airflow/example_dags/example_latest_only_with_trigger.py for tasks to queue
[2023-07-19T16:50:23.691+0000] {logging_mixin.py:150} INFO - [2023-07-19T16:50:23.691+0000] {dagbag.py:541} INFO - Filling up the DagBag from /home/airflow/.local/lib/python3.7/site-packages/airflow/example_dags/example_latest_only_with_trigger.py
[2023-07-19T16:50:23.695+0000] {processor.py:836} INFO - DAG(s) dict_keys(['latest_only_with_trigger']) retrieved from /home/airflow/.local/lib/python3.7/site-packages/airflow/example_dags/example_latest_only_with_trigger.py
[2023-07-19T16:50:23.709+0000] {logging_mixin.py:150} INFO - [2023-07-19T16:50:23.709+0000] {dag.py:2742} INFO - Sync 1 DAGs
[2023-07-19T16:50:23.733+0000] {logging_mixin.py:150} INFO - [2023-07-19T16:50:23.733+0000] {dag.py:3508} INFO - Setting next_dagrun for latest_only_with_trigger to 2023-07-19T12:50:23.732959+00:00, run_after=2023-07-19T16:50:23.732959+00:00
[2023-07-19T16:50:23.740+0000] {processor.py:179} INFO - Processing /home/airflow/.local/lib/python3.7/site-packages/airflow/example_dags/example_latest_only_with_trigger.py took 0.054 seconds
[2023-07-19T16:50:54.125+0000] {processor.py:157} INFO - Started process (PID=1985) to work on /home/airflow/.local/lib/python3.7/site-packages/airflow/example_dags/example_latest_only_with_trigger.py
[2023-07-19T16:50:54.128+0000] {processor.py:826} INFO - Processing file /home/airflow/.local/lib/python3.7/site-packages/airflow/example_dags/example_latest_only_with_trigger.py for tasks to queue
[2023-07-19T16:50:54.129+0000] {logging_mixin.py:150} INFO - [2023-07-19T16:50:54.128+0000] {dagbag.py:541} INFO - Filling up the DagBag from /home/airflow/.local/lib/python3.7/site-packages/airflow/example_dags/example_latest_only_with_trigger.py
[2023-07-19T16:50:54.138+0000] {processor.py:836} INFO - DAG(s) dict_keys(['latest_only_with_trigger']) retrieved from /home/airflow/.local/lib/python3.7/site-packages/airflow/example_dags/example_latest_only_with_trigger.py
[2023-07-19T16:50:54.171+0000] {logging_mixin.py:150} INFO - [2023-07-19T16:50:54.171+0000] {dag.py:2742} INFO - Sync 1 DAGs
[2023-07-19T16:50:54.191+0000] {logging_mixin.py:150} INFO - [2023-07-19T16:50:54.191+0000] {dag.py:3508} INFO - Setting next_dagrun for latest_only_with_trigger to 2023-07-19T12:50:54.191357+00:00, run_after=2023-07-19T16:50:54.191357+00:00
[2023-07-19T16:50:54.203+0000] {processor.py:179} INFO - Processing /home/airflow/.local/lib/python3.7/site-packages/airflow/example_dags/example_latest_only_with_trigger.py took 0.081 seconds
[2023-07-19T16:51:24.594+0000] {processor.py:157} INFO - Started process (PID=2040) to work on /home/airflow/.local/lib/python3.7/site-packages/airflow/example_dags/example_latest_only_with_trigger.py
[2023-07-19T16:51:24.595+0000] {processor.py:826} INFO - Processing file /home/airflow/.local/lib/python3.7/site-packages/airflow/example_dags/example_latest_only_with_trigger.py for tasks to queue
[2023-07-19T16:51:24.597+0000] {logging_mixin.py:150} INFO - [2023-07-19T16:51:24.597+0000] {dagbag.py:541} INFO - Filling up the DagBag from /home/airflow/.local/lib/python3.7/site-packages/airflow/example_dags/example_latest_only_with_trigger.py
[2023-07-19T16:51:24.601+0000] {processor.py:836} INFO - DAG(s) dict_keys(['latest_only_with_trigger']) retrieved from /home/airflow/.local/lib/python3.7/site-packages/airflow/example_dags/example_latest_only_with_trigger.py
[2023-07-19T16:51:24.629+0000] {logging_mixin.py:150} INFO - [2023-07-19T16:51:24.628+0000] {dag.py:2742} INFO - Sync 1 DAGs
[2023-07-19T16:51:24.646+0000] {logging_mixin.py:150} INFO - [2023-07-19T16:51:24.646+0000] {dag.py:3508} INFO - Setting next_dagrun for latest_only_with_trigger to 2023-07-19T12:51:24.646463+00:00, run_after=2023-07-19T16:51:24.646463+00:00
[2023-07-19T16:51:24.655+0000] {processor.py:179} INFO - Processing /home/airflow/.local/lib/python3.7/site-packages/airflow/example_dags/example_latest_only_with_trigger.py took 0.064 seconds
