[2023-07-19T16:32:51.710+0000] {processor.py:157} INFO - Started process (PID=59) to work on /home/airflow/.local/lib/python3.7/site-packages/airflow/example_dags/example_latest_only.py
[2023-07-19T16:32:51.711+0000] {processor.py:826} INFO - Processing file /home/airflow/.local/lib/python3.7/site-packages/airflow/example_dags/example_latest_only.py for tasks to queue
[2023-07-19T16:32:51.711+0000] {logging_mixin.py:150} INFO - [2023-07-19T16:32:51.711+0000] {dagbag.py:541} INFO - Filling up the DagBag from /home/airflow/.local/lib/python3.7/site-packages/airflow/example_dags/example_latest_only.py
[2023-07-19T16:32:51.727+0000] {processor.py:836} INFO - DAG(s) dict_keys(['latest_only']) retrieved from /home/airflow/.local/lib/python3.7/site-packages/airflow/example_dags/example_latest_only.py
[2023-07-19T16:32:51.764+0000] {logging_mixin.py:150} INFO - [2023-07-19T16:32:51.764+0000] {dag.py:2742} INFO - Sync 1 DAGs
[2023-07-19T16:32:51.789+0000] {logging_mixin.py:150} INFO - [2023-07-19T16:32:51.789+0000] {dag.py:3508} INFO - Setting next_dagrun for latest_only to 2023-07-19T12:32:51.789290+00:00, run_after=2023-07-19T16:32:51.789290+00:00
[2023-07-19T16:32:51.817+0000] {processor.py:179} INFO - Processing /home/airflow/.local/lib/python3.7/site-packages/airflow/example_dags/example_latest_only.py took 0.124 seconds
[2023-07-19T16:33:22.610+0000] {processor.py:157} INFO - Started process (PID=113) to work on /home/airflow/.local/lib/python3.7/site-packages/airflow/example_dags/example_latest_only.py
[2023-07-19T16:33:22.611+0000] {processor.py:826} INFO - Processing file /home/airflow/.local/lib/python3.7/site-packages/airflow/example_dags/example_latest_only.py for tasks to queue
[2023-07-19T16:33:22.614+0000] {logging_mixin.py:150} INFO - [2023-07-19T16:33:22.612+0000] {dagbag.py:541} INFO - Filling up the DagBag from /home/airflow/.local/lib/python3.7/site-packages/airflow/example_dags/example_latest_only.py
[2023-07-19T16:33:22.617+0000] {processor.py:836} INFO - DAG(s) dict_keys(['latest_only']) retrieved from /home/airflow/.local/lib/python3.7/site-packages/airflow/example_dags/example_latest_only.py
[2023-07-19T16:33:22.658+0000] {logging_mixin.py:150} INFO - [2023-07-19T16:33:22.657+0000] {dag.py:2742} INFO - Sync 1 DAGs
[2023-07-19T16:33:22.678+0000] {logging_mixin.py:150} INFO - [2023-07-19T16:33:22.678+0000] {dag.py:3508} INFO - Setting next_dagrun for latest_only to 2023-07-19T12:33:22.678701+00:00, run_after=2023-07-19T16:33:22.678701+00:00
[2023-07-19T16:33:22.690+0000] {processor.py:179} INFO - Processing /home/airflow/.local/lib/python3.7/site-packages/airflow/example_dags/example_latest_only.py took 0.082 seconds
[2023-07-19T16:33:53.425+0000] {processor.py:157} INFO - Started process (PID=169) to work on /home/airflow/.local/lib/python3.7/site-packages/airflow/example_dags/example_latest_only.py
[2023-07-19T16:33:53.426+0000] {processor.py:826} INFO - Processing file /home/airflow/.local/lib/python3.7/site-packages/airflow/example_dags/example_latest_only.py for tasks to queue
[2023-07-19T16:33:53.427+0000] {logging_mixin.py:150} INFO - [2023-07-19T16:33:53.427+0000] {dagbag.py:541} INFO - Filling up the DagBag from /home/airflow/.local/lib/python3.7/site-packages/airflow/example_dags/example_latest_only.py
[2023-07-19T16:33:53.432+0000] {processor.py:836} INFO - DAG(s) dict_keys(['latest_only']) retrieved from /home/airflow/.local/lib/python3.7/site-packages/airflow/example_dags/example_latest_only.py
[2023-07-19T16:33:53.464+0000] {logging_mixin.py:150} INFO - [2023-07-19T16:33:53.464+0000] {dag.py:2742} INFO - Sync 1 DAGs
[2023-07-19T16:33:53.479+0000] {logging_mixin.py:150} INFO - [2023-07-19T16:33:53.479+0000] {dag.py:3508} INFO - Setting next_dagrun for latest_only to 2023-07-19T12:33:53.478934+00:00, run_after=2023-07-19T16:33:53.478934+00:00
[2023-07-19T16:33:53.489+0000] {processor.py:179} INFO - Processing /home/airflow/.local/lib/python3.7/site-packages/airflow/example_dags/example_latest_only.py took 0.067 seconds
[2023-07-19T16:34:23.840+0000] {processor.py:157} INFO - Started process (PID=223) to work on /home/airflow/.local/lib/python3.7/site-packages/airflow/example_dags/example_latest_only.py
[2023-07-19T16:34:23.842+0000] {processor.py:826} INFO - Processing file /home/airflow/.local/lib/python3.7/site-packages/airflow/example_dags/example_latest_only.py for tasks to queue
[2023-07-19T16:34:23.842+0000] {logging_mixin.py:150} INFO - [2023-07-19T16:34:23.842+0000] {dagbag.py:541} INFO - Filling up the DagBag from /home/airflow/.local/lib/python3.7/site-packages/airflow/example_dags/example_latest_only.py
[2023-07-19T16:34:23.855+0000] {processor.py:836} INFO - DAG(s) dict_keys(['latest_only']) retrieved from /home/airflow/.local/lib/python3.7/site-packages/airflow/example_dags/example_latest_only.py
[2023-07-19T16:34:23.882+0000] {logging_mixin.py:150} INFO - [2023-07-19T16:34:23.882+0000] {dag.py:2742} INFO - Sync 1 DAGs
[2023-07-19T16:34:23.896+0000] {logging_mixin.py:150} INFO - [2023-07-19T16:34:23.896+0000] {dag.py:3508} INFO - Setting next_dagrun for latest_only to 2023-07-19T12:34:23.896328+00:00, run_after=2023-07-19T16:34:23.896328+00:00
[2023-07-19T16:34:23.904+0000] {processor.py:179} INFO - Processing /home/airflow/.local/lib/python3.7/site-packages/airflow/example_dags/example_latest_only.py took 0.066 seconds
[2023-07-19T16:34:54.184+0000] {processor.py:157} INFO - Started process (PID=278) to work on /home/airflow/.local/lib/python3.7/site-packages/airflow/example_dags/example_latest_only.py
[2023-07-19T16:34:54.185+0000] {processor.py:826} INFO - Processing file /home/airflow/.local/lib/python3.7/site-packages/airflow/example_dags/example_latest_only.py for tasks to queue
[2023-07-19T16:34:54.185+0000] {logging_mixin.py:150} INFO - [2023-07-19T16:34:54.185+0000] {dagbag.py:541} INFO - Filling up the DagBag from /home/airflow/.local/lib/python3.7/site-packages/airflow/example_dags/example_latest_only.py
[2023-07-19T16:34:54.188+0000] {processor.py:836} INFO - DAG(s) dict_keys(['latest_only']) retrieved from /home/airflow/.local/lib/python3.7/site-packages/airflow/example_dags/example_latest_only.py
[2023-07-19T16:34:54.208+0000] {logging_mixin.py:150} INFO - [2023-07-19T16:34:54.208+0000] {dag.py:2742} INFO - Sync 1 DAGs
[2023-07-19T16:34:54.221+0000] {logging_mixin.py:150} INFO - [2023-07-19T16:34:54.221+0000] {dag.py:3508} INFO - Setting next_dagrun for latest_only to 2023-07-19T12:34:54.220929+00:00, run_after=2023-07-19T16:34:54.220929+00:00
[2023-07-19T16:34:54.228+0000] {processor.py:179} INFO - Processing /home/airflow/.local/lib/python3.7/site-packages/airflow/example_dags/example_latest_only.py took 0.046 seconds
[2023-07-19T16:35:24.796+0000] {processor.py:157} INFO - Started process (PID=333) to work on /home/airflow/.local/lib/python3.7/site-packages/airflow/example_dags/example_latest_only.py
[2023-07-19T16:35:24.797+0000] {processor.py:826} INFO - Processing file /home/airflow/.local/lib/python3.7/site-packages/airflow/example_dags/example_latest_only.py for tasks to queue
[2023-07-19T16:35:24.798+0000] {logging_mixin.py:150} INFO - [2023-07-19T16:35:24.798+0000] {dagbag.py:541} INFO - Filling up the DagBag from /home/airflow/.local/lib/python3.7/site-packages/airflow/example_dags/example_latest_only.py
[2023-07-19T16:35:24.801+0000] {processor.py:836} INFO - DAG(s) dict_keys(['latest_only']) retrieved from /home/airflow/.local/lib/python3.7/site-packages/airflow/example_dags/example_latest_only.py
[2023-07-19T16:35:24.812+0000] {logging_mixin.py:150} INFO - [2023-07-19T16:35:24.812+0000] {dag.py:2742} INFO - Sync 1 DAGs
[2023-07-19T16:35:24.828+0000] {logging_mixin.py:150} INFO - [2023-07-19T16:35:24.827+0000] {dag.py:3508} INFO - Setting next_dagrun for latest_only to 2023-07-19T12:35:24.827715+00:00, run_after=2023-07-19T16:35:24.827715+00:00
[2023-07-19T16:35:24.837+0000] {processor.py:179} INFO - Processing /home/airflow/.local/lib/python3.7/site-packages/airflow/example_dags/example_latest_only.py took 0.043 seconds
[2023-07-19T16:35:55.744+0000] {processor.py:157} INFO - Started process (PID=389) to work on /home/airflow/.local/lib/python3.7/site-packages/airflow/example_dags/example_latest_only.py
[2023-07-19T16:35:55.745+0000] {processor.py:826} INFO - Processing file /home/airflow/.local/lib/python3.7/site-packages/airflow/example_dags/example_latest_only.py for tasks to queue
[2023-07-19T16:35:55.745+0000] {logging_mixin.py:150} INFO - [2023-07-19T16:35:55.745+0000] {dagbag.py:541} INFO - Filling up the DagBag from /home/airflow/.local/lib/python3.7/site-packages/airflow/example_dags/example_latest_only.py
[2023-07-19T16:35:55.748+0000] {processor.py:836} INFO - DAG(s) dict_keys(['latest_only']) retrieved from /home/airflow/.local/lib/python3.7/site-packages/airflow/example_dags/example_latest_only.py
[2023-07-19T16:35:55.769+0000] {logging_mixin.py:150} INFO - [2023-07-19T16:35:55.769+0000] {dag.py:2742} INFO - Sync 1 DAGs
[2023-07-19T16:35:55.783+0000] {logging_mixin.py:150} INFO - [2023-07-19T16:35:55.783+0000] {dag.py:3508} INFO - Setting next_dagrun for latest_only to 2023-07-19T12:35:55.782937+00:00, run_after=2023-07-19T16:35:55.782937+00:00
[2023-07-19T16:35:55.794+0000] {processor.py:179} INFO - Processing /home/airflow/.local/lib/python3.7/site-packages/airflow/example_dags/example_latest_only.py took 0.052 seconds
[2023-07-19T16:36:26.474+0000] {processor.py:157} INFO - Started process (PID=444) to work on /home/airflow/.local/lib/python3.7/site-packages/airflow/example_dags/example_latest_only.py
[2023-07-19T16:36:26.475+0000] {processor.py:826} INFO - Processing file /home/airflow/.local/lib/python3.7/site-packages/airflow/example_dags/example_latest_only.py for tasks to queue
[2023-07-19T16:36:26.475+0000] {logging_mixin.py:150} INFO - [2023-07-19T16:36:26.475+0000] {dagbag.py:541} INFO - Filling up the DagBag from /home/airflow/.local/lib/python3.7/site-packages/airflow/example_dags/example_latest_only.py
[2023-07-19T16:36:26.479+0000] {processor.py:836} INFO - DAG(s) dict_keys(['latest_only']) retrieved from /home/airflow/.local/lib/python3.7/site-packages/airflow/example_dags/example_latest_only.py
[2023-07-19T16:36:26.499+0000] {logging_mixin.py:150} INFO - [2023-07-19T16:36:26.499+0000] {dag.py:2742} INFO - Sync 1 DAGs
[2023-07-19T16:36:26.512+0000] {logging_mixin.py:150} INFO - [2023-07-19T16:36:26.512+0000] {dag.py:3508} INFO - Setting next_dagrun for latest_only to 2023-07-19T12:36:26.512045+00:00, run_after=2023-07-19T16:36:26.512045+00:00
[2023-07-19T16:36:26.520+0000] {processor.py:179} INFO - Processing /home/airflow/.local/lib/python3.7/site-packages/airflow/example_dags/example_latest_only.py took 0.048 seconds
[2023-07-19T16:36:57.482+0000] {processor.py:157} INFO - Started process (PID=499) to work on /home/airflow/.local/lib/python3.7/site-packages/airflow/example_dags/example_latest_only.py
[2023-07-19T16:36:57.482+0000] {processor.py:826} INFO - Processing file /home/airflow/.local/lib/python3.7/site-packages/airflow/example_dags/example_latest_only.py for tasks to queue
[2023-07-19T16:36:57.482+0000] {logging_mixin.py:150} INFO - [2023-07-19T16:36:57.482+0000] {dagbag.py:541} INFO - Filling up the DagBag from /home/airflow/.local/lib/python3.7/site-packages/airflow/example_dags/example_latest_only.py
[2023-07-19T16:36:57.486+0000] {processor.py:836} INFO - DAG(s) dict_keys(['latest_only']) retrieved from /home/airflow/.local/lib/python3.7/site-packages/airflow/example_dags/example_latest_only.py
[2023-07-19T16:36:57.502+0000] {logging_mixin.py:150} INFO - [2023-07-19T16:36:57.502+0000] {dag.py:2742} INFO - Sync 1 DAGs
[2023-07-19T16:36:57.514+0000] {logging_mixin.py:150} INFO - [2023-07-19T16:36:57.514+0000] {dag.py:3508} INFO - Setting next_dagrun for latest_only to 2023-07-19T12:36:57.514056+00:00, run_after=2023-07-19T16:36:57.514056+00:00
[2023-07-19T16:36:57.523+0000] {processor.py:179} INFO - Processing /home/airflow/.local/lib/python3.7/site-packages/airflow/example_dags/example_latest_only.py took 0.043 seconds
[2023-07-19T16:37:28.963+0000] {processor.py:157} INFO - Started process (PID=554) to work on /home/airflow/.local/lib/python3.7/site-packages/airflow/example_dags/example_latest_only.py
[2023-07-19T16:37:28.965+0000] {processor.py:826} INFO - Processing file /home/airflow/.local/lib/python3.7/site-packages/airflow/example_dags/example_latest_only.py for tasks to queue
[2023-07-19T16:37:28.966+0000] {logging_mixin.py:150} INFO - [2023-07-19T16:37:28.966+0000] {dagbag.py:541} INFO - Filling up the DagBag from /home/airflow/.local/lib/python3.7/site-packages/airflow/example_dags/example_latest_only.py
[2023-07-19T16:37:28.974+0000] {processor.py:836} INFO - DAG(s) dict_keys(['latest_only']) retrieved from /home/airflow/.local/lib/python3.7/site-packages/airflow/example_dags/example_latest_only.py
[2023-07-19T16:37:29.043+0000] {logging_mixin.py:150} INFO - [2023-07-19T16:37:29.043+0000] {dag.py:2742} INFO - Sync 1 DAGs
[2023-07-19T16:37:29.105+0000] {logging_mixin.py:150} INFO - [2023-07-19T16:37:29.105+0000] {dag.py:3508} INFO - Setting next_dagrun for latest_only to 2023-07-19T12:37:29.105498+00:00, run_after=2023-07-19T16:37:29.105498+00:00
[2023-07-19T16:37:29.178+0000] {processor.py:179} INFO - Processing /home/airflow/.local/lib/python3.7/site-packages/airflow/example_dags/example_latest_only.py took 0.217 seconds
[2023-07-19T16:37:59.218+0000] {processor.py:157} INFO - Started process (PID=609) to work on /home/airflow/.local/lib/python3.7/site-packages/airflow/example_dags/example_latest_only.py
[2023-07-19T16:37:59.219+0000] {processor.py:826} INFO - Processing file /home/airflow/.local/lib/python3.7/site-packages/airflow/example_dags/example_latest_only.py for tasks to queue
[2023-07-19T16:37:59.219+0000] {logging_mixin.py:150} INFO - [2023-07-19T16:37:59.219+0000] {dagbag.py:541} INFO - Filling up the DagBag from /home/airflow/.local/lib/python3.7/site-packages/airflow/example_dags/example_latest_only.py
[2023-07-19T16:37:59.223+0000] {processor.py:836} INFO - DAG(s) dict_keys(['latest_only']) retrieved from /home/airflow/.local/lib/python3.7/site-packages/airflow/example_dags/example_latest_only.py
[2023-07-19T16:37:59.245+0000] {logging_mixin.py:150} INFO - [2023-07-19T16:37:59.244+0000] {dag.py:2742} INFO - Sync 1 DAGs
[2023-07-19T16:37:59.260+0000] {logging_mixin.py:150} INFO - [2023-07-19T16:37:59.260+0000] {dag.py:3508} INFO - Setting next_dagrun for latest_only to 2023-07-19T12:37:59.260667+00:00, run_after=2023-07-19T16:37:59.260667+00:00
[2023-07-19T16:37:59.269+0000] {processor.py:179} INFO - Processing /home/airflow/.local/lib/python3.7/site-packages/airflow/example_dags/example_latest_only.py took 0.053 seconds
[2023-07-19T16:38:29.854+0000] {processor.py:157} INFO - Started process (PID=664) to work on /home/airflow/.local/lib/python3.7/site-packages/airflow/example_dags/example_latest_only.py
[2023-07-19T16:38:29.857+0000] {processor.py:826} INFO - Processing file /home/airflow/.local/lib/python3.7/site-packages/airflow/example_dags/example_latest_only.py for tasks to queue
[2023-07-19T16:38:29.862+0000] {logging_mixin.py:150} INFO - [2023-07-19T16:38:29.862+0000] {dagbag.py:541} INFO - Filling up the DagBag from /home/airflow/.local/lib/python3.7/site-packages/airflow/example_dags/example_latest_only.py
[2023-07-19T16:38:29.885+0000] {processor.py:836} INFO - DAG(s) dict_keys(['latest_only']) retrieved from /home/airflow/.local/lib/python3.7/site-packages/airflow/example_dags/example_latest_only.py
[2023-07-19T16:38:29.982+0000] {logging_mixin.py:150} INFO - [2023-07-19T16:38:29.982+0000] {dag.py:2742} INFO - Sync 1 DAGs
[2023-07-19T16:38:30.044+0000] {logging_mixin.py:150} INFO - [2023-07-19T16:38:30.044+0000] {dag.py:3508} INFO - Setting next_dagrun for latest_only to 2023-07-19T12:38:30.041892+00:00, run_after=2023-07-19T16:38:30.041892+00:00
[2023-07-19T16:38:30.100+0000] {processor.py:179} INFO - Processing /home/airflow/.local/lib/python3.7/site-packages/airflow/example_dags/example_latest_only.py took 0.260 seconds
[2023-07-19T16:39:00.833+0000] {processor.py:157} INFO - Started process (PID=719) to work on /home/airflow/.local/lib/python3.7/site-packages/airflow/example_dags/example_latest_only.py
[2023-07-19T16:39:00.834+0000] {processor.py:826} INFO - Processing file /home/airflow/.local/lib/python3.7/site-packages/airflow/example_dags/example_latest_only.py for tasks to queue
[2023-07-19T16:39:00.835+0000] {logging_mixin.py:150} INFO - [2023-07-19T16:39:00.835+0000] {dagbag.py:541} INFO - Filling up the DagBag from /home/airflow/.local/lib/python3.7/site-packages/airflow/example_dags/example_latest_only.py
[2023-07-19T16:39:00.841+0000] {processor.py:836} INFO - DAG(s) dict_keys(['latest_only']) retrieved from /home/airflow/.local/lib/python3.7/site-packages/airflow/example_dags/example_latest_only.py
[2023-07-19T16:39:00.858+0000] {logging_mixin.py:150} INFO - [2023-07-19T16:39:00.858+0000] {dag.py:2742} INFO - Sync 1 DAGs
[2023-07-19T16:39:00.874+0000] {logging_mixin.py:150} INFO - [2023-07-19T16:39:00.874+0000] {dag.py:3508} INFO - Setting next_dagrun for latest_only to 2023-07-19T12:39:00.874260+00:00, run_after=2023-07-19T16:39:00.874260+00:00
[2023-07-19T16:39:00.886+0000] {processor.py:179} INFO - Processing /home/airflow/.local/lib/python3.7/site-packages/airflow/example_dags/example_latest_only.py took 0.055 seconds
[2023-07-19T16:39:31.847+0000] {processor.py:157} INFO - Started process (PID=774) to work on /home/airflow/.local/lib/python3.7/site-packages/airflow/example_dags/example_latest_only.py
[2023-07-19T16:39:31.847+0000] {processor.py:826} INFO - Processing file /home/airflow/.local/lib/python3.7/site-packages/airflow/example_dags/example_latest_only.py for tasks to queue
[2023-07-19T16:39:31.848+0000] {logging_mixin.py:150} INFO - [2023-07-19T16:39:31.847+0000] {dagbag.py:541} INFO - Filling up the DagBag from /home/airflow/.local/lib/python3.7/site-packages/airflow/example_dags/example_latest_only.py
[2023-07-19T16:39:31.851+0000] {processor.py:836} INFO - DAG(s) dict_keys(['latest_only']) retrieved from /home/airflow/.local/lib/python3.7/site-packages/airflow/example_dags/example_latest_only.py
[2023-07-19T16:39:31.863+0000] {logging_mixin.py:150} INFO - [2023-07-19T16:39:31.863+0000] {dag.py:2742} INFO - Sync 1 DAGs
[2023-07-19T16:39:31.875+0000] {logging_mixin.py:150} INFO - [2023-07-19T16:39:31.875+0000] {dag.py:3508} INFO - Setting next_dagrun for latest_only to 2023-07-19T12:39:31.875199+00:00, run_after=2023-07-19T16:39:31.875199+00:00
[2023-07-19T16:39:31.883+0000] {processor.py:179} INFO - Processing /home/airflow/.local/lib/python3.7/site-packages/airflow/example_dags/example_latest_only.py took 0.038 seconds
[2023-07-19T16:40:12.428+0000] {processor.py:157} INFO - Started process (PID=830) to work on /home/airflow/.local/lib/python3.7/site-packages/airflow/example_dags/example_latest_only.py
[2023-07-19T16:40:12.445+0000] {processor.py:826} INFO - Processing file /home/airflow/.local/lib/python3.7/site-packages/airflow/example_dags/example_latest_only.py for tasks to queue
[2023-07-19T16:40:12.448+0000] {logging_mixin.py:150} INFO - [2023-07-19T16:40:12.447+0000] {dagbag.py:541} INFO - Filling up the DagBag from /home/airflow/.local/lib/python3.7/site-packages/airflow/example_dags/example_latest_only.py
[2023-07-19T16:40:12.464+0000] {processor.py:836} INFO - DAG(s) dict_keys(['latest_only']) retrieved from /home/airflow/.local/lib/python3.7/site-packages/airflow/example_dags/example_latest_only.py
[2023-07-19T16:40:12.598+0000] {logging_mixin.py:150} INFO - [2023-07-19T16:40:12.597+0000] {dag.py:2742} INFO - Sync 1 DAGs
[2023-07-19T16:40:12.683+0000] {logging_mixin.py:150} INFO - [2023-07-19T16:40:12.683+0000] {dag.py:3508} INFO - Setting next_dagrun for latest_only to 2023-07-19T12:40:12.683367+00:00, run_after=2023-07-19T16:40:12.683367+00:00
[2023-07-19T16:40:12.789+0000] {processor.py:179} INFO - Processing /home/airflow/.local/lib/python3.7/site-packages/airflow/example_dags/example_latest_only.py took 0.389 seconds
[2023-07-19T16:40:43.641+0000] {processor.py:157} INFO - Started process (PID=885) to work on /home/airflow/.local/lib/python3.7/site-packages/airflow/example_dags/example_latest_only.py
[2023-07-19T16:40:43.643+0000] {processor.py:826} INFO - Processing file /home/airflow/.local/lib/python3.7/site-packages/airflow/example_dags/example_latest_only.py for tasks to queue
[2023-07-19T16:40:43.643+0000] {logging_mixin.py:150} INFO - [2023-07-19T16:40:43.643+0000] {dagbag.py:541} INFO - Filling up the DagBag from /home/airflow/.local/lib/python3.7/site-packages/airflow/example_dags/example_latest_only.py
[2023-07-19T16:40:43.652+0000] {processor.py:836} INFO - DAG(s) dict_keys(['latest_only']) retrieved from /home/airflow/.local/lib/python3.7/site-packages/airflow/example_dags/example_latest_only.py
[2023-07-19T16:40:43.674+0000] {logging_mixin.py:150} INFO - [2023-07-19T16:40:43.674+0000] {dag.py:2742} INFO - Sync 1 DAGs
[2023-07-19T16:40:43.689+0000] {logging_mixin.py:150} INFO - [2023-07-19T16:40:43.689+0000] {dag.py:3508} INFO - Setting next_dagrun for latest_only to 2023-07-19T12:40:43.689514+00:00, run_after=2023-07-19T16:40:43.689514+00:00
[2023-07-19T16:40:43.699+0000] {processor.py:179} INFO - Processing /home/airflow/.local/lib/python3.7/site-packages/airflow/example_dags/example_latest_only.py took 0.070 seconds
[2023-07-19T16:41:13.776+0000] {processor.py:157} INFO - Started process (PID=939) to work on /home/airflow/.local/lib/python3.7/site-packages/airflow/example_dags/example_latest_only.py
[2023-07-19T16:41:13.781+0000] {processor.py:826} INFO - Processing file /home/airflow/.local/lib/python3.7/site-packages/airflow/example_dags/example_latest_only.py for tasks to queue
[2023-07-19T16:41:13.781+0000] {logging_mixin.py:150} INFO - [2023-07-19T16:41:13.781+0000] {dagbag.py:541} INFO - Filling up the DagBag from /home/airflow/.local/lib/python3.7/site-packages/airflow/example_dags/example_latest_only.py
[2023-07-19T16:41:13.786+0000] {processor.py:836} INFO - DAG(s) dict_keys(['latest_only']) retrieved from /home/airflow/.local/lib/python3.7/site-packages/airflow/example_dags/example_latest_only.py
[2023-07-19T16:41:13.815+0000] {logging_mixin.py:150} INFO - [2023-07-19T16:41:13.814+0000] {dag.py:2742} INFO - Sync 1 DAGs
[2023-07-19T16:41:13.834+0000] {logging_mixin.py:150} INFO - [2023-07-19T16:41:13.834+0000] {dag.py:3508} INFO - Setting next_dagrun for latest_only to 2023-07-19T12:41:13.833811+00:00, run_after=2023-07-19T16:41:13.833811+00:00
[2023-07-19T16:41:13.848+0000] {processor.py:179} INFO - Processing /home/airflow/.local/lib/python3.7/site-packages/airflow/example_dags/example_latest_only.py took 0.082 seconds
[2023-07-19T16:41:44.367+0000] {processor.py:157} INFO - Started process (PID=994) to work on /home/airflow/.local/lib/python3.7/site-packages/airflow/example_dags/example_latest_only.py
[2023-07-19T16:41:44.368+0000] {processor.py:826} INFO - Processing file /home/airflow/.local/lib/python3.7/site-packages/airflow/example_dags/example_latest_only.py for tasks to queue
[2023-07-19T16:41:44.369+0000] {logging_mixin.py:150} INFO - [2023-07-19T16:41:44.369+0000] {dagbag.py:541} INFO - Filling up the DagBag from /home/airflow/.local/lib/python3.7/site-packages/airflow/example_dags/example_latest_only.py
[2023-07-19T16:41:44.377+0000] {processor.py:836} INFO - DAG(s) dict_keys(['latest_only']) retrieved from /home/airflow/.local/lib/python3.7/site-packages/airflow/example_dags/example_latest_only.py
[2023-07-19T16:41:44.400+0000] {logging_mixin.py:150} INFO - [2023-07-19T16:41:44.400+0000] {dag.py:2742} INFO - Sync 1 DAGs
[2023-07-19T16:41:44.416+0000] {logging_mixin.py:150} INFO - [2023-07-19T16:41:44.416+0000] {dag.py:3508} INFO - Setting next_dagrun for latest_only to 2023-07-19T12:41:44.415876+00:00, run_after=2023-07-19T16:41:44.415876+00:00
[2023-07-19T16:41:44.426+0000] {processor.py:179} INFO - Processing /home/airflow/.local/lib/python3.7/site-packages/airflow/example_dags/example_latest_only.py took 0.064 seconds
[2023-07-19T16:42:14.630+0000] {processor.py:157} INFO - Started process (PID=1049) to work on /home/airflow/.local/lib/python3.7/site-packages/airflow/example_dags/example_latest_only.py
[2023-07-19T16:42:14.633+0000] {processor.py:826} INFO - Processing file /home/airflow/.local/lib/python3.7/site-packages/airflow/example_dags/example_latest_only.py for tasks to queue
[2023-07-19T16:42:14.633+0000] {logging_mixin.py:150} INFO - [2023-07-19T16:42:14.633+0000] {dagbag.py:541} INFO - Filling up the DagBag from /home/airflow/.local/lib/python3.7/site-packages/airflow/example_dags/example_latest_only.py
[2023-07-19T16:42:14.637+0000] {processor.py:836} INFO - DAG(s) dict_keys(['latest_only']) retrieved from /home/airflow/.local/lib/python3.7/site-packages/airflow/example_dags/example_latest_only.py
[2023-07-19T16:42:14.660+0000] {logging_mixin.py:150} INFO - [2023-07-19T16:42:14.660+0000] {dag.py:2742} INFO - Sync 1 DAGs
[2023-07-19T16:42:14.680+0000] {logging_mixin.py:150} INFO - [2023-07-19T16:42:14.680+0000] {dag.py:3508} INFO - Setting next_dagrun for latest_only to 2023-07-19T12:42:14.680340+00:00, run_after=2023-07-19T16:42:14.680340+00:00
[2023-07-19T16:42:14.688+0000] {processor.py:179} INFO - Processing /home/airflow/.local/lib/python3.7/site-packages/airflow/example_dags/example_latest_only.py took 0.060 seconds
[2023-07-19T16:42:45.062+0000] {processor.py:157} INFO - Started process (PID=1103) to work on /home/airflow/.local/lib/python3.7/site-packages/airflow/example_dags/example_latest_only.py
[2023-07-19T16:42:45.063+0000] {processor.py:826} INFO - Processing file /home/airflow/.local/lib/python3.7/site-packages/airflow/example_dags/example_latest_only.py for tasks to queue
[2023-07-19T16:42:45.063+0000] {logging_mixin.py:150} INFO - [2023-07-19T16:42:45.063+0000] {dagbag.py:541} INFO - Filling up the DagBag from /home/airflow/.local/lib/python3.7/site-packages/airflow/example_dags/example_latest_only.py
[2023-07-19T16:42:45.068+0000] {processor.py:836} INFO - DAG(s) dict_keys(['latest_only']) retrieved from /home/airflow/.local/lib/python3.7/site-packages/airflow/example_dags/example_latest_only.py
[2023-07-19T16:42:45.086+0000] {logging_mixin.py:150} INFO - [2023-07-19T16:42:45.086+0000] {dag.py:2742} INFO - Sync 1 DAGs
[2023-07-19T16:42:45.100+0000] {logging_mixin.py:150} INFO - [2023-07-19T16:42:45.100+0000] {dag.py:3508} INFO - Setting next_dagrun for latest_only to 2023-07-19T12:42:45.100433+00:00, run_after=2023-07-19T16:42:45.100433+00:00
[2023-07-19T16:42:45.111+0000] {processor.py:179} INFO - Processing /home/airflow/.local/lib/python3.7/site-packages/airflow/example_dags/example_latest_only.py took 0.051 seconds
[2023-07-19T16:43:15.726+0000] {processor.py:157} INFO - Started process (PID=1166) to work on /home/airflow/.local/lib/python3.7/site-packages/airflow/example_dags/example_latest_only.py
[2023-07-19T16:43:15.727+0000] {processor.py:826} INFO - Processing file /home/airflow/.local/lib/python3.7/site-packages/airflow/example_dags/example_latest_only.py for tasks to queue
[2023-07-19T16:43:15.728+0000] {logging_mixin.py:150} INFO - [2023-07-19T16:43:15.728+0000] {dagbag.py:541} INFO - Filling up the DagBag from /home/airflow/.local/lib/python3.7/site-packages/airflow/example_dags/example_latest_only.py
[2023-07-19T16:43:15.772+0000] {processor.py:836} INFO - DAG(s) dict_keys(['latest_only']) retrieved from /home/airflow/.local/lib/python3.7/site-packages/airflow/example_dags/example_latest_only.py
[2023-07-19T16:43:15.831+0000] {logging_mixin.py:150} INFO - [2023-07-19T16:43:15.831+0000] {dag.py:2742} INFO - Sync 1 DAGs
[2023-07-19T16:43:15.900+0000] {logging_mixin.py:150} INFO - [2023-07-19T16:43:15.900+0000] {dag.py:3508} INFO - Setting next_dagrun for latest_only to 2023-07-19T12:43:15.900009+00:00, run_after=2023-07-19T16:43:15.900009+00:00
[2023-07-19T16:43:15.969+0000] {processor.py:179} INFO - Processing /home/airflow/.local/lib/python3.7/site-packages/airflow/example_dags/example_latest_only.py took 0.251 seconds
[2023-07-19T16:43:46.466+0000] {processor.py:157} INFO - Started process (PID=1221) to work on /home/airflow/.local/lib/python3.7/site-packages/airflow/example_dags/example_latest_only.py
[2023-07-19T16:43:46.468+0000] {processor.py:826} INFO - Processing file /home/airflow/.local/lib/python3.7/site-packages/airflow/example_dags/example_latest_only.py for tasks to queue
[2023-07-19T16:43:46.469+0000] {logging_mixin.py:150} INFO - [2023-07-19T16:43:46.469+0000] {dagbag.py:541} INFO - Filling up the DagBag from /home/airflow/.local/lib/python3.7/site-packages/airflow/example_dags/example_latest_only.py
[2023-07-19T16:43:46.480+0000] {processor.py:836} INFO - DAG(s) dict_keys(['latest_only']) retrieved from /home/airflow/.local/lib/python3.7/site-packages/airflow/example_dags/example_latest_only.py
[2023-07-19T16:43:46.507+0000] {logging_mixin.py:150} INFO - [2023-07-19T16:43:46.506+0000] {dag.py:2742} INFO - Sync 1 DAGs
[2023-07-19T16:43:46.522+0000] {logging_mixin.py:150} INFO - [2023-07-19T16:43:46.522+0000] {dag.py:3508} INFO - Setting next_dagrun for latest_only to 2023-07-19T12:43:46.522227+00:00, run_after=2023-07-19T16:43:46.522227+00:00
[2023-07-19T16:43:46.530+0000] {processor.py:179} INFO - Processing /home/airflow/.local/lib/python3.7/site-packages/airflow/example_dags/example_latest_only.py took 0.072 seconds
[2023-07-19T16:44:17.443+0000] {processor.py:157} INFO - Started process (PID=1276) to work on /home/airflow/.local/lib/python3.7/site-packages/airflow/example_dags/example_latest_only.py
[2023-07-19T16:44:17.453+0000] {processor.py:826} INFO - Processing file /home/airflow/.local/lib/python3.7/site-packages/airflow/example_dags/example_latest_only.py for tasks to queue
[2023-07-19T16:44:17.457+0000] {logging_mixin.py:150} INFO - [2023-07-19T16:44:17.457+0000] {dagbag.py:541} INFO - Filling up the DagBag from /home/airflow/.local/lib/python3.7/site-packages/airflow/example_dags/example_latest_only.py
[2023-07-19T16:44:17.470+0000] {processor.py:836} INFO - DAG(s) dict_keys(['latest_only']) retrieved from /home/airflow/.local/lib/python3.7/site-packages/airflow/example_dags/example_latest_only.py
[2023-07-19T16:44:17.503+0000] {logging_mixin.py:150} INFO - [2023-07-19T16:44:17.503+0000] {dag.py:2742} INFO - Sync 1 DAGs
[2023-07-19T16:44:17.520+0000] {logging_mixin.py:150} INFO - [2023-07-19T16:44:17.520+0000] {dag.py:3508} INFO - Setting next_dagrun for latest_only to 2023-07-19T12:44:17.519846+00:00, run_after=2023-07-19T16:44:17.519846+00:00
[2023-07-19T16:44:17.529+0000] {processor.py:179} INFO - Processing /home/airflow/.local/lib/python3.7/site-packages/airflow/example_dags/example_latest_only.py took 0.093 seconds
[2023-07-19T16:44:48.152+0000] {processor.py:157} INFO - Started process (PID=1331) to work on /home/airflow/.local/lib/python3.7/site-packages/airflow/example_dags/example_latest_only.py
[2023-07-19T16:44:48.153+0000] {processor.py:826} INFO - Processing file /home/airflow/.local/lib/python3.7/site-packages/airflow/example_dags/example_latest_only.py for tasks to queue
[2023-07-19T16:44:48.154+0000] {logging_mixin.py:150} INFO - [2023-07-19T16:44:48.153+0000] {dagbag.py:541} INFO - Filling up the DagBag from /home/airflow/.local/lib/python3.7/site-packages/airflow/example_dags/example_latest_only.py
[2023-07-19T16:44:48.159+0000] {processor.py:836} INFO - DAG(s) dict_keys(['latest_only']) retrieved from /home/airflow/.local/lib/python3.7/site-packages/airflow/example_dags/example_latest_only.py
[2023-07-19T16:44:48.184+0000] {logging_mixin.py:150} INFO - [2023-07-19T16:44:48.184+0000] {dag.py:2742} INFO - Sync 1 DAGs
[2023-07-19T16:44:48.198+0000] {logging_mixin.py:150} INFO - [2023-07-19T16:44:48.198+0000] {dag.py:3508} INFO - Setting next_dagrun for latest_only to 2023-07-19T12:44:48.198462+00:00, run_after=2023-07-19T16:44:48.198462+00:00
[2023-07-19T16:44:48.206+0000] {processor.py:179} INFO - Processing /home/airflow/.local/lib/python3.7/site-packages/airflow/example_dags/example_latest_only.py took 0.057 seconds
[2023-07-19T16:45:18.467+0000] {processor.py:157} INFO - Started process (PID=1386) to work on /home/airflow/.local/lib/python3.7/site-packages/airflow/example_dags/example_latest_only.py
[2023-07-19T16:45:18.470+0000] {processor.py:826} INFO - Processing file /home/airflow/.local/lib/python3.7/site-packages/airflow/example_dags/example_latest_only.py for tasks to queue
[2023-07-19T16:45:18.471+0000] {logging_mixin.py:150} INFO - [2023-07-19T16:45:18.470+0000] {dagbag.py:541} INFO - Filling up the DagBag from /home/airflow/.local/lib/python3.7/site-packages/airflow/example_dags/example_latest_only.py
[2023-07-19T16:45:18.537+0000] {processor.py:836} INFO - DAG(s) dict_keys(['latest_only']) retrieved from /home/airflow/.local/lib/python3.7/site-packages/airflow/example_dags/example_latest_only.py
[2023-07-19T16:45:18.612+0000] {logging_mixin.py:150} INFO - [2023-07-19T16:45:18.611+0000] {dag.py:2742} INFO - Sync 1 DAGs
[2023-07-19T16:45:18.689+0000] {logging_mixin.py:150} INFO - [2023-07-19T16:45:18.689+0000] {dag.py:3508} INFO - Setting next_dagrun for latest_only to 2023-07-19T12:45:18.688986+00:00, run_after=2023-07-19T16:45:18.688986+00:00
[2023-07-19T16:45:18.723+0000] {processor.py:179} INFO - Processing /home/airflow/.local/lib/python3.7/site-packages/airflow/example_dags/example_latest_only.py took 0.262 seconds
[2023-07-19T16:45:49.409+0000] {processor.py:157} INFO - Started process (PID=1441) to work on /home/airflow/.local/lib/python3.7/site-packages/airflow/example_dags/example_latest_only.py
[2023-07-19T16:45:49.416+0000] {processor.py:826} INFO - Processing file /home/airflow/.local/lib/python3.7/site-packages/airflow/example_dags/example_latest_only.py for tasks to queue
[2023-07-19T16:45:49.416+0000] {logging_mixin.py:150} INFO - [2023-07-19T16:45:49.416+0000] {dagbag.py:541} INFO - Filling up the DagBag from /home/airflow/.local/lib/python3.7/site-packages/airflow/example_dags/example_latest_only.py
[2023-07-19T16:45:49.428+0000] {processor.py:836} INFO - DAG(s) dict_keys(['latest_only']) retrieved from /home/airflow/.local/lib/python3.7/site-packages/airflow/example_dags/example_latest_only.py
[2023-07-19T16:45:49.474+0000] {logging_mixin.py:150} INFO - [2023-07-19T16:45:49.473+0000] {dag.py:2742} INFO - Sync 1 DAGs
[2023-07-19T16:45:49.514+0000] {logging_mixin.py:150} INFO - [2023-07-19T16:45:49.514+0000] {dag.py:3508} INFO - Setting next_dagrun for latest_only to 2023-07-19T12:45:49.514170+00:00, run_after=2023-07-19T16:45:49.514170+00:00
[2023-07-19T16:45:49.527+0000] {processor.py:179} INFO - Processing /home/airflow/.local/lib/python3.7/site-packages/airflow/example_dags/example_latest_only.py took 0.122 seconds
[2023-07-19T16:46:20.246+0000] {processor.py:157} INFO - Started process (PID=1496) to work on /home/airflow/.local/lib/python3.7/site-packages/airflow/example_dags/example_latest_only.py
[2023-07-19T16:46:20.247+0000] {processor.py:826} INFO - Processing file /home/airflow/.local/lib/python3.7/site-packages/airflow/example_dags/example_latest_only.py for tasks to queue
[2023-07-19T16:46:20.249+0000] {logging_mixin.py:150} INFO - [2023-07-19T16:46:20.248+0000] {dagbag.py:541} INFO - Filling up the DagBag from /home/airflow/.local/lib/python3.7/site-packages/airflow/example_dags/example_latest_only.py
[2023-07-19T16:46:20.263+0000] {processor.py:836} INFO - DAG(s) dict_keys(['latest_only']) retrieved from /home/airflow/.local/lib/python3.7/site-packages/airflow/example_dags/example_latest_only.py
[2023-07-19T16:46:20.289+0000] {logging_mixin.py:150} INFO - [2023-07-19T16:46:20.289+0000] {dag.py:2742} INFO - Sync 1 DAGs
[2023-07-19T16:46:20.315+0000] {logging_mixin.py:150} INFO - [2023-07-19T16:46:20.315+0000] {dag.py:3508} INFO - Setting next_dagrun for latest_only to 2023-07-19T12:46:20.315094+00:00, run_after=2023-07-19T16:46:20.315094+00:00
[2023-07-19T16:46:20.324+0000] {processor.py:179} INFO - Processing /home/airflow/.local/lib/python3.7/site-packages/airflow/example_dags/example_latest_only.py took 0.082 seconds
[2023-07-19T16:46:50.729+0000] {processor.py:157} INFO - Started process (PID=1550) to work on /home/airflow/.local/lib/python3.7/site-packages/airflow/example_dags/example_latest_only.py
[2023-07-19T16:46:50.731+0000] {processor.py:826} INFO - Processing file /home/airflow/.local/lib/python3.7/site-packages/airflow/example_dags/example_latest_only.py for tasks to queue
[2023-07-19T16:46:50.732+0000] {logging_mixin.py:150} INFO - [2023-07-19T16:46:50.732+0000] {dagbag.py:541} INFO - Filling up the DagBag from /home/airflow/.local/lib/python3.7/site-packages/airflow/example_dags/example_latest_only.py
[2023-07-19T16:46:50.739+0000] {processor.py:836} INFO - DAG(s) dict_keys(['latest_only']) retrieved from /home/airflow/.local/lib/python3.7/site-packages/airflow/example_dags/example_latest_only.py
[2023-07-19T16:46:50.776+0000] {logging_mixin.py:150} INFO - [2023-07-19T16:46:50.776+0000] {dag.py:2742} INFO - Sync 1 DAGs
[2023-07-19T16:46:50.790+0000] {logging_mixin.py:150} INFO - [2023-07-19T16:46:50.789+0000] {dag.py:3508} INFO - Setting next_dagrun for latest_only to 2023-07-19T12:46:50.789743+00:00, run_after=2023-07-19T16:46:50.789743+00:00
[2023-07-19T16:46:50.799+0000] {processor.py:179} INFO - Processing /home/airflow/.local/lib/python3.7/site-packages/airflow/example_dags/example_latest_only.py took 0.075 seconds
[2023-07-19T16:47:21.736+0000] {processor.py:157} INFO - Started process (PID=1605) to work on /home/airflow/.local/lib/python3.7/site-packages/airflow/example_dags/example_latest_only.py
[2023-07-19T16:47:21.736+0000] {processor.py:826} INFO - Processing file /home/airflow/.local/lib/python3.7/site-packages/airflow/example_dags/example_latest_only.py for tasks to queue
[2023-07-19T16:47:21.737+0000] {logging_mixin.py:150} INFO - [2023-07-19T16:47:21.736+0000] {dagbag.py:541} INFO - Filling up the DagBag from /home/airflow/.local/lib/python3.7/site-packages/airflow/example_dags/example_latest_only.py
[2023-07-19T16:47:21.740+0000] {processor.py:836} INFO - DAG(s) dict_keys(['latest_only']) retrieved from /home/airflow/.local/lib/python3.7/site-packages/airflow/example_dags/example_latest_only.py
[2023-07-19T16:47:21.754+0000] {logging_mixin.py:150} INFO - [2023-07-19T16:47:21.754+0000] {dag.py:2742} INFO - Sync 1 DAGs
[2023-07-19T16:47:21.767+0000] {logging_mixin.py:150} INFO - [2023-07-19T16:47:21.767+0000] {dag.py:3508} INFO - Setting next_dagrun for latest_only to 2023-07-19T12:47:21.767425+00:00, run_after=2023-07-19T16:47:21.767425+00:00
[2023-07-19T16:47:21.776+0000] {processor.py:179} INFO - Processing /home/airflow/.local/lib/python3.7/site-packages/airflow/example_dags/example_latest_only.py took 0.042 seconds
[2023-07-19T16:47:52.882+0000] {processor.py:157} INFO - Started process (PID=1660) to work on /home/airflow/.local/lib/python3.7/site-packages/airflow/example_dags/example_latest_only.py
[2023-07-19T16:47:52.883+0000] {processor.py:826} INFO - Processing file /home/airflow/.local/lib/python3.7/site-packages/airflow/example_dags/example_latest_only.py for tasks to queue
[2023-07-19T16:47:52.884+0000] {logging_mixin.py:150} INFO - [2023-07-19T16:47:52.883+0000] {dagbag.py:541} INFO - Filling up the DagBag from /home/airflow/.local/lib/python3.7/site-packages/airflow/example_dags/example_latest_only.py
[2023-07-19T16:47:52.887+0000] {processor.py:836} INFO - DAG(s) dict_keys(['latest_only']) retrieved from /home/airflow/.local/lib/python3.7/site-packages/airflow/example_dags/example_latest_only.py
[2023-07-19T16:47:52.918+0000] {logging_mixin.py:150} INFO - [2023-07-19T16:47:52.918+0000] {dag.py:2742} INFO - Sync 1 DAGs
[2023-07-19T16:47:52.944+0000] {logging_mixin.py:150} INFO - [2023-07-19T16:47:52.944+0000] {dag.py:3508} INFO - Setting next_dagrun for latest_only to 2023-07-19T12:47:52.943916+00:00, run_after=2023-07-19T16:47:52.943916+00:00
[2023-07-19T16:47:52.955+0000] {processor.py:179} INFO - Processing /home/airflow/.local/lib/python3.7/site-packages/airflow/example_dags/example_latest_only.py took 0.083 seconds
[2023-07-19T16:48:23.004+0000] {processor.py:157} INFO - Started process (PID=1714) to work on /home/airflow/.local/lib/python3.7/site-packages/airflow/example_dags/example_latest_only.py
[2023-07-19T16:48:23.005+0000] {processor.py:826} INFO - Processing file /home/airflow/.local/lib/python3.7/site-packages/airflow/example_dags/example_latest_only.py for tasks to queue
[2023-07-19T16:48:23.005+0000] {logging_mixin.py:150} INFO - [2023-07-19T16:48:23.005+0000] {dagbag.py:541} INFO - Filling up the DagBag from /home/airflow/.local/lib/python3.7/site-packages/airflow/example_dags/example_latest_only.py
[2023-07-19T16:48:23.008+0000] {processor.py:836} INFO - DAG(s) dict_keys(['latest_only']) retrieved from /home/airflow/.local/lib/python3.7/site-packages/airflow/example_dags/example_latest_only.py
[2023-07-19T16:48:23.020+0000] {logging_mixin.py:150} INFO - [2023-07-19T16:48:23.020+0000] {dag.py:2742} INFO - Sync 1 DAGs
[2023-07-19T16:48:23.032+0000] {logging_mixin.py:150} INFO - [2023-07-19T16:48:23.032+0000] {dag.py:3508} INFO - Setting next_dagrun for latest_only to 2023-07-19T12:48:23.032058+00:00, run_after=2023-07-19T16:48:23.032058+00:00
[2023-07-19T16:48:23.040+0000] {processor.py:179} INFO - Processing /home/airflow/.local/lib/python3.7/site-packages/airflow/example_dags/example_latest_only.py took 0.037 seconds
[2023-07-19T16:48:53.820+0000] {processor.py:157} INFO - Started process (PID=1769) to work on /home/airflow/.local/lib/python3.7/site-packages/airflow/example_dags/example_latest_only.py
[2023-07-19T16:48:53.821+0000] {processor.py:826} INFO - Processing file /home/airflow/.local/lib/python3.7/site-packages/airflow/example_dags/example_latest_only.py for tasks to queue
[2023-07-19T16:48:53.822+0000] {logging_mixin.py:150} INFO - [2023-07-19T16:48:53.821+0000] {dagbag.py:541} INFO - Filling up the DagBag from /home/airflow/.local/lib/python3.7/site-packages/airflow/example_dags/example_latest_only.py
[2023-07-19T16:48:53.828+0000] {processor.py:836} INFO - DAG(s) dict_keys(['latest_only']) retrieved from /home/airflow/.local/lib/python3.7/site-packages/airflow/example_dags/example_latest_only.py
[2023-07-19T16:48:53.853+0000] {logging_mixin.py:150} INFO - [2023-07-19T16:48:53.853+0000] {dag.py:2742} INFO - Sync 1 DAGs
[2023-07-19T16:48:53.871+0000] {logging_mixin.py:150} INFO - [2023-07-19T16:48:53.871+0000] {dag.py:3508} INFO - Setting next_dagrun for latest_only to 2023-07-19T12:48:53.871442+00:00, run_after=2023-07-19T16:48:53.871442+00:00
[2023-07-19T16:48:53.884+0000] {processor.py:179} INFO - Processing /home/airflow/.local/lib/python3.7/site-packages/airflow/example_dags/example_latest_only.py took 0.075 seconds
[2023-07-19T16:49:24.733+0000] {processor.py:157} INFO - Started process (PID=1824) to work on /home/airflow/.local/lib/python3.7/site-packages/airflow/example_dags/example_latest_only.py
[2023-07-19T16:49:24.733+0000] {processor.py:826} INFO - Processing file /home/airflow/.local/lib/python3.7/site-packages/airflow/example_dags/example_latest_only.py for tasks to queue
[2023-07-19T16:49:24.734+0000] {logging_mixin.py:150} INFO - [2023-07-19T16:49:24.734+0000] {dagbag.py:541} INFO - Filling up the DagBag from /home/airflow/.local/lib/python3.7/site-packages/airflow/example_dags/example_latest_only.py
[2023-07-19T16:49:24.740+0000] {processor.py:836} INFO - DAG(s) dict_keys(['latest_only']) retrieved from /home/airflow/.local/lib/python3.7/site-packages/airflow/example_dags/example_latest_only.py
[2023-07-19T16:49:24.763+0000] {logging_mixin.py:150} INFO - [2023-07-19T16:49:24.763+0000] {dag.py:2742} INFO - Sync 1 DAGs
[2023-07-19T16:49:24.778+0000] {logging_mixin.py:150} INFO - [2023-07-19T16:49:24.778+0000] {dag.py:3508} INFO - Setting next_dagrun for latest_only to 2023-07-19T12:49:24.778449+00:00, run_after=2023-07-19T16:49:24.778449+00:00
[2023-07-19T16:49:24.788+0000] {processor.py:179} INFO - Processing /home/airflow/.local/lib/python3.7/site-packages/airflow/example_dags/example_latest_only.py took 0.060 seconds
[2023-07-19T16:49:55.145+0000] {processor.py:157} INFO - Started process (PID=1879) to work on /home/airflow/.local/lib/python3.7/site-packages/airflow/example_dags/example_latest_only.py
[2023-07-19T16:49:55.146+0000] {processor.py:826} INFO - Processing file /home/airflow/.local/lib/python3.7/site-packages/airflow/example_dags/example_latest_only.py for tasks to queue
[2023-07-19T16:49:55.147+0000] {logging_mixin.py:150} INFO - [2023-07-19T16:49:55.147+0000] {dagbag.py:541} INFO - Filling up the DagBag from /home/airflow/.local/lib/python3.7/site-packages/airflow/example_dags/example_latest_only.py
[2023-07-19T16:49:55.155+0000] {processor.py:836} INFO - DAG(s) dict_keys(['latest_only']) retrieved from /home/airflow/.local/lib/python3.7/site-packages/airflow/example_dags/example_latest_only.py
[2023-07-19T16:49:55.192+0000] {logging_mixin.py:150} INFO - [2023-07-19T16:49:55.186+0000] {dag.py:2742} INFO - Sync 1 DAGs
[2023-07-19T16:49:55.241+0000] {logging_mixin.py:150} INFO - [2023-07-19T16:49:55.241+0000] {dag.py:3508} INFO - Setting next_dagrun for latest_only to 2023-07-19T12:49:55.241414+00:00, run_after=2023-07-19T16:49:55.241414+00:00
[2023-07-19T16:49:55.279+0000] {processor.py:179} INFO - Processing /home/airflow/.local/lib/python3.7/site-packages/airflow/example_dags/example_latest_only.py took 0.143 seconds
[2023-07-19T16:50:25.903+0000] {processor.py:157} INFO - Started process (PID=1934) to work on /home/airflow/.local/lib/python3.7/site-packages/airflow/example_dags/example_latest_only.py
[2023-07-19T16:50:25.905+0000] {processor.py:826} INFO - Processing file /home/airflow/.local/lib/python3.7/site-packages/airflow/example_dags/example_latest_only.py for tasks to queue
[2023-07-19T16:50:25.906+0000] {logging_mixin.py:150} INFO - [2023-07-19T16:50:25.906+0000] {dagbag.py:541} INFO - Filling up the DagBag from /home/airflow/.local/lib/python3.7/site-packages/airflow/example_dags/example_latest_only.py
[2023-07-19T16:50:25.922+0000] {processor.py:836} INFO - DAG(s) dict_keys(['latest_only']) retrieved from /home/airflow/.local/lib/python3.7/site-packages/airflow/example_dags/example_latest_only.py
[2023-07-19T16:50:25.989+0000] {logging_mixin.py:150} INFO - [2023-07-19T16:50:25.989+0000] {dag.py:2742} INFO - Sync 1 DAGs
[2023-07-19T16:50:26.040+0000] {logging_mixin.py:150} INFO - [2023-07-19T16:50:26.039+0000] {dag.py:3508} INFO - Setting next_dagrun for latest_only to 2023-07-19T12:50:26.039452+00:00, run_after=2023-07-19T16:50:26.039452+00:00
[2023-07-19T16:50:26.084+0000] {processor.py:179} INFO - Processing /home/airflow/.local/lib/python3.7/site-packages/airflow/example_dags/example_latest_only.py took 0.208 seconds
[2023-07-19T16:50:56.267+0000] {processor.py:157} INFO - Started process (PID=1989) to work on /home/airflow/.local/lib/python3.7/site-packages/airflow/example_dags/example_latest_only.py
[2023-07-19T16:50:56.268+0000] {processor.py:826} INFO - Processing file /home/airflow/.local/lib/python3.7/site-packages/airflow/example_dags/example_latest_only.py for tasks to queue
[2023-07-19T16:50:56.268+0000] {logging_mixin.py:150} INFO - [2023-07-19T16:50:56.268+0000] {dagbag.py:541} INFO - Filling up the DagBag from /home/airflow/.local/lib/python3.7/site-packages/airflow/example_dags/example_latest_only.py
[2023-07-19T16:50:56.274+0000] {processor.py:836} INFO - DAG(s) dict_keys(['latest_only']) retrieved from /home/airflow/.local/lib/python3.7/site-packages/airflow/example_dags/example_latest_only.py
[2023-07-19T16:50:56.306+0000] {logging_mixin.py:150} INFO - [2023-07-19T16:50:56.306+0000] {dag.py:2742} INFO - Sync 1 DAGs
[2023-07-19T16:50:56.343+0000] {logging_mixin.py:150} INFO - [2023-07-19T16:50:56.342+0000] {dag.py:3508} INFO - Setting next_dagrun for latest_only to 2023-07-19T12:50:56.342544+00:00, run_after=2023-07-19T16:50:56.342544+00:00
[2023-07-19T16:50:56.355+0000] {processor.py:179} INFO - Processing /home/airflow/.local/lib/python3.7/site-packages/airflow/example_dags/example_latest_only.py took 0.095 seconds
[2023-07-19T16:51:26.716+0000] {processor.py:157} INFO - Started process (PID=2044) to work on /home/airflow/.local/lib/python3.7/site-packages/airflow/example_dags/example_latest_only.py
[2023-07-19T16:51:26.718+0000] {processor.py:826} INFO - Processing file /home/airflow/.local/lib/python3.7/site-packages/airflow/example_dags/example_latest_only.py for tasks to queue
[2023-07-19T16:51:26.719+0000] {logging_mixin.py:150} INFO - [2023-07-19T16:51:26.718+0000] {dagbag.py:541} INFO - Filling up the DagBag from /home/airflow/.local/lib/python3.7/site-packages/airflow/example_dags/example_latest_only.py
[2023-07-19T16:51:26.726+0000] {processor.py:836} INFO - DAG(s) dict_keys(['latest_only']) retrieved from /home/airflow/.local/lib/python3.7/site-packages/airflow/example_dags/example_latest_only.py
[2023-07-19T16:51:26.760+0000] {logging_mixin.py:150} INFO - [2023-07-19T16:51:26.759+0000] {dag.py:2742} INFO - Sync 1 DAGs
[2023-07-19T16:51:26.779+0000] {logging_mixin.py:150} INFO - [2023-07-19T16:51:26.779+0000] {dag.py:3508} INFO - Setting next_dagrun for latest_only to 2023-07-19T12:51:26.779019+00:00, run_after=2023-07-19T16:51:26.779019+00:00
[2023-07-19T16:51:26.789+0000] {processor.py:179} INFO - Processing /home/airflow/.local/lib/python3.7/site-packages/airflow/example_dags/example_latest_only.py took 0.077 seconds
[2023-07-19T16:51:57.099+0000] {processor.py:157} INFO - Started process (PID=2099) to work on /home/airflow/.local/lib/python3.7/site-packages/airflow/example_dags/example_latest_only.py
[2023-07-19T16:51:57.100+0000] {processor.py:826} INFO - Processing file /home/airflow/.local/lib/python3.7/site-packages/airflow/example_dags/example_latest_only.py for tasks to queue
[2023-07-19T16:51:57.101+0000] {logging_mixin.py:150} INFO - [2023-07-19T16:51:57.101+0000] {dagbag.py:541} INFO - Filling up the DagBag from /home/airflow/.local/lib/python3.7/site-packages/airflow/example_dags/example_latest_only.py
[2023-07-19T16:51:57.107+0000] {processor.py:836} INFO - DAG(s) dict_keys(['latest_only']) retrieved from /home/airflow/.local/lib/python3.7/site-packages/airflow/example_dags/example_latest_only.py
[2023-07-19T16:51:57.137+0000] {logging_mixin.py:150} INFO - [2023-07-19T16:51:57.137+0000] {dag.py:2742} INFO - Sync 1 DAGs
[2023-07-19T16:51:57.173+0000] {logging_mixin.py:150} INFO - [2023-07-19T16:51:57.173+0000] {dag.py:3508} INFO - Setting next_dagrun for latest_only to 2023-07-19T12:51:57.173427+00:00, run_after=2023-07-19T16:51:57.173427+00:00
[2023-07-19T16:51:57.188+0000] {processor.py:179} INFO - Processing /home/airflow/.local/lib/python3.7/site-packages/airflow/example_dags/example_latest_only.py took 0.093 seconds
[2023-07-19T16:52:27.633+0000] {processor.py:157} INFO - Started process (PID=2153) to work on /home/airflow/.local/lib/python3.7/site-packages/airflow/example_dags/example_latest_only.py
[2023-07-19T16:52:27.635+0000] {processor.py:826} INFO - Processing file /home/airflow/.local/lib/python3.7/site-packages/airflow/example_dags/example_latest_only.py for tasks to queue
[2023-07-19T16:52:27.636+0000] {logging_mixin.py:150} INFO - [2023-07-19T16:52:27.635+0000] {dagbag.py:541} INFO - Filling up the DagBag from /home/airflow/.local/lib/python3.7/site-packages/airflow/example_dags/example_latest_only.py
[2023-07-19T16:52:27.645+0000] {processor.py:836} INFO - DAG(s) dict_keys(['latest_only']) retrieved from /home/airflow/.local/lib/python3.7/site-packages/airflow/example_dags/example_latest_only.py
[2023-07-19T16:52:27.678+0000] {logging_mixin.py:150} INFO - [2023-07-19T16:52:27.677+0000] {dag.py:2742} INFO - Sync 1 DAGs
[2023-07-19T16:52:27.710+0000] {logging_mixin.py:150} INFO - [2023-07-19T16:52:27.710+0000] {dag.py:3508} INFO - Setting next_dagrun for latest_only to 2023-07-19T12:52:27.709961+00:00, run_after=2023-07-19T16:52:27.709961+00:00
[2023-07-19T16:52:27.724+0000] {processor.py:179} INFO - Processing /home/airflow/.local/lib/python3.7/site-packages/airflow/example_dags/example_latest_only.py took 0.096 seconds
