[2023-07-19T16:32:52.589+0000] {processor.py:157} INFO - Started process (PID=64) to work on /home/airflow/.local/lib/python3.7/site-packages/airflow/example_dags/example_nested_branch_dag.py
[2023-07-19T16:32:52.590+0000] {processor.py:826} INFO - Processing file /home/airflow/.local/lib/python3.7/site-packages/airflow/example_dags/example_nested_branch_dag.py for tasks to queue
[2023-07-19T16:32:52.591+0000] {logging_mixin.py:150} INFO - [2023-07-19T16:32:52.591+0000] {dagbag.py:541} INFO - Filling up the DagBag from /home/airflow/.local/lib/python3.7/site-packages/airflow/example_dags/example_nested_branch_dag.py
[2023-07-19T16:32:52.606+0000] {processor.py:836} INFO - DAG(s) dict_keys(['example_nested_branch_dag']) retrieved from /home/airflow/.local/lib/python3.7/site-packages/airflow/example_dags/example_nested_branch_dag.py
[2023-07-19T16:32:52.686+0000] {logging_mixin.py:150} INFO - [2023-07-19T16:32:52.685+0000] {dag.py:2742} INFO - Sync 1 DAGs
[2023-07-19T16:32:52.729+0000] {logging_mixin.py:150} INFO - [2023-07-19T16:32:52.729+0000] {dag.py:3508} INFO - Setting next_dagrun for example_nested_branch_dag to 2023-07-18T00:00:00+00:00, run_after=2023-07-19T00:00:00+00:00
[2023-07-19T16:32:52.741+0000] {processor.py:179} INFO - Processing /home/airflow/.local/lib/python3.7/site-packages/airflow/example_dags/example_nested_branch_dag.py took 0.156 seconds
[2023-07-19T16:33:22.940+0000] {processor.py:157} INFO - Started process (PID=119) to work on /home/airflow/.local/lib/python3.7/site-packages/airflow/example_dags/example_nested_branch_dag.py
[2023-07-19T16:33:22.941+0000] {processor.py:826} INFO - Processing file /home/airflow/.local/lib/python3.7/site-packages/airflow/example_dags/example_nested_branch_dag.py for tasks to queue
[2023-07-19T16:33:22.941+0000] {logging_mixin.py:150} INFO - [2023-07-19T16:33:22.941+0000] {dagbag.py:541} INFO - Filling up the DagBag from /home/airflow/.local/lib/python3.7/site-packages/airflow/example_dags/example_nested_branch_dag.py
[2023-07-19T16:33:22.946+0000] {processor.py:836} INFO - DAG(s) dict_keys(['example_nested_branch_dag']) retrieved from /home/airflow/.local/lib/python3.7/site-packages/airflow/example_dags/example_nested_branch_dag.py
[2023-07-19T16:33:22.960+0000] {logging_mixin.py:150} INFO - [2023-07-19T16:33:22.960+0000] {dag.py:2742} INFO - Sync 1 DAGs
[2023-07-19T16:33:22.972+0000] {logging_mixin.py:150} INFO - [2023-07-19T16:33:22.972+0000] {dag.py:3508} INFO - Setting next_dagrun for example_nested_branch_dag to 2023-07-18T00:00:00+00:00, run_after=2023-07-19T00:00:00+00:00
[2023-07-19T16:33:22.979+0000] {processor.py:179} INFO - Processing /home/airflow/.local/lib/python3.7/site-packages/airflow/example_dags/example_nested_branch_dag.py took 0.040 seconds
[2023-07-19T16:33:53.667+0000] {processor.py:157} INFO - Started process (PID=174) to work on /home/airflow/.local/lib/python3.7/site-packages/airflow/example_dags/example_nested_branch_dag.py
[2023-07-19T16:33:53.667+0000] {processor.py:826} INFO - Processing file /home/airflow/.local/lib/python3.7/site-packages/airflow/example_dags/example_nested_branch_dag.py for tasks to queue
[2023-07-19T16:33:53.668+0000] {logging_mixin.py:150} INFO - [2023-07-19T16:33:53.667+0000] {dagbag.py:541} INFO - Filling up the DagBag from /home/airflow/.local/lib/python3.7/site-packages/airflow/example_dags/example_nested_branch_dag.py
[2023-07-19T16:33:53.674+0000] {processor.py:836} INFO - DAG(s) dict_keys(['example_nested_branch_dag']) retrieved from /home/airflow/.local/lib/python3.7/site-packages/airflow/example_dags/example_nested_branch_dag.py
[2023-07-19T16:33:53.688+0000] {logging_mixin.py:150} INFO - [2023-07-19T16:33:53.688+0000] {dag.py:2742} INFO - Sync 1 DAGs
[2023-07-19T16:33:53.701+0000] {logging_mixin.py:150} INFO - [2023-07-19T16:33:53.701+0000] {dag.py:3508} INFO - Setting next_dagrun for example_nested_branch_dag to 2023-07-18T00:00:00+00:00, run_after=2023-07-19T00:00:00+00:00
[2023-07-19T16:33:53.709+0000] {processor.py:179} INFO - Processing /home/airflow/.local/lib/python3.7/site-packages/airflow/example_dags/example_nested_branch_dag.py took 0.044 seconds
[2023-07-19T16:34:24.114+0000] {processor.py:157} INFO - Started process (PID=228) to work on /home/airflow/.local/lib/python3.7/site-packages/airflow/example_dags/example_nested_branch_dag.py
[2023-07-19T16:34:24.114+0000] {processor.py:826} INFO - Processing file /home/airflow/.local/lib/python3.7/site-packages/airflow/example_dags/example_nested_branch_dag.py for tasks to queue
[2023-07-19T16:34:24.114+0000] {logging_mixin.py:150} INFO - [2023-07-19T16:34:24.114+0000] {dagbag.py:541} INFO - Filling up the DagBag from /home/airflow/.local/lib/python3.7/site-packages/airflow/example_dags/example_nested_branch_dag.py
[2023-07-19T16:34:24.120+0000] {processor.py:836} INFO - DAG(s) dict_keys(['example_nested_branch_dag']) retrieved from /home/airflow/.local/lib/python3.7/site-packages/airflow/example_dags/example_nested_branch_dag.py
[2023-07-19T16:34:24.173+0000] {logging_mixin.py:150} INFO - [2023-07-19T16:34:24.173+0000] {dag.py:2742} INFO - Sync 1 DAGs
[2023-07-19T16:34:24.211+0000] {logging_mixin.py:150} INFO - [2023-07-19T16:34:24.211+0000] {dag.py:3508} INFO - Setting next_dagrun for example_nested_branch_dag to 2023-07-18T00:00:00+00:00, run_after=2023-07-19T00:00:00+00:00
[2023-07-19T16:34:24.229+0000] {processor.py:179} INFO - Processing /home/airflow/.local/lib/python3.7/site-packages/airflow/example_dags/example_nested_branch_dag.py took 0.117 seconds
[2023-07-19T16:34:54.380+0000] {processor.py:157} INFO - Started process (PID=283) to work on /home/airflow/.local/lib/python3.7/site-packages/airflow/example_dags/example_nested_branch_dag.py
[2023-07-19T16:34:54.380+0000] {processor.py:826} INFO - Processing file /home/airflow/.local/lib/python3.7/site-packages/airflow/example_dags/example_nested_branch_dag.py for tasks to queue
[2023-07-19T16:34:54.381+0000] {logging_mixin.py:150} INFO - [2023-07-19T16:34:54.380+0000] {dagbag.py:541} INFO - Filling up the DagBag from /home/airflow/.local/lib/python3.7/site-packages/airflow/example_dags/example_nested_branch_dag.py
[2023-07-19T16:34:54.393+0000] {processor.py:836} INFO - DAG(s) dict_keys(['example_nested_branch_dag']) retrieved from /home/airflow/.local/lib/python3.7/site-packages/airflow/example_dags/example_nested_branch_dag.py
[2023-07-19T16:34:54.410+0000] {logging_mixin.py:150} INFO - [2023-07-19T16:34:54.409+0000] {dag.py:2742} INFO - Sync 1 DAGs
[2023-07-19T16:34:54.431+0000] {logging_mixin.py:150} INFO - [2023-07-19T16:34:54.431+0000] {dag.py:3508} INFO - Setting next_dagrun for example_nested_branch_dag to 2023-07-18T00:00:00+00:00, run_after=2023-07-19T00:00:00+00:00
[2023-07-19T16:34:54.444+0000] {processor.py:179} INFO - Processing /home/airflow/.local/lib/python3.7/site-packages/airflow/example_dags/example_nested_branch_dag.py took 0.066 seconds
[2023-07-19T16:35:25.062+0000] {processor.py:157} INFO - Started process (PID=338) to work on /home/airflow/.local/lib/python3.7/site-packages/airflow/example_dags/example_nested_branch_dag.py
[2023-07-19T16:35:25.064+0000] {processor.py:826} INFO - Processing file /home/airflow/.local/lib/python3.7/site-packages/airflow/example_dags/example_nested_branch_dag.py for tasks to queue
[2023-07-19T16:35:25.065+0000] {logging_mixin.py:150} INFO - [2023-07-19T16:35:25.065+0000] {dagbag.py:541} INFO - Filling up the DagBag from /home/airflow/.local/lib/python3.7/site-packages/airflow/example_dags/example_nested_branch_dag.py
[2023-07-19T16:35:25.083+0000] {processor.py:836} INFO - DAG(s) dict_keys(['example_nested_branch_dag']) retrieved from /home/airflow/.local/lib/python3.7/site-packages/airflow/example_dags/example_nested_branch_dag.py
[2023-07-19T16:35:25.099+0000] {logging_mixin.py:150} INFO - [2023-07-19T16:35:25.098+0000] {dag.py:2742} INFO - Sync 1 DAGs
[2023-07-19T16:35:25.126+0000] {logging_mixin.py:150} INFO - [2023-07-19T16:35:25.126+0000] {dag.py:3508} INFO - Setting next_dagrun for example_nested_branch_dag to 2023-07-18T00:00:00+00:00, run_after=2023-07-19T00:00:00+00:00
[2023-07-19T16:35:25.136+0000] {processor.py:179} INFO - Processing /home/airflow/.local/lib/python3.7/site-packages/airflow/example_dags/example_nested_branch_dag.py took 0.081 seconds
[2023-07-19T16:35:55.912+0000] {processor.py:157} INFO - Started process (PID=394) to work on /home/airflow/.local/lib/python3.7/site-packages/airflow/example_dags/example_nested_branch_dag.py
[2023-07-19T16:35:55.913+0000] {processor.py:826} INFO - Processing file /home/airflow/.local/lib/python3.7/site-packages/airflow/example_dags/example_nested_branch_dag.py for tasks to queue
[2023-07-19T16:35:55.913+0000] {logging_mixin.py:150} INFO - [2023-07-19T16:35:55.913+0000] {dagbag.py:541} INFO - Filling up the DagBag from /home/airflow/.local/lib/python3.7/site-packages/airflow/example_dags/example_nested_branch_dag.py
[2023-07-19T16:35:55.918+0000] {processor.py:836} INFO - DAG(s) dict_keys(['example_nested_branch_dag']) retrieved from /home/airflow/.local/lib/python3.7/site-packages/airflow/example_dags/example_nested_branch_dag.py
[2023-07-19T16:35:55.933+0000] {logging_mixin.py:150} INFO - [2023-07-19T16:35:55.933+0000] {dag.py:2742} INFO - Sync 1 DAGs
[2023-07-19T16:35:55.946+0000] {logging_mixin.py:150} INFO - [2023-07-19T16:35:55.946+0000] {dag.py:3508} INFO - Setting next_dagrun for example_nested_branch_dag to 2023-07-18T00:00:00+00:00, run_after=2023-07-19T00:00:00+00:00
[2023-07-19T16:35:55.953+0000] {processor.py:179} INFO - Processing /home/airflow/.local/lib/python3.7/site-packages/airflow/example_dags/example_nested_branch_dag.py took 0.043 seconds
[2023-07-19T16:36:26.613+0000] {processor.py:157} INFO - Started process (PID=449) to work on /home/airflow/.local/lib/python3.7/site-packages/airflow/example_dags/example_nested_branch_dag.py
[2023-07-19T16:36:26.614+0000] {processor.py:826} INFO - Processing file /home/airflow/.local/lib/python3.7/site-packages/airflow/example_dags/example_nested_branch_dag.py for tasks to queue
[2023-07-19T16:36:26.615+0000] {logging_mixin.py:150} INFO - [2023-07-19T16:36:26.615+0000] {dagbag.py:541} INFO - Filling up the DagBag from /home/airflow/.local/lib/python3.7/site-packages/airflow/example_dags/example_nested_branch_dag.py
[2023-07-19T16:36:26.620+0000] {processor.py:836} INFO - DAG(s) dict_keys(['example_nested_branch_dag']) retrieved from /home/airflow/.local/lib/python3.7/site-packages/airflow/example_dags/example_nested_branch_dag.py
[2023-07-19T16:36:26.635+0000] {logging_mixin.py:150} INFO - [2023-07-19T16:36:26.635+0000] {dag.py:2742} INFO - Sync 1 DAGs
[2023-07-19T16:36:26.648+0000] {logging_mixin.py:150} INFO - [2023-07-19T16:36:26.648+0000] {dag.py:3508} INFO - Setting next_dagrun for example_nested_branch_dag to 2023-07-18T00:00:00+00:00, run_after=2023-07-19T00:00:00+00:00
[2023-07-19T16:36:26.656+0000] {processor.py:179} INFO - Processing /home/airflow/.local/lib/python3.7/site-packages/airflow/example_dags/example_nested_branch_dag.py took 0.045 seconds
[2023-07-19T16:36:57.619+0000] {processor.py:157} INFO - Started process (PID=504) to work on /home/airflow/.local/lib/python3.7/site-packages/airflow/example_dags/example_nested_branch_dag.py
[2023-07-19T16:36:57.620+0000] {processor.py:826} INFO - Processing file /home/airflow/.local/lib/python3.7/site-packages/airflow/example_dags/example_nested_branch_dag.py for tasks to queue
[2023-07-19T16:36:57.620+0000] {logging_mixin.py:150} INFO - [2023-07-19T16:36:57.620+0000] {dagbag.py:541} INFO - Filling up the DagBag from /home/airflow/.local/lib/python3.7/site-packages/airflow/example_dags/example_nested_branch_dag.py
[2023-07-19T16:36:57.625+0000] {processor.py:836} INFO - DAG(s) dict_keys(['example_nested_branch_dag']) retrieved from /home/airflow/.local/lib/python3.7/site-packages/airflow/example_dags/example_nested_branch_dag.py
[2023-07-19T16:36:57.645+0000] {logging_mixin.py:150} INFO - [2023-07-19T16:36:57.645+0000] {dag.py:2742} INFO - Sync 1 DAGs
[2023-07-19T16:36:57.664+0000] {logging_mixin.py:150} INFO - [2023-07-19T16:36:57.664+0000] {dag.py:3508} INFO - Setting next_dagrun for example_nested_branch_dag to 2023-07-18T00:00:00+00:00, run_after=2023-07-19T00:00:00+00:00
[2023-07-19T16:36:57.676+0000] {processor.py:179} INFO - Processing /home/airflow/.local/lib/python3.7/site-packages/airflow/example_dags/example_nested_branch_dag.py took 0.058 seconds
[2023-07-19T16:37:29.545+0000] {processor.py:157} INFO - Started process (PID=559) to work on /home/airflow/.local/lib/python3.7/site-packages/airflow/example_dags/example_nested_branch_dag.py
[2023-07-19T16:37:29.545+0000] {processor.py:826} INFO - Processing file /home/airflow/.local/lib/python3.7/site-packages/airflow/example_dags/example_nested_branch_dag.py for tasks to queue
[2023-07-19T16:37:29.546+0000] {logging_mixin.py:150} INFO - [2023-07-19T16:37:29.546+0000] {dagbag.py:541} INFO - Filling up the DagBag from /home/airflow/.local/lib/python3.7/site-packages/airflow/example_dags/example_nested_branch_dag.py
[2023-07-19T16:37:29.557+0000] {processor.py:836} INFO - DAG(s) dict_keys(['example_nested_branch_dag']) retrieved from /home/airflow/.local/lib/python3.7/site-packages/airflow/example_dags/example_nested_branch_dag.py
[2023-07-19T16:37:29.597+0000] {logging_mixin.py:150} INFO - [2023-07-19T16:37:29.597+0000] {dag.py:2742} INFO - Sync 1 DAGs
[2023-07-19T16:37:29.665+0000] {logging_mixin.py:150} INFO - [2023-07-19T16:37:29.665+0000] {dag.py:3508} INFO - Setting next_dagrun for example_nested_branch_dag to 2023-07-18T00:00:00+00:00, run_after=2023-07-19T00:00:00+00:00
[2023-07-19T16:37:29.705+0000] {processor.py:179} INFO - Processing /home/airflow/.local/lib/python3.7/site-packages/airflow/example_dags/example_nested_branch_dag.py took 0.162 seconds
[2023-07-19T16:38:01.352+0000] {processor.py:157} INFO - Started process (PID=615) to work on /home/airflow/.local/lib/python3.7/site-packages/airflow/example_dags/example_nested_branch_dag.py
[2023-07-19T16:38:01.352+0000] {processor.py:826} INFO - Processing file /home/airflow/.local/lib/python3.7/site-packages/airflow/example_dags/example_nested_branch_dag.py for tasks to queue
[2023-07-19T16:38:01.353+0000] {logging_mixin.py:150} INFO - [2023-07-19T16:38:01.352+0000] {dagbag.py:541} INFO - Filling up the DagBag from /home/airflow/.local/lib/python3.7/site-packages/airflow/example_dags/example_nested_branch_dag.py
[2023-07-19T16:38:01.358+0000] {processor.py:836} INFO - DAG(s) dict_keys(['example_nested_branch_dag']) retrieved from /home/airflow/.local/lib/python3.7/site-packages/airflow/example_dags/example_nested_branch_dag.py
[2023-07-19T16:38:01.374+0000] {logging_mixin.py:150} INFO - [2023-07-19T16:38:01.374+0000] {dag.py:2742} INFO - Sync 1 DAGs
[2023-07-19T16:38:01.396+0000] {logging_mixin.py:150} INFO - [2023-07-19T16:38:01.396+0000] {dag.py:3508} INFO - Setting next_dagrun for example_nested_branch_dag to 2023-07-18T00:00:00+00:00, run_after=2023-07-19T00:00:00+00:00
[2023-07-19T16:38:01.404+0000] {processor.py:179} INFO - Processing /home/airflow/.local/lib/python3.7/site-packages/airflow/example_dags/example_nested_branch_dag.py took 0.054 seconds
[2023-07-19T16:38:32.625+0000] {processor.py:157} INFO - Started process (PID=670) to work on /home/airflow/.local/lib/python3.7/site-packages/airflow/example_dags/example_nested_branch_dag.py
[2023-07-19T16:38:32.627+0000] {processor.py:826} INFO - Processing file /home/airflow/.local/lib/python3.7/site-packages/airflow/example_dags/example_nested_branch_dag.py for tasks to queue
[2023-07-19T16:38:32.629+0000] {logging_mixin.py:150} INFO - [2023-07-19T16:38:32.629+0000] {dagbag.py:541} INFO - Filling up the DagBag from /home/airflow/.local/lib/python3.7/site-packages/airflow/example_dags/example_nested_branch_dag.py
[2023-07-19T16:38:32.687+0000] {processor.py:836} INFO - DAG(s) dict_keys(['example_nested_branch_dag']) retrieved from /home/airflow/.local/lib/python3.7/site-packages/airflow/example_dags/example_nested_branch_dag.py
[2023-07-19T16:38:33.118+0000] {logging_mixin.py:150} INFO - [2023-07-19T16:38:33.113+0000] {dag.py:2742} INFO - Sync 1 DAGs
[2023-07-19T16:38:33.223+0000] {logging_mixin.py:150} INFO - [2023-07-19T16:38:33.217+0000] {dag.py:3508} INFO - Setting next_dagrun for example_nested_branch_dag to 2023-07-18T00:00:00+00:00, run_after=2023-07-19T00:00:00+00:00
[2023-07-19T16:38:33.312+0000] {processor.py:179} INFO - Processing /home/airflow/.local/lib/python3.7/site-packages/airflow/example_dags/example_nested_branch_dag.py took 0.710 seconds
[2023-07-19T16:39:03.372+0000] {processor.py:157} INFO - Started process (PID=724) to work on /home/airflow/.local/lib/python3.7/site-packages/airflow/example_dags/example_nested_branch_dag.py
[2023-07-19T16:39:03.372+0000] {processor.py:826} INFO - Processing file /home/airflow/.local/lib/python3.7/site-packages/airflow/example_dags/example_nested_branch_dag.py for tasks to queue
[2023-07-19T16:39:03.373+0000] {logging_mixin.py:150} INFO - [2023-07-19T16:39:03.373+0000] {dagbag.py:541} INFO - Filling up the DagBag from /home/airflow/.local/lib/python3.7/site-packages/airflow/example_dags/example_nested_branch_dag.py
[2023-07-19T16:39:03.378+0000] {processor.py:836} INFO - DAG(s) dict_keys(['example_nested_branch_dag']) retrieved from /home/airflow/.local/lib/python3.7/site-packages/airflow/example_dags/example_nested_branch_dag.py
[2023-07-19T16:39:03.403+0000] {logging_mixin.py:150} INFO - [2023-07-19T16:39:03.403+0000] {dag.py:2742} INFO - Sync 1 DAGs
[2023-07-19T16:39:03.424+0000] {logging_mixin.py:150} INFO - [2023-07-19T16:39:03.424+0000] {dag.py:3508} INFO - Setting next_dagrun for example_nested_branch_dag to 2023-07-18T00:00:00+00:00, run_after=2023-07-19T00:00:00+00:00
[2023-07-19T16:39:03.436+0000] {processor.py:179} INFO - Processing /home/airflow/.local/lib/python3.7/site-packages/airflow/example_dags/example_nested_branch_dag.py took 0.077 seconds
[2023-07-19T16:39:34.112+0000] {processor.py:157} INFO - Started process (PID=780) to work on /home/airflow/.local/lib/python3.7/site-packages/airflow/example_dags/example_nested_branch_dag.py
[2023-07-19T16:39:34.112+0000] {processor.py:826} INFO - Processing file /home/airflow/.local/lib/python3.7/site-packages/airflow/example_dags/example_nested_branch_dag.py for tasks to queue
[2023-07-19T16:39:34.113+0000] {logging_mixin.py:150} INFO - [2023-07-19T16:39:34.112+0000] {dagbag.py:541} INFO - Filling up the DagBag from /home/airflow/.local/lib/python3.7/site-packages/airflow/example_dags/example_nested_branch_dag.py
[2023-07-19T16:39:34.118+0000] {processor.py:836} INFO - DAG(s) dict_keys(['example_nested_branch_dag']) retrieved from /home/airflow/.local/lib/python3.7/site-packages/airflow/example_dags/example_nested_branch_dag.py
[2023-07-19T16:39:34.158+0000] {logging_mixin.py:150} INFO - [2023-07-19T16:39:34.158+0000] {dag.py:2742} INFO - Sync 1 DAGs
[2023-07-19T16:39:34.176+0000] {logging_mixin.py:150} INFO - [2023-07-19T16:39:34.176+0000] {dag.py:3508} INFO - Setting next_dagrun for example_nested_branch_dag to 2023-07-18T00:00:00+00:00, run_after=2023-07-19T00:00:00+00:00
[2023-07-19T16:39:34.188+0000] {processor.py:179} INFO - Processing /home/airflow/.local/lib/python3.7/site-packages/airflow/example_dags/example_nested_branch_dag.py took 0.079 seconds
[2023-07-19T16:40:13.182+0000] {processor.py:157} INFO - Started process (PID=835) to work on /home/airflow/.local/lib/python3.7/site-packages/airflow/example_dags/example_nested_branch_dag.py
[2023-07-19T16:40:13.185+0000] {processor.py:826} INFO - Processing file /home/airflow/.local/lib/python3.7/site-packages/airflow/example_dags/example_nested_branch_dag.py for tasks to queue
[2023-07-19T16:40:13.185+0000] {logging_mixin.py:150} INFO - [2023-07-19T16:40:13.185+0000] {dagbag.py:541} INFO - Filling up the DagBag from /home/airflow/.local/lib/python3.7/site-packages/airflow/example_dags/example_nested_branch_dag.py
[2023-07-19T16:40:13.193+0000] {processor.py:836} INFO - DAG(s) dict_keys(['example_nested_branch_dag']) retrieved from /home/airflow/.local/lib/python3.7/site-packages/airflow/example_dags/example_nested_branch_dag.py
[2023-07-19T16:40:13.301+0000] {logging_mixin.py:150} INFO - [2023-07-19T16:40:13.296+0000] {dag.py:2742} INFO - Sync 1 DAGs
[2023-07-19T16:40:13.477+0000] {logging_mixin.py:150} INFO - [2023-07-19T16:40:13.473+0000] {dag.py:3508} INFO - Setting next_dagrun for example_nested_branch_dag to 2023-07-18T00:00:00+00:00, run_after=2023-07-19T00:00:00+00:00
[2023-07-19T16:40:13.618+0000] {processor.py:179} INFO - Processing /home/airflow/.local/lib/python3.7/site-packages/airflow/example_dags/example_nested_branch_dag.py took 0.437 seconds
[2023-07-19T16:40:43.961+0000] {processor.py:157} INFO - Started process (PID=891) to work on /home/airflow/.local/lib/python3.7/site-packages/airflow/example_dags/example_nested_branch_dag.py
[2023-07-19T16:40:43.962+0000] {processor.py:826} INFO - Processing file /home/airflow/.local/lib/python3.7/site-packages/airflow/example_dags/example_nested_branch_dag.py for tasks to queue
[2023-07-19T16:40:43.962+0000] {logging_mixin.py:150} INFO - [2023-07-19T16:40:43.962+0000] {dagbag.py:541} INFO - Filling up the DagBag from /home/airflow/.local/lib/python3.7/site-packages/airflow/example_dags/example_nested_branch_dag.py
[2023-07-19T16:40:43.967+0000] {processor.py:836} INFO - DAG(s) dict_keys(['example_nested_branch_dag']) retrieved from /home/airflow/.local/lib/python3.7/site-packages/airflow/example_dags/example_nested_branch_dag.py
[2023-07-19T16:40:43.982+0000] {logging_mixin.py:150} INFO - [2023-07-19T16:40:43.982+0000] {dag.py:2742} INFO - Sync 1 DAGs
[2023-07-19T16:40:43.994+0000] {logging_mixin.py:150} INFO - [2023-07-19T16:40:43.994+0000] {dag.py:3508} INFO - Setting next_dagrun for example_nested_branch_dag to 2023-07-18T00:00:00+00:00, run_after=2023-07-19T00:00:00+00:00
[2023-07-19T16:40:44.003+0000] {processor.py:179} INFO - Processing /home/airflow/.local/lib/python3.7/site-packages/airflow/example_dags/example_nested_branch_dag.py took 0.043 seconds
[2023-07-19T16:41:14.028+0000] {processor.py:157} INFO - Started process (PID=945) to work on /home/airflow/.local/lib/python3.7/site-packages/airflow/example_dags/example_nested_branch_dag.py
[2023-07-19T16:41:14.029+0000] {processor.py:826} INFO - Processing file /home/airflow/.local/lib/python3.7/site-packages/airflow/example_dags/example_nested_branch_dag.py for tasks to queue
[2023-07-19T16:41:14.029+0000] {logging_mixin.py:150} INFO - [2023-07-19T16:41:14.029+0000] {dagbag.py:541} INFO - Filling up the DagBag from /home/airflow/.local/lib/python3.7/site-packages/airflow/example_dags/example_nested_branch_dag.py
[2023-07-19T16:41:14.035+0000] {processor.py:836} INFO - DAG(s) dict_keys(['example_nested_branch_dag']) retrieved from /home/airflow/.local/lib/python3.7/site-packages/airflow/example_dags/example_nested_branch_dag.py
[2023-07-19T16:41:14.054+0000] {logging_mixin.py:150} INFO - [2023-07-19T16:41:14.053+0000] {dag.py:2742} INFO - Sync 1 DAGs
[2023-07-19T16:41:14.065+0000] {logging_mixin.py:150} INFO - [2023-07-19T16:41:14.065+0000] {dag.py:3508} INFO - Setting next_dagrun for example_nested_branch_dag to 2023-07-18T00:00:00+00:00, run_after=2023-07-19T00:00:00+00:00
[2023-07-19T16:41:14.072+0000] {processor.py:179} INFO - Processing /home/airflow/.local/lib/python3.7/site-packages/airflow/example_dags/example_nested_branch_dag.py took 0.046 seconds
[2023-07-19T16:41:44.630+0000] {processor.py:157} INFO - Started process (PID=999) to work on /home/airflow/.local/lib/python3.7/site-packages/airflow/example_dags/example_nested_branch_dag.py
[2023-07-19T16:41:44.631+0000] {processor.py:826} INFO - Processing file /home/airflow/.local/lib/python3.7/site-packages/airflow/example_dags/example_nested_branch_dag.py for tasks to queue
[2023-07-19T16:41:44.631+0000] {logging_mixin.py:150} INFO - [2023-07-19T16:41:44.631+0000] {dagbag.py:541} INFO - Filling up the DagBag from /home/airflow/.local/lib/python3.7/site-packages/airflow/example_dags/example_nested_branch_dag.py
[2023-07-19T16:41:44.637+0000] {processor.py:836} INFO - DAG(s) dict_keys(['example_nested_branch_dag']) retrieved from /home/airflow/.local/lib/python3.7/site-packages/airflow/example_dags/example_nested_branch_dag.py
[2023-07-19T16:41:44.652+0000] {logging_mixin.py:150} INFO - [2023-07-19T16:41:44.652+0000] {dag.py:2742} INFO - Sync 1 DAGs
[2023-07-19T16:41:44.664+0000] {logging_mixin.py:150} INFO - [2023-07-19T16:41:44.664+0000] {dag.py:3508} INFO - Setting next_dagrun for example_nested_branch_dag to 2023-07-18T00:00:00+00:00, run_after=2023-07-19T00:00:00+00:00
[2023-07-19T16:41:44.672+0000] {processor.py:179} INFO - Processing /home/airflow/.local/lib/python3.7/site-packages/airflow/example_dags/example_nested_branch_dag.py took 0.044 seconds
[2023-07-19T16:42:14.841+0000] {processor.py:157} INFO - Started process (PID=1054) to work on /home/airflow/.local/lib/python3.7/site-packages/airflow/example_dags/example_nested_branch_dag.py
[2023-07-19T16:42:14.842+0000] {processor.py:826} INFO - Processing file /home/airflow/.local/lib/python3.7/site-packages/airflow/example_dags/example_nested_branch_dag.py for tasks to queue
[2023-07-19T16:42:14.842+0000] {logging_mixin.py:150} INFO - [2023-07-19T16:42:14.842+0000] {dagbag.py:541} INFO - Filling up the DagBag from /home/airflow/.local/lib/python3.7/site-packages/airflow/example_dags/example_nested_branch_dag.py
[2023-07-19T16:42:14.855+0000] {processor.py:836} INFO - DAG(s) dict_keys(['example_nested_branch_dag']) retrieved from /home/airflow/.local/lib/python3.7/site-packages/airflow/example_dags/example_nested_branch_dag.py
[2023-07-19T16:42:14.903+0000] {logging_mixin.py:150} INFO - [2023-07-19T16:42:14.903+0000] {dag.py:2742} INFO - Sync 1 DAGs
[2023-07-19T16:42:14.918+0000] {logging_mixin.py:150} INFO - [2023-07-19T16:42:14.918+0000] {dag.py:3508} INFO - Setting next_dagrun for example_nested_branch_dag to 2023-07-18T00:00:00+00:00, run_after=2023-07-19T00:00:00+00:00
[2023-07-19T16:42:14.928+0000] {processor.py:179} INFO - Processing /home/airflow/.local/lib/python3.7/site-packages/airflow/example_dags/example_nested_branch_dag.py took 0.088 seconds
[2023-07-19T16:42:45.281+0000] {processor.py:157} INFO - Started process (PID=1115) to work on /home/airflow/.local/lib/python3.7/site-packages/airflow/example_dags/example_nested_branch_dag.py
[2023-07-19T16:42:45.282+0000] {processor.py:826} INFO - Processing file /home/airflow/.local/lib/python3.7/site-packages/airflow/example_dags/example_nested_branch_dag.py for tasks to queue
[2023-07-19T16:42:45.282+0000] {logging_mixin.py:150} INFO - [2023-07-19T16:42:45.282+0000] {dagbag.py:541} INFO - Filling up the DagBag from /home/airflow/.local/lib/python3.7/site-packages/airflow/example_dags/example_nested_branch_dag.py
[2023-07-19T16:42:45.287+0000] {processor.py:836} INFO - DAG(s) dict_keys(['example_nested_branch_dag']) retrieved from /home/airflow/.local/lib/python3.7/site-packages/airflow/example_dags/example_nested_branch_dag.py
[2023-07-19T16:42:45.305+0000] {logging_mixin.py:150} INFO - [2023-07-19T16:42:45.305+0000] {dag.py:2742} INFO - Sync 1 DAGs
[2023-07-19T16:42:45.318+0000] {logging_mixin.py:150} INFO - [2023-07-19T16:42:45.318+0000] {dag.py:3508} INFO - Setting next_dagrun for example_nested_branch_dag to 2023-07-18T00:00:00+00:00, run_after=2023-07-19T00:00:00+00:00
[2023-07-19T16:42:45.331+0000] {processor.py:179} INFO - Processing /home/airflow/.local/lib/python3.7/site-packages/airflow/example_dags/example_nested_branch_dag.py took 0.052 seconds
[2023-07-19T16:43:16.461+0000] {processor.py:157} INFO - Started process (PID=1171) to work on /home/airflow/.local/lib/python3.7/site-packages/airflow/example_dags/example_nested_branch_dag.py
[2023-07-19T16:43:16.463+0000] {processor.py:826} INFO - Processing file /home/airflow/.local/lib/python3.7/site-packages/airflow/example_dags/example_nested_branch_dag.py for tasks to queue
[2023-07-19T16:43:16.464+0000] {logging_mixin.py:150} INFO - [2023-07-19T16:43:16.463+0000] {dagbag.py:541} INFO - Filling up the DagBag from /home/airflow/.local/lib/python3.7/site-packages/airflow/example_dags/example_nested_branch_dag.py
[2023-07-19T16:43:16.475+0000] {processor.py:836} INFO - DAG(s) dict_keys(['example_nested_branch_dag']) retrieved from /home/airflow/.local/lib/python3.7/site-packages/airflow/example_dags/example_nested_branch_dag.py
[2023-07-19T16:43:16.507+0000] {logging_mixin.py:150} INFO - [2023-07-19T16:43:16.507+0000] {dag.py:2742} INFO - Sync 1 DAGs
[2023-07-19T16:43:16.539+0000] {logging_mixin.py:150} INFO - [2023-07-19T16:43:16.539+0000] {dag.py:3508} INFO - Setting next_dagrun for example_nested_branch_dag to 2023-07-18T00:00:00+00:00, run_after=2023-07-19T00:00:00+00:00
[2023-07-19T16:43:16.554+0000] {processor.py:179} INFO - Processing /home/airflow/.local/lib/python3.7/site-packages/airflow/example_dags/example_nested_branch_dag.py took 0.096 seconds
[2023-07-19T16:43:46.656+0000] {processor.py:157} INFO - Started process (PID=1226) to work on /home/airflow/.local/lib/python3.7/site-packages/airflow/example_dags/example_nested_branch_dag.py
[2023-07-19T16:43:46.657+0000] {processor.py:826} INFO - Processing file /home/airflow/.local/lib/python3.7/site-packages/airflow/example_dags/example_nested_branch_dag.py for tasks to queue
[2023-07-19T16:43:46.658+0000] {logging_mixin.py:150} INFO - [2023-07-19T16:43:46.657+0000] {dagbag.py:541} INFO - Filling up the DagBag from /home/airflow/.local/lib/python3.7/site-packages/airflow/example_dags/example_nested_branch_dag.py
[2023-07-19T16:43:46.666+0000] {processor.py:836} INFO - DAG(s) dict_keys(['example_nested_branch_dag']) retrieved from /home/airflow/.local/lib/python3.7/site-packages/airflow/example_dags/example_nested_branch_dag.py
[2023-07-19T16:43:46.680+0000] {logging_mixin.py:150} INFO - [2023-07-19T16:43:46.680+0000] {dag.py:2742} INFO - Sync 1 DAGs
[2023-07-19T16:43:46.692+0000] {logging_mixin.py:150} INFO - [2023-07-19T16:43:46.692+0000] {dag.py:3508} INFO - Setting next_dagrun for example_nested_branch_dag to 2023-07-18T00:00:00+00:00, run_after=2023-07-19T00:00:00+00:00
[2023-07-19T16:43:46.700+0000] {processor.py:179} INFO - Processing /home/airflow/.local/lib/python3.7/site-packages/airflow/example_dags/example_nested_branch_dag.py took 0.046 seconds
[2023-07-19T16:44:17.642+0000] {processor.py:157} INFO - Started process (PID=1281) to work on /home/airflow/.local/lib/python3.7/site-packages/airflow/example_dags/example_nested_branch_dag.py
[2023-07-19T16:44:17.642+0000] {processor.py:826} INFO - Processing file /home/airflow/.local/lib/python3.7/site-packages/airflow/example_dags/example_nested_branch_dag.py for tasks to queue
[2023-07-19T16:44:17.642+0000] {logging_mixin.py:150} INFO - [2023-07-19T16:44:17.642+0000] {dagbag.py:541} INFO - Filling up the DagBag from /home/airflow/.local/lib/python3.7/site-packages/airflow/example_dags/example_nested_branch_dag.py
[2023-07-19T16:44:17.648+0000] {processor.py:836} INFO - DAG(s) dict_keys(['example_nested_branch_dag']) retrieved from /home/airflow/.local/lib/python3.7/site-packages/airflow/example_dags/example_nested_branch_dag.py
[2023-07-19T16:44:17.663+0000] {logging_mixin.py:150} INFO - [2023-07-19T16:44:17.663+0000] {dag.py:2742} INFO - Sync 1 DAGs
[2023-07-19T16:44:17.676+0000] {logging_mixin.py:150} INFO - [2023-07-19T16:44:17.676+0000] {dag.py:3508} INFO - Setting next_dagrun for example_nested_branch_dag to 2023-07-18T00:00:00+00:00, run_after=2023-07-19T00:00:00+00:00
[2023-07-19T16:44:17.691+0000] {processor.py:179} INFO - Processing /home/airflow/.local/lib/python3.7/site-packages/airflow/example_dags/example_nested_branch_dag.py took 0.051 seconds
[2023-07-19T16:44:48.353+0000] {processor.py:157} INFO - Started process (PID=1336) to work on /home/airflow/.local/lib/python3.7/site-packages/airflow/example_dags/example_nested_branch_dag.py
[2023-07-19T16:44:48.353+0000] {processor.py:826} INFO - Processing file /home/airflow/.local/lib/python3.7/site-packages/airflow/example_dags/example_nested_branch_dag.py for tasks to queue
[2023-07-19T16:44:48.354+0000] {logging_mixin.py:150} INFO - [2023-07-19T16:44:48.353+0000] {dagbag.py:541} INFO - Filling up the DagBag from /home/airflow/.local/lib/python3.7/site-packages/airflow/example_dags/example_nested_branch_dag.py
[2023-07-19T16:44:48.360+0000] {processor.py:836} INFO - DAG(s) dict_keys(['example_nested_branch_dag']) retrieved from /home/airflow/.local/lib/python3.7/site-packages/airflow/example_dags/example_nested_branch_dag.py
[2023-07-19T16:44:48.384+0000] {logging_mixin.py:150} INFO - [2023-07-19T16:44:48.384+0000] {dag.py:2742} INFO - Sync 1 DAGs
[2023-07-19T16:44:48.403+0000] {logging_mixin.py:150} INFO - [2023-07-19T16:44:48.403+0000] {dag.py:3508} INFO - Setting next_dagrun for example_nested_branch_dag to 2023-07-18T00:00:00+00:00, run_after=2023-07-19T00:00:00+00:00
[2023-07-19T16:44:48.413+0000] {processor.py:179} INFO - Processing /home/airflow/.local/lib/python3.7/site-packages/airflow/example_dags/example_nested_branch_dag.py took 0.062 seconds
[2023-07-19T16:45:19.396+0000] {processor.py:157} INFO - Started process (PID=1391) to work on /home/airflow/.local/lib/python3.7/site-packages/airflow/example_dags/example_nested_branch_dag.py
[2023-07-19T16:45:19.397+0000] {processor.py:826} INFO - Processing file /home/airflow/.local/lib/python3.7/site-packages/airflow/example_dags/example_nested_branch_dag.py for tasks to queue
[2023-07-19T16:45:19.397+0000] {logging_mixin.py:150} INFO - [2023-07-19T16:45:19.397+0000] {dagbag.py:541} INFO - Filling up the DagBag from /home/airflow/.local/lib/python3.7/site-packages/airflow/example_dags/example_nested_branch_dag.py
[2023-07-19T16:45:19.405+0000] {processor.py:836} INFO - DAG(s) dict_keys(['example_nested_branch_dag']) retrieved from /home/airflow/.local/lib/python3.7/site-packages/airflow/example_dags/example_nested_branch_dag.py
[2023-07-19T16:45:19.436+0000] {logging_mixin.py:150} INFO - [2023-07-19T16:45:19.436+0000] {dag.py:2742} INFO - Sync 1 DAGs
[2023-07-19T16:45:19.502+0000] {logging_mixin.py:150} INFO - [2023-07-19T16:45:19.502+0000] {dag.py:3508} INFO - Setting next_dagrun for example_nested_branch_dag to 2023-07-18T00:00:00+00:00, run_after=2023-07-19T00:00:00+00:00
[2023-07-19T16:45:19.560+0000] {processor.py:179} INFO - Processing /home/airflow/.local/lib/python3.7/site-packages/airflow/example_dags/example_nested_branch_dag.py took 0.169 seconds
[2023-07-19T16:45:49.925+0000] {processor.py:157} INFO - Started process (PID=1446) to work on /home/airflow/.local/lib/python3.7/site-packages/airflow/example_dags/example_nested_branch_dag.py
[2023-07-19T16:45:49.926+0000] {processor.py:826} INFO - Processing file /home/airflow/.local/lib/python3.7/site-packages/airflow/example_dags/example_nested_branch_dag.py for tasks to queue
[2023-07-19T16:45:49.926+0000] {logging_mixin.py:150} INFO - [2023-07-19T16:45:49.926+0000] {dagbag.py:541} INFO - Filling up the DagBag from /home/airflow/.local/lib/python3.7/site-packages/airflow/example_dags/example_nested_branch_dag.py
[2023-07-19T16:45:49.946+0000] {processor.py:836} INFO - DAG(s) dict_keys(['example_nested_branch_dag']) retrieved from /home/airflow/.local/lib/python3.7/site-packages/airflow/example_dags/example_nested_branch_dag.py
[2023-07-19T16:45:50.000+0000] {logging_mixin.py:150} INFO - [2023-07-19T16:45:50.000+0000] {dag.py:2742} INFO - Sync 1 DAGs
[2023-07-19T16:45:50.037+0000] {logging_mixin.py:150} INFO - [2023-07-19T16:45:50.036+0000] {dag.py:3508} INFO - Setting next_dagrun for example_nested_branch_dag to 2023-07-18T00:00:00+00:00, run_after=2023-07-19T00:00:00+00:00
[2023-07-19T16:45:50.096+0000] {processor.py:179} INFO - Processing /home/airflow/.local/lib/python3.7/site-packages/airflow/example_dags/example_nested_branch_dag.py took 0.177 seconds
[2023-07-19T16:46:20.788+0000] {processor.py:157} INFO - Started process (PID=1501) to work on /home/airflow/.local/lib/python3.7/site-packages/airflow/example_dags/example_nested_branch_dag.py
[2023-07-19T16:46:20.790+0000] {processor.py:826} INFO - Processing file /home/airflow/.local/lib/python3.7/site-packages/airflow/example_dags/example_nested_branch_dag.py for tasks to queue
[2023-07-19T16:46:20.791+0000] {logging_mixin.py:150} INFO - [2023-07-19T16:46:20.791+0000] {dagbag.py:541} INFO - Filling up the DagBag from /home/airflow/.local/lib/python3.7/site-packages/airflow/example_dags/example_nested_branch_dag.py
[2023-07-19T16:46:20.803+0000] {processor.py:836} INFO - DAG(s) dict_keys(['example_nested_branch_dag']) retrieved from /home/airflow/.local/lib/python3.7/site-packages/airflow/example_dags/example_nested_branch_dag.py
[2023-07-19T16:46:20.823+0000] {logging_mixin.py:150} INFO - [2023-07-19T16:46:20.823+0000] {dag.py:2742} INFO - Sync 1 DAGs
[2023-07-19T16:46:20.844+0000] {logging_mixin.py:150} INFO - [2023-07-19T16:46:20.844+0000] {dag.py:3508} INFO - Setting next_dagrun for example_nested_branch_dag to 2023-07-18T00:00:00+00:00, run_after=2023-07-19T00:00:00+00:00
[2023-07-19T16:46:20.853+0000] {processor.py:179} INFO - Processing /home/airflow/.local/lib/python3.7/site-packages/airflow/example_dags/example_nested_branch_dag.py took 0.067 seconds
[2023-07-19T16:46:51.394+0000] {processor.py:157} INFO - Started process (PID=1556) to work on /home/airflow/.local/lib/python3.7/site-packages/airflow/example_dags/example_nested_branch_dag.py
[2023-07-19T16:46:51.394+0000] {processor.py:826} INFO - Processing file /home/airflow/.local/lib/python3.7/site-packages/airflow/example_dags/example_nested_branch_dag.py for tasks to queue
[2023-07-19T16:46:51.395+0000] {logging_mixin.py:150} INFO - [2023-07-19T16:46:51.395+0000] {dagbag.py:541} INFO - Filling up the DagBag from /home/airflow/.local/lib/python3.7/site-packages/airflow/example_dags/example_nested_branch_dag.py
[2023-07-19T16:46:51.403+0000] {processor.py:836} INFO - DAG(s) dict_keys(['example_nested_branch_dag']) retrieved from /home/airflow/.local/lib/python3.7/site-packages/airflow/example_dags/example_nested_branch_dag.py
[2023-07-19T16:46:51.417+0000] {logging_mixin.py:150} INFO - [2023-07-19T16:46:51.417+0000] {dag.py:2742} INFO - Sync 1 DAGs
[2023-07-19T16:46:51.430+0000] {logging_mixin.py:150} INFO - [2023-07-19T16:46:51.429+0000] {dag.py:3508} INFO - Setting next_dagrun for example_nested_branch_dag to 2023-07-18T00:00:00+00:00, run_after=2023-07-19T00:00:00+00:00
[2023-07-19T16:46:51.437+0000] {processor.py:179} INFO - Processing /home/airflow/.local/lib/python3.7/site-packages/airflow/example_dags/example_nested_branch_dag.py took 0.049 seconds
[2023-07-19T16:47:21.921+0000] {processor.py:157} INFO - Started process (PID=1610) to work on /home/airflow/.local/lib/python3.7/site-packages/airflow/example_dags/example_nested_branch_dag.py
[2023-07-19T16:47:21.922+0000] {processor.py:826} INFO - Processing file /home/airflow/.local/lib/python3.7/site-packages/airflow/example_dags/example_nested_branch_dag.py for tasks to queue
[2023-07-19T16:47:21.922+0000] {logging_mixin.py:150} INFO - [2023-07-19T16:47:21.922+0000] {dagbag.py:541} INFO - Filling up the DagBag from /home/airflow/.local/lib/python3.7/site-packages/airflow/example_dags/example_nested_branch_dag.py
[2023-07-19T16:47:21.930+0000] {processor.py:836} INFO - DAG(s) dict_keys(['example_nested_branch_dag']) retrieved from /home/airflow/.local/lib/python3.7/site-packages/airflow/example_dags/example_nested_branch_dag.py
[2023-07-19T16:47:21.947+0000] {logging_mixin.py:150} INFO - [2023-07-19T16:47:21.947+0000] {dag.py:2742} INFO - Sync 1 DAGs
[2023-07-19T16:47:21.961+0000] {logging_mixin.py:150} INFO - [2023-07-19T16:47:21.961+0000] {dag.py:3508} INFO - Setting next_dagrun for example_nested_branch_dag to 2023-07-18T00:00:00+00:00, run_after=2023-07-19T00:00:00+00:00
[2023-07-19T16:47:21.972+0000] {processor.py:179} INFO - Processing /home/airflow/.local/lib/python3.7/site-packages/airflow/example_dags/example_nested_branch_dag.py took 0.053 seconds
[2023-07-19T16:47:53.688+0000] {processor.py:157} INFO - Started process (PID=1665) to work on /home/airflow/.local/lib/python3.7/site-packages/airflow/example_dags/example_nested_branch_dag.py
[2023-07-19T16:47:53.688+0000] {processor.py:826} INFO - Processing file /home/airflow/.local/lib/python3.7/site-packages/airflow/example_dags/example_nested_branch_dag.py for tasks to queue
[2023-07-19T16:47:53.689+0000] {logging_mixin.py:150} INFO - [2023-07-19T16:47:53.689+0000] {dagbag.py:541} INFO - Filling up the DagBag from /home/airflow/.local/lib/python3.7/site-packages/airflow/example_dags/example_nested_branch_dag.py
[2023-07-19T16:47:53.702+0000] {processor.py:836} INFO - DAG(s) dict_keys(['example_nested_branch_dag']) retrieved from /home/airflow/.local/lib/python3.7/site-packages/airflow/example_dags/example_nested_branch_dag.py
[2023-07-19T16:47:53.740+0000] {logging_mixin.py:150} INFO - [2023-07-19T16:47:53.740+0000] {dag.py:2742} INFO - Sync 1 DAGs
[2023-07-19T16:47:53.778+0000] {logging_mixin.py:150} INFO - [2023-07-19T16:47:53.778+0000] {dag.py:3508} INFO - Setting next_dagrun for example_nested_branch_dag to 2023-07-18T00:00:00+00:00, run_after=2023-07-19T00:00:00+00:00
[2023-07-19T16:47:53.821+0000] {processor.py:179} INFO - Processing /home/airflow/.local/lib/python3.7/site-packages/airflow/example_dags/example_nested_branch_dag.py took 0.144 seconds
[2023-07-19T16:48:24.440+0000] {processor.py:157} INFO - Started process (PID=1720) to work on /home/airflow/.local/lib/python3.7/site-packages/airflow/example_dags/example_nested_branch_dag.py
[2023-07-19T16:48:24.441+0000] {processor.py:826} INFO - Processing file /home/airflow/.local/lib/python3.7/site-packages/airflow/example_dags/example_nested_branch_dag.py for tasks to queue
[2023-07-19T16:48:24.442+0000] {logging_mixin.py:150} INFO - [2023-07-19T16:48:24.442+0000] {dagbag.py:541} INFO - Filling up the DagBag from /home/airflow/.local/lib/python3.7/site-packages/airflow/example_dags/example_nested_branch_dag.py
[2023-07-19T16:48:24.451+0000] {processor.py:836} INFO - DAG(s) dict_keys(['example_nested_branch_dag']) retrieved from /home/airflow/.local/lib/python3.7/site-packages/airflow/example_dags/example_nested_branch_dag.py
[2023-07-19T16:48:24.475+0000] {logging_mixin.py:150} INFO - [2023-07-19T16:48:24.475+0000] {dag.py:2742} INFO - Sync 1 DAGs
[2023-07-19T16:48:24.499+0000] {logging_mixin.py:150} INFO - [2023-07-19T16:48:24.498+0000] {dag.py:3508} INFO - Setting next_dagrun for example_nested_branch_dag to 2023-07-18T00:00:00+00:00, run_after=2023-07-19T00:00:00+00:00
[2023-07-19T16:48:24.510+0000] {processor.py:179} INFO - Processing /home/airflow/.local/lib/python3.7/site-packages/airflow/example_dags/example_nested_branch_dag.py took 0.077 seconds
[2023-07-19T16:48:55.224+0000] {processor.py:157} INFO - Started process (PID=1775) to work on /home/airflow/.local/lib/python3.7/site-packages/airflow/example_dags/example_nested_branch_dag.py
[2023-07-19T16:48:55.225+0000] {processor.py:826} INFO - Processing file /home/airflow/.local/lib/python3.7/site-packages/airflow/example_dags/example_nested_branch_dag.py for tasks to queue
[2023-07-19T16:48:55.225+0000] {logging_mixin.py:150} INFO - [2023-07-19T16:48:55.225+0000] {dagbag.py:541} INFO - Filling up the DagBag from /home/airflow/.local/lib/python3.7/site-packages/airflow/example_dags/example_nested_branch_dag.py
[2023-07-19T16:48:55.235+0000] {processor.py:836} INFO - DAG(s) dict_keys(['example_nested_branch_dag']) retrieved from /home/airflow/.local/lib/python3.7/site-packages/airflow/example_dags/example_nested_branch_dag.py
[2023-07-19T16:48:55.264+0000] {logging_mixin.py:150} INFO - [2023-07-19T16:48:55.264+0000] {dag.py:2742} INFO - Sync 1 DAGs
[2023-07-19T16:48:55.286+0000] {logging_mixin.py:150} INFO - [2023-07-19T16:48:55.286+0000] {dag.py:3508} INFO - Setting next_dagrun for example_nested_branch_dag to 2023-07-18T00:00:00+00:00, run_after=2023-07-19T00:00:00+00:00
[2023-07-19T16:48:55.297+0000] {processor.py:179} INFO - Processing /home/airflow/.local/lib/python3.7/site-packages/airflow/example_dags/example_nested_branch_dag.py took 0.076 seconds
[2023-07-19T16:49:26.099+0000] {processor.py:157} INFO - Started process (PID=1830) to work on /home/airflow/.local/lib/python3.7/site-packages/airflow/example_dags/example_nested_branch_dag.py
[2023-07-19T16:49:26.099+0000] {processor.py:826} INFO - Processing file /home/airflow/.local/lib/python3.7/site-packages/airflow/example_dags/example_nested_branch_dag.py for tasks to queue
[2023-07-19T16:49:26.100+0000] {logging_mixin.py:150} INFO - [2023-07-19T16:49:26.100+0000] {dagbag.py:541} INFO - Filling up the DagBag from /home/airflow/.local/lib/python3.7/site-packages/airflow/example_dags/example_nested_branch_dag.py
[2023-07-19T16:49:26.118+0000] {processor.py:836} INFO - DAG(s) dict_keys(['example_nested_branch_dag']) retrieved from /home/airflow/.local/lib/python3.7/site-packages/airflow/example_dags/example_nested_branch_dag.py
[2023-07-19T16:49:26.136+0000] {logging_mixin.py:150} INFO - [2023-07-19T16:49:26.136+0000] {dag.py:2742} INFO - Sync 1 DAGs
[2023-07-19T16:49:26.152+0000] {logging_mixin.py:150} INFO - [2023-07-19T16:49:26.152+0000] {dag.py:3508} INFO - Setting next_dagrun for example_nested_branch_dag to 2023-07-18T00:00:00+00:00, run_after=2023-07-19T00:00:00+00:00
[2023-07-19T16:49:26.160+0000] {processor.py:179} INFO - Processing /home/airflow/.local/lib/python3.7/site-packages/airflow/example_dags/example_nested_branch_dag.py took 0.063 seconds
[2023-07-19T16:49:57.109+0000] {processor.py:157} INFO - Started process (PID=1885) to work on /home/airflow/.local/lib/python3.7/site-packages/airflow/example_dags/example_nested_branch_dag.py
[2023-07-19T16:49:57.117+0000] {processor.py:826} INFO - Processing file /home/airflow/.local/lib/python3.7/site-packages/airflow/example_dags/example_nested_branch_dag.py for tasks to queue
[2023-07-19T16:49:57.118+0000] {logging_mixin.py:150} INFO - [2023-07-19T16:49:57.118+0000] {dagbag.py:541} INFO - Filling up the DagBag from /home/airflow/.local/lib/python3.7/site-packages/airflow/example_dags/example_nested_branch_dag.py
[2023-07-19T16:49:57.202+0000] {processor.py:836} INFO - DAG(s) dict_keys(['example_nested_branch_dag']) retrieved from /home/airflow/.local/lib/python3.7/site-packages/airflow/example_dags/example_nested_branch_dag.py
[2023-07-19T16:49:57.244+0000] {logging_mixin.py:150} INFO - [2023-07-19T16:49:57.244+0000] {dag.py:2742} INFO - Sync 1 DAGs
[2023-07-19T16:49:57.263+0000] {logging_mixin.py:150} INFO - [2023-07-19T16:49:57.263+0000] {dag.py:3508} INFO - Setting next_dagrun for example_nested_branch_dag to 2023-07-18T00:00:00+00:00, run_after=2023-07-19T00:00:00+00:00
[2023-07-19T16:49:57.274+0000] {processor.py:179} INFO - Processing /home/airflow/.local/lib/python3.7/site-packages/airflow/example_dags/example_nested_branch_dag.py took 0.182 seconds
[2023-07-19T16:50:27.506+0000] {processor.py:157} INFO - Started process (PID=1940) to work on /home/airflow/.local/lib/python3.7/site-packages/airflow/example_dags/example_nested_branch_dag.py
[2023-07-19T16:50:27.507+0000] {processor.py:826} INFO - Processing file /home/airflow/.local/lib/python3.7/site-packages/airflow/example_dags/example_nested_branch_dag.py for tasks to queue
[2023-07-19T16:50:27.508+0000] {logging_mixin.py:150} INFO - [2023-07-19T16:50:27.507+0000] {dagbag.py:541} INFO - Filling up the DagBag from /home/airflow/.local/lib/python3.7/site-packages/airflow/example_dags/example_nested_branch_dag.py
[2023-07-19T16:50:27.515+0000] {processor.py:836} INFO - DAG(s) dict_keys(['example_nested_branch_dag']) retrieved from /home/airflow/.local/lib/python3.7/site-packages/airflow/example_dags/example_nested_branch_dag.py
[2023-07-19T16:50:27.532+0000] {logging_mixin.py:150} INFO - [2023-07-19T16:50:27.532+0000] {dag.py:2742} INFO - Sync 1 DAGs
[2023-07-19T16:50:27.547+0000] {logging_mixin.py:150} INFO - [2023-07-19T16:50:27.547+0000] {dag.py:3508} INFO - Setting next_dagrun for example_nested_branch_dag to 2023-07-18T00:00:00+00:00, run_after=2023-07-19T00:00:00+00:00
[2023-07-19T16:50:27.563+0000] {processor.py:179} INFO - Processing /home/airflow/.local/lib/python3.7/site-packages/airflow/example_dags/example_nested_branch_dag.py took 0.060 seconds
[2023-07-19T16:50:58.684+0000] {processor.py:157} INFO - Started process (PID=1995) to work on /home/airflow/.local/lib/python3.7/site-packages/airflow/example_dags/example_nested_branch_dag.py
[2023-07-19T16:50:58.688+0000] {processor.py:826} INFO - Processing file /home/airflow/.local/lib/python3.7/site-packages/airflow/example_dags/example_nested_branch_dag.py for tasks to queue
[2023-07-19T16:50:58.688+0000] {logging_mixin.py:150} INFO - [2023-07-19T16:50:58.688+0000] {dagbag.py:541} INFO - Filling up the DagBag from /home/airflow/.local/lib/python3.7/site-packages/airflow/example_dags/example_nested_branch_dag.py
[2023-07-19T16:50:58.697+0000] {processor.py:836} INFO - DAG(s) dict_keys(['example_nested_branch_dag']) retrieved from /home/airflow/.local/lib/python3.7/site-packages/airflow/example_dags/example_nested_branch_dag.py
[2023-07-19T16:50:58.715+0000] {logging_mixin.py:150} INFO - [2023-07-19T16:50:58.714+0000] {dag.py:2742} INFO - Sync 1 DAGs
[2023-07-19T16:50:58.730+0000] {logging_mixin.py:150} INFO - [2023-07-19T16:50:58.730+0000] {dag.py:3508} INFO - Setting next_dagrun for example_nested_branch_dag to 2023-07-18T00:00:00+00:00, run_after=2023-07-19T00:00:00+00:00
[2023-07-19T16:50:58.784+0000] {processor.py:179} INFO - Processing /home/airflow/.local/lib/python3.7/site-packages/airflow/example_dags/example_nested_branch_dag.py took 0.103 seconds
[2023-07-19T16:51:28.936+0000] {processor.py:157} INFO - Started process (PID=2049) to work on /home/airflow/.local/lib/python3.7/site-packages/airflow/example_dags/example_nested_branch_dag.py
[2023-07-19T16:51:28.937+0000] {processor.py:826} INFO - Processing file /home/airflow/.local/lib/python3.7/site-packages/airflow/example_dags/example_nested_branch_dag.py for tasks to queue
[2023-07-19T16:51:28.937+0000] {logging_mixin.py:150} INFO - [2023-07-19T16:51:28.937+0000] {dagbag.py:541} INFO - Filling up the DagBag from /home/airflow/.local/lib/python3.7/site-packages/airflow/example_dags/example_nested_branch_dag.py
[2023-07-19T16:51:28.942+0000] {processor.py:836} INFO - DAG(s) dict_keys(['example_nested_branch_dag']) retrieved from /home/airflow/.local/lib/python3.7/site-packages/airflow/example_dags/example_nested_branch_dag.py
[2023-07-19T16:51:28.955+0000] {logging_mixin.py:150} INFO - [2023-07-19T16:51:28.955+0000] {dag.py:2742} INFO - Sync 1 DAGs
[2023-07-19T16:51:28.967+0000] {logging_mixin.py:150} INFO - [2023-07-19T16:51:28.967+0000] {dag.py:3508} INFO - Setting next_dagrun for example_nested_branch_dag to 2023-07-18T00:00:00+00:00, run_after=2023-07-19T00:00:00+00:00
[2023-07-19T16:51:28.975+0000] {processor.py:179} INFO - Processing /home/airflow/.local/lib/python3.7/site-packages/airflow/example_dags/example_nested_branch_dag.py took 0.040 seconds
[2023-07-19T16:51:59.462+0000] {processor.py:157} INFO - Started process (PID=2104) to work on /home/airflow/.local/lib/python3.7/site-packages/airflow/example_dags/example_nested_branch_dag.py
[2023-07-19T16:51:59.463+0000] {processor.py:826} INFO - Processing file /home/airflow/.local/lib/python3.7/site-packages/airflow/example_dags/example_nested_branch_dag.py for tasks to queue
[2023-07-19T16:51:59.463+0000] {logging_mixin.py:150} INFO - [2023-07-19T16:51:59.463+0000] {dagbag.py:541} INFO - Filling up the DagBag from /home/airflow/.local/lib/python3.7/site-packages/airflow/example_dags/example_nested_branch_dag.py
[2023-07-19T16:51:59.469+0000] {processor.py:836} INFO - DAG(s) dict_keys(['example_nested_branch_dag']) retrieved from /home/airflow/.local/lib/python3.7/site-packages/airflow/example_dags/example_nested_branch_dag.py
[2023-07-19T16:51:59.483+0000] {logging_mixin.py:150} INFO - [2023-07-19T16:51:59.483+0000] {dag.py:2742} INFO - Sync 1 DAGs
[2023-07-19T16:51:59.495+0000] {logging_mixin.py:150} INFO - [2023-07-19T16:51:59.495+0000] {dag.py:3508} INFO - Setting next_dagrun for example_nested_branch_dag to 2023-07-18T00:00:00+00:00, run_after=2023-07-19T00:00:00+00:00
[2023-07-19T16:51:59.504+0000] {processor.py:179} INFO - Processing /home/airflow/.local/lib/python3.7/site-packages/airflow/example_dags/example_nested_branch_dag.py took 0.044 seconds
[2023-07-19T16:52:29.867+0000] {processor.py:157} INFO - Started process (PID=2158) to work on /home/airflow/.local/lib/python3.7/site-packages/airflow/example_dags/example_nested_branch_dag.py
[2023-07-19T16:52:29.868+0000] {processor.py:826} INFO - Processing file /home/airflow/.local/lib/python3.7/site-packages/airflow/example_dags/example_nested_branch_dag.py for tasks to queue
[2023-07-19T16:52:29.868+0000] {logging_mixin.py:150} INFO - [2023-07-19T16:52:29.868+0000] {dagbag.py:541} INFO - Filling up the DagBag from /home/airflow/.local/lib/python3.7/site-packages/airflow/example_dags/example_nested_branch_dag.py
[2023-07-19T16:52:29.873+0000] {processor.py:836} INFO - DAG(s) dict_keys(['example_nested_branch_dag']) retrieved from /home/airflow/.local/lib/python3.7/site-packages/airflow/example_dags/example_nested_branch_dag.py
[2023-07-19T16:52:29.894+0000] {logging_mixin.py:150} INFO - [2023-07-19T16:52:29.894+0000] {dag.py:2742} INFO - Sync 1 DAGs
[2023-07-19T16:52:29.917+0000] {logging_mixin.py:150} INFO - [2023-07-19T16:52:29.917+0000] {dag.py:3508} INFO - Setting next_dagrun for example_nested_branch_dag to 2023-07-18T00:00:00+00:00, run_after=2023-07-19T00:00:00+00:00
[2023-07-19T16:52:29.930+0000] {processor.py:179} INFO - Processing /home/airflow/.local/lib/python3.7/site-packages/airflow/example_dags/example_nested_branch_dag.py took 0.064 seconds
[2023-07-19T16:53:00.830+0000] {processor.py:157} INFO - Started process (PID=2213) to work on /home/airflow/.local/lib/python3.7/site-packages/airflow/example_dags/example_nested_branch_dag.py
[2023-07-19T16:53:00.837+0000] {processor.py:826} INFO - Processing file /home/airflow/.local/lib/python3.7/site-packages/airflow/example_dags/example_nested_branch_dag.py for tasks to queue
[2023-07-19T16:53:00.841+0000] {logging_mixin.py:150} INFO - [2023-07-19T16:53:00.839+0000] {dagbag.py:541} INFO - Filling up the DagBag from /home/airflow/.local/lib/python3.7/site-packages/airflow/example_dags/example_nested_branch_dag.py
[2023-07-19T16:53:00.876+0000] {processor.py:836} INFO - DAG(s) dict_keys(['example_nested_branch_dag']) retrieved from /home/airflow/.local/lib/python3.7/site-packages/airflow/example_dags/example_nested_branch_dag.py
[2023-07-19T16:53:00.974+0000] {logging_mixin.py:150} INFO - [2023-07-19T16:53:00.974+0000] {dag.py:2742} INFO - Sync 1 DAGs
[2023-07-19T16:53:01.000+0000] {logging_mixin.py:150} INFO - [2023-07-19T16:53:00.999+0000] {dag.py:3508} INFO - Setting next_dagrun for example_nested_branch_dag to 2023-07-18T00:00:00+00:00, run_after=2023-07-19T00:00:00+00:00
[2023-07-19T16:53:01.020+0000] {processor.py:179} INFO - Processing /home/airflow/.local/lib/python3.7/site-packages/airflow/example_dags/example_nested_branch_dag.py took 0.204 seconds
