[2023-07-19T16:32:50.288+0000] {processor.py:157} INFO - Started process (PID=47) to work on /home/airflow/.local/lib/python3.7/site-packages/airflow/example_dags/tutorial_dag.py
[2023-07-19T16:32:50.288+0000] {processor.py:826} INFO - Processing file /home/airflow/.local/lib/python3.7/site-packages/airflow/example_dags/tutorial_dag.py for tasks to queue
[2023-07-19T16:32:50.288+0000] {logging_mixin.py:150} INFO - [2023-07-19T16:32:50.288+0000] {dagbag.py:541} INFO - Filling up the DagBag from /home/airflow/.local/lib/python3.7/site-packages/airflow/example_dags/tutorial_dag.py
[2023-07-19T16:32:50.291+0000] {processor.py:836} INFO - DAG(s) dict_keys(['tutorial_dag']) retrieved from /home/airflow/.local/lib/python3.7/site-packages/airflow/example_dags/tutorial_dag.py
[2023-07-19T16:32:50.299+0000] {logging_mixin.py:150} INFO - [2023-07-19T16:32:50.299+0000] {dag.py:2742} INFO - Sync 1 DAGs
[2023-07-19T16:32:50.323+0000] {logging_mixin.py:150} INFO - [2023-07-19T16:32:50.323+0000] {dag.py:3508} INFO - Setting next_dagrun for tutorial_dag to None, run_after=None
[2023-07-19T16:32:50.343+0000] {processor.py:179} INFO - Processing /home/airflow/.local/lib/python3.7/site-packages/airflow/example_dags/tutorial_dag.py took 0.057 seconds
[2023-07-19T16:33:20.814+0000] {processor.py:157} INFO - Started process (PID=102) to work on /home/airflow/.local/lib/python3.7/site-packages/airflow/example_dags/tutorial_dag.py
[2023-07-19T16:33:20.814+0000] {processor.py:826} INFO - Processing file /home/airflow/.local/lib/python3.7/site-packages/airflow/example_dags/tutorial_dag.py for tasks to queue
[2023-07-19T16:33:20.815+0000] {logging_mixin.py:150} INFO - [2023-07-19T16:33:20.815+0000] {dagbag.py:541} INFO - Filling up the DagBag from /home/airflow/.local/lib/python3.7/site-packages/airflow/example_dags/tutorial_dag.py
[2023-07-19T16:33:20.824+0000] {processor.py:836} INFO - DAG(s) dict_keys(['tutorial_dag']) retrieved from /home/airflow/.local/lib/python3.7/site-packages/airflow/example_dags/tutorial_dag.py
[2023-07-19T16:33:20.862+0000] {logging_mixin.py:150} INFO - [2023-07-19T16:33:20.862+0000] {dag.py:2742} INFO - Sync 1 DAGs
[2023-07-19T16:33:20.875+0000] {logging_mixin.py:150} INFO - [2023-07-19T16:33:20.875+0000] {dag.py:3508} INFO - Setting next_dagrun for tutorial_dag to None, run_after=None
[2023-07-19T16:33:20.912+0000] {processor.py:179} INFO - Processing /home/airflow/.local/lib/python3.7/site-packages/airflow/example_dags/tutorial_dag.py took 0.106 seconds
[2023-07-19T16:33:51.019+0000] {processor.py:157} INFO - Started process (PID=158) to work on /home/airflow/.local/lib/python3.7/site-packages/airflow/example_dags/tutorial_dag.py
[2023-07-19T16:33:51.020+0000] {processor.py:826} INFO - Processing file /home/airflow/.local/lib/python3.7/site-packages/airflow/example_dags/tutorial_dag.py for tasks to queue
[2023-07-19T16:33:51.020+0000] {logging_mixin.py:150} INFO - [2023-07-19T16:33:51.020+0000] {dagbag.py:541} INFO - Filling up the DagBag from /home/airflow/.local/lib/python3.7/site-packages/airflow/example_dags/tutorial_dag.py
[2023-07-19T16:33:51.022+0000] {processor.py:836} INFO - DAG(s) dict_keys(['tutorial_dag']) retrieved from /home/airflow/.local/lib/python3.7/site-packages/airflow/example_dags/tutorial_dag.py
[2023-07-19T16:33:51.036+0000] {logging_mixin.py:150} INFO - [2023-07-19T16:33:51.036+0000] {dag.py:2742} INFO - Sync 1 DAGs
[2023-07-19T16:33:51.047+0000] {logging_mixin.py:150} INFO - [2023-07-19T16:33:51.047+0000] {dag.py:3508} INFO - Setting next_dagrun for tutorial_dag to None, run_after=None
[2023-07-19T16:33:51.054+0000] {processor.py:179} INFO - Processing /home/airflow/.local/lib/python3.7/site-packages/airflow/example_dags/tutorial_dag.py took 0.037 seconds
[2023-07-19T16:34:22.012+0000] {processor.py:157} INFO - Started process (PID=212) to work on /home/airflow/.local/lib/python3.7/site-packages/airflow/example_dags/tutorial_dag.py
[2023-07-19T16:34:22.013+0000] {processor.py:826} INFO - Processing file /home/airflow/.local/lib/python3.7/site-packages/airflow/example_dags/tutorial_dag.py for tasks to queue
[2023-07-19T16:34:22.013+0000] {logging_mixin.py:150} INFO - [2023-07-19T16:34:22.013+0000] {dagbag.py:541} INFO - Filling up the DagBag from /home/airflow/.local/lib/python3.7/site-packages/airflow/example_dags/tutorial_dag.py
[2023-07-19T16:34:22.016+0000] {processor.py:836} INFO - DAG(s) dict_keys(['tutorial_dag']) retrieved from /home/airflow/.local/lib/python3.7/site-packages/airflow/example_dags/tutorial_dag.py
[2023-07-19T16:34:22.030+0000] {logging_mixin.py:150} INFO - [2023-07-19T16:34:22.030+0000] {dag.py:2742} INFO - Sync 1 DAGs
[2023-07-19T16:34:22.041+0000] {logging_mixin.py:150} INFO - [2023-07-19T16:34:22.041+0000] {dag.py:3508} INFO - Setting next_dagrun for tutorial_dag to None, run_after=None
[2023-07-19T16:34:22.049+0000] {processor.py:179} INFO - Processing /home/airflow/.local/lib/python3.7/site-packages/airflow/example_dags/tutorial_dag.py took 0.039 seconds
[2023-07-19T16:34:52.799+0000] {processor.py:157} INFO - Started process (PID=267) to work on /home/airflow/.local/lib/python3.7/site-packages/airflow/example_dags/tutorial_dag.py
[2023-07-19T16:34:52.799+0000] {processor.py:826} INFO - Processing file /home/airflow/.local/lib/python3.7/site-packages/airflow/example_dags/tutorial_dag.py for tasks to queue
[2023-07-19T16:34:52.799+0000] {logging_mixin.py:150} INFO - [2023-07-19T16:34:52.799+0000] {dagbag.py:541} INFO - Filling up the DagBag from /home/airflow/.local/lib/python3.7/site-packages/airflow/example_dags/tutorial_dag.py
[2023-07-19T16:34:52.803+0000] {processor.py:836} INFO - DAG(s) dict_keys(['tutorial_dag']) retrieved from /home/airflow/.local/lib/python3.7/site-packages/airflow/example_dags/tutorial_dag.py
[2023-07-19T16:34:52.816+0000] {logging_mixin.py:150} INFO - [2023-07-19T16:34:52.816+0000] {dag.py:2742} INFO - Sync 1 DAGs
[2023-07-19T16:34:52.829+0000] {logging_mixin.py:150} INFO - [2023-07-19T16:34:52.829+0000] {dag.py:3508} INFO - Setting next_dagrun for tutorial_dag to None, run_after=None
[2023-07-19T16:34:52.837+0000] {processor.py:179} INFO - Processing /home/airflow/.local/lib/python3.7/site-packages/airflow/example_dags/tutorial_dag.py took 0.040 seconds
[2023-07-19T16:35:24.043+0000] {processor.py:157} INFO - Started process (PID=322) to work on /home/airflow/.local/lib/python3.7/site-packages/airflow/example_dags/tutorial_dag.py
[2023-07-19T16:35:24.044+0000] {processor.py:826} INFO - Processing file /home/airflow/.local/lib/python3.7/site-packages/airflow/example_dags/tutorial_dag.py for tasks to queue
[2023-07-19T16:35:24.045+0000] {logging_mixin.py:150} INFO - [2023-07-19T16:35:24.044+0000] {dagbag.py:541} INFO - Filling up the DagBag from /home/airflow/.local/lib/python3.7/site-packages/airflow/example_dags/tutorial_dag.py
[2023-07-19T16:35:24.048+0000] {processor.py:836} INFO - DAG(s) dict_keys(['tutorial_dag']) retrieved from /home/airflow/.local/lib/python3.7/site-packages/airflow/example_dags/tutorial_dag.py
[2023-07-19T16:35:24.069+0000] {logging_mixin.py:150} INFO - [2023-07-19T16:35:24.069+0000] {dag.py:2742} INFO - Sync 1 DAGs
[2023-07-19T16:35:24.100+0000] {logging_mixin.py:150} INFO - [2023-07-19T16:35:24.100+0000] {dag.py:3508} INFO - Setting next_dagrun for tutorial_dag to None, run_after=None
[2023-07-19T16:35:24.112+0000] {processor.py:179} INFO - Processing /home/airflow/.local/lib/python3.7/site-packages/airflow/example_dags/tutorial_dag.py took 0.071 seconds
[2023-07-19T16:35:54.308+0000] {processor.py:157} INFO - Started process (PID=378) to work on /home/airflow/.local/lib/python3.7/site-packages/airflow/example_dags/tutorial_dag.py
[2023-07-19T16:35:54.309+0000] {processor.py:826} INFO - Processing file /home/airflow/.local/lib/python3.7/site-packages/airflow/example_dags/tutorial_dag.py for tasks to queue
[2023-07-19T16:35:54.309+0000] {logging_mixin.py:150} INFO - [2023-07-19T16:35:54.309+0000] {dagbag.py:541} INFO - Filling up the DagBag from /home/airflow/.local/lib/python3.7/site-packages/airflow/example_dags/tutorial_dag.py
[2023-07-19T16:35:54.312+0000] {processor.py:836} INFO - DAG(s) dict_keys(['tutorial_dag']) retrieved from /home/airflow/.local/lib/python3.7/site-packages/airflow/example_dags/tutorial_dag.py
[2023-07-19T16:35:54.327+0000] {logging_mixin.py:150} INFO - [2023-07-19T16:35:54.327+0000] {dag.py:2742} INFO - Sync 1 DAGs
[2023-07-19T16:35:54.344+0000] {logging_mixin.py:150} INFO - [2023-07-19T16:35:54.343+0000] {dag.py:3508} INFO - Setting next_dagrun for tutorial_dag to None, run_after=None
[2023-07-19T16:35:54.353+0000] {processor.py:179} INFO - Processing /home/airflow/.local/lib/python3.7/site-packages/airflow/example_dags/tutorial_dag.py took 0.047 seconds
[2023-07-19T16:36:24.973+0000] {processor.py:157} INFO - Started process (PID=433) to work on /home/airflow/.local/lib/python3.7/site-packages/airflow/example_dags/tutorial_dag.py
[2023-07-19T16:36:24.974+0000] {processor.py:826} INFO - Processing file /home/airflow/.local/lib/python3.7/site-packages/airflow/example_dags/tutorial_dag.py for tasks to queue
[2023-07-19T16:36:24.975+0000] {logging_mixin.py:150} INFO - [2023-07-19T16:36:24.975+0000] {dagbag.py:541} INFO - Filling up the DagBag from /home/airflow/.local/lib/python3.7/site-packages/airflow/example_dags/tutorial_dag.py
[2023-07-19T16:36:24.978+0000] {processor.py:836} INFO - DAG(s) dict_keys(['tutorial_dag']) retrieved from /home/airflow/.local/lib/python3.7/site-packages/airflow/example_dags/tutorial_dag.py
[2023-07-19T16:36:25.000+0000] {logging_mixin.py:150} INFO - [2023-07-19T16:36:24.999+0000] {dag.py:2742} INFO - Sync 1 DAGs
[2023-07-19T16:36:25.040+0000] {logging_mixin.py:150} INFO - [2023-07-19T16:36:25.039+0000] {dag.py:3508} INFO - Setting next_dagrun for tutorial_dag to None, run_after=None
[2023-07-19T16:36:25.051+0000] {processor.py:179} INFO - Processing /home/airflow/.local/lib/python3.7/site-packages/airflow/example_dags/tutorial_dag.py took 0.083 seconds
[2023-07-19T16:36:55.659+0000] {processor.py:157} INFO - Started process (PID=488) to work on /home/airflow/.local/lib/python3.7/site-packages/airflow/example_dags/tutorial_dag.py
[2023-07-19T16:36:55.660+0000] {processor.py:826} INFO - Processing file /home/airflow/.local/lib/python3.7/site-packages/airflow/example_dags/tutorial_dag.py for tasks to queue
[2023-07-19T16:36:55.660+0000] {logging_mixin.py:150} INFO - [2023-07-19T16:36:55.660+0000] {dagbag.py:541} INFO - Filling up the DagBag from /home/airflow/.local/lib/python3.7/site-packages/airflow/example_dags/tutorial_dag.py
[2023-07-19T16:36:55.667+0000] {processor.py:836} INFO - DAG(s) dict_keys(['tutorial_dag']) retrieved from /home/airflow/.local/lib/python3.7/site-packages/airflow/example_dags/tutorial_dag.py
[2023-07-19T16:36:55.764+0000] {logging_mixin.py:150} INFO - [2023-07-19T16:36:55.763+0000] {dag.py:2742} INFO - Sync 1 DAGs
[2023-07-19T16:36:55.841+0000] {logging_mixin.py:150} INFO - [2023-07-19T16:36:55.841+0000] {dag.py:3508} INFO - Setting next_dagrun for tutorial_dag to None, run_after=None
[2023-07-19T16:36:55.905+0000] {processor.py:179} INFO - Processing /home/airflow/.local/lib/python3.7/site-packages/airflow/example_dags/tutorial_dag.py took 0.250 seconds
[2023-07-19T16:37:26.408+0000] {processor.py:157} INFO - Started process (PID=543) to work on /home/airflow/.local/lib/python3.7/site-packages/airflow/example_dags/tutorial_dag.py
[2023-07-19T16:37:26.409+0000] {processor.py:826} INFO - Processing file /home/airflow/.local/lib/python3.7/site-packages/airflow/example_dags/tutorial_dag.py for tasks to queue
[2023-07-19T16:37:26.409+0000] {logging_mixin.py:150} INFO - [2023-07-19T16:37:26.409+0000] {dagbag.py:541} INFO - Filling up the DagBag from /home/airflow/.local/lib/python3.7/site-packages/airflow/example_dags/tutorial_dag.py
[2023-07-19T16:37:26.413+0000] {processor.py:836} INFO - DAG(s) dict_keys(['tutorial_dag']) retrieved from /home/airflow/.local/lib/python3.7/site-packages/airflow/example_dags/tutorial_dag.py
[2023-07-19T16:37:26.430+0000] {logging_mixin.py:150} INFO - [2023-07-19T16:37:26.430+0000] {dag.py:2742} INFO - Sync 1 DAGs
[2023-07-19T16:37:26.451+0000] {logging_mixin.py:150} INFO - [2023-07-19T16:37:26.451+0000] {dag.py:3508} INFO - Setting next_dagrun for tutorial_dag to None, run_after=None
[2023-07-19T16:37:26.485+0000] {processor.py:179} INFO - Processing /home/airflow/.local/lib/python3.7/site-packages/airflow/example_dags/tutorial_dag.py took 0.079 seconds
[2023-07-19T16:37:56.673+0000] {processor.py:157} INFO - Started process (PID=598) to work on /home/airflow/.local/lib/python3.7/site-packages/airflow/example_dags/tutorial_dag.py
[2023-07-19T16:37:56.673+0000] {processor.py:826} INFO - Processing file /home/airflow/.local/lib/python3.7/site-packages/airflow/example_dags/tutorial_dag.py for tasks to queue
[2023-07-19T16:37:56.674+0000] {logging_mixin.py:150} INFO - [2023-07-19T16:37:56.674+0000] {dagbag.py:541} INFO - Filling up the DagBag from /home/airflow/.local/lib/python3.7/site-packages/airflow/example_dags/tutorial_dag.py
[2023-07-19T16:37:56.676+0000] {processor.py:836} INFO - DAG(s) dict_keys(['tutorial_dag']) retrieved from /home/airflow/.local/lib/python3.7/site-packages/airflow/example_dags/tutorial_dag.py
[2023-07-19T16:37:56.695+0000] {logging_mixin.py:150} INFO - [2023-07-19T16:37:56.695+0000] {dag.py:2742} INFO - Sync 1 DAGs
[2023-07-19T16:37:56.709+0000] {logging_mixin.py:150} INFO - [2023-07-19T16:37:56.709+0000] {dag.py:3508} INFO - Setting next_dagrun for tutorial_dag to None, run_after=None
[2023-07-19T16:37:56.717+0000] {processor.py:179} INFO - Processing /home/airflow/.local/lib/python3.7/site-packages/airflow/example_dags/tutorial_dag.py took 0.046 seconds
[2023-07-19T16:38:26.989+0000] {processor.py:157} INFO - Started process (PID=653) to work on /home/airflow/.local/lib/python3.7/site-packages/airflow/example_dags/tutorial_dag.py
[2023-07-19T16:38:26.989+0000] {processor.py:826} INFO - Processing file /home/airflow/.local/lib/python3.7/site-packages/airflow/example_dags/tutorial_dag.py for tasks to queue
[2023-07-19T16:38:26.990+0000] {logging_mixin.py:150} INFO - [2023-07-19T16:38:26.990+0000] {dagbag.py:541} INFO - Filling up the DagBag from /home/airflow/.local/lib/python3.7/site-packages/airflow/example_dags/tutorial_dag.py
[2023-07-19T16:38:26.993+0000] {processor.py:836} INFO - DAG(s) dict_keys(['tutorial_dag']) retrieved from /home/airflow/.local/lib/python3.7/site-packages/airflow/example_dags/tutorial_dag.py
[2023-07-19T16:38:27.010+0000] {logging_mixin.py:150} INFO - [2023-07-19T16:38:27.010+0000] {dag.py:2742} INFO - Sync 1 DAGs
[2023-07-19T16:38:27.023+0000] {logging_mixin.py:150} INFO - [2023-07-19T16:38:27.023+0000] {dag.py:3508} INFO - Setting next_dagrun for tutorial_dag to None, run_after=None
[2023-07-19T16:38:27.031+0000] {processor.py:179} INFO - Processing /home/airflow/.local/lib/python3.7/site-packages/airflow/example_dags/tutorial_dag.py took 0.044 seconds
[2023-07-19T16:38:57.186+0000] {processor.py:157} INFO - Started process (PID=708) to work on /home/airflow/.local/lib/python3.7/site-packages/airflow/example_dags/tutorial_dag.py
[2023-07-19T16:38:57.186+0000] {processor.py:826} INFO - Processing file /home/airflow/.local/lib/python3.7/site-packages/airflow/example_dags/tutorial_dag.py for tasks to queue
[2023-07-19T16:38:57.187+0000] {logging_mixin.py:150} INFO - [2023-07-19T16:38:57.187+0000] {dagbag.py:541} INFO - Filling up the DagBag from /home/airflow/.local/lib/python3.7/site-packages/airflow/example_dags/tutorial_dag.py
[2023-07-19T16:38:57.197+0000] {processor.py:836} INFO - DAG(s) dict_keys(['tutorial_dag']) retrieved from /home/airflow/.local/lib/python3.7/site-packages/airflow/example_dags/tutorial_dag.py
[2023-07-19T16:38:57.233+0000] {logging_mixin.py:150} INFO - [2023-07-19T16:38:57.233+0000] {dag.py:2742} INFO - Sync 1 DAGs
[2023-07-19T16:38:57.257+0000] {logging_mixin.py:150} INFO - [2023-07-19T16:38:57.257+0000] {dag.py:3508} INFO - Setting next_dagrun for tutorial_dag to None, run_after=None
[2023-07-19T16:38:57.271+0000] {processor.py:179} INFO - Processing /home/airflow/.local/lib/python3.7/site-packages/airflow/example_dags/tutorial_dag.py took 0.088 seconds
[2023-07-19T16:39:27.391+0000] {processor.py:157} INFO - Started process (PID=763) to work on /home/airflow/.local/lib/python3.7/site-packages/airflow/example_dags/tutorial_dag.py
[2023-07-19T16:39:27.391+0000] {processor.py:826} INFO - Processing file /home/airflow/.local/lib/python3.7/site-packages/airflow/example_dags/tutorial_dag.py for tasks to queue
[2023-07-19T16:39:27.391+0000] {logging_mixin.py:150} INFO - [2023-07-19T16:39:27.391+0000] {dagbag.py:541} INFO - Filling up the DagBag from /home/airflow/.local/lib/python3.7/site-packages/airflow/example_dags/tutorial_dag.py
[2023-07-19T16:39:27.394+0000] {processor.py:836} INFO - DAG(s) dict_keys(['tutorial_dag']) retrieved from /home/airflow/.local/lib/python3.7/site-packages/airflow/example_dags/tutorial_dag.py
[2023-07-19T16:39:27.416+0000] {logging_mixin.py:150} INFO - [2023-07-19T16:39:27.416+0000] {dag.py:2742} INFO - Sync 1 DAGs
[2023-07-19T16:39:27.436+0000] {logging_mixin.py:150} INFO - [2023-07-19T16:39:27.436+0000] {dag.py:3508} INFO - Setting next_dagrun for tutorial_dag to None, run_after=None
[2023-07-19T16:39:27.444+0000] {processor.py:179} INFO - Processing /home/airflow/.local/lib/python3.7/site-packages/airflow/example_dags/tutorial_dag.py took 0.055 seconds
[2023-07-19T16:40:07.260+0000] {processor.py:157} INFO - Started process (PID=818) to work on /home/airflow/.local/lib/python3.7/site-packages/airflow/example_dags/tutorial_dag.py
[2023-07-19T16:40:07.267+0000] {processor.py:826} INFO - Processing file /home/airflow/.local/lib/python3.7/site-packages/airflow/example_dags/tutorial_dag.py for tasks to queue
[2023-07-19T16:40:07.268+0000] {logging_mixin.py:150} INFO - [2023-07-19T16:40:07.267+0000] {dagbag.py:541} INFO - Filling up the DagBag from /home/airflow/.local/lib/python3.7/site-packages/airflow/example_dags/tutorial_dag.py
[2023-07-19T16:40:07.297+0000] {processor.py:836} INFO - DAG(s) dict_keys(['tutorial_dag']) retrieved from /home/airflow/.local/lib/python3.7/site-packages/airflow/example_dags/tutorial_dag.py
[2023-07-19T16:40:07.417+0000] {logging_mixin.py:150} INFO - [2023-07-19T16:40:07.417+0000] {dag.py:2742} INFO - Sync 1 DAGs
[2023-07-19T16:40:07.673+0000] {logging_mixin.py:150} INFO - [2023-07-19T16:40:07.673+0000] {dag.py:3508} INFO - Setting next_dagrun for tutorial_dag to None, run_after=None
[2023-07-19T16:40:07.854+0000] {processor.py:179} INFO - Processing /home/airflow/.local/lib/python3.7/site-packages/airflow/example_dags/tutorial_dag.py took 0.628 seconds
[2023-07-19T16:40:38.095+0000] {processor.py:157} INFO - Started process (PID=873) to work on /home/airflow/.local/lib/python3.7/site-packages/airflow/example_dags/tutorial_dag.py
[2023-07-19T16:40:38.095+0000] {processor.py:826} INFO - Processing file /home/airflow/.local/lib/python3.7/site-packages/airflow/example_dags/tutorial_dag.py for tasks to queue
[2023-07-19T16:40:38.096+0000] {logging_mixin.py:150} INFO - [2023-07-19T16:40:38.096+0000] {dagbag.py:541} INFO - Filling up the DagBag from /home/airflow/.local/lib/python3.7/site-packages/airflow/example_dags/tutorial_dag.py
[2023-07-19T16:40:38.099+0000] {processor.py:836} INFO - DAG(s) dict_keys(['tutorial_dag']) retrieved from /home/airflow/.local/lib/python3.7/site-packages/airflow/example_dags/tutorial_dag.py
[2023-07-19T16:40:38.111+0000] {logging_mixin.py:150} INFO - [2023-07-19T16:40:38.111+0000] {dag.py:2742} INFO - Sync 1 DAGs
[2023-07-19T16:40:38.123+0000] {logging_mixin.py:150} INFO - [2023-07-19T16:40:38.123+0000] {dag.py:3508} INFO - Setting next_dagrun for tutorial_dag to None, run_after=None
[2023-07-19T16:40:38.131+0000] {processor.py:179} INFO - Processing /home/airflow/.local/lib/python3.7/site-packages/airflow/example_dags/tutorial_dag.py took 0.040 seconds
[2023-07-19T16:41:08.225+0000] {processor.py:157} INFO - Started process (PID=927) to work on /home/airflow/.local/lib/python3.7/site-packages/airflow/example_dags/tutorial_dag.py
[2023-07-19T16:41:08.225+0000] {processor.py:826} INFO - Processing file /home/airflow/.local/lib/python3.7/site-packages/airflow/example_dags/tutorial_dag.py for tasks to queue
[2023-07-19T16:41:08.225+0000] {logging_mixin.py:150} INFO - [2023-07-19T16:41:08.225+0000] {dagbag.py:541} INFO - Filling up the DagBag from /home/airflow/.local/lib/python3.7/site-packages/airflow/example_dags/tutorial_dag.py
[2023-07-19T16:41:08.229+0000] {processor.py:836} INFO - DAG(s) dict_keys(['tutorial_dag']) retrieved from /home/airflow/.local/lib/python3.7/site-packages/airflow/example_dags/tutorial_dag.py
[2023-07-19T16:41:08.244+0000] {logging_mixin.py:150} INFO - [2023-07-19T16:41:08.244+0000] {dag.py:2742} INFO - Sync 1 DAGs
[2023-07-19T16:41:08.257+0000] {logging_mixin.py:150} INFO - [2023-07-19T16:41:08.257+0000] {dag.py:3508} INFO - Setting next_dagrun for tutorial_dag to None, run_after=None
[2023-07-19T16:41:08.265+0000] {processor.py:179} INFO - Processing /home/airflow/.local/lib/python3.7/site-packages/airflow/example_dags/tutorial_dag.py took 0.042 seconds
[2023-07-19T16:41:38.528+0000] {processor.py:157} INFO - Started process (PID=982) to work on /home/airflow/.local/lib/python3.7/site-packages/airflow/example_dags/tutorial_dag.py
[2023-07-19T16:41:38.529+0000] {processor.py:826} INFO - Processing file /home/airflow/.local/lib/python3.7/site-packages/airflow/example_dags/tutorial_dag.py for tasks to queue
[2023-07-19T16:41:38.529+0000] {logging_mixin.py:150} INFO - [2023-07-19T16:41:38.529+0000] {dagbag.py:541} INFO - Filling up the DagBag from /home/airflow/.local/lib/python3.7/site-packages/airflow/example_dags/tutorial_dag.py
[2023-07-19T16:41:38.532+0000] {processor.py:836} INFO - DAG(s) dict_keys(['tutorial_dag']) retrieved from /home/airflow/.local/lib/python3.7/site-packages/airflow/example_dags/tutorial_dag.py
[2023-07-19T16:41:38.546+0000] {logging_mixin.py:150} INFO - [2023-07-19T16:41:38.546+0000] {dag.py:2742} INFO - Sync 1 DAGs
[2023-07-19T16:41:38.558+0000] {logging_mixin.py:150} INFO - [2023-07-19T16:41:38.557+0000] {dag.py:3508} INFO - Setting next_dagrun for tutorial_dag to None, run_after=None
[2023-07-19T16:41:38.566+0000] {processor.py:179} INFO - Processing /home/airflow/.local/lib/python3.7/site-packages/airflow/example_dags/tutorial_dag.py took 0.040 seconds
[2023-07-19T16:42:09.104+0000] {processor.py:157} INFO - Started process (PID=1037) to work on /home/airflow/.local/lib/python3.7/site-packages/airflow/example_dags/tutorial_dag.py
[2023-07-19T16:42:09.104+0000] {processor.py:826} INFO - Processing file /home/airflow/.local/lib/python3.7/site-packages/airflow/example_dags/tutorial_dag.py for tasks to queue
[2023-07-19T16:42:09.105+0000] {logging_mixin.py:150} INFO - [2023-07-19T16:42:09.105+0000] {dagbag.py:541} INFO - Filling up the DagBag from /home/airflow/.local/lib/python3.7/site-packages/airflow/example_dags/tutorial_dag.py
[2023-07-19T16:42:09.108+0000] {processor.py:836} INFO - DAG(s) dict_keys(['tutorial_dag']) retrieved from /home/airflow/.local/lib/python3.7/site-packages/airflow/example_dags/tutorial_dag.py
[2023-07-19T16:42:09.121+0000] {logging_mixin.py:150} INFO - [2023-07-19T16:42:09.121+0000] {dag.py:2742} INFO - Sync 1 DAGs
[2023-07-19T16:42:09.132+0000] {logging_mixin.py:150} INFO - [2023-07-19T16:42:09.132+0000] {dag.py:3508} INFO - Setting next_dagrun for tutorial_dag to None, run_after=None
[2023-07-19T16:42:09.140+0000] {processor.py:179} INFO - Processing /home/airflow/.local/lib/python3.7/site-packages/airflow/example_dags/tutorial_dag.py took 0.038 seconds
[2023-07-19T16:42:39.493+0000] {processor.py:157} INFO - Started process (PID=1091) to work on /home/airflow/.local/lib/python3.7/site-packages/airflow/example_dags/tutorial_dag.py
[2023-07-19T16:42:39.493+0000] {processor.py:826} INFO - Processing file /home/airflow/.local/lib/python3.7/site-packages/airflow/example_dags/tutorial_dag.py for tasks to queue
[2023-07-19T16:42:39.494+0000] {logging_mixin.py:150} INFO - [2023-07-19T16:42:39.494+0000] {dagbag.py:541} INFO - Filling up the DagBag from /home/airflow/.local/lib/python3.7/site-packages/airflow/example_dags/tutorial_dag.py
[2023-07-19T16:42:39.497+0000] {processor.py:836} INFO - DAG(s) dict_keys(['tutorial_dag']) retrieved from /home/airflow/.local/lib/python3.7/site-packages/airflow/example_dags/tutorial_dag.py
[2023-07-19T16:42:39.511+0000] {logging_mixin.py:150} INFO - [2023-07-19T16:42:39.511+0000] {dag.py:2742} INFO - Sync 1 DAGs
[2023-07-19T16:42:39.523+0000] {logging_mixin.py:150} INFO - [2023-07-19T16:42:39.523+0000] {dag.py:3508} INFO - Setting next_dagrun for tutorial_dag to None, run_after=None
[2023-07-19T16:42:39.531+0000] {processor.py:179} INFO - Processing /home/airflow/.local/lib/python3.7/site-packages/airflow/example_dags/tutorial_dag.py took 0.040 seconds
[2023-07-19T16:43:10.163+0000] {processor.py:157} INFO - Started process (PID=1146) to work on /home/airflow/.local/lib/python3.7/site-packages/airflow/example_dags/tutorial_dag.py
[2023-07-19T16:43:10.163+0000] {processor.py:826} INFO - Processing file /home/airflow/.local/lib/python3.7/site-packages/airflow/example_dags/tutorial_dag.py for tasks to queue
[2023-07-19T16:43:10.163+0000] {logging_mixin.py:150} INFO - [2023-07-19T16:43:10.163+0000] {dagbag.py:541} INFO - Filling up the DagBag from /home/airflow/.local/lib/python3.7/site-packages/airflow/example_dags/tutorial_dag.py
[2023-07-19T16:43:10.166+0000] {processor.py:836} INFO - DAG(s) dict_keys(['tutorial_dag']) retrieved from /home/airflow/.local/lib/python3.7/site-packages/airflow/example_dags/tutorial_dag.py
[2023-07-19T16:43:10.178+0000] {logging_mixin.py:150} INFO - [2023-07-19T16:43:10.178+0000] {dag.py:2742} INFO - Sync 1 DAGs
[2023-07-19T16:43:10.190+0000] {logging_mixin.py:150} INFO - [2023-07-19T16:43:10.190+0000] {dag.py:3508} INFO - Setting next_dagrun for tutorial_dag to None, run_after=None
[2023-07-19T16:43:10.197+0000] {processor.py:179} INFO - Processing /home/airflow/.local/lib/python3.7/site-packages/airflow/example_dags/tutorial_dag.py took 0.036 seconds
[2023-07-19T16:43:40.819+0000] {processor.py:157} INFO - Started process (PID=1202) to work on /home/airflow/.local/lib/python3.7/site-packages/airflow/example_dags/tutorial_dag.py
[2023-07-19T16:43:40.821+0000] {processor.py:826} INFO - Processing file /home/airflow/.local/lib/python3.7/site-packages/airflow/example_dags/tutorial_dag.py for tasks to queue
[2023-07-19T16:43:40.821+0000] {logging_mixin.py:150} INFO - [2023-07-19T16:43:40.821+0000] {dagbag.py:541} INFO - Filling up the DagBag from /home/airflow/.local/lib/python3.7/site-packages/airflow/example_dags/tutorial_dag.py
[2023-07-19T16:43:40.828+0000] {processor.py:836} INFO - DAG(s) dict_keys(['tutorial_dag']) retrieved from /home/airflow/.local/lib/python3.7/site-packages/airflow/example_dags/tutorial_dag.py
[2023-07-19T16:43:40.847+0000] {logging_mixin.py:150} INFO - [2023-07-19T16:43:40.847+0000] {dag.py:2742} INFO - Sync 1 DAGs
[2023-07-19T16:43:40.888+0000] {logging_mixin.py:150} INFO - [2023-07-19T16:43:40.888+0000] {dag.py:3508} INFO - Setting next_dagrun for tutorial_dag to None, run_after=None
[2023-07-19T16:43:40.909+0000] {processor.py:179} INFO - Processing /home/airflow/.local/lib/python3.7/site-packages/airflow/example_dags/tutorial_dag.py took 0.092 seconds
[2023-07-19T16:44:11.507+0000] {processor.py:157} INFO - Started process (PID=1257) to work on /home/airflow/.local/lib/python3.7/site-packages/airflow/example_dags/tutorial_dag.py
[2023-07-19T16:44:11.522+0000] {processor.py:826} INFO - Processing file /home/airflow/.local/lib/python3.7/site-packages/airflow/example_dags/tutorial_dag.py for tasks to queue
[2023-07-19T16:44:11.523+0000] {logging_mixin.py:150} INFO - [2023-07-19T16:44:11.523+0000] {dagbag.py:541} INFO - Filling up the DagBag from /home/airflow/.local/lib/python3.7/site-packages/airflow/example_dags/tutorial_dag.py
[2023-07-19T16:44:11.531+0000] {processor.py:836} INFO - DAG(s) dict_keys(['tutorial_dag']) retrieved from /home/airflow/.local/lib/python3.7/site-packages/airflow/example_dags/tutorial_dag.py
[2023-07-19T16:44:11.593+0000] {logging_mixin.py:150} INFO - [2023-07-19T16:44:11.593+0000] {dag.py:2742} INFO - Sync 1 DAGs
[2023-07-19T16:44:11.645+0000] {logging_mixin.py:150} INFO - [2023-07-19T16:44:11.645+0000] {dag.py:3508} INFO - Setting next_dagrun for tutorial_dag to None, run_after=None
[2023-07-19T16:44:11.659+0000] {processor.py:179} INFO - Processing /home/airflow/.local/lib/python3.7/site-packages/airflow/example_dags/tutorial_dag.py took 0.154 seconds
[2023-07-19T16:44:42.524+0000] {processor.py:157} INFO - Started process (PID=1312) to work on /home/airflow/.local/lib/python3.7/site-packages/airflow/example_dags/tutorial_dag.py
[2023-07-19T16:44:42.525+0000] {processor.py:826} INFO - Processing file /home/airflow/.local/lib/python3.7/site-packages/airflow/example_dags/tutorial_dag.py for tasks to queue
[2023-07-19T16:44:42.525+0000] {logging_mixin.py:150} INFO - [2023-07-19T16:44:42.525+0000] {dagbag.py:541} INFO - Filling up the DagBag from /home/airflow/.local/lib/python3.7/site-packages/airflow/example_dags/tutorial_dag.py
[2023-07-19T16:44:42.529+0000] {processor.py:836} INFO - DAG(s) dict_keys(['tutorial_dag']) retrieved from /home/airflow/.local/lib/python3.7/site-packages/airflow/example_dags/tutorial_dag.py
[2023-07-19T16:44:42.545+0000] {logging_mixin.py:150} INFO - [2023-07-19T16:44:42.545+0000] {dag.py:2742} INFO - Sync 1 DAGs
[2023-07-19T16:44:42.558+0000] {logging_mixin.py:150} INFO - [2023-07-19T16:44:42.558+0000] {dag.py:3508} INFO - Setting next_dagrun for tutorial_dag to None, run_after=None
[2023-07-19T16:44:42.566+0000] {processor.py:179} INFO - Processing /home/airflow/.local/lib/python3.7/site-packages/airflow/example_dags/tutorial_dag.py took 0.044 seconds
[2023-07-19T16:45:12.955+0000] {processor.py:157} INFO - Started process (PID=1367) to work on /home/airflow/.local/lib/python3.7/site-packages/airflow/example_dags/tutorial_dag.py
[2023-07-19T16:45:12.973+0000] {processor.py:826} INFO - Processing file /home/airflow/.local/lib/python3.7/site-packages/airflow/example_dags/tutorial_dag.py for tasks to queue
[2023-07-19T16:45:12.973+0000] {logging_mixin.py:150} INFO - [2023-07-19T16:45:12.973+0000] {dagbag.py:541} INFO - Filling up the DagBag from /home/airflow/.local/lib/python3.7/site-packages/airflow/example_dags/tutorial_dag.py
[2023-07-19T16:45:12.986+0000] {processor.py:836} INFO - DAG(s) dict_keys(['tutorial_dag']) retrieved from /home/airflow/.local/lib/python3.7/site-packages/airflow/example_dags/tutorial_dag.py
[2023-07-19T16:45:13.012+0000] {logging_mixin.py:150} INFO - [2023-07-19T16:45:13.012+0000] {dag.py:2742} INFO - Sync 1 DAGs
[2023-07-19T16:45:13.043+0000] {logging_mixin.py:150} INFO - [2023-07-19T16:45:13.043+0000] {dag.py:3508} INFO - Setting next_dagrun for tutorial_dag to None, run_after=None
[2023-07-19T16:45:13.065+0000] {processor.py:179} INFO - Processing /home/airflow/.local/lib/python3.7/site-packages/airflow/example_dags/tutorial_dag.py took 0.118 seconds
[2023-07-19T16:45:43.640+0000] {processor.py:157} INFO - Started process (PID=1422) to work on /home/airflow/.local/lib/python3.7/site-packages/airflow/example_dags/tutorial_dag.py
[2023-07-19T16:45:43.641+0000] {processor.py:826} INFO - Processing file /home/airflow/.local/lib/python3.7/site-packages/airflow/example_dags/tutorial_dag.py for tasks to queue
[2023-07-19T16:45:43.641+0000] {logging_mixin.py:150} INFO - [2023-07-19T16:45:43.641+0000] {dagbag.py:541} INFO - Filling up the DagBag from /home/airflow/.local/lib/python3.7/site-packages/airflow/example_dags/tutorial_dag.py
[2023-07-19T16:45:43.644+0000] {processor.py:836} INFO - DAG(s) dict_keys(['tutorial_dag']) retrieved from /home/airflow/.local/lib/python3.7/site-packages/airflow/example_dags/tutorial_dag.py
[2023-07-19T16:45:43.657+0000] {logging_mixin.py:150} INFO - [2023-07-19T16:45:43.657+0000] {dag.py:2742} INFO - Sync 1 DAGs
[2023-07-19T16:45:43.669+0000] {logging_mixin.py:150} INFO - [2023-07-19T16:45:43.669+0000] {dag.py:3508} INFO - Setting next_dagrun for tutorial_dag to None, run_after=None
[2023-07-19T16:45:43.676+0000] {processor.py:179} INFO - Processing /home/airflow/.local/lib/python3.7/site-packages/airflow/example_dags/tutorial_dag.py took 0.039 seconds
[2023-07-19T16:46:14.504+0000] {processor.py:157} INFO - Started process (PID=1477) to work on /home/airflow/.local/lib/python3.7/site-packages/airflow/example_dags/tutorial_dag.py
[2023-07-19T16:46:14.509+0000] {processor.py:826} INFO - Processing file /home/airflow/.local/lib/python3.7/site-packages/airflow/example_dags/tutorial_dag.py for tasks to queue
[2023-07-19T16:46:14.509+0000] {logging_mixin.py:150} INFO - [2023-07-19T16:46:14.509+0000] {dagbag.py:541} INFO - Filling up the DagBag from /home/airflow/.local/lib/python3.7/site-packages/airflow/example_dags/tutorial_dag.py
[2023-07-19T16:46:14.513+0000] {processor.py:836} INFO - DAG(s) dict_keys(['tutorial_dag']) retrieved from /home/airflow/.local/lib/python3.7/site-packages/airflow/example_dags/tutorial_dag.py
[2023-07-19T16:46:14.561+0000] {logging_mixin.py:150} INFO - [2023-07-19T16:46:14.561+0000] {dag.py:2742} INFO - Sync 1 DAGs
[2023-07-19T16:46:14.583+0000] {logging_mixin.py:150} INFO - [2023-07-19T16:46:14.583+0000] {dag.py:3508} INFO - Setting next_dagrun for tutorial_dag to None, run_after=None
[2023-07-19T16:46:14.629+0000] {processor.py:179} INFO - Processing /home/airflow/.local/lib/python3.7/site-packages/airflow/example_dags/tutorial_dag.py took 0.134 seconds
[2023-07-19T16:46:45.279+0000] {processor.py:157} INFO - Started process (PID=1532) to work on /home/airflow/.local/lib/python3.7/site-packages/airflow/example_dags/tutorial_dag.py
[2023-07-19T16:46:45.280+0000] {processor.py:826} INFO - Processing file /home/airflow/.local/lib/python3.7/site-packages/airflow/example_dags/tutorial_dag.py for tasks to queue
[2023-07-19T16:46:45.280+0000] {logging_mixin.py:150} INFO - [2023-07-19T16:46:45.280+0000] {dagbag.py:541} INFO - Filling up the DagBag from /home/airflow/.local/lib/python3.7/site-packages/airflow/example_dags/tutorial_dag.py
[2023-07-19T16:46:45.283+0000] {processor.py:836} INFO - DAG(s) dict_keys(['tutorial_dag']) retrieved from /home/airflow/.local/lib/python3.7/site-packages/airflow/example_dags/tutorial_dag.py
[2023-07-19T16:46:45.296+0000] {logging_mixin.py:150} INFO - [2023-07-19T16:46:45.296+0000] {dag.py:2742} INFO - Sync 1 DAGs
[2023-07-19T16:46:45.308+0000] {logging_mixin.py:150} INFO - [2023-07-19T16:46:45.308+0000] {dag.py:3508} INFO - Setting next_dagrun for tutorial_dag to None, run_after=None
[2023-07-19T16:46:45.316+0000] {processor.py:179} INFO - Processing /home/airflow/.local/lib/python3.7/site-packages/airflow/example_dags/tutorial_dag.py took 0.038 seconds
[2023-07-19T16:47:16.229+0000] {processor.py:157} INFO - Started process (PID=1593) to work on /home/airflow/.local/lib/python3.7/site-packages/airflow/example_dags/tutorial_dag.py
[2023-07-19T16:47:16.229+0000] {processor.py:826} INFO - Processing file /home/airflow/.local/lib/python3.7/site-packages/airflow/example_dags/tutorial_dag.py for tasks to queue
[2023-07-19T16:47:16.230+0000] {logging_mixin.py:150} INFO - [2023-07-19T16:47:16.230+0000] {dagbag.py:541} INFO - Filling up the DagBag from /home/airflow/.local/lib/python3.7/site-packages/airflow/example_dags/tutorial_dag.py
[2023-07-19T16:47:16.239+0000] {processor.py:836} INFO - DAG(s) dict_keys(['tutorial_dag']) retrieved from /home/airflow/.local/lib/python3.7/site-packages/airflow/example_dags/tutorial_dag.py
[2023-07-19T16:47:16.260+0000] {logging_mixin.py:150} INFO - [2023-07-19T16:47:16.260+0000] {dag.py:2742} INFO - Sync 1 DAGs
[2023-07-19T16:47:16.277+0000] {logging_mixin.py:150} INFO - [2023-07-19T16:47:16.277+0000] {dag.py:3508} INFO - Setting next_dagrun for tutorial_dag to None, run_after=None
[2023-07-19T16:47:16.285+0000] {processor.py:179} INFO - Processing /home/airflow/.local/lib/python3.7/site-packages/airflow/example_dags/tutorial_dag.py took 0.061 seconds
[2023-07-19T16:47:47.190+0000] {processor.py:157} INFO - Started process (PID=1648) to work on /home/airflow/.local/lib/python3.7/site-packages/airflow/example_dags/tutorial_dag.py
[2023-07-19T16:47:47.191+0000] {processor.py:826} INFO - Processing file /home/airflow/.local/lib/python3.7/site-packages/airflow/example_dags/tutorial_dag.py for tasks to queue
[2023-07-19T16:47:47.192+0000] {logging_mixin.py:150} INFO - [2023-07-19T16:47:47.192+0000] {dagbag.py:541} INFO - Filling up the DagBag from /home/airflow/.local/lib/python3.7/site-packages/airflow/example_dags/tutorial_dag.py
[2023-07-19T16:47:47.194+0000] {processor.py:836} INFO - DAG(s) dict_keys(['tutorial_dag']) retrieved from /home/airflow/.local/lib/python3.7/site-packages/airflow/example_dags/tutorial_dag.py
[2023-07-19T16:47:47.208+0000] {logging_mixin.py:150} INFO - [2023-07-19T16:47:47.207+0000] {dag.py:2742} INFO - Sync 1 DAGs
[2023-07-19T16:47:47.219+0000] {logging_mixin.py:150} INFO - [2023-07-19T16:47:47.219+0000] {dag.py:3508} INFO - Setting next_dagrun for tutorial_dag to None, run_after=None
[2023-07-19T16:47:47.227+0000] {processor.py:179} INFO - Processing /home/airflow/.local/lib/python3.7/site-packages/airflow/example_dags/tutorial_dag.py took 0.039 seconds
[2023-07-19T16:48:17.591+0000] {processor.py:157} INFO - Started process (PID=1703) to work on /home/airflow/.local/lib/python3.7/site-packages/airflow/example_dags/tutorial_dag.py
[2023-07-19T16:48:17.592+0000] {processor.py:826} INFO - Processing file /home/airflow/.local/lib/python3.7/site-packages/airflow/example_dags/tutorial_dag.py for tasks to queue
[2023-07-19T16:48:17.592+0000] {logging_mixin.py:150} INFO - [2023-07-19T16:48:17.592+0000] {dagbag.py:541} INFO - Filling up the DagBag from /home/airflow/.local/lib/python3.7/site-packages/airflow/example_dags/tutorial_dag.py
[2023-07-19T16:48:17.595+0000] {processor.py:836} INFO - DAG(s) dict_keys(['tutorial_dag']) retrieved from /home/airflow/.local/lib/python3.7/site-packages/airflow/example_dags/tutorial_dag.py
[2023-07-19T16:48:17.608+0000] {logging_mixin.py:150} INFO - [2023-07-19T16:48:17.608+0000] {dag.py:2742} INFO - Sync 1 DAGs
[2023-07-19T16:48:17.620+0000] {logging_mixin.py:150} INFO - [2023-07-19T16:48:17.620+0000] {dag.py:3508} INFO - Setting next_dagrun for tutorial_dag to None, run_after=None
[2023-07-19T16:48:17.627+0000] {processor.py:179} INFO - Processing /home/airflow/.local/lib/python3.7/site-packages/airflow/example_dags/tutorial_dag.py took 0.040 seconds
[2023-07-19T16:48:48.140+0000] {processor.py:157} INFO - Started process (PID=1758) to work on /home/airflow/.local/lib/python3.7/site-packages/airflow/example_dags/tutorial_dag.py
[2023-07-19T16:48:48.141+0000] {processor.py:826} INFO - Processing file /home/airflow/.local/lib/python3.7/site-packages/airflow/example_dags/tutorial_dag.py for tasks to queue
[2023-07-19T16:48:48.141+0000] {logging_mixin.py:150} INFO - [2023-07-19T16:48:48.141+0000] {dagbag.py:541} INFO - Filling up the DagBag from /home/airflow/.local/lib/python3.7/site-packages/airflow/example_dags/tutorial_dag.py
[2023-07-19T16:48:48.144+0000] {processor.py:836} INFO - DAG(s) dict_keys(['tutorial_dag']) retrieved from /home/airflow/.local/lib/python3.7/site-packages/airflow/example_dags/tutorial_dag.py
[2023-07-19T16:48:48.163+0000] {logging_mixin.py:150} INFO - [2023-07-19T16:48:48.163+0000] {dag.py:2742} INFO - Sync 1 DAGs
[2023-07-19T16:48:48.178+0000] {logging_mixin.py:150} INFO - [2023-07-19T16:48:48.177+0000] {dag.py:3508} INFO - Setting next_dagrun for tutorial_dag to None, run_after=None
[2023-07-19T16:48:48.185+0000] {processor.py:179} INFO - Processing /home/airflow/.local/lib/python3.7/site-packages/airflow/example_dags/tutorial_dag.py took 0.047 seconds
[2023-07-19T16:49:19.294+0000] {processor.py:157} INFO - Started process (PID=1813) to work on /home/airflow/.local/lib/python3.7/site-packages/airflow/example_dags/tutorial_dag.py
[2023-07-19T16:49:19.294+0000] {processor.py:826} INFO - Processing file /home/airflow/.local/lib/python3.7/site-packages/airflow/example_dags/tutorial_dag.py for tasks to queue
[2023-07-19T16:49:19.295+0000] {logging_mixin.py:150} INFO - [2023-07-19T16:49:19.295+0000] {dagbag.py:541} INFO - Filling up the DagBag from /home/airflow/.local/lib/python3.7/site-packages/airflow/example_dags/tutorial_dag.py
[2023-07-19T16:49:19.300+0000] {processor.py:836} INFO - DAG(s) dict_keys(['tutorial_dag']) retrieved from /home/airflow/.local/lib/python3.7/site-packages/airflow/example_dags/tutorial_dag.py
[2023-07-19T16:49:19.314+0000] {logging_mixin.py:150} INFO - [2023-07-19T16:49:19.314+0000] {dag.py:2742} INFO - Sync 1 DAGs
[2023-07-19T16:49:19.326+0000] {logging_mixin.py:150} INFO - [2023-07-19T16:49:19.326+0000] {dag.py:3508} INFO - Setting next_dagrun for tutorial_dag to None, run_after=None
[2023-07-19T16:49:19.333+0000] {processor.py:179} INFO - Processing /home/airflow/.local/lib/python3.7/site-packages/airflow/example_dags/tutorial_dag.py took 0.042 seconds
[2023-07-19T16:49:49.607+0000] {processor.py:157} INFO - Started process (PID=1868) to work on /home/airflow/.local/lib/python3.7/site-packages/airflow/example_dags/tutorial_dag.py
[2023-07-19T16:49:49.608+0000] {processor.py:826} INFO - Processing file /home/airflow/.local/lib/python3.7/site-packages/airflow/example_dags/tutorial_dag.py for tasks to queue
[2023-07-19T16:49:49.608+0000] {logging_mixin.py:150} INFO - [2023-07-19T16:49:49.608+0000] {dagbag.py:541} INFO - Filling up the DagBag from /home/airflow/.local/lib/python3.7/site-packages/airflow/example_dags/tutorial_dag.py
[2023-07-19T16:49:49.611+0000] {processor.py:836} INFO - DAG(s) dict_keys(['tutorial_dag']) retrieved from /home/airflow/.local/lib/python3.7/site-packages/airflow/example_dags/tutorial_dag.py
[2023-07-19T16:49:49.632+0000] {logging_mixin.py:150} INFO - [2023-07-19T16:49:49.632+0000] {dag.py:2742} INFO - Sync 1 DAGs
[2023-07-19T16:49:49.645+0000] {logging_mixin.py:150} INFO - [2023-07-19T16:49:49.645+0000] {dag.py:3508} INFO - Setting next_dagrun for tutorial_dag to None, run_after=None
[2023-07-19T16:49:49.653+0000] {processor.py:179} INFO - Processing /home/airflow/.local/lib/python3.7/site-packages/airflow/example_dags/tutorial_dag.py took 0.049 seconds
[2023-07-19T16:50:20.407+0000] {processor.py:157} INFO - Started process (PID=1923) to work on /home/airflow/.local/lib/python3.7/site-packages/airflow/example_dags/tutorial_dag.py
[2023-07-19T16:50:20.409+0000] {processor.py:826} INFO - Processing file /home/airflow/.local/lib/python3.7/site-packages/airflow/example_dags/tutorial_dag.py for tasks to queue
[2023-07-19T16:50:20.409+0000] {logging_mixin.py:150} INFO - [2023-07-19T16:50:20.409+0000] {dagbag.py:541} INFO - Filling up the DagBag from /home/airflow/.local/lib/python3.7/site-packages/airflow/example_dags/tutorial_dag.py
[2023-07-19T16:50:20.412+0000] {processor.py:836} INFO - DAG(s) dict_keys(['tutorial_dag']) retrieved from /home/airflow/.local/lib/python3.7/site-packages/airflow/example_dags/tutorial_dag.py
[2023-07-19T16:50:20.427+0000] {logging_mixin.py:150} INFO - [2023-07-19T16:50:20.427+0000] {dag.py:2742} INFO - Sync 1 DAGs
[2023-07-19T16:50:20.445+0000] {logging_mixin.py:150} INFO - [2023-07-19T16:50:20.445+0000] {dag.py:3508} INFO - Setting next_dagrun for tutorial_dag to None, run_after=None
[2023-07-19T16:50:20.453+0000] {processor.py:179} INFO - Processing /home/airflow/.local/lib/python3.7/site-packages/airflow/example_dags/tutorial_dag.py took 0.048 seconds
[2023-07-19T16:50:50.656+0000] {processor.py:157} INFO - Started process (PID=1978) to work on /home/airflow/.local/lib/python3.7/site-packages/airflow/example_dags/tutorial_dag.py
[2023-07-19T16:50:50.657+0000] {processor.py:826} INFO - Processing file /home/airflow/.local/lib/python3.7/site-packages/airflow/example_dags/tutorial_dag.py for tasks to queue
[2023-07-19T16:50:50.657+0000] {logging_mixin.py:150} INFO - [2023-07-19T16:50:50.657+0000] {dagbag.py:541} INFO - Filling up the DagBag from /home/airflow/.local/lib/python3.7/site-packages/airflow/example_dags/tutorial_dag.py
[2023-07-19T16:50:50.664+0000] {processor.py:836} INFO - DAG(s) dict_keys(['tutorial_dag']) retrieved from /home/airflow/.local/lib/python3.7/site-packages/airflow/example_dags/tutorial_dag.py
[2023-07-19T16:50:50.680+0000] {logging_mixin.py:150} INFO - [2023-07-19T16:50:50.680+0000] {dag.py:2742} INFO - Sync 1 DAGs
[2023-07-19T16:50:50.695+0000] {logging_mixin.py:150} INFO - [2023-07-19T16:50:50.695+0000] {dag.py:3508} INFO - Setting next_dagrun for tutorial_dag to None, run_after=None
[2023-07-19T16:50:50.703+0000] {processor.py:179} INFO - Processing /home/airflow/.local/lib/python3.7/site-packages/airflow/example_dags/tutorial_dag.py took 0.049 seconds
[2023-07-19T16:51:21.224+0000] {processor.py:157} INFO - Started process (PID=2033) to work on /home/airflow/.local/lib/python3.7/site-packages/airflow/example_dags/tutorial_dag.py
[2023-07-19T16:51:21.225+0000] {processor.py:826} INFO - Processing file /home/airflow/.local/lib/python3.7/site-packages/airflow/example_dags/tutorial_dag.py for tasks to queue
[2023-07-19T16:51:21.225+0000] {logging_mixin.py:150} INFO - [2023-07-19T16:51:21.225+0000] {dagbag.py:541} INFO - Filling up the DagBag from /home/airflow/.local/lib/python3.7/site-packages/airflow/example_dags/tutorial_dag.py
[2023-07-19T16:51:21.228+0000] {processor.py:836} INFO - DAG(s) dict_keys(['tutorial_dag']) retrieved from /home/airflow/.local/lib/python3.7/site-packages/airflow/example_dags/tutorial_dag.py
[2023-07-19T16:51:21.242+0000] {logging_mixin.py:150} INFO - [2023-07-19T16:51:21.242+0000] {dag.py:2742} INFO - Sync 1 DAGs
[2023-07-19T16:51:21.254+0000] {logging_mixin.py:150} INFO - [2023-07-19T16:51:21.254+0000] {dag.py:3508} INFO - Setting next_dagrun for tutorial_dag to None, run_after=None
[2023-07-19T16:51:21.262+0000] {processor.py:179} INFO - Processing /home/airflow/.local/lib/python3.7/site-packages/airflow/example_dags/tutorial_dag.py took 0.040 seconds
[2023-07-19T16:51:51.631+0000] {processor.py:157} INFO - Started process (PID=2088) to work on /home/airflow/.local/lib/python3.7/site-packages/airflow/example_dags/tutorial_dag.py
[2023-07-19T16:51:51.631+0000] {processor.py:826} INFO - Processing file /home/airflow/.local/lib/python3.7/site-packages/airflow/example_dags/tutorial_dag.py for tasks to queue
[2023-07-19T16:51:51.632+0000] {logging_mixin.py:150} INFO - [2023-07-19T16:51:51.632+0000] {dagbag.py:541} INFO - Filling up the DagBag from /home/airflow/.local/lib/python3.7/site-packages/airflow/example_dags/tutorial_dag.py
[2023-07-19T16:51:51.635+0000] {processor.py:836} INFO - DAG(s) dict_keys(['tutorial_dag']) retrieved from /home/airflow/.local/lib/python3.7/site-packages/airflow/example_dags/tutorial_dag.py
[2023-07-19T16:51:51.652+0000] {logging_mixin.py:150} INFO - [2023-07-19T16:51:51.652+0000] {dag.py:2742} INFO - Sync 1 DAGs
[2023-07-19T16:51:51.665+0000] {logging_mixin.py:150} INFO - [2023-07-19T16:51:51.665+0000] {dag.py:3508} INFO - Setting next_dagrun for tutorial_dag to None, run_after=None
[2023-07-19T16:51:51.672+0000] {processor.py:179} INFO - Processing /home/airflow/.local/lib/python3.7/site-packages/airflow/example_dags/tutorial_dag.py took 0.044 seconds
[2023-07-19T16:52:21.781+0000] {processor.py:157} INFO - Started process (PID=2142) to work on /home/airflow/.local/lib/python3.7/site-packages/airflow/example_dags/tutorial_dag.py
[2023-07-19T16:52:21.782+0000] {processor.py:826} INFO - Processing file /home/airflow/.local/lib/python3.7/site-packages/airflow/example_dags/tutorial_dag.py for tasks to queue
[2023-07-19T16:52:21.782+0000] {logging_mixin.py:150} INFO - [2023-07-19T16:52:21.782+0000] {dagbag.py:541} INFO - Filling up the DagBag from /home/airflow/.local/lib/python3.7/site-packages/airflow/example_dags/tutorial_dag.py
[2023-07-19T16:52:21.785+0000] {processor.py:836} INFO - DAG(s) dict_keys(['tutorial_dag']) retrieved from /home/airflow/.local/lib/python3.7/site-packages/airflow/example_dags/tutorial_dag.py
[2023-07-19T16:52:21.800+0000] {logging_mixin.py:150} INFO - [2023-07-19T16:52:21.800+0000] {dag.py:2742} INFO - Sync 1 DAGs
[2023-07-19T16:52:21.812+0000] {logging_mixin.py:150} INFO - [2023-07-19T16:52:21.812+0000] {dag.py:3508} INFO - Setting next_dagrun for tutorial_dag to None, run_after=None
[2023-07-19T16:52:21.819+0000] {processor.py:179} INFO - Processing /home/airflow/.local/lib/python3.7/site-packages/airflow/example_dags/tutorial_dag.py took 0.039 seconds
[2023-07-19T16:52:52.346+0000] {processor.py:157} INFO - Started process (PID=2197) to work on /home/airflow/.local/lib/python3.7/site-packages/airflow/example_dags/tutorial_dag.py
[2023-07-19T16:52:52.347+0000] {processor.py:826} INFO - Processing file /home/airflow/.local/lib/python3.7/site-packages/airflow/example_dags/tutorial_dag.py for tasks to queue
[2023-07-19T16:52:52.347+0000] {logging_mixin.py:150} INFO - [2023-07-19T16:52:52.347+0000] {dagbag.py:541} INFO - Filling up the DagBag from /home/airflow/.local/lib/python3.7/site-packages/airflow/example_dags/tutorial_dag.py
[2023-07-19T16:52:52.351+0000] {processor.py:836} INFO - DAG(s) dict_keys(['tutorial_dag']) retrieved from /home/airflow/.local/lib/python3.7/site-packages/airflow/example_dags/tutorial_dag.py
[2023-07-19T16:52:52.365+0000] {logging_mixin.py:150} INFO - [2023-07-19T16:52:52.365+0000] {dag.py:2742} INFO - Sync 1 DAGs
[2023-07-19T16:52:52.376+0000] {logging_mixin.py:150} INFO - [2023-07-19T16:52:52.376+0000] {dag.py:3508} INFO - Setting next_dagrun for tutorial_dag to None, run_after=None
[2023-07-19T16:52:52.386+0000] {processor.py:179} INFO - Processing /home/airflow/.local/lib/python3.7/site-packages/airflow/example_dags/tutorial_dag.py took 0.041 seconds
