[2023-07-19T16:32:50.524+0000] {processor.py:157} INFO - Started process (PID=51) to work on /home/airflow/.local/lib/python3.7/site-packages/airflow/example_dags/tutorial.py
[2023-07-19T16:32:50.524+0000] {processor.py:826} INFO - Processing file /home/airflow/.local/lib/python3.7/site-packages/airflow/example_dags/tutorial.py for tasks to queue
[2023-07-19T16:32:50.527+0000] {logging_mixin.py:150} INFO - [2023-07-19T16:32:50.524+0000] {dagbag.py:541} INFO - Filling up the DagBag from /home/airflow/.local/lib/python3.7/site-packages/airflow/example_dags/tutorial.py
[2023-07-19T16:32:50.532+0000] {processor.py:836} INFO - DAG(s) dict_keys(['tutorial']) retrieved from /home/airflow/.local/lib/python3.7/site-packages/airflow/example_dags/tutorial.py
[2023-07-19T16:32:50.564+0000] {logging_mixin.py:150} INFO - [2023-07-19T16:32:50.564+0000] {dag.py:2742} INFO - Sync 1 DAGs
[2023-07-19T16:32:50.643+0000] {logging_mixin.py:150} INFO - [2023-07-19T16:32:50.643+0000] {dag.py:3508} INFO - Setting next_dagrun for tutorial to 2023-07-18T16:32:50.642776+00:00, run_after=2023-07-19T16:32:50.642776+00:00
[2023-07-19T16:32:50.693+0000] {processor.py:179} INFO - Processing /home/airflow/.local/lib/python3.7/site-packages/airflow/example_dags/tutorial.py took 0.171 seconds
[2023-07-19T16:33:21.298+0000] {processor.py:157} INFO - Started process (PID=106) to work on /home/airflow/.local/lib/python3.7/site-packages/airflow/example_dags/tutorial.py
[2023-07-19T16:33:21.305+0000] {processor.py:826} INFO - Processing file /home/airflow/.local/lib/python3.7/site-packages/airflow/example_dags/tutorial.py for tasks to queue
[2023-07-19T16:33:21.305+0000] {logging_mixin.py:150} INFO - [2023-07-19T16:33:21.305+0000] {dagbag.py:541} INFO - Filling up the DagBag from /home/airflow/.local/lib/python3.7/site-packages/airflow/example_dags/tutorial.py
[2023-07-19T16:33:21.311+0000] {processor.py:836} INFO - DAG(s) dict_keys(['tutorial']) retrieved from /home/airflow/.local/lib/python3.7/site-packages/airflow/example_dags/tutorial.py
[2023-07-19T16:33:21.357+0000] {logging_mixin.py:150} INFO - [2023-07-19T16:33:21.357+0000] {dag.py:2742} INFO - Sync 1 DAGs
[2023-07-19T16:33:21.380+0000] {logging_mixin.py:150} INFO - [2023-07-19T16:33:21.380+0000] {dag.py:3508} INFO - Setting next_dagrun for tutorial to 2023-07-18T16:33:21.380084+00:00, run_after=2023-07-19T16:33:21.380084+00:00
[2023-07-19T16:33:21.392+0000] {processor.py:179} INFO - Processing /home/airflow/.local/lib/python3.7/site-packages/airflow/example_dags/tutorial.py took 0.095 seconds
[2023-07-19T16:33:52.235+0000] {processor.py:157} INFO - Started process (PID=162) to work on /home/airflow/.local/lib/python3.7/site-packages/airflow/example_dags/tutorial.py
[2023-07-19T16:33:52.237+0000] {processor.py:826} INFO - Processing file /home/airflow/.local/lib/python3.7/site-packages/airflow/example_dags/tutorial.py for tasks to queue
[2023-07-19T16:33:52.238+0000] {logging_mixin.py:150} INFO - [2023-07-19T16:33:52.237+0000] {dagbag.py:541} INFO - Filling up the DagBag from /home/airflow/.local/lib/python3.7/site-packages/airflow/example_dags/tutorial.py
[2023-07-19T16:33:52.244+0000] {processor.py:836} INFO - DAG(s) dict_keys(['tutorial']) retrieved from /home/airflow/.local/lib/python3.7/site-packages/airflow/example_dags/tutorial.py
[2023-07-19T16:33:52.257+0000] {logging_mixin.py:150} INFO - [2023-07-19T16:33:52.257+0000] {dag.py:2742} INFO - Sync 1 DAGs
[2023-07-19T16:33:52.269+0000] {logging_mixin.py:150} INFO - [2023-07-19T16:33:52.269+0000] {dag.py:3508} INFO - Setting next_dagrun for tutorial to 2023-07-18T16:33:52.269380+00:00, run_after=2023-07-19T16:33:52.269380+00:00
[2023-07-19T16:33:52.277+0000] {processor.py:179} INFO - Processing /home/airflow/.local/lib/python3.7/site-packages/airflow/example_dags/tutorial.py took 0.043 seconds
[2023-07-19T16:34:23.399+0000] {processor.py:157} INFO - Started process (PID=216) to work on /home/airflow/.local/lib/python3.7/site-packages/airflow/example_dags/tutorial.py
[2023-07-19T16:34:23.399+0000] {processor.py:826} INFO - Processing file /home/airflow/.local/lib/python3.7/site-packages/airflow/example_dags/tutorial.py for tasks to queue
[2023-07-19T16:34:23.400+0000] {logging_mixin.py:150} INFO - [2023-07-19T16:34:23.399+0000] {dagbag.py:541} INFO - Filling up the DagBag from /home/airflow/.local/lib/python3.7/site-packages/airflow/example_dags/tutorial.py
[2023-07-19T16:34:23.404+0000] {processor.py:836} INFO - DAG(s) dict_keys(['tutorial']) retrieved from /home/airflow/.local/lib/python3.7/site-packages/airflow/example_dags/tutorial.py
[2023-07-19T16:34:23.457+0000] {logging_mixin.py:150} INFO - [2023-07-19T16:34:23.457+0000] {dag.py:2742} INFO - Sync 1 DAGs
[2023-07-19T16:34:23.505+0000] {logging_mixin.py:150} INFO - [2023-07-19T16:34:23.505+0000] {dag.py:3508} INFO - Setting next_dagrun for tutorial to 2023-07-18T16:34:23.505312+00:00, run_after=2023-07-19T16:34:23.505312+00:00
[2023-07-19T16:34:23.538+0000] {processor.py:179} INFO - Processing /home/airflow/.local/lib/python3.7/site-packages/airflow/example_dags/tutorial.py took 0.141 seconds
[2023-07-19T16:34:53.975+0000] {processor.py:157} INFO - Started process (PID=271) to work on /home/airflow/.local/lib/python3.7/site-packages/airflow/example_dags/tutorial.py
[2023-07-19T16:34:53.975+0000] {processor.py:826} INFO - Processing file /home/airflow/.local/lib/python3.7/site-packages/airflow/example_dags/tutorial.py for tasks to queue
[2023-07-19T16:34:53.976+0000] {logging_mixin.py:150} INFO - [2023-07-19T16:34:53.976+0000] {dagbag.py:541} INFO - Filling up the DagBag from /home/airflow/.local/lib/python3.7/site-packages/airflow/example_dags/tutorial.py
[2023-07-19T16:34:53.979+0000] {processor.py:836} INFO - DAG(s) dict_keys(['tutorial']) retrieved from /home/airflow/.local/lib/python3.7/site-packages/airflow/example_dags/tutorial.py
[2023-07-19T16:34:54.002+0000] {logging_mixin.py:150} INFO - [2023-07-19T16:34:54.002+0000] {dag.py:2742} INFO - Sync 1 DAGs
[2023-07-19T16:34:54.018+0000] {logging_mixin.py:150} INFO - [2023-07-19T16:34:54.018+0000] {dag.py:3508} INFO - Setting next_dagrun for tutorial to 2023-07-18T16:34:54.018221+00:00, run_after=2023-07-19T16:34:54.018221+00:00
[2023-07-19T16:34:54.027+0000] {processor.py:179} INFO - Processing /home/airflow/.local/lib/python3.7/site-packages/airflow/example_dags/tutorial.py took 0.054 seconds
[2023-07-19T16:35:24.318+0000] {processor.py:157} INFO - Started process (PID=326) to work on /home/airflow/.local/lib/python3.7/site-packages/airflow/example_dags/tutorial.py
[2023-07-19T16:35:24.325+0000] {processor.py:826} INFO - Processing file /home/airflow/.local/lib/python3.7/site-packages/airflow/example_dags/tutorial.py for tasks to queue
[2023-07-19T16:35:24.325+0000] {logging_mixin.py:150} INFO - [2023-07-19T16:35:24.325+0000] {dagbag.py:541} INFO - Filling up the DagBag from /home/airflow/.local/lib/python3.7/site-packages/airflow/example_dags/tutorial.py
[2023-07-19T16:35:24.336+0000] {processor.py:836} INFO - DAG(s) dict_keys(['tutorial']) retrieved from /home/airflow/.local/lib/python3.7/site-packages/airflow/example_dags/tutorial.py
[2023-07-19T16:35:24.370+0000] {logging_mixin.py:150} INFO - [2023-07-19T16:35:24.370+0000] {dag.py:2742} INFO - Sync 1 DAGs
[2023-07-19T16:35:24.431+0000] {logging_mixin.py:150} INFO - [2023-07-19T16:35:24.431+0000] {dag.py:3508} INFO - Setting next_dagrun for tutorial to 2023-07-18T16:35:24.431279+00:00, run_after=2023-07-19T16:35:24.431279+00:00
[2023-07-19T16:35:24.477+0000] {processor.py:179} INFO - Processing /home/airflow/.local/lib/python3.7/site-packages/airflow/example_dags/tutorial.py took 0.166 seconds
[2023-07-19T16:35:54.511+0000] {processor.py:157} INFO - Started process (PID=382) to work on /home/airflow/.local/lib/python3.7/site-packages/airflow/example_dags/tutorial.py
[2023-07-19T16:35:54.511+0000] {processor.py:826} INFO - Processing file /home/airflow/.local/lib/python3.7/site-packages/airflow/example_dags/tutorial.py for tasks to queue
[2023-07-19T16:35:54.512+0000] {logging_mixin.py:150} INFO - [2023-07-19T16:35:54.512+0000] {dagbag.py:541} INFO - Filling up the DagBag from /home/airflow/.local/lib/python3.7/site-packages/airflow/example_dags/tutorial.py
[2023-07-19T16:35:54.515+0000] {processor.py:836} INFO - DAG(s) dict_keys(['tutorial']) retrieved from /home/airflow/.local/lib/python3.7/site-packages/airflow/example_dags/tutorial.py
[2023-07-19T16:35:54.529+0000] {logging_mixin.py:150} INFO - [2023-07-19T16:35:54.529+0000] {dag.py:2742} INFO - Sync 1 DAGs
[2023-07-19T16:35:54.542+0000] {logging_mixin.py:150} INFO - [2023-07-19T16:35:54.542+0000] {dag.py:3508} INFO - Setting next_dagrun for tutorial to 2023-07-18T16:35:54.542259+00:00, run_after=2023-07-19T16:35:54.542259+00:00
[2023-07-19T16:35:54.551+0000] {processor.py:179} INFO - Processing /home/airflow/.local/lib/python3.7/site-packages/airflow/example_dags/tutorial.py took 0.042 seconds
[2023-07-19T16:36:25.210+0000] {processor.py:157} INFO - Started process (PID=437) to work on /home/airflow/.local/lib/python3.7/site-packages/airflow/example_dags/tutorial.py
[2023-07-19T16:36:25.210+0000] {processor.py:826} INFO - Processing file /home/airflow/.local/lib/python3.7/site-packages/airflow/example_dags/tutorial.py for tasks to queue
[2023-07-19T16:36:25.211+0000] {logging_mixin.py:150} INFO - [2023-07-19T16:36:25.211+0000] {dagbag.py:541} INFO - Filling up the DagBag from /home/airflow/.local/lib/python3.7/site-packages/airflow/example_dags/tutorial.py
[2023-07-19T16:36:25.216+0000] {processor.py:836} INFO - DAG(s) dict_keys(['tutorial']) retrieved from /home/airflow/.local/lib/python3.7/site-packages/airflow/example_dags/tutorial.py
[2023-07-19T16:36:25.231+0000] {logging_mixin.py:150} INFO - [2023-07-19T16:36:25.231+0000] {dag.py:2742} INFO - Sync 1 DAGs
[2023-07-19T16:36:25.243+0000] {logging_mixin.py:150} INFO - [2023-07-19T16:36:25.243+0000] {dag.py:3508} INFO - Setting next_dagrun for tutorial to 2023-07-18T16:36:25.243292+00:00, run_after=2023-07-19T16:36:25.243292+00:00
[2023-07-19T16:36:25.251+0000] {processor.py:179} INFO - Processing /home/airflow/.local/lib/python3.7/site-packages/airflow/example_dags/tutorial.py took 0.043 seconds
[2023-07-19T16:36:56.234+0000] {processor.py:157} INFO - Started process (PID=492) to work on /home/airflow/.local/lib/python3.7/site-packages/airflow/example_dags/tutorial.py
[2023-07-19T16:36:56.235+0000] {processor.py:826} INFO - Processing file /home/airflow/.local/lib/python3.7/site-packages/airflow/example_dags/tutorial.py for tasks to queue
[2023-07-19T16:36:56.235+0000] {logging_mixin.py:150} INFO - [2023-07-19T16:36:56.235+0000] {dagbag.py:541} INFO - Filling up the DagBag from /home/airflow/.local/lib/python3.7/site-packages/airflow/example_dags/tutorial.py
[2023-07-19T16:36:56.248+0000] {processor.py:836} INFO - DAG(s) dict_keys(['tutorial']) retrieved from /home/airflow/.local/lib/python3.7/site-packages/airflow/example_dags/tutorial.py
[2023-07-19T16:36:56.263+0000] {logging_mixin.py:150} INFO - [2023-07-19T16:36:56.263+0000] {dag.py:2742} INFO - Sync 1 DAGs
[2023-07-19T16:36:56.276+0000] {logging_mixin.py:150} INFO - [2023-07-19T16:36:56.276+0000] {dag.py:3508} INFO - Setting next_dagrun for tutorial to 2023-07-18T16:36:56.276049+00:00, run_after=2023-07-19T16:36:56.276049+00:00
[2023-07-19T16:36:56.283+0000] {processor.py:179} INFO - Processing /home/airflow/.local/lib/python3.7/site-packages/airflow/example_dags/tutorial.py took 0.051 seconds
[2023-07-19T16:37:26.701+0000] {processor.py:157} INFO - Started process (PID=547) to work on /home/airflow/.local/lib/python3.7/site-packages/airflow/example_dags/tutorial.py
[2023-07-19T16:37:26.709+0000] {processor.py:826} INFO - Processing file /home/airflow/.local/lib/python3.7/site-packages/airflow/example_dags/tutorial.py for tasks to queue
[2023-07-19T16:37:26.710+0000] {logging_mixin.py:150} INFO - [2023-07-19T16:37:26.709+0000] {dagbag.py:541} INFO - Filling up the DagBag from /home/airflow/.local/lib/python3.7/site-packages/airflow/example_dags/tutorial.py
[2023-07-19T16:37:26.729+0000] {processor.py:836} INFO - DAG(s) dict_keys(['tutorial']) retrieved from /home/airflow/.local/lib/python3.7/site-packages/airflow/example_dags/tutorial.py
[2023-07-19T16:37:26.826+0000] {logging_mixin.py:150} INFO - [2023-07-19T16:37:26.825+0000] {dag.py:2742} INFO - Sync 1 DAGs
[2023-07-19T16:37:26.881+0000] {logging_mixin.py:150} INFO - [2023-07-19T16:37:26.881+0000] {dag.py:3508} INFO - Setting next_dagrun for tutorial to 2023-07-18T16:37:26.881410+00:00, run_after=2023-07-19T16:37:26.881410+00:00
[2023-07-19T16:37:26.899+0000] {processor.py:179} INFO - Processing /home/airflow/.local/lib/python3.7/site-packages/airflow/example_dags/tutorial.py took 0.201 seconds
[2023-07-19T16:37:57.834+0000] {processor.py:157} INFO - Started process (PID=602) to work on /home/airflow/.local/lib/python3.7/site-packages/airflow/example_dags/tutorial.py
[2023-07-19T16:37:57.835+0000] {processor.py:826} INFO - Processing file /home/airflow/.local/lib/python3.7/site-packages/airflow/example_dags/tutorial.py for tasks to queue
[2023-07-19T16:37:57.836+0000] {logging_mixin.py:150} INFO - [2023-07-19T16:37:57.835+0000] {dagbag.py:541} INFO - Filling up the DagBag from /home/airflow/.local/lib/python3.7/site-packages/airflow/example_dags/tutorial.py
[2023-07-19T16:37:57.843+0000] {processor.py:836} INFO - DAG(s) dict_keys(['tutorial']) retrieved from /home/airflow/.local/lib/python3.7/site-packages/airflow/example_dags/tutorial.py
[2023-07-19T16:37:57.872+0000] {logging_mixin.py:150} INFO - [2023-07-19T16:37:57.872+0000] {dag.py:2742} INFO - Sync 1 DAGs
[2023-07-19T16:37:57.906+0000] {logging_mixin.py:150} INFO - [2023-07-19T16:37:57.906+0000] {dag.py:3508} INFO - Setting next_dagrun for tutorial to 2023-07-18T16:37:57.904982+00:00, run_after=2023-07-19T16:37:57.904982+00:00
[2023-07-19T16:37:57.920+0000] {processor.py:179} INFO - Processing /home/airflow/.local/lib/python3.7/site-packages/airflow/example_dags/tutorial.py took 0.089 seconds
[2023-07-19T16:38:28.117+0000] {processor.py:157} INFO - Started process (PID=657) to work on /home/airflow/.local/lib/python3.7/site-packages/airflow/example_dags/tutorial.py
[2023-07-19T16:38:28.117+0000] {processor.py:826} INFO - Processing file /home/airflow/.local/lib/python3.7/site-packages/airflow/example_dags/tutorial.py for tasks to queue
[2023-07-19T16:38:28.118+0000] {logging_mixin.py:150} INFO - [2023-07-19T16:38:28.118+0000] {dagbag.py:541} INFO - Filling up the DagBag from /home/airflow/.local/lib/python3.7/site-packages/airflow/example_dags/tutorial.py
[2023-07-19T16:38:28.124+0000] {processor.py:836} INFO - DAG(s) dict_keys(['tutorial']) retrieved from /home/airflow/.local/lib/python3.7/site-packages/airflow/example_dags/tutorial.py
[2023-07-19T16:38:28.145+0000] {logging_mixin.py:150} INFO - [2023-07-19T16:38:28.145+0000] {dag.py:2742} INFO - Sync 1 DAGs
[2023-07-19T16:38:28.159+0000] {logging_mixin.py:150} INFO - [2023-07-19T16:38:28.159+0000] {dag.py:3508} INFO - Setting next_dagrun for tutorial to 2023-07-18T16:38:28.159553+00:00, run_after=2023-07-19T16:38:28.159553+00:00
[2023-07-19T16:38:28.171+0000] {processor.py:179} INFO - Processing /home/airflow/.local/lib/python3.7/site-packages/airflow/example_dags/tutorial.py took 0.057 seconds
[2023-07-19T16:38:58.402+0000] {processor.py:157} INFO - Started process (PID=712) to work on /home/airflow/.local/lib/python3.7/site-packages/airflow/example_dags/tutorial.py
[2023-07-19T16:38:58.408+0000] {processor.py:826} INFO - Processing file /home/airflow/.local/lib/python3.7/site-packages/airflow/example_dags/tutorial.py for tasks to queue
[2023-07-19T16:38:58.410+0000] {logging_mixin.py:150} INFO - [2023-07-19T16:38:58.409+0000] {dagbag.py:541} INFO - Filling up the DagBag from /home/airflow/.local/lib/python3.7/site-packages/airflow/example_dags/tutorial.py
[2023-07-19T16:38:58.418+0000] {processor.py:836} INFO - DAG(s) dict_keys(['tutorial']) retrieved from /home/airflow/.local/lib/python3.7/site-packages/airflow/example_dags/tutorial.py
[2023-07-19T16:38:58.459+0000] {logging_mixin.py:150} INFO - [2023-07-19T16:38:58.459+0000] {dag.py:2742} INFO - Sync 1 DAGs
[2023-07-19T16:38:58.479+0000] {logging_mixin.py:150} INFO - [2023-07-19T16:38:58.479+0000] {dag.py:3508} INFO - Setting next_dagrun for tutorial to 2023-07-18T16:38:58.478817+00:00, run_after=2023-07-19T16:38:58.478817+00:00
[2023-07-19T16:38:58.492+0000] {processor.py:179} INFO - Processing /home/airflow/.local/lib/python3.7/site-packages/airflow/example_dags/tutorial.py took 0.096 seconds
[2023-07-19T16:39:28.578+0000] {processor.py:157} INFO - Started process (PID=767) to work on /home/airflow/.local/lib/python3.7/site-packages/airflow/example_dags/tutorial.py
[2023-07-19T16:39:28.578+0000] {processor.py:826} INFO - Processing file /home/airflow/.local/lib/python3.7/site-packages/airflow/example_dags/tutorial.py for tasks to queue
[2023-07-19T16:39:28.579+0000] {logging_mixin.py:150} INFO - [2023-07-19T16:39:28.578+0000] {dagbag.py:541} INFO - Filling up the DagBag from /home/airflow/.local/lib/python3.7/site-packages/airflow/example_dags/tutorial.py
[2023-07-19T16:39:28.582+0000] {processor.py:836} INFO - DAG(s) dict_keys(['tutorial']) retrieved from /home/airflow/.local/lib/python3.7/site-packages/airflow/example_dags/tutorial.py
[2023-07-19T16:39:28.595+0000] {logging_mixin.py:150} INFO - [2023-07-19T16:39:28.594+0000] {dag.py:2742} INFO - Sync 1 DAGs
[2023-07-19T16:39:28.606+0000] {logging_mixin.py:150} INFO - [2023-07-19T16:39:28.606+0000] {dag.py:3508} INFO - Setting next_dagrun for tutorial to 2023-07-18T16:39:28.606173+00:00, run_after=2023-07-19T16:39:28.606173+00:00
[2023-07-19T16:39:28.614+0000] {processor.py:179} INFO - Processing /home/airflow/.local/lib/python3.7/site-packages/airflow/example_dags/tutorial.py took 0.042 seconds
[2023-07-19T16:40:09.952+0000] {processor.py:157} INFO - Started process (PID=822) to work on /home/airflow/.local/lib/python3.7/site-packages/airflow/example_dags/tutorial.py
[2023-07-19T16:40:09.971+0000] {processor.py:826} INFO - Processing file /home/airflow/.local/lib/python3.7/site-packages/airflow/example_dags/tutorial.py for tasks to queue
[2023-07-19T16:40:09.972+0000] {logging_mixin.py:150} INFO - [2023-07-19T16:40:09.972+0000] {dagbag.py:541} INFO - Filling up the DagBag from /home/airflow/.local/lib/python3.7/site-packages/airflow/example_dags/tutorial.py
[2023-07-19T16:40:10.015+0000] {processor.py:836} INFO - DAG(s) dict_keys(['tutorial']) retrieved from /home/airflow/.local/lib/python3.7/site-packages/airflow/example_dags/tutorial.py
[2023-07-19T16:40:10.085+0000] {logging_mixin.py:150} INFO - [2023-07-19T16:40:10.080+0000] {dag.py:2742} INFO - Sync 1 DAGs
[2023-07-19T16:40:10.154+0000] {logging_mixin.py:150} INFO - [2023-07-19T16:40:10.154+0000] {dag.py:3508} INFO - Setting next_dagrun for tutorial to 2023-07-19T16:39:28.606173+00:00, run_after=2023-07-20T16:39:28.606173+00:00
[2023-07-19T16:40:10.179+0000] {processor.py:179} INFO - Processing /home/airflow/.local/lib/python3.7/site-packages/airflow/example_dags/tutorial.py took 0.253 seconds
[2023-07-19T16:40:40.234+0000] {processor.py:157} INFO - Started process (PID=877) to work on /home/airflow/.local/lib/python3.7/site-packages/airflow/example_dags/tutorial.py
[2023-07-19T16:40:40.234+0000] {processor.py:826} INFO - Processing file /home/airflow/.local/lib/python3.7/site-packages/airflow/example_dags/tutorial.py for tasks to queue
[2023-07-19T16:40:40.235+0000] {logging_mixin.py:150} INFO - [2023-07-19T16:40:40.235+0000] {dagbag.py:541} INFO - Filling up the DagBag from /home/airflow/.local/lib/python3.7/site-packages/airflow/example_dags/tutorial.py
[2023-07-19T16:40:40.239+0000] {processor.py:836} INFO - DAG(s) dict_keys(['tutorial']) retrieved from /home/airflow/.local/lib/python3.7/site-packages/airflow/example_dags/tutorial.py
[2023-07-19T16:40:40.253+0000] {logging_mixin.py:150} INFO - [2023-07-19T16:40:40.253+0000] {dag.py:2742} INFO - Sync 1 DAGs
[2023-07-19T16:40:40.265+0000] {logging_mixin.py:150} INFO - [2023-07-19T16:40:40.265+0000] {dag.py:3508} INFO - Setting next_dagrun for tutorial to 2023-07-19T16:39:28.606173+00:00, run_after=2023-07-20T16:39:28.606173+00:00
[2023-07-19T16:40:40.272+0000] {processor.py:179} INFO - Processing /home/airflow/.local/lib/python3.7/site-packages/airflow/example_dags/tutorial.py took 0.040 seconds
[2023-07-19T16:41:10.408+0000] {processor.py:157} INFO - Started process (PID=931) to work on /home/airflow/.local/lib/python3.7/site-packages/airflow/example_dags/tutorial.py
[2023-07-19T16:41:10.409+0000] {processor.py:826} INFO - Processing file /home/airflow/.local/lib/python3.7/site-packages/airflow/example_dags/tutorial.py for tasks to queue
[2023-07-19T16:41:10.410+0000] {logging_mixin.py:150} INFO - [2023-07-19T16:41:10.410+0000] {dagbag.py:541} INFO - Filling up the DagBag from /home/airflow/.local/lib/python3.7/site-packages/airflow/example_dags/tutorial.py
[2023-07-19T16:41:10.415+0000] {processor.py:836} INFO - DAG(s) dict_keys(['tutorial']) retrieved from /home/airflow/.local/lib/python3.7/site-packages/airflow/example_dags/tutorial.py
[2023-07-19T16:41:10.433+0000] {logging_mixin.py:150} INFO - [2023-07-19T16:41:10.433+0000] {dag.py:2742} INFO - Sync 1 DAGs
[2023-07-19T16:41:10.448+0000] {logging_mixin.py:150} INFO - [2023-07-19T16:41:10.448+0000] {dag.py:3508} INFO - Setting next_dagrun for tutorial to 2023-07-19T16:39:28.606173+00:00, run_after=2023-07-20T16:39:28.606173+00:00
[2023-07-19T16:41:10.455+0000] {processor.py:179} INFO - Processing /home/airflow/.local/lib/python3.7/site-packages/airflow/example_dags/tutorial.py took 0.049 seconds
[2023-07-19T16:41:40.719+0000] {processor.py:157} INFO - Started process (PID=986) to work on /home/airflow/.local/lib/python3.7/site-packages/airflow/example_dags/tutorial.py
[2023-07-19T16:41:40.720+0000] {processor.py:826} INFO - Processing file /home/airflow/.local/lib/python3.7/site-packages/airflow/example_dags/tutorial.py for tasks to queue
[2023-07-19T16:41:40.720+0000] {logging_mixin.py:150} INFO - [2023-07-19T16:41:40.720+0000] {dagbag.py:541} INFO - Filling up the DagBag from /home/airflow/.local/lib/python3.7/site-packages/airflow/example_dags/tutorial.py
[2023-07-19T16:41:40.724+0000] {processor.py:836} INFO - DAG(s) dict_keys(['tutorial']) retrieved from /home/airflow/.local/lib/python3.7/site-packages/airflow/example_dags/tutorial.py
[2023-07-19T16:41:40.738+0000] {logging_mixin.py:150} INFO - [2023-07-19T16:41:40.738+0000] {dag.py:2742} INFO - Sync 1 DAGs
[2023-07-19T16:41:40.752+0000] {logging_mixin.py:150} INFO - [2023-07-19T16:41:40.752+0000] {dag.py:3508} INFO - Setting next_dagrun for tutorial to 2023-07-19T16:39:28.606173+00:00, run_after=2023-07-20T16:39:28.606173+00:00
[2023-07-19T16:41:40.760+0000] {processor.py:179} INFO - Processing /home/airflow/.local/lib/python3.7/site-packages/airflow/example_dags/tutorial.py took 0.043 seconds
[2023-07-19T16:42:11.261+0000] {processor.py:157} INFO - Started process (PID=1041) to work on /home/airflow/.local/lib/python3.7/site-packages/airflow/example_dags/tutorial.py
[2023-07-19T16:42:11.261+0000] {processor.py:826} INFO - Processing file /home/airflow/.local/lib/python3.7/site-packages/airflow/example_dags/tutorial.py for tasks to queue
[2023-07-19T16:42:11.261+0000] {logging_mixin.py:150} INFO - [2023-07-19T16:42:11.261+0000] {dagbag.py:541} INFO - Filling up the DagBag from /home/airflow/.local/lib/python3.7/site-packages/airflow/example_dags/tutorial.py
[2023-07-19T16:42:11.265+0000] {processor.py:836} INFO - DAG(s) dict_keys(['tutorial']) retrieved from /home/airflow/.local/lib/python3.7/site-packages/airflow/example_dags/tutorial.py
[2023-07-19T16:42:11.279+0000] {logging_mixin.py:150} INFO - [2023-07-19T16:42:11.279+0000] {dag.py:2742} INFO - Sync 1 DAGs
[2023-07-19T16:42:11.291+0000] {logging_mixin.py:150} INFO - [2023-07-19T16:42:11.291+0000] {dag.py:3508} INFO - Setting next_dagrun for tutorial to 2023-07-19T16:39:28.606173+00:00, run_after=2023-07-20T16:39:28.606173+00:00
[2023-07-19T16:42:11.301+0000] {processor.py:179} INFO - Processing /home/airflow/.local/lib/python3.7/site-packages/airflow/example_dags/tutorial.py took 0.043 seconds
[2023-07-19T16:42:41.628+0000] {processor.py:157} INFO - Started process (PID=1095) to work on /home/airflow/.local/lib/python3.7/site-packages/airflow/example_dags/tutorial.py
[2023-07-19T16:42:41.629+0000] {processor.py:826} INFO - Processing file /home/airflow/.local/lib/python3.7/site-packages/airflow/example_dags/tutorial.py for tasks to queue
[2023-07-19T16:42:41.629+0000] {logging_mixin.py:150} INFO - [2023-07-19T16:42:41.629+0000] {dagbag.py:541} INFO - Filling up the DagBag from /home/airflow/.local/lib/python3.7/site-packages/airflow/example_dags/tutorial.py
[2023-07-19T16:42:41.633+0000] {processor.py:836} INFO - DAG(s) dict_keys(['tutorial']) retrieved from /home/airflow/.local/lib/python3.7/site-packages/airflow/example_dags/tutorial.py
[2023-07-19T16:42:41.653+0000] {logging_mixin.py:150} INFO - [2023-07-19T16:42:41.653+0000] {dag.py:2742} INFO - Sync 1 DAGs
[2023-07-19T16:42:41.673+0000] {logging_mixin.py:150} INFO - [2023-07-19T16:42:41.673+0000] {dag.py:3508} INFO - Setting next_dagrun for tutorial to 2023-07-19T16:39:28.606173+00:00, run_after=2023-07-20T16:39:28.606173+00:00
[2023-07-19T16:42:41.693+0000] {processor.py:179} INFO - Processing /home/airflow/.local/lib/python3.7/site-packages/airflow/example_dags/tutorial.py took 0.067 seconds
[2023-07-19T16:43:12.297+0000] {processor.py:157} INFO - Started process (PID=1150) to work on /home/airflow/.local/lib/python3.7/site-packages/airflow/example_dags/tutorial.py
[2023-07-19T16:43:12.298+0000] {processor.py:826} INFO - Processing file /home/airflow/.local/lib/python3.7/site-packages/airflow/example_dags/tutorial.py for tasks to queue
[2023-07-19T16:43:12.298+0000] {logging_mixin.py:150} INFO - [2023-07-19T16:43:12.298+0000] {dagbag.py:541} INFO - Filling up the DagBag from /home/airflow/.local/lib/python3.7/site-packages/airflow/example_dags/tutorial.py
[2023-07-19T16:43:12.302+0000] {processor.py:836} INFO - DAG(s) dict_keys(['tutorial']) retrieved from /home/airflow/.local/lib/python3.7/site-packages/airflow/example_dags/tutorial.py
[2023-07-19T16:43:12.315+0000] {logging_mixin.py:150} INFO - [2023-07-19T16:43:12.315+0000] {dag.py:2742} INFO - Sync 1 DAGs
[2023-07-19T16:43:12.327+0000] {logging_mixin.py:150} INFO - [2023-07-19T16:43:12.327+0000] {dag.py:3508} INFO - Setting next_dagrun for tutorial to 2023-07-19T16:39:28.606173+00:00, run_after=2023-07-20T16:39:28.606173+00:00
[2023-07-19T16:43:12.334+0000] {processor.py:179} INFO - Processing /home/airflow/.local/lib/python3.7/site-packages/airflow/example_dags/tutorial.py took 0.038 seconds
[2023-07-19T16:43:43.107+0000] {processor.py:157} INFO - Started process (PID=1206) to work on /home/airflow/.local/lib/python3.7/site-packages/airflow/example_dags/tutorial.py
[2023-07-19T16:43:43.108+0000] {processor.py:826} INFO - Processing file /home/airflow/.local/lib/python3.7/site-packages/airflow/example_dags/tutorial.py for tasks to queue
[2023-07-19T16:43:43.109+0000] {logging_mixin.py:150} INFO - [2023-07-19T16:43:43.108+0000] {dagbag.py:541} INFO - Filling up the DagBag from /home/airflow/.local/lib/python3.7/site-packages/airflow/example_dags/tutorial.py
[2023-07-19T16:43:43.114+0000] {processor.py:836} INFO - DAG(s) dict_keys(['tutorial']) retrieved from /home/airflow/.local/lib/python3.7/site-packages/airflow/example_dags/tutorial.py
[2023-07-19T16:43:43.132+0000] {logging_mixin.py:150} INFO - [2023-07-19T16:43:43.132+0000] {dag.py:2742} INFO - Sync 1 DAGs
[2023-07-19T16:43:43.149+0000] {logging_mixin.py:150} INFO - [2023-07-19T16:43:43.149+0000] {dag.py:3508} INFO - Setting next_dagrun for tutorial to 2023-07-19T16:39:28.606173+00:00, run_after=2023-07-20T16:39:28.606173+00:00
[2023-07-19T16:43:43.158+0000] {processor.py:179} INFO - Processing /home/airflow/.local/lib/python3.7/site-packages/airflow/example_dags/tutorial.py took 0.053 seconds
[2023-07-19T16:44:13.788+0000] {processor.py:157} INFO - Started process (PID=1261) to work on /home/airflow/.local/lib/python3.7/site-packages/airflow/example_dags/tutorial.py
[2023-07-19T16:44:13.788+0000] {processor.py:826} INFO - Processing file /home/airflow/.local/lib/python3.7/site-packages/airflow/example_dags/tutorial.py for tasks to queue
[2023-07-19T16:44:13.788+0000] {logging_mixin.py:150} INFO - [2023-07-19T16:44:13.788+0000] {dagbag.py:541} INFO - Filling up the DagBag from /home/airflow/.local/lib/python3.7/site-packages/airflow/example_dags/tutorial.py
[2023-07-19T16:44:13.792+0000] {processor.py:836} INFO - DAG(s) dict_keys(['tutorial']) retrieved from /home/airflow/.local/lib/python3.7/site-packages/airflow/example_dags/tutorial.py
[2023-07-19T16:44:13.807+0000] {logging_mixin.py:150} INFO - [2023-07-19T16:44:13.806+0000] {dag.py:2742} INFO - Sync 1 DAGs
[2023-07-19T16:44:13.819+0000] {logging_mixin.py:150} INFO - [2023-07-19T16:44:13.819+0000] {dag.py:3508} INFO - Setting next_dagrun for tutorial to 2023-07-19T16:39:28.606173+00:00, run_after=2023-07-20T16:39:28.606173+00:00
[2023-07-19T16:44:13.827+0000] {processor.py:179} INFO - Processing /home/airflow/.local/lib/python3.7/site-packages/airflow/example_dags/tutorial.py took 0.042 seconds
[2023-07-19T16:44:44.677+0000] {processor.py:157} INFO - Started process (PID=1316) to work on /home/airflow/.local/lib/python3.7/site-packages/airflow/example_dags/tutorial.py
[2023-07-19T16:44:44.677+0000] {processor.py:826} INFO - Processing file /home/airflow/.local/lib/python3.7/site-packages/airflow/example_dags/tutorial.py for tasks to queue
[2023-07-19T16:44:44.678+0000] {logging_mixin.py:150} INFO - [2023-07-19T16:44:44.678+0000] {dagbag.py:541} INFO - Filling up the DagBag from /home/airflow/.local/lib/python3.7/site-packages/airflow/example_dags/tutorial.py
[2023-07-19T16:44:44.681+0000] {processor.py:836} INFO - DAG(s) dict_keys(['tutorial']) retrieved from /home/airflow/.local/lib/python3.7/site-packages/airflow/example_dags/tutorial.py
[2023-07-19T16:44:44.695+0000] {logging_mixin.py:150} INFO - [2023-07-19T16:44:44.695+0000] {dag.py:2742} INFO - Sync 1 DAGs
[2023-07-19T16:44:44.707+0000] {logging_mixin.py:150} INFO - [2023-07-19T16:44:44.706+0000] {dag.py:3508} INFO - Setting next_dagrun for tutorial to 2023-07-19T16:39:28.606173+00:00, run_after=2023-07-20T16:39:28.606173+00:00
[2023-07-19T16:44:44.716+0000] {processor.py:179} INFO - Processing /home/airflow/.local/lib/python3.7/site-packages/airflow/example_dags/tutorial.py took 0.041 seconds
[2023-07-19T16:45:15.571+0000] {processor.py:157} INFO - Started process (PID=1371) to work on /home/airflow/.local/lib/python3.7/site-packages/airflow/example_dags/tutorial.py
[2023-07-19T16:45:15.575+0000] {processor.py:826} INFO - Processing file /home/airflow/.local/lib/python3.7/site-packages/airflow/example_dags/tutorial.py for tasks to queue
[2023-07-19T16:45:15.576+0000] {logging_mixin.py:150} INFO - [2023-07-19T16:45:15.576+0000] {dagbag.py:541} INFO - Filling up the DagBag from /home/airflow/.local/lib/python3.7/site-packages/airflow/example_dags/tutorial.py
[2023-07-19T16:45:15.585+0000] {processor.py:836} INFO - DAG(s) dict_keys(['tutorial']) retrieved from /home/airflow/.local/lib/python3.7/site-packages/airflow/example_dags/tutorial.py
[2023-07-19T16:45:15.662+0000] {logging_mixin.py:150} INFO - [2023-07-19T16:45:15.662+0000] {dag.py:2742} INFO - Sync 1 DAGs
[2023-07-19T16:45:15.744+0000] {logging_mixin.py:150} INFO - [2023-07-19T16:45:15.744+0000] {dag.py:3508} INFO - Setting next_dagrun for tutorial to 2023-07-19T16:39:28.606173+00:00, run_after=2023-07-20T16:39:28.606173+00:00
[2023-07-19T16:45:15.761+0000] {processor.py:179} INFO - Processing /home/airflow/.local/lib/python3.7/site-packages/airflow/example_dags/tutorial.py took 0.199 seconds
[2023-07-19T16:45:45.878+0000] {processor.py:157} INFO - Started process (PID=1433) to work on /home/airflow/.local/lib/python3.7/site-packages/airflow/example_dags/tutorial.py
[2023-07-19T16:45:45.878+0000] {processor.py:826} INFO - Processing file /home/airflow/.local/lib/python3.7/site-packages/airflow/example_dags/tutorial.py for tasks to queue
[2023-07-19T16:45:45.879+0000] {logging_mixin.py:150} INFO - [2023-07-19T16:45:45.878+0000] {dagbag.py:541} INFO - Filling up the DagBag from /home/airflow/.local/lib/python3.7/site-packages/airflow/example_dags/tutorial.py
[2023-07-19T16:45:45.883+0000] {processor.py:836} INFO - DAG(s) dict_keys(['tutorial']) retrieved from /home/airflow/.local/lib/python3.7/site-packages/airflow/example_dags/tutorial.py
[2023-07-19T16:45:45.898+0000] {logging_mixin.py:150} INFO - [2023-07-19T16:45:45.898+0000] {dag.py:2742} INFO - Sync 1 DAGs
[2023-07-19T16:45:45.910+0000] {logging_mixin.py:150} INFO - [2023-07-19T16:45:45.910+0000] {dag.py:3508} INFO - Setting next_dagrun for tutorial to 2023-07-19T16:39:28.606173+00:00, run_after=2023-07-20T16:39:28.606173+00:00
[2023-07-19T16:45:45.918+0000] {processor.py:179} INFO - Processing /home/airflow/.local/lib/python3.7/site-packages/airflow/example_dags/tutorial.py took 0.042 seconds
[2023-07-19T16:46:16.773+0000] {processor.py:157} INFO - Started process (PID=1488) to work on /home/airflow/.local/lib/python3.7/site-packages/airflow/example_dags/tutorial.py
[2023-07-19T16:46:16.774+0000] {processor.py:826} INFO - Processing file /home/airflow/.local/lib/python3.7/site-packages/airflow/example_dags/tutorial.py for tasks to queue
[2023-07-19T16:46:16.774+0000] {logging_mixin.py:150} INFO - [2023-07-19T16:46:16.774+0000] {dagbag.py:541} INFO - Filling up the DagBag from /home/airflow/.local/lib/python3.7/site-packages/airflow/example_dags/tutorial.py
[2023-07-19T16:46:16.778+0000] {processor.py:836} INFO - DAG(s) dict_keys(['tutorial']) retrieved from /home/airflow/.local/lib/python3.7/site-packages/airflow/example_dags/tutorial.py
[2023-07-19T16:46:16.794+0000] {logging_mixin.py:150} INFO - [2023-07-19T16:46:16.793+0000] {dag.py:2742} INFO - Sync 1 DAGs
[2023-07-19T16:46:16.808+0000] {logging_mixin.py:150} INFO - [2023-07-19T16:46:16.808+0000] {dag.py:3508} INFO - Setting next_dagrun for tutorial to 2023-07-19T16:39:28.606173+00:00, run_after=2023-07-20T16:39:28.606173+00:00
[2023-07-19T16:46:16.817+0000] {processor.py:179} INFO - Processing /home/airflow/.local/lib/python3.7/site-packages/airflow/example_dags/tutorial.py took 0.046 seconds
[2023-07-19T16:46:47.442+0000] {processor.py:157} INFO - Started process (PID=1543) to work on /home/airflow/.local/lib/python3.7/site-packages/airflow/example_dags/tutorial.py
[2023-07-19T16:46:47.443+0000] {processor.py:826} INFO - Processing file /home/airflow/.local/lib/python3.7/site-packages/airflow/example_dags/tutorial.py for tasks to queue
[2023-07-19T16:46:47.443+0000] {logging_mixin.py:150} INFO - [2023-07-19T16:46:47.443+0000] {dagbag.py:541} INFO - Filling up the DagBag from /home/airflow/.local/lib/python3.7/site-packages/airflow/example_dags/tutorial.py
[2023-07-19T16:46:47.447+0000] {processor.py:836} INFO - DAG(s) dict_keys(['tutorial']) retrieved from /home/airflow/.local/lib/python3.7/site-packages/airflow/example_dags/tutorial.py
[2023-07-19T16:46:47.461+0000] {logging_mixin.py:150} INFO - [2023-07-19T16:46:47.461+0000] {dag.py:2742} INFO - Sync 1 DAGs
[2023-07-19T16:46:47.474+0000] {logging_mixin.py:150} INFO - [2023-07-19T16:46:47.474+0000] {dag.py:3508} INFO - Setting next_dagrun for tutorial to 2023-07-19T16:39:28.606173+00:00, run_after=2023-07-20T16:39:28.606173+00:00
[2023-07-19T16:46:47.483+0000] {processor.py:179} INFO - Processing /home/airflow/.local/lib/python3.7/site-packages/airflow/example_dags/tutorial.py took 0.043 seconds
[2023-07-19T16:47:18.405+0000] {processor.py:157} INFO - Started process (PID=1597) to work on /home/airflow/.local/lib/python3.7/site-packages/airflow/example_dags/tutorial.py
[2023-07-19T16:47:18.405+0000] {processor.py:826} INFO - Processing file /home/airflow/.local/lib/python3.7/site-packages/airflow/example_dags/tutorial.py for tasks to queue
[2023-07-19T16:47:18.406+0000] {logging_mixin.py:150} INFO - [2023-07-19T16:47:18.405+0000] {dagbag.py:541} INFO - Filling up the DagBag from /home/airflow/.local/lib/python3.7/site-packages/airflow/example_dags/tutorial.py
[2023-07-19T16:47:18.410+0000] {processor.py:836} INFO - DAG(s) dict_keys(['tutorial']) retrieved from /home/airflow/.local/lib/python3.7/site-packages/airflow/example_dags/tutorial.py
[2023-07-19T16:47:18.425+0000] {logging_mixin.py:150} INFO - [2023-07-19T16:47:18.425+0000] {dag.py:2742} INFO - Sync 1 DAGs
[2023-07-19T16:47:18.439+0000] {logging_mixin.py:150} INFO - [2023-07-19T16:47:18.439+0000] {dag.py:3508} INFO - Setting next_dagrun for tutorial to 2023-07-19T16:39:28.606173+00:00, run_after=2023-07-20T16:39:28.606173+00:00
[2023-07-19T16:47:18.448+0000] {processor.py:179} INFO - Processing /home/airflow/.local/lib/python3.7/site-packages/airflow/example_dags/tutorial.py took 0.045 seconds
[2023-07-19T16:47:49.350+0000] {processor.py:157} INFO - Started process (PID=1652) to work on /home/airflow/.local/lib/python3.7/site-packages/airflow/example_dags/tutorial.py
[2023-07-19T16:47:49.350+0000] {processor.py:826} INFO - Processing file /home/airflow/.local/lib/python3.7/site-packages/airflow/example_dags/tutorial.py for tasks to queue
[2023-07-19T16:47:49.351+0000] {logging_mixin.py:150} INFO - [2023-07-19T16:47:49.350+0000] {dagbag.py:541} INFO - Filling up the DagBag from /home/airflow/.local/lib/python3.7/site-packages/airflow/example_dags/tutorial.py
[2023-07-19T16:47:49.354+0000] {processor.py:836} INFO - DAG(s) dict_keys(['tutorial']) retrieved from /home/airflow/.local/lib/python3.7/site-packages/airflow/example_dags/tutorial.py
[2023-07-19T16:47:49.367+0000] {logging_mixin.py:150} INFO - [2023-07-19T16:47:49.367+0000] {dag.py:2742} INFO - Sync 1 DAGs
[2023-07-19T16:47:49.380+0000] {logging_mixin.py:150} INFO - [2023-07-19T16:47:49.379+0000] {dag.py:3508} INFO - Setting next_dagrun for tutorial to 2023-07-19T16:39:28.606173+00:00, run_after=2023-07-20T16:39:28.606173+00:00
[2023-07-19T16:47:49.387+0000] {processor.py:179} INFO - Processing /home/airflow/.local/lib/python3.7/site-packages/airflow/example_dags/tutorial.py took 0.039 seconds
[2023-07-19T16:48:19.744+0000] {processor.py:157} INFO - Started process (PID=1707) to work on /home/airflow/.local/lib/python3.7/site-packages/airflow/example_dags/tutorial.py
[2023-07-19T16:48:19.745+0000] {processor.py:826} INFO - Processing file /home/airflow/.local/lib/python3.7/site-packages/airflow/example_dags/tutorial.py for tasks to queue
[2023-07-19T16:48:19.745+0000] {logging_mixin.py:150} INFO - [2023-07-19T16:48:19.745+0000] {dagbag.py:541} INFO - Filling up the DagBag from /home/airflow/.local/lib/python3.7/site-packages/airflow/example_dags/tutorial.py
[2023-07-19T16:48:19.751+0000] {processor.py:836} INFO - DAG(s) dict_keys(['tutorial']) retrieved from /home/airflow/.local/lib/python3.7/site-packages/airflow/example_dags/tutorial.py
[2023-07-19T16:48:19.772+0000] {logging_mixin.py:150} INFO - [2023-07-19T16:48:19.772+0000] {dag.py:2742} INFO - Sync 1 DAGs
[2023-07-19T16:48:19.793+0000] {logging_mixin.py:150} INFO - [2023-07-19T16:48:19.793+0000] {dag.py:3508} INFO - Setting next_dagrun for tutorial to 2023-07-19T16:39:28.606173+00:00, run_after=2023-07-20T16:39:28.606173+00:00
[2023-07-19T16:48:19.803+0000] {processor.py:179} INFO - Processing /home/airflow/.local/lib/python3.7/site-packages/airflow/example_dags/tutorial.py took 0.063 seconds
[2023-07-19T16:48:50.356+0000] {processor.py:157} INFO - Started process (PID=1762) to work on /home/airflow/.local/lib/python3.7/site-packages/airflow/example_dags/tutorial.py
[2023-07-19T16:48:50.356+0000] {processor.py:826} INFO - Processing file /home/airflow/.local/lib/python3.7/site-packages/airflow/example_dags/tutorial.py for tasks to queue
[2023-07-19T16:48:50.360+0000] {logging_mixin.py:150} INFO - [2023-07-19T16:48:50.357+0000] {dagbag.py:541} INFO - Filling up the DagBag from /home/airflow/.local/lib/python3.7/site-packages/airflow/example_dags/tutorial.py
[2023-07-19T16:48:50.367+0000] {processor.py:836} INFO - DAG(s) dict_keys(['tutorial']) retrieved from /home/airflow/.local/lib/python3.7/site-packages/airflow/example_dags/tutorial.py
[2023-07-19T16:48:50.395+0000] {logging_mixin.py:150} INFO - [2023-07-19T16:48:50.395+0000] {dag.py:2742} INFO - Sync 1 DAGs
[2023-07-19T16:48:50.426+0000] {logging_mixin.py:150} INFO - [2023-07-19T16:48:50.426+0000] {dag.py:3508} INFO - Setting next_dagrun for tutorial to 2023-07-19T16:39:28.606173+00:00, run_after=2023-07-20T16:39:28.606173+00:00
[2023-07-19T16:48:50.440+0000] {processor.py:179} INFO - Processing /home/airflow/.local/lib/python3.7/site-packages/airflow/example_dags/tutorial.py took 0.086 seconds
[2023-07-19T16:49:21.373+0000] {processor.py:157} INFO - Started process (PID=1817) to work on /home/airflow/.local/lib/python3.7/site-packages/airflow/example_dags/tutorial.py
[2023-07-19T16:49:21.374+0000] {processor.py:826} INFO - Processing file /home/airflow/.local/lib/python3.7/site-packages/airflow/example_dags/tutorial.py for tasks to queue
[2023-07-19T16:49:21.375+0000] {logging_mixin.py:150} INFO - [2023-07-19T16:49:21.375+0000] {dagbag.py:541} INFO - Filling up the DagBag from /home/airflow/.local/lib/python3.7/site-packages/airflow/example_dags/tutorial.py
[2023-07-19T16:49:21.381+0000] {processor.py:836} INFO - DAG(s) dict_keys(['tutorial']) retrieved from /home/airflow/.local/lib/python3.7/site-packages/airflow/example_dags/tutorial.py
[2023-07-19T16:49:21.409+0000] {logging_mixin.py:150} INFO - [2023-07-19T16:49:21.409+0000] {dag.py:2742} INFO - Sync 1 DAGs
[2023-07-19T16:49:21.424+0000] {logging_mixin.py:150} INFO - [2023-07-19T16:49:21.424+0000] {dag.py:3508} INFO - Setting next_dagrun for tutorial to 2023-07-19T16:39:28.606173+00:00, run_after=2023-07-20T16:39:28.606173+00:00
[2023-07-19T16:49:21.433+0000] {processor.py:179} INFO - Processing /home/airflow/.local/lib/python3.7/site-packages/airflow/example_dags/tutorial.py took 0.062 seconds
[2023-07-19T16:49:51.800+0000] {processor.py:157} INFO - Started process (PID=1872) to work on /home/airflow/.local/lib/python3.7/site-packages/airflow/example_dags/tutorial.py
[2023-07-19T16:49:51.801+0000] {processor.py:826} INFO - Processing file /home/airflow/.local/lib/python3.7/site-packages/airflow/example_dags/tutorial.py for tasks to queue
[2023-07-19T16:49:51.802+0000] {logging_mixin.py:150} INFO - [2023-07-19T16:49:51.801+0000] {dagbag.py:541} INFO - Filling up the DagBag from /home/airflow/.local/lib/python3.7/site-packages/airflow/example_dags/tutorial.py
[2023-07-19T16:49:51.810+0000] {processor.py:836} INFO - DAG(s) dict_keys(['tutorial']) retrieved from /home/airflow/.local/lib/python3.7/site-packages/airflow/example_dags/tutorial.py
[2023-07-19T16:49:51.845+0000] {logging_mixin.py:150} INFO - [2023-07-19T16:49:51.845+0000] {dag.py:2742} INFO - Sync 1 DAGs
[2023-07-19T16:49:51.873+0000] {logging_mixin.py:150} INFO - [2023-07-19T16:49:51.873+0000] {dag.py:3508} INFO - Setting next_dagrun for tutorial to 2023-07-19T16:39:28.606173+00:00, run_after=2023-07-20T16:39:28.606173+00:00
[2023-07-19T16:49:51.887+0000] {processor.py:179} INFO - Processing /home/airflow/.local/lib/python3.7/site-packages/airflow/example_dags/tutorial.py took 0.092 seconds
[2023-07-19T16:50:22.483+0000] {processor.py:157} INFO - Started process (PID=1927) to work on /home/airflow/.local/lib/python3.7/site-packages/airflow/example_dags/tutorial.py
[2023-07-19T16:50:22.484+0000] {processor.py:826} INFO - Processing file /home/airflow/.local/lib/python3.7/site-packages/airflow/example_dags/tutorial.py for tasks to queue
[2023-07-19T16:50:22.484+0000] {logging_mixin.py:150} INFO - [2023-07-19T16:50:22.484+0000] {dagbag.py:541} INFO - Filling up the DagBag from /home/airflow/.local/lib/python3.7/site-packages/airflow/example_dags/tutorial.py
[2023-07-19T16:50:22.488+0000] {processor.py:836} INFO - DAG(s) dict_keys(['tutorial']) retrieved from /home/airflow/.local/lib/python3.7/site-packages/airflow/example_dags/tutorial.py
[2023-07-19T16:50:22.507+0000] {logging_mixin.py:150} INFO - [2023-07-19T16:50:22.507+0000] {dag.py:2742} INFO - Sync 1 DAGs
[2023-07-19T16:50:22.541+0000] {logging_mixin.py:150} INFO - [2023-07-19T16:50:22.541+0000] {dag.py:3508} INFO - Setting next_dagrun for tutorial to 2023-07-19T16:39:28.606173+00:00, run_after=2023-07-20T16:39:28.606173+00:00
[2023-07-19T16:50:22.550+0000] {processor.py:179} INFO - Processing /home/airflow/.local/lib/python3.7/site-packages/airflow/example_dags/tutorial.py took 0.072 seconds
[2023-07-19T16:50:52.796+0000] {processor.py:157} INFO - Started process (PID=1982) to work on /home/airflow/.local/lib/python3.7/site-packages/airflow/example_dags/tutorial.py
[2023-07-19T16:50:52.797+0000] {processor.py:826} INFO - Processing file /home/airflow/.local/lib/python3.7/site-packages/airflow/example_dags/tutorial.py for tasks to queue
[2023-07-19T16:50:52.798+0000] {logging_mixin.py:150} INFO - [2023-07-19T16:50:52.797+0000] {dagbag.py:541} INFO - Filling up the DagBag from /home/airflow/.local/lib/python3.7/site-packages/airflow/example_dags/tutorial.py
[2023-07-19T16:50:52.807+0000] {processor.py:836} INFO - DAG(s) dict_keys(['tutorial']) retrieved from /home/airflow/.local/lib/python3.7/site-packages/airflow/example_dags/tutorial.py
[2023-07-19T16:50:52.821+0000] {logging_mixin.py:150} INFO - [2023-07-19T16:50:52.821+0000] {dag.py:2742} INFO - Sync 1 DAGs
[2023-07-19T16:50:52.835+0000] {logging_mixin.py:150} INFO - [2023-07-19T16:50:52.835+0000] {dag.py:3508} INFO - Setting next_dagrun for tutorial to 2023-07-19T16:39:28.606173+00:00, run_after=2023-07-20T16:39:28.606173+00:00
[2023-07-19T16:50:52.843+0000] {processor.py:179} INFO - Processing /home/airflow/.local/lib/python3.7/site-packages/airflow/example_dags/tutorial.py took 0.050 seconds
[2023-07-19T16:51:23.364+0000] {processor.py:157} INFO - Started process (PID=2037) to work on /home/airflow/.local/lib/python3.7/site-packages/airflow/example_dags/tutorial.py
[2023-07-19T16:51:23.382+0000] {processor.py:826} INFO - Processing file /home/airflow/.local/lib/python3.7/site-packages/airflow/example_dags/tutorial.py for tasks to queue
[2023-07-19T16:51:23.383+0000] {logging_mixin.py:150} INFO - [2023-07-19T16:51:23.383+0000] {dagbag.py:541} INFO - Filling up the DagBag from /home/airflow/.local/lib/python3.7/site-packages/airflow/example_dags/tutorial.py
[2023-07-19T16:51:23.403+0000] {processor.py:836} INFO - DAG(s) dict_keys(['tutorial']) retrieved from /home/airflow/.local/lib/python3.7/site-packages/airflow/example_dags/tutorial.py
[2023-07-19T16:51:23.454+0000] {logging_mixin.py:150} INFO - [2023-07-19T16:51:23.454+0000] {dag.py:2742} INFO - Sync 1 DAGs
[2023-07-19T16:51:23.489+0000] {logging_mixin.py:150} INFO - [2023-07-19T16:51:23.488+0000] {dag.py:3508} INFO - Setting next_dagrun for tutorial to 2023-07-19T16:39:28.606173+00:00, run_after=2023-07-20T16:39:28.606173+00:00
[2023-07-19T16:51:23.500+0000] {processor.py:179} INFO - Processing /home/airflow/.local/lib/python3.7/site-packages/airflow/example_dags/tutorial.py took 0.138 seconds
[2023-07-19T16:51:53.746+0000] {processor.py:157} INFO - Started process (PID=2092) to work on /home/airflow/.local/lib/python3.7/site-packages/airflow/example_dags/tutorial.py
[2023-07-19T16:51:53.746+0000] {processor.py:826} INFO - Processing file /home/airflow/.local/lib/python3.7/site-packages/airflow/example_dags/tutorial.py for tasks to queue
[2023-07-19T16:51:53.747+0000] {logging_mixin.py:150} INFO - [2023-07-19T16:51:53.746+0000] {dagbag.py:541} INFO - Filling up the DagBag from /home/airflow/.local/lib/python3.7/site-packages/airflow/example_dags/tutorial.py
[2023-07-19T16:51:53.755+0000] {processor.py:836} INFO - DAG(s) dict_keys(['tutorial']) retrieved from /home/airflow/.local/lib/python3.7/site-packages/airflow/example_dags/tutorial.py
[2023-07-19T16:51:53.801+0000] {logging_mixin.py:150} INFO - [2023-07-19T16:51:53.801+0000] {dag.py:2742} INFO - Sync 1 DAGs
[2023-07-19T16:51:53.835+0000] {logging_mixin.py:150} INFO - [2023-07-19T16:51:53.835+0000] {dag.py:3508} INFO - Setting next_dagrun for tutorial to 2023-07-19T16:39:28.606173+00:00, run_after=2023-07-20T16:39:28.606173+00:00
[2023-07-19T16:51:53.883+0000] {processor.py:179} INFO - Processing /home/airflow/.local/lib/python3.7/site-packages/airflow/example_dags/tutorial.py took 0.149 seconds
[2023-07-19T16:52:23.949+0000] {processor.py:157} INFO - Started process (PID=2145) to work on /home/airflow/.local/lib/python3.7/site-packages/airflow/example_dags/tutorial.py
[2023-07-19T16:52:23.950+0000] {processor.py:826} INFO - Processing file /home/airflow/.local/lib/python3.7/site-packages/airflow/example_dags/tutorial.py for tasks to queue
[2023-07-19T16:52:23.951+0000] {logging_mixin.py:150} INFO - [2023-07-19T16:52:23.950+0000] {dagbag.py:541} INFO - Filling up the DagBag from /home/airflow/.local/lib/python3.7/site-packages/airflow/example_dags/tutorial.py
[2023-07-19T16:52:23.961+0000] {processor.py:836} INFO - DAG(s) dict_keys(['tutorial']) retrieved from /home/airflow/.local/lib/python3.7/site-packages/airflow/example_dags/tutorial.py
[2023-07-19T16:52:24.001+0000] {logging_mixin.py:150} INFO - [2023-07-19T16:52:24.001+0000] {dag.py:2742} INFO - Sync 1 DAGs
[2023-07-19T16:52:24.036+0000] {logging_mixin.py:150} INFO - [2023-07-19T16:52:24.035+0000] {dag.py:3508} INFO - Setting next_dagrun for tutorial to 2023-07-19T16:39:28.606173+00:00, run_after=2023-07-20T16:39:28.606173+00:00
[2023-07-19T16:52:24.048+0000] {processor.py:179} INFO - Processing /home/airflow/.local/lib/python3.7/site-packages/airflow/example_dags/tutorial.py took 0.111 seconds
